Running 30s test @ http://10.102.249.82/?loopCount=25&base=6&exp=6
  5 threads and 5 connections

  Thread calibration: mean lat.: 549.312ms, rate sampling interval: 1733ms
  Thread calibration: mean lat.: 356.947ms, rate sampling interval: 1318ms
  Thread calibration: mean lat.: 558.057ms, rate sampling interval: 2326ms
  Thread calibration: mean lat.: 587.778ms, rate sampling interval: 1959ms
  Thread calibration: mean lat.: 386.884ms, rate sampling interval: 1193ms

-----------------------------------------------------------------------
Test Results @ http://10.102.249.82/?loopCount=25&base=6&exp=6 
  Thread Stats   Avg      Stdev     99%   +/- Stdev
    Latency     1.66s   536.99ms   3.08s    70.47%
    Req/Sec     8.88      0.95    11.00     95.00%
  Latency Distribution (HdrHistogram - Recorded Latency)
 50.000%    1.69s 
 75.000%    1.98s 
 90.000%    2.29s 
 99.000%    3.08s 
 99.900%    3.09s 
 99.990%    3.14s 
 99.999%    3.14s 
100.000%    3.14s 

  Detailed Percentile spectrum:
       Value   Percentile   TotalCount 1/(1-Percentile)

     369.919     0.000000            1         1.00
     963.583     0.100000           93         1.11
    1248.255     0.200000          186         1.25
    1441.791     0.300000          279         1.43
    1555.455     0.400000          373         1.67
    1692.671     0.500000          464         2.00
    1763.327     0.550000          511         2.22
    1790.975     0.600000          557         2.50
    1857.535     0.650000          604         2.86
    1944.575     0.700000          650         3.33
    1982.463     0.750000          696         4.00
    2004.991     0.775000          720         4.44
    2056.191     0.800000          744         5.00
    2087.935     0.825000          766         5.71
    2164.735     0.850000          791         6.67
    2205.695     0.875000          812         8.00
    2263.039     0.887500          825         8.89
    2289.663     0.900000          837        10.00
    2351.103     0.912500          847        11.43
    2365.439     0.925000          859        13.33
    2390.015     0.937500          870        16.00
    2455.551     0.943750          876        17.78
    2580.479     0.950000          882        20.00
    2672.639     0.956250          888        22.86
    2775.039     0.962500          895        26.67
    2791.423     0.968750          899        32.00
    2842.623     0.971875          903        35.56
    2846.719     0.975000          905        40.00
    2945.023     0.978125          908        45.71
    2996.223     0.981250          911        53.33
    3057.663     0.984375          914        64.00
    3061.759     0.985938          915        71.11
    3074.047     0.987500          918        80.00
    3074.047     0.989062          918        91.43
    3076.095     0.990625          920       106.67
    3082.239     0.992188          921       128.00
    3084.287     0.992969          922       142.22
    3086.335     0.993750          924       160.00
    3086.335     0.994531          924       182.86
    3086.335     0.995313          924       213.33
    3088.383     0.996094          925       256.00
    3088.383     0.996484          925       284.44
    3090.431     0.996875          927       320.00
    3090.431     0.997266          927       365.71
    3090.431     0.997656          927       426.67
    3090.431     0.998047          927       512.00
    3090.431     0.998242          927       568.89
    3090.431     0.998437          927       640.00
    3090.431     0.998633          927       731.43
    3090.431     0.998828          927       853.33
    3143.679     0.999023          928      1024.00
    3143.679     1.000000          928          inf
#[Mean    =     1663.237, StdDeviation   =      536.988]
#[Max     =     3141.632, Total count    =          928]
#[Buckets =           27, SubBuckets     =         2048]
-----------------------------------------------------------------------
  1377 requests in 30.00s, 420.25KB read
Requests/sec:     45.89  
Transfer/sec:     14.01KB
