Running 30s test @ http://10.102.249.82/?loopCount=25&base=6&exp=6
  1 threads and 1 connections

  Thread calibration: mean lat.: 3037.786ms, rate sampling interval: 11878ms

-----------------------------------------------------------------------
Test Results @ http://10.102.249.82/?loopCount=25&base=6&exp=6 
  Thread Stats   Avg      Stdev     99%   +/- Stdev
    Latency    13.62s     4.06s   20.28s    58.33%
    Req/Sec     7.00      0.00     7.00    100.00%
  Latency Distribution (HdrHistogram - Recorded Latency)
 50.000%   13.71s 
 75.000%   17.12s 
 90.000%   19.12s 
 99.000%   20.28s 
 99.900%   20.48s 
 99.990%   20.48s 
 99.999%   20.48s 
100.000%   20.48s 

  Detailed Percentile spectrum:
       Value   Percentile   TotalCount 1/(1-Percentile)

    6774.783     0.000000            1         1.00
    7892.991     0.100000           16         1.11
    9445.375     0.200000           32         1.25
   10723.327     0.300000           47         1.43
   12197.887     0.400000           63         1.67
   13713.407     0.500000           78         2.00
   14368.767     0.550000           86         2.22
   15056.895     0.600000           94         2.50
   15826.943     0.650000          102         2.86
   16531.455     0.700000          110         3.33
   17121.279     0.750000          117         4.00
   17481.727     0.775000          121         4.44
   17809.407     0.800000          125         5.00
   18153.471     0.825000          129         5.71
   18513.919     0.850000          133         6.67
   18841.599     0.875000          137         8.00
   19054.591     0.887500          139         8.89
   19185.663     0.900000          141        10.00
   19431.423     0.912500          143        11.43
   19628.031     0.925000          145        13.33
   19824.639     0.937500          147        16.00
   19906.559     0.943750          148        17.78
   19972.095     0.950000          149        20.00
   20021.247     0.956250          150        22.86
   20086.783     0.962500          151        26.67
   20152.319     0.968750          152        32.00
   20152.319     0.971875          152        35.56
   20217.855     0.975000          153        40.00
   20217.855     0.978125          153        45.71
   20283.391     0.981250          154        53.33
   20283.391     0.984375          154        64.00
   20283.391     0.985938          154        71.11
   20332.543     0.987500          155        80.00
   20332.543     0.989062          155        91.43
   20332.543     0.990625          155       106.67
   20332.543     0.992188          155       128.00
   20332.543     0.992969          155       142.22
   20479.999     0.993750          156       160.00
   20479.999     1.000000          156          inf
#[Mean    =    13617.690, StdDeviation   =     4055.045]
#[Max     =    20463.616, Total count    =          156]
#[Buckets =           27, SubBuckets     =         2048]
-----------------------------------------------------------------------
  237 requests in 30.00s, 72.40KB read
Requests/sec:      7.90  
Transfer/sec:      2.41KB
