Running 30s test @ http://10.102.249.82/?loopCount=25&base=6&exp=6
  5 threads and 5 connections

  Thread calibration: mean lat.: 2094.770ms, rate sampling interval: 7774ms
  Thread calibration: mean lat.: 1599.867ms, rate sampling interval: 5853ms
  Thread calibration: mean lat.: 2144.893ms, rate sampling interval: 7618ms
  Thread calibration: mean lat.: 1772.096ms, rate sampling interval: 6717ms
  Thread calibration: mean lat.: 2020.939ms, rate sampling interval: 7389ms

-----------------------------------------------------------------------
Test Results @ http://10.102.249.82/?loopCount=25&base=6&exp=6 
  Thread Stats   Avg      Stdev     99%   +/- Stdev
    Latency     7.66s     2.14s   12.04s    61.02%
    Req/Sec     8.82      0.57    10.00    100.00%
  Latency Distribution (HdrHistogram - Recorded Latency)
 50.000%    7.67s 
 75.000%    9.40s 
 90.000%   10.58s 
 99.000%   12.04s 
 99.900%   12.41s 
 99.990%   12.62s 
 99.999%   12.62s 
100.000%   12.62s 

  Detailed Percentile spectrum:
       Value   Percentile   TotalCount 1/(1-Percentile)

    3371.007     0.000000            1         1.00
    4673.535     0.100000           93         1.11
    5492.735     0.200000          186         1.25
    6225.919     0.300000          278         1.43
    7000.063     0.400000          371         1.67
    7667.711     0.500000          464         2.00
    7938.047     0.550000          511         2.22
    8318.975     0.600000          556         2.50
    8708.095     0.650000          602         2.86
    9043.967     0.700000          649         3.33
    9404.415     0.750000          696         4.00
    9551.871     0.775000          718         4.44
    9699.327     0.800000          741         5.00
    9863.167     0.825000          765         5.71
   10125.311     0.850000          788         6.67
   10346.495     0.875000          812         8.00
   10452.991     0.887500          822         8.89
   10584.063     0.900000          835        10.00
   10649.599     0.912500          845        11.43
   10772.479     0.925000          858        13.33
   10878.975     0.937500          869        16.00
   10936.319     0.943750          874        17.78
   11059.199     0.950000          880        20.00
   11182.079     0.956250          886        22.86
   11296.767     0.962500          893        26.67
   11395.071     0.968750          898        32.00
   11444.223     0.971875          900        35.56
   11485.183     0.975000          903        40.00
   11509.759     0.978125          906        45.71
   11542.527     0.981250          909        53.33
   11681.791     0.984375          912        64.00
   11796.479     0.985938          913        71.11
   11894.783     0.987500          915        80.00
   11984.895     0.989062          916        91.43
   12124.159     0.990625          918       106.67
   12148.735     0.992188          919       128.00
   12156.927     0.992969          920       142.22
   12181.503     0.993750          921       160.00
   12181.503     0.994531          921       182.86
   12296.191     0.995313          922       213.33
   12328.959     0.996094          923       256.00
   12328.959     0.996484          923       284.44
   12386.303     0.996875          924       320.00
   12386.303     0.997266          924       365.71
   12386.303     0.997656          924       426.67
   12410.879     0.998047          925       512.00
   12410.879     0.998242          925       568.89
   12410.879     0.998437          925       640.00
   12410.879     0.998633          925       731.43
   12410.879     0.998828          925       853.33
   12615.679     0.999023          926      1024.00
   12615.679     1.000000          926          inf
#[Mean    =     7655.144, StdDeviation   =     2140.096]
#[Max     =    12607.488, Total count    =          926]
#[Buckets =           27, SubBuckets     =         2048]
-----------------------------------------------------------------------
  1386 requests in 30.00s, 422.98KB read
Requests/sec:     46.19  
Transfer/sec:     14.10KB
