Running 30s test @ http://10.102.249.82/?loopCount=25&base=6&exp=6
  5 threads and 5 connections

  Thread calibration: mean lat.: 1636.973ms, rate sampling interval: 5685ms
  Thread calibration: mean lat.: 1906.178ms, rate sampling interval: 6148ms
  Thread calibration: mean lat.: 1591.156ms, rate sampling interval: 5541ms
  Thread calibration: mean lat.: 1746.539ms, rate sampling interval: 6434ms
  Thread calibration: mean lat.: 1728.832ms, rate sampling interval: 5894ms

-----------------------------------------------------------------------
Test Results @ http://10.102.249.82/?loopCount=25&base=6&exp=6 
  Thread Stats   Avg      Stdev     99%   +/- Stdev
    Latency     6.27s     1.72s    9.31s    58.69%
    Req/Sec    10.13      0.34    11.00    100.00%
  Latency Distribution (HdrHistogram - Recorded Latency)
 50.000%    6.25s 
 75.000%    7.70s 
 90.000%    8.67s 
 99.000%    9.31s 
 99.900%    9.60s 
 99.990%    9.65s 
 99.999%    9.65s 
100.000%    9.65s 

  Detailed Percentile spectrum:
       Value   Percentile   TotalCount 1/(1-Percentile)

    3106.815     0.000000            1         1.00
    3872.767     0.100000          106         1.11
    4550.655     0.200000          211         1.25
    5169.151     0.300000          316         1.43
    5685.247     0.400000          423         1.67
    6246.399     0.500000          527         2.00
    6488.063     0.550000          580         2.22
    6758.399     0.600000          632         2.50
    7118.847     0.650000          687         2.86
    7442.431     0.700000          738         3.33
    7696.383     0.750000          790         4.00
    7897.087     0.775000          817         4.44
    8040.447     0.800000          844         5.00
    8196.095     0.825000          869         5.71
    8323.071     0.850000          896         6.67
    8478.719     0.875000          922         8.00
    8593.407     0.887500          935         8.89
    8667.135     0.900000          948        10.00
    8773.631     0.912500          966        11.43
    8806.399     0.925000          976        13.33
    8880.127     0.937500          988        16.00
    8937.471     0.943750          995        17.78
    9011.199     0.950000         1002        20.00
    9052.159     0.956250         1007        22.86
    9117.695     0.962500         1014        26.67
    9150.463     0.968750         1021        32.00
    9166.847     0.971875         1024        35.56
    9175.039     0.975000         1027        40.00
    9191.423     0.978125         1030        45.71
    9215.999     0.981250         1034        53.33
    9240.575     0.984375         1037        64.00
    9281.535     0.985938         1039        71.11
    9289.727     0.987500         1040        80.00
    9306.111     0.989062         1043        91.43
    9338.879     0.990625         1045       106.67
    9338.879     0.992188         1045       128.00
    9363.455     0.992969         1046       142.22
    9396.223     0.993750         1047       160.00
    9404.415     0.994531         1048       182.86
    9437.183     0.995313         1049       213.33
    9437.183     0.996094         1049       256.00
    9502.719     0.996484         1050       284.44
    9502.719     0.996875         1050       320.00
    9543.679     0.997266         1051       365.71
    9543.679     0.997656         1051       426.67
    9543.679     0.998047         1051       512.00
    9601.023     0.998242         1052       568.89
    9601.023     0.998437         1052       640.00
    9601.023     0.998633         1052       731.43
    9601.023     0.998828         1052       853.33
    9601.023     0.999023         1052      1024.00
    9650.175     0.999121         1053      1137.78
    9650.175     1.000000         1053          inf
#[Mean    =     6272.159, StdDeviation   =     1715.670]
#[Max     =     9641.984, Total count    =         1053]
#[Buckets =           27, SubBuckets     =         2048]
-----------------------------------------------------------------------
  1553 requests in 30.01s, 473.74KB read
Requests/sec:     51.76  
Transfer/sec:     15.79KB
