Running 30s test @ http://10.102.249.82/?loopCount=25&base=6&exp=6
  5 threads and 5 connections

  Thread calibration: mean lat.: 191.711ms, rate sampling interval: 739ms
  Thread calibration: mean lat.: 228.076ms, rate sampling interval: 742ms
  Thread calibration: mean lat.: 166.054ms, rate sampling interval: 542ms
  Thread calibration: mean lat.: 246.133ms, rate sampling interval: 754ms
  Thread calibration: mean lat.: 131.829ms, rate sampling interval: 388ms

-----------------------------------------------------------------------
Test Results @ http://10.102.249.82/?loopCount=25&base=6&exp=6 
  Thread Stats   Avg      Stdev     99%   +/- Stdev
    Latency   375.27ms  311.79ms   1.06s    76.50%
    Req/Sec     9.36      1.59    12.00     86.75%
  Latency Distribution (HdrHistogram - Recorded Latency)
 50.000%  251.26ms
 75.000%  657.41ms
 90.000%  934.91ms
 99.000%    1.06s 
 99.900%    1.08s 
 99.990%    1.08s 
 99.999%    1.08s 
100.000%    1.08s 

  Detailed Percentile spectrum:
       Value   Percentile   TotalCount 1/(1-Percentile)

      59.135     0.000000            1         1.00
      80.319     0.100000           99         1.11
     149.759     0.200000          200         1.25
     160.255     0.300000          295         1.43
     174.847     0.400000          396         1.67
     251.263     0.500000          493         2.00
     262.911     0.550000          541         2.22
     281.599     0.600000          590         2.50
     358.399     0.650000          639         2.86
     450.559     0.700000          689         3.33
     658.431     0.750000          738         4.00
     737.791     0.775000          762         4.44
     765.439     0.800000          787         5.00
     785.407     0.825000          811         5.71
     859.647     0.850000          837         6.67
     869.375     0.875000          862         8.00
     875.519     0.887500          873         8.89
     934.911     0.900000          885        10.00
     950.271     0.912500          897        11.43
     956.415     0.925000          910        13.33
     961.535     0.937500          922        16.00
     964.607     0.943750          928        17.78
     967.167     0.950000          935        20.00
     968.703     0.956250          941        22.86
     972.287     0.962500          947        26.67
     978.431     0.968750          953        32.00
     980.479     0.971875          956        35.56
     982.527     0.975000          959        40.00
     984.063     0.978125          962        45.71
    1037.311     0.981250          965        53.33
    1049.599     0.984375          969        64.00
    1053.695     0.985938          970        71.11
    1055.743     0.987500          974        80.00
    1055.743     0.989062          974        91.43
    1055.743     0.990625          974       106.67
    1061.887     0.992188          977       128.00
    1061.887     0.992969          977       142.22
    1061.887     0.993750          977       160.00
    1064.959     0.994531          978       182.86
    1067.007     0.995313          979       213.33
    1073.151     0.996094          980       256.00
    1073.151     0.996484          980       284.44
    1073.151     0.996875          980       320.00
    1076.223     0.997266          981       365.71
    1076.223     0.997656          981       426.67
    1077.247     0.998047          982       512.00
    1077.247     0.998242          982       568.89
    1077.247     0.998437          982       640.00
    1077.247     0.998633          982       731.43
    1077.247     0.998828          982       853.33
    1078.271     0.999023          983      1024.00
    1078.271     1.000000          983          inf
#[Mean    =      375.272, StdDeviation   =      311.789]
#[Max     =     1077.248, Total count    =          983]
#[Buckets =           27, SubBuckets     =         2048]
-----------------------------------------------------------------------
  1473 requests in 30.00s, 449.36KB read
Requests/sec:     49.09  
Transfer/sec:     14.98KB
