Running 30s test @ http://10.102.249.82/?loopCount=25&base=6&exp=6
  1 threads and 1 connections

  Thread calibration: mean lat.: 3091.100ms, rate sampling interval: 10977ms

-----------------------------------------------------------------------
Test Results @ http://10.102.249.82/?loopCount=25&base=6&exp=6 
  Thread Stats   Avg      Stdev     99%   +/- Stdev
    Latency    12.71s     3.52s   18.33s    58.46%
    Req/Sec     9.00      0.00     9.00    100.00%
  Latency Distribution (HdrHistogram - Recorded Latency)
 50.000%   12.53s 
 75.000%   15.90s 
 90.000%   17.50s 
 99.000%   18.33s 
 99.900%   18.38s 
 99.990%   18.38s 
 99.999%   18.38s 
100.000%   18.38s 

  Detailed Percentile spectrum:
       Value   Percentile   TotalCount 1/(1-Percentile)

    6295.551     0.000000            1         1.00
    7569.407     0.100000           20         1.11
    9175.039     0.200000           39         1.25
   10567.679     0.300000           59         1.43
   11632.639     0.400000           78         1.67
   12533.759     0.500000           98         2.00
   13205.503     0.550000          108         2.22
   14041.087     0.600000          117         2.50
   14655.487     0.650000          127         2.86
   15335.423     0.700000          137         3.33
   15949.823     0.750000          147         4.00
   16146.431     0.775000          152         4.44
   16392.191     0.800000          156         5.00
   16695.295     0.825000          161         5.71
   16990.207     0.850000          166         6.67
   17301.503     0.875000          171         8.00
   17399.807     0.887500          174         8.89
   17498.111     0.900000          176        10.00
   17547.263     0.912500          178        11.43
   17629.183     0.925000          181        13.33
   17727.487     0.937500          183        16.00
   17842.175     0.943750          185        17.78
   17891.327     0.950000          186        20.00
   17940.479     0.956250          187        22.86
   18006.015     0.962500          188        26.67
   18071.551     0.968750          189        32.00
   18137.087     0.971875          190        35.56
   18202.623     0.975000          191        40.00
   18202.623     0.978125          191        45.71
   18268.159     0.981250          192        53.33
   18268.159     0.984375          192        64.00
   18333.695     0.985938          193        71.11
   18333.695     0.987500          193        80.00
   18333.695     0.989062          193        91.43
   18366.463     0.990625          194       106.67
   18366.463     0.992188          194       128.00
   18366.463     0.992969          194       142.22
   18366.463     0.993750          194       160.00
   18366.463     0.994531          194       182.86
   18382.847     0.995313          195       213.33
   18382.847     1.000000          195          inf
#[Mean    =    12705.109, StdDeviation   =     3523.109]
#[Max     =    18366.464, Total count    =          195]
#[Buckets =           27, SubBuckets     =         2048]
-----------------------------------------------------------------------
  288 requests in 30.00s, 87.89KB read
Requests/sec:      9.60  
Transfer/sec:      2.93KB
