Running 20s test @ http://10.109.92.18:5000
  50 threads and 50 connections

  Thread calibration: mean lat.: 1.015ms, rate sampling interval: 10ms
  Thread calibration: mean lat.: 1.029ms, rate sampling interval: 10ms
  Thread calibration: mean lat.: 1.011ms, rate sampling interval: 10ms
  Thread calibration: mean lat.: 1.008ms, rate sampling interval: 10ms
  Thread calibration: mean lat.: 1.030ms, rate sampling interval: 10ms
  Thread calibration: mean lat.: 0.966ms, rate sampling interval: 10ms
  Thread calibration: mean lat.: 0.982ms, rate sampling interval: 10ms
  Thread calibration: mean lat.: 0.960ms, rate sampling interval: 10ms
  Thread calibration: mean lat.: 0.964ms, rate sampling interval: 10ms
  Thread calibration: mean lat.: 0.970ms, rate sampling interval: 10ms
  Thread calibration: mean lat.: 0.994ms, rate sampling interval: 10ms
  Thread calibration: mean lat.: 0.968ms, rate sampling interval: 10ms
  Thread calibration: mean lat.: 0.948ms, rate sampling interval: 10ms
  Thread calibration: mean lat.: 0.919ms, rate sampling interval: 10ms
  Thread calibration: mean lat.: 0.949ms, rate sampling interval: 10ms
  Thread calibration: mean lat.: 0.956ms, rate sampling interval: 10ms
  Thread calibration: mean lat.: 1.102ms, rate sampling interval: 10ms
  Thread calibration: mean lat.: 1.362ms, rate sampling interval: 10ms
  Thread calibration: mean lat.: 1.678ms, rate sampling interval: 10ms
  Thread calibration: mean lat.: 1.868ms, rate sampling interval: 10ms
  Thread calibration: mean lat.: 1.951ms, rate sampling interval: 10ms
  Thread calibration: mean lat.: 2.308ms, rate sampling interval: 10ms
  Thread calibration: mean lat.: 2.686ms, rate sampling interval: 10ms
  Thread calibration: mean lat.: 2.536ms, rate sampling interval: 10ms
  Thread calibration: mean lat.: 2.888ms, rate sampling interval: 10ms
  Thread calibration: mean lat.: 3.154ms, rate sampling interval: 10ms
  Thread calibration: mean lat.: 3.273ms, rate sampling interval: 10ms
  Thread calibration: mean lat.: 1.131ms, rate sampling interval: 10ms
  Thread calibration: mean lat.: 1.375ms, rate sampling interval: 10ms
  Thread calibration: mean lat.: 1.729ms, rate sampling interval: 10ms
  Thread calibration: mean lat.: 2.200ms, rate sampling interval: 10ms
  Thread calibration: mean lat.: 2.090ms, rate sampling interval: 10ms
  Thread calibration: mean lat.: 2.592ms, rate sampling interval: 10ms
  Thread calibration: mean lat.: 2.638ms, rate sampling interval: 10ms
  Thread calibration: mean lat.: 2.879ms, rate sampling interval: 10ms
  Thread calibration: mean lat.: 2.877ms, rate sampling interval: 10ms
  Thread calibration: mean lat.: 2.887ms, rate sampling interval: 10ms
  Thread calibration: mean lat.: 3.140ms, rate sampling interval: 10ms
  Thread calibration: mean lat.: 2.928ms, rate sampling interval: 10ms
  Thread calibration: mean lat.: 3.116ms, rate sampling interval: 10ms
  Thread calibration: mean lat.: 2.850ms, rate sampling interval: 10ms
  Thread calibration: mean lat.: 2.590ms, rate sampling interval: 10ms
  Thread calibration: mean lat.: 2.299ms, rate sampling interval: 10ms
  Thread calibration: mean lat.: 2.487ms, rate sampling interval: 10ms
  Thread calibration: mean lat.: 2.140ms, rate sampling interval: 10ms
  Thread calibration: mean lat.: 2.034ms, rate sampling interval: 10ms
  Thread calibration: mean lat.: 1.751ms, rate sampling interval: 10ms
  Thread calibration: mean lat.: 1.547ms, rate sampling interval: 10ms
  Thread calibration: mean lat.: 1.626ms, rate sampling interval: 10ms
  Thread calibration: mean lat.: 1.461ms, rate sampling interval: 10ms

-----------------------------------------------------------------------
Test Results @ http://10.109.92.18:5000 
  Thread Stats   Avg      Stdev     99%   +/- Stdev
    Latency     1.86ms    1.36ms   6.49ms   85.70%
    Req/Sec    25.12     44.52   111.00     75.79%
  Latency Distribution (HdrHistogram - Recorded Latency)
 50.000%    1.34ms
 75.000%    2.55ms
 90.000%    3.63ms
 99.000%    6.49ms
 99.900%    9.93ms
 99.990%   13.05ms
 99.999%   16.40ms
100.000%   16.40ms

  Detailed Percentile spectrum:
       Value   Percentile   TotalCount 1/(1-Percentile)

       0.517     0.000000            1         1.00
       0.736     0.100000         1201         1.11
       0.808     0.200000         2403         1.25
       0.894     0.300000         3598         1.43
       1.022     0.400000         4791         1.67
       1.335     0.500000         5986         2.00
       1.553     0.550000         6585         2.22
       1.778     0.600000         7184         2.50
       2.015     0.650000         7780         2.86
       2.271     0.700000         8379         3.33
       2.545     0.750000         8977         4.00
       2.689     0.775000         9278         4.44
       2.837     0.800000         9580         5.00
       2.985     0.825000         9876         5.71
       3.177     0.850000        10177         6.67
       3.381     0.875000        10474         8.00
       3.517     0.887500        10626         8.89
       3.637     0.900000        10773        10.00
       3.799     0.912500        10922        11.43
       4.009     0.925000        11072        13.33
       4.211     0.937500        11221        16.00
       4.339     0.943750        11298        17.78
       4.499     0.950000        11371        20.00
       4.651     0.956250        11447        22.86
       4.819     0.962500        11522        26.67
       5.027     0.968750        11596        32.00
       5.135     0.971875        11634        35.56
       5.343     0.975000        11670        40.00
       5.459     0.978125        11708        45.71
       5.683     0.981250        11746        53.33
       5.935     0.984375        11783        64.00
       6.075     0.985938        11801        71.11
       6.199     0.987500        11820        80.00
       6.371     0.989062        11839        91.43
       6.559     0.990625        11857       106.67
       6.927     0.992188        11876       128.00
       7.063     0.992969        11885       142.22
       7.275     0.993750        11895       160.00
       7.503     0.994531        11904       182.86
       7.751     0.995313        11913       213.33
       8.111     0.996094        11923       256.00
       8.271     0.996484        11927       284.44
       8.423     0.996875        11932       320.00
       8.815     0.997266        11937       365.71
       8.943     0.997656        11941       426.67
       9.423     0.998047        11946       512.00
       9.471     0.998242        11948       568.89
       9.703     0.998437        11951       640.00
       9.751     0.998633        11953       731.43
       9.831     0.998828        11955       853.33
      10.031     0.999023        11958      1024.00
      10.303     0.999121        11959      1137.78
      10.495     0.999219        11960      1280.00
      10.575     0.999316        11962      1462.86
      10.575     0.999414        11962      1706.67
      10.607     0.999512        11964      2048.00
      10.607     0.999561        11964      2275.56
      11.343     0.999609        11965      2560.00
      11.343     0.999658        11965      2925.71
      11.431     0.999707        11966      3413.33
      11.559     0.999756        11967      4096.00
      11.559     0.999780        11967      4551.11
      11.559     0.999805        11967      5120.00
      11.559     0.999829        11967      5851.43
      13.047     0.999854        11968      6826.67
      13.047     0.999878        11968      8192.00
      13.047     0.999890        11968      9102.22
      13.047     0.999902        11968     10240.00
      13.047     0.999915        11968     11702.86
      16.399     0.999927        11969     13653.33
      16.399     1.000000        11969          inf
#[Mean    =        1.863, StdDeviation   =        1.361]
#[Max     =       16.384, Total count    =        11969]
#[Buckets =           27, SubBuckets     =         2048]
-----------------------------------------------------------------------
  23943 requests in 19.96s, 4.86MB read
Requests/sec:   1199.49  
Transfer/sec:    249.50KB
