Running 20s test @ http://10.109.92.18:5000
  50 threads and 50 connections

  Thread calibration: mean lat.: 110.781ms, rate sampling interval: 431ms
  Thread calibration: mean lat.: 137.103ms, rate sampling interval: 529ms
  Thread calibration: mean lat.: 188.407ms, rate sampling interval: 852ms
  Thread calibration: mean lat.: 183.458ms, rate sampling interval: 559ms
  Thread calibration: mean lat.: 185.788ms, rate sampling interval: 700ms
  Thread calibration: mean lat.: 173.143ms, rate sampling interval: 577ms
  Thread calibration: mean lat.: 186.911ms, rate sampling interval: 815ms
  Thread calibration: mean lat.: 156.239ms, rate sampling interval: 675ms
  Thread calibration: mean lat.: 193.917ms, rate sampling interval: 634ms
  Thread calibration: mean lat.: 194.201ms, rate sampling interval: 809ms
  Thread calibration: mean lat.: 182.808ms, rate sampling interval: 702ms
  Thread calibration: mean lat.: 142.101ms, rate sampling interval: 551ms
  Thread calibration: mean lat.: 150.640ms, rate sampling interval: 592ms
  Thread calibration: mean lat.: 177.803ms, rate sampling interval: 661ms
  Thread calibration: mean lat.: 217.937ms, rate sampling interval: 799ms
  Thread calibration: mean lat.: 177.165ms, rate sampling interval: 659ms
  Thread calibration: mean lat.: 142.307ms, rate sampling interval: 446ms
  Thread calibration: mean lat.: 159.702ms, rate sampling interval: 696ms
  Thread calibration: mean lat.: 167.740ms, rate sampling interval: 737ms
  Thread calibration: mean lat.: 182.398ms, rate sampling interval: 734ms
  Thread calibration: mean lat.: 155.502ms, rate sampling interval: 648ms
  Thread calibration: mean lat.: 124.818ms, rate sampling interval: 442ms
  Thread calibration: mean lat.: 145.904ms, rate sampling interval: 636ms
  Thread calibration: mean lat.: 127.270ms, rate sampling interval: 590ms
  Thread calibration: mean lat.: 109.214ms, rate sampling interval: 414ms
  Thread calibration: mean lat.: 166.853ms, rate sampling interval: 680ms
  Thread calibration: mean lat.: 179.078ms, rate sampling interval: 721ms
  Thread calibration: mean lat.: 192.603ms, rate sampling interval: 756ms
  Thread calibration: mean lat.: 97.636ms, rate sampling interval: 400ms
  Thread calibration: mean lat.: 133.547ms, rate sampling interval: 545ms
  Thread calibration: mean lat.: 91.802ms, rate sampling interval: 385ms
  Thread calibration: mean lat.: 123.398ms, rate sampling interval: 500ms
  Thread calibration: mean lat.: 163.991ms, rate sampling interval: 685ms
  Thread calibration: mean lat.: 155.714ms, rate sampling interval: 565ms
  Thread calibration: mean lat.: 137.924ms, rate sampling interval: 539ms
  Thread calibration: mean lat.: 120.241ms, rate sampling interval: 510ms
  Thread calibration: mean lat.: 218.887ms, rate sampling interval: 901ms
  Thread calibration: mean lat.: 198.263ms, rate sampling interval: 797ms
  Thread calibration: mean lat.: 230.882ms, rate sampling interval: 863ms
  Thread calibration: mean lat.: 95.810ms, rate sampling interval: 426ms
  Thread calibration: mean lat.: 173.474ms, rate sampling interval: 694ms
  Thread calibration: mean lat.: 181.456ms, rate sampling interval: 699ms
  Thread calibration: mean lat.: 169.414ms, rate sampling interval: 689ms
  Thread calibration: mean lat.: 165.825ms, rate sampling interval: 721ms
  Thread calibration: mean lat.: 162.303ms, rate sampling interval: 646ms
  Thread calibration: mean lat.: 189.426ms, rate sampling interval: 730ms
  Thread calibration: mean lat.: 182.153ms, rate sampling interval: 639ms
  Thread calibration: mean lat.: 146.660ms, rate sampling interval: 504ms
  Thread calibration: mean lat.: 174.306ms, rate sampling interval: 681ms
  Thread calibration: mean lat.: 158.393ms, rate sampling interval: 565ms

-----------------------------------------------------------------------
Test Results @ http://10.109.92.18:5000 
  Thread Stats   Avg      Stdev     99%   +/- Stdev
    Latency   612.16ms  175.26ms 979.97ms   63.40%
    Req/Sec    43.42      1.98    49.00     87.56%
  Latency Distribution (HdrHistogram - Recorded Latency)
 50.000%  603.65ms
 75.000%  744.96ms
 90.000%  859.14ms
 99.000%  979.97ms
 99.900%    1.03s 
 99.990%    1.05s 
 99.999%    1.06s 
100.000%    1.06s 

  Detailed Percentile spectrum:
       Value   Percentile   TotalCount 1/(1-Percentile)

     194.943     0.000000            1         1.00
     382.719     0.100000         2187         1.11
     450.047     0.200000         4380         1.25
     503.039     0.300000         6558         1.43
     556.031     0.400000         8750         1.67
     603.647     0.500000        10945         2.00
     629.247     0.550000        12019         2.22
     655.359     0.600000        13125         2.50
     679.935     0.650000        14219         2.86
     709.119     0.700000        15293         3.33
     744.959     0.750000        16401         4.00
     760.831     0.775000        16944         4.44
     777.215     0.800000        17492         5.00
     797.695     0.825000        18034         5.71
     816.127     0.850000        18573         6.67
     835.071     0.875000        19120         8.00
     848.383     0.887500        19401         8.89
     859.135     0.900000        19659        10.00
     869.375     0.912500        19938        11.43
     881.663     0.925000        20209        13.33
     895.999     0.937500        20486        16.00
     901.631     0.943750        20618        17.78
     908.799     0.950000        20752        20.00
     916.479     0.956250        20894        22.86
     925.695     0.962500        21029        26.67
     936.447     0.968750        21163        32.00
     942.079     0.971875        21228        35.56
     947.199     0.975000        21297        40.00
     952.831     0.978125        21365        45.71
     959.999     0.981250        21433        53.33
     965.631     0.984375        21501        64.00
     969.215     0.985938        21537        71.11
     973.823     0.987500        21572        80.00
     977.407     0.989062        21608        91.43
     981.503     0.990625        21639       106.67
     987.647     0.992188        21673       128.00
     991.231     0.992969        21690       142.22
     995.327     0.993750        21708       160.00
     999.935     0.994531        21724       182.86
    1003.519     0.995313        21741       213.33
    1008.639     0.996094        21760       256.00
    1009.663     0.996484        21767       284.44
    1012.735     0.996875        21774       320.00
    1017.855     0.997266        21783       365.71
    1022.975     0.997656        21792       426.67
    1026.559     0.998047        21800       512.00
    1028.095     0.998242        21804       568.89
    1030.143     0.998437        21808       640.00
    1031.679     0.998633        21813       731.43
    1033.215     0.998828        21817       853.33
    1036.287     0.999023        21821      1024.00
    1037.311     0.999121        21823      1137.78
    1037.823     0.999219        21826      1280.00
    1039.871     0.999316        21828      1462.86
    1041.919     0.999414        21831      1706.67
    1042.943     0.999512        21833      2048.00
    1042.943     0.999561        21833      2275.56
    1043.455     0.999609        21834      2560.00
    1048.063     0.999658        21835      2925.71
    1048.575     0.999707        21836      3413.33
    1050.623     0.999756        21837      4096.00
    1051.647     0.999780        21838      4551.11
    1051.647     0.999805        21838      5120.00
    1052.671     0.999829        21839      5851.43
    1052.671     0.999854        21839      6826.67
    1054.719     0.999878        21840      8192.00
    1054.719     0.999890        21840      9102.22
    1054.719     0.999902        21840     10240.00
    1056.767     0.999915        21841     11702.86
    1056.767     0.999927        21841     13653.33
    1056.767     0.999939        21841     16384.00
    1056.767     0.999945        21841     18204.44
    1056.767     0.999951        21841     20480.00
    1058.815     0.999957        21842     23405.71
    1058.815     1.000000        21842          inf
#[Mean    =      612.158, StdDeviation   =      175.264]
#[Max     =     1057.792, Total count    =        21842]
#[Buckets =           27, SubBuckets     =         2048]
-----------------------------------------------------------------------
  43965 requests in 19.97s, 8.93MB read
Requests/sec:   2201.86  
Transfer/sec:    458.00KB
