Running 20s test @ http://10.103.14.205:80
  50 threads and 50 connections

  Thread calibration: mean lat.: 3001.337ms, rate sampling interval: 10313ms
  Thread calibration: mean lat.: 2957.208ms, rate sampling interval: 9838ms
  Thread calibration: mean lat.: 2825.978ms, rate sampling interval: 9601ms
  Thread calibration: mean lat.: 2835.366ms, rate sampling interval: 9977ms
  Thread calibration: mean lat.: 3100.162ms, rate sampling interval: 10239ms
  Thread calibration: mean lat.: 3055.662ms, rate sampling interval: 9478ms
  Thread calibration: mean lat.: 2895.864ms, rate sampling interval: 9748ms
  Thread calibration: mean lat.: 2929.765ms, rate sampling interval: 9601ms
  Thread calibration: mean lat.: 3098.004ms, rate sampling interval: 10444ms
  Thread calibration: mean lat.: 2946.209ms, rate sampling interval: 9633ms
  Thread calibration: mean lat.: 3062.399ms, rate sampling interval: 9797ms
  Thread calibration: mean lat.: 2588.559ms, rate sampling interval: 9150ms
  Thread calibration: mean lat.: 2893.122ms, rate sampling interval: 9969ms
  Thread calibration: mean lat.: 2783.434ms, rate sampling interval: 9281ms
  Thread calibration: mean lat.: 3046.150ms, rate sampling interval: 9838ms
  Thread calibration: mean lat.: 3000.523ms, rate sampling interval: 9904ms
  Thread calibration: mean lat.: 2815.557ms, rate sampling interval: 9142ms
  Thread calibration: mean lat.: 2779.258ms, rate sampling interval: 8912ms
  Thread calibration: mean lat.: 2724.617ms, rate sampling interval: 8970ms
  Thread calibration: mean lat.: 2926.393ms, rate sampling interval: 10043ms
  Thread calibration: mean lat.: 2880.237ms, rate sampling interval: 9420ms
  Thread calibration: mean lat.: 2979.019ms, rate sampling interval: 10035ms
  Thread calibration: mean lat.: 2911.669ms, rate sampling interval: 10043ms
  Thread calibration: mean lat.: 2596.725ms, rate sampling interval: 8806ms
  Thread calibration: mean lat.: 2937.382ms, rate sampling interval: 9584ms
  Thread calibration: mean lat.: 2962.160ms, rate sampling interval: 9428ms
  Thread calibration: mean lat.: 2795.767ms, rate sampling interval: 9265ms
  Thread calibration: mean lat.: 2800.870ms, rate sampling interval: 9650ms
  Thread calibration: mean lat.: 3073.616ms, rate sampling interval: 10108ms
  Thread calibration: mean lat.: 3016.084ms, rate sampling interval: 10321ms
  Thread calibration: mean lat.: 3017.545ms, rate sampling interval: 10027ms
  Thread calibration: mean lat.: 3062.519ms, rate sampling interval: 10092ms
  Thread calibration: mean lat.: 2975.879ms, rate sampling interval: 10117ms
  Thread calibration: mean lat.: 3092.204ms, rate sampling interval: 10248ms
  Thread calibration: mean lat.: 2623.033ms, rate sampling interval: 8945ms
  Thread calibration: mean lat.: 3205.724ms, rate sampling interval: 9478ms
  Thread calibration: mean lat.: 2848.648ms, rate sampling interval: 9404ms
  Thread calibration: mean lat.: 3244.627ms, rate sampling interval: 10477ms
  Thread calibration: mean lat.: 2917.956ms, rate sampling interval: 10264ms
  Thread calibration: mean lat.: 2972.293ms, rate sampling interval: 9846ms
  Thread calibration: mean lat.: 2867.797ms, rate sampling interval: 9494ms
  Thread calibration: mean lat.: 2977.333ms, rate sampling interval: 9527ms
  Thread calibration: mean lat.: 2710.036ms, rate sampling interval: 9166ms
  Thread calibration: mean lat.: 3138.950ms, rate sampling interval: 9953ms
  Thread calibration: mean lat.: 3000.185ms, rate sampling interval: 9928ms
  Thread calibration: mean lat.: 2725.006ms, rate sampling interval: 9543ms
  Thread calibration: mean lat.: 2983.332ms, rate sampling interval: 10084ms
  Thread calibration: mean lat.: 3149.236ms, rate sampling interval: 10616ms
  Thread calibration: mean lat.: 3295.416ms, rate sampling interval: 10756ms
  Thread calibration: mean lat.: 3034.476ms, rate sampling interval: 9355ms

-----------------------------------------------------------------------
Test Results @ http://10.103.14.205:80 
  Thread Stats   Avg      Stdev     99%   +/- Stdev
    Latency     8.75s     1.68s   12.21s    60.68%
    Req/Sec     4.82      0.46     6.00    100.00%
  Latency Distribution (HdrHistogram - Recorded Latency)
 50.000%    8.50s 
 75.000%   10.22s 
 90.000%   11.21s 
 99.000%   12.21s 
 99.900%   12.51s 
 99.990%   12.71s 
 99.999%   12.71s 
100.000%   12.71s 

  Detailed Percentile spectrum:
       Value   Percentile   TotalCount 1/(1-Percentile)

    5668.863     0.000000            1         1.00
    6655.999     0.100000          259         1.11
    7163.903     0.200000          519         1.25
    7577.599     0.300000          780         1.43
    7966.719     0.400000         1034         1.67
    8495.103     0.500000         1294         2.00
    8773.631     0.550000         1422         2.22
    9084.927     0.600000         1552         2.50
    9437.183     0.650000         1684         2.86
    9797.631     0.700000         1810         3.33
   10215.423     0.750000         1938         4.00
   10379.263     0.775000         2004         4.44
   10543.103     0.800000         2069         5.00
   10682.367     0.825000         2134         5.71
   10829.823     0.850000         2200         6.67
   10993.663     0.875000         2262         8.00
   11108.351     0.887500         2297         8.89
   11214.847     0.900000         2329        10.00
   11296.767     0.912500         2361        11.43
   11403.263     0.925000         2393        13.33
   11501.567     0.937500         2426        16.00
   11542.527     0.943750         2439        17.78
   11599.871     0.950000         2456        20.00
   11681.791     0.956250         2471        22.86
   11796.479     0.962500         2489        26.67
   11870.207     0.968750         2505        32.00
   11894.783     0.971875         2512        35.56
   11952.127     0.975000         2520        40.00
   12025.855     0.978125         2530        45.71
   12042.239     0.981250         2536        53.33
   12107.775     0.984375         2545        64.00
   12124.159     0.985938         2549        71.11
   12140.543     0.987500         2552        80.00
   12206.079     0.989062         2556        91.43
   12247.039     0.990625         2560       106.67
   12271.615     0.992188         2564       128.00
   12287.999     0.992969         2566       142.22
   12337.151     0.993750         2568       160.00
   12345.343     0.994531         2570       182.86
   12410.879     0.995313         2572       213.33
   12435.455     0.996094         2575       256.00
   12435.455     0.996484         2575       284.44
   12443.647     0.996875         2576       320.00
   12451.839     0.997266         2577       365.71
   12500.991     0.997656         2578       426.67
   12509.183     0.998047         2581       512.00
   12509.183     0.998242         2581       568.89
   12509.183     0.998437         2581       640.00
   12509.183     0.998633         2581       731.43
   12509.183     0.998828         2581       853.33
   12558.335     0.999023         2582      1024.00
   12558.335     0.999121         2582      1137.78
   12558.335     0.999219         2582      1280.00
   12648.447     0.999316         2583      1462.86
   12648.447     0.999414         2583      1706.67
   12648.447     0.999512         2583      2048.00
   12648.447     0.999561         2583      2275.56
   12648.447     0.999609         2583      2560.00
   12705.791     0.999658         2584      2925.71
   12705.791     1.000000         2584          inf
#[Mean    =     8753.412, StdDeviation   =     1684.975]
#[Max     =    12697.600, Total count    =         2584]
#[Buckets =           27, SubBuckets     =         2048]
-----------------------------------------------------------------------
  5141 requests in 20.00s, 1.22MB read
Requests/sec:    257.03  
Transfer/sec:     62.46KB
