Running 20s test @ http://10.103.14.205:80
  50 threads and 50 connections

  Thread calibration: mean lat.: 2459.966ms, rate sampling interval: 8114ms
  Thread calibration: mean lat.: 2912.224ms, rate sampling interval: 8830ms
  Thread calibration: mean lat.: 2889.799ms, rate sampling interval: 8781ms
  Thread calibration: mean lat.: 2889.318ms, rate sampling interval: 9289ms
  Thread calibration: mean lat.: 2723.102ms, rate sampling interval: 8609ms
  Thread calibration: mean lat.: 2546.984ms, rate sampling interval: 8593ms
  Thread calibration: mean lat.: 2666.456ms, rate sampling interval: 8617ms
  Thread calibration: mean lat.: 2783.358ms, rate sampling interval: 8953ms
  Thread calibration: mean lat.: 2728.225ms, rate sampling interval: 8286ms
  Thread calibration: mean lat.: 2687.856ms, rate sampling interval: 8609ms
  Thread calibration: mean lat.: 3032.589ms, rate sampling interval: 9273ms
  Thread calibration: mean lat.: 2737.380ms, rate sampling interval: 8404ms
  Thread calibration: mean lat.: 2341.471ms, rate sampling interval: 7262ms
  Thread calibration: mean lat.: 2799.212ms, rate sampling interval: 9281ms
  Thread calibration: mean lat.: 2568.600ms, rate sampling interval: 8040ms
  Thread calibration: mean lat.: 2379.369ms, rate sampling interval: 8237ms
  Thread calibration: mean lat.: 2694.180ms, rate sampling interval: 8032ms
  Thread calibration: mean lat.: 2644.668ms, rate sampling interval: 8003ms
  Thread calibration: mean lat.: 2807.880ms, rate sampling interval: 8896ms
  Thread calibration: mean lat.: 2581.916ms, rate sampling interval: 8269ms
  Thread calibration: mean lat.: 2842.768ms, rate sampling interval: 8937ms
  Thread calibration: mean lat.: 3135.861ms, rate sampling interval: 9109ms
  Thread calibration: mean lat.: 3112.930ms, rate sampling interval: 9265ms
  Thread calibration: mean lat.: 2820.911ms, rate sampling interval: 9265ms
  Thread calibration: mean lat.: 2743.335ms, rate sampling interval: 8773ms
  Thread calibration: mean lat.: 2750.087ms, rate sampling interval: 8323ms
  Thread calibration: mean lat.: 3111.426ms, rate sampling interval: 9183ms
  Thread calibration: mean lat.: 3037.551ms, rate sampling interval: 9469ms
  Thread calibration: mean lat.: 3071.135ms, rate sampling interval: 9584ms
  Thread calibration: mean lat.: 3012.688ms, rate sampling interval: 9060ms
  Thread calibration: mean lat.: 2735.864ms, rate sampling interval: 8953ms
  Thread calibration: mean lat.: 2739.411ms, rate sampling interval: 8404ms
  Thread calibration: mean lat.: 2994.774ms, rate sampling interval: 9060ms
  Thread calibration: mean lat.: 2846.909ms, rate sampling interval: 9035ms
  Thread calibration: mean lat.: 2972.969ms, rate sampling interval: 8716ms
  Thread calibration: mean lat.: 2685.598ms, rate sampling interval: 8896ms
  Thread calibration: mean lat.: 2669.353ms, rate sampling interval: 7794ms
  Thread calibration: mean lat.: 2630.057ms, rate sampling interval: 7921ms
  Thread calibration: mean lat.: 2851.807ms, rate sampling interval: 8798ms
  Thread calibration: mean lat.: 2974.866ms, rate sampling interval: 9199ms
  Thread calibration: mean lat.: 2565.373ms, rate sampling interval: 7921ms
  Thread calibration: mean lat.: 2589.658ms, rate sampling interval: 8105ms
  Thread calibration: mean lat.: 3188.491ms, rate sampling interval: 9699ms
  Thread calibration: mean lat.: 2758.705ms, rate sampling interval: 8503ms
  Thread calibration: mean lat.: 2828.212ms, rate sampling interval: 9093ms
  Thread calibration: mean lat.: 2917.056ms, rate sampling interval: 8863ms
  Thread calibration: mean lat.: 3199.182ms, rate sampling interval: 9478ms
  Thread calibration: mean lat.: 2346.628ms, rate sampling interval: 7507ms
  Thread calibration: mean lat.: 3030.073ms, rate sampling interval: 9404ms
  Thread calibration: mean lat.: 3327.052ms, rate sampling interval: 9789ms

-----------------------------------------------------------------------
Test Results @ http://10.103.14.205:80 
  Thread Stats   Avg      Stdev     99%   +/- Stdev
    Latency     8.28s     1.78s   11.47s    56.93%
    Req/Sec     4.04      0.40     5.00    100.00%
  Latency Distribution (HdrHistogram - Recorded Latency)
 50.000%    8.30s 
 75.000%    9.90s 
 90.000%   10.58s 
 99.000%   11.47s 
 99.900%   11.85s 
 99.990%   11.93s 
 99.999%   11.93s 
100.000%   11.93s 

  Detailed Percentile spectrum:
       Value   Percentile   TotalCount 1/(1-Percentile)

    4595.711     0.000000            1         1.00
    5873.663     0.100000          228         1.11
    6381.567     0.200000          452         1.25
    6995.967     0.300000          679         1.43
    7655.423     0.400000          903         1.67
    8298.495     0.500000         1130         2.00
    8593.407     0.550000         1242         2.22
    8970.239     0.600000         1356         2.50
    9371.647     0.650000         1471         2.86
    9641.983     0.700000         1580         3.33
    9895.935     0.750000         1697         4.00
   10018.815     0.775000         1752         4.44
   10108.927     0.800000         1807         5.00
   10231.807     0.825000         1863         5.71
   10321.919     0.850000         1924         6.67
   10436.607     0.875000         1978         8.00
   10526.719     0.887500         2007         8.89
   10584.063     0.900000         2033        10.00
   10698.751     0.912500         2062        11.43
   10788.863     0.925000         2090        13.33
   10887.167     0.937500         2116        16.00
   10944.511     0.943750         2131        17.78
   11001.855     0.950000         2145        20.00
   11067.391     0.956250         2159        22.86
   11132.927     0.962500         2176        26.67
   11214.847     0.968750         2189        32.00
   11239.423     0.971875         2194        35.56
   11272.191     0.975000         2204        40.00
   11313.151     0.978125         2208        45.71
   11354.111     0.981250         2215        53.33
   11403.263     0.984375         2223        64.00
   11419.647     0.985938         2227        71.11
   11444.223     0.987500         2231        80.00
   11460.607     0.989062         2233        91.43
   11468.799     0.990625         2236       106.67
   11526.143     0.992188         2240       128.00
   11550.719     0.992969         2242       142.22
   11558.911     0.993750         2243       160.00
   11599.871     0.994531         2245       182.86
   11616.255     0.995313         2247       213.33
   11698.175     0.996094         2249       256.00
   11714.559     0.996484         2250       284.44
   11714.559     0.996875         2250       320.00
   11730.943     0.997266         2252       365.71
   11730.943     0.997656         2252       426.67
   11739.135     0.998047         2253       512.00
   11829.247     0.998242         2254       568.89
   11829.247     0.998437         2254       640.00
   11829.247     0.998633         2254       731.43
   11845.631     0.998828         2255       853.33
   11845.631     0.999023         2255      1024.00
   11853.823     0.999121         2256      1137.78
   11853.823     0.999219         2256      1280.00
   11853.823     0.999316         2256      1462.86
   11853.823     0.999414         2256      1706.67
   11853.823     0.999512         2256      2048.00
   11927.551     0.999561         2257      2275.56
   11927.551     1.000000         2257          inf
#[Mean    =     8283.706, StdDeviation   =     1783.935]
#[Max     =    11919.360, Total count    =         2257]
#[Buckets =           27, SubBuckets     =         2048]
-----------------------------------------------------------------------
  4843 requests in 20.00s, 1.15MB read
Requests/sec:    242.13  
Transfer/sec:     58.84KB
