Running 20s test @ http://10.103.14.205:80
  50 threads and 50 connections

  Thread calibration: mean lat.: 4334.091ms, rate sampling interval: 13754ms
  Thread calibration: mean lat.: 3783.405ms, rate sampling interval: 12476ms
  Thread calibration: mean lat.: 4278.784ms, rate sampling interval: 13467ms
  Thread calibration: mean lat.: 4335.581ms, rate sampling interval: 13369ms
  Thread calibration: mean lat.: 4298.527ms, rate sampling interval: 13459ms
  Thread calibration: mean lat.: 4332.917ms, rate sampling interval: 13582ms
  Thread calibration: mean lat.: 4142.042ms, rate sampling interval: 12861ms
  Thread calibration: mean lat.: 4101.613ms, rate sampling interval: 13459ms
  Thread calibration: mean lat.: 4257.048ms, rate sampling interval: 13271ms
  Thread calibration: mean lat.: 4044.361ms, rate sampling interval: 13524ms
  Thread calibration: mean lat.: 4276.020ms, rate sampling interval: 13590ms
  Thread calibration: mean lat.: 4389.456ms, rate sampling interval: 13238ms
  Thread calibration: mean lat.: 4300.972ms, rate sampling interval: 13819ms
  Thread calibration: mean lat.: 4167.674ms, rate sampling interval: 13451ms
  Thread calibration: mean lat.: 4196.995ms, rate sampling interval: 13565ms
  Thread calibration: mean lat.: 3944.707ms, rate sampling interval: 12263ms
  Thread calibration: mean lat.: 4483.235ms, rate sampling interval: 13959ms
  Thread calibration: mean lat.: 4188.897ms, rate sampling interval: 13582ms
  Thread calibration: mean lat.: 4145.876ms, rate sampling interval: 13115ms
  Thread calibration: mean lat.: 4305.951ms, rate sampling interval: 13377ms
  Thread calibration: mean lat.: 4095.913ms, rate sampling interval: 13418ms
  Thread calibration: mean lat.: 4264.668ms, rate sampling interval: 13615ms
  Thread calibration: mean lat.: 4188.298ms, rate sampling interval: 13115ms
  Thread calibration: mean lat.: 4347.320ms, rate sampling interval: 13729ms
  Thread calibration: mean lat.: 4291.075ms, rate sampling interval: 13901ms
  Thread calibration: mean lat.: 4175.821ms, rate sampling interval: 13385ms
  Thread calibration: mean lat.: 4171.893ms, rate sampling interval: 13574ms
  Thread calibration: mean lat.: 3873.904ms, rate sampling interval: 12353ms
  Thread calibration: mean lat.: 4230.185ms, rate sampling interval: 13541ms
  Thread calibration: mean lat.: 4273.623ms, rate sampling interval: 13492ms
  Thread calibration: mean lat.: 4285.649ms, rate sampling interval: 13615ms
  Thread calibration: mean lat.: 3922.925ms, rate sampling interval: 12591ms
  Thread calibration: mean lat.: 4230.117ms, rate sampling interval: 13041ms
  Thread calibration: mean lat.: 4147.108ms, rate sampling interval: 13172ms
  Thread calibration: mean lat.: 4335.099ms, rate sampling interval: 13148ms
  Thread calibration: mean lat.: 4220.781ms, rate sampling interval: 12918ms
  Thread calibration: mean lat.: 4343.264ms, rate sampling interval: 13500ms
  Thread calibration: mean lat.: 4094.632ms, rate sampling interval: 12976ms
  Thread calibration: mean lat.: 4564.370ms, rate sampling interval: 13869ms
  Thread calibration: mean lat.: 4191.839ms, rate sampling interval: 13361ms
  Thread calibration: mean lat.: 4508.784ms, rate sampling interval: 13459ms
  Thread calibration: mean lat.: 4435.392ms, rate sampling interval: 13787ms
  Thread calibration: mean lat.: 4517.440ms, rate sampling interval: 14188ms
  Thread calibration: mean lat.: 4336.101ms, rate sampling interval: 13688ms
  Thread calibration: mean lat.: 4241.098ms, rate sampling interval: 13262ms
  Thread calibration: mean lat.: 4479.994ms, rate sampling interval: 13803ms
  Thread calibration: mean lat.: 4090.001ms, rate sampling interval: 13492ms
  Thread calibration: mean lat.: 4351.943ms, rate sampling interval: 13459ms
  Thread calibration: mean lat.: 4454.846ms, rate sampling interval: 13688ms
  Thread calibration: mean lat.: 4473.113ms, rate sampling interval: 13623ms

-----------------------------------------------------------------------
Test Results @ http://10.103.14.205:80 
  Thread Stats   Avg      Stdev     99%   +/- Stdev
    Latency     9.92s     1.81s   13.62s    63.70%
    Req/Sec       -nan      -nan   0.00      0.00%
  Latency Distribution (HdrHistogram - Recorded Latency)
 50.000%    9.72s 
 75.000%   11.17s 
 90.000%   12.75s 
 99.000%   13.62s 
 99.900%   13.90s 
 99.990%   14.07s 
 99.999%   14.07s 
100.000%   14.07s 

  Detailed Percentile spectrum:
       Value   Percentile   TotalCount 1/(1-Percentile)

    6688.767     0.000000            1         1.00
    7544.831     0.100000          308         1.11
    8253.439     0.200000          615         1.25
    8773.631     0.300000          927         1.43
    9199.615     0.400000         1229         1.67
    9715.711     0.500000         1538         2.00
   10027.007     0.550000         1690         2.22
   10313.727     0.600000         1843         2.50
   10559.487     0.650000         1995         2.86
   10805.247     0.700000         2149         3.33
   11173.887     0.750000         2302         4.00
   11378.687     0.775000         2382         4.44
   11583.487     0.800000         2459         5.00
   11804.671     0.825000         2532         5.71
   12132.351     0.850000         2609         6.67
   12427.263     0.875000         2686         8.00
   12607.487     0.887500         2724         8.89
   12746.751     0.900000         2764        10.00
   12894.207     0.912500         2803        11.43
   12992.511     0.925000         2840        13.33
   13107.199     0.937500         2878        16.00
   13156.351     0.943750         2899        17.78
   13213.695     0.950000         2917        20.00
   13254.655     0.956250         2936        22.86
   13311.999     0.962500         2954        26.67
   13361.151     0.968750         2975        32.00
   13393.919     0.971875         2985        35.56
   13418.495     0.975000         2995        40.00
   13451.263     0.978125         3003        45.71
   13475.839     0.981250         3013        53.33
   13524.991     0.984375         3022        64.00
   13557.759     0.985938         3027        71.11
   13565.951     0.987500         3032        80.00
   13615.103     0.989062         3038        91.43
   13680.639     0.990625         3043       106.67
   13697.023     0.992188         3046       128.00
   13729.791     0.992969         3049       142.22
   13737.983     0.993750         3052       160.00
   13746.175     0.994531         3053       182.86
   13778.943     0.995313         3055       213.33
   13787.135     0.996094         3058       256.00
   13795.327     0.996484         3060       284.44
   13795.327     0.996875         3060       320.00
   13803.519     0.997266         3061       365.71
   13844.479     0.997656         3063       426.67
   13860.863     0.998047         3064       512.00
   13860.863     0.998242         3064       568.89
   13869.055     0.998437         3065       640.00
   13869.055     0.998633         3065       731.43
   13901.823     0.998828         3066       853.33
   13967.359     0.999023         3067      1024.00
   13967.359     0.999121         3067      1137.78
   13967.359     0.999219         3067      1280.00
   13967.359     0.999316         3067      1462.86
   14008.319     0.999414         3068      1706.67
   14008.319     0.999512         3068      2048.00
   14008.319     0.999561         3068      2275.56
   14008.319     0.999609         3068      2560.00
   14008.319     0.999658         3068      2925.71
   14073.855     0.999707         3069      3413.33
   14073.855     1.000000         3069          inf
#[Mean    =     9916.682, StdDeviation   =     1806.508]
#[Max     =    14065.664, Total count    =         3069]
#[Buckets =           27, SubBuckets     =         2048]
-----------------------------------------------------------------------
  5663 requests in 20.00s, 1.34MB read
Requests/sec:    283.11  
Transfer/sec:     68.78KB
