Running 20s test @ http://10.103.14.205:80
  50 threads and 50 connections

  Thread calibration: mean lat.: 111.688ms, rate sampling interval: 257ms
  Thread calibration: mean lat.: 124.099ms, rate sampling interval: 293ms
  Thread calibration: mean lat.: 111.374ms, rate sampling interval: 257ms
  Thread calibration: mean lat.: 137.831ms, rate sampling interval: 359ms
  Thread calibration: mean lat.: 138.712ms, rate sampling interval: 335ms
  Thread calibration: mean lat.: 121.831ms, rate sampling interval: 268ms
  Thread calibration: mean lat.: 157.610ms, rate sampling interval: 402ms
  Thread calibration: mean lat.: 138.225ms, rate sampling interval: 343ms
  Thread calibration: mean lat.: 163.384ms, rate sampling interval: 410ms
  Thread calibration: mean lat.: 140.551ms, rate sampling interval: 336ms
  Thread calibration: mean lat.: 165.351ms, rate sampling interval: 509ms
  Thread calibration: mean lat.: 147.278ms, rate sampling interval: 324ms
  Thread calibration: mean lat.: 160.832ms, rate sampling interval: 407ms
  Thread calibration: mean lat.: 164.917ms, rate sampling interval: 377ms
  Thread calibration: mean lat.: 166.673ms, rate sampling interval: 394ms
  Thread calibration: mean lat.: 176.348ms, rate sampling interval: 394ms
  Thread calibration: mean lat.: 187.939ms, rate sampling interval: 501ms
  Thread calibration: mean lat.: 157.738ms, rate sampling interval: 340ms
  Thread calibration: mean lat.: 152.622ms, rate sampling interval: 391ms
  Thread calibration: mean lat.: 178.439ms, rate sampling interval: 488ms
  Thread calibration: mean lat.: 163.367ms, rate sampling interval: 387ms
  Thread calibration: mean lat.: 178.993ms, rate sampling interval: 485ms
  Thread calibration: mean lat.: 176.768ms, rate sampling interval: 487ms
  Thread calibration: mean lat.: 168.579ms, rate sampling interval: 390ms
  Thread calibration: mean lat.: 170.062ms, rate sampling interval: 379ms
  Thread calibration: mean lat.: 178.894ms, rate sampling interval: 483ms
  Thread calibration: mean lat.: 163.036ms, rate sampling interval: 355ms
  Thread calibration: mean lat.: 166.997ms, rate sampling interval: 481ms
  Thread calibration: mean lat.: 146.001ms, rate sampling interval: 389ms
  Thread calibration: mean lat.: 144.792ms, rate sampling interval: 389ms
  Thread calibration: mean lat.: 150.560ms, rate sampling interval: 389ms
  Thread calibration: mean lat.: 141.617ms, rate sampling interval: 383ms
  Thread calibration: mean lat.: 140.405ms, rate sampling interval: 370ms
  Thread calibration: mean lat.: 146.769ms, rate sampling interval: 375ms
  Thread calibration: mean lat.: 140.611ms, rate sampling interval: 374ms
  Thread calibration: mean lat.: 142.709ms, rate sampling interval: 369ms
  Thread calibration: mean lat.: 147.527ms, rate sampling interval: 372ms
  Thread calibration: mean lat.: 143.328ms, rate sampling interval: 365ms
  Thread calibration: mean lat.: 143.847ms, rate sampling interval: 370ms
  Thread calibration: mean lat.: 141.475ms, rate sampling interval: 367ms
  Thread calibration: mean lat.: 140.056ms, rate sampling interval: 360ms
  Thread calibration: mean lat.: 141.912ms, rate sampling interval: 355ms
  Thread calibration: mean lat.: 139.626ms, rate sampling interval: 351ms
  Thread calibration: mean lat.: 137.418ms, rate sampling interval: 349ms
  Thread calibration: mean lat.: 138.371ms, rate sampling interval: 360ms
  Thread calibration: mean lat.: 135.953ms, rate sampling interval: 347ms
  Thread calibration: mean lat.: 134.752ms, rate sampling interval: 344ms
  Thread calibration: mean lat.: 135.324ms, rate sampling interval: 336ms
  Thread calibration: mean lat.: 133.255ms, rate sampling interval: 340ms
  Thread calibration: mean lat.: 125.400ms, rate sampling interval: 333ms

-----------------------------------------------------------------------
Test Results @ http://10.103.14.205:80 
  Thread Stats   Avg      Stdev     99%   +/- Stdev
    Latency   149.46ms   39.05ms 240.13ms   67.60%
    Req/Sec     0.78      1.03     3.00     95.80%
  Latency Distribution (HdrHistogram - Recorded Latency)
 50.000%  148.74ms
 75.000%  172.29ms
 90.000%  208.13ms
 99.000%  240.13ms
 99.900%  243.97ms
 99.990%  243.97ms
 99.999%  243.97ms
100.000%  243.97ms

  Detailed Percentile spectrum:
       Value   Percentile   TotalCount 1/(1-Percentile)

      66.239     0.000000            1         1.00
      99.519     0.100000           50         1.11
     111.423     0.200000          100         1.25
     125.695     0.300000          150         1.43
     140.671     0.400000          200         1.67
     148.735     0.500000          250         2.00
     153.471     0.550000          276         2.22
     158.847     0.600000          302         2.50
     165.119     0.650000          325         2.86
     168.575     0.700000          350         3.33
     172.287     0.750000          375         4.00
     175.487     0.775000          389         4.44
     178.175     0.800000          400         5.00
     181.119     0.825000          413         5.71
     185.471     0.850000          426         6.67
     192.255     0.875000          438         8.00
     202.239     0.887500          444         8.89
     208.127     0.900000          450        10.00
     212.223     0.912500          457        11.43
     216.319     0.925000          463        13.33
     221.055     0.937500          469        16.00
     221.951     0.943750          472        17.78
     223.871     0.950000          476        20.00
     224.255     0.956250          479        22.86
     228.351     0.962500          482        26.67
     229.247     0.968750          486        32.00
     229.247     0.971875          486        35.56
     232.319     0.975000          488        40.00
     234.879     0.978125          490        45.71
     235.647     0.981250          491        53.33
     237.183     0.984375          493        64.00
     237.183     0.985938          493        71.11
     238.463     0.987500          494        80.00
     240.127     0.989062          495        91.43
     241.535     0.990625          496       106.67
     242.687     0.992188          497       128.00
     242.687     0.992969          497       142.22
     242.687     0.993750          497       160.00
     243.327     0.994531          499       182.86
     243.327     0.995313          499       213.33
     243.327     0.996094          499       256.00
     243.327     0.996484          499       284.44
     243.327     0.996875          499       320.00
     243.327     0.997266          499       365.71
     243.327     0.997656          499       426.67
     243.967     0.998047          500       512.00
     243.967     1.000000          500          inf
#[Mean    =      149.463, StdDeviation   =       39.053]
#[Max     =      243.840, Total count    =          500]
#[Buckets =           27, SubBuckets     =         2048]
-----------------------------------------------------------------------
  950 requests in 20.00s, 230.91KB read
Requests/sec:     47.49  
Transfer/sec:     11.54KB
