Running 20s test @ http://10.103.14.205:80
  50 threads and 50 connections

  Thread calibration: mean lat.: 104.150ms, rate sampling interval: 255ms
  Thread calibration: mean lat.: 98.153ms, rate sampling interval: 251ms
  Thread calibration: mean lat.: 112.911ms, rate sampling interval: 291ms
  Thread calibration: mean lat.: 120.193ms, rate sampling interval: 320ms
  Thread calibration: mean lat.: 121.827ms, rate sampling interval: 294ms
  Thread calibration: mean lat.: 129.173ms, rate sampling interval: 338ms
  Thread calibration: mean lat.: 119.016ms, rate sampling interval: 305ms
  Thread calibration: mean lat.: 143.444ms, rate sampling interval: 387ms
  Thread calibration: mean lat.: 153.160ms, rate sampling interval: 421ms
  Thread calibration: mean lat.: 159.717ms, rate sampling interval: 393ms
  Thread calibration: mean lat.: 173.313ms, rate sampling interval: 435ms
  Thread calibration: mean lat.: 172.234ms, rate sampling interval: 433ms
  Thread calibration: mean lat.: 181.101ms, rate sampling interval: 489ms
  Thread calibration: mean lat.: 175.464ms, rate sampling interval: 445ms
  Thread calibration: mean lat.: 174.275ms, rate sampling interval: 416ms
  Thread calibration: mean lat.: 178.644ms, rate sampling interval: 485ms
  Thread calibration: mean lat.: 166.078ms, rate sampling interval: 397ms
  Thread calibration: mean lat.: 167.486ms, rate sampling interval: 408ms
  Thread calibration: mean lat.: 175.371ms, rate sampling interval: 408ms
  Thread calibration: mean lat.: 179.654ms, rate sampling interval: 425ms
  Thread calibration: mean lat.: 167.984ms, rate sampling interval: 374ms
  Thread calibration: mean lat.: 182.194ms, rate sampling interval: 435ms
  Thread calibration: mean lat.: 174.898ms, rate sampling interval: 398ms
  Thread calibration: mean lat.: 170.841ms, rate sampling interval: 428ms
  Thread calibration: mean lat.: 175.282ms, rate sampling interval: 417ms
  Thread calibration: mean lat.: 172.517ms, rate sampling interval: 399ms
  Thread calibration: mean lat.: 177.817ms, rate sampling interval: 428ms
  Thread calibration: mean lat.: 169.881ms, rate sampling interval: 389ms
  Thread calibration: mean lat.: 138.915ms, rate sampling interval: 332ms
  Thread calibration: mean lat.: 137.632ms, rate sampling interval: 332ms
  Thread calibration: mean lat.: 143.009ms, rate sampling interval: 364ms
  Thread calibration: mean lat.: 148.069ms, rate sampling interval: 368ms
  Thread calibration: mean lat.: 149.662ms, rate sampling interval: 365ms
  Thread calibration: mean lat.: 146.784ms, rate sampling interval: 364ms
  Thread calibration: mean lat.: 140.845ms, rate sampling interval: 366ms
  Thread calibration: mean lat.: 151.609ms, rate sampling interval: 363ms
  Thread calibration: mean lat.: 153.082ms, rate sampling interval: 373ms
  Thread calibration: mean lat.: 151.541ms, rate sampling interval: 371ms
  Thread calibration: mean lat.: 148.325ms, rate sampling interval: 365ms
  Thread calibration: mean lat.: 149.827ms, rate sampling interval: 372ms
  Thread calibration: mean lat.: 148.080ms, rate sampling interval: 369ms
  Thread calibration: mean lat.: 150.635ms, rate sampling interval: 376ms
  Thread calibration: mean lat.: 151.120ms, rate sampling interval: 369ms
  Thread calibration: mean lat.: 149.985ms, rate sampling interval: 364ms
  Thread calibration: mean lat.: 149.532ms, rate sampling interval: 365ms
  Thread calibration: mean lat.: 148.532ms, rate sampling interval: 364ms
  Thread calibration: mean lat.: 151.210ms, rate sampling interval: 371ms
  Thread calibration: mean lat.: 145.365ms, rate sampling interval: 354ms
  Thread calibration: mean lat.: 147.402ms, rate sampling interval: 367ms
  Thread calibration: mean lat.: 144.210ms, rate sampling interval: 357ms

-----------------------------------------------------------------------
Test Results @ http://10.103.14.205:80 
  Thread Stats   Avg      Stdev     99%   +/- Stdev
    Latency   154.22ms   36.26ms 247.29ms   68.70%
    Req/Sec     1.63      0.99     3.00     99.70%
  Latency Distribution (HdrHistogram - Recorded Latency)
 50.000%  156.41ms
 75.000%  177.92ms
 90.000%  197.63ms
 99.000%  247.29ms
 99.900%  253.44ms
 99.990%  256.26ms
 99.999%  256.26ms
100.000%  256.26ms

  Detailed Percentile spectrum:
       Value   Percentile   TotalCount 1/(1-Percentile)

      46.623     0.000000            1         1.00
     108.543     0.100000          100         1.11
     120.895     0.200000          201         1.25
     131.583     0.300000          300         1.43
     146.047     0.400000          400         1.67
     156.415     0.500000          502         2.00
     159.999     0.550000          551         2.22
     164.607     0.600000          600         2.50
     168.575     0.650000          651         2.86
     172.671     0.700000          701         3.33
     177.919     0.750000          750         4.00
     180.735     0.775000          776         4.44
     183.295     0.800000          800         5.00
     186.623     0.825000          825         5.71
     189.311     0.850000          851         6.67
     193.151     0.875000          875         8.00
     195.199     0.887500          889         8.89
     197.631     0.900000          900        10.00
     201.215     0.912500          913        11.43
     203.903     0.925000          925        13.33
     211.199     0.937500          940        16.00
     212.607     0.943750          944        17.78
     213.247     0.950000          950        20.00
     219.007     0.956250          957        22.86
     221.311     0.962500          963        26.67
     224.895     0.968750          969        32.00
     225.919     0.971875          972        35.56
     229.759     0.975000          975        40.00
     239.615     0.978125          979        45.71
     242.047     0.981250          982        53.33
     243.071     0.984375          985        64.00
     243.583     0.985938          986        71.11
     245.375     0.987500          988        80.00
     247.295     0.989062          990        91.43
     248.063     0.990625          991       106.67
     248.959     0.992188          993       128.00
     248.959     0.992969          993       142.22
     249.471     0.993750          994       160.00
     249.855     0.994531          995       182.86
     249.983     0.995313          996       213.33
     252.287     0.996094          997       256.00
     252.287     0.996484          997       284.44
     252.287     0.996875          997       320.00
     252.415     0.997266          998       365.71
     252.415     0.997656          998       426.67
     253.439     0.998047          999       512.00
     253.439     0.998242          999       568.89
     253.439     0.998437          999       640.00
     253.439     0.998633          999       731.43
     253.439     0.998828          999       853.33
     256.255     0.999023         1000      1024.00
     256.255     1.000000         1000          inf
#[Mean    =      154.218, StdDeviation   =       36.259]
#[Max     =      256.128, Total count    =         1000]
#[Buckets =           27, SubBuckets     =         2048]
-----------------------------------------------------------------------
  1950 requests in 20.00s, 474.06KB read
Requests/sec:     97.48  
Transfer/sec:     23.70KB
