Running 20s test @ http://10.103.14.205:80
  50 threads and 50 connections

  Thread calibration: mean lat.: 3544.586ms, rate sampling interval: 11821ms
  Thread calibration: mean lat.: 3212.553ms, rate sampling interval: 11517ms
  Thread calibration: mean lat.: 3083.247ms, rate sampling interval: 11149ms
  Thread calibration: mean lat.: 3181.692ms, rate sampling interval: 11395ms
  Thread calibration: mean lat.: 3412.764ms, rate sampling interval: 11886ms
  Thread calibration: mean lat.: 3208.705ms, rate sampling interval: 11886ms
  Thread calibration: mean lat.: 3379.168ms, rate sampling interval: 11821ms
  Thread calibration: mean lat.: 2924.446ms, rate sampling interval: 10780ms
  Thread calibration: mean lat.: 3131.386ms, rate sampling interval: 10903ms
  Thread calibration: mean lat.: 3196.397ms, rate sampling interval: 11165ms
  Thread calibration: mean lat.: 3304.896ms, rate sampling interval: 10846ms
  Thread calibration: mean lat.: 3202.617ms, rate sampling interval: 11730ms
  Thread calibration: mean lat.: 3153.121ms, rate sampling interval: 11780ms
  Thread calibration: mean lat.: 3500.857ms, rate sampling interval: 12025ms
  Thread calibration: mean lat.: 3159.218ms, rate sampling interval: 11272ms
  Thread calibration: mean lat.: 3250.149ms, rate sampling interval: 11730ms
  Thread calibration: mean lat.: 2792.724ms, rate sampling interval: 11493ms
  Thread calibration: mean lat.: 3331.976ms, rate sampling interval: 12156ms
  Thread calibration: mean lat.: 3314.917ms, rate sampling interval: 12017ms
  Thread calibration: mean lat.: 3143.707ms, rate sampling interval: 11640ms
  Thread calibration: mean lat.: 3243.340ms, rate sampling interval: 11345ms
  Thread calibration: mean lat.: 3163.723ms, rate sampling interval: 10993ms
  Thread calibration: mean lat.: 3227.008ms, rate sampling interval: 12009ms
  Thread calibration: mean lat.: 3005.916ms, rate sampling interval: 11812ms
  Thread calibration: mean lat.: 3117.550ms, rate sampling interval: 11771ms
  Thread calibration: mean lat.: 3006.225ms, rate sampling interval: 11632ms
  Thread calibration: mean lat.: 2696.384ms, rate sampling interval: 10903ms
  Thread calibration: mean lat.: 3086.633ms, rate sampling interval: 10690ms
  Thread calibration: mean lat.: 3060.183ms, rate sampling interval: 11296ms
  Thread calibration: mean lat.: 3188.443ms, rate sampling interval: 11550ms
  Thread calibration: mean lat.: 3059.235ms, rate sampling interval: 10625ms
  Thread calibration: mean lat.: 3066.206ms, rate sampling interval: 11214ms
  Thread calibration: mean lat.: 3177.028ms, rate sampling interval: 11550ms
  Thread calibration: mean lat.: 3234.396ms, rate sampling interval: 11337ms
  Thread calibration: mean lat.: 3205.326ms, rate sampling interval: 11501ms
  Thread calibration: mean lat.: 3206.972ms, rate sampling interval: 11403ms
  Thread calibration: mean lat.: 3319.668ms, rate sampling interval: 12812ms
  Thread calibration: mean lat.: 3092.507ms, rate sampling interval: 11198ms
  Thread calibration: mean lat.: 3113.796ms, rate sampling interval: 11255ms
  Thread calibration: mean lat.: 2841.404ms, rate sampling interval: 11395ms
  Thread calibration: mean lat.: 3396.712ms, rate sampling interval: 12066ms
  Thread calibration: mean lat.: 3468.780ms, rate sampling interval: 12042ms
  Thread calibration: mean lat.: 2986.415ms, rate sampling interval: 11337ms
  Thread calibration: mean lat.: 3224.144ms, rate sampling interval: 11272ms
  Thread calibration: mean lat.: 3224.646ms, rate sampling interval: 11763ms
  Thread calibration: mean lat.: 3113.976ms, rate sampling interval: 11616ms
  Thread calibration: mean lat.: 3105.022ms, rate sampling interval: 11247ms
  Thread calibration: mean lat.: 3353.976ms, rate sampling interval: 11763ms
  Thread calibration: mean lat.: 3309.324ms, rate sampling interval: 11681ms
  Thread calibration: mean lat.: 3049.369ms, rate sampling interval: 11206ms

-----------------------------------------------------------------------
Test Results @ http://10.103.14.205:80 
  Thread Stats   Avg      Stdev     99%   +/- Stdev
    Latency     9.68s     2.27s   13.62s    54.37%
    Req/Sec       -nan      -nan   0.00      0.00%
  Latency Distribution (HdrHistogram - Recorded Latency)
 50.000%    9.57s 
 75.000%   11.80s 
 90.000%   12.84s 
 99.000%   13.62s 
 99.900%   13.93s 
 99.990%   14.12s 
 99.999%   14.12s 
100.000%   14.12s 

  Detailed Percentile spectrum:
       Value   Percentile   TotalCount 1/(1-Percentile)

    5873.663     0.000000            1         1.00
    6717.439     0.100000          199         1.11
    7307.263     0.200000          399         1.25
    7888.895     0.300000          597         1.43
    8683.519     0.400000          797         1.67
    9568.255     0.500000          995         2.00
    9986.047     0.550000         1095         2.22
   10362.879     0.600000         1195         2.50
   10870.783     0.650000         1294         2.86
   11354.111     0.700000         1393         3.33
   11796.479     0.750000         1493         4.00
   12001.279     0.775000         1543         4.44
   12271.615     0.800000         1594         5.00
   12435.455     0.825000         1647         5.71
   12607.487     0.850000         1692         6.67
   12705.791     0.875000         1742         8.00
   12763.135     0.887500         1768         8.89
   12836.863     0.900000         1792        10.00
   12918.783     0.912500         1816        11.43
   13000.703     0.925000         1845        13.33
   13082.623     0.937500         1868        16.00
   13131.775     0.943750         1879        17.78
   13164.543     0.950000         1892        20.00
   13205.503     0.956250         1903        22.86
   13271.039     0.962500         1916        26.67
   13311.999     0.968750         1929        32.00
   13344.767     0.971875         1935        35.56
   13369.343     0.975000         1941        40.00
   13418.495     0.978125         1947        45.71
   13434.879     0.981250         1953        53.33
   13484.031     0.984375         1960        64.00
   13508.607     0.985938         1963        71.11
   13549.567     0.987500         1966        80.00
   13606.911     0.989062         1969        91.43
   13623.295     0.990625         1972       106.67
   13672.447     0.992188         1976       128.00
   13680.639     0.992969         1977       142.22
   13688.831     0.993750         1978       160.00
   13713.407     0.994531         1980       182.86
   13737.983     0.995313         1982       213.33
   13762.559     0.996094         1983       256.00
   13787.135     0.996484         1984       284.44
   13787.135     0.996875         1984       320.00
   13869.055     0.997266         1985       365.71
   13877.247     0.997656         1986       426.67
   13893.631     0.998047         1987       512.00
   13893.631     0.998242         1987       568.89
   13893.631     0.998437         1987       640.00
   13934.591     0.998633         1988       731.43
   13934.591     0.998828         1988       853.33
   14065.663     0.999023         1989      1024.00
   14065.663     0.999121         1989      1137.78
   14065.663     0.999219         1989      1280.00
   14065.663     0.999316         1989      1462.86
   14065.663     0.999414         1989      1706.67
   14123.007     0.999512         1990      2048.00
   14123.007     1.000000         1990          inf
#[Mean    =     9684.439, StdDeviation   =     2272.083]
#[Max     =    14114.816, Total count    =         1990]
#[Buckets =           27, SubBuckets     =         2048]
-----------------------------------------------------------------------
  4571 requests in 20.00s, 1.08MB read
Requests/sec:    228.55  
Transfer/sec:     55.54KB
