Running 20s test @ http://10.103.14.205:80
  50 threads and 50 connections

  Thread calibration: mean lat.: 3343.759ms, rate sampling interval: 11026ms
  Thread calibration: mean lat.: 3504.846ms, rate sampling interval: 11173ms
  Thread calibration: mean lat.: 3283.294ms, rate sampling interval: 11321ms
  Thread calibration: mean lat.: 3592.770ms, rate sampling interval: 11493ms
  Thread calibration: mean lat.: 3134.391ms, rate sampling interval: 10018ms
  Thread calibration: mean lat.: 3099.120ms, rate sampling interval: 10477ms
  Thread calibration: mean lat.: 3085.679ms, rate sampling interval: 10338ms
  Thread calibration: mean lat.: 3784.123ms, rate sampling interval: 12050ms
  Thread calibration: mean lat.: 3419.594ms, rate sampling interval: 11542ms
  Thread calibration: mean lat.: 3287.758ms, rate sampling interval: 11010ms
  Thread calibration: mean lat.: 3009.824ms, rate sampling interval: 10543ms
  Thread calibration: mean lat.: 3305.154ms, rate sampling interval: 10870ms
  Thread calibration: mean lat.: 3335.497ms, rate sampling interval: 11296ms
  Thread calibration: mean lat.: 3389.421ms, rate sampling interval: 11108ms
  Thread calibration: mean lat.: 3417.567ms, rate sampling interval: 11010ms
  Thread calibration: mean lat.: 3490.629ms, rate sampling interval: 11493ms
  Thread calibration: mean lat.: 3647.367ms, rate sampling interval: 11870ms
  Thread calibration: mean lat.: 3176.980ms, rate sampling interval: 10993ms
  Thread calibration: mean lat.: 3647.859ms, rate sampling interval: 11698ms
  Thread calibration: mean lat.: 3433.967ms, rate sampling interval: 11173ms
  Thread calibration: mean lat.: 3279.621ms, rate sampling interval: 11255ms
  Thread calibration: mean lat.: 3825.201ms, rate sampling interval: 12009ms
  Thread calibration: mean lat.: 3486.504ms, rate sampling interval: 11608ms
  Thread calibration: mean lat.: 3314.757ms, rate sampling interval: 11288ms
  Thread calibration: mean lat.: 3450.518ms, rate sampling interval: 11485ms
  Thread calibration: mean lat.: 3180.635ms, rate sampling interval: 11214ms
  Thread calibration: mean lat.: 3709.428ms, rate sampling interval: 12148ms
  Thread calibration: mean lat.: 3218.216ms, rate sampling interval: 10493ms
  Thread calibration: mean lat.: 3609.014ms, rate sampling interval: 11411ms
  Thread calibration: mean lat.: 3368.558ms, rate sampling interval: 11411ms
  Thread calibration: mean lat.: 3714.865ms, rate sampling interval: 11968ms
  Thread calibration: mean lat.: 3553.666ms, rate sampling interval: 11452ms
  Thread calibration: mean lat.: 3282.669ms, rate sampling interval: 11411ms
  Thread calibration: mean lat.: 3398.120ms, rate sampling interval: 11272ms
  Thread calibration: mean lat.: 3150.023ms, rate sampling interval: 10756ms
  Thread calibration: mean lat.: 3136.745ms, rate sampling interval: 10420ms
  Thread calibration: mean lat.: 3344.530ms, rate sampling interval: 11247ms
  Thread calibration: mean lat.: 3087.678ms, rate sampling interval: 10264ms
  Thread calibration: mean lat.: 3225.144ms, rate sampling interval: 10649ms
  Thread calibration: mean lat.: 3141.084ms, rate sampling interval: 10444ms
  Thread calibration: mean lat.: 3900.225ms, rate sampling interval: 11730ms
  Thread calibration: mean lat.: 3751.670ms, rate sampling interval: 11763ms
  Thread calibration: mean lat.: 3497.032ms, rate sampling interval: 11280ms
  Thread calibration: mean lat.: 3126.528ms, rate sampling interval: 10559ms
  Thread calibration: mean lat.: 3654.747ms, rate sampling interval: 11296ms
  Thread calibration: mean lat.: 3402.893ms, rate sampling interval: 10936ms
  Thread calibration: mean lat.: 3340.682ms, rate sampling interval: 11460ms
  Thread calibration: mean lat.: 3599.170ms, rate sampling interval: 11419ms
  Thread calibration: mean lat.: 3907.350ms, rate sampling interval: 12083ms
  Thread calibration: mean lat.: 3785.805ms, rate sampling interval: 12296ms

-----------------------------------------------------------------------
Test Results @ http://10.103.14.205:80 
  Thread Stats   Avg      Stdev     99%   +/- Stdev
    Latency     8.85s     1.66s   12.00s    60.30%
    Req/Sec       -nan      -nan   0.00      0.00%
  Latency Distribution (HdrHistogram - Recorded Latency)
 50.000%    9.00s 
 75.000%   10.18s 
 90.000%   10.99s 
 99.000%   12.00s 
 99.900%   12.66s 
 99.990%   12.70s 
 99.999%   12.70s 
100.000%   12.70s 

  Detailed Percentile spectrum:
       Value   Percentile   TotalCount 1/(1-Percentile)

    5603.327     0.000000            1         1.00
    6529.023     0.100000          246         1.11
    7073.791     0.200000          489         1.25
    7741.439     0.300000          732         1.43
    8302.591     0.400000          976         1.67
    9003.007     0.500000         1225         2.00
    9306.111     0.550000         1344         2.22
    9551.871     0.600000         1464         2.50
    9773.055     0.650000         1587         2.86
    9969.663     0.700000         1707         3.33
   10182.655     0.750000         1829         4.00
   10297.343     0.775000         1892         4.44
   10412.031     0.800000         1956         5.00
   10543.103     0.825000         2012         5.71
   10690.559     0.850000         2074         6.67
   10829.823     0.875000         2134         8.00
   10919.935     0.887500         2164         8.89
   11001.855     0.900000         2196        10.00
   11100.159     0.912500         2225        11.43
   11223.039     0.925000         2256        13.33
   11313.151     0.937500         2286        16.00
   11370.495     0.943750         2303        17.78
   11436.031     0.950000         2322        20.00
   11476.991     0.956250         2334        22.86
   11534.335     0.962500         2348        26.67
   11591.679     0.968750         2362        32.00
   11632.639     0.971875         2372        35.56
   11681.791     0.975000         2378        40.00
   11714.559     0.978125         2385        45.71
   11755.519     0.981250         2393        53.33
   11821.055     0.984375         2400        64.00
   11919.359     0.985938         2404        71.11
   11935.743     0.987500         2408        80.00
   11993.087     0.989062         2413        91.43
   12009.471     0.990625         2416       106.67
   12017.663     0.992188         2419       128.00
   12058.623     0.992969         2421       142.22
   12132.351     0.993750         2423       160.00
   12189.695     0.994531         2425       182.86
   12247.039     0.995313         2427       213.33
   12279.807     0.996094         2429       256.00
   12287.999     0.996484         2430       284.44
   12328.959     0.996875         2431       320.00
   12345.343     0.997266         2432       365.71
   12402.687     0.997656         2433       426.67
   12443.647     0.998047         2434       512.00
   12443.647     0.998242         2434       568.89
   12460.031     0.998437         2435       640.00
   12460.031     0.998633         2435       731.43
   12656.639     0.998828         2436       853.33
   12656.639     0.999023         2436      1024.00
   12656.639     0.999121         2436      1137.78
   12664.831     0.999219         2437      1280.00
   12664.831     0.999316         2437      1462.86
   12664.831     0.999414         2437      1706.67
   12664.831     0.999512         2437      2048.00
   12664.831     0.999561         2437      2275.56
   12697.599     0.999609         2438      2560.00
   12697.599     1.000000         2438          inf
#[Mean    =     8850.354, StdDeviation   =     1657.946]
#[Max     =    12689.408, Total count    =         2438]
#[Buckets =           27, SubBuckets     =         2048]
-----------------------------------------------------------------------
  4883 requests in 20.00s, 1.16MB read
Requests/sec:    244.13  
Transfer/sec:     59.33KB
