Running 20s test @ http://10.103.14.205:80
  50 threads and 50 connections

  Thread calibration: mean lat.: 119.121ms, rate sampling interval: 407ms
  Thread calibration: mean lat.: 116.799ms, rate sampling interval: 299ms
  Thread calibration: mean lat.: 135.341ms, rate sampling interval: 421ms
  Thread calibration: mean lat.: 127.003ms, rate sampling interval: 407ms
  Thread calibration: mean lat.: 133.041ms, rate sampling interval: 347ms
  Thread calibration: mean lat.: 136.755ms, rate sampling interval: 403ms
  Thread calibration: mean lat.: 131.090ms, rate sampling interval: 400ms
  Thread calibration: mean lat.: 152.324ms, rate sampling interval: 405ms
  Thread calibration: mean lat.: 133.997ms, rate sampling interval: 355ms
  Thread calibration: mean lat.: 158.735ms, rate sampling interval: 486ms
  Thread calibration: mean lat.: 134.962ms, rate sampling interval: 325ms
  Thread calibration: mean lat.: 157.427ms, rate sampling interval: 490ms
  Thread calibration: mean lat.: 146.503ms, rate sampling interval: 382ms
  Thread calibration: mean lat.: 150.315ms, rate sampling interval: 389ms
  Thread calibration: mean lat.: 172.950ms, rate sampling interval: 519ms
  Thread calibration: mean lat.: 176.696ms, rate sampling interval: 536ms
  Thread calibration: mean lat.: 187.620ms, rate sampling interval: 532ms
  Thread calibration: mean lat.: 189.590ms, rate sampling interval: 533ms
  Thread calibration: mean lat.: 180.464ms, rate sampling interval: 520ms
  Thread calibration: mean lat.: 161.402ms, rate sampling interval: 398ms
  Thread calibration: mean lat.: 174.399ms, rate sampling interval: 398ms
  Thread calibration: mean lat.: 182.371ms, rate sampling interval: 531ms
  Thread calibration: mean lat.: 166.281ms, rate sampling interval: 397ms
  Thread calibration: mean lat.: 166.952ms, rate sampling interval: 398ms
  Thread calibration: mean lat.: 184.252ms, rate sampling interval: 530ms
  Thread calibration: mean lat.: 164.554ms, rate sampling interval: 389ms
  Thread calibration: mean lat.: 183.725ms, rate sampling interval: 527ms
  Thread calibration: mean lat.: 172.529ms, rate sampling interval: 514ms
  Thread calibration: mean lat.: 156.917ms, rate sampling interval: 439ms
  Thread calibration: mean lat.: 142.192ms, rate sampling interval: 379ms
  Thread calibration: mean lat.: 153.950ms, rate sampling interval: 429ms
  Thread calibration: mean lat.: 143.438ms, rate sampling interval: 351ms
  Thread calibration: mean lat.: 146.859ms, rate sampling interval: 370ms
  Thread calibration: mean lat.: 157.777ms, rate sampling interval: 438ms
  Thread calibration: mean lat.: 150.277ms, rate sampling interval: 409ms
  Thread calibration: mean lat.: 159.917ms, rate sampling interval: 428ms
  Thread calibration: mean lat.: 148.873ms, rate sampling interval: 373ms
  Thread calibration: mean lat.: 159.603ms, rate sampling interval: 407ms
  Thread calibration: mean lat.: 159.498ms, rate sampling interval: 428ms
  Thread calibration: mean lat.: 146.535ms, rate sampling interval: 340ms
  Thread calibration: mean lat.: 150.943ms, rate sampling interval: 374ms
  Thread calibration: mean lat.: 149.994ms, rate sampling interval: 417ms
  Thread calibration: mean lat.: 155.317ms, rate sampling interval: 424ms
  Thread calibration: mean lat.: 153.950ms, rate sampling interval: 415ms
  Thread calibration: mean lat.: 146.146ms, rate sampling interval: 356ms
  Thread calibration: mean lat.: 144.439ms, rate sampling interval: 358ms
  Thread calibration: mean lat.: 154.728ms, rate sampling interval: 418ms
  Thread calibration: mean lat.: 152.995ms, rate sampling interval: 419ms
  Thread calibration: mean lat.: 155.585ms, rate sampling interval: 417ms
  Thread calibration: mean lat.: 152.447ms, rate sampling interval: 414ms

-----------------------------------------------------------------------
Test Results @ http://10.103.14.205:80 
  Thread Stats   Avg      Stdev     99%   +/- Stdev
    Latency   169.59ms   54.74ms 353.02ms   71.45%
    Req/Sec     3.42      1.31     7.00     95.69%
  Latency Distribution (HdrHistogram - Recorded Latency)
 50.000%  164.48ms
 75.000%  191.36ms
 90.000%  240.00ms
 99.000%  353.02ms
 99.900%  374.02ms
 99.990%  375.30ms
 99.999%  375.30ms
100.000%  375.30ms

  Detailed Percentile spectrum:
       Value   Percentile   TotalCount 1/(1-Percentile)

      45.055     0.000000            1         1.00
     106.623     0.100000          200         1.11
     126.719     0.200000          401         1.25
     138.623     0.300000          601         1.43
     151.807     0.400000          801         1.67
     164.479     0.500000         1004         2.00
     169.471     0.550000         1101         2.22
     174.079     0.600000         1203         2.50
     178.687     0.650000         1301         2.86
     183.935     0.700000         1401         3.33
     191.359     0.750000         1501         4.00
     196.735     0.775000         1550         4.44
     206.335     0.800000         1600         5.00
     216.575     0.825000         1650         5.71
     226.303     0.850000         1700         6.67
     232.575     0.875000         1750         8.00
     236.159     0.887500         1775         8.89
     239.999     0.900000         1801        10.00
     243.327     0.912500         1825        11.43
     252.927     0.925000         1850        13.33
     270.335     0.937500         1875        16.00
     276.735     0.943750         1888        17.78
     282.367     0.950000         1900        20.00
     288.511     0.956250         1914        22.86
     293.631     0.962500         1925        26.67
     295.935     0.968750         1938        32.00
     297.983     0.971875         1944        35.56
     301.823     0.975000         1951        40.00
     305.151     0.978125         1957        45.71
     306.687     0.981250         1963        53.33
     319.743     0.984375         1969        64.00
     322.047     0.985938         1972        71.11
     328.703     0.987500         1975        80.00
     352.767     0.989062         1979        91.43
     354.559     0.990625         1982       106.67
     360.191     0.992188         1985       128.00
     360.959     0.992969         1987       142.22
     362.751     0.993750         1988       160.00
     365.567     0.994531         1991       182.86
     365.567     0.995313         1991       213.33
     366.847     0.996094         1993       256.00
     366.847     0.996484         1993       284.44
     368.383     0.996875         1994       320.00
     369.407     0.997266         1995       365.71
     370.175     0.997656         1996       426.67
     371.711     0.998047         1997       512.00
     371.711     0.998242         1997       568.89
     371.711     0.998437         1997       640.00
     374.015     0.998633         1998       731.43
     374.015     0.998828         1998       853.33
     374.527     0.999023         1999      1024.00
     374.527     0.999121         1999      1137.78
     374.527     0.999219         1999      1280.00
     374.527     0.999316         1999      1462.86
     374.527     0.999414         1999      1706.67
     375.295     0.999512         2000      2048.00
     375.295     1.000000         2000          inf
#[Mean    =      169.594, StdDeviation   =       54.745]
#[Max     =      375.040, Total count    =         2000]
#[Buckets =           27, SubBuckets     =         2048]
-----------------------------------------------------------------------
  3950 requests in 20.01s, 0.94MB read
Requests/sec:    197.44  
Transfer/sec:     47.99KB
