Running 20s test @ http://10.101.67.199:80
  50 threads and 50 connections

  Thread calibration: mean lat.: 11.736ms, rate sampling interval: 34ms
  Thread calibration: mean lat.: 10.648ms, rate sampling interval: 27ms
  Thread calibration: mean lat.: 20.469ms, rate sampling interval: 54ms
  Thread calibration: mean lat.: 21.461ms, rate sampling interval: 57ms
  Thread calibration: mean lat.: 15.029ms, rate sampling interval: 41ms
  Thread calibration: mean lat.: 16.233ms, rate sampling interval: 39ms
  Thread calibration: mean lat.: 16.548ms, rate sampling interval: 39ms
  Thread calibration: mean lat.: 24.322ms, rate sampling interval: 57ms
  Thread calibration: mean lat.: 17.014ms, rate sampling interval: 42ms
  Thread calibration: mean lat.: 25.124ms, rate sampling interval: 63ms
  Thread calibration: mean lat.: 27.445ms, rate sampling interval: 74ms
  Thread calibration: mean lat.: 27.142ms, rate sampling interval: 74ms
  Thread calibration: mean lat.: 19.353ms, rate sampling interval: 47ms
  Thread calibration: mean lat.: 19.581ms, rate sampling interval: 47ms
  Thread calibration: mean lat.: 25.009ms, rate sampling interval: 69ms
  Thread calibration: mean lat.: 27.999ms, rate sampling interval: 69ms
  Thread calibration: mean lat.: 29.487ms, rate sampling interval: 68ms
  Thread calibration: mean lat.: 20.741ms, rate sampling interval: 52ms
  Thread calibration: mean lat.: 29.306ms, rate sampling interval: 66ms
  Thread calibration: mean lat.: 21.662ms, rate sampling interval: 58ms
  Thread calibration: mean lat.: 22.717ms, rate sampling interval: 61ms
  Thread calibration: mean lat.: 28.206ms, rate sampling interval: 64ms
  Thread calibration: mean lat.: 23.021ms, rate sampling interval: 59ms
  Thread calibration: mean lat.: 25.018ms, rate sampling interval: 58ms
  Thread calibration: mean lat.: 23.280ms, rate sampling interval: 56ms
  Thread calibration: mean lat.: 23.504ms, rate sampling interval: 55ms
  Thread calibration: mean lat.: 23.060ms, rate sampling interval: 54ms
  Thread calibration: mean lat.: 22.255ms, rate sampling interval: 52ms
  Thread calibration: mean lat.: 11.767ms, rate sampling interval: 39ms
  Thread calibration: mean lat.: 12.872ms, rate sampling interval: 40ms
  Thread calibration: mean lat.: 14.976ms, rate sampling interval: 44ms
  Thread calibration: mean lat.: 15.006ms, rate sampling interval: 38ms
  Thread calibration: mean lat.: 16.876ms, rate sampling interval: 44ms
  Thread calibration: mean lat.: 20.106ms, rate sampling interval: 46ms
  Thread calibration: mean lat.: 17.376ms, rate sampling interval: 42ms
  Thread calibration: mean lat.: 16.711ms, rate sampling interval: 42ms
  Thread calibration: mean lat.: 17.878ms, rate sampling interval: 42ms
  Thread calibration: mean lat.: 18.550ms, rate sampling interval: 42ms
  Thread calibration: mean lat.: 18.783ms, rate sampling interval: 43ms
  Thread calibration: mean lat.: 19.182ms, rate sampling interval: 44ms
  Thread calibration: mean lat.: 20.534ms, rate sampling interval: 50ms
  Thread calibration: mean lat.: 18.829ms, rate sampling interval: 44ms
  Thread calibration: mean lat.: 21.425ms, rate sampling interval: 50ms
  Thread calibration: mean lat.: 20.841ms, rate sampling interval: 48ms
  Thread calibration: mean lat.: 17.238ms, rate sampling interval: 42ms
  Thread calibration: mean lat.: 20.641ms, rate sampling interval: 46ms
  Thread calibration: mean lat.: 20.086ms, rate sampling interval: 45ms
  Thread calibration: mean lat.: 17.855ms, rate sampling interval: 42ms
  Thread calibration: mean lat.: 19.396ms, rate sampling interval: 43ms
  Thread calibration: mean lat.: 16.106ms, rate sampling interval: 37ms

-----------------------------------------------------------------------
Test Results @ http://10.101.67.199:80 
  Thread Stats   Avg      Stdev     99%   +/- Stdev
    Latency    19.78ms    5.74ms  35.90ms   72.06%
    Req/Sec     9.90     10.84    30.00     77.16%
  Latency Distribution (HdrHistogram - Recorded Latency)
 50.000%   19.49ms
 75.000%   23.17ms
 90.000%   26.72ms
 99.000%   35.90ms
 99.900%   48.48ms
 99.990%   51.10ms
 99.999%   52.10ms
100.000%   52.10ms

  Detailed Percentile spectrum:
       Value   Percentile   TotalCount 1/(1-Percentile)

       5.995     0.000000            1         1.00
      12.607     0.100000          501         1.11
      15.375     0.200000         1000         1.25
      16.975     0.300000         1500         1.43
      18.271     0.400000         2001         1.67
      19.487     0.500000         2510         2.00
      20.143     0.550000         2752         2.22
      20.831     0.600000         3001         2.50
      21.535     0.650000         3250         2.86
      22.287     0.700000         3501         3.33
      23.167     0.750000         3755         4.00
      23.647     0.775000         3876         4.44
      24.111     0.800000         4001         5.00
      24.591     0.825000         4125         5.71
      25.167     0.850000         4252         6.67
      25.855     0.875000         4383         8.00
      26.223     0.887500         4438         8.89
      26.719     0.900000         4500        10.00
      27.167     0.912500         4563        11.43
      27.759     0.925000         4626        13.33
      28.527     0.937500         4688        16.00
      28.863     0.943750         4719        17.78
      29.247     0.950000         4750        20.00
      29.775     0.956250         4782        22.86
      30.207     0.962500         4813        26.67
      30.895     0.968750         4846        32.00
      31.327     0.971875         4860        35.56
      31.663     0.975000         4875        40.00
      32.319     0.978125         4893        45.71
      32.703     0.981250         4908        53.33
      33.183     0.984375         4922        64.00
      33.791     0.985938         4930        71.11
      34.495     0.987500         4938        80.00
      35.295     0.989062         4947        91.43
      36.863     0.990625         4954       106.67
      37.311     0.992188         4961       128.00
      38.527     0.992969         4965       142.22
      39.167     0.993750         4969       160.00
      39.935     0.994531         4973       182.86
      41.087     0.995313         4977       213.33
      42.431     0.996094         4981       256.00
      43.999     0.996484         4983       284.44
      44.095     0.996875         4985       320.00
      45.247     0.997266         4987       365.71
      45.887     0.997656         4989       426.67
      46.911     0.998047         4991       512.00
      46.943     0.998242         4992       568.89
      46.975     0.998437         4993       640.00
      47.007     0.998633         4994       731.43
      48.479     0.998828         4995       853.33
      49.407     0.999023         4996      1024.00
      49.407     0.999121         4996      1137.78
      49.567     0.999219         4997      1280.00
      49.567     0.999316         4997      1462.86
      50.015     0.999414         4998      1706.67
      50.015     0.999512         4998      2048.00
      50.015     0.999561         4998      2275.56
      51.103     0.999609         4999      2560.00
      51.103     0.999658         4999      2925.71
      51.103     0.999707         4999      3413.33
      51.103     0.999756         4999      4096.00
      51.103     0.999780         4999      4551.11
      52.095     0.999805         5000      5120.00
      52.095     1.000000         5000          inf
#[Mean    =       19.779, StdDeviation   =        5.743]
#[Max     =       52.064, Total count    =         5000]
#[Buckets =           27, SubBuckets     =         2048]
-----------------------------------------------------------------------
  9950 requests in 20.00s, 2.55MB read
Requests/sec:    497.45  
Transfer/sec:    130.64KB
