Running 20s test @ http://10.98.59.46:5000
  50 threads and 50 connections

  Thread calibration: mean lat.: 1.610ms, rate sampling interval: 10ms
  Thread calibration: mean lat.: 1.272ms, rate sampling interval: 10ms
  Thread calibration: mean lat.: 1.985ms, rate sampling interval: 10ms
  Thread calibration: mean lat.: 2.330ms, rate sampling interval: 10ms
  Thread calibration: mean lat.: 2.181ms, rate sampling interval: 10ms
  Thread calibration: mean lat.: 2.923ms, rate sampling interval: 10ms
  Thread calibration: mean lat.: 3.177ms, rate sampling interval: 10ms
  Thread calibration: mean lat.: 3.358ms, rate sampling interval: 11ms
  Thread calibration: mean lat.: 3.687ms, rate sampling interval: 12ms
  Thread calibration: mean lat.: 3.894ms, rate sampling interval: 13ms
  Thread calibration: mean lat.: 3.984ms, rate sampling interval: 12ms
  Thread calibration: mean lat.: 4.124ms, rate sampling interval: 11ms
  Thread calibration: mean lat.: 4.433ms, rate sampling interval: 13ms
  Thread calibration: mean lat.: 4.674ms, rate sampling interval: 13ms
  Thread calibration: mean lat.: 4.944ms, rate sampling interval: 13ms
  Thread calibration: mean lat.: 4.908ms, rate sampling interval: 14ms
  Thread calibration: mean lat.: 4.666ms, rate sampling interval: 13ms
  Thread calibration: mean lat.: 4.682ms, rate sampling interval: 13ms
  Thread calibration: mean lat.: 4.562ms, rate sampling interval: 13ms
  Thread calibration: mean lat.: 4.223ms, rate sampling interval: 12ms
  Thread calibration: mean lat.: 3.991ms, rate sampling interval: 11ms
  Thread calibration: mean lat.: 3.902ms, rate sampling interval: 11ms
  Thread calibration: mean lat.: 3.651ms, rate sampling interval: 11ms
  Thread calibration: mean lat.: 3.239ms, rate sampling interval: 10ms
  Thread calibration: mean lat.: 3.332ms, rate sampling interval: 10ms
  Thread calibration: mean lat.: 3.037ms, rate sampling interval: 10ms
  Thread calibration: mean lat.: 2.932ms, rate sampling interval: 10ms
  Thread calibration: mean lat.: 0.996ms, rate sampling interval: 10ms
  Thread calibration: mean lat.: 1.009ms, rate sampling interval: 10ms
  Thread calibration: mean lat.: 1.015ms, rate sampling interval: 10ms
  Thread calibration: mean lat.: 1.008ms, rate sampling interval: 10ms
  Thread calibration: mean lat.: 0.969ms, rate sampling interval: 10ms
  Thread calibration: mean lat.: 0.992ms, rate sampling interval: 10ms
  Thread calibration: mean lat.: 1.059ms, rate sampling interval: 10ms
  Thread calibration: mean lat.: 1.259ms, rate sampling interval: 10ms
  Thread calibration: mean lat.: 1.639ms, rate sampling interval: 10ms
  Thread calibration: mean lat.: 2.242ms, rate sampling interval: 10ms
  Thread calibration: mean lat.: 2.414ms, rate sampling interval: 10ms
  Thread calibration: mean lat.: 1.959ms, rate sampling interval: 10ms
  Thread calibration: mean lat.: 2.637ms, rate sampling interval: 10ms
  Thread calibration: mean lat.: 3.101ms, rate sampling interval: 10ms
  Thread calibration: mean lat.: 3.331ms, rate sampling interval: 10ms
  Thread calibration: mean lat.: 3.541ms, rate sampling interval: 11ms
  Thread calibration: mean lat.: 3.892ms, rate sampling interval: 13ms
  Thread calibration: mean lat.: 4.150ms, rate sampling interval: 12ms
  Thread calibration: mean lat.: 4.080ms, rate sampling interval: 14ms
  Thread calibration: mean lat.: 4.372ms, rate sampling interval: 13ms
  Thread calibration: mean lat.: 4.595ms, rate sampling interval: 12ms
  Thread calibration: mean lat.: 4.935ms, rate sampling interval: 14ms
  Thread calibration: mean lat.: 5.066ms, rate sampling interval: 14ms

-----------------------------------------------------------------------
Test Results @ http://10.98.59.46:5000 
  Thread Stats   Avg      Stdev     99%   +/- Stdev
    Latency     3.13ms    2.11ms  10.00ms   63.75%
    Req/Sec    35.41     46.13   111.00     69.43%
  Latency Distribution (HdrHistogram - Recorded Latency)
 50.000%    2.94ms
 75.000%    4.46ms
 90.000%    5.66ms
 99.000%   10.00ms
 99.900%   12.92ms
 99.990%   15.20ms
 99.999%   15.86ms
100.000%   15.86ms

  Detailed Percentile spectrum:
       Value   Percentile   TotalCount 1/(1-Percentile)

       0.498     0.000000            1         1.00
       0.799     0.100000         1702         1.11
       0.969     0.200000         3395         1.25
       1.435     0.300000         5090         1.43
       2.219     0.400000         6785         1.67
       2.943     0.500000         8480         2.00
       3.269     0.550000         9326         2.22
       3.559     0.600000        10174         2.50
       3.881     0.650000        11031         2.86
       4.155     0.700000        11871         3.33
       4.463     0.750000        12730         4.00
       4.619     0.775000        13146         4.44
       4.783     0.800000        13569         5.00
       4.939     0.825000        13995         5.71
       5.139     0.850000        14412         6.67
       5.371     0.875000        14841         8.00
       5.507     0.887500        15049         8.89
       5.659     0.900000        15261        10.00
       5.827     0.912500        15473        11.43
       6.019     0.925000        15685        13.33
       6.275     0.937500        15900        16.00
       6.483     0.943750        16001        17.78
       6.659     0.950000        16107        20.00
       6.943     0.956250        16213        22.86
       7.311     0.962500        16320        26.67
       7.735     0.968750        16426        32.00
       7.983     0.971875        16478        35.56
       8.263     0.975000        16532        40.00
       8.551     0.978125        16585        45.71
       8.895     0.981250        16637        53.33
       9.199     0.984375        16690        64.00
       9.351     0.985938        16716        71.11
       9.551     0.987500        16745        80.00
       9.823     0.989062        16771        91.43
      10.111     0.990625        16797       106.67
      10.327     0.992188        16822       128.00
      10.487     0.992969        16835       142.22
      10.631     0.993750        16849       160.00
      10.791     0.994531        16862       182.86
      11.007     0.995313        16875       213.33
      11.271     0.996094        16889       256.00
      11.311     0.996484        16895       284.44
      11.407     0.996875        16902       320.00
      11.559     0.997266        16908       365.71
      11.855     0.997656        16915       426.67
      12.135     0.998047        16921       512.00
      12.455     0.998242        16925       568.89
      12.591     0.998437        16928       640.00
      12.663     0.998633        16931       731.43
      12.823     0.998828        16935       853.33
      12.951     0.999023        16938      1024.00
      13.079     0.999121        16940      1137.78
      13.199     0.999219        16941      1280.00
      13.463     0.999316        16944      1462.86
      13.543     0.999414        16945      1706.67
      13.655     0.999512        16946      2048.00
      13.983     0.999561        16947      2275.56
      14.199     0.999609        16948      2560.00
      14.415     0.999658        16949      2925.71
      14.567     0.999707        16950      3413.33
      14.567     0.999756        16950      4096.00
      15.111     0.999780        16951      4551.11
      15.111     0.999805        16951      5120.00
      15.199     0.999829        16952      5851.43
      15.199     0.999854        16952      6826.67
      15.199     0.999878        16952      8192.00
      15.703     0.999890        16953      9102.22
      15.703     0.999902        16953     10240.00
      15.703     0.999915        16953     11702.86
      15.703     0.999927        16953     13653.33
      15.703     0.999939        16953     16384.00
      15.863     0.999945        16954     18204.44
      15.863     1.000000        16954          inf
#[Mean    =        3.126, StdDeviation   =        2.109]
#[Max     =       15.856, Total count    =        16954]
#[Buckets =           27, SubBuckets     =         2048]
-----------------------------------------------------------------------
  33937 requests in 19.96s, 6.89MB read
Requests/sec:   1700.27  
Transfer/sec:    353.67KB
