Running 20s test @ http://10.101.67.199:80
  50 threads and 50 connections

  Thread calibration: mean lat.: 11.991ms, rate sampling interval: 40ms
  Thread calibration: mean lat.: 19.224ms, rate sampling interval: 53ms
  Thread calibration: mean lat.: 14.351ms, rate sampling interval: 39ms
  Thread calibration: mean lat.: 15.189ms, rate sampling interval: 39ms
  Thread calibration: mean lat.: 25.089ms, rate sampling interval: 57ms
  Thread calibration: mean lat.: 19.645ms, rate sampling interval: 53ms
  Thread calibration: mean lat.: 18.161ms, rate sampling interval: 49ms
  Thread calibration: mean lat.: 18.763ms, rate sampling interval: 48ms
  Thread calibration: mean lat.: 24.321ms, rate sampling interval: 57ms
  Thread calibration: mean lat.: 25.020ms, rate sampling interval: 64ms
  Thread calibration: mean lat.: 29.167ms, rate sampling interval: 76ms
  Thread calibration: mean lat.: 28.665ms, rate sampling interval: 77ms
  Thread calibration: mean lat.: 31.234ms, rate sampling interval: 77ms
  Thread calibration: mean lat.: 21.549ms, rate sampling interval: 57ms
  Thread calibration: mean lat.: 21.545ms, rate sampling interval: 51ms
  Thread calibration: mean lat.: 31.330ms, rate sampling interval: 74ms
  Thread calibration: mean lat.: 22.265ms, rate sampling interval: 60ms
  Thread calibration: mean lat.: 29.766ms, rate sampling interval: 71ms
  Thread calibration: mean lat.: 26.425ms, rate sampling interval: 66ms
  Thread calibration: mean lat.: 27.764ms, rate sampling interval: 67ms
  Thread calibration: mean lat.: 26.016ms, rate sampling interval: 63ms
  Thread calibration: mean lat.: 30.245ms, rate sampling interval: 69ms
  Thread calibration: mean lat.: 26.619ms, rate sampling interval: 64ms
  Thread calibration: mean lat.: 26.426ms, rate sampling interval: 64ms
  Thread calibration: mean lat.: 27.971ms, rate sampling interval: 63ms
  Thread calibration: mean lat.: 23.376ms, rate sampling interval: 58ms
  Thread calibration: mean lat.: 24.005ms, rate sampling interval: 58ms
  Thread calibration: mean lat.: 24.554ms, rate sampling interval: 57ms
  Thread calibration: mean lat.: 20.269ms, rate sampling interval: 47ms
  Thread calibration: mean lat.: 18.887ms, rate sampling interval: 46ms
  Thread calibration: mean lat.: 21.898ms, rate sampling interval: 49ms
  Thread calibration: mean lat.: 21.809ms, rate sampling interval: 49ms
  Thread calibration: mean lat.: 20.932ms, rate sampling interval: 50ms
  Thread calibration: mean lat.: 26.453ms, rate sampling interval: 78ms
  Thread calibration: mean lat.: 28.165ms, rate sampling interval: 78ms
  Thread calibration: mean lat.: 28.925ms, rate sampling interval: 78ms
  Thread calibration: mean lat.: 31.694ms, rate sampling interval: 76ms
  Thread calibration: mean lat.: 32.639ms, rate sampling interval: 75ms
  Thread calibration: mean lat.: 20.003ms, rate sampling interval: 57ms
  Thread calibration: mean lat.: 32.107ms, rate sampling interval: 72ms
  Thread calibration: mean lat.: 24.486ms, rate sampling interval: 71ms
  Thread calibration: mean lat.: 29.382ms, rate sampling interval: 71ms
  Thread calibration: mean lat.: 27.542ms, rate sampling interval: 69ms
  Thread calibration: mean lat.: 28.936ms, rate sampling interval: 69ms
  Thread calibration: mean lat.: 27.699ms, rate sampling interval: 68ms
  Thread calibration: mean lat.: 28.439ms, rate sampling interval: 66ms
  Thread calibration: mean lat.: 28.057ms, rate sampling interval: 68ms
  Thread calibration: mean lat.: 27.609ms, rate sampling interval: 64ms
  Thread calibration: mean lat.: 26.952ms, rate sampling interval: 62ms
  Thread calibration: mean lat.: 27.668ms, rate sampling interval: 64ms

-----------------------------------------------------------------------
Test Results @ http://10.101.67.199:80 
  Thread Stats   Avg      Stdev     99%   +/- Stdev
    Latency    24.96ms    7.80ms  49.12ms   73.35%
    Req/Sec     7.83      8.47    25.00     87.49%
  Latency Distribution (HdrHistogram - Recorded Latency)
 50.000%   24.32ms
 75.000%   29.52ms
 90.000%   33.98ms
 99.000%   49.12ms
 99.900%   65.50ms
 99.990%   68.67ms
 99.999%   68.67ms
100.000%   68.67ms

  Detailed Percentile spectrum:
       Value   Percentile   TotalCount 1/(1-Percentile)

       6.171     0.000000            1         1.00
      15.783     0.100000          400         1.11
      18.719     0.200000          801         1.25
      20.863     0.300000         1200         1.43
      22.607     0.400000         1604         1.67
      24.319     0.500000         2001         2.00
      25.311     0.550000         2200         2.22
      26.303     0.600000         2401         2.50
      27.343     0.650000         2600         2.86
      28.367     0.700000         2801         3.33
      29.519     0.750000         3000         4.00
      30.015     0.775000         3100         4.44
      30.687     0.800000         3202         5.00
      31.455     0.825000         3302         5.71
      32.175     0.850000         3402         6.67
      33.023     0.875000         3500         8.00
      33.503     0.887500         3551         8.89
      33.983     0.900000         3600        10.00
      34.623     0.912500         3652        11.43
      35.327     0.925000         3701        13.33
      36.287     0.937500         3752        16.00
      36.767     0.943750         3775        17.78
      37.407     0.950000         3801        20.00
      38.079     0.956250         3825        22.86
      38.879     0.962500         3850        26.67
      40.127     0.968750         3875        32.00
      40.703     0.971875         3888        35.56
      41.599     0.975000         3900        40.00
      42.847     0.978125         3913        45.71
      44.159     0.981250         3925        53.33
      45.695     0.984375         3938        64.00
      46.399     0.985938         3944        71.11
      47.519     0.987500         3950        80.00
      48.703     0.989062         3957        91.43
      49.791     0.990625         3963       106.67
      51.743     0.992188         3969       128.00
      52.767     0.992969         3972       142.22
      53.631     0.993750         3975       160.00
      55.487     0.994531         3979       182.86
      56.895     0.995313         3982       213.33
      58.655     0.996094         3985       256.00
      58.687     0.996484         3986       284.44
      59.743     0.996875         3988       320.00
      60.863     0.997266         3990       365.71
      60.991     0.997656         3991       426.67
      63.999     0.998047         3993       512.00
      63.999     0.998242         3993       568.89
      65.311     0.998437         3994       640.00
      65.407     0.998633         3995       731.43
      65.503     0.998828         3996       853.33
      67.583     0.999023         3998      1024.00
      67.583     0.999121         3998      1137.78
      67.583     0.999219         3998      1280.00
      67.583     0.999316         3998      1462.86
      67.583     0.999414         3998      1706.67
      68.543     0.999512         3999      2048.00
      68.543     0.999561         3999      2275.56
      68.543     0.999609         3999      2560.00
      68.543     0.999658         3999      2925.71
      68.543     0.999707         3999      3413.33
      68.671     0.999756         4000      4096.00
      68.671     1.000000         4000          inf
#[Mean    =       24.959, StdDeviation   =        7.802]
#[Max     =       68.608, Total count    =         4000]
#[Buckets =           27, SubBuckets     =         2048]
-----------------------------------------------------------------------
  7950 requests in 20.00s, 2.04MB read
Requests/sec:    397.44  
Transfer/sec:    104.40KB
