Running 20s test @ http://10.98.59.46:5000
  50 threads and 50 connections

  Thread calibration: mean lat.: 451.025ms, rate sampling interval: 1490ms
  Thread calibration: mean lat.: 463.837ms, rate sampling interval: 1503ms
  Thread calibration: mean lat.: 345.423ms, rate sampling interval: 1382ms
  Thread calibration: mean lat.: 463.926ms, rate sampling interval: 1473ms
  Thread calibration: mean lat.: 334.775ms, rate sampling interval: 1239ms
  Thread calibration: mean lat.: 328.812ms, rate sampling interval: 1116ms
  Thread calibration: mean lat.: 407.840ms, rate sampling interval: 1406ms
  Thread calibration: mean lat.: 335.547ms, rate sampling interval: 1202ms
  Thread calibration: mean lat.: 380.232ms, rate sampling interval: 1321ms
  Thread calibration: mean lat.: 417.492ms, rate sampling interval: 1475ms
  Thread calibration: mean lat.: 359.417ms, rate sampling interval: 1321ms
  Thread calibration: mean lat.: 463.094ms, rate sampling interval: 1511ms
  Thread calibration: mean lat.: 268.932ms, rate sampling interval: 1106ms
  Thread calibration: mean lat.: 347.772ms, rate sampling interval: 1269ms
  Thread calibration: mean lat.: 409.808ms, rate sampling interval: 1399ms
  Thread calibration: mean lat.: 445.861ms, rate sampling interval: 1470ms
  Thread calibration: mean lat.: 387.263ms, rate sampling interval: 1336ms
  Thread calibration: mean lat.: 349.902ms, rate sampling interval: 1377ms
  Thread calibration: mean lat.: 461.466ms, rate sampling interval: 1628ms
  Thread calibration: mean lat.: 379.867ms, rate sampling interval: 1433ms
  Thread calibration: mean lat.: 350.212ms, rate sampling interval: 1091ms
  Thread calibration: mean lat.: 549.413ms, rate sampling interval: 1872ms
  Thread calibration: mean lat.: 343.014ms, rate sampling interval: 1147ms
  Thread calibration: mean lat.: 355.926ms, rate sampling interval: 1227ms
  Thread calibration: mean lat.: 290.582ms, rate sampling interval: 1119ms
  Thread calibration: mean lat.: 424.905ms, rate sampling interval: 1341ms
  Thread calibration: mean lat.: 489.238ms, rate sampling interval: 1565ms
  Thread calibration: mean lat.: 386.035ms, rate sampling interval: 1242ms
  Thread calibration: mean lat.: 437.748ms, rate sampling interval: 1501ms
  Thread calibration: mean lat.: 407.261ms, rate sampling interval: 1332ms
  Thread calibration: mean lat.: 349.577ms, rate sampling interval: 1169ms
  Thread calibration: mean lat.: 428.991ms, rate sampling interval: 1512ms
  Thread calibration: mean lat.: 337.167ms, rate sampling interval: 1183ms
  Thread calibration: mean lat.: 383.671ms, rate sampling interval: 1290ms
  Thread calibration: mean lat.: 399.555ms, rate sampling interval: 1445ms
  Thread calibration: mean lat.: 551.589ms, rate sampling interval: 1863ms
  Thread calibration: mean lat.: 464.246ms, rate sampling interval: 1639ms
  Thread calibration: mean lat.: 452.900ms, rate sampling interval: 1437ms
  Thread calibration: mean lat.: 356.865ms, rate sampling interval: 1318ms
  Thread calibration: mean lat.: 425.357ms, rate sampling interval: 1466ms
  Thread calibration: mean lat.: 248.363ms, rate sampling interval: 990ms
  Thread calibration: mean lat.: 396.336ms, rate sampling interval: 1344ms
  Thread calibration: mean lat.: 478.569ms, rate sampling interval: 1482ms
  Thread calibration: mean lat.: 346.692ms, rate sampling interval: 1299ms
  Thread calibration: mean lat.: 430.128ms, rate sampling interval: 1490ms
  Thread calibration: mean lat.: 419.428ms, rate sampling interval: 1440ms
  Thread calibration: mean lat.: 419.304ms, rate sampling interval: 1382ms
  Thread calibration: mean lat.: 416.101ms, rate sampling interval: 1416ms
  Thread calibration: mean lat.: 309.205ms, rate sampling interval: 1128ms
  Thread calibration: mean lat.: 388.788ms, rate sampling interval: 1318ms

-----------------------------------------------------------------------
Test Results @ http://10.98.59.46:5000 
  Thread Stats   Avg      Stdev     99%   +/- Stdev
    Latency     1.18s   260.78ms   1.73s    62.38%
    Req/Sec    39.84      1.01    42.00     93.33%
  Latency Distribution (HdrHistogram - Recorded Latency)
 50.000%    1.17s 
 75.000%    1.38s 
 90.000%    1.54s 
 99.000%    1.73s 
 99.900%    1.84s 
 99.990%    1.87s 
 99.999%    1.87s 
100.000%    1.87s 

  Detailed Percentile spectrum:
       Value   Percentile   TotalCount 1/(1-Percentile)

     578.559     0.000000            1         1.00
     842.239     0.100000         2019         1.11
     928.255     0.200000         4030         1.25
    1009.663     0.300000         6032         1.43
    1092.607     0.400000         8063         1.67
    1168.383     0.500000        10064         2.00
    1211.391     0.550000        11050         2.22
    1252.351     0.600000        12071         2.50
    1296.383     0.650000        13063         2.86
    1340.415     0.700000        14067         3.33
    1384.447     0.750000        15066         4.00
    1406.975     0.775000        15588         4.44
    1429.503     0.800000        16086         5.00
    1453.055     0.825000        16569         5.71
    1478.655     0.850000        17077         6.67
    1506.303     0.875000        17586         8.00
    1521.663     0.887500        17837         8.89
    1537.023     0.900000        18079        10.00
    1554.431     0.912500        18327        11.43
    1573.887     0.925000        18584        13.33
    1593.343     0.937500        18831        16.00
    1603.583     0.943750        18965        17.78
    1612.799     0.950000        19083        20.00
    1623.039     0.956250        19211        22.86
    1636.351     0.962500        19330        26.67
    1651.711     0.968750        19459        32.00
    1658.879     0.971875        19526        35.56
    1666.047     0.975000        19583        40.00
    1675.263     0.978125        19645        45.71
    1687.551     0.981250        19716        53.33
    1698.815     0.984375        19770        64.00
    1705.983     0.985938        19801        71.11
    1714.175     0.987500        19835        80.00
    1723.391     0.989062        19869        91.43
    1732.607     0.990625        19898       106.67
    1743.871     0.992188        19928       128.00
    1750.015     0.992969        19944       142.22
    1754.111     0.993750        19959       160.00
    1761.279     0.994531        19976       182.86
    1766.399     0.995313        19989       213.33
    1773.567     0.996094        20006       256.00
    1779.711     0.996484        20015       284.44
    1784.831     0.996875        20022       320.00
    1788.927     0.997266        20029       365.71
    1797.119     0.997656        20036       426.67
    1812.479     0.998047        20044       512.00
    1819.647     0.998242        20050       568.89
    1822.719     0.998437        20052       640.00
    1828.863     0.998633        20056       731.43
    1833.983     0.998828        20060       853.33
    1843.199     0.999023        20064      1024.00
    1846.271     0.999121        20066      1137.78
    1851.391     0.999219        20068      1280.00
    1855.487     0.999316        20070      1462.86
    1856.511     0.999414        20072      1706.67
    1859.583     0.999512        20074      2048.00
    1861.631     0.999561        20076      2275.56
    1861.631     0.999609        20076      2560.00
    1863.679     0.999658        20078      2925.71
    1863.679     0.999707        20078      3413.33
    1865.727     0.999756        20079      4096.00
    1865.727     0.999780        20079      4551.11
    1866.751     0.999805        20080      5120.00
    1866.751     0.999829        20080      5851.43
    1868.799     0.999854        20081      6826.67
    1868.799     0.999878        20081      8192.00
    1868.799     0.999890        20081      9102.22
    1872.895     0.999902        20082     10240.00
    1872.895     0.999915        20082     11702.86
    1872.895     0.999927        20082     13653.33
    1872.895     0.999939        20082     16384.00
    1872.895     0.999945        20082     18204.44
    1874.943     0.999951        20083     20480.00
    1874.943     1.000000        20083          inf
#[Mean    =     1180.012, StdDeviation   =      260.776]
#[Max     =     1873.920, Total count    =        20083]
#[Buckets =           27, SubBuckets     =         2048]
-----------------------------------------------------------------------
  40387 requests in 19.96s, 8.20MB read
Requests/sec:   2023.59  
Transfer/sec:    420.92KB
