Running 20s test @ http://10.101.67.199:80
  50 threads and 50 connections

  Thread calibration: mean lat.: 7.624ms, rate sampling interval: 24ms
  Thread calibration: mean lat.: 9.456ms, rate sampling interval: 28ms
  Thread calibration: mean lat.: 7.939ms, rate sampling interval: 26ms
  Thread calibration: mean lat.: 9.903ms, rate sampling interval: 26ms
  Thread calibration: mean lat.: 9.173ms, rate sampling interval: 25ms
  Thread calibration: mean lat.: 8.856ms, rate sampling interval: 26ms
  Thread calibration: mean lat.: 14.299ms, rate sampling interval: 30ms
  Thread calibration: mean lat.: 14.066ms, rate sampling interval: 30ms
  Thread calibration: mean lat.: 8.181ms, rate sampling interval: 26ms
  Thread calibration: mean lat.: 12.851ms, rate sampling interval: 28ms
  Thread calibration: mean lat.: 13.272ms, rate sampling interval: 28ms
  Thread calibration: mean lat.: 14.295ms, rate sampling interval: 30ms
  Thread calibration: mean lat.: 12.979ms, rate sampling interval: 29ms
  Thread calibration: mean lat.: 13.981ms, rate sampling interval: 29ms
  Thread calibration: mean lat.: 12.854ms, rate sampling interval: 28ms
  Thread calibration: mean lat.: 8.072ms, rate sampling interval: 24ms
  Thread calibration: mean lat.: 13.082ms, rate sampling interval: 28ms
  Thread calibration: mean lat.: 8.205ms, rate sampling interval: 24ms
  Thread calibration: mean lat.: 11.776ms, rate sampling interval: 27ms
  Thread calibration: mean lat.: 11.506ms, rate sampling interval: 25ms
  Thread calibration: mean lat.: 10.332ms, rate sampling interval: 25ms
  Thread calibration: mean lat.: 10.314ms, rate sampling interval: 22ms
  Thread calibration: mean lat.: 7.210ms, rate sampling interval: 15ms
  Thread calibration: mean lat.: 6.842ms, rate sampling interval: 15ms
  Thread calibration: mean lat.: 8.438ms, rate sampling interval: 23ms
  Thread calibration: mean lat.: 7.858ms, rate sampling interval: 21ms
  Thread calibration: mean lat.: 6.389ms, rate sampling interval: 13ms
  Thread calibration: mean lat.: 8.523ms, rate sampling interval: 22ms
  Thread calibration: mean lat.: 9.448ms, rate sampling interval: 26ms
  Thread calibration: mean lat.: 10.791ms, rate sampling interval: 24ms
  Thread calibration: mean lat.: 12.573ms, rate sampling interval: 28ms
  Thread calibration: mean lat.: 11.856ms, rate sampling interval: 27ms
  Thread calibration: mean lat.: 11.394ms, rate sampling interval: 28ms
  Thread calibration: mean lat.: 12.614ms, rate sampling interval: 28ms
  Thread calibration: mean lat.: 11.315ms, rate sampling interval: 28ms
  Thread calibration: mean lat.: 8.443ms, rate sampling interval: 27ms
  Thread calibration: mean lat.: 6.796ms, rate sampling interval: 26ms
  Thread calibration: mean lat.: 12.782ms, rate sampling interval: 29ms
  Thread calibration: mean lat.: 12.890ms, rate sampling interval: 28ms
  Thread calibration: mean lat.: 12.535ms, rate sampling interval: 27ms
  Thread calibration: mean lat.: 12.461ms, rate sampling interval: 27ms
  Thread calibration: mean lat.: 8.740ms, rate sampling interval: 27ms
  Thread calibration: mean lat.: 12.526ms, rate sampling interval: 28ms
  Thread calibration: mean lat.: 11.065ms, rate sampling interval: 26ms
  Thread calibration: mean lat.: 11.425ms, rate sampling interval: 24ms
  Thread calibration: mean lat.: 4.928ms, rate sampling interval: 21ms
  Thread calibration: mean lat.: 10.299ms, rate sampling interval: 25ms
  Thread calibration: mean lat.: 11.119ms, rate sampling interval: 25ms
  Thread calibration: mean lat.: 6.761ms, rate sampling interval: 23ms
  Thread calibration: mean lat.: 5.443ms, rate sampling interval: 22ms

-----------------------------------------------------------------------
Test Results @ http://10.101.67.199:80 
  Thread Stats   Avg      Stdev     99%   +/- Stdev
    Latency     9.81ms    3.44ms  15.45ms   65.38%
    Req/Sec     8.11     16.75    66.00     80.15%
  Latency Distribution (HdrHistogram - Recorded Latency)
 50.000%   10.97ms
 75.000%   12.40ms
 90.000%   13.38ms
 99.000%   15.45ms
 99.900%   18.98ms
 99.990%   19.85ms
 99.999%   19.85ms
100.000%   19.85ms

  Detailed Percentile spectrum:
       Value   Percentile   TotalCount 1/(1-Percentile)

       2.429     0.000000            1         1.00
       4.231     0.100000          400         1.11
       5.871     0.200000          800         1.25
       7.791     0.300000         1200         1.43
      10.159     0.400000         1600         1.67
      10.967     0.500000         2004         2.00
      11.295     0.550000         2201         2.22
      11.607     0.600000         2403         2.50
      11.863     0.650000         2607         2.86
      12.127     0.700000         2801         3.33
      12.399     0.750000         3003         4.00
      12.543     0.775000         3100         4.44
      12.687     0.800000         3203         5.00
      12.815     0.825000         3300         5.71
      12.975     0.850000         3406         6.67
      13.183     0.875000         3502         8.00
      13.295     0.887500         3552         8.89
      13.375     0.900000         3602        10.00
      13.495     0.912500         3655        11.43
      13.631     0.925000         3700        13.33
      13.823     0.937500         3750        16.00
      13.903     0.943750         3775        17.78
      13.975     0.950000         3800        20.00
      14.095     0.956250         3825        22.86
      14.231     0.962500         3853        26.67
      14.407     0.968750         3877        32.00
      14.455     0.971875         3889        35.56
      14.543     0.975000         3901        40.00
      14.663     0.978125         3915        45.71
      14.767     0.981250         3926        53.33
      14.935     0.984375         3938        64.00
      14.999     0.985938         3946        71.11
      15.095     0.987500         3950        80.00
      15.407     0.989062         3957        91.43
      15.647     0.990625         3963       106.67
      16.055     0.992188         3969       128.00
      16.375     0.992969         3972       142.22
      16.671     0.993750         3975       160.00
      16.751     0.994531         3979       182.86
      16.847     0.995313         3982       213.33
      17.183     0.996094         3985       256.00
      17.199     0.996484         3986       284.44
      17.519     0.996875         3988       320.00
      17.823     0.997266         3990       365.71
      18.047     0.997656         3991       426.67
      18.799     0.998047         3993       512.00
      18.799     0.998242         3993       568.89
      18.943     0.998437         3995       640.00
      18.943     0.998633         3995       731.43
      18.975     0.998828         3996       853.33
      19.503     0.999023         3998      1024.00
      19.503     0.999121         3998      1137.78
      19.503     0.999219         3998      1280.00
      19.503     0.999316         3998      1462.86
      19.503     0.999414         3998      1706.67
      19.679     0.999512         3999      2048.00
      19.679     0.999561         3999      2275.56
      19.679     0.999609         3999      2560.00
      19.679     0.999658         3999      2925.71
      19.679     0.999707         3999      3413.33
      19.855     0.999756         4000      4096.00
      19.855     1.000000         4000          inf
#[Mean    =        9.812, StdDeviation   =        3.444]
#[Max     =       19.840, Total count    =         4000]
#[Buckets =           27, SubBuckets     =         2048]
-----------------------------------------------------------------------
  7950 requests in 20.00s, 1.76MB read
  Non-2xx or 3xx responses: 7950
Requests/sec:    397.45  
Transfer/sec:     89.85KB
