Running 20s test @ http://10.101.67.199:80
  50 threads and 50 connections

  Thread calibration: mean lat.: 17.328ms, rate sampling interval: 52ms
  Thread calibration: mean lat.: 14.689ms, rate sampling interval: 47ms
  Thread calibration: mean lat.: 24.366ms, rate sampling interval: 61ms
  Thread calibration: mean lat.: 26.773ms, rate sampling interval: 60ms
  Thread calibration: mean lat.: 19.556ms, rate sampling interval: 57ms
  Thread calibration: mean lat.: 18.484ms, rate sampling interval: 51ms
  Thread calibration: mean lat.: 28.079ms, rate sampling interval: 65ms
  Thread calibration: mean lat.: 21.790ms, rate sampling interval: 61ms
  Thread calibration: mean lat.: 29.793ms, rate sampling interval: 68ms
  Thread calibration: mean lat.: 28.843ms, rate sampling interval: 73ms
  Thread calibration: mean lat.: 21.791ms, rate sampling interval: 55ms
  Thread calibration: mean lat.: 25.177ms, rate sampling interval: 68ms
  Thread calibration: mean lat.: 26.984ms, rate sampling interval: 74ms
  Thread calibration: mean lat.: 30.442ms, rate sampling interval: 75ms
  Thread calibration: mean lat.: 32.176ms, rate sampling interval: 75ms
  Thread calibration: mean lat.: 32.731ms, rate sampling interval: 76ms
  Thread calibration: mean lat.: 25.845ms, rate sampling interval: 71ms
  Thread calibration: mean lat.: 26.288ms, rate sampling interval: 67ms
  Thread calibration: mean lat.: 25.306ms, rate sampling interval: 60ms
  Thread calibration: mean lat.: 31.771ms, rate sampling interval: 73ms
  Thread calibration: mean lat.: 25.526ms, rate sampling interval: 65ms
  Thread calibration: mean lat.: 24.882ms, rate sampling interval: 58ms
  Thread calibration: mean lat.: 27.791ms, rate sampling interval: 65ms
  Thread calibration: mean lat.: 30.305ms, rate sampling interval: 68ms
  Thread calibration: mean lat.: 25.606ms, rate sampling interval: 61ms
  Thread calibration: mean lat.: 25.077ms, rate sampling interval: 57ms
  Thread calibration: mean lat.: 28.546ms, rate sampling interval: 64ms
  Thread calibration: mean lat.: 26.225ms, rate sampling interval: 60ms
  Thread calibration: mean lat.: 18.999ms, rate sampling interval: 49ms
  Thread calibration: mean lat.: 17.711ms, rate sampling interval: 47ms
  Thread calibration: mean lat.: 17.907ms, rate sampling interval: 49ms
  Thread calibration: mean lat.: 23.125ms, rate sampling interval: 52ms
  Thread calibration: mean lat.: 23.053ms, rate sampling interval: 53ms
  Thread calibration: mean lat.: 26.215ms, rate sampling interval: 59ms
  Thread calibration: mean lat.: 26.739ms, rate sampling interval: 63ms
  Thread calibration: mean lat.: 21.110ms, rate sampling interval: 67ms
  Thread calibration: mean lat.: 28.456ms, rate sampling interval: 66ms
  Thread calibration: mean lat.: 20.778ms, rate sampling interval: 56ms
  Thread calibration: mean lat.: 27.940ms, rate sampling interval: 65ms
  Thread calibration: mean lat.: 26.708ms, rate sampling interval: 63ms
  Thread calibration: mean lat.: 23.488ms, rate sampling interval: 63ms
  Thread calibration: mean lat.: 25.063ms, rate sampling interval: 60ms
  Thread calibration: mean lat.: 22.109ms, rate sampling interval: 59ms
  Thread calibration: mean lat.: 25.033ms, rate sampling interval: 59ms
  Thread calibration: mean lat.: 26.273ms, rate sampling interval: 57ms
  Thread calibration: mean lat.: 21.565ms, rate sampling interval: 58ms
  Thread calibration: mean lat.: 23.772ms, rate sampling interval: 54ms
  Thread calibration: mean lat.: 22.875ms, rate sampling interval: 52ms
  Thread calibration: mean lat.: 23.454ms, rate sampling interval: 51ms
  Thread calibration: mean lat.: 21.399ms, rate sampling interval: 51ms

-----------------------------------------------------------------------
Test Results @ http://10.101.67.199:80 
  Thread Stats   Avg      Stdev     99%   +/- Stdev
    Latency    25.61ms    7.09ms  43.71ms   70.15%
    Req/Sec     3.92      7.04    20.00     75.97%
  Latency Distribution (HdrHistogram - Recorded Latency)
 50.000%   25.38ms
 75.000%   29.87ms
 90.000%   34.78ms
 99.000%   43.71ms
 99.900%   48.03ms
 99.990%   48.96ms
 99.999%   48.96ms
100.000%   48.96ms

  Detailed Percentile spectrum:
       Value   Percentile   TotalCount 1/(1-Percentile)

       6.435     0.000000            1         1.00
      16.895     0.100000          200         1.11
      19.791     0.200000          402         1.25
      21.727     0.300000          600         1.43
      23.791     0.400000          800         1.67
      25.375     0.500000         1001         2.00
      26.223     0.550000         1100         2.22
      27.039     0.600000         1200         2.50
      28.095     0.650000         1300         2.86
      28.911     0.700000         1401         3.33
      29.871     0.750000         1500         4.00
      30.463     0.775000         1551         4.44
      31.215     0.800000         1600         5.00
      31.903     0.825000         1650         5.71
      32.703     0.850000         1700         6.67
      33.535     0.875000         1750         8.00
      33.983     0.887500         1776         8.89
      34.783     0.900000         1800        10.00
      35.615     0.912500         1825        11.43
      36.479     0.925000         1851        13.33
      37.343     0.937500         1876        16.00
      37.695     0.943750         1888        17.78
      38.047     0.950000         1900        20.00
      38.431     0.956250         1913        22.86
      38.943     0.962500         1925        26.67
      39.743     0.968750         1938        32.00
      40.447     0.971875         1944        35.56
      40.671     0.975000         1951        40.00
      40.831     0.978125         1958        45.71
      41.279     0.981250         1963        53.33
      42.111     0.984375         1969        64.00
      42.815     0.985938         1972        71.11
      43.103     0.987500         1975        80.00
      43.551     0.989062         1979        91.43
      43.967     0.990625         1982       106.67
      44.639     0.992188         1985       128.00
      44.767     0.992969         1986       142.22
      45.311     0.993750         1988       160.00
      45.951     0.994531         1990       182.86
      46.015     0.995313         1991       213.33
      46.879     0.996094         1993       256.00
      46.879     0.996484         1993       284.44
      47.071     0.996875         1994       320.00
      47.423     0.997266         1995       365.71
      47.519     0.997656         1996       426.67
      47.839     0.998047         1997       512.00
      47.839     0.998242         1997       568.89
      47.839     0.998437         1997       640.00
      48.031     0.998633         1998       731.43
      48.031     0.998828         1998       853.33
      48.639     0.999023         1999      1024.00
      48.639     0.999121         1999      1137.78
      48.639     0.999219         1999      1280.00
      48.639     0.999316         1999      1462.86
      48.639     0.999414         1999      1706.67
      48.959     0.999512         2000      2048.00
      48.959     1.000000         2000          inf
#[Mean    =       25.609, StdDeviation   =        7.094]
#[Max     =       48.928, Total count    =         2000]
#[Buckets =           27, SubBuckets     =         2048]
-----------------------------------------------------------------------
  3950 requests in 20.00s, 1.01MB read
Requests/sec:    197.46  
Transfer/sec:     51.87KB
