Running 30s test @ http://10.105.79.127/?loopCount=25&base=6&exp=6
  1 threads and 1 connections

  Thread calibration: mean lat.: 1695.811ms, rate sampling interval: 6152ms

-----------------------------------------------------------------------
Test Results @ http://10.105.79.127/?loopCount=25&base=6&exp=6 
  Thread Stats   Avg      Stdev     99%   +/- Stdev
    Latency     6.85s     1.91s   10.27s    58.79%
    Req/Sec    16.00      0.00    16.00    100.00%
  Latency Distribution (HdrHistogram - Recorded Latency)
 50.000%    6.66s 
 75.000%    8.54s 
 90.000%    9.48s 
 99.000%   10.27s 
 99.900%   10.30s 
 99.990%   10.30s 
 99.999%   10.30s 
100.000%   10.30s 

  Detailed Percentile spectrum:
       Value   Percentile   TotalCount 1/(1-Percentile)

    3526.655     0.000000            1         1.00
    4235.263     0.100000           34         1.11
    4907.007     0.200000           66         1.25
    5611.519     0.300000          100         1.43
    6053.887     0.400000          133         1.67
    6660.095     0.500000          165         2.00
    7077.887     0.550000          182         2.22
    7520.255     0.600000          199         2.50
    7741.439     0.650000          216         2.86
    8101.887     0.700000          231         3.33
    8536.063     0.750000          249         4.00
    8732.671     0.775000          257         4.44
    8896.511     0.800000          264         5.00
    9117.695     0.825000          274         5.71
    9232.383     0.850000          284         6.67
    9297.919     0.875000          290         8.00
    9338.879     0.887500          294         8.89
    9478.143     0.900000          298        10.00
    9609.215     0.912500          302        11.43
    9740.287     0.925000          306        13.33
    9854.975     0.937500          314        16.00
    9854.975     0.943750          314        17.78
    9854.975     0.950000          314        20.00
   10002.431     0.956250          317        22.86
   10043.391     0.962500          318        26.67
   10084.351     0.968750          320        32.00
   10125.311     0.971875          321        35.56
   10158.079     0.975000          323        40.00
   10158.079     0.978125          323        45.71
   10190.847     0.981250          324        53.33
   10239.999     0.984375          326        64.00
   10239.999     0.985938          326        71.11
   10239.999     0.987500          326        80.00
   10272.767     0.989062          327        91.43
   10272.767     0.990625          327       106.67
   10280.959     0.992188          328       128.00
   10280.959     0.992969          328       142.22
   10280.959     0.993750          328       160.00
   10297.343     0.994531          330       182.86
   10297.343     1.000000          330          inf
#[Mean    =     6845.164, StdDeviation   =     1912.439]
#[Max     =    10289.152, Total count    =          330]
#[Buckets =           27, SubBuckets     =         2048]
-----------------------------------------------------------------------
  492 requests in 30.00s, 149.92KB read
Requests/sec:     16.40  
Transfer/sec:      5.00KB
