Running 30s test @ http://10.105.79.127/?loopCount=25&base=6&exp=6
  5 threads and 5 connections

  Thread calibration: mean lat.: 667.893ms, rate sampling interval: 2172ms
  Thread calibration: mean lat.: 784.242ms, rate sampling interval: 2482ms
  Thread calibration: mean lat.: 604.528ms, rate sampling interval: 2232ms
  Thread calibration: mean lat.: 896.855ms, rate sampling interval: 3293ms
  Thread calibration: mean lat.: 797.175ms, rate sampling interval: 2881ms

-----------------------------------------------------------------------
Test Results @ http://10.105.79.127/?loopCount=25&base=6&exp=6 
  Thread Stats   Avg      Stdev     99%   +/- Stdev
    Latency     2.91s   947.01ms   5.03s    60.38%
    Req/Sec    12.11      1.16    15.00     97.30%
  Latency Distribution (HdrHistogram - Recorded Latency)
 50.000%    2.86s 
 75.000%    3.73s 
 90.000%    4.10s 
 99.000%    5.03s 
 99.900%    5.43s 
 99.990%    5.44s 
 99.999%    5.44s 
100.000%    5.44s 

  Detailed Percentile spectrum:
       Value   Percentile   TotalCount 1/(1-Percentile)

    1118.207     0.000000            1         1.00
    1758.207     0.100000          127         1.11
    1963.007     0.200000          253         1.25
    2201.599     0.300000          381         1.43
    2496.511     0.400000          505         1.67
    2863.103     0.500000          631         2.00
    3053.567     0.550000          695         2.22
    3207.167     0.600000          758         2.50
    3360.767     0.650000          822         2.86
    3538.943     0.700000          884         3.33
    3729.407     0.750000          947         4.00
    3788.799     0.775000          979         4.44
    3858.431     0.800000         1012         5.00
    3901.439     0.825000         1042         5.71
    3983.359     0.850000         1073         6.67
    4046.847     0.875000         1108         8.00
    4069.375     0.887500         1122         8.89
    4102.143     0.900000         1136        10.00
    4198.399     0.912500         1152        11.43
    4382.719     0.925000         1170        13.33
    4415.487     0.937500         1184        16.00
    4423.679     0.943750         1192        17.78
    4452.351     0.950000         1200        20.00
    4468.735     0.956250         1207        22.86
    4493.311     0.962500         1216        26.67
    4509.695     0.968750         1223        32.00
    4562.943     0.971875         1227        35.56
    4681.727     0.975000         1232        40.00
    4849.663     0.978125         1236        45.71
    4894.719     0.981250         1239        53.33
    4964.351     0.984375         1243        64.00
    4993.023     0.985938         1245        71.11
    5013.503     0.987500         1247        80.00
    5033.983     0.989062         1249        91.43
    5074.943     0.990625         1251       106.67
    5189.631     0.992188         1253       128.00
    5234.687     0.992969         1254       142.22
    5259.263     0.993750         1255       160.00
    5283.839     0.994531         1256       182.86
    5292.031     0.995313         1257       213.33
    5410.815     0.996094         1259       256.00
    5410.815     0.996484         1259       284.44
    5410.815     0.996875         1259       320.00
    5410.815     0.997266         1259       365.71
    5419.007     0.997656         1260       426.67
    5419.007     0.998047         1260       512.00
    5419.007     0.998242         1260       568.89
    5427.199     0.998437         1261       640.00
    5427.199     0.998633         1261       731.43
    5427.199     0.998828         1261       853.33
    5427.199     0.999023         1261      1024.00
    5427.199     0.999121         1261      1137.78
    5435.391     0.999219         1262      1280.00
    5435.391     1.000000         1262          inf
#[Mean    =     2914.633, StdDeviation   =      947.015]
#[Max     =     5431.296, Total count    =         1262]
#[Buckets =           27, SubBuckets     =         2048]
-----------------------------------------------------------------------
  1903 requests in 30.00s, 580.16KB read
Requests/sec:     63.43  
Transfer/sec:     19.34KB
