Running 30s test @ http://10.105.79.127/?loopCount=25&base=6&exp=6
  5 threads and 5 connections

  Thread calibration: mean lat.: 84.415ms, rate sampling interval: 334ms
  Thread calibration: mean lat.: 93.554ms, rate sampling interval: 345ms
  Thread calibration: mean lat.: 100.458ms, rate sampling interval: 393ms
  Thread calibration: mean lat.: 86.184ms, rate sampling interval: 327ms
  Thread calibration: mean lat.: 90.251ms, rate sampling interval: 326ms

-----------------------------------------------------------------------
Test Results @ http://10.105.79.127/?loopCount=25&base=6&exp=6 
  Thread Stats   Avg      Stdev     99%   +/- Stdev
    Latency    90.70ms   52.82ms 260.35ms   77.78%
    Req/Sec     9.61      2.40    15.00     81.94%
  Latency Distribution (HdrHistogram - Recorded Latency)
 50.000%   84.48ms
 75.000%  116.03ms
 90.000%  169.21ms
 99.000%  260.35ms
 99.900%  280.06ms
 99.990%  291.07ms
 99.999%  291.07ms
100.000%  291.07ms

  Detailed Percentile spectrum:
       Value   Percentile   TotalCount 1/(1-Percentile)

      24.063     0.000000            1         1.00
      40.927     0.100000          101         1.11
      41.503     0.200000          204         1.25
      42.367     0.300000          300         1.43
      54.303     0.400000          400         1.67
      84.479     0.500000          500         2.00
      89.599     0.550000          550         2.22
      93.375     0.600000          602         2.50
      98.367     0.650000          652         2.86
     102.719     0.700000          700         3.33
     116.095     0.750000          750         4.00
     134.655     0.775000          775         4.44
     157.567     0.800000          801         5.00
     158.591     0.825000          827         5.71
     160.767     0.850000          851         6.67
     164.095     0.875000          875         8.00
     166.015     0.887500          887         8.89
     169.855     0.900000          901        10.00
     172.415     0.912500          912        11.43
     175.359     0.925000          925        13.33
     178.047     0.937500          937        16.00
     179.071     0.943750          944        17.78
     180.735     0.950000          950        20.00
     183.167     0.956250          958        22.86
     185.855     0.962500          962        26.67
     190.975     0.968750          969        32.00
     191.743     0.971875          971        35.56
     195.199     0.975000          975        40.00
     201.215     0.978125          979        45.71
     202.623     0.981250          981        53.33
     215.423     0.984375          984        64.00
     218.367     0.985938          985        71.11
     259.071     0.987500          987        80.00
     260.351     0.989062          989        91.43
     260.479     0.990625          990       106.67
     263.679     0.992188          992       128.00
     263.679     0.992969          992       142.22
     264.703     0.993750          993       160.00
     267.263     0.994531          994       182.86
     269.055     0.995313          995       213.33
     274.431     0.996094          996       256.00
     274.431     0.996484          996       284.44
     274.431     0.996875          996       320.00
     277.247     0.997266          997       365.71
     277.247     0.997656          997       426.67
     280.063     0.998047          998       512.00
     280.063     0.998242          998       568.89
     280.063     0.998437          998       640.00
     280.063     0.998633          998       731.43
     280.063     0.998828          998       853.33
     291.071     0.999023          999      1024.00
     291.071     1.000000          999          inf
#[Mean    =       90.698, StdDeviation   =       52.822]
#[Max     =      290.816, Total count    =          999]
#[Buckets =           27, SubBuckets     =         2048]
-----------------------------------------------------------------------
  1492 requests in 30.00s, 454.84KB read
Requests/sec:     49.73  
Transfer/sec:     15.16KB
