Running 1m test @ http://10.107.32.25/?loopCount=25&base=6&exp=6
  1 threads and 1 connections

  Thread calibration: mean lat.: 1621.530ms, rate sampling interval: 6041ms
reconnect_socket

-----------------------------------------------------------------------
Test Results @ http://10.107.32.25/?loopCount=25&base=6&exp=6 
  Thread Stats   Avg      Stdev     99%   +/- Stdev
    Latency     5.32s   881.90ms   6.82s    63.92%
    Req/Sec     3.12      5.69    16.00     87.50%
  Latency Distribution (HdrHistogram - Recorded Latency)
 50.000%    5.39s 
 75.000%    5.95s 
 90.000%    6.51s 
 99.000%    6.82s 
 99.900%    6.91s 
 99.990%    6.91s 
 99.999%    6.91s 
100.000%    6.91s 

  Detailed Percentile spectrum:
       Value   Percentile   TotalCount 1/(1-Percentile)

    3690.495     0.000000            2         1.00
    4034.559     0.100000           16         1.11
    4460.543     0.200000           33         1.25
    4648.959     0.300000           48         1.43
    5070.847     0.400000           65         1.67
    5390.335     0.500000           79         2.00
    5566.463     0.550000           87         2.22
    5722.111     0.600000           95         2.50
    5820.415     0.650000          104         2.86
    5935.103     0.700000          112         3.33
    5951.487     0.750000          119         4.00
    6037.503     0.775000          123         4.44
    6123.519     0.800000          127         5.00
    6205.439     0.825000          131         5.71
    6340.607     0.850000          136         6.67
    6471.679     0.875000          140         8.00
    6508.543     0.887500          142         8.89
    6516.735     0.900000          143        10.00
    6549.503     0.912500          145        11.43
    6590.463     0.925000          147        13.33
    6643.711     0.937500          149        16.00
    6655.999     0.943750          151        17.78
    6655.999     0.950000          151        20.00
    6680.575     0.956250          152        22.86
    6733.823     0.962500          153        26.67
    6787.071     0.968750          155        32.00
    6787.071     0.971875          155        35.56
    6787.071     0.975000          155        40.00
    6787.071     0.978125          155        45.71
    6823.935     0.981250          156        53.33
    6823.935     0.984375          156        64.00
    6823.935     0.985938          156        71.11
    6864.895     0.987500          157        80.00
    6864.895     0.989062          157        91.43
    6864.895     0.990625          157       106.67
    6864.895     0.992188          157       128.00
    6864.895     0.992969          157       142.22
    6909.951     0.993750          158       160.00
    6909.951     1.000000          158          inf
#[Mean    =     5316.141, StdDeviation   =      881.904]
#[Max     =     6905.856, Total count    =          158]
#[Buckets =           27, SubBuckets     =         2048]
-----------------------------------------------------------------------
  315 requests in 1.00m, 96.00KB read
Requests/sec:      5.25  
Transfer/sec:      1.60KB
