Running 1m test @ http://10.107.32.25/?loopCount=25&base=6&exp=6
  5 threads and 5 connections

  Thread calibration: mean lat.: 56.216ms, rate sampling interval: 171ms
  Thread calibration: mean lat.: 65.955ms, rate sampling interval: 180ms
  Thread calibration: mean lat.: 64.377ms, rate sampling interval: 187ms
  Thread calibration: mean lat.: 65.836ms, rate sampling interval: 305ms
  Thread calibration: mean lat.: 41.616ms, rate sampling interval: 83ms
reconnect_socket
reconnect_socket
reconnect_socket

-----------------------------------------------------------------------
Test Results @ http://10.107.32.25/?loopCount=25&base=6&exp=6 
  Thread Stats   Avg      Stdev     99%   +/- Stdev
    Latency   314.11ms    2.50s   24.33s    98.93%
    Req/Sec     3.90      5.00    16.00     69.50%
  Latency Distribution (HdrHistogram - Recorded Latency)
 50.000%   41.82ms
 75.000%   53.50ms
 90.000%   85.82ms
 99.000%   24.33s 
 99.900%   24.35s 
 99.990%   24.38s 
 99.999%   24.38s 
100.000%   24.38s 

  Detailed Percentile spectrum:
       Value   Percentile   TotalCount 1/(1-Percentile)

      21.775     0.000000            1         1.00
      40.639     0.100000          123         1.11
      40.927     0.200000          252         1.25
      41.311     0.300000          374         1.43
      41.599     0.400000          495         1.67
      41.823     0.500000          607         2.00
      42.015     0.550000          675         2.22
      42.239     0.600000          731         2.50
      42.559     0.650000          790         2.86
      43.103     0.700000          850         3.33
      53.503     0.750000          910         4.00
      56.959     0.775000          941         4.44
      64.607     0.800000          971         5.00
      69.247     0.825000         1001         5.71
      77.311     0.850000         1033         6.67
      84.351     0.875000         1062         8.00
      85.055     0.887500         1078         8.89
      85.823     0.900000         1094        10.00
      88.639     0.912500         1107        11.43
      94.399     0.925000         1123        13.33
     102.847     0.937500         1138        16.00
     126.527     0.943750         1145        17.78
     153.215     0.950000         1153        20.00
     155.263     0.956250         1160        22.86
     157.823     0.962500         1169        26.67
     161.791     0.968750         1176        32.00
     164.607     0.971875         1179        35.56
     173.567     0.975000         1183        40.00
     175.359     0.978125         1187        45.71
     185.855     0.981250         1191        53.33
     199.679     0.984375         1195        64.00
     212.991     0.985938         1196        71.11
     259.327     0.987500         1198        80.00
     271.871     0.989062         1200        91.43
   24346.623     0.990625         1212       106.67
   24346.623     0.992188         1212       128.00
   24346.623     0.992969         1212       142.22
   24346.623     0.993750         1212       160.00
   24346.623     0.994531         1212       182.86
   24346.623     0.995313         1212       213.33
   24346.623     0.996094         1212       256.00
   24346.623     0.996484         1212       284.44
   24346.623     0.996875         1212       320.00
   24346.623     0.997266         1212       365.71
   24346.623     0.997656         1212       426.67
   24346.623     0.998047         1212       512.00
   24346.623     0.998242         1212       568.89
   24346.623     0.998437         1212       640.00
   24346.623     0.998633         1212       731.43
   24346.623     0.998828         1212       853.33
   24346.623     0.999023         1212      1024.00
   24346.623     0.999121         1212      1137.78
   24379.391     0.999219         1213      1280.00
   24379.391     1.000000         1213          inf
#[Mean    =      314.106, StdDeviation   =     2500.849]
#[Max     =    24363.008, Total count    =         1213]
#[Buckets =           27, SubBuckets     =         2048]
-----------------------------------------------------------------------
  1610 requests in 1.00m, 490.65KB read
  Socket errors: connect 0, read 1, write 0, timeout 0
Requests/sec:     26.83  
Transfer/sec:      8.18KB
