Running 1m test @ http://10.107.32.25/?loopCount=25&base=6&exp=6
  5 threads and 5 connections

  Thread calibration: mean lat.: 386.992ms, rate sampling interval: 1506ms
  Thread calibration: mean lat.: 535.062ms, rate sampling interval: 1830ms
  Thread calibration: mean lat.: 282.664ms, rate sampling interval: 955ms
  Thread calibration: mean lat.: 286.857ms, rate sampling interval: 1269ms
  Thread calibration: mean lat.: 408.823ms, rate sampling interval: 1182ms
reconnect_socket
reconnect_socket
reconnect_socket
reconnect_socket

-----------------------------------------------------------------------
Test Results @ http://10.107.32.25/?loopCount=25&base=6&exp=6 
  Thread Stats   Avg      Stdev     99%   +/- Stdev
    Latency     1.08s   781.34ms   1.99s    51.17%
    Req/Sec    14.34      1.42    20.00     92.23%
  Latency Distribution (HdrHistogram - Recorded Latency)
 50.000%    1.57s 
 75.000%    1.71s 
 90.000%    1.97s 
 99.000%    1.99s 
 99.900%    2.00s 
 99.990%    2.03s 
 99.999%    2.03s 
100.000%    2.03s 

  Detailed Percentile spectrum:
       Value   Percentile   TotalCount 1/(1-Percentile)

      22.239     0.000000            1         1.00
      41.791     0.100000          379         1.11
      42.975     0.200000          752         1.25
      67.007     0.300000         1117         1.43
     969.215     0.400000         1490         1.67
    1573.887     0.500000         1871         2.00
    1575.935     0.550000         2117         2.22
    1576.959     0.600000         2252         2.50
    1659.903     0.650000         2421         2.86
    1709.055     0.700000         2787         3.33
    1710.079     0.750000         2916         4.00
    1710.079     0.775000         2916         4.44
    1717.247     0.800000         2980         5.00
    1787.903     0.825000         3072         5.71
    1971.199     0.850000         3167         6.67
    1974.271     0.875000         3400         8.00
    1974.271     0.887500         3400         8.89
    1974.271     0.900000         3400        10.00
    1974.271     0.912500         3400        11.43
    1975.295     0.925000         3566        13.33
    1975.295     0.937500         3566        16.00
    1975.295     0.943750         3566        17.78
    1975.295     0.950000         3566        20.00
    1975.295     0.956250         3566        22.86
    1976.319     0.962500         3630        26.67
    1976.319     0.968750         3630        32.00
    1976.319     0.971875         3630        35.56
    1976.319     0.975000         3630        40.00
    1978.367     0.978125         3645        45.71
    1982.463     0.981250         3654        53.33
    1986.559     0.984375         3673        64.00
    1986.559     0.985938         3673        71.11
    1987.583     0.987500         3687        80.00
    1987.583     0.989062         3687        91.43
    1988.607     0.990625         3689       106.67
    1992.703     0.992188         3696       128.00
    1993.727     0.992969         3697       142.22
    1995.775     0.993750         3702       160.00
    1996.799     0.994531         3705       182.86
    1997.823     0.995313         3707       213.33
    1998.847     0.996094         3712       256.00
    1998.847     0.996484         3712       284.44
    1998.847     0.996875         3712       320.00
    1999.871     0.997266         3716       365.71
    1999.871     0.997656         3716       426.67
    1999.871     0.998047         3716       512.00
    2000.895     0.998242         3717       568.89
    2001.919     0.998437         3719       640.00
    2001.919     0.998633         3719       731.43
    2001.919     0.998828         3719       853.33
    2012.159     0.999023         3720      1024.00
    2012.159     0.999121         3720      1137.78
    2018.303     0.999219         3721      1280.00
    2018.303     0.999316         3721      1462.86
    2018.303     0.999414         3721      1706.67
    2019.327     0.999512         3722      2048.00
    2019.327     0.999561         3722      2275.56
    2019.327     0.999609         3722      2560.00
    2019.327     0.999658         3722      2925.71
    2019.327     0.999707         3722      3413.33
    2026.495     0.999756         3723      4096.00
    2026.495     1.000000         3723          inf
#[Mean    =     1082.760, StdDeviation   =      781.336]
#[Max     =     2025.472, Total count    =         3723]
#[Buckets =           27, SubBuckets     =         2048]
-----------------------------------------------------------------------
  4418 requests in 1.00m, 1.31MB read
Requests/sec:     73.63  
Transfer/sec:     22.44KB
