Running 30s test @ http://10.106.139.161/?loopCount=25&base=6&exp=6
  1 threads and 1 connections

  Thread calibration: mean lat.: 1461.503ms, rate sampling interval: 6094ms

-----------------------------------------------------------------------
Test Results @ http://10.106.139.161/?loopCount=25&base=6&exp=6 
  Thread Stats   Avg      Stdev     99%   +/- Stdev
    Latency     6.73s     3.86s   15.42s    77.49%
    Req/Sec     9.67      5.91    18.00     66.67%
  Latency Distribution (HdrHistogram - Recorded Latency)
 50.000%    4.36s 
 75.000%    9.85s 
 90.000%   13.21s 
 99.000%   15.42s 
 99.900%   15.65s 
 99.990%   15.65s 
 99.999%   15.65s 
100.000%   15.65s 

  Detailed Percentile spectrum:
       Value   Percentile   TotalCount 1/(1-Percentile)

    3313.663     0.000000            3         1.00
    3420.159     0.100000           20         1.11
    3837.951     0.200000           39         1.25
    3954.687     0.300000           58         1.43
    4128.767     0.400000           77         1.67
    4362.239     0.500000           97         2.00
    4468.735     0.550000          106         2.22
    5574.655     0.600000          115         2.50
    7086.079     0.650000          125         2.86
    8511.487     0.700000          134         3.33
    9920.511     0.750000          144         4.00
   10641.407     0.775000          149         4.44
   10870.783     0.800000          153         5.00
   11452.415     0.825000          158         5.71
   12066.815     0.850000          163         6.67
   12845.055     0.875000          168         8.00
   13066.239     0.887500          170         8.89
   13205.503     0.900000          172        10.00
   13598.719     0.912500          175        11.43
   13983.743     0.925000          177        13.33
   14385.151     0.937500          180        16.00
   14458.879     0.943750          181        17.78
   14589.951     0.950000          182        20.00
   14753.791     0.956250          183        22.86
   14827.519     0.962500          184        26.67
   15048.703     0.968750          186        32.00
   15048.703     0.971875          186        35.56
   15114.239     0.975000          187        40.00
   15114.239     0.978125          187        45.71
   15269.887     0.981250          188        53.33
   15417.343     0.984375          189        64.00
   15417.343     0.985938          189        71.11
   15417.343     0.987500          189        80.00
   15417.343     0.989062          189        91.43
   15589.375     0.990625          190       106.67
   15589.375     0.992188          190       128.00
   15589.375     0.992969          190       142.22
   15589.375     0.993750          190       160.00
   15589.375     0.994531          190       182.86
   15646.719     0.995313          191       213.33
   15646.719     1.000000          191          inf
#[Mean    =     6734.725, StdDeviation   =     3863.843]
#[Max     =    15638.528, Total count    =          191]
#[Buckets =           27, SubBuckets     =         2048]
-----------------------------------------------------------------------
  358 requests in 30.00s, 106.61KB read
  Non-2xx or 3xx responses: 28
Requests/sec:     11.93  
Transfer/sec:      3.55KB
