Running 30s test @ http://10.106.139.161/?loopCount=25&base=6&exp=6
  5 threads and 5 connections

  Thread calibration: mean lat.: 733.864ms, rate sampling interval: 2719ms
  Thread calibration: mean lat.: 742.176ms, rate sampling interval: 2885ms
  Thread calibration: mean lat.: 508.535ms, rate sampling interval: 2040ms
  Thread calibration: mean lat.: 878.814ms, rate sampling interval: 3192ms
  Thread calibration: mean lat.: 859.672ms, rate sampling interval: 3088ms

-----------------------------------------------------------------------
Test Results @ http://10.106.139.161/?loopCount=25&base=6&exp=6 
  Thread Stats   Avg      Stdev     99%   +/- Stdev
    Latency     2.99s   631.46ms   4.30s    66.10%
    Req/Sec    12.97      1.65    18.00     88.24%
  Latency Distribution (HdrHistogram - Recorded Latency)
 50.000%    3.08s 
 75.000%    3.47s 
 90.000%    3.70s 
 99.000%    4.30s 
 99.900%    4.38s 
 99.990%    4.39s 
 99.999%    4.39s 
100.000%    4.39s 

  Detailed Percentile spectrum:
       Value   Percentile   TotalCount 1/(1-Percentile)

    1383.423     0.000000            1         1.00
    2062.335     0.100000          135         1.11
    2398.207     0.200000          269         1.25
    2660.351     0.300000          403         1.43
    2897.919     0.400000          538         1.67
    3082.239     0.500000          671         2.00
    3155.967     0.550000          739         2.22
    3239.935     0.600000          807         2.50
    3325.951     0.650000          875         2.86
    3393.535     0.700000          940         3.33
    3465.215     0.750000         1012         4.00
    3497.983     0.775000         1041         4.44
    3528.703     0.800000         1074         5.00
    3573.759     0.825000         1108         5.71
    3624.959     0.850000         1145         6.67
    3661.823     0.875000         1178         8.00
    3670.015     0.887500         1192         8.89
    3698.687     0.900000         1209        10.00
    3729.407     0.912500         1225        11.43
    3774.463     0.925000         1242        13.33
    3829.759     0.937500         1260        16.00
    3856.383     0.943750         1268        17.78
    3901.439     0.950000         1275        20.00
    3971.071     0.956250         1284        22.86
    4007.935     0.962500         1292        26.67
    4077.567     0.968750         1301        32.00
    4100.095     0.971875         1305        35.56
    4141.055     0.975000         1309        40.00
    4194.303     0.978125         1313        45.71
    4227.071     0.981250         1318        53.33
    4259.839     0.984375         1322        64.00
    4276.223     0.985938         1324        71.11
    4280.319     0.987500         1326        80.00
    4296.703     0.989062         1328        91.43
    4304.895     0.990625         1330       106.67
    4325.375     0.992188         1333       128.00
    4325.375     0.992969         1333       142.22
    4333.567     0.993750         1335       160.00
    4333.567     0.994531         1335       182.86
    4345.855     0.995313         1336       213.33
    4349.951     0.996094         1338       256.00
    4349.951     0.996484         1338       284.44
    4349.951     0.996875         1338       320.00
    4362.239     0.997266         1339       365.71
    4362.239     0.997656         1339       426.67
    4370.431     0.998047         1340       512.00
    4370.431     0.998242         1340       568.89
    4370.431     0.998437         1340       640.00
    4378.623     0.998633         1341       731.43
    4378.623     0.998828         1341       853.33
    4378.623     0.999023         1341      1024.00
    4378.623     0.999121         1341      1137.78
    4378.623     0.999219         1341      1280.00
    4386.815     0.999316         1342      1462.86
    4386.815     1.000000         1342          inf
#[Mean    =     2989.133, StdDeviation   =      631.457]
#[Max     =     4382.720, Total count    =         1342]
#[Buckets =           27, SubBuckets     =         2048]
-----------------------------------------------------------------------
  1961 requests in 30.00s, 596.78KB read
  Non-2xx or 3xx responses: 10
Requests/sec:     65.36  
Transfer/sec:     19.89KB
