Running 30s test @ http://10.106.139.161/?loopCount=25&base=6&exp=6
  5 threads and 5 connections

  Thread calibration: mean lat.: 75.001ms, rate sampling interval: 236ms
  Thread calibration: mean lat.: 65.846ms, rate sampling interval: 216ms
  Thread calibration: mean lat.: 83.458ms, rate sampling interval: 315ms
  Thread calibration: mean lat.: 75.946ms, rate sampling interval: 251ms
  Thread calibration: mean lat.: 70.879ms, rate sampling interval: 228ms

-----------------------------------------------------------------------
Test Results @ http://10.106.139.161/?loopCount=25&base=6&exp=6 
  Thread Stats   Avg      Stdev     99%   +/- Stdev
    Latency   332.51ms  334.25ms   1.41s    85.14%
    Req/Sec     9.24      4.99    23.00     80.49%
  Latency Distribution (HdrHistogram - Recorded Latency)
 50.000%  206.85ms
 75.000%  498.17ms
 90.000%  845.31ms
 99.000%    1.41s 
 99.900%    1.65s 
 99.990%    1.71s 
 99.999%    1.71s 
100.000%    1.71s 

  Detailed Percentile spectrum:
       Value   Percentile   TotalCount 1/(1-Percentile)

      22.335     0.000000            1         1.00
      41.279     0.100000          100         1.11
      60.767     0.200000          196         1.25
     108.543     0.300000          293         1.43
     139.263     0.400000          391         1.67
     206.847     0.500000          488         2.00
     227.711     0.550000          537         2.22
     297.983     0.600000          586         2.50
     323.071     0.650000          635         2.86
     406.527     0.700000          684         3.33
     498.175     0.750000          732         4.00
     512.767     0.775000          757         4.44
     560.127     0.800000          781         5.00
     605.695     0.825000          807         5.71
     653.311     0.850000          830         6.67
     740.863     0.875000          854         8.00
     807.423     0.887500          867         8.89
     855.551     0.900000          879        10.00
     906.751     0.912500          891        11.43
     956.415     0.925000          903        13.33
    1005.567     0.937500          915        16.00
    1020.415     0.943750          922        17.78
    1056.767     0.950000          928        20.00
    1111.039     0.956250          934        22.86
    1136.639     0.962500          940        26.67
    1187.839     0.968750          946        32.00
    1209.343     0.971875          949        35.56
    1214.463     0.975000          952        40.00
    1247.231     0.978125          955        45.71
    1298.431     0.981250          958        53.33
    1310.719     0.984375          961        64.00
    1317.887     0.985938          963        71.11
    1351.679     0.987500          964        80.00
    1409.023     0.989062          966        91.43
    1412.095     0.990625          967       106.67
    1468.415     0.992188          969       128.00
    1512.447     0.992969          970       142.22
    1512.447     0.993750          970       160.00
    1528.831     0.994531          971       182.86
    1588.223     0.995313          972       213.33
    1607.679     0.996094          973       256.00
    1607.679     0.996484          973       284.44
    1607.679     0.996875          973       320.00
    1612.799     0.997266          974       365.71
    1612.799     0.997656          974       426.67
    1646.591     0.998047          975       512.00
    1646.591     0.998242          975       568.89
    1646.591     0.998437          975       640.00
    1646.591     0.998633          975       731.43
    1646.591     0.998828          975       853.33
    1705.983     0.999023          976      1024.00
    1705.983     1.000000          976          inf
#[Mean    =      332.506, StdDeviation   =      334.252]
#[Max     =     1704.960, Total count    =          976]
#[Buckets =           27, SubBuckets     =         2048]
-----------------------------------------------------------------------
  1468 requests in 30.00s, 447.72KB read
Requests/sec:     48.93  
Transfer/sec:     14.92KB
