Running 30s test @ http://10.106.139.161/?loopCount=25&base=6&exp=6
  5 threads and 5 connections

  Thread calibration: mean lat.: 67.808ms, rate sampling interval: 235ms
  Thread calibration: mean lat.: 66.992ms, rate sampling interval: 235ms
  Thread calibration: mean lat.: 82.488ms, rate sampling interval: 265ms
  Thread calibration: mean lat.: 62.002ms, rate sampling interval: 227ms
  Thread calibration: mean lat.: 66.471ms, rate sampling interval: 239ms

-----------------------------------------------------------------------
Test Results @ http://10.106.139.161/?loopCount=25&base=6&exp=6 
  Thread Stats   Avg      Stdev     99%   +/- Stdev
    Latency    74.90ms   48.64ms 229.12ms   83.65%
    Req/Sec     9.49      3.17    17.00     84.38%
  Latency Distribution (HdrHistogram - Recorded Latency)
 50.000%   45.82ms
 75.000%  114.18ms
 90.000%  135.93ms
 99.000%  229.12ms
 99.900%  241.66ms
 99.990%  248.96ms
 99.999%  248.96ms
100.000%  248.96ms

  Detailed Percentile spectrum:
       Value   Percentile   TotalCount 1/(1-Percentile)

      21.871     0.000000            1         1.00
      40.511     0.100000          102         1.11
      41.055     0.200000          201         1.25
      41.535     0.300000          305         1.43
      42.591     0.400000          399         1.67
      45.823     0.500000          499         2.00
      50.975     0.550000          549         2.22
      58.271     0.600000          600         2.50
      65.983     0.650000          649         2.86
     109.951     0.700000          698         3.33
     114.175     0.750000          748         4.00
     117.311     0.775000          773         4.44
     118.399     0.800000          798         5.00
     121.791     0.825000          823         5.71
     123.327     0.850000          848         6.67
     130.495     0.875000          873         8.00
     132.607     0.887500          885         8.89
     136.447     0.900000          899        10.00
     138.495     0.912500          910        11.43
     146.175     0.925000          923        13.33
     152.831     0.937500          935        16.00
     156.159     0.943750          941        17.78
     163.327     0.950000          948        20.00
     189.951     0.956250          954        22.86
     212.095     0.962500          960        26.67
     213.887     0.968750          966        32.00
     215.679     0.971875          969        35.56
     217.855     0.975000          973        40.00
     218.751     0.978125          976        45.71
     221.567     0.981250          979        53.33
     222.719     0.984375          982        64.00
     223.103     0.985938          983        71.11
     225.279     0.987500          985        80.00
     229.119     0.989062          987        91.43
     230.271     0.990625          989       106.67
     230.655     0.992188          990       128.00
     230.655     0.992969          990       142.22
     231.679     0.993750          991       160.00
     236.159     0.994531          993       182.86
     236.159     0.995313          993       213.33
     238.975     0.996094          994       256.00
     238.975     0.996484          994       284.44
     238.975     0.996875          994       320.00
     239.999     0.997266          995       365.71
     239.999     0.997656          995       426.67
     241.663     0.998047          996       512.00
     241.663     0.998242          996       568.89
     241.663     0.998437          996       640.00
     241.663     0.998633          996       731.43
     241.663     0.998828          996       853.33
     248.959     0.999023          997      1024.00
     248.959     1.000000          997          inf
#[Mean    =       74.897, StdDeviation   =       48.641]
#[Max     =      248.832, Total count    =          997]
#[Buckets =           27, SubBuckets     =         2048]
-----------------------------------------------------------------------
  1489 requests in 30.00s, 453.99KB read
Requests/sec:     49.63  
Transfer/sec:     15.13KB
