Running 30s test @ http://10.106.139.161/?loopCount=25&base=6&exp=6
  5 threads and 5 connections

reconnect_socket
reconnect_socket
  Thread calibration: mean lat.: 695.329ms, rate sampling interval: 2385ms
  Thread calibration: mean lat.: 750.873ms, rate sampling interval: 2762ms
  Thread calibration: mean lat.: 607.821ms, rate sampling interval: 2363ms
  Thread calibration: mean lat.: 1879.635ms, rate sampling interval: 5492ms
  Thread calibration: mean lat.: 1769.001ms, rate sampling interval: 4849ms

-----------------------------------------------------------------------
Test Results @ http://10.106.139.161/?loopCount=25&base=6&exp=6 
  Thread Stats   Avg      Stdev     99%   +/- Stdev
    Latency     4.65s   982.78ms   6.96s    67.45%
    Req/Sec    11.63      1.40    13.00     90.00%
  Latency Distribution (HdrHistogram - Recorded Latency)
 50.000%    4.67s 
 75.000%    5.32s 
 90.000%    5.90s 
 99.000%    6.96s 
 99.900%    7.52s 
 99.990%    7.54s 
 99.999%    7.54s 
100.000%    7.54s 

  Detailed Percentile spectrum:
       Value   Percentile   TotalCount 1/(1-Percentile)

    1867.775     0.000000            1         1.00
    3256.319     0.100000          120         1.11
    3829.759     0.200000          240         1.25
    4202.495     0.300000          362         1.43
    4386.815     0.400000          480         1.67
    4673.535     0.500000          600         2.00
    4804.607     0.550000          659         2.22
    4927.487     0.600000          720         2.50
    5038.079     0.650000          780         2.86
    5173.247     0.700000          840         3.33
    5316.607     0.750000          901         4.00
    5365.759     0.775000          930         4.44
    5423.103     0.800000          959         5.00
    5496.831     0.825000          990         5.71
    5636.095     0.850000         1019         6.67
    5787.647     0.875000         1049         8.00
    5849.087     0.887500         1064         8.89
    5910.527     0.900000         1079        10.00
    5992.447     0.912500         1094        11.43
    6070.271     0.925000         1109        13.33
    6176.767     0.937500         1124        16.00
    6217.727     0.943750         1131        17.78
    6254.591     0.950000         1139        20.00
    6291.455     0.956250         1146        22.86
    6418.431     0.962500         1154        26.67
    6529.023     0.968750         1161        32.00
    6553.599     0.971875         1165        35.56
    6619.135     0.975000         1169        40.00
    6672.383     0.978125         1172        45.71
    6832.127     0.981250         1176        53.33
    6897.663     0.984375         1180        64.00
    6914.047     0.985938         1182        71.11
    6938.623     0.987500         1185        80.00
    6938.623     0.989062         1185        91.43
    6963.199     0.990625         1187       106.67
    7032.831     0.992188         1189       128.00
    7073.791     0.992969         1190       142.22
    7196.671     0.993750         1191       160.00
    7225.343     0.994531         1192       182.86
    7376.895     0.995313         1193       213.33
    7417.855     0.996094         1194       256.00
    7417.855     0.996484         1194       284.44
    7462.911     0.996875         1195       320.00
    7462.911     0.997266         1195       365.71
    7487.487     0.997656         1196       426.67
    7487.487     0.998047         1196       512.00
    7487.487     0.998242         1196       568.89
    7516.159     0.998437         1197       640.00
    7516.159     0.998633         1197       731.43
    7516.159     0.998828         1197       853.33
    7516.159     0.999023         1197      1024.00
    7516.159     0.999121         1197      1137.78
    7540.735     0.999219         1198      1280.00
    7540.735     1.000000         1198          inf
#[Mean    =     4651.526, StdDeviation   =      982.782]
#[Max     =     7536.640, Total count    =         1198]
#[Buckets =           27, SubBuckets     =         2048]
-----------------------------------------------------------------------
  1766 requests in 30.00s, 537.54KB read
  Socket errors: connect 0, read 2, write 0, timeout 0
  Non-2xx or 3xx responses: 8
Requests/sec:     58.86  
Transfer/sec:     17.92KB
