Running 30s test @ http://10.106.139.161/?loopCount=25&base=6&exp=6
  1 threads and 1 connections

  Thread calibration: mean lat.: 399.320ms, rate sampling interval: 1447ms

-----------------------------------------------------------------------
Test Results @ http://10.106.139.161/?loopCount=25&base=6&exp=6 
  Thread Stats   Avg      Stdev     99%   +/- Stdev
    Latency     3.99s     3.68s   13.12s    82.11%
    Req/Sec     9.15      6.14    21.00     76.92%
  Latency Distribution (HdrHistogram - Recorded Latency)
 50.000%    1.73s 
 75.000%    6.21s 
 90.000%   10.20s 
 99.000%   13.12s 
 99.900%   13.25s 
 99.990%   13.25s 
 99.999%   13.25s 
100.000%   13.25s 

  Detailed Percentile spectrum:
       Value   Percentile   TotalCount 1/(1-Percentile)

     904.191     0.000000            1         1.00
     968.191     0.100000           19         1.11
    1211.391     0.200000           38         1.25
    1326.079     0.300000           58         1.43
    1480.703     0.400000           76         1.67
    1725.439     0.500000           97         2.00
    2148.351     0.550000          105         2.22
    3184.639     0.600000          114         2.50
    4165.631     0.650000          124         2.86
    5206.015     0.700000          133         3.33
    6205.439     0.750000          143         4.00
    6807.551     0.775000          148         4.44
    7049.215     0.800000          152         5.00
    7852.031     0.825000          157         5.71
    8650.751     0.850000          162         6.67
    9551.871     0.875000          167         8.00
    9863.167     0.887500          169         8.89
   10199.039     0.900000          171        10.00
   11165.695     0.912500          174        11.43
   11395.071     0.925000          176        13.33
   11870.207     0.937500          179        16.00
   12042.239     0.943750          180        17.78
   12287.999     0.950000          181        20.00
   12361.727     0.956250          182        22.86
   12419.071     0.962500          183        26.67
   12738.559     0.968750          185        32.00
   12738.559     0.971875          185        35.56
   12902.399     0.975000          186        40.00
   12902.399     0.978125          186        45.71
   13049.855     0.981250          187        53.33
   13123.583     0.984375          188        64.00
   13123.583     0.985938          188        71.11
   13123.583     0.987500          188        80.00
   13123.583     0.989062          188        91.43
   13180.927     0.990625          189       106.67
   13180.927     0.992188          189       128.00
   13180.927     0.992969          189       142.22
   13180.927     0.993750          189       160.00
   13180.927     0.994531          189       182.86
   13254.655     0.995313          190       213.33
   13254.655     1.000000          190          inf
#[Mean    =     3993.971, StdDeviation   =     3684.927]
#[Max     =    13246.464, Total count    =          190]
#[Buckets =           27, SubBuckets     =         2048]
-----------------------------------------------------------------------
  417 requests in 30.00s, 125.83KB read
  Non-2xx or 3xx responses: 17
Requests/sec:     13.90  
Transfer/sec:      4.19KB
