Running 30s test @ http://10.106.139.161/?loopCount=25&base=6&exp=6
  1 threads and 1 connections

  Thread calibration: mean lat.: 2488.608ms, rate sampling interval: 10321ms

-----------------------------------------------------------------------
Test Results @ http://10.106.139.161/?loopCount=25&base=6&exp=6 
  Thread Stats   Avg      Stdev     99%   +/- Stdev
    Latency    10.79s     3.53s   16.07s    42.91%
    Req/Sec    12.00      0.00    12.00    100.00%
  Latency Distribution (HdrHistogram - Recorded Latency)
 50.000%   10.61s 
 75.000%   14.59s 
 90.000%   15.69s 
 99.000%   16.07s 
 99.900%   16.07s 
 99.990%   16.07s 
 99.999%   16.07s 
100.000%   16.07s 

  Detailed Percentile spectrum:
       Value   Percentile   TotalCount 1/(1-Percentile)

    6008.831     0.000000            1         1.00
    6758.399     0.100000           31         1.11
    6770.687     0.200000           54         1.25
    7356.415     0.300000           75         1.43
    8798.207     0.400000           99         1.67
   10608.639     0.500000          124         2.00
   11223.039     0.550000          136         2.22
   12034.047     0.600000          149         2.50
   12918.783     0.650000          161         2.86
   13770.751     0.700000          173         3.33
   14622.719     0.750000          187         4.00
   14778.367     0.775000          192         4.44
   14958.591     0.800000          198         5.00
   15253.503     0.825000          204         5.71
   15441.919     0.850000          211         6.67
   15507.455     0.875000          217         8.00
   15589.375     0.887500          220         8.89
   15695.871     0.900000          223        10.00
   15745.023     0.912500          226        11.43
   15777.791     0.925000          229        13.33
   15794.175     0.937500          232        16.00
   15843.327     0.943750          234        17.78
   15859.711     0.950000          236        20.00
   15884.287     0.956250          237        22.86
   15925.247     0.962500          239        26.67
   15949.823     0.968750          241        32.00
   15949.823     0.971875          241        35.56
   15949.823     0.975000          241        40.00
   15966.207     0.978125          243        45.71
   15966.207     0.981250          243        53.33
   16031.743     0.984375          244        64.00
   16031.743     0.985938          244        71.11
   16031.743     0.987500          244        80.00
   16072.703     0.989062          247        91.43
   16072.703     1.000000          247          inf
#[Mean    =    10788.035, StdDeviation   =     3529.433]
#[Max     =    16064.512, Total count    =          247]
#[Buckets =           27, SubBuckets     =         2048]
-----------------------------------------------------------------------
  348 requests in 30.00s, 104.52KB read
  Non-2xx or 3xx responses: 19
Requests/sec:     11.60  
Transfer/sec:      3.48KB
