Running 30s test @ http://10.106.139.161/?loopCount=25&base=6&exp=6
  1 threads and 1 connections

  Thread calibration: mean lat.: 1085.045ms, rate sampling interval: 4505ms

-----------------------------------------------------------------------
Test Results @ http://10.106.139.161/?loopCount=25&base=6&exp=6 
  Thread Stats   Avg      Stdev     99%   +/- Stdev
    Latency     4.94s     1.35s    7.45s    64.55%
    Req/Sec    18.00      2.24    21.00    100.00%
  Latency Distribution (HdrHistogram - Recorded Latency)
 50.000%    4.48s 
 75.000%    6.30s 
 90.000%    7.19s 
 99.000%    7.45s 
 99.900%    7.46s 
 99.990%    7.46s 
 99.999%    7.46s 
100.000%    7.46s 

  Detailed Percentile spectrum:
       Value   Percentile   TotalCount 1/(1-Percentile)

    2650.111     0.000000            1         1.00
    3524.607     0.100000           38         1.11
    3919.871     0.200000           77         1.25
    4198.399     0.300000          115         1.43
    4313.087     0.400000          154         1.67
    4481.023     0.500000          196         2.00
    4505.599     0.550000          213         2.22
    4546.559     0.600000          227         2.50
    4710.399     0.650000          246         2.86
    5156.863     0.700000          265         3.33
    6295.551     0.750000          285         4.00
    6467.583     0.775000          293         4.44
    6598.655     0.800000          305         5.00
    6750.207     0.825000          312         5.71
    6979.583     0.850000          322         6.67
    7057.407     0.875000          331         8.00
    7102.463     0.887500          337         8.89
    7204.863     0.900000          341        10.00
    7208.959     0.912500          346        11.43
    7258.111     0.925000          350        13.33
    7356.415     0.937500          360        16.00
    7356.415     0.943750          360        17.78
    7356.415     0.950000          360        20.00
    7397.375     0.956250          363        22.86
    7401.471     0.962500          367        26.67
    7401.471     0.968750          367        32.00
    7426.047     0.971875          368        35.56
    7450.623     0.975000          376        40.00
    7450.623     0.978125          376        45.71
    7450.623     0.981250          376        53.33
    7450.623     0.984375          376        64.00
    7450.623     0.985938          376        71.11
    7450.623     0.987500          376        80.00
    7450.623     0.989062          376        91.43
    7450.623     0.990625          376       106.67
    7450.623     0.992188          376       128.00
    7450.623     0.992969          376       142.22
    7450.623     0.993750          376       160.00
    7450.623     0.994531          376       182.86
    7462.911     0.995313          378       213.33
    7462.911     1.000000          378          inf
#[Mean    =     4935.328, StdDeviation   =     1345.239]
#[Max     =     7458.816, Total count    =          378]
#[Buckets =           27, SubBuckets     =         2048]
-----------------------------------------------------------------------
  562 requests in 30.00s, 171.28KB read
  Non-2xx or 3xx responses: 1
Requests/sec:     18.73  
Transfer/sec:      5.71KB
