Running 30s test @ http://10.106.139.161/?loopCount=25&base=6&exp=6
  1 threads and 1 connections

  Thread calibration: mean lat.: 3364.862ms, rate sampling interval: 11722ms

-----------------------------------------------------------------------
Test Results @ http://10.106.139.161/?loopCount=25&base=6&exp=6 
  Thread Stats   Avg      Stdev     99%   +/- Stdev
    Latency     7.61s   181.67ms   7.82s    70.58%
    Req/Sec    22.00      0.00    22.00    100.00%
  Latency Distribution (HdrHistogram - Recorded Latency)
 50.000%    7.70s 
 75.000%    7.77s 
 90.000%    7.80s 
 99.000%    7.82s 
 99.900%    7.82s 
 99.990%    7.82s 
 99.999%    7.82s 
100.000%    7.82s 

  Detailed Percentile spectrum:
       Value   Percentile   TotalCount 1/(1-Percentile)

    6701.055     0.000000            1         1.00
    7352.319     0.100000           48         1.11
    7495.679     0.200000           97         1.25
    7507.967     0.300000          156         1.43
    7516.159     0.400000          211         1.67
    7700.479     0.500000          236         2.00
    7729.151     0.550000          263         2.22
    7741.439     0.600000          282         2.50
    7757.823     0.650000          307         2.86
    7770.111     0.700000          347         3.33
    7774.207     0.750000          366         4.00
    7774.207     0.775000          366         4.44
    7778.303     0.800000          382         5.00
    7782.399     0.825000          392         5.71
    7790.591     0.850000          401         6.67
    7798.783     0.875000          415         8.00
    7802.879     0.887500          428         8.89
    7802.879     0.900000          428        10.00
    7802.879     0.912500          428        11.43
    7806.975     0.925000          435        13.33
    7811.071     0.937500          446        16.00
    7811.071     0.943750          446        17.78
    7811.071     0.950000          446        20.00
    7815.167     0.956250          468        22.86
    7815.167     0.962500          468        26.67
    7815.167     0.968750          468        32.00
    7815.167     0.971875          468        35.56
    7815.167     0.975000          468        40.00
    7815.167     0.978125          468        45.71
    7815.167     0.981250          468        53.33
    7815.167     0.984375          468        64.00
    7815.167     0.985938          468        71.11
    7815.167     0.987500          468        80.00
    7815.167     0.989062          468        91.43
    7815.167     0.990625          468       106.67
    7815.167     0.992188          468       128.00
    7815.167     0.992969          468       142.22
    7815.167     0.993750          468       160.00
    7815.167     0.994531          468       182.86
    7815.167     0.995313          468       213.33
    7815.167     0.996094          468       256.00
    7815.167     0.996484          468       284.44
    7815.167     0.996875          468       320.00
    7815.167     0.997266          468       365.71
    7815.167     0.997656          468       426.67
    7819.263     0.998047          469       512.00
    7819.263     1.000000          469          inf
#[Mean    =     7609.447, StdDeviation   =      181.669]
#[Max     =     7815.168, Total count    =          469]
#[Buckets =           27, SubBuckets     =         2048]
-----------------------------------------------------------------------
  554 requests in 30.00s, 168.86KB read
Requests/sec:     18.47  
Transfer/sec:      5.63KB
