Running 30s test @ http://10.106.139.161/?loopCount=25&base=6&exp=6
  5 threads and 5 connections

  Thread calibration: mean lat.: 72.714ms, rate sampling interval: 262ms
  Thread calibration: mean lat.: 77.999ms, rate sampling interval: 256ms
  Thread calibration: mean lat.: 82.465ms, rate sampling interval: 311ms
  Thread calibration: mean lat.: 70.526ms, rate sampling interval: 260ms
  Thread calibration: mean lat.: 77.271ms, rate sampling interval: 327ms

-----------------------------------------------------------------------
Test Results @ http://10.106.139.161/?loopCount=25&base=6&exp=6 
  Thread Stats   Avg      Stdev     99%   +/- Stdev
    Latency     3.46s     2.14s    8.24s    60.82%
    Req/Sec     9.32      4.80    23.00     77.18%
  Latency Distribution (HdrHistogram - Recorded Latency)
 50.000%    3.21s 
 75.000%    5.18s 
 90.000%    6.52s 
 99.000%    8.24s 
 99.900%    8.63s 
 99.990%    8.65s 
 99.999%    8.65s 
100.000%    8.65s 

  Detailed Percentile spectrum:
       Value   Percentile   TotalCount 1/(1-Percentile)

     371.199     0.000000            1         1.00
     691.199     0.100000           98         1.11
    1323.007     0.200000          196         1.25
    1830.911     0.300000          294         1.43
    2559.999     0.400000          392         1.67
    3207.167     0.500000          490         2.00
    3475.455     0.550000          539         2.22
    4018.175     0.600000          588         2.50
    4534.271     0.650000          637         2.86
    4759.551     0.700000          686         3.33
    5177.343     0.750000          735         4.00
    5365.759     0.775000          760         4.44
    5517.311     0.800000          786         5.00
    5808.127     0.825000          809         5.71
    5967.871     0.850000          833         6.67
    6266.879     0.875000          858         8.00
    6393.855     0.887500          870         8.89
    6516.735     0.900000          883        10.00
    6696.959     0.912500          895        11.43
    6844.415     0.925000          907        13.33
    7004.159     0.937500          919        16.00
    7081.983     0.943750          925        17.78
    7135.231     0.950000          931        20.00
    7213.055     0.956250          938        22.86
    7262.207     0.962500          945        26.67
    7303.167     0.968750          952        32.00
    7319.551     0.971875          953        35.56
    7487.487     0.975000          956        40.00
    7544.831     0.978125          959        45.71
    7749.631     0.981250          962        53.33
    7962.623     0.984375          965        64.00
    8110.079     0.985938          967        71.11
    8151.039     0.987500          968        80.00
    8237.055     0.989062          970        91.43
    8265.727     0.990625          971       106.67
    8429.567     0.992188          973       128.00
    8445.951     0.992969          974       142.22
    8445.951     0.993750          974       160.00
    8486.911     0.994531          975       182.86
    8519.679     0.995313          976       213.33
    8560.639     0.996094          977       256.00
    8560.639     0.996484          977       284.44
    8560.639     0.996875          977       320.00
    8577.023     0.997266          978       365.71
    8577.023     0.997656          978       426.67
    8626.175     0.998047          979       512.00
    8626.175     0.998242          979       568.89
    8626.175     0.998437          979       640.00
    8626.175     0.998633          979       731.43
    8626.175     0.998828          979       853.33
    8650.751     0.999023          980      1024.00
    8650.751     1.000000          980          inf
#[Mean    =     3461.510, StdDeviation   =     2136.161]
#[Max     =     8642.560, Total count    =          980]
#[Buckets =           27, SubBuckets     =         2048]
-----------------------------------------------------------------------
  1700 requests in 30.00s, 518.35KB read
Requests/sec:     56.66  
Transfer/sec:     17.28KB
