Running 1m test @ http://10.98.229.77/?loopCount=25&base=6&exp=6
  5 threads and 5 connections

  Thread calibration: mean lat.: 940.799ms, rate sampling interval: 3002ms
  Thread calibration: mean lat.: 739.994ms, rate sampling interval: 2260ms
  Thread calibration: mean lat.: 1061.303ms, rate sampling interval: 3426ms
  Thread calibration: mean lat.: 543.306ms, rate sampling interval: 1844ms
  Thread calibration: mean lat.: 1140.903ms, rate sampling interval: 3825ms

-----------------------------------------------------------------------
Test Results @ http://10.98.229.77/?loopCount=25&base=6&exp=6 
  Thread Stats   Avg      Stdev     99%   +/- Stdev
    Latency     4.75s     2.05s    8.72s    61.79%
    Req/Sec    12.48      1.05    14.00     94.57%
  Latency Distribution (HdrHistogram - Recorded Latency)
 50.000%    4.68s 
 75.000%    6.28s 
 90.000%    7.80s 
 99.000%    8.72s 
 99.900%    9.08s 
 99.990%    9.13s 
 99.999%    9.13s 
100.000%    9.13s 

  Detailed Percentile spectrum:
       Value   Percentile   TotalCount 1/(1-Percentile)

     844.287     0.000000            1         1.00
    2127.871     0.100000          326         1.11
    2754.559     0.200000          651         1.25
    3358.719     0.300000          976         1.43
    3821.567     0.400000         1300         1.67
    4681.727     0.500000         1624         2.00
    5050.367     0.550000         1787         2.22
    5353.471     0.600000         1949         2.50
    5599.231     0.650000         2114         2.86
    5931.007     0.700000         2274         3.33
    6279.167     0.750000         2436         4.00
    6406.143     0.775000         2519         4.44
    6737.919     0.800000         2601         5.00
    7000.063     0.825000         2681         5.71
    7200.767     0.850000         2765         6.67
    7499.775     0.875000         2843         8.00
    7634.943     0.887500         2883         8.89
    7798.783     0.900000         2925        10.00
    7909.375     0.912500         2964        11.43
    8069.119     0.925000         3006        13.33
    8171.519     0.937500         3046        16.00
    8208.383     0.943750         3072        17.78
    8241.151     0.950000         3088        20.00
    8355.839     0.956250         3106        22.86
    8421.375     0.962500         3127        26.67
    8462.335     0.968750         3148        32.00
    8478.719     0.971875         3158        35.56
    8536.063     0.975000         3169        40.00
    8560.639     0.978125         3178        45.71
    8593.407     0.981250         3191        53.33
    8609.791     0.984375         3200        64.00
    8617.983     0.985938         3203        71.11
    8634.367     0.987500         3208        80.00
    8708.095     0.989062         3213        91.43
    8732.671     0.990625         3219       106.67
    8740.863     0.992188         3223       128.00
    8814.591     0.992969         3226       142.22
    8839.167     0.993750         3228       160.00
    8937.471     0.994531         3231       182.86
    8945.663     0.995313         3233       213.33
    8970.239     0.996094         3236       256.00
    8978.431     0.996484         3237       284.44
    8986.623     0.996875         3239       320.00
    9003.007     0.997266         3241       365.71
    9003.007     0.997656         3241       426.67
    9027.583     0.998047         3242       512.00
    9043.967     0.998242         3244       568.89
    9043.967     0.998437         3244       640.00
    9043.967     0.998633         3244       731.43
    9084.927     0.998828         3245       853.33
    9084.927     0.999023         3245      1024.00
    9109.503     0.999121         3246      1137.78
    9109.503     0.999219         3246      1280.00
    9109.503     0.999316         3246      1462.86
    9125.887     0.999414         3247      1706.67
    9125.887     0.999512         3247      2048.00
    9125.887     0.999561         3247      2275.56
    9125.887     0.999609         3247      2560.00
    9125.887     0.999658         3247      2925.71
    9134.079     0.999707         3248      3413.33
    9134.079     1.000000         3248          inf
#[Mean    =     4748.601, StdDeviation   =     2051.603]
#[Max     =     9125.888, Total count    =         3248]
#[Buckets =           27, SubBuckets     =         2048]
-----------------------------------------------------------------------
  3880 requests in 1.00m, 1.16MB read
Requests/sec:     64.66  
Transfer/sec:     19.71KB
