Running 30s test @ http://10.106.139.161/?loopCount=25&base=6&exp=6
  1 threads and 1 connections

  Thread calibration: mean lat.: 2180.878ms, rate sampling interval: 10412ms

-----------------------------------------------------------------------
Test Results @ http://10.106.139.161/?loopCount=25&base=6&exp=6 
  Thread Stats   Avg      Stdev     99%   +/- Stdev
    Latency    10.46s     1.81s   13.01s    57.49%
    Req/Sec    16.00      0.00    16.00    100.00%
  Latency Distribution (HdrHistogram - Recorded Latency)
 50.000%    9.87s 
 75.000%   12.36s 
 90.000%   12.84s 
 99.000%   13.01s 
 99.900%   13.01s 
 99.990%   13.01s 
 99.999%   13.01s 
100.000%   13.01s 

  Detailed Percentile spectrum:
       Value   Percentile   TotalCount 1/(1-Percentile)

    6488.063     0.000000            1         1.00
    8351.743     0.100000           35         1.11
    8699.903     0.200000           69         1.25
    9134.079     0.300000          102         1.43
    9486.335     0.400000          136         1.67
    9871.359     0.500000          167         2.00
   10641.407     0.550000          184         2.22
   11591.679     0.600000          201         2.50
   11927.551     0.650000          218         2.86
   12034.047     0.700000          235         3.33
   12361.727     0.750000          252         4.00
   12435.455     0.775000          260         4.44
   12525.567     0.800000          271         5.00
   12533.759     0.825000          278         5.71
   12574.719     0.850000          286         6.67
   12738.559     0.875000          293         8.00
   12746.751     0.887500          298         8.89
   12836.863     0.900000          301        10.00
   12902.399     0.912500          305        11.43
   12959.743     0.925000          310        13.33
   12967.935     0.937500          314        16.00
   12976.127     0.943750          317        17.78
   12984.319     0.950000          322        20.00
   12984.319     0.956250          322        22.86
   12984.319     0.962500          322        26.67
   12992.511     0.968750          324        32.00
   13000.703     0.971875          329        35.56
   13000.703     0.975000          329        40.00
   13000.703     0.978125          329        45.71
   13000.703     0.981250          329        53.33
   13000.703     0.984375          329        64.00
   13008.895     0.985938          334        71.11
   13008.895     1.000000          334          inf
#[Mean    =    10459.044, StdDeviation   =     1808.229]
#[Max     =    13000.704, Total count    =          334]
#[Buckets =           27, SubBuckets     =         2048]
-----------------------------------------------------------------------
  425 requests in 30.00s, 127.12KB read
  Non-2xx or 3xx responses: 27
Requests/sec:     14.17  
Transfer/sec:      4.24KB
