Running 30s test @ http://10.106.139.161/?loopCount=25&base=6&exp=6
  5 threads and 5 connections

  Thread calibration: mean lat.: 776.804ms, rate sampling interval: 2543ms
  Thread calibration: mean lat.: 1697.318ms, rate sampling interval: 5251ms
  Thread calibration: mean lat.: 734.395ms, rate sampling interval: 3878ms
  Thread calibration: mean lat.: 1981.397ms, rate sampling interval: 7860ms
  Thread calibration: mean lat.: 2324.040ms, rate sampling interval: 8650ms

-----------------------------------------------------------------------
Test Results @ http://10.106.139.161/?loopCount=25&base=6&exp=6 
  Thread Stats   Avg      Stdev     99%   +/- Stdev
    Latency     3.90s     1.31s    6.84s    68.55%
    Req/Sec    13.16      2.70    18.00     73.68%
  Latency Distribution (HdrHistogram - Recorded Latency)
 50.000%    3.89s 
 75.000%    4.89s 
 90.000%    5.50s 
 99.000%    6.84s 
 99.900%    7.18s 
 99.990%    7.20s 
 99.999%    7.20s 
100.000%    7.20s 

  Detailed Percentile spectrum:
       Value   Percentile   TotalCount 1/(1-Percentile)

    1271.807     0.000000            1         1.00
    2232.319     0.100000          135         1.11
    2684.927     0.200000          269         1.25
    2996.223     0.300000          406         1.43
    3303.423     0.400000          538         1.67
    3887.103     0.500000          673         2.00
    4300.799     0.550000          740         2.22
    4509.695     0.600000          809         2.50
    4616.191     0.650000          878         2.86
    4796.415     0.700000          943         3.33
    4890.623     0.750000         1009         4.00
    4980.735     0.775000         1045         4.44
    5025.791     0.800000         1076         5.00
    5091.327     0.825000         1111         5.71
    5242.879     0.850000         1144         6.67
    5345.279     0.875000         1178         8.00
    5373.951     0.887500         1195         8.89
    5496.831     0.900000         1211        10.00
    5582.847     0.912500         1229        11.43
    5656.575     0.925000         1245        13.33
    5931.007     0.937500         1261        16.00
    6074.367     0.943750         1270        17.78
    6242.303     0.950000         1280        20.00
    6266.879     0.956250         1287        22.86
    6344.703     0.962500         1296        26.67
    6443.007     0.968750         1303        32.00
    6504.447     0.971875         1308        35.56
    6524.927     0.975000         1312        40.00
    6610.943     0.978125         1316        45.71
    6696.959     0.981250         1320        53.33
    6733.823     0.984375         1324        64.00
    6742.015     0.985938         1327        71.11
    6758.399     0.987500         1329        80.00
    6766.591     0.989062         1331        91.43
    6946.815     0.990625         1333       106.67
    6971.391     0.992188         1335       128.00
    6975.487     0.992969         1336       142.22
    7000.063     0.993750         1337       160.00
    7106.559     0.994531         1338       182.86
    7139.327     0.995313         1339       213.33
    7155.711     0.996094         1340       256.00
    7167.999     0.996484         1341       284.44
    7167.999     0.996875         1341       320.00
    7172.095     0.997266         1342       365.71
    7172.095     0.997656         1342       426.67
    7176.191     0.998047         1343       512.00
    7176.191     0.998242         1343       568.89
    7176.191     0.998437         1343       640.00
    7184.383     0.998633         1344       731.43
    7184.383     0.998828         1344       853.33
    7184.383     0.999023         1344      1024.00
    7184.383     0.999121         1344      1137.78
    7184.383     0.999219         1344      1280.00
    7200.767     0.999316         1345      1462.86
    7200.767     1.000000         1345          inf
#[Mean    =     3899.772, StdDeviation   =     1313.483]
#[Max     =     7196.672, Total count    =         1345]
#[Buckets =           27, SubBuckets     =         2048]
-----------------------------------------------------------------------
  1846 requests in 30.00s, 562.86KB read
Requests/sec:     61.52  
Transfer/sec:     18.76KB
