Running 30s test @ http://10.106.139.161/?loopCount=25&base=6&exp=6
  5 threads and 5 connections

  Thread calibration: mean lat.: 1613.838ms, rate sampling interval: 6021ms
  Thread calibration: mean lat.: 1834.314ms, rate sampling interval: 6893ms
  Thread calibration: mean lat.: 1548.626ms, rate sampling interval: 6119ms
  Thread calibration: mean lat.: 2021.161ms, rate sampling interval: 7208ms
  Thread calibration: mean lat.: 1947.345ms, rate sampling interval: 6848ms

-----------------------------------------------------------------------
Test Results @ http://10.106.139.161/?loopCount=25&base=6&exp=6 
  Thread Stats   Avg      Stdev     99%   +/- Stdev
    Latency     6.79s     1.79s   10.13s    57.66%
    Req/Sec     9.92      0.49    11.00    100.00%
  Latency Distribution (HdrHistogram - Recorded Latency)
 50.000%    6.82s 
 75.000%    8.34s 
 90.000%    9.13s 
 99.000%   10.13s 
 99.900%   10.24s 
 99.990%   10.26s 
 99.999%   10.26s 
100.000%   10.26s 

  Detailed Percentile spectrum:
       Value   Percentile   TotalCount 1/(1-Percentile)

    3373.055     0.000000            1         1.00
    4304.895     0.100000          104         1.11
    4919.295     0.200000          207         1.25
    5476.351     0.300000          311         1.43
    6275.071     0.400000          414         1.67
    6823.935     0.500000          517         2.00
    7114.751     0.550000          568         2.22
    7409.663     0.600000          620         2.50
    7749.631     0.650000          671         2.86
    8040.447     0.700000          725         3.33
    8343.551     0.750000          775         4.00
    8486.911     0.775000          800         4.44
    8650.751     0.800000          826         5.00
    8765.439     0.825000          852         5.71
    8871.935     0.850000          878         6.67
    8978.431     0.875000          904         8.00
    9068.543     0.887500          917         8.89
    9134.079     0.900000          929        10.00
    9265.151     0.912500          942        11.43
    9347.071     0.925000          955        13.33
    9510.911     0.937500          968        16.00
    9551.871     0.943750          975        17.78
    9609.215     0.950000          981        20.00
    9674.751     0.956250          987        22.86
    9748.479     0.962500          996        26.67
    9781.247     0.968750         1000        32.00
    9805.823     0.971875         1003        35.56
    9887.743     0.975000         1007        40.00
    9936.895     0.978125         1010        45.71
    9986.047     0.981250         1013        53.33
   10010.623     0.984375         1016        64.00
   10092.543     0.985938         1018        71.11
   10100.735     0.987500         1020        80.00
   10133.503     0.989062         1023        91.43
   10133.503     0.990625         1023       106.67
   10158.079     0.992188         1024       128.00
   10166.271     0.992969         1025       142.22
   10182.655     0.993750         1026       160.00
   10199.039     0.994531         1027       182.86
   10207.231     0.995313         1029       213.33
   10207.231     0.996094         1029       256.00
   10207.231     0.996484         1029       284.44
   10207.231     0.996875         1029       320.00
   10239.999     0.997266         1031       365.71
   10239.999     0.997656         1031       426.67
   10239.999     0.998047         1031       512.00
   10239.999     0.998242         1031       568.89
   10239.999     0.998437         1031       640.00
   10239.999     0.998633         1031       731.43
   10239.999     0.998828         1031       853.33
   10239.999     0.999023         1031      1024.00
   10256.383     0.999121         1032      1137.78
   10256.383     1.000000         1032          inf
#[Mean    =     6794.544, StdDeviation   =     1793.677]
#[Max     =    10248.192, Total count    =         1032]
#[Buckets =           27, SubBuckets     =         2048]
-----------------------------------------------------------------------
  1501 requests in 30.00s, 457.94KB read
Requests/sec:     50.03  
Transfer/sec:     15.26KB
