Running 30s test @ http://10.106.139.161/?loopCount=25&base=6&exp=6
  5 threads and 5 connections

  Thread calibration: mean lat.: 1783.304ms, rate sampling interval: 6971ms
  Thread calibration: mean lat.: 1761.388ms, rate sampling interval: 7163ms
  Thread calibration: mean lat.: 2097.223ms, rate sampling interval: 7745ms
  Thread calibration: mean lat.: 1950.584ms, rate sampling interval: 7368ms
  Thread calibration: mean lat.: 1837.008ms, rate sampling interval: 7159ms

-----------------------------------------------------------------------
Test Results @ http://10.106.139.161/?loopCount=25&base=6&exp=6 
  Thread Stats   Avg      Stdev     99%   +/- Stdev
    Latency     2.32s     1.52s    4.76s    55.34%
    Req/Sec    11.60      1.11    13.00    100.00%
  Latency Distribution (HdrHistogram - Recorded Latency)
 50.000%    2.46s 
 75.000%    3.57s 
 90.000%    4.37s 
 99.000%    4.76s 
 99.900%    4.94s 
 99.990%    4.99s 
 99.999%    4.99s 
100.000%    4.99s 

  Detailed Percentile spectrum:
       Value   Percentile   TotalCount 1/(1-Percentile)

      21.247     0.000000            1         1.00
     121.151     0.100000          120         1.11
     531.967     0.200000          240         1.25
    1213.439     0.300000          360         1.43
    1932.287     0.400000          480         1.67
    2461.695     0.500000          599         2.00
    2732.031     0.550000          659         2.22
    2949.119     0.600000          719         2.50
    3160.063     0.650000          779         2.86
    3356.671     0.700000          839         3.33
    3569.663     0.750000          899         4.00
    3743.743     0.775000          930         4.44
    3864.575     0.800000          959         5.00
    4048.895     0.825000          990         5.71
    4145.151     0.850000         1019         6.67
    4268.031     0.875000         1050         8.00
    4341.759     0.887500         1066         8.89
    4374.527     0.900000         1082        10.00
    4444.159     0.912500         1094        11.43
    4472.831     0.925000         1109        13.33
    4550.655     0.937500         1124        16.00
    4567.039     0.943750         1133        17.78
    4587.519     0.950000         1140        20.00
    4636.671     0.956250         1148        22.86
    4648.959     0.962500         1156        26.67
    4657.151     0.968750         1161        32.00
    4673.535     0.971875         1165        35.56
    4681.727     0.975000         1169        40.00
    4698.111     0.978125         1173        45.71
    4739.071     0.981250         1176        53.33
    4743.167     0.984375         1182        64.00
    4743.167     0.985938         1182        71.11
    4747.263     0.987500         1184        80.00
    4751.359     0.989062         1185        91.43
    4763.647     0.990625         1187       106.67
    4771.839     0.992188         1189       128.00
    4780.031     0.992969         1190       142.22
    4788.223     0.993750         1191       160.00
    4804.607     0.994531         1192       182.86
    4833.279     0.995313         1193       213.33
    4837.375     0.996094         1194       256.00
    4837.375     0.996484         1194       284.44
    4841.471     0.996875         1195       320.00
    4841.471     0.997266         1195       365.71
    4866.047     0.997656         1196       426.67
    4866.047     0.998047         1196       512.00
    4866.047     0.998242         1196       568.89
    4943.871     0.998437         1197       640.00
    4943.871     0.998633         1197       731.43
    4943.871     0.998828         1197       853.33
    4943.871     0.999023         1197      1024.00
    4943.871     0.999121         1197      1137.78
    4988.927     0.999219         1198      1280.00
    4988.927     1.000000         1198          inf
#[Mean    =     2324.809, StdDeviation   =     1517.985]
#[Max     =     4984.832, Total count    =         1198]
#[Buckets =           27, SubBuckets     =         2048]
-----------------------------------------------------------------------
  1495 requests in 30.00s, 451.77KB read
  Non-2xx or 3xx responses: 48
Requests/sec:     49.83  
Transfer/sec:     15.06KB
