Running 30s test @ http://10.106.139.161/?loopCount=25&base=6&exp=6
  5 threads and 5 connections

  Thread calibration: mean lat.: 584.591ms, rate sampling interval: 2148ms
  Thread calibration: mean lat.: 383.067ms, rate sampling interval: 1103ms
  Thread calibration: mean lat.: 277.155ms, rate sampling interval: 772ms
  Thread calibration: mean lat.: 419.368ms, rate sampling interval: 1102ms
  Thread calibration: mean lat.: 203.302ms, rate sampling interval: 894ms

-----------------------------------------------------------------------
Test Results @ http://10.106.139.161/?loopCount=25&base=6&exp=6 
  Thread Stats   Avg      Stdev     99%   +/- Stdev
    Latency   697.45ms  447.67ms   2.05s    70.53%
    Req/Sec     9.45      1.12    12.00     92.39%
  Latency Distribution (HdrHistogram - Recorded Latency)
 50.000%  623.61ms
 75.000%  838.66ms
 90.000%    1.35s 
 99.000%    2.05s 
 99.900%    2.14s 
 99.990%    2.14s 
 99.999%    2.14s 
100.000%    2.14s 

  Detailed Percentile spectrum:
       Value   Percentile   TotalCount 1/(1-Percentile)

      40.895     0.000000            1         1.00
     225.663     0.100000          100         1.11
     340.991     0.200000          199         1.25
     457.983     0.300000          298         1.43
     540.671     0.400000          400         1.67
     623.615     0.500000          496         2.00
     646.143     0.550000          547         2.22
     669.183     0.600000          595         2.50
     738.815     0.650000          647         2.86
     762.879     0.700000          694         3.33
     838.655     0.750000          744         4.00
     855.551     0.775000          769         4.44
     948.223     0.800000          793         5.00
    1058.815     0.825000          818         5.71
    1158.143     0.850000          843         6.67
    1244.159     0.875000          870         8.00
    1326.079     0.887500          880         8.89
    1353.727     0.900000          892        10.00
    1370.111     0.912500          905        11.43
    1449.983     0.925000          917        13.33
    1648.639     0.937500          930        16.00
    1742.847     0.943750          936        17.78
    1770.495     0.950000          943        20.00
    1836.031     0.956250          948        22.86
    1845.247     0.962500          955        26.67
    1849.343     0.968750          961        32.00
    1853.439     0.971875          964        35.56
    1870.847     0.975000          967        40.00
    1934.335     0.978125          970        45.71
    1950.719     0.981250          973        53.33
    1956.863     0.984375          976        64.00
    2022.399     0.985938          978        71.11
    2037.759     0.987500          979        80.00
    2053.119     0.989062          981        91.43
    2062.335     0.990625          982       106.67
    2068.479     0.992188          984       128.00
    2077.695     0.992969          985       142.22
    2077.695     0.993750          985       160.00
    2121.727     0.994531          986       182.86
    2127.871     0.995313          987       213.33
    2131.967     0.996094          988       256.00
    2131.967     0.996484          988       284.44
    2131.967     0.996875          988       320.00
    2138.111     0.997266          989       365.71
    2138.111     0.997656          989       426.67
    2140.159     0.998047          990       512.00
    2140.159     0.998242          990       568.89
    2140.159     0.998437          990       640.00
    2140.159     0.998633          990       731.43
    2140.159     0.998828          990       853.33
    2144.255     0.999023          991      1024.00
    2144.255     1.000000          991          inf
#[Mean    =      697.450, StdDeviation   =      447.674]
#[Max     =     2142.208, Total count    =          991]
#[Buckets =           27, SubBuckets     =         2048]
-----------------------------------------------------------------------
  1458 requests in 30.00s, 444.86KB read
Requests/sec:     48.59  
Transfer/sec:     14.83KB
