Running 30s test @ http://10.106.139.161/?loopCount=25&base=6&exp=6
  1 threads and 1 connections

  Thread calibration: mean lat.: 3321.024ms, rate sampling interval: 12066ms

-----------------------------------------------------------------------
Test Results @ http://10.106.139.161/?loopCount=25&base=6&exp=6 
  Thread Stats   Avg      Stdev     99%   +/- Stdev
    Latency    13.84s     4.04s   20.25s    57.14%
    Req/Sec     7.00      0.00     7.00    100.00%
  Latency Distribution (HdrHistogram - Recorded Latency)
 50.000%   13.65s 
 75.000%   17.58s 
 90.000%   19.25s 
 99.000%   20.25s 
 99.900%   20.46s 
 99.990%   20.46s 
 99.999%   20.46s 
100.000%   20.46s 

  Detailed Percentile spectrum:
       Value   Percentile   TotalCount 1/(1-Percentile)

    6864.895     0.000000            1         1.00
    7995.391     0.100000           16         1.11
    9584.639     0.200000           31         1.25
   11239.423     0.300000           47         1.43
   12525.567     0.400000           62         1.67
   13647.871     0.500000           77         2.00
   14229.503     0.550000           85         2.22
   15196.159     0.600000           93         2.50
   16080.895     0.650000          101         2.86
   16990.207     0.700000          108         3.33
   17580.031     0.750000          116         4.00
   17907.711     0.775000          120         4.44
   18169.855     0.800000          124         5.00
   18497.535     0.825000          128         5.71
   18677.759     0.850000          131         6.67
   18923.519     0.875000          135         8.00
   19054.591     0.887500          137         8.89
   19251.199     0.900000          139        10.00
   19398.655     0.912500          141        11.43
   19431.423     0.925000          143        13.33
   19628.031     0.937500          145        16.00
   19775.487     0.943750          146        17.78
   19857.407     0.950000          147        20.00
   19988.479     0.956250          148        22.86
   20070.399     0.962500          149        26.67
   20135.935     0.968750          150        32.00
   20135.935     0.971875          150        35.56
   20201.471     0.975000          151        40.00
   20201.471     0.978125          151        45.71
   20250.623     0.981250          152        53.33
   20250.623     0.984375          152        64.00
   20250.623     0.985938          152        71.11
   20398.079     0.987500          153        80.00
   20398.079     0.989062          153        91.43
   20398.079     0.990625          153       106.67
   20398.079     0.992188          153       128.00
   20398.079     0.992969          153       142.22
   20463.615     0.993750          154       160.00
   20463.615     1.000000          154          inf
#[Mean    =    13839.094, StdDeviation   =     4036.464]
#[Max     =    20447.232, Total count    =          154]
#[Buckets =           27, SubBuckets     =         2048]
-----------------------------------------------------------------------
  236 requests in 30.00s, 72.07KB read
Requests/sec:      7.87  
Transfer/sec:      2.40KB
