Running 30s test @ http://10.106.139.161/?loopCount=25&base=6&exp=6
  5 threads and 5 connections

  Thread calibration: mean lat.: 43.579ms, rate sampling interval: 84ms
  Thread calibration: mean lat.: 43.775ms, rate sampling interval: 85ms
  Thread calibration: mean lat.: 44.505ms, rate sampling interval: 84ms
  Thread calibration: mean lat.: 43.337ms, rate sampling interval: 84ms
  Thread calibration: mean lat.: 42.612ms, rate sampling interval: 84ms

-----------------------------------------------------------------------
Test Results @ http://10.106.139.161/?loopCount=25&base=6&exp=6 
  Thread Stats   Avg      Stdev     99%   +/- Stdev
    Latency     3.48s     1.89s    5.97s    66.16%
    Req/Sec     6.87      6.10    23.00     97.72%
  Latency Distribution (HdrHistogram - Recorded Latency)
 50.000%    4.15s 
 75.000%    5.05s 
 90.000%    5.46s 
 99.000%    5.97s 
 99.900%    6.15s 
 99.990%    6.15s 
 99.999%    6.15s 
100.000%    6.15s 

  Detailed Percentile spectrum:
       Value   Percentile   TotalCount 1/(1-Percentile)

      25.583     0.000000            1         1.00
      42.303     0.100000           73         1.11
    1359.871     0.200000          145         1.25
    2445.311     0.300000          217         1.43
    3362.815     0.400000          289         1.67
    4149.247     0.500000          362         2.00
    4370.431     0.550000          397         2.22
    4558.847     0.600000          433         2.50
    4771.839     0.650000          469         2.86
    4960.255     0.700000          507         3.33
    5054.463     0.750000          541         4.00
    5136.383     0.775000          559         4.44
    5160.959     0.800000          577         5.00
    5234.687     0.825000          596         5.71
    5259.263     0.850000          613         6.67
    5353.471     0.875000          633         8.00
    5369.855     0.887500          640         8.89
    5455.871     0.900000          649        10.00
    5533.695     0.912500          658        11.43
    5558.271     0.925000          667        13.33
    5664.767     0.937500          677        16.00
    5750.783     0.943750          681        17.78
    5857.279     0.950000          687        20.00
    5865.471     0.956250          691        22.86
    5881.855     0.962500          694        26.67
    5947.391     0.968750          701        32.00
    5947.391     0.971875          701        35.56
    5951.487     0.975000          704        40.00
    5955.583     0.978125          708        45.71
    5955.583     0.981250          708        53.33
    5959.679     0.984375          710        64.00
    5963.775     0.985938          712        71.11
    5963.775     0.987500          712        80.00
    5967.871     0.989062          718        91.43
    5967.871     0.990625          718       106.67
    5967.871     0.992188          718       128.00
    5967.871     0.992969          718       142.22
    5967.871     0.993750          718       160.00
    5967.871     0.994531          718       182.86
    5967.871     0.995313          718       213.33
    5971.967     0.996094          719       256.00
    5971.967     0.996484          719       284.44
    5971.967     0.996875          719       320.00
    6152.191     0.997266          721       365.71
    6152.191     1.000000          721          inf
#[Mean    =     3476.780, StdDeviation   =     1889.783]
#[Max     =     6148.096, Total count    =          721]
#[Buckets =           27, SubBuckets     =         2048]
-----------------------------------------------------------------------
  1216 requests in 30.00s, 371.01KB read
  Non-2xx or 3xx responses: 6
Requests/sec:     40.53  
Transfer/sec:     12.37KB
