Running 30s test @ http://10.106.139.161/?loopCount=25&base=6&exp=6
  5 threads and 5 connections

  Thread calibration: mean lat.: 750.961ms, rate sampling interval: 2738ms
  Thread calibration: mean lat.: 377.574ms, rate sampling interval: 1504ms
  Thread calibration: mean lat.: 1204.135ms, rate sampling interval: 4620ms
  Thread calibration: mean lat.: 483.086ms, rate sampling interval: 1634ms
  Thread calibration: mean lat.: 845.872ms, rate sampling interval: 3508ms

-----------------------------------------------------------------------
Test Results @ http://10.106.139.161/?loopCount=25&base=6&exp=6 
  Thread Stats   Avg      Stdev     99%   +/- Stdev
    Latency     1.81s   938.89ms   4.12s    67.52%
    Req/Sec    14.12      1.93    19.00     92.68%
  Latency Distribution (HdrHistogram - Recorded Latency)
 50.000%    1.93s 
 75.000%    2.41s 
 90.000%    2.84s 
 99.000%    4.12s 
 99.900%    4.21s 
 99.990%    4.22s 
 99.999%    4.22s 
100.000%    4.22s 

  Detailed Percentile spectrum:
       Value   Percentile   TotalCount 1/(1-Percentile)

      40.639     0.000000            1         1.00
     404.223     0.100000          145         1.11
     960.511     0.200000          290         1.25
    1199.103     0.300000          436         1.43
    1686.527     0.400000          579         1.67
    1932.287     0.500000          725         2.00
    2014.207     0.550000          796         2.22
    2105.343     0.600000          869         2.50
    2220.031     0.650000          942         2.86
    2320.383     0.700000         1014         3.33
    2406.399     0.750000         1086         4.00
    2471.935     0.775000         1124         4.44
    2594.815     0.800000         1159         5.00
    2676.735     0.825000         1194         5.71
    2736.127     0.850000         1231         6.67
    2785.279     0.875000         1269         8.00
    2809.855     0.887500         1285         8.89
    2848.767     0.900000         1303        10.00
    2936.831     0.912500         1321        11.43
    3135.487     0.925000         1339        13.33
    3270.655     0.937500         1357        16.00
    3315.711     0.943750         1366        17.78
    3368.959     0.950000         1375        20.00
    3426.303     0.956250         1384        22.86
    3504.127     0.962500         1393        26.67
    3588.095     0.968750         1402        32.00
    3655.679     0.971875         1407        35.56
    3938.303     0.975000         1411        40.00
    3985.407     0.978125         1416        45.71
    4032.511     0.981250         1420        53.33
    4065.279     0.984375         1425        64.00
    4069.375     0.985938         1427        71.11
    4089.855     0.987500         1429        80.00
    4114.431     0.989062         1432        91.43
    4120.575     0.990625         1434       106.67
    4143.103     0.992188         1436       128.00
    4145.151     0.992969         1437       142.22
    4167.679     0.993750         1439       160.00
    4171.775     0.994531         1440       182.86
    4184.063     0.995313         1441       213.33
    4186.111     0.996094         1442       256.00
    4186.111     0.996484         1442       284.44
    4192.255     0.996875         1443       320.00
    4202.495     0.997266         1444       365.71
    4202.495     0.997656         1444       426.67
    4210.687     0.998047         1446       512.00
    4210.687     0.998242         1446       568.89
    4210.687     0.998437         1446       640.00
    4210.687     0.998633         1446       731.43
    4210.687     0.998828         1446       853.33
    4210.687     0.999023         1446      1024.00
    4210.687     0.999121         1446      1137.78
    4210.687     0.999219         1446      1280.00
    4218.879     0.999316         1447      1462.86
    4218.879     1.000000         1447          inf
#[Mean    =     1810.358, StdDeviation   =      938.893]
#[Max     =     4214.784, Total count    =         1447]
#[Buckets =           27, SubBuckets     =         2048]
-----------------------------------------------------------------------
  2079 requests in 30.00s, 633.89KB read
Requests/sec:     69.29  
Transfer/sec:     21.13KB
