Running 30s test @ http://10.106.139.161/?loopCount=25&base=6&exp=6
  1 threads and 1 connections

  Thread calibration: mean lat.: 499.097ms, rate sampling interval: 2075ms

-----------------------------------------------------------------------
Test Results @ http://10.106.139.161/?loopCount=25&base=6&exp=6 
  Thread Stats   Avg      Stdev     99%   +/- Stdev
    Latency     4.01s     2.16s    7.69s    51.04%
    Req/Sec    16.11      3.81    23.00     77.78%
  Latency Distribution (HdrHistogram - Recorded Latency)
 50.000%    3.49s 
 75.000%    6.34s 
 90.000%    7.30s 
 99.000%    7.69s 
 99.900%    7.72s 
 99.990%    7.72s 
 99.999%    7.72s 
100.000%    7.72s 

  Detailed Percentile spectrum:
       Value   Percentile   TotalCount 1/(1-Percentile)

    1108.991     0.000000            1         1.00
    1264.639     0.100000           34         1.11
    1765.375     0.200000           67         1.25
    2461.695     0.300000          101         1.43
    3229.695     0.400000          134         1.67
    3487.743     0.500000          169         2.00
    3588.095     0.550000          185         2.22
    3899.391     0.600000          201         2.50
    4538.367     0.650000          218         2.86
    5779.455     0.700000          235         3.33
    6340.607     0.750000          252         4.00
    6488.063     0.775000          260         4.44
    6742.015     0.800000          268         5.00
    6840.319     0.825000          277         5.71
    6909.951     0.850000          285         6.67
    7102.463     0.875000          295         8.00
    7167.999     0.887500          298         8.89
    7303.167     0.900000          304        10.00
    7307.263     0.912500          306        11.43
    7372.799     0.925000          311        13.33
    7430.143     0.937500          317        16.00
    7430.143     0.943750          317        17.78
    7520.255     0.950000          319        20.00
    7614.463     0.956250          321        22.86
    7647.231     0.962500          324        26.67
    7667.711     0.968750          325        32.00
    7671.807     0.971875          326        35.56
    7679.999     0.975000          329        40.00
    7679.999     0.978125          329        45.71
    7679.999     0.981250          329        53.33
    7684.095     0.984375          331        64.00
    7684.095     0.985938          331        71.11
    7684.095     0.987500          331        80.00
    7692.287     0.989062          333        91.43
    7692.287     0.990625          333       106.67
    7692.287     0.992188          333       128.00
    7692.287     0.992969          333       142.22
    7692.287     0.993750          333       160.00
    7716.863     0.994531          335       182.86
    7716.863     1.000000          335          inf
#[Mean    =     4007.262, StdDeviation   =     2163.688]
#[Max     =     7712.768, Total count    =          335]
#[Buckets =           27, SubBuckets     =         2048]
-----------------------------------------------------------------------
  556 requests in 30.00s, 167.91KB read
  Non-2xx or 3xx responses: 19
Requests/sec:     18.53  
Transfer/sec:      5.60KB
