Running 30s test @ http://10.106.139.161/?loopCount=25&base=6&exp=6
  1 threads and 1 connections

  Thread calibration: mean lat.: 64.716ms, rate sampling interval: 182ms

-----------------------------------------------------------------------
Test Results @ http://10.106.139.161/?loopCount=25&base=6&exp=6 
  Thread Stats   Avg      Stdev     99%   +/- Stdev
    Latency     2.01s     3.08s   10.63s    82.33%
    Req/Sec    11.17      8.81    27.00     64.22%
  Latency Distribution (HdrHistogram - Recorded Latency)
 50.000%   59.01ms
 75.000%    3.57s 
 90.000%    7.38s 
 99.000%   10.63s 
 99.900%   10.76s 
 99.990%   10.76s 
 99.999%   10.76s 
100.000%   10.76s 

  Detailed Percentile spectrum:
       Value   Percentile   TotalCount 1/(1-Percentile)

      26.287     0.000000            1         1.00
      41.631     0.100000           24         1.11
      44.223     0.200000           47         1.25
      48.319     0.300000           70         1.43
      54.335     0.400000           93         1.67
      59.007     0.500000          116         2.00
      63.071     0.550000          129         2.22
     329.983     0.600000          140         2.50
    1191.935     0.650000          151         2.86
    2314.239     0.700000          163         3.33
    3567.615     0.750000          174         4.00
    4157.439     0.775000          180         4.44
    4624.383     0.800000          186         5.00
    5251.071     0.825000          192         5.71
    5836.799     0.850000          198         6.67
    6410.239     0.875000          203         8.00
    6795.263     0.887500          206         8.89
    7380.991     0.900000          209        10.00
    7839.743     0.912500          212        11.43
    8138.751     0.925000          215        13.33
    8519.679     0.937500          218        16.00
    8675.327     0.943750          219        17.78
    9379.839     0.950000          221        20.00
    9658.367     0.956250          222        22.86
    9781.247     0.962500          224        26.67
    9846.783     0.968750          225        32.00
    9994.239     0.971875          226        35.56
   10166.271     0.975000          227        40.00
   10166.271     0.978125          227        45.71
   10313.727     0.981250          228        53.33
   10379.263     0.984375          229        64.00
   10379.263     0.985938          229        71.11
   10625.023     0.987500          230        80.00
   10625.023     0.989062          230        91.43
   10625.023     0.990625          230       106.67
   10682.367     0.992188          231       128.00
   10682.367     0.992969          231       142.22
   10682.367     0.993750          231       160.00
   10682.367     0.994531          231       182.86
   10682.367     0.995313          231       213.33
   10756.095     0.996094          232       256.00
   10756.095     1.000000          232          inf
#[Mean    =     2011.964, StdDeviation   =     3077.580]
#[Max     =    10747.904, Total count    =          232]
#[Buckets =           27, SubBuckets     =         2048]
-----------------------------------------------------------------------
  480 requests in 30.00s, 146.39KB read
  Non-2xx or 3xx responses: 2
Requests/sec:     16.00  
Transfer/sec:      4.88KB
