Running 30s test @ http://10.106.139.161/?loopCount=25&base=6&exp=6
  5 threads and 5 connections

  Thread calibration: mean lat.: 137.601ms, rate sampling interval: 544ms
  Thread calibration: mean lat.: 125.085ms, rate sampling interval: 423ms
  Thread calibration: mean lat.: 105.651ms, rate sampling interval: 363ms
  Thread calibration: mean lat.: 117.381ms, rate sampling interval: 445ms
  Thread calibration: mean lat.: 149.129ms, rate sampling interval: 582ms

-----------------------------------------------------------------------
Test Results @ http://10.106.139.161/?loopCount=25&base=6&exp=6 
  Thread Stats   Avg      Stdev     99%   +/- Stdev
    Latency   198.48ms  180.99ms 770.56ms   83.63%
    Req/Sec     9.68      2.62    16.00     84.72%
  Latency Distribution (HdrHistogram - Recorded Latency)
 50.000%  142.46ms
 75.000%  231.93ms
 90.000%  485.89ms
 99.000%  770.56ms
 99.900%  967.68ms
 99.990%  983.04ms
 99.999%  983.04ms
100.000%  983.04ms

  Detailed Percentile spectrum:
       Value   Percentile   TotalCount 1/(1-Percentile)

      25.519     0.000000            1         1.00
      44.927     0.100000          102         1.11
      52.863     0.200000          202         1.25
      89.343     0.300000          303         1.43
     106.303     0.400000          404         1.67
     142.463     0.500000          504         2.00
     165.119     0.550000          555         2.22
     169.855     0.600000          605         2.50
     175.871     0.650000          656         2.86
     190.847     0.700000          706         3.33
     231.935     0.750000          756         4.00
     269.567     0.775000          782         4.44
     279.807     0.800000          807         5.00
     359.679     0.825000          833         5.71
     407.295     0.850000          857         6.67
     465.663     0.875000          882         8.00
     472.063     0.887500          895         8.89
     486.143     0.900000          908        10.00
     510.975     0.912500          920        11.43
     542.719     0.925000          933        13.33
     575.487     0.937500          945        16.00
     609.791     0.943750          952        17.78
     627.199     0.950000          958        20.00
     640.511     0.956250          964        22.86
     666.623     0.962500          972        26.67
     671.743     0.968750          977        32.00
     675.327     0.971875          980        35.56
     678.911     0.975000          983        40.00
     681.471     0.978125          986        45.71
     691.711     0.981250          990        53.33
     717.311     0.984375          993        64.00
     724.991     0.985938          994        71.11
     742.911     0.987500          996        80.00
     764.927     0.989062          997        91.43
     774.655     0.990625          999       106.67
     791.551     0.992188         1001       128.00
     791.551     0.992969         1001       142.22
     819.711     0.993750         1002       160.00
     843.775     0.994531         1003       182.86
     865.791     0.995313         1004       213.33
     875.519     0.996094         1005       256.00
     875.519     0.996484         1005       284.44
     875.519     0.996875         1005       320.00
     925.183     0.997266         1006       365.71
     925.183     0.997656         1006       426.67
     967.679     0.998047         1007       512.00
     967.679     0.998242         1007       568.89
     967.679     0.998437         1007       640.00
     967.679     0.998633         1007       731.43
     967.679     0.998828         1007       853.33
     983.039     0.999023         1008      1024.00
     983.039     1.000000         1008          inf
#[Mean    =      198.479, StdDeviation   =      180.986]
#[Max     =      982.528, Total count    =         1008]
#[Buckets =           27, SubBuckets     =         2048]
-----------------------------------------------------------------------
  1492 requests in 30.00s, 455.01KB read
Requests/sec:     49.73  
Transfer/sec:     15.17KB
