Running 30s test @ http://10.106.139.161/?loopCount=25&base=6&exp=6
  5 threads and 5 connections

  Thread calibration: mean lat.: 324.434ms, rate sampling interval: 1172ms
  Thread calibration: mean lat.: 341.665ms, rate sampling interval: 1297ms
  Thread calibration: mean lat.: 268.539ms, rate sampling interval: 1382ms
  Thread calibration: mean lat.: 126.407ms, rate sampling interval: 495ms
  Thread calibration: mean lat.: 211.424ms, rate sampling interval: 734ms

-----------------------------------------------------------------------
Test Results @ http://10.106.139.161/?loopCount=25&base=6&exp=6 
  Thread Stats   Avg      Stdev     99%   +/- Stdev
    Latency     2.74s     1.37s    5.83s    65.00%
    Req/Sec    10.96      3.58    18.00     72.57%
  Latency Distribution (HdrHistogram - Recorded Latency)
 50.000%    2.50s 
 75.000%    3.77s 
 90.000%    4.91s 
 99.000%    5.83s 
 99.900%    6.34s 
 99.990%    6.37s 
 99.999%    6.37s 
100.000%    6.37s 

  Detailed Percentile spectrum:
       Value   Percentile   TotalCount 1/(1-Percentile)

     122.431     0.000000            1         1.00
    1017.855     0.100000          114         1.11
    1551.359     0.200000          228         1.25
    1918.975     0.300000          342         1.43
    2191.359     0.400000          456         1.67
    2500.607     0.500000          569         2.00
    2625.535     0.550000          626         2.22
    2826.239     0.600000          683         2.50
    3112.959     0.650000          740         2.86
    3377.151     0.700000          796         3.33
    3766.271     0.750000          853         4.00
    3917.823     0.775000          882         4.44
    4149.247     0.800000          910         5.00
    4280.319     0.825000          940         5.71
    4378.623     0.850000          967         6.67
    4571.135     0.875000          997         8.00
    4653.055     0.887500         1010         8.89
    4915.199     0.900000         1024        10.00
    5054.463     0.912500         1038        11.43
    5128.191     0.925000         1052        13.33
    5181.439     0.937500         1066        16.00
    5214.207     0.943750         1075        17.78
    5222.399     0.950000         1082        20.00
    5246.975     0.956250         1089        22.86
    5271.551     0.962500         1096        26.67
    5316.607     0.968750         1102        32.00
    5345.279     0.971875         1106        35.56
    5378.047     0.975000         1109        40.00
    5410.815     0.978125         1113        45.71
    5455.871     0.981250         1116        53.33
    5599.231     0.984375         1120        64.00
    5677.055     0.985938         1122        71.11
    5705.727     0.987500         1123        80.00
    5824.511     0.989062         1125        91.43
    5857.279     0.990625         1127       106.67
    5885.951     0.992188         1129       128.00
    5906.431     0.992969         1130       142.22
    5906.431     0.993750         1130       160.00
    6107.135     0.994531         1131       182.86
    6131.711     0.995313         1132       213.33
    6205.439     0.996094         1133       256.00
    6254.591     0.996484         1134       284.44
    6254.591     0.996875         1134       320.00
    6254.591     0.997266         1134       365.71
    6316.031     0.997656         1135       426.67
    6316.031     0.998047         1135       512.00
    6344.703     0.998242         1136       568.89
    6344.703     0.998437         1136       640.00
    6344.703     0.998633         1136       731.43
    6344.703     0.998828         1136       853.33
    6344.703     0.999023         1136      1024.00
    6365.183     0.999121         1137      1137.78
    6365.183     1.000000         1137          inf
#[Mean    =     2742.200, StdDeviation   =     1368.206]
#[Max     =     6361.088, Total count    =         1137]
#[Buckets =           27, SubBuckets     =         2048]
-----------------------------------------------------------------------
  1847 requests in 30.00s, 563.23KB read
Requests/sec:     61.56  
Transfer/sec:     18.77KB
