Running 30s test @ http://10.106.139.161/?loopCount=25&base=6&exp=6
  5 threads and 5 connections

  Thread calibration: mean lat.: 240.016ms, rate sampling interval: 738ms
  Thread calibration: mean lat.: 177.874ms, rate sampling interval: 743ms
  Thread calibration: mean lat.: 139.409ms, rate sampling interval: 369ms
  Thread calibration: mean lat.: 177.930ms, rate sampling interval: 754ms
  Thread calibration: mean lat.: 260.689ms, rate sampling interval: 749ms

-----------------------------------------------------------------------
Test Results @ http://10.106.139.161/?loopCount=25&base=6&exp=6 
  Thread Stats   Avg      Stdev     99%   +/- Stdev
    Latency   337.98ms  204.33ms 827.90ms   58.19%
    Req/Sec     9.39      1.87    13.00     87.42%
  Latency Distribution (HdrHistogram - Recorded Latency)
 50.000%  295.17ms
 75.000%  497.41ms
 90.000%  629.76ms
 99.000%  827.90ms
 99.900%  923.65ms
 99.990%  929.79ms
 99.999%  929.79ms
100.000%  929.79ms

  Detailed Percentile spectrum:
       Value   Percentile   TotalCount 1/(1-Percentile)

      41.119     0.000000            1         1.00
      95.679     0.100000          100         1.11
     107.775     0.200000          199         1.25
     186.623     0.300000          299         1.43
     229.119     0.400000          399         1.67
     295.167     0.500000          498         2.00
     342.271     0.550000          548         2.22
     386.303     0.600000          598         2.50
     399.871     0.650000          648         2.86
     455.935     0.700000          697         3.33
     497.663     0.750000          747         4.00
     509.951     0.775000          772         4.44
     529.407     0.800000          797         5.00
     575.999     0.825000          823         5.71
     588.287     0.850000          847         6.67
     605.695     0.875000          872         8.00
     620.031     0.887500          884         8.89
     629.759     0.900000          896        10.00
     636.415     0.912500          908        11.43
     648.703     0.925000          922        13.33
     681.983     0.937500          933        16.00
     685.567     0.943750          940        17.78
     699.391     0.950000          946        20.00
     711.167     0.956250          952        22.86
     723.455     0.962500          959        26.67
     730.111     0.968750          964        32.00
     752.639     0.971875          968        35.56
     784.895     0.975000          971        40.00
     792.063     0.978125          974        45.71
     809.983     0.981250          978        53.33
     811.007     0.984375          980        64.00
     822.271     0.985938          982        71.11
     823.295     0.987500          983        80.00
     827.903     0.989062          985        91.43
     832.511     0.990625          986       106.67
     846.335     0.992188          988       128.00
     849.407     0.992969          990       142.22
     849.407     0.993750          990       160.00
     849.407     0.994531          990       182.86
     853.503     0.995313          991       213.33
     881.151     0.996094          992       256.00
     881.151     0.996484          992       284.44
     881.151     0.996875          992       320.00
     886.271     0.997266          993       365.71
     886.271     0.997656          993       426.67
     923.647     0.998047          994       512.00
     923.647     0.998242          994       568.89
     923.647     0.998437          994       640.00
     923.647     0.998633          994       731.43
     923.647     0.998828          994       853.33
     929.791     0.999023          995      1024.00
     929.791     1.000000          995          inf
#[Mean    =      337.980, StdDeviation   =      204.326]
#[Max     =      929.280, Total count    =          995]
#[Buckets =           27, SubBuckets     =         2048]
-----------------------------------------------------------------------
  1476 requests in 30.00s, 448.12KB read
  Non-2xx or 3xx responses: 24
Requests/sec:     49.19  
Transfer/sec:     14.94KB
