Running 30s test @ http://10.106.139.161/?loopCount=25&base=6&exp=6
  5 threads and 5 connections

  Thread calibration: mean lat.: 51.773ms, rate sampling interval: 224ms
  Thread calibration: mean lat.: 53.779ms, rate sampling interval: 222ms
  Thread calibration: mean lat.: 50.881ms, rate sampling interval: 214ms
  Thread calibration: mean lat.: 53.158ms, rate sampling interval: 222ms
  Thread calibration: mean lat.: 49.741ms, rate sampling interval: 218ms

-----------------------------------------------------------------------
Test Results @ http://10.106.139.161/?loopCount=25&base=6&exp=6 
  Thread Stats   Avg      Stdev     99%   +/- Stdev
    Latency   473.23ms  522.75ms   1.77s    82.00%
    Req/Sec     9.50      4.69    23.00     90.07%
  Latency Distribution (HdrHistogram - Recorded Latency)
 50.000%  182.01ms
 75.000%  786.43ms
 90.000%    1.46s 
 99.000%    1.77s 
 99.900%    1.88s 
 99.990%    1.88s 
 99.999%    1.88s 
100.000%    1.88s 

  Detailed Percentile spectrum:
       Value   Percentile   TotalCount 1/(1-Percentile)

      22.175     0.000000            1         1.00
      42.495     0.100000          100         1.11
      82.367     0.200000          198         1.25
     108.095     0.300000          297         1.43
     163.199     0.400000          396         1.67
     182.015     0.500000          497         2.00
     196.095     0.550000          544         2.22
     271.359     0.600000          594         2.50
     374.271     0.650000          643         2.86
     586.751     0.700000          693         3.33
     786.431     0.750000          742         4.00
     870.911     0.775000          767         4.44
     958.463     0.800000          793         5.00
    1037.823     0.825000          816         5.71
    1168.383     0.850000          841         6.67
    1345.535     0.875000          866         8.00
    1405.951     0.887500          878         8.89
    1465.343     0.900000          891        10.00
    1481.727     0.912500          903        11.43
    1510.399     0.925000          915        13.33
    1564.671     0.937500          928        16.00
    1569.791     0.943750          934        17.78
    1579.007     0.950000          940        20.00
    1592.319     0.956250          946        22.86
    1641.471     0.962500          952        26.67
    1675.263     0.968750          959        32.00
    1684.479     0.971875          962        35.56
    1701.887     0.975000          966        40.00
    1732.607     0.978125          968        45.71
    1759.231     0.981250          971        53.33
    1761.279     0.984375          974        64.00
    1768.447     0.985938          977        71.11
    1768.447     0.987500          977        80.00
    1773.567     0.989062          979        91.43
    1774.591     0.990625          980       106.67
    1787.903     0.992188          982       128.00
    1791.999     0.992969          983       142.22
    1791.999     0.993750          983       160.00
    1799.167     0.994531          984       182.86
    1802.239     0.995313          985       213.33
    1819.647     0.996094          986       256.00
    1819.647     0.996484          986       284.44
    1819.647     0.996875          986       320.00
    1857.535     0.997266          987       365.71
    1857.535     0.997656          987       426.67
    1875.967     0.998047          989       512.00
    1875.967     1.000000          989          inf
#[Mean    =      473.234, StdDeviation   =      522.748]
#[Max     =     1874.944, Total count    =          989]
#[Buckets =           27, SubBuckets     =         2048]
-----------------------------------------------------------------------
  1479 requests in 30.00s, 448.67KB read
  Non-2xx or 3xx responses: 26
Requests/sec:     49.29  
Transfer/sec:     14.95KB
