Running 30s test @ http://10.106.139.161/?loopCount=25&base=6&exp=6
  5 threads and 5 connections

  Thread calibration: mean lat.: 1222.907ms, rate sampling interval: 3887ms
  Thread calibration: mean lat.: 1296.032ms, rate sampling interval: 5263ms
  Thread calibration: mean lat.: 1562.487ms, rate sampling interval: 6180ms
  Thread calibration: mean lat.: 1320.830ms, rate sampling interval: 4907ms
  Thread calibration: mean lat.: 1083.693ms, rate sampling interval: 4202ms

-----------------------------------------------------------------------
Test Results @ http://10.106.139.161/?loopCount=25&base=6&exp=6 
  Thread Stats   Avg      Stdev     99%   +/- Stdev
    Latency     6.80s     2.36s   12.04s    60.29%
    Req/Sec     8.37      1.04    11.00     94.74%
  Latency Distribution (HdrHistogram - Recorded Latency)
 50.000%    6.82s 
 75.000%    8.51s 
 90.000%    9.94s 
 99.000%   12.04s 
 99.900%   12.49s 
 99.990%   12.52s 
 99.999%   12.52s 
100.000%   12.52s 

  Detailed Percentile spectrum:
       Value   Percentile   TotalCount 1/(1-Percentile)

    2275.327     0.000000            1         1.00
    3676.159     0.100000           90         1.11
    4395.007     0.200000          177         1.25
    5251.071     0.300000          266         1.43
    6041.599     0.400000          354         1.67
    6823.935     0.500000          443         2.00
    7143.423     0.550000          487         2.22
    7524.351     0.600000          531         2.50
    7843.839     0.650000          575         2.86
    8257.535     0.700000          620         3.33
    8511.487     0.750000          663         4.00
    8822.783     0.775000          686         4.44
    9027.583     0.800000          708         5.00
    9265.151     0.825000          730         5.71
    9469.951     0.850000          752         6.67
    9658.367     0.875000          775         8.00
    9748.479     0.887500          786         8.89
    9936.895     0.900000          796        10.00
   10100.735     0.912500          807        11.43
   10289.151     0.925000          818        13.33
   10395.647     0.937500          829        16.00
   10551.295     0.943750          835        17.78
   10690.559     0.950000          840        20.00
   10846.207     0.956250          846        22.86
   10993.663     0.962500          851        26.67
   11100.159     0.968750          857        32.00
   11223.039     0.971875          860        35.56
   11329.535     0.975000          862        40.00
   11378.687     0.978125          865        45.71
   11411.455     0.981250          868        53.33
   11583.487     0.984375          871        64.00
   11853.823     0.985938          872        71.11
   11878.399     0.987500          873        80.00
   12042.239     0.989062          875        91.43
   12091.391     0.990625          876       106.67
   12222.463     0.992188          879       128.00
   12222.463     0.992969          879       142.22
   12222.463     0.993750          879       160.00
   12320.767     0.994531          880       182.86
   12320.767     0.995313          880       213.33
   12361.727     0.996094          881       256.00
   12361.727     0.996484          881       284.44
   12484.607     0.996875          882       320.00
   12484.607     0.997266          882       365.71
   12484.607     0.997656          882       426.67
   12492.799     0.998047          883       512.00
   12492.799     0.998242          883       568.89
   12492.799     0.998437          883       640.00
   12492.799     0.998633          883       731.43
   12492.799     0.998828          883       853.33
   12517.375     0.999023          884      1024.00
   12517.375     1.000000          884          inf
#[Mean    =     6796.792, StdDeviation   =     2357.821]
#[Max     =    12509.184, Total count    =          884]
#[Buckets =           27, SubBuckets     =         2048]
-----------------------------------------------------------------------
  1414 requests in 30.00s, 431.45KB read
Requests/sec:     47.13  
Transfer/sec:     14.38KB
