Running 30s test @ http://10.106.139.161/?loopCount=25&base=6&exp=6
  5 threads and 5 connections

  Thread calibration: mean lat.: 442.641ms, rate sampling interval: 1989ms
  Thread calibration: mean lat.: 976.140ms, rate sampling interval: 2815ms
  Thread calibration: mean lat.: 892.316ms, rate sampling interval: 3225ms
  Thread calibration: mean lat.: 1155.408ms, rate sampling interval: 3631ms
  Thread calibration: mean lat.: 991.536ms, rate sampling interval: 3446ms

-----------------------------------------------------------------------
Test Results @ http://10.106.139.161/?loopCount=25&base=6&exp=6 
  Thread Stats   Avg      Stdev     99%   +/- Stdev
    Latency     2.81s   583.54ms   4.30s    71.81%
    Req/Sec    13.24      1.56    17.00     90.91%
  Latency Distribution (HdrHistogram - Recorded Latency)
 50.000%    2.83s 
 75.000%    3.12s 
 90.000%    3.52s 
 99.000%    4.30s 
 99.900%    4.39s 
 99.990%    4.42s 
 99.999%    4.42s 
100.000%    4.42s 

  Detailed Percentile spectrum:
       Value   Percentile   TotalCount 1/(1-Percentile)

    1215.487     0.000000            1         1.00
    2099.199     0.100000          138         1.11
    2306.047     0.200000          277         1.25
    2500.607     0.300000          412         1.43
    2723.839     0.400000          550         1.67
    2826.239     0.500000          689         2.00
    2871.295     0.550000          758         2.22
    2920.447     0.600000          824         2.50
    2992.127     0.650000          893         2.86
    3053.567     0.700000          963         3.33
    3119.103     0.750000         1030         4.00
    3147.775     0.775000         1067         4.44
    3174.399     0.800000         1099         5.00
    3205.119     0.825000         1133         5.71
    3258.367     0.850000         1168         6.67
    3399.679     0.875000         1202         8.00
    3459.071     0.887500         1219         8.89
    3520.511     0.900000         1237        10.00
    3751.935     0.912500         1253        11.43
    3848.191     0.925000         1271        13.33
    3878.911     0.937500         1288        16.00
    3899.391     0.943750         1296        17.78
    3915.775     0.950000         1306        20.00
    3942.399     0.956250         1314        22.86
    4050.943     0.962500         1322        26.67
    4102.143     0.968750         1332        32.00
    4126.719     0.971875         1336        35.56
    4147.199     0.975000         1339        40.00
    4173.823     0.978125         1344        45.71
    4198.399     0.981250         1348        53.33
    4251.647     0.984375         1353        64.00
    4259.839     0.985938         1354        71.11
    4276.223     0.987500         1356        80.00
    4284.415     0.989062         1358        91.43
    4313.087     0.990625         1361       106.67
    4325.375     0.992188         1363       128.00
    4329.471     0.992969         1365       142.22
    4329.471     0.993750         1365       160.00
    4333.567     0.994531         1366       182.86
    4337.663     0.995313         1367       213.33
    4341.759     0.996094         1368       256.00
    4349.951     0.996484         1369       284.44
    4349.951     0.996875         1369       320.00
    4362.239     0.997266         1370       365.71
    4362.239     0.997656         1370       426.67
    4374.527     0.998047         1371       512.00
    4374.527     0.998242         1371       568.89
    4374.527     0.998437         1371       640.00
    4390.911     0.998633         1372       731.43
    4390.911     0.998828         1372       853.33
    4390.911     0.999023         1372      1024.00
    4390.911     0.999121         1372      1137.78
    4390.911     0.999219         1372      1280.00
    4415.487     0.999316         1373      1462.86
    4415.487     1.000000         1373          inf
#[Mean    =     2807.767, StdDeviation   =      583.536]
#[Max     =     4411.392, Total count    =         1373]
#[Buckets =           27, SubBuckets     =         2048]
-----------------------------------------------------------------------
  1989 requests in 30.00s, 606.47KB read
Requests/sec:     66.29  
Transfer/sec:     20.21KB
