Running 30s test @ http://10.106.139.161/?loopCount=25&base=6&exp=6
  5 threads and 5 connections

  Thread calibration: mean lat.: 174.284ms, rate sampling interval: 560ms
  Thread calibration: mean lat.: 197.703ms, rate sampling interval: 748ms
  Thread calibration: mean lat.: 216.693ms, rate sampling interval: 897ms
  Thread calibration: mean lat.: 280.999ms, rate sampling interval: 1120ms
  Thread calibration: mean lat.: 392.361ms, rate sampling interval: 1225ms

-----------------------------------------------------------------------
Test Results @ http://10.106.139.161/?loopCount=25&base=6&exp=6 
  Thread Stats   Avg      Stdev     99%   +/- Stdev
    Latency     2.38s     1.30s    5.60s    67.11%
    Req/Sec    11.78      2.40    17.00     81.03%
  Latency Distribution (HdrHistogram - Recorded Latency)
 50.000%    2.10s 
 75.000%    3.26s 
 90.000%    4.36s 
 99.000%    5.60s 
 99.900%    5.79s 
 99.990%    5.79s 
 99.999%    5.79s 
100.000%    5.79s 

  Detailed Percentile spectrum:
       Value   Percentile   TotalCount 1/(1-Percentile)

     385.023     0.000000            1         1.00
     753.663     0.100000          121         1.11
    1167.359     0.200000          242         1.25
    1455.103     0.300000          363         1.43
    1784.831     0.400000          484         1.67
    2099.199     0.500000          605         2.00
    2412.543     0.550000          666         2.22
    2586.623     0.600000          726         2.50
    2797.567     0.650000          787         2.86
    2981.887     0.700000          848         3.33
    3260.415     0.750000          908         4.00
    3348.479     0.775000          938         4.44
    3543.039     0.800000          968         5.00
    3704.831     0.825000         1000         5.71
    3911.679     0.850000         1029         6.67
    4085.759     0.875000         1059         8.00
    4222.975     0.887500         1074         8.89
    4358.143     0.900000         1089        10.00
    4468.735     0.912500         1106        11.43
    4546.559     0.925000         1120        13.33
    4599.807     0.937500         1135        16.00
    4800.511     0.943750         1142        17.78
    4964.351     0.950000         1150        20.00
    5013.503     0.956250         1158        22.86
    5079.039     0.962500         1165        26.67
    5177.343     0.968750         1176        32.00
    5177.343     0.971875         1176        35.56
    5300.223     0.975000         1180        40.00
    5341.183     0.978125         1185        45.71
    5365.759     0.981250         1188        53.33
    5472.255     0.984375         1192        64.00
    5488.639     0.985938         1193        71.11
    5513.215     0.987500         1195        80.00
    5554.175     0.989062         1197        91.43
    5627.903     0.990625         1199       106.67
    5701.631     0.992188         1201       128.00
    5742.591     0.992969         1203       142.22
    5742.591     0.993750         1203       160.00
    5750.783     0.994531         1204       182.86
    5754.879     0.995313         1205       213.33
    5758.975     0.996094         1206       256.00
    5758.975     0.996484         1206       284.44
    5767.167     0.996875         1207       320.00
    5767.167     0.997266         1207       365.71
    5779.455     0.997656         1208       426.67
    5779.455     0.998047         1208       512.00
    5779.455     0.998242         1208       568.89
    5787.647     0.998437         1209       640.00
    5787.647     0.998633         1209       731.43
    5787.647     0.998828         1209       853.33
    5787.647     0.999023         1209      1024.00
    5787.647     0.999121         1209      1137.78
    5791.743     0.999219         1210      1280.00
    5791.743     1.000000         1210          inf
#[Mean    =     2379.530, StdDeviation   =     1303.990]
#[Max     =     5787.648, Total count    =         1210]
#[Buckets =           27, SubBuckets     =         2048]
-----------------------------------------------------------------------
  1910 requests in 30.00s, 582.38KB read
Requests/sec:     63.66  
Transfer/sec:     19.41KB
