Running 1m test @ http://10.98.229.77/?loopCount=25&base=6&exp=6
  5 threads and 5 connections

  Thread calibration: mean lat.: 71.981ms, rate sampling interval: 232ms
  Thread calibration: mean lat.: 72.636ms, rate sampling interval: 236ms
  Thread calibration: mean lat.: 61.729ms, rate sampling interval: 218ms
  Thread calibration: mean lat.: 52.147ms, rate sampling interval: 202ms
  Thread calibration: mean lat.: 65.438ms, rate sampling interval: 213ms

-----------------------------------------------------------------------
Test Results @ http://10.98.229.77/?loopCount=25&base=6&exp=6 
  Thread Stats   Avg      Stdev     99%   +/- Stdev
    Latency    67.99ms   41.65ms 216.70ms   86.15%
    Req/Sec     9.44      2.88    17.00     78.52%
  Latency Distribution (HdrHistogram - Recorded Latency)
 50.000%   42.72ms
 75.000%  101.12ms
 90.000%  113.60ms
 99.000%  216.70ms
 99.900%  316.16ms
 99.990%  323.33ms
 99.999%  323.33ms
100.000%  323.33ms

  Detailed Percentile spectrum:
       Value   Percentile   TotalCount 1/(1-Percentile)

      21.583     0.000000            1         1.00
      40.607     0.100000          251         1.11
      41.183     0.200000          504         1.25
      41.695     0.300000          758         1.43
      42.143     0.400000         1000         1.67
      42.719     0.500000         1250         2.00
      43.551     0.550000         1375         2.22
      48.127     0.600000         1500         2.50
      69.311     0.650000         1625         2.86
      97.663     0.700000         1753         3.33
     101.119     0.750000         1876         4.00
     102.847     0.775000         1937         4.44
     105.471     0.800000         2003         5.00
     106.239     0.825000         2063         5.71
     107.455     0.850000         2130         6.67
     109.119     0.875000         2188         8.00
     110.527     0.887500         2219         8.89
     113.599     0.900000         2250        10.00
     114.943     0.912500         2281        11.43
     116.927     0.925000         2312        13.33
     123.263     0.937500         2343        16.00
     124.735     0.943750         2359        17.78
     130.303     0.950000         2375        20.00
     131.967     0.956250         2390        22.86
     139.519     0.962500         2406        26.67
     153.215     0.968750         2421        32.00
     172.415     0.971875         2429        35.56
     197.887     0.975000         2437        40.00
     199.167     0.978125         2446        45.71
     203.775     0.981250         2453        53.33
     207.103     0.984375         2460        64.00
     209.663     0.985938         2464        71.11
     212.479     0.987500         2468        80.00
     215.807     0.989062         2472        91.43
     220.927     0.990625         2476       106.67
     225.023     0.992188         2480       128.00
     228.991     0.992969         2482       142.22
     232.063     0.993750         2484       160.00
     237.823     0.994531         2486       182.86
     239.359     0.995313         2488       213.33
     262.655     0.996094         2490       256.00
     297.471     0.996484         2491       284.44
     298.495     0.996875         2492       320.00
     299.007     0.997266         2493       365.71
     302.079     0.997656         2494       426.67
     303.615     0.998047         2495       512.00
     303.615     0.998242         2495       568.89
     306.175     0.998437         2496       640.00
     306.175     0.998633         2496       731.43
     316.159     0.998828         2497       853.33
     316.159     0.999023         2497      1024.00
     316.159     0.999121         2497      1137.78
     322.303     0.999219         2498      1280.00
     322.303     0.999316         2498      1462.86
     322.303     0.999414         2498      1706.67
     322.303     0.999512         2498      2048.00
     322.303     0.999561         2498      2275.56
     323.327     0.999609         2499      2560.00
     323.327     1.000000         2499          inf
#[Mean    =       67.993, StdDeviation   =       41.654]
#[Max     =      323.072, Total count    =         2499]
#[Buckets =           27, SubBuckets     =         2048]
-----------------------------------------------------------------------
  2992 requests in 1.00m, 0.89MB read
Requests/sec:     49.86  
Transfer/sec:     15.20KB
