Running 30s test @ http://10.106.139.161/?loopCount=25&base=6&exp=6
  1 threads and 1 connections

  Thread calibration: mean lat.: 2924.636ms, rate sampling interval: 13410ms

-----------------------------------------------------------------------
Test Results @ http://10.106.139.161/?loopCount=25&base=6&exp=6 
  Thread Stats   Avg      Stdev     99%   +/- Stdev
    Latency    13.22s     2.64s   16.89s    55.26%
    Req/Sec    11.00      0.00    11.00    100.00%
  Latency Distribution (HdrHistogram - Recorded Latency)
 50.000%   13.20s 
 75.000%   15.78s 
 90.000%   16.44s 
 99.000%   16.89s 
 99.900%   16.97s 
 99.990%   16.97s 
 99.999%   16.97s 
100.000%   16.97s 

  Detailed Percentile spectrum:
       Value   Percentile   TotalCount 1/(1-Percentile)

    7831.551     0.000000            1         1.00
    9494.527     0.100000           28         1.11
   10526.719     0.200000           54         1.25
   11370.495     0.300000           80         1.43
   12025.855     0.400000          107         1.67
   13197.311     0.500000          133         2.00
   13934.591     0.550000          147         2.22
   14680.063     0.600000          160         2.50
   15376.383     0.650000          173         2.86
   15695.871     0.700000          193         3.33
   15777.791     0.750000          201         4.00
   15990.783     0.775000          208         4.44
   16031.743     0.800000          214         5.00
   16097.279     0.825000          220         5.71
   16236.543     0.850000          227         6.67
   16351.231     0.875000          235         8.00
   16392.191     0.887500          238         8.89
   16490.495     0.900000          241        10.00
   16580.607     0.912500          244        11.43
   16621.567     0.925000          247        13.33
   16678.911     0.937500          250        16.00
   16736.255     0.943750          252        17.78
   16752.639     0.950000          256        20.00
   16752.639     0.956250          256        22.86
   16760.831     0.962500          259        26.67
   16760.831     0.968750          259        32.00
   16760.831     0.971875          259        35.56
   16793.599     0.975000          260        40.00
   16842.751     0.978125          262        45.71
   16842.751     0.981250          262        53.33
   16842.751     0.984375          262        64.00
   16891.903     0.985938          263        71.11
   16891.903     0.987500          263        80.00
   16941.055     0.989062          265        91.43
   16941.055     0.990625          265       106.67
   16941.055     0.992188          265       128.00
   16941.055     0.992969          265       142.22
   16941.055     0.993750          265       160.00
   16941.055     0.994531          265       182.86
   16941.055     0.995313          265       213.33
   16941.055     0.996094          265       256.00
   16973.823     0.996484          266       284.44
   16973.823     1.000000          266          inf
#[Mean    =    13224.721, StdDeviation   =     2640.685]
#[Max     =    16957.440, Total count    =          266]
#[Buckets =           27, SubBuckets     =         2048]
-----------------------------------------------------------------------
  324 requests in 30.00s, 97.62KB read
  Non-2xx or 3xx responses: 13
Requests/sec:     10.80  
Transfer/sec:      3.25KB
