Running 30s test @ http://10.106.139.161/?loopCount=25&base=6&exp=6
  1 threads and 1 connections

  Thread calibration: mean lat.: 55.066ms, rate sampling interval: 222ms

-----------------------------------------------------------------------
Test Results @ http://10.106.139.161/?loopCount=25&base=6&exp=6 
  Thread Stats   Avg      Stdev     99%   +/- Stdev
    Latency     4.31s     3.65s   11.82s    58.50%
    Req/Sec     9.73      6.34    27.00     85.56%
  Latency Distribution (HdrHistogram - Recorded Latency)
 50.000%    3.42s 
 75.000%    6.94s 
 90.000%   10.26s 
 99.000%   11.82s 
 99.900%   12.14s 
 99.990%   12.14s 
 99.999%   12.14s 
100.000%   12.14s 

  Detailed Percentile spectrum:
       Value   Percentile   TotalCount 1/(1-Percentile)

     269.823     0.000000            1         1.00
     483.071     0.100000           20         1.11
     797.183     0.200000           40         1.25
     829.439     0.300000           60         1.43
    2318.335     0.400000           80         1.67
    3424.255     0.500000          100         2.00
    4118.527     0.550000          110         2.22
    4452.351     0.600000          120         2.50
    4960.255     0.650000          130         2.86
    5836.799     0.700000          140         3.33
    6938.623     0.750000          150         4.00
    7925.759     0.775000          155         4.44
    8454.143     0.800000          160         5.00
    8929.279     0.825000          165         5.71
    9527.295     0.850000          170         6.67
   10027.007     0.875000          175         8.00
   10231.807     0.887500          178         8.89
   10264.575     0.900000          180        10.00
   10371.071     0.912500          183        11.43
   10444.799     0.925000          185        13.33
   10723.327     0.937500          188        16.00
   10862.591     0.943750          189        17.78
   11018.239     0.950000          190        20.00
   11157.503     0.956250          192        22.86
   11231.231     0.962500          193        26.67
   11370.495     0.968750          194        32.00
   11534.335     0.971875          195        35.56
   11534.335     0.975000          195        40.00
   11599.871     0.978125          196        45.71
   11747.327     0.981250          197        53.33
   11747.327     0.984375          197        64.00
   11821.055     0.985938          198        71.11
   11821.055     0.987500          198        80.00
   11821.055     0.989062          198        91.43
   11976.703     0.990625          199       106.67
   11976.703     0.992188          199       128.00
   11976.703     0.992969          199       142.22
   11976.703     0.993750          199       160.00
   11976.703     0.994531          199       182.86
   12140.543     0.995313          200       213.33
   12140.543     1.000000          200          inf
#[Mean    =     4310.980, StdDeviation   =     3654.598]
#[Max     =    12132.352, Total count    =          200]
#[Buckets =           27, SubBuckets     =         2048]
-----------------------------------------------------------------------
  446 requests in 30.00s, 133.70KB read
  Non-2xx or 3xx responses: 24
Requests/sec:     14.87  
Transfer/sec:      4.46KB
