Running 30s test @ http://10.106.139.161/?loopCount=25&base=6&exp=6
  5 threads and 5 connections

  Thread calibration: mean lat.: 210.131ms, rate sampling interval: 678ms
  Thread calibration: mean lat.: 139.094ms, rate sampling interval: 492ms
  Thread calibration: mean lat.: 137.812ms, rate sampling interval: 498ms
  Thread calibration: mean lat.: 203.406ms, rate sampling interval: 688ms
  Thread calibration: mean lat.: 136.673ms, rate sampling interval: 384ms

-----------------------------------------------------------------------
Test Results @ http://10.106.139.161/?loopCount=25&base=6&exp=6 
  Thread Stats   Avg      Stdev     99%   +/- Stdev
    Latency     1.03s   564.17ms   2.87s    74.04%
    Req/Sec     8.72      2.65    16.00     81.05%
  Latency Distribution (HdrHistogram - Recorded Latency)
 50.000%  953.85ms
 75.000%    1.26s 
 90.000%    1.74s 
 99.000%    2.87s 
 99.900%    2.99s 
 99.990%    3.05s 
 99.999%    3.05s 
100.000%    3.05s 

  Detailed Percentile spectrum:
       Value   Percentile   TotalCount 1/(1-Percentile)

      62.911     0.000000            1         1.00
     357.631     0.100000           93         1.11
     594.431     0.200000          183         1.25
     744.959     0.300000          274         1.43
     850.431     0.400000          366         1.67
     953.855     0.500000          457         2.00
     980.479     0.550000          503         2.22
    1058.815     0.600000          549         2.50
    1093.631     0.650000          594         2.86
    1170.431     0.700000          640         3.33
    1263.615     0.750000          685         4.00
    1289.215     0.775000          710         4.44
    1350.655     0.800000          732         5.00
    1443.839     0.825000          754         5.71
    1542.143     0.850000          777         6.67
    1591.295     0.875000          799         8.00
    1655.807     0.887500          811         8.89
    1744.895     0.900000          823        10.00
    1850.367     0.912500          834        11.43
    1965.055     0.925000          845        13.33
    2065.407     0.937500          856        16.00
    2246.655     0.943750          862        17.78
    2269.183     0.950000          868        20.00
    2355.199     0.956250          874        22.86
    2441.215     0.962500          879        26.67
    2467.839     0.968750          885        32.00
    2490.367     0.971875          888        35.56
    2549.759     0.975000          892        40.00
    2586.623     0.978125          894        45.71
    2791.423     0.981250          896        53.33
    2859.007     0.984375          900        64.00
    2865.151     0.985938          902        71.11
    2865.151     0.987500          902        80.00
    2867.199     0.989062          904        91.43
    2873.343     0.990625          905       106.67
    2877.439     0.992188          906       128.00
    2897.919     0.992969          907       142.22
    2942.975     0.993750          908       160.00
    2947.071     0.994531          909       182.86
    2947.071     0.995313          909       213.33
    2949.119     0.996094          910       256.00
    2949.119     0.996484          910       284.44
    2957.311     0.996875          911       320.00
    2957.311     0.997266          911       365.71
    2957.311     0.997656          911       426.67
    2985.983     0.998047          912       512.00
    2985.983     0.998242          912       568.89
    2985.983     0.998437          912       640.00
    2985.983     0.998633          912       731.43
    2985.983     0.998828          912       853.33
    3045.375     0.999023          913      1024.00
    3045.375     1.000000          913          inf
#[Mean    =     1029.794, StdDeviation   =      564.171]
#[Max     =     3043.328, Total count    =          913]
#[Buckets =           27, SubBuckets     =         2048]
-----------------------------------------------------------------------
  1398 requests in 30.00s, 426.54KB read
Requests/sec:     46.59  
Transfer/sec:     14.22KB
