Running 30s test @ http://10.106.139.161/?loopCount=25&base=6&exp=6
  5 threads and 5 connections

  Thread calibration: mean lat.: 104.236ms, rate sampling interval: 447ms
  Thread calibration: mean lat.: 68.340ms, rate sampling interval: 269ms
  Thread calibration: mean lat.: 80.249ms, rate sampling interval: 293ms
  Thread calibration: mean lat.: 86.154ms, rate sampling interval: 287ms
  Thread calibration: mean lat.: 106.257ms, rate sampling interval: 448ms

-----------------------------------------------------------------------
Test Results @ http://10.106.139.161/?loopCount=25&base=6&exp=6 
  Thread Stats   Avg      Stdev     99%   +/- Stdev
    Latency   152.69ms  135.75ms 628.22ms   86.06%
    Req/Sec     9.48      3.25    17.00     84.28%
  Latency Distribution (HdrHistogram - Recorded Latency)
 50.000%  122.94ms
 75.000%  199.93ms
 90.000%  331.26ms
 99.000%  628.22ms
 99.900%  666.62ms
 99.990%  726.02ms
 99.999%  726.02ms
100.000%  726.02ms

  Detailed Percentile spectrum:
       Value   Percentile   TotalCount 1/(1-Percentile)

      21.615     0.000000            1         1.00
      40.703     0.100000          101         1.11
      41.791     0.200000          201         1.25
      59.743     0.300000          302         1.43
      87.231     0.400000          403         1.67
     122.943     0.500000          502         2.00
     126.975     0.550000          553         2.22
     133.375     0.600000          603         2.50
     136.959     0.650000          653         2.86
     152.447     0.700000          703         3.33
     199.935     0.750000          753         4.00
     226.431     0.775000          779         4.44
     232.575     0.800000          804         5.00
     241.791     0.825000          829         5.71
     258.687     0.850000          854         6.67
     303.103     0.875000          879         8.00
     324.863     0.887500          892         8.89
     331.263     0.900000          904        10.00
     351.487     0.912500          917        11.43
     390.655     0.925000          929        13.33
     427.519     0.937500          942        16.00
     437.247     0.943750          948        17.78
     497.151     0.950000          954        20.00
     522.239     0.956250          961        22.86
     532.479     0.962500          967        26.67
     543.743     0.968750          973        32.00
     544.767     0.971875          976        35.56
     548.863     0.975000          979        40.00
     588.799     0.978125          983        45.71
     595.967     0.981250          986        53.33
     604.671     0.984375          989        64.00
     608.255     0.985938          990        71.11
     626.175     0.987500          992        80.00
     628.223     0.989062          994        91.43
     628.735     0.990625          995       106.67
     636.415     0.992188          997       128.00
     636.415     0.992969          997       142.22
     636.927     0.993750          998       160.00
     641.535     0.994531         1000       182.86
     641.535     0.995313         1000       213.33
     642.559     0.996094         1001       256.00
     642.559     0.996484         1001       284.44
     642.559     0.996875         1001       320.00
     643.583     0.997266         1002       365.71
     643.583     0.997656         1002       426.67
     666.623     0.998047         1003       512.00
     666.623     0.998242         1003       568.89
     666.623     0.998437         1003       640.00
     666.623     0.998633         1003       731.43
     666.623     0.998828         1003       853.33
     726.015     0.999023         1004      1024.00
     726.015     1.000000         1004          inf
#[Mean    =      152.694, StdDeviation   =      135.752]
#[Max     =      725.504, Total count    =         1004]
#[Buckets =           27, SubBuckets     =         2048]
-----------------------------------------------------------------------
  1493 requests in 30.00s, 455.32KB read
Requests/sec:     49.76  
Transfer/sec:     15.18KB
