Running 30s test @ http://10.106.139.161/?loopCount=25&base=6&exp=6
  5 threads and 5 connections

  Thread calibration: mean lat.: 507.997ms, rate sampling interval: 1662ms
  Thread calibration: mean lat.: 911.493ms, rate sampling interval: 3250ms
  Thread calibration: mean lat.: 590.166ms, rate sampling interval: 1832ms
  Thread calibration: mean lat.: 353.810ms, rate sampling interval: 1282ms
  Thread calibration: mean lat.: 849.067ms, rate sampling interval: 3698ms

-----------------------------------------------------------------------
Test Results @ http://10.106.139.161/?loopCount=25&base=6&exp=6 
  Thread Stats   Avg      Stdev     99%   +/- Stdev
    Latency     3.41s     1.46s    7.36s    66.58%
    Req/Sec    11.83      1.75    16.00     87.50%
  Latency Distribution (HdrHistogram - Recorded Latency)
 50.000%    3.25s 
 75.000%    4.13s 
 90.000%    5.65s 
 99.000%    7.36s 
 99.900%    7.52s 
 99.990%    7.53s 
 99.999%    7.53s 
100.000%    7.53s 

  Detailed Percentile spectrum:
       Value   Percentile   TotalCount 1/(1-Percentile)

     944.639     0.000000            1         1.00
    1727.487     0.100000          123         1.11
    2073.599     0.200000          245         1.25
    2322.431     0.300000          367         1.43
    2873.343     0.400000          489         1.67
    3248.127     0.500000          611         2.00
    3373.055     0.550000          672         2.22
    3717.119     0.600000          735         2.50
    3862.527     0.650000          794         2.86
    3981.311     0.700000          858         3.33
    4134.911     0.750000          916         4.00
    4296.703     0.775000          947         4.44
    4497.407     0.800000          977         5.00
    4677.631     0.825000         1009         5.71
    4993.023     0.850000         1038         6.67
    5324.799     0.875000         1069         8.00
    5484.543     0.887500         1084         8.89
    5652.479     0.900000         1099        10.00
    5816.319     0.912500         1117        11.43
    5931.007     0.925000         1131        13.33
    6074.367     0.937500         1145        16.00
    6139.903     0.943750         1153        17.78
    6246.399     0.950000         1160        20.00
    6406.143     0.956250         1168        22.86
    6553.599     0.962500         1176        26.67
    6713.343     0.968750         1183        32.00
    6750.207     0.971875         1187        35.56
    7061.503     0.975000         1191        40.00
    7274.495     0.978125         1197        45.71
    7290.879     0.981250         1199        53.33
    7299.071     0.984375         1202        64.00
    7307.263     0.985938         1205        71.11
    7315.455     0.987500         1206        80.00
    7340.031     0.989062         1208        91.43
    7393.279     0.990625         1210       106.67
    7434.239     0.992188         1212       128.00
    7458.815     0.992969         1213       142.22
    7467.007     0.993750         1214       160.00
    7475.199     0.994531         1215       182.86
    7483.391     0.995313         1216       213.33
    7491.583     0.996094         1217       256.00
    7491.583     0.996484         1217       284.44
    7499.775     0.996875         1218       320.00
    7499.775     0.997266         1218       365.71
    7512.063     0.997656         1219       426.67
    7512.063     0.998047         1219       512.00
    7512.063     0.998242         1219       568.89
    7516.159     0.998437         1220       640.00
    7516.159     0.998633         1220       731.43
    7516.159     0.998828         1220       853.33
    7516.159     0.999023         1220      1024.00
    7516.159     0.999121         1220      1137.78
    7528.447     0.999219         1221      1280.00
    7528.447     1.000000         1221          inf
#[Mean    =     3411.067, StdDeviation   =     1461.084]
#[Max     =     7524.352, Total count    =         1221]
#[Buckets =           27, SubBuckets     =         2048]
-----------------------------------------------------------------------
  1841 requests in 30.00s, 561.39KB read
Requests/sec:     61.36  
Transfer/sec:     18.71KB
