Running 30s test @ http://10.106.139.161/?loopCount=25&base=6&exp=6
  5 threads and 5 connections

  Thread calibration: mean lat.: 908.732ms, rate sampling interval: 3690ms
  Thread calibration: mean lat.: 887.642ms, rate sampling interval: 4030ms
  Thread calibration: mean lat.: 971.197ms, rate sampling interval: 3837ms
  Thread calibration: mean lat.: 1576.507ms, rate sampling interval: 6037ms
  Thread calibration: mean lat.: 1324.915ms, rate sampling interval: 5062ms

-----------------------------------------------------------------------
Test Results @ http://10.106.139.161/?loopCount=25&base=6&exp=6 
  Thread Stats   Avg      Stdev     99%   +/- Stdev
    Latency     5.39s     1.90s    9.27s    60.99%
    Req/Sec    10.40      1.32    15.00     95.00%
  Latency Distribution (HdrHistogram - Recorded Latency)
 50.000%    5.32s 
 75.000%    6.76s 
 90.000%    8.17s 
 99.000%    9.27s 
 99.900%    9.61s 
 99.990%    9.63s 
 99.999%    9.63s 
100.000%    9.63s 

  Detailed Percentile spectrum:
       Value   Percentile   TotalCount 1/(1-Percentile)

    1959.935     0.000000            1         1.00
    2828.287     0.100000          108         1.11
    3506.175     0.200000          215         1.25
    4210.687     0.300000          323         1.43
    4702.207     0.400000          430         1.67
    5320.703     0.500000          538         2.00
    5562.367     0.550000          591         2.22
    5808.127     0.600000          646         2.50
    6139.903     0.650000          699         2.86
    6430.719     0.700000          753         3.33
    6758.399     0.750000          806         4.00
    6938.623     0.775000          833         4.44
    7217.151     0.800000          860         5.00
    7524.351     0.825000          888         5.71
    7749.631     0.850000          914         6.67
    8056.831     0.875000          940         8.00
    8130.559     0.887500          954         8.89
    8167.423     0.900000          967        10.00
    8286.207     0.912500          981        11.43
    8421.375     0.925000          994        13.33
    8511.487     0.937500         1007        16.00
    8593.407     0.943750         1014        17.78
    8626.175     0.950000         1021        20.00
    8667.135     0.956250         1028        22.86
    8740.863     0.962500         1034        26.67
    8839.167     0.968750         1042        32.00
    8855.551     0.971875         1044        35.56
    8937.471     0.975000         1048        40.00
    8994.815     0.978125         1051        45.71
    9084.927     0.981250         1054        53.33
    9232.383     0.984375         1058        64.00
    9248.767     0.985938         1061        71.11
    9248.767     0.987500         1061        80.00
    9273.343     0.989062         1064        91.43
    9273.343     0.990625         1064       106.67
    9396.223     0.992188         1066       128.00
    9420.799     0.992969         1067       142.22
    9453.567     0.993750         1068       160.00
    9543.679     0.994531         1069       182.86
    9543.679     0.995313         1069       213.33
    9584.639     0.996094         1071       256.00
    9584.639     0.996484         1071       284.44
    9584.639     0.996875         1071       320.00
    9601.023     0.997266         1072       365.71
    9601.023     0.997656         1072       426.67
    9601.023     0.998047         1072       512.00
    9609.215     0.998242         1073       568.89
    9609.215     0.998437         1073       640.00
    9609.215     0.998633         1073       731.43
    9609.215     0.998828         1073       853.33
    9609.215     0.999023         1073      1024.00
    9625.599     0.999121         1074      1137.78
    9625.599     1.000000         1074          inf
#[Mean    =     5393.946, StdDeviation   =     1896.935]
#[Max     =     9617.408, Total count    =         1074]
#[Buckets =           27, SubBuckets     =         2048]
-----------------------------------------------------------------------
  1609 requests in 30.00s, 490.79KB read
Requests/sec:     53.63  
Transfer/sec:     16.36KB
