Running 30s test @ http://10.106.139.161/?loopCount=25&base=6&exp=6
  5 threads and 5 connections

  Thread calibration: mean lat.: 81.936ms, rate sampling interval: 290ms
  Thread calibration: mean lat.: 80.552ms, rate sampling interval: 272ms
  Thread calibration: mean lat.: 88.020ms, rate sampling interval: 329ms
  Thread calibration: mean lat.: 73.170ms, rate sampling interval: 211ms
  Thread calibration: mean lat.: 83.307ms, rate sampling interval: 264ms

-----------------------------------------------------------------------
Test Results @ http://10.106.139.161/?loopCount=25&base=6&exp=6 
  Thread Stats   Avg      Stdev     99%   +/- Stdev
    Latency   208.44ms  169.93ms 866.82ms   84.23%
    Req/Sec     9.48      4.79    22.00     80.27%
  Latency Distribution (HdrHistogram - Recorded Latency)
 50.000%  179.58ms
 75.000%  278.27ms
 90.000%  436.73ms
 99.000%  866.82ms
 99.900%  932.86ms
 99.990%  984.06ms
 99.999%  984.06ms
100.000%  984.06ms

  Detailed Percentile spectrum:
       Value   Percentile   TotalCount 1/(1-Percentile)

      21.199     0.000000            1         1.00
      41.951     0.100000           99         1.11
      67.391     0.200000          197         1.25
     107.519     0.300000          295         1.43
     132.479     0.400000          395         1.67
     179.583     0.500000          492         2.00
     185.215     0.550000          542         2.22
     191.615     0.600000          590         2.50
     203.263     0.650000          639         2.86
     225.919     0.700000          689         3.33
     278.271     0.750000          739         4.00
     283.647     0.775000          762         4.44
     293.631     0.800000          787         5.00
     322.047     0.825000          811         5.71
     372.991     0.850000          836         6.67
     390.655     0.875000          861         8.00
     420.863     0.887500          873         8.89
     436.735     0.900000          885        10.00
     473.343     0.912500          897        11.43
     484.351     0.925000          910        13.33
     500.735     0.937500          922        16.00
     535.039     0.943750          928        17.78
     555.519     0.950000          934        20.00
     578.559     0.956250          940        22.86
     588.799     0.962500          947        26.67
     627.711     0.968750          953        32.00
     669.183     0.971875          956        35.56
     687.103     0.975000          959        40.00
     746.495     0.978125          962        45.71
     783.359     0.981250          965        53.33
     794.623     0.984375          968        64.00
     842.239     0.985938          970        71.11
     848.383     0.987500          971        80.00
     866.815     0.989062          973        91.43
     878.079     0.990625          974       106.67
     882.175     0.992188          976       128.00
     886.271     0.992969          977       142.22
     886.271     0.993750          977       160.00
     888.319     0.994531          978       182.86
     895.999     0.995313          979       213.33
     913.919     0.996094          980       256.00
     913.919     0.996484          980       284.44
     913.919     0.996875          980       320.00
     925.183     0.997266          981       365.71
     925.183     0.997656          981       426.67
     932.863     0.998047          982       512.00
     932.863     0.998242          982       568.89
     932.863     0.998437          982       640.00
     932.863     0.998633          982       731.43
     932.863     0.998828          982       853.33
     984.063     0.999023          983      1024.00
     984.063     1.000000          983          inf
#[Mean    =      208.435, StdDeviation   =      169.932]
#[Max     =      983.552, Total count    =          983]
#[Buckets =           27, SubBuckets     =         2048]
-----------------------------------------------------------------------
  1474 requests in 30.00s, 449.51KB read
Requests/sec:     49.13  
Transfer/sec:     14.98KB
