Running 30s test @ http://10.106.139.161/?loopCount=25&base=6&exp=6
  5 threads and 5 connections

  Thread calibration: mean lat.: 2092.302ms, rate sampling interval: 7593ms
  Thread calibration: mean lat.: 2056.336ms, rate sampling interval: 6569ms
  Thread calibration: mean lat.: 2135.136ms, rate sampling interval: 7778ms
  Thread calibration: mean lat.: 2021.668ms, rate sampling interval: 7454ms
  Thread calibration: mean lat.: 1869.872ms, rate sampling interval: 6569ms

-----------------------------------------------------------------------
Test Results @ http://10.106.139.161/?loopCount=25&base=6&exp=6 
  Thread Stats   Avg      Stdev     99%   +/- Stdev
    Latency     8.33s     2.49s   13.70s    59.34%
    Req/Sec     8.08      0.76     9.00    100.00%
  Latency Distribution (HdrHistogram - Recorded Latency)
 50.000%    8.18s 
 75.000%   10.40s 
 90.000%   11.71s 
 99.000%   13.70s 
 99.900%   14.10s 
 99.990%   14.23s 
 99.999%   14.23s 
100.000%   14.23s 

  Detailed Percentile spectrum:
       Value   Percentile   TotalCount 1/(1-Percentile)

    3856.383     0.000000            1         1.00
    5038.079     0.100000           86         1.11
    5914.623     0.200000          173         1.25
    6643.711     0.300000          257         1.43
    7352.319     0.400000          341         1.67
    8179.711     0.500000          426         2.00
    8609.791     0.550000          469         2.22
    8953.855     0.600000          511         2.50
    9494.527     0.650000          554         2.86
    9879.551     0.700000          596         3.33
   10420.223     0.750000          639         4.00
   10739.711     0.775000          661         4.44
   10887.167     0.800000          681         5.00
   10977.279     0.825000          703         5.71
   11255.807     0.850000          724         6.67
   11509.759     0.875000          746         8.00
   11673.599     0.887500          758         8.89
   11706.367     0.900000          766        10.00
   11853.823     0.912500          778        11.43
   11943.935     0.925000          788        13.33
   12042.239     0.937500          798        16.00
   12222.463     0.943750          805        17.78
   12361.727     0.950000          809        20.00
   12460.031     0.956250          814        22.86
   12664.831     0.962500          820        26.67
   12845.055     0.968750          826        32.00
   12976.127     0.971875          829        35.56
   12992.511     0.975000          830        40.00
   13099.007     0.978125          833        45.71
   13426.687     0.981250          836        53.33
   13574.143     0.984375          838        64.00
   13606.911     0.985938          840        71.11
   13697.023     0.987500          842        80.00
   13697.023     0.989062          842        91.43
   13729.791     0.990625          844       106.67
   13746.175     0.992188          845       128.00
   13754.367     0.992969          846       142.22
   13754.367     0.993750          846       160.00
   13852.671     0.994531          847       182.86
   13869.055     0.995313          848       213.33
   13869.055     0.996094          848       256.00
   13967.359     0.996484          849       284.44
   13967.359     0.996875          849       320.00
   13967.359     0.997266          849       365.71
   14098.431     0.997656          850       426.67
   14098.431     0.998047          850       512.00
   14098.431     0.998242          850       568.89
   14098.431     0.998437          850       640.00
   14098.431     0.998633          850       731.43
   14229.503     0.998828          851       853.33
   14229.503     1.000000          851          inf
#[Mean    =     8329.111, StdDeviation   =     2489.604]
#[Max     =    14221.312, Total count    =          851]
#[Buckets =           27, SubBuckets     =         2048]
-----------------------------------------------------------------------
  1291 requests in 30.00s, 394.03KB read
Requests/sec:     43.03  
Transfer/sec:     13.13KB
