Running 30s test @ http://10.106.139.161/?loopCount=25&base=6&exp=6
  1 threads and 1 connections

  Thread calibration: mean lat.: 56.099ms, rate sampling interval: 171ms

-----------------------------------------------------------------------
Test Results @ http://10.106.139.161/?loopCount=25&base=6&exp=6 
  Thread Stats   Avg      Stdev     99%   +/- Stdev
    Latency     2.60s     3.23s   10.72s    81.82%
    Req/Sec    10.96      8.33    29.00     70.69%
  Latency Distribution (HdrHistogram - Recorded Latency)
 50.000%  307.45ms
 75.000%    4.56s 
 90.000%    8.23s 
 99.000%   10.72s 
 99.900%   10.84s 
 99.990%   10.84s 
 99.999%   10.84s 
100.000%   10.84s 

  Detailed Percentile spectrum:
       Value   Percentile   TotalCount 1/(1-Percentile)

      67.455     0.000000            1         1.00
      81.791     0.100000           24         1.11
      93.439     0.200000           47         1.25
     101.055     0.300000           71         1.43
     106.879     0.400000           93         1.67
     307.455     0.500000          116         2.00
    1339.391     0.550000          128         2.22
    2201.599     0.600000          140         2.50
    3311.615     0.650000          151         2.86
    4188.159     0.700000          162         3.33
    4567.039     0.750000          174         4.00
    4947.967     0.775000          180         4.44
    5255.167     0.800000          185         5.00
    6017.023     0.825000          191         5.71
    6680.575     0.850000          197         6.67
    7139.327     0.875000          204         8.00
    7311.359     0.887500          206         8.89
    8232.959     0.900000          208        10.00
    8536.063     0.912500          211        11.43
    8904.703     0.925000          214        13.33
    9166.847     0.937500          217        16.00
    9494.527     0.943750          219        17.78
    9756.671     0.950000          220        20.00
    9904.127     0.956250          221        22.86
   10027.007     0.962500          223        26.67
   10092.543     0.968750          224        32.00
   10166.271     0.971875          225        35.56
   10403.839     0.975000          226        40.00
   10403.839     0.978125          226        45.71
   10584.063     0.981250          227        53.33
   10657.791     0.984375          228        64.00
   10657.791     0.985938          228        71.11
   10715.135     0.987500          229        80.00
   10715.135     0.989062          229        91.43
   10715.135     0.990625          229       106.67
   10756.095     0.992188          230       128.00
   10756.095     0.992969          230       142.22
   10756.095     0.993750          230       160.00
   10756.095     0.994531          230       182.86
   10756.095     0.995313          230       213.33
   10838.015     0.996094          231       256.00
   10838.015     1.000000          231          inf
#[Mean    =     2596.733, StdDeviation   =     3233.871]
#[Max     =    10829.824, Total count    =          231]
#[Buckets =           27, SubBuckets     =         2048]
-----------------------------------------------------------------------
  478 requests in 30.00s, 143.54KB read
  Non-2xx or 3xx responses: 23
Requests/sec:     15.93  
Transfer/sec:      4.78KB
