Running 30s test @ http://10.106.139.161/?loopCount=25&base=6&exp=6
  1 threads and 1 connections

  Thread calibration: mean lat.: 479.119ms, rate sampling interval: 1684ms

-----------------------------------------------------------------------
Test Results @ http://10.106.139.161/?loopCount=25&base=6&exp=6 
  Thread Stats   Avg      Stdev     99%   +/- Stdev
    Latency     5.27s     4.05s   13.81s    79.29%
    Req/Sec     8.27      5.06    21.00     81.82%
  Latency Distribution (HdrHistogram - Recorded Latency)
 50.000%    3.98s 
 75.000%    7.90s 
 90.000%   12.10s 
 99.000%   13.81s 
 99.900%   14.11s 
 99.990%   14.11s 
 99.999%   14.11s 
100.000%   14.11s 

  Detailed Percentile spectrum:
       Value   Percentile   TotalCount 1/(1-Percentile)

    1283.071     0.000000            2         1.00
    1495.039     0.100000           20         1.11
    1499.135     0.200000           34         1.25
    1750.015     0.300000           51         1.43
    2111.487     0.400000           68         1.67
    3975.167     0.500000           85         2.00
    4755.455     0.550000           93         2.22
    5496.831     0.600000          102         2.50
    6459.391     0.650000          110         2.86
    7102.463     0.700000          119         3.33
    7901.183     0.750000          127         4.00
    8437.759     0.775000          131         4.44
    9527.295     0.800000          136         5.00
   10166.271     0.825000          140         5.71
   10715.135     0.850000          144         6.67
   11444.223     0.875000          148         8.00
   11780.095     0.887500          150         8.89
   12247.039     0.900000          153        10.00
   12460.031     0.912500          155        11.43
   12689.407     0.925000          157        13.33
   13000.703     0.937500          159        16.00
   13082.623     0.943750          160        17.78
   13230.079     0.950000          161        20.00
   13303.807     0.956250          162        22.86
   13443.071     0.962500          163        26.67
   13615.103     0.968750          164        32.00
   13680.639     0.971875          165        35.56
   13680.639     0.975000          165        40.00
   13737.983     0.978125          166        45.71
   13737.983     0.981250          166        53.33
   13811.711     0.984375          167        64.00
   13811.711     0.985938          167        71.11
   13811.711     0.987500          167        80.00
   13959.167     0.989062          168        91.43
   13959.167     0.990625          168       106.67
   13959.167     0.992188          168       128.00
   13959.167     0.992969          168       142.22
   13959.167     0.993750          168       160.00
   14106.623     0.994531          169       182.86
   14106.623     1.000000          169          inf
#[Mean    =     5268.174, StdDeviation   =     4048.654]
#[Max     =    14098.432, Total count    =          169]
#[Buckets =           27, SubBuckets     =         2048]
-----------------------------------------------------------------------
  387 requests in 30.00s, 116.50KB read
  Non-2xx or 3xx responses: 19
Requests/sec:     12.90  
Transfer/sec:      3.88KB
