Running 30s test @ http://10.106.139.161/?loopCount=25&base=6&exp=6
  1 threads and 1 connections

  Thread calibration: mean lat.: 3298.044ms, rate sampling interval: 11870ms

-----------------------------------------------------------------------
Test Results @ http://10.106.139.161/?loopCount=25&base=6&exp=6 
  Thread Stats   Avg      Stdev     99%   +/- Stdev
    Latency    12.88s     4.09s   20.89s    58.04%
    Req/Sec     8.00      0.00     8.00    100.00%
  Latency Distribution (HdrHistogram - Recorded Latency)
 50.000%   12.80s 
 75.000%   16.01s 
 90.000%   18.71s 
 99.000%   20.89s 
 99.900%   21.05s 
 99.990%   21.05s 
 99.999%   21.05s 
100.000%   21.05s 

  Detailed Percentile spectrum:
       Value   Percentile   TotalCount 1/(1-Percentile)

    6811.647     0.000000            1         1.00
    7536.639     0.100000           16         1.11
    8568.831     0.200000           29         1.25
    9740.287     0.300000           43         1.43
   11075.583     0.400000           58         1.67
   12804.095     0.500000           72         2.00
   13402.111     0.550000           79         2.22
   14131.199     0.600000           86         2.50
   14688.255     0.650000           93         2.86
   15245.311     0.700000          101         3.33
   16138.239     0.750000          108         4.00
   16547.839     0.775000          111         4.44
   17072.127     0.800000          115         5.00
   17448.959     0.825000          118         5.71
   17891.327     0.850000          122         6.67
   18350.079     0.875000          126         8.00
   18481.151     0.887500          127         8.89
   18710.527     0.900000          129        10.00
   18939.903     0.912500          131        11.43
   19169.279     0.925000          133        13.33
   19759.103     0.937500          135        16.00
   19759.103     0.943750          135        17.78
   20037.631     0.950000          136        20.00
   20283.391     0.956250          137        22.86
   20365.311     0.962500          138        26.67
   20430.847     0.968750          139        32.00
   20430.847     0.971875          139        35.56
   20496.383     0.975000          140        40.00
   20496.383     0.978125          140        45.71
   20643.839     0.981250          141        53.33
   20643.839     0.984375          141        64.00
   20643.839     0.985938          141        71.11
   20889.599     0.987500          142        80.00
   20889.599     0.989062          142        91.43
   20889.599     0.990625          142       106.67
   20889.599     0.992188          142       128.00
   20889.599     0.992969          142       142.22
   21053.439     0.993750          143       160.00
   21053.439     1.000000          143          inf
#[Mean    =    12879.614, StdDeviation   =     4089.721]
#[Max     =    21037.056, Total count    =          143]
#[Buckets =           27, SubBuckets     =         2048]
-----------------------------------------------------------------------
  223 requests in 30.00s, 68.10KB read
Requests/sec:      7.43  
Transfer/sec:      2.27KB
