Running 30s test @ http://10.106.139.161/?loopCount=25&base=6&exp=6
  5 threads and 5 connections

  Thread calibration: mean lat.: 1435.743ms, rate sampling interval: 6062ms
  Thread calibration: mean lat.: 1259.078ms, rate sampling interval: 5664ms
  Thread calibration: mean lat.: 1430.096ms, rate sampling interval: 6270ms
  Thread calibration: mean lat.: 1412.755ms, rate sampling interval: 6443ms
  Thread calibration: mean lat.: 1434.182ms, rate sampling interval: 5865ms

-----------------------------------------------------------------------
Test Results @ http://10.106.139.161/?loopCount=25&base=6&exp=6 
  Thread Stats   Avg      Stdev     99%   +/- Stdev
    Latency     3.55s   370.58ms   4.30s    65.27%
    Req/Sec     9.53      0.72    11.00    100.00%
  Latency Distribution (HdrHistogram - Recorded Latency)
 50.000%    3.57s 
 75.000%    3.80s 
 90.000%    4.08s 
 99.000%    4.30s 
 99.900%    4.38s 
 99.990%    4.38s 
 99.999%    4.38s 
100.000%    4.38s 

  Detailed Percentile spectrum:
       Value   Percentile   TotalCount 1/(1-Percentile)

    2723.839     0.000000            1         1.00
    3078.143     0.100000          105         1.11
    3182.591     0.200000          201         1.25
    3284.991     0.300000          302         1.43
    3471.359     0.400000          402         1.67
    3573.759     0.500000          504         2.00
    3592.191     0.550000          552         2.22
    3674.111     0.600000          605         2.50
    3692.543     0.650000          654         2.86
    3776.511     0.700000          703         3.33
    3801.087     0.750000          752         4.00
    3862.527     0.775000          777         4.44
    3889.151     0.800000          802         5.00
    3905.535     0.825000          828         5.71
    3973.119     0.850000          853         6.67
    4005.887     0.875000          877         8.00
    4071.423     0.887500          890         8.89
    4083.711     0.900000          902        10.00
    4098.047     0.912500          917        11.43
    4108.287     0.925000          929        13.33
    4128.767     0.937500          940        16.00
    4163.583     0.943750          950        17.78
    4169.727     0.950000          952        20.00
    4175.871     0.956250          959        22.86
    4179.967     0.962500          967        26.67
    4182.015     0.968750          971        32.00
    4186.111     0.971875          974        35.56
    4227.071     0.975000          977        40.00
    4263.935     0.978125          981        45.71
    4272.127     0.981250          984        53.33
    4280.319     0.984375          987        64.00
    4284.415     0.985938          990        71.11
    4284.415     0.987500          990        80.00
    4300.799     0.989062          992        91.43
    4308.991     0.990625          993       106.67
    4317.183     0.992188          995       128.00
    4317.183     0.992969          995       142.22
    4321.279     0.993750          996       160.00
    4358.143     0.994531          997       182.86
    4362.239     0.995313          998       213.33
    4366.335     0.996094          999       256.00
    4366.335     0.996484          999       284.44
    4366.335     0.996875          999       320.00
    4374.527     0.997266         1000       365.71
    4374.527     0.997656         1000       426.67
    4378.623     0.998047         1002       512.00
    4378.623     1.000000         1002          inf
#[Mean    =     3545.278, StdDeviation   =      370.578]
#[Max     =     4374.528, Total count    =         1002]
#[Buckets =           27, SubBuckets     =         2048]
-----------------------------------------------------------------------
  1331 requests in 30.00s, 402.35KB read
  Non-2xx or 3xx responses: 38
Requests/sec:     44.36  
Transfer/sec:     13.41KB
