Running 30s test @ http://10.106.139.161/?loopCount=25&base=6&exp=6
  5 threads and 5 connections

  Thread calibration: mean lat.: 1314.254ms, rate sampling interval: 5210ms
  Thread calibration: mean lat.: 1552.377ms, rate sampling interval: 6057ms
  Thread calibration: mean lat.: 1146.310ms, rate sampling interval: 4726ms
  Thread calibration: mean lat.: 1324.054ms, rate sampling interval: 5931ms
  Thread calibration: mean lat.: 1767.161ms, rate sampling interval: 7712ms

-----------------------------------------------------------------------
Test Results @ http://10.106.139.161/?loopCount=25&base=6&exp=6 
  Thread Stats   Avg      Stdev     99%   +/- Stdev
    Latency     1.49s     1.19s    4.27s    57.74%
    Req/Sec    16.40      2.65    19.00     86.67%
  Latency Distribution (HdrHistogram - Recorded Latency)
 50.000%    1.25s 
 75.000%    2.52s 
 90.000%    3.18s 
 99.000%    4.27s 
 99.900%    4.43s 
 99.990%    4.46s 
 99.999%    4.46s 
100.000%    4.46s 

  Detailed Percentile spectrum:
       Value   Percentile   TotalCount 1/(1-Percentile)

      31.487     0.000000            1         1.00
     108.991     0.100000          164         1.11
     289.023     0.200000          327         1.25
     520.703     0.300000          491         1.43
     861.183     0.400000          654         1.67
    1250.303     0.500000          818         2.00
    1505.279     0.550000          901         2.22
    1718.271     0.600000          981         2.50
    1978.367     0.650000         1063         2.86
    2250.751     0.700000         1145         3.33
    2527.231     0.750000         1227         4.00
    2639.871     0.775000         1269         4.44
    2738.175     0.800000         1308         5.00
    2861.055     0.825000         1349         5.71
    2947.071     0.850000         1390         6.67
    3067.903     0.875000         1431         8.00
    3112.959     0.887500         1452         8.89
    3182.591     0.900000         1472        10.00
    3264.511     0.912500         1496        11.43
    3315.711     0.925000         1514        13.33
    3371.007     0.937500         1533        16.00
    3448.831     0.943750         1544        17.78
    3555.327     0.950000         1554        20.00
    3612.671     0.956250         1564        22.86
    3721.215     0.962500         1574        26.67
    3844.095     0.968750         1584        32.00
    3870.719     0.971875         1591        35.56
    3897.343     0.975000         1595        40.00
    3946.495     0.978125         1600        45.71
    4014.079     0.981250         1605        53.33
    4128.767     0.984375         1610        64.00
    4184.063     0.985938         1613        71.11
    4247.551     0.987500         1615        80.00
    4268.031     0.989062         1618        91.43
    4276.223     0.990625         1620       106.67
    4337.663     0.992188         1623       128.00
    4362.239     0.992969         1624       142.22
    4366.335     0.993750         1625       160.00
    4395.007     0.994531         1628       182.86
    4395.007     0.995313         1628       213.33
    4419.583     0.996094         1631       256.00
    4419.583     0.996484         1631       284.44
    4419.583     0.996875         1631       320.00
    4419.583     0.997266         1631       365.71
    4423.679     0.997656         1632       426.67
    4423.679     0.998047         1632       512.00
    4431.871     0.998242         1633       568.89
    4431.871     0.998437         1633       640.00
    4431.871     0.998633         1633       731.43
    4448.255     0.998828         1634       853.33
    4448.255     0.999023         1634      1024.00
    4448.255     0.999121         1634      1137.78
    4448.255     0.999219         1634      1280.00
    4448.255     0.999316         1634      1462.86
    4456.447     0.999414         1635      1706.67
    4456.447     1.000000         1635          inf
#[Mean    =     1493.171, StdDeviation   =     1189.528]
#[Max     =     4452.352, Total count    =         1635]
#[Buckets =           27, SubBuckets     =         2048]
-----------------------------------------------------------------------
  2138 requests in 30.00s, 651.76KB read
Requests/sec:     71.26  
Transfer/sec:     21.72KB
