Running 30s test @ http://10.106.139.161/?loopCount=25&base=6&exp=6
  1 threads and 1 connections

  Thread calibration: mean lat.: 3209.038ms, rate sampling interval: 12386ms

-----------------------------------------------------------------------
Test Results @ http://10.106.139.161/?loopCount=25&base=6&exp=6 
  Thread Stats   Avg      Stdev     99%   +/- Stdev
    Latency    14.57s     4.26s   21.71s    57.25%
    Req/Sec     6.00      0.00     6.00    100.00%
  Latency Distribution (HdrHistogram - Recorded Latency)
 50.000%   14.58s 
 75.000%   18.40s 
 90.000%   20.40s 
 99.000%   21.71s 
 99.900%   21.86s 
 99.990%   21.86s 
 99.999%   21.86s 
100.000%   21.86s 

  Detailed Percentile spectrum:
       Value   Percentile   TotalCount 1/(1-Percentile)

    7180.287     0.000000            1         1.00
    8642.559     0.100000           14         1.11
   10420.223     0.200000           27         1.25
   11616.255     0.300000           40         1.43
   13082.623     0.400000           53         1.67
   14581.759     0.500000           66         2.00
   15474.687     0.550000           74         2.22
   15958.015     0.600000           79         2.50
   16654.335     0.650000           86         2.86
   17547.263     0.700000           92         3.33
   18563.071     0.750000           99         4.00
   18923.519     0.775000          102         4.44
   19136.511     0.800000          105         5.00
   19464.191     0.825000          109         5.71
   19644.415     0.850000          112         6.67
   20004.863     0.875000          115         8.00
   20332.543     0.887500          117         8.89
   20398.079     0.900000          118        10.00
   20627.455     0.912500          120        11.43
   20840.447     0.925000          122        13.33
   20971.519     0.937500          123        16.00
   21053.439     0.943750          124        17.78
   21118.975     0.950000          125        20.00
   21266.431     0.956250          126        22.86
   21331.967     0.962500          127        26.67
   21331.967     0.968750          127        32.00
   21495.807     0.971875          128        35.56
   21495.807     0.975000          128        40.00
   21643.263     0.978125          129        45.71
   21643.263     0.981250          129        53.33
   21643.263     0.984375          129        64.00
   21708.799     0.985938          130        71.11
   21708.799     0.987500          130        80.00
   21708.799     0.989062          130        91.43
   21708.799     0.990625          130       106.67
   21708.799     0.992188          130       128.00
   21856.255     0.992969          131       142.22
   21856.255     1.000000          131          inf
#[Mean    =    14573.959, StdDeviation   =     4259.225]
#[Max     =    21839.872, Total count    =          131]
#[Buckets =           27, SubBuckets     =         2048]
-----------------------------------------------------------------------
  202 requests in 30.01s, 61.71KB read
Requests/sec:      6.73  
Transfer/sec:      2.06KB
