Running 30s test @ http://10.106.139.161/?loopCount=25&base=6&exp=6
  5 threads and 5 connections

  Thread calibration: mean lat.: 863.394ms, rate sampling interval: 2957ms
  Thread calibration: mean lat.: 482.791ms, rate sampling interval: 1683ms
  Thread calibration: mean lat.: 888.906ms, rate sampling interval: 2717ms
  Thread calibration: mean lat.: 622.695ms, rate sampling interval: 2279ms
  Thread calibration: mean lat.: 604.196ms, rate sampling interval: 2660ms

-----------------------------------------------------------------------
Test Results @ http://10.106.139.161/?loopCount=25&base=6&exp=6 
  Thread Stats   Avg      Stdev     99%   +/- Stdev
    Latency     4.01s     1.46s    9.50s    73.47%
    Req/Sec    11.28      2.42    16.00     84.62%
  Latency Distribution (HdrHistogram - Recorded Latency)
 50.000%    3.82s 
 75.000%    4.39s 
 90.000%    6.03s 
 99.000%    9.50s 
 99.900%    9.63s 
 99.990%    9.66s 
 99.999%    9.66s 
100.000%    9.66s 

  Detailed Percentile spectrum:
       Value   Percentile   TotalCount 1/(1-Percentile)

    1361.919     0.000000            1         1.00
    2451.455     0.100000          115         1.11
    2877.439     0.200000          230         1.25
    3252.223     0.300000          344         1.43
    3571.711     0.400000          461         1.67
    3815.423     0.500000          574         2.00
    3954.687     0.550000          631         2.22
    4079.615     0.600000          690         2.50
    4167.679     0.650000          745         2.86
    4268.031     0.700000          803         3.33
    4390.911     0.750000          861         4.00
    4497.407     0.775000          889         4.44
    4739.071     0.800000          917         5.00
    4898.815     0.825000          946         5.71
    5496.831     0.850000          976         6.67
    5677.055     0.875000         1003         8.00
    5861.375     0.887500         1018         8.89
    6057.983     0.900000         1032        10.00
    6291.455     0.912500         1046        11.43
    6352.895     0.925000         1061        13.33
    6430.719     0.937500         1075        16.00
    6610.943     0.943750         1082        17.78
    6983.679     0.950000         1089        20.00
    7192.575     0.956250         1096        22.86
    7577.599     0.962500         1104        26.67
    7647.231     0.968750         1112        32.00
    7663.615     0.971875         1114        35.56
    7884.799     0.975000         1118        40.00
    8212.479     0.978125         1121        45.71
    8269.823     0.981250         1125        53.33
    8683.519     0.984375         1129        64.00
    9117.695     0.985938         1130        71.11
    9256.959     0.987500         1132        80.00
    9478.143     0.989062         1134        91.43
    9510.911     0.990625         1137       106.67
    9527.295     0.992188         1138       128.00
    9527.295     0.992969         1138       142.22
    9535.487     0.993750         1139       160.00
    9560.063     0.994531         1141       182.86
    9560.063     0.995313         1141       213.33
    9568.255     0.996094         1142       256.00
    9568.255     0.996484         1142       284.44
    9584.639     0.996875         1143       320.00
    9584.639     0.997266         1143       365.71
    9609.215     0.997656         1144       426.67
    9609.215     0.998047         1144       512.00
    9609.215     0.998242         1144       568.89
    9633.791     0.998437         1145       640.00
    9633.791     0.998633         1145       731.43
    9633.791     0.998828         1145       853.33
    9633.791     0.999023         1145      1024.00
    9633.791     0.999121         1145      1137.78
    9658.367     0.999219         1146      1280.00
    9658.367     1.000000         1146          inf
#[Mean    =     4013.771, StdDeviation   =     1461.701]
#[Max     =     9650.176, Total count    =         1146]
#[Buckets =           27, SubBuckets     =         2048]
-----------------------------------------------------------------------
  1768 requests in 30.00s, 539.17KB read
Requests/sec:     58.92  
Transfer/sec:     17.97KB
