Running 30s test @ http://10.106.139.161/?loopCount=25&base=6&exp=6
  5 threads and 5 connections

  Thread calibration: mean lat.: 221.428ms, rate sampling interval: 677ms
  Thread calibration: mean lat.: 333.096ms, rate sampling interval: 1233ms
  Thread calibration: mean lat.: 539.607ms, rate sampling interval: 1525ms
  Thread calibration: mean lat.: 387.993ms, rate sampling interval: 1330ms
  Thread calibration: mean lat.: 294.818ms, rate sampling interval: 1440ms

-----------------------------------------------------------------------
Test Results @ http://10.106.139.161/?loopCount=25&base=6&exp=6 
  Thread Stats   Avg      Stdev     99%   +/- Stdev
    Latency     1.64s   464.62ms   3.45s    80.44%
    Req/Sec     8.56      1.97    13.00     86.05%
  Latency Distribution (HdrHistogram - Recorded Latency)
 50.000%    1.57s 
 75.000%    1.78s 
 90.000%    2.25s 
 99.000%    3.45s 
 99.900%    3.57s 
 99.990%    3.57s 
 99.999%    3.57s 
100.000%    3.57s 

  Detailed Percentile spectrum:
       Value   Percentile   TotalCount 1/(1-Percentile)

     345.599     0.000000            1         1.00
    1217.535     0.100000           91         1.11
    1325.055     0.200000          183         1.25
    1425.407     0.300000          273         1.43
    1510.399     0.400000          362         1.67
    1572.863     0.500000          453         2.00
    1631.231     0.550000          498         2.22
    1655.807     0.600000          543         2.50
    1679.359     0.650000          590         2.86
    1748.991     0.700000          636         3.33
    1778.687     0.750000          680         4.00
    1827.839     0.775000          702         4.44
    1847.295     0.800000          725         5.00
    1915.903     0.825000          747         5.71
    1966.079     0.850000          771         6.67
    2046.975     0.875000          792         8.00
    2129.919     0.887500          804         8.89
    2248.703     0.900000          816        10.00
    2326.527     0.912500          826        11.43
    2357.247     0.925000          840        13.33
    2422.783     0.937500          849        16.00
    2463.743     0.943750          855        17.78
    2549.759     0.950000          860        20.00
    2578.431     0.956250          866        22.86
    2723.839     0.962500          872        26.67
    2777.087     0.968750          877        32.00
    2836.479     0.971875          880        35.56
    2854.911     0.975000          883        40.00
    2865.151     0.978125          886        45.71
    2895.871     0.981250          889        53.33
    2955.263     0.984375          891        64.00
    3434.495     0.985938          893        71.11
    3446.783     0.987500          894        80.00
    3448.831     0.989062          896        91.43
    3454.975     0.990625          897       106.67
    3461.119     0.992188          898       128.00
    3473.407     0.992969          899       142.22
    3524.607     0.993750          901       160.00
    3524.607     0.994531          901       182.86
    3524.607     0.995313          901       213.33
    3547.135     0.996094          902       256.00
    3547.135     0.996484          902       284.44
    3549.183     0.996875          903       320.00
    3549.183     0.997266          903       365.71
    3549.183     0.997656          903       426.67
    3569.663     0.998047          904       512.00
    3569.663     0.998242          904       568.89
    3569.663     0.998437          904       640.00
    3569.663     0.998633          904       731.43
    3569.663     0.998828          904       853.33
    3571.711     0.999023          905      1024.00
    3571.711     1.000000          905          inf
#[Mean    =     1635.707, StdDeviation   =      464.617]
#[Max     =     3569.664, Total count    =          905]
#[Buckets =           27, SubBuckets     =         2048]
-----------------------------------------------------------------------
  1368 requests in 30.00s, 417.42KB read
Requests/sec:     45.60  
Transfer/sec:     13.91KB
