Running 30s test @ http://10.106.139.161/?loopCount=25&base=6&exp=6
  5 threads and 5 connections

  Thread calibration: mean lat.: 140.523ms, rate sampling interval: 529ms
  Thread calibration: mean lat.: 146.534ms, rate sampling interval: 653ms
  Thread calibration: mean lat.: 227.385ms, rate sampling interval: 1049ms
  Thread calibration: mean lat.: 141.861ms, rate sampling interval: 461ms
  Thread calibration: mean lat.: 124.906ms, rate sampling interval: 387ms

-----------------------------------------------------------------------
Test Results @ http://10.106.139.161/?loopCount=25&base=6&exp=6 
  Thread Stats   Avg      Stdev     99%   +/- Stdev
    Latency     1.04s   791.36ms   3.58s    70.20%
    Req/Sec     8.61      2.54    15.00     83.33%
  Latency Distribution (HdrHistogram - Recorded Latency)
 50.000%  772.61ms
 75.000%    1.55s 
 90.000%    2.23s 
 99.000%    3.58s 
 99.900%    3.72s 
 99.990%    3.73s 
 99.999%    3.73s 
100.000%    3.73s 

  Detailed Percentile spectrum:
       Value   Percentile   TotalCount 1/(1-Percentile)

      22.191     0.000000            1         1.00
     213.503     0.100000           92         1.11
     397.055     0.200000          184         1.25
     572.415     0.300000          275         1.43
     674.303     0.400000          367         1.67
     772.607     0.500000          459         2.00
     836.607     0.550000          504         2.22
     901.119     0.600000          550         2.50
     983.551     0.650000          596         2.86
    1265.663     0.700000          643         3.33
    1554.431     0.750000          687         4.00
    1629.183     0.775000          710         4.44
    1738.751     0.800000          733         5.00
    1835.007     0.825000          756         5.71
    1973.247     0.850000          779         6.67
    2129.919     0.875000          804         8.00
    2168.831     0.887500          814         8.89
    2230.271     0.900000          825        10.00
    2332.671     0.912500          836        11.43
    2430.975     0.925000          849        13.33
    2467.839     0.937500          859        16.00
    2484.223     0.943750          865        17.78
    2523.135     0.950000          871        20.00
    2566.143     0.956250          876        22.86
    2676.735     0.962500          882        26.67
    2957.311     0.968750          888        32.00
    3002.367     0.971875          891        35.56
    3028.991     0.975000          894        40.00
    3131.391     0.978125          896        45.71
    3227.647     0.981250          899        53.33
    3428.351     0.984375          902        64.00
    3520.511     0.985938          904        71.11
    3538.943     0.987500          905        80.00
    3569.663     0.989062          906        91.43
    3581.951     0.990625          908       106.67
    3624.959     0.992188          909       128.00
    3629.055     0.992969          910       142.22
    3641.343     0.993750          911       160.00
    3641.343     0.994531          911       182.86
    3665.919     0.995313          912       213.33
    3674.111     0.996094          914       256.00
    3674.111     0.996484          914       284.44
    3674.111     0.996875          914       320.00
    3674.111     0.997266          914       365.71
    3674.111     0.997656          914       426.67
    3723.263     0.998047          915       512.00
    3723.263     0.998242          915       568.89
    3723.263     0.998437          915       640.00
    3723.263     0.998633          915       731.43
    3723.263     0.998828          915       853.33
    3727.359     0.999023          916      1024.00
    3727.359     1.000000          916          inf
#[Mean    =     1037.847, StdDeviation   =      791.360]
#[Max     =     3725.312, Total count    =          916]
#[Buckets =           27, SubBuckets     =         2048]
-----------------------------------------------------------------------
  1397 requests in 30.00s, 426.22KB read
Requests/sec:     46.56  
Transfer/sec:     14.21KB
