Running 30s test @ http://10.106.139.161/?loopCount=25&base=6&exp=6
  5 threads and 5 connections

  Thread calibration: mean lat.: 97.470ms, rate sampling interval: 302ms
  Thread calibration: mean lat.: 123.147ms, rate sampling interval: 486ms
  Thread calibration: mean lat.: 93.698ms, rate sampling interval: 336ms
  Thread calibration: mean lat.: 70.958ms, rate sampling interval: 266ms
  Thread calibration: mean lat.: 96.450ms, rate sampling interval: 320ms

-----------------------------------------------------------------------
Test Results @ http://10.106.139.161/?loopCount=25&base=6&exp=6 
  Thread Stats   Avg      Stdev     99%   +/- Stdev
    Latency    78.99ms   47.53ms 234.62ms   74.27%
    Req/Sec     9.43      2.42    15.00     79.54%
  Latency Distribution (HdrHistogram - Recorded Latency)
 50.000%   58.24ms
 75.000%  125.82ms
 90.000%  142.72ms
 99.000%  234.62ms
 99.900%  328.19ms
 99.990%  334.59ms
 99.999%  334.59ms
100.000%  334.59ms

  Detailed Percentile spectrum:
       Value   Percentile   TotalCount 1/(1-Percentile)

      23.839     0.000000            1         1.00
      40.639     0.100000          102         1.11
      41.183     0.200000          207         1.25
      41.791     0.300000          302         1.43
      54.623     0.400000          400         1.67
      58.239     0.500000          500         2.00
      61.887     0.550000          550         2.22
      66.751     0.600000          600         2.50
      73.471     0.650000          650         2.86
      88.767     0.700000          700         3.33
     125.887     0.750000          751         4.00
     127.231     0.775000          775         4.44
     130.111     0.800000          801         5.00
     132.863     0.825000          825         5.71
     134.655     0.850000          853         6.67
     138.111     0.875000          875         8.00
     140.287     0.887500          887         8.89
     142.847     0.900000          900        10.00
     143.999     0.912500          913        11.43
     146.687     0.925000          925        13.33
     150.271     0.937500          938        16.00
     151.807     0.943750          943        17.78
     154.495     0.950000          950        20.00
     157.055     0.956250          956        22.86
     160.255     0.962500          963        26.67
     166.911     0.968750          968        32.00
     178.431     0.971875          971        35.56
     193.407     0.975000          975        40.00
     226.175     0.978125          979        45.71
     226.943     0.981250          981        53.33
     231.039     0.984375          984        64.00
     232.447     0.985938          985        71.11
     233.983     0.987500          988        80.00
     234.623     0.989062          989        91.43
     235.647     0.990625          990       106.67
     244.863     0.992188          992       128.00
     244.863     0.992969          992       142.22
     248.447     0.993750          993       160.00
     249.471     0.994531          994       182.86
     255.359     0.995313          995       213.33
     262.911     0.996094          997       256.00
     262.911     0.996484          997       284.44
     262.911     0.996875          997       320.00
     262.911     0.997266          997       365.71
     262.911     0.997656          997       426.67
     328.191     0.998047          998       512.00
     328.191     0.998242          998       568.89
     328.191     0.998437          998       640.00
     328.191     0.998633          998       731.43
     328.191     0.998828          998       853.33
     334.591     0.999023          999      1024.00
     334.591     1.000000          999          inf
#[Mean    =       78.990, StdDeviation   =       47.528]
#[Max     =      334.336, Total count    =          999]
#[Buckets =           27, SubBuckets     =         2048]
-----------------------------------------------------------------------
  1493 requests in 30.00s, 455.21KB read
Requests/sec:     49.76  
Transfer/sec:     15.17KB
