Running 30s test @ http://10.106.139.161/?loopCount=25&base=6&exp=6
  5 threads and 5 connections

  Thread calibration: mean lat.: 1599.396ms, rate sampling interval: 6975ms
  Thread calibration: mean lat.: 1804.825ms, rate sampling interval: 7573ms
  Thread calibration: mean lat.: 1662.100ms, rate sampling interval: 6393ms
  Thread calibration: mean lat.: 1474.081ms, rate sampling interval: 6381ms
  Thread calibration: mean lat.: 1761.784ms, rate sampling interval: 6971ms

-----------------------------------------------------------------------
Test Results @ http://10.106.139.161/?loopCount=25&base=6&exp=6 
  Thread Stats   Avg      Stdev     99%   +/- Stdev
    Latency     7.42s     1.42s    9.24s    65.00%
    Req/Sec     6.67      1.43    10.00     91.67%
  Latency Distribution (HdrHistogram - Recorded Latency)
 50.000%    7.77s 
 75.000%    8.57s 
 90.000%    8.97s 
 99.000%    9.24s 
 99.900%    9.36s 
 99.990%    9.36s 
 99.999%    9.36s 
100.000%    9.36s 

  Detailed Percentile spectrum:
       Value   Percentile   TotalCount 1/(1-Percentile)

    3692.543     0.000000            1         1.00
    5062.655     0.100000           78         1.11
    5955.583     0.200000          156         1.25
    6950.911     0.300000          236         1.43
    7462.911     0.400000          313         1.67
    7774.207     0.500000          391         2.00
    7946.239     0.550000          432         2.22
    8142.847     0.600000          469         2.50
    8339.455     0.650000          507         2.86
    8454.143     0.700000          547         3.33
    8568.831     0.750000          587         4.00
    8609.791     0.775000          606         4.44
    8658.943     0.800000          626         5.00
    8773.631     0.825000          645         5.71
    8822.783     0.850000          663         6.67
    8896.511     0.875000          683         8.00
    8945.663     0.887500          695         8.89
    8970.239     0.900000          703        10.00
    9011.199     0.912500          715        11.43
    9019.391     0.925000          724        13.33
    9052.159     0.937500          736        16.00
    9068.543     0.943750          741        17.78
    9068.543     0.950000          741        20.00
    9101.311     0.956250          746        22.86
    9117.695     0.962500          752        26.67
    9158.655     0.968750          756        32.00
    9166.847     0.971875          761        35.56
    9166.847     0.975000          761        40.00
    9183.231     0.978125          764        45.71
    9199.615     0.981250          766        53.33
    9215.999     0.984375          769        64.00
    9224.191     0.985938          770        71.11
    9240.575     0.987500          773        80.00
    9240.575     0.989062          773        91.43
    9240.575     0.990625          773       106.67
    9248.767     0.992188          774       128.00
    9273.343     0.992969          775       142.22
    9314.303     0.993750          777       160.00
    9314.303     0.994531          777       182.86
    9314.303     0.995313          777       213.33
    9314.303     0.996094          777       256.00
    9347.071     0.996484          778       284.44
    9347.071     0.996875          778       320.00
    9347.071     0.997266          778       365.71
    9355.263     0.997656          779       426.67
    9355.263     0.998047          779       512.00
    9355.263     0.998242          779       568.89
    9355.263     0.998437          779       640.00
    9355.263     0.998633          779       731.43
    9363.455     0.998828          780       853.33
    9363.455     1.000000          780          inf
#[Mean    =     7422.099, StdDeviation   =     1416.486]
#[Max     =     9355.264, Total count    =          780]
#[Buckets =           27, SubBuckets     =         2048]
-----------------------------------------------------------------------
  1081 requests in 30.00s, 325.87KB read
  Non-2xx or 3xx responses: 42
Requests/sec:     36.03  
Transfer/sec:     10.86KB
