Running 30s test @ http://10.106.139.161/?loopCount=25&base=6&exp=6
  1 threads and 1 connections

  Thread calibration: mean lat.: 542.791ms, rate sampling interval: 1646ms

-----------------------------------------------------------------------
Test Results @ http://10.106.139.161/?loopCount=25&base=6&exp=6 
  Thread Stats   Avg      Stdev     99%   +/- Stdev
    Latency     3.80s     2.22s    7.88s    51.70%
    Req/Sec    15.67      3.59    21.00     75.00%
  Latency Distribution (HdrHistogram - Recorded Latency)
 50.000%    3.58s 
 75.000%    6.08s 
 90.000%    7.26s 
 99.000%    7.88s 
 99.900%    8.03s 
 99.990%    8.03s 
 99.999%    8.03s 
100.000%    8.03s 

  Detailed Percentile spectrum:
       Value   Percentile   TotalCount 1/(1-Percentile)

     960.511     0.000000            1         1.00
    1247.231     0.100000           33         1.11
    1352.703     0.200000           65         1.25
    2138.111     0.300000           97         1.43
    2936.831     0.400000          130         1.67
    3575.807     0.500000          162         2.00
    3676.159     0.550000          178         2.22
    3731.455     0.600000          194         2.50
    4042.751     0.650000          210         2.86
    5001.215     0.700000          227         3.33
    6143.999     0.750000          244         4.00
    6238.207     0.775000          251         4.44
    6496.255     0.800000          259         5.00
    6688.767     0.825000          267         5.71
    6803.455     0.850000          275         6.67
    7045.119     0.875000          283         8.00
    7180.287     0.887500          288         8.89
    7262.207     0.900000          291        10.00
    7348.223     0.912500          295        11.43
    7421.951     0.925000          299        13.33
    7536.639     0.937500          304        16.00
    7565.311     0.943750          305        17.78
    7630.847     0.950000          307        20.00
    7684.095     0.956250          309        22.86
    7725.055     0.962500          311        26.67
    7757.823     0.968750          313        32.00
    7786.495     0.971875          314        35.56
    7790.591     0.975000          315        40.00
    7827.455     0.978125          317        45.71
    7827.455     0.981250          317        53.33
    7860.223     0.984375          319        64.00
    7860.223     0.985938          319        71.11
    7860.223     0.987500          319        80.00
    7880.703     0.989062          320        91.43
    7880.703     0.990625          320       106.67
    7909.375     0.992188          322       128.00
    7909.375     0.992969          322       142.22
    7909.375     0.993750          322       160.00
    7909.375     0.994531          322       182.86
    7909.375     0.995313          322       213.33
    7909.375     0.996094          322       256.00
    7909.375     0.996484          322       284.44
    7909.375     0.996875          322       320.00
    8032.255     0.997266          323       365.71
    8032.255     1.000000          323          inf
#[Mean    =     3801.239, StdDeviation   =     2224.938]
#[Max     =     8028.160, Total count    =          323]
#[Buckets =           27, SubBuckets     =         2048]
-----------------------------------------------------------------------
  549 requests in 30.00s, 166.05KB read
  Non-2xx or 3xx responses: 15
Requests/sec:     18.30  
Transfer/sec:      5.53KB
