Running 30s test @ http://10.106.139.161/?loopCount=25&base=6&exp=6
  1 threads and 1 connections

  Thread calibration: mean lat.: 959.600ms, rate sampling interval: 2822ms

-----------------------------------------------------------------------
Test Results @ http://10.106.139.161/?loopCount=25&base=6&exp=6 
  Thread Stats   Avg      Stdev     99%   +/- Stdev
    Latency     8.33s     3.44s   11.80s    75.51%
    Req/Sec    11.71      5.06    20.00     71.43%
  Latency Distribution (HdrHistogram - Recorded Latency)
 50.000%   10.44s 
 75.000%   11.28s 
 90.000%   11.59s 
 99.000%   11.80s 
 99.900%   11.84s 
 99.990%   11.84s 
 99.999%   11.84s 
100.000%   11.84s 

  Detailed Percentile spectrum:
       Value   Percentile   TotalCount 1/(1-Percentile)

    1661.951     0.000000            1         1.00
    2723.839     0.100000           25         1.11
    4288.511     0.200000           49         1.25
    6168.575     0.300000           74         1.43
    8220.671     0.400000           98         1.67
   10436.607     0.500000          123         2.00
   10657.791     0.550000          142         2.22
   10665.983     0.600000          147         2.50
   10821.631     0.650000          161         2.86
   11149.311     0.700000          173         3.33
   11280.383     0.750000          187         4.00
   11354.111     0.775000          198         4.44
   11354.111     0.800000          198         5.00
   11362.303     0.825000          204         5.71
   11411.455     0.850000          209         6.67
   11509.759     0.875000          216         8.00
   11542.527     0.887500          218         8.89
   11591.679     0.900000          223        10.00
   11599.871     0.912500          225        11.43
   11608.063     0.925000          229        13.33
   11632.639     0.937500          231        16.00
   11649.023     0.943750          236        17.78
   11649.023     0.950000          236        20.00
   11649.023     0.956250          236        22.86
   11649.023     0.962500          236        26.67
   11673.599     0.968750          238        32.00
   11689.983     0.971875          240        35.56
   11689.983     0.975000          240        40.00
   11689.983     0.978125          240        45.71
   11706.367     0.981250          241        53.33
   11763.711     0.984375          242        64.00
   11763.711     0.985938          242        71.11
   11763.711     0.987500          242        80.00
   11804.671     0.989062          244        91.43
   11804.671     0.990625          244       106.67
   11804.671     0.992188          244       128.00
   11804.671     0.992969          244       142.22
   11804.671     0.993750          244       160.00
   11804.671     0.994531          244       182.86
   11804.671     0.995313          244       213.33
   11837.439     0.996094          245       256.00
   11837.439     1.000000          245          inf
#[Mean    =     8327.041, StdDeviation   =     3444.415]
#[Max     =    11829.248, Total count    =          245]
#[Buckets =           27, SubBuckets     =         2048]
-----------------------------------------------------------------------
  454 requests in 30.00s, 137.03KB read
  Non-2xx or 3xx responses: 15
Requests/sec:     15.13  
Transfer/sec:      4.57KB
