Running 30s test @ http://10.106.139.161/?loopCount=25&base=6&exp=6
  5 threads and 5 connections

  Thread calibration: mean lat.: 100.686ms, rate sampling interval: 329ms
  Thread calibration: mean lat.: 149.882ms, rate sampling interval: 562ms
  Thread calibration: mean lat.: 144.847ms, rate sampling interval: 535ms
  Thread calibration: mean lat.: 112.199ms, rate sampling interval: 442ms
  Thread calibration: mean lat.: 192.861ms, rate sampling interval: 642ms

-----------------------------------------------------------------------
Test Results @ http://10.106.139.161/?loopCount=25&base=6&exp=6 
  Thread Stats   Avg      Stdev     99%   +/- Stdev
    Latency     2.14s     1.13s    4.49s    64.46%
    Req/Sec    11.85      4.73    24.00     71.15%
  Latency Distribution (HdrHistogram - Recorded Latency)
 50.000%    2.02s 
 75.000%    3.15s 
 90.000%    3.64s 
 99.000%    4.49s 
 99.900%    4.64s 
 99.990%    4.67s 
 99.999%    4.67s 
100.000%    4.67s 

  Detailed Percentile spectrum:
       Value   Percentile   TotalCount 1/(1-Percentile)

      40.447     0.000000            1         1.00
     680.959     0.100000          121         1.11
    1131.519     0.200000          242         1.25
    1316.863     0.300000          363         1.43
    1672.191     0.400000          483         1.67
    2019.327     0.500000          604         2.00
    2179.071     0.550000          664         2.22
    2465.791     0.600000          725         2.50
    2664.447     0.650000          785         2.86
    2879.487     0.700000          846         3.33
    3158.015     0.750000          908         4.00
    3225.599     0.775000          937         4.44
    3284.991     0.800000          968         5.00
    3371.007     0.825000          996         5.71
    3485.695     0.850000         1027         6.67
    3563.519     0.875000         1058         8.00
    3602.431     0.887500         1072         8.89
    3637.247     0.900000         1088        10.00
    3667.967     0.912500         1102        11.43
    3721.215     0.925000         1118        13.33
    3852.287     0.937500         1132        16.00
    3899.391     0.943750         1140        17.78
    3928.063     0.950000         1147        20.00
    4124.671     0.956250         1155        22.86
    4268.031     0.962500         1164        26.67
    4304.895     0.968750         1171        32.00
    4317.183     0.971875         1174        35.56
    4329.471     0.975000         1180        40.00
    4345.855     0.978125         1181        45.71
    4358.143     0.981250         1186        53.33
    4395.007     0.984375         1189        64.00
    4423.679     0.985938         1191        71.11
    4435.967     0.987500         1192        80.00
    4464.639     0.989062         1194        91.43
    4489.215     0.990625         1196       106.67
    4534.271     0.992188         1198       128.00
    4554.751     0.992969         1199       142.22
    4562.943     0.993750         1200       160.00
    4567.039     0.994531         1201       182.86
    4591.615     0.995313         1202       213.33
    4599.807     0.996094         1203       256.00
    4599.807     0.996484         1203       284.44
    4603.903     0.996875         1204       320.00
    4603.903     0.997266         1204       365.71
    4616.191     0.997656         1205       426.67
    4616.191     0.998047         1205       512.00
    4616.191     0.998242         1205       568.89
    4640.767     0.998437         1206       640.00
    4640.767     0.998633         1206       731.43
    4640.767     0.998828         1206       853.33
    4640.767     0.999023         1206      1024.00
    4640.767     0.999121         1206      1137.78
    4669.439     0.999219         1207      1280.00
    4669.439     1.000000         1207          inf
#[Mean    =     2143.084, StdDeviation   =     1125.260]
#[Max     =     4665.344, Total count    =         1207]
#[Buckets =           27, SubBuckets     =         2048]
-----------------------------------------------------------------------
  1930 requests in 30.01s, 588.49KB read
Requests/sec:     64.32  
Transfer/sec:     19.61KB
