Running 30s test @ http://10.106.139.161/?loopCount=25&base=6&exp=6
  5 threads and 5 connections

  Thread calibration: mean lat.: 1506.706ms, rate sampling interval: 5656ms
  Thread calibration: mean lat.: 1482.942ms, rate sampling interval: 5169ms
  Thread calibration: mean lat.: 1368.245ms, rate sampling interval: 4734ms
  Thread calibration: mean lat.: 1509.697ms, rate sampling interval: 5808ms
  Thread calibration: mean lat.: 1389.315ms, rate sampling interval: 4812ms

-----------------------------------------------------------------------
Test Results @ http://10.106.139.161/?loopCount=25&base=6&exp=6 
  Thread Stats   Avg      Stdev     99%   +/- Stdev
    Latency     7.24s     2.34s   11.86s    61.17%
    Req/Sec     8.35      0.68    10.00    100.00%
  Latency Distribution (HdrHistogram - Recorded Latency)
 50.000%    7.22s 
 75.000%    9.05s 
 90.000%   10.55s 
 99.000%   11.86s 
 99.900%   12.33s 
 99.990%   12.42s 
 99.999%   12.42s 
100.000%   12.42s 

  Detailed Percentile spectrum:
       Value   Percentile   TotalCount 1/(1-Percentile)

    2961.407     0.000000            1         1.00
    3958.783     0.100000           89         1.11
    5025.791     0.200000          179         1.25
    5705.727     0.300000          266         1.43
    6471.679     0.400000          355         1.67
    7221.247     0.500000          443         2.00
    7503.871     0.550000          489         2.22
    7745.535     0.600000          533         2.50
    8134.655     0.650000          576         2.86
    8495.103     0.700000          621         3.33
    9052.159     0.750000          666         4.00
    9396.223     0.775000          687         4.44
    9682.943     0.800000          709         5.00
    9969.663     0.825000          732         5.71
   10166.271     0.850000          754         6.67
   10428.415     0.875000          776         8.00
   10477.567     0.887500          787         8.89
   10551.295     0.900000          798        10.00
   10641.407     0.912500          809        11.43
   10756.095     0.925000          820        13.33
   10870.783     0.937500          831        16.00
   10903.551     0.943750          837        17.78
   10952.703     0.950000          842        20.00
   10993.663     0.956250          848        22.86
   11042.815     0.962500          853        26.67
   11214.847     0.968750          859        32.00
   11255.807     0.971875          862        35.56
   11296.767     0.975000          864        40.00
   11403.263     0.978125          867        45.71
   11493.375     0.981250          870        53.33
   11665.407     0.984375          873        64.00
   11673.599     0.985938          874        71.11
   11747.327     0.987500          875        80.00
   11862.015     0.989062          877        91.43
   11902.975     0.990625          878       106.67
   12017.663     0.992188          880       128.00
   12017.663     0.992969          880       142.22
   12115.967     0.993750          881       160.00
   12148.735     0.994531          882       182.86
   12148.735     0.995313          882       213.33
   12197.887     0.996094          883       256.00
   12197.887     0.996484          883       284.44
   12206.079     0.996875          884       320.00
   12206.079     0.997266          884       365.71
   12206.079     0.997656          884       426.67
   12328.959     0.998047          885       512.00
   12328.959     0.998242          885       568.89
   12328.959     0.998437          885       640.00
   12328.959     0.998633          885       731.43
   12328.959     0.998828          885       853.33
   12419.071     0.999023          886      1024.00
   12419.071     1.000000          886          inf
#[Mean    =     7240.414, StdDeviation   =     2339.370]
#[Max     =    12410.880, Total count    =          886]
#[Buckets =           27, SubBuckets     =         2048]
-----------------------------------------------------------------------
  1401 requests in 30.00s, 427.50KB read
Requests/sec:     46.70  
Transfer/sec:     14.25KB
