Running 30s test @ http://10.106.139.161/?loopCount=25&base=6&exp=6
  1 threads and 1 connections

  Thread calibration: mean lat.: 3202.728ms, rate sampling interval: 13058ms

-----------------------------------------------------------------------
Test Results @ http://10.106.139.161/?loopCount=25&base=6&exp=6 
  Thread Stats   Avg      Stdev     99%   +/- Stdev
    Latency     8.88s   144.48ms   9.04s    82.69%
    Req/Sec    22.00      0.00    22.00    100.00%
  Latency Distribution (HdrHistogram - Recorded Latency)
 50.000%    8.90s 
 75.000%    8.99s 
 90.000%    9.02s 
 99.000%    9.04s 
 99.900%    9.04s 
 99.990%    9.04s 
 99.999%    9.04s 
100.000%    9.04s 

  Detailed Percentile spectrum:
       Value   Percentile   TotalCount 1/(1-Percentile)

    7946.239     0.000000            1         1.00
    8675.327     0.100000           52         1.11
    8814.591     0.200000           94         1.25
    8855.551     0.300000          159         1.43
    8880.127     0.400000          192         1.67
    8904.703     0.500000          247         2.00
    8912.895     0.550000          258         2.22
    8929.279     0.600000          299         2.50
    8937.471     0.650000          310         2.86
    8978.431     0.700000          342         3.33
    8986.623     0.750000          355         4.00
    8994.815     0.775000          369         4.44
    9003.007     0.800000          387         5.00
    9003.007     0.825000          387         5.71
    9011.199     0.850000          400         6.67
    9019.391     0.875000          429         8.00
    9019.391     0.887500          429         8.89
    9019.391     0.900000          429        10.00
    9019.391     0.912500          429        11.43
    9027.583     0.925000          451        13.33
    9027.583     0.937500          451        16.00
    9027.583     0.943750          451        17.78
    9027.583     0.950000          451        20.00
    9027.583     0.956250          451        22.86
    9027.583     0.962500          451        26.67
    9035.775     0.968750          465        32.00
    9035.775     0.971875          465        35.56
    9035.775     0.975000          465        40.00
    9035.775     0.978125          465        45.71
    9035.775     0.981250          465        53.33
    9035.775     0.984375          465        64.00
    9035.775     0.985938          465        71.11
    9035.775     0.987500          465        80.00
    9035.775     0.989062          465        91.43
    9035.775     0.990625          465       106.67
    9035.775     0.992188          465       128.00
    9035.775     0.992969          465       142.22
    9043.967     0.993750          468       160.00
    9043.967     1.000000          468          inf
#[Mean    =     8876.141, StdDeviation   =      144.484]
#[Max     =     9035.776, Total count    =          468]
#[Buckets =           27, SubBuckets     =         2048]
-----------------------------------------------------------------------
  528 requests in 30.00s, 160.93KB read
Requests/sec:     17.60  
Transfer/sec:      5.36KB
