Running 30s test @ http://10.106.139.161/?loopCount=25&base=6&exp=6
  5 threads and 5 connections

  Thread calibration: mean lat.: 78.030ms, rate sampling interval: 269ms
  Thread calibration: mean lat.: 83.542ms, rate sampling interval: 259ms
  Thread calibration: mean lat.: 87.229ms, rate sampling interval: 358ms
  Thread calibration: mean lat.: 81.232ms, rate sampling interval: 356ms
  Thread calibration: mean lat.: 104.880ms, rate sampling interval: 427ms

-----------------------------------------------------------------------
Test Results @ http://10.106.139.161/?loopCount=25&base=6&exp=6 
  Thread Stats   Avg      Stdev     99%   +/- Stdev
    Latency   264.92ms  228.36ms   1.07s    86.50%
    Req/Sec     9.33      4.34    19.00     75.65%
  Latency Distribution (HdrHistogram - Recorded Latency)
 50.000%  194.69ms
 75.000%  342.02ms
 90.000%  578.56ms
 99.000%    1.07s 
 99.900%    1.19s 
 99.990%    1.19s 
 99.999%    1.19s 
100.000%    1.19s 

  Detailed Percentile spectrum:
       Value   Percentile   TotalCount 1/(1-Percentile)

      21.855     0.000000            1         1.00
      41.343     0.100000           99         1.11
      76.991     0.200000          196         1.25
     125.439     0.300000          294         1.43
     178.175     0.400000          392         1.67
     194.687     0.500000          489         2.00
     212.479     0.550000          538         2.22
     240.127     0.600000          587         2.50
     284.671     0.650000          636         2.86
     301.823     0.700000          685         3.33
     342.015     0.750000          734         4.00
     380.671     0.775000          758         4.44
     389.119     0.800000          783         5.00
     401.919     0.825000          807         5.71
     450.559     0.850000          832         6.67
     491.519     0.875000          856         8.00
     516.095     0.887500          868         8.89
     578.559     0.900000          881        10.00
     613.887     0.912500          893        11.43
     681.471     0.925000          905        13.33
     722.943     0.937500          917        16.00
     781.823     0.943750          923        17.78
     798.719     0.950000          930        20.00
     822.783     0.956250          936        22.86
     878.079     0.962500          942        26.67
     900.095     0.968750          948        32.00
     921.087     0.971875          951        35.56
     952.831     0.975000          954        40.00
     980.991     0.978125          957        45.71
     985.599     0.981250          960        53.33
     999.423     0.984375          963        64.00
    1007.103     0.985938          965        71.11
    1013.247     0.987500          966        80.00
    1065.983     0.989062          969        91.43
    1065.983     0.990625          969       106.67
    1079.295     0.992188          971       128.00
    1092.607     0.992969          972       142.22
    1092.607     0.993750          972       160.00
    1095.679     0.994531          973       182.86
    1097.727     0.995313          974       213.33
    1125.375     0.996094          975       256.00
    1125.375     0.996484          975       284.44
    1125.375     0.996875          975       320.00
    1126.399     0.997266          976       365.71
    1126.399     0.997656          976       426.67
    1185.791     0.998047          978       512.00
    1185.791     1.000000          978          inf
#[Mean    =      264.921, StdDeviation   =      228.358]
#[Max     =     1184.768, Total count    =          978]
#[Buckets =           27, SubBuckets     =         2048]
-----------------------------------------------------------------------
  1469 requests in 30.00s, 448.00KB read
Requests/sec:     48.96  
Transfer/sec:     14.93KB
