Running 30s test @ http://10.106.139.161/?loopCount=25&base=6&exp=6
  5 threads and 5 connections

  Thread calibration: mean lat.: 642.754ms, rate sampling interval: 2281ms
  Thread calibration: mean lat.: 634.716ms, rate sampling interval: 2783ms
  Thread calibration: mean lat.: 1140.467ms, rate sampling interval: 3424ms
  Thread calibration: mean lat.: 412.129ms, rate sampling interval: 1887ms
  Thread calibration: mean lat.: 736.553ms, rate sampling interval: 2379ms

-----------------------------------------------------------------------
Test Results @ http://10.106.139.161/?loopCount=25&base=6&exp=6 
  Thread Stats   Avg      Stdev     99%   +/- Stdev
    Latency     2.77s     1.01s    6.05s    72.63%
    Req/Sec    12.37      2.18    17.00     86.84%
  Latency Distribution (HdrHistogram - Recorded Latency)
 50.000%    2.55s 
 75.000%    3.16s 
 90.000%    4.25s 
 99.000%    6.05s 
 99.900%    6.16s 
 99.990%    6.17s 
 99.999%    6.17s 
100.000%    6.17s 

  Detailed Percentile spectrum:
       Value   Percentile   TotalCount 1/(1-Percentile)

    1138.687     0.000000            1         1.00
    1708.031     0.100000          129         1.11
    1887.231     0.200000          259         1.25
    2170.879     0.300000          386         1.43
    2412.543     0.400000          516         1.67
    2547.711     0.500000          643         2.00
    2617.343     0.550000          710         2.22
    2752.511     0.600000          772         2.50
    2850.815     0.650000          836         2.86
    2996.223     0.700000          901         3.33
    3164.159     0.750000          966         4.00
    3284.991     0.775000          997         4.44
    3428.351     0.800000         1029         5.00
    3536.895     0.825000         1062         5.71
    3819.519     0.850000         1094         6.67
    4102.143     0.875000         1126         8.00
    4167.679     0.887500         1142         8.89
    4247.551     0.900000         1159        10.00
    4308.991     0.912500         1175        11.43
    4378.623     0.925000         1190        13.33
    4714.495     0.937500         1206        16.00
    4780.031     0.943750         1215        17.78
    4841.471     0.950000         1222        20.00
    4943.871     0.956250         1230        22.86
    5169.151     0.962500         1238        26.67
    5218.303     0.968750         1246        32.00
    5365.759     0.971875         1250        35.56
    5443.583     0.975000         1254        40.00
    5541.887     0.978125         1258        45.71
    5783.551     0.981250         1262        53.33
    6000.639     0.984375         1266        64.00
    6012.927     0.985938         1268        71.11
    6029.311     0.987500         1270        80.00
    6045.695     0.989062         1272        91.43
    6053.887     0.990625         1274       106.67
    6078.463     0.992188         1276       128.00
    6082.559     0.992969         1277       142.22
    6090.751     0.993750         1278       160.00
    6107.135     0.994531         1279       182.86
    6115.327     0.995313         1280       213.33
    6119.423     0.996094         1281       256.00
    6131.711     0.996484         1282       284.44
    6131.711     0.996875         1282       320.00
    6135.807     0.997266         1283       365.71
    6135.807     0.997656         1283       426.67
    6148.095     0.998047         1284       512.00
    6148.095     0.998242         1284       568.89
    6148.095     0.998437         1284       640.00
    6156.287     0.998633         1285       731.43
    6156.287     0.998828         1285       853.33
    6156.287     0.999023         1285      1024.00
    6156.287     0.999121         1285      1137.78
    6156.287     0.999219         1285      1280.00
    6172.671     0.999316         1286      1462.86
    6172.671     1.000000         1286          inf
#[Mean    =     2765.410, StdDeviation   =     1013.597]
#[Max     =     6168.576, Total count    =         1286]
#[Buckets =           27, SubBuckets     =         2048]
-----------------------------------------------------------------------
  1919 requests in 30.00s, 585.26KB read
Requests/sec:     63.96  
Transfer/sec:     19.51KB
