Running 30s test @ http://10.106.139.161/?loopCount=25&base=6&exp=6
  5 threads and 5 connections

  Thread calibration: mean lat.: 201.099ms, rate sampling interval: 744ms
  Thread calibration: mean lat.: 217.542ms, rate sampling interval: 991ms
  Thread calibration: mean lat.: 451.401ms, rate sampling interval: 1467ms
  Thread calibration: mean lat.: 649.189ms, rate sampling interval: 1891ms
  Thread calibration: mean lat.: 152.403ms, rate sampling interval: 551ms

-----------------------------------------------------------------------
Test Results @ http://10.106.139.161/?loopCount=25&base=6&exp=6 
  Thread Stats   Avg      Stdev     99%   +/- Stdev
    Latency     2.46s     1.22s    4.72s    58.73%
    Req/Sec    11.69      2.06    16.00     90.48%
  Latency Distribution (HdrHistogram - Recorded Latency)
 50.000%    2.35s 
 75.000%    3.60s 
 90.000%    4.17s 
 99.000%    4.72s 
 99.900%    4.76s 
 99.990%    4.78s 
 99.999%    4.78s 
100.000%    4.78s 

  Detailed Percentile spectrum:
       Value   Percentile   TotalCount 1/(1-Percentile)

     235.519     0.000000            1         1.00
     961.535     0.100000          122         1.11
    1286.143     0.200000          243         1.25
    1561.599     0.300000          366         1.43
    1909.759     0.400000          487         1.67
    2349.055     0.500000          607         2.00
    2510.847     0.550000          668         2.22
    2625.535     0.600000          730         2.50
    2922.495     0.650000          790         2.86
    3385.343     0.700000          850         3.33
    3596.287     0.750000          912         4.00
    3690.495     0.775000          941         4.44
    3829.759     0.800000          974         5.00
    3926.015     0.825000         1002         5.71
    4044.799     0.850000         1033         6.67
    4112.383     0.875000         1064         8.00
    4128.767     0.887500         1078         8.89
    4173.823     0.900000         1093        10.00
    4259.839     0.912500         1109        11.43
    4296.703     0.925000         1125        13.33
    4403.199     0.937500         1141        16.00
    4427.775     0.943750         1148        17.78
    4440.063     0.950000         1154        20.00
    4517.887     0.956250         1161        22.86
    4616.191     0.962500         1169        26.67
    4628.479     0.968750         1177        32.00
    4644.863     0.971875         1180        35.56
    4661.247     0.975000         1184        40.00
    4665.343     0.978125         1188        45.71
    4689.919     0.981250         1193        53.33
    4698.111     0.984375         1196        64.00
    4702.207     0.985938         1197        71.11
    4722.687     0.987500         1202        80.00
    4722.687     0.989062         1202        91.43
    4726.783     0.990625         1205       106.67
    4726.783     0.992188         1205       128.00
    4730.879     0.992969         1206       142.22
    4734.975     0.993750         1208       160.00
    4734.975     0.994531         1208       182.86
    4751.359     0.995313         1209       213.33
    4755.455     0.996094         1210       256.00
    4755.455     0.996484         1210       284.44
    4759.551     0.996875         1212       320.00
    4759.551     0.997266         1212       365.71
    4759.551     0.997656         1212       426.67
    4759.551     0.998047         1212       512.00
    4759.551     0.998242         1212       568.89
    4763.647     0.998437         1213       640.00
    4763.647     0.998633         1213       731.43
    4763.647     0.998828         1213       853.33
    4763.647     0.999023         1213      1024.00
    4763.647     0.999121         1213      1137.78
    4780.031     0.999219         1214      1280.00
    4780.031     1.000000         1214          inf
#[Mean    =     2459.814, StdDeviation   =     1224.753]
#[Max     =     4775.936, Total count    =         1214]
#[Buckets =           27, SubBuckets     =         2048]
-----------------------------------------------------------------------
  1910 requests in 30.00s, 582.34KB read
Requests/sec:     63.66  
Transfer/sec:     19.41KB
