Running 30s test @ http://10.106.139.161/?loopCount=25&base=6&exp=6
  5 threads and 5 connections

  Thread calibration: mean lat.: 106.276ms, rate sampling interval: 458ms
  Thread calibration: mean lat.: 137.831ms, rate sampling interval: 500ms
  Thread calibration: mean lat.: 88.612ms, rate sampling interval: 324ms
  Thread calibration: mean lat.: 107.045ms, rate sampling interval: 457ms
  Thread calibration: mean lat.: 96.108ms, rate sampling interval: 345ms

-----------------------------------------------------------------------
Test Results @ http://10.106.139.161/?loopCount=25&base=6&exp=6 
  Thread Stats   Avg      Stdev     99%   +/- Stdev
    Latency   143.45ms  105.56ms 443.14ms   83.92%
    Req/Sec     9.55      3.24    18.00     81.97%
  Latency Distribution (HdrHistogram - Recorded Latency)
 50.000%  131.71ms
 75.000%  218.37ms
 90.000%  295.93ms
 99.000%  443.14ms
 99.900%  489.98ms
 99.990%  549.38ms
 99.999%  549.38ms
100.000%  549.38ms

  Detailed Percentile spectrum:
       Value   Percentile   TotalCount 1/(1-Percentile)

      25.551     0.000000            1         1.00
      40.831     0.100000          104         1.11
      41.663     0.200000          205         1.25
      50.143     0.300000          301         1.43
      81.791     0.400000          401         1.67
     131.711     0.500000          504         2.00
     137.727     0.550000          551         2.22
     143.615     0.600000          601         2.50
     154.239     0.650000          651         2.86
     175.231     0.700000          701         3.33
     218.367     0.750000          751         4.00
     231.423     0.775000          776         4.44
     237.823     0.800000          802         5.00
     243.711     0.825000          826         5.71
     250.111     0.850000          851         6.67
     275.199     0.875000          876         8.00
     283.135     0.887500          889         8.89
     295.935     0.900000          901        10.00
     329.983     0.912500          914        11.43
     335.103     0.925000          926        13.33
     339.455     0.937500          939        16.00
     343.039     0.943750          945        17.78
     346.367     0.950000          951        20.00
     350.975     0.956250          958        22.86
     362.495     0.962500          964        26.67
     382.463     0.968750          970        32.00
     387.839     0.971875          973        35.56
     397.567     0.975000          976        40.00
     435.711     0.978125          980        45.71
     438.015     0.981250          984        53.33
     438.527     0.984375          986        64.00
     440.319     0.985938          987        71.11
     441.855     0.987500          990        80.00
     443.135     0.989062          991        91.43
     443.903     0.990625          992       106.67
     446.207     0.992188          994       128.00
     446.207     0.992969          994       142.22
     446.719     0.993750          995       160.00
     448.767     0.994531          996       182.86
     449.279     0.995313          997       213.33
     455.423     0.996094          998       256.00
     455.423     0.996484          998       284.44
     455.423     0.996875          998       320.00
     457.215     0.997266          999       365.71
     457.215     0.997656          999       426.67
     489.983     0.998047         1000       512.00
     489.983     0.998242         1000       568.89
     489.983     0.998437         1000       640.00
     489.983     0.998633         1000       731.43
     489.983     0.998828         1000       853.33
     549.375     0.999023         1001      1024.00
     549.375     1.000000         1001          inf
#[Mean    =      143.448, StdDeviation   =      105.557]
#[Max     =      548.864, Total count    =         1001]
#[Buckets =           27, SubBuckets     =         2048]
-----------------------------------------------------------------------
  1492 requests in 30.00s, 455.06KB read
Requests/sec:     49.73  
Transfer/sec:     15.17KB
