Running 30s test @ http://10.106.139.161/?loopCount=25&base=6&exp=6
  5 threads and 5 connections

  Thread calibration: mean lat.: 161.976ms, rate sampling interval: 898ms
  Thread calibration: mean lat.: 92.664ms, rate sampling interval: 401ms
  Thread calibration: mean lat.: 193.617ms, rate sampling interval: 700ms
  Thread calibration: mean lat.: 202.224ms, rate sampling interval: 1130ms
  Thread calibration: mean lat.: 84.995ms, rate sampling interval: 337ms

-----------------------------------------------------------------------
Test Results @ http://10.106.139.161/?loopCount=25&base=6&exp=6 
  Thread Stats   Avg      Stdev     99%   +/- Stdev
    Latency    75.13ms   55.82ms 230.78ms   89.22%
    Req/Sec     9.46      1.85    14.00     93.71%
  Latency Distribution (HdrHistogram - Recorded Latency)
 50.000%   42.75ms
 75.000%  107.07ms
 90.000%  135.68ms
 99.000%  230.78ms
 99.900%  466.94ms
 99.990%  532.99ms
 99.999%  532.99ms
100.000%  532.99ms

  Detailed Percentile spectrum:
       Value   Percentile   TotalCount 1/(1-Percentile)

      21.999     0.000000            1         1.00
      40.479     0.100000          103         1.11
      40.927     0.200000          206         1.25
      41.247     0.300000          305         1.43
      41.567     0.400000          401         1.67
      42.751     0.500000          502         2.00
      47.007     0.550000          552         2.22
      55.423     0.600000          602         2.50
      68.991     0.650000          653         2.86
     105.279     0.700000          703         3.33
     107.071     0.750000          752         4.00
     110.079     0.775000          777         4.44
     113.279     0.800000          804         5.00
     114.751     0.825000          827         5.71
     117.887     0.850000          852         6.67
     123.327     0.875000          877         8.00
     127.295     0.887500          890         8.89
     135.679     0.900000          902        10.00
     142.207     0.912500          916        11.43
     149.631     0.925000          927        13.33
     166.655     0.937500          940        16.00
     204.159     0.943750          946        17.78
     206.591     0.950000          952        20.00
     209.535     0.956250          959        22.86
     212.479     0.962500          965        26.67
     213.887     0.968750          971        32.00
     215.807     0.971875          974        35.56
     216.831     0.975000          978        40.00
     218.495     0.978125          981        45.71
     225.151     0.981250          984        53.33
     226.047     0.984375          987        64.00
     226.559     0.985938          988        71.11
     228.223     0.987500          990        80.00
     230.783     0.989062          992        91.43
     245.247     0.990625          993       106.67
     304.127     0.992188          995       128.00
     304.127     0.992969          995       142.22
     307.455     0.993750          996       160.00
     309.247     0.994531          997       182.86
     356.607     0.995313          998       213.33
     408.831     0.996094          999       256.00
     408.831     0.996484          999       284.44
     408.831     0.996875          999       320.00
     416.255     0.997266         1000       365.71
     416.255     0.997656         1000       426.67
     466.943     0.998047         1001       512.00
     466.943     0.998242         1001       568.89
     466.943     0.998437         1001       640.00
     466.943     0.998633         1001       731.43
     466.943     0.998828         1001       853.33
     532.991     0.999023         1002      1024.00
     532.991     1.000000         1002          inf
#[Mean    =       75.131, StdDeviation   =       55.824]
#[Max     =      532.480, Total count    =         1002]
#[Buckets =           27, SubBuckets     =         2048]
-----------------------------------------------------------------------
  1492 requests in 30.00s, 454.98KB read
Requests/sec:     49.73  
Transfer/sec:     15.16KB
