Running 30s test @ http://10.106.139.161/?loopCount=25&base=6&exp=6
  1 threads and 1 connections

  Thread calibration: mean lat.: 2727.218ms, rate sampling interval: 12025ms

-----------------------------------------------------------------------
Test Results @ http://10.106.139.161/?loopCount=25&base=6&exp=6 
  Thread Stats   Avg      Stdev     99%   +/- Stdev
    Latency    10.87s     2.21s   14.40s    53.75%
    Req/Sec    15.00      0.00    15.00    100.00%
  Latency Distribution (HdrHistogram - Recorded Latency)
 50.000%   10.31s 
 75.000%   13.13s 
 90.000%   13.72s 
 99.000%   14.40s 
 99.900%   14.48s 
 99.990%   14.48s 
 99.999%   14.48s 
100.000%   14.48s 

  Detailed Percentile spectrum:
       Value   Percentile   TotalCount 1/(1-Percentile)

    6737.919     0.000000            1         1.00
    7905.279     0.100000           31         1.11
    8658.943     0.200000           62         1.25
    9306.111     0.300000           93         1.43
    9953.279     0.400000          123         1.67
   10305.535     0.500000          156         2.00
   10952.703     0.550000          170         2.22
   11624.447     0.600000          185         2.50
   12312.575     0.650000          200         2.86
   12918.783     0.700000          216         3.33
   13172.735     0.750000          232         4.00
   13287.423     0.775000          238         4.44
   13402.111     0.800000          246         5.00
   13541.375     0.825000          254         5.71
   13582.335     0.850000          262         6.67
   13623.295     0.875000          269         8.00
   13688.831     0.887500          274         8.89
   13746.175     0.900000          277        10.00
   13869.055     0.912500          282        11.43
   13950.975     0.925000          285        13.33
   14098.431     0.937500          288        16.00
   14131.199     0.943750          291        17.78
   14163.967     0.950000          292        20.00
   14204.927     0.956250          294        22.86
   14286.847     0.962500          296        26.67
   14335.999     0.968750          298        32.00
   14376.959     0.971875          302        35.56
   14376.959     0.975000          302        40.00
   14376.959     0.978125          302        45.71
   14376.959     0.981250          302        53.33
   14401.535     0.984375          304        64.00
   14401.535     0.985938          304        71.11
   14401.535     0.987500          304        80.00
   14401.535     0.989062          304        91.43
   14442.495     0.990625          305       106.67
   14442.495     0.992188          305       128.00
   14442.495     0.992969          305       142.22
   14475.263     0.993750          307       160.00
   14475.263     1.000000          307          inf
#[Mean    =    10870.424, StdDeviation   =     2212.400]
#[Max     =    14467.072, Total count    =          307]
#[Buckets =           27, SubBuckets     =         2048]
-----------------------------------------------------------------------
  388 requests in 30.00s, 117.22KB read
  Non-2xx or 3xx responses: 12
Requests/sec:     12.93  
Transfer/sec:      3.91KB
