Running 1m test @ http://10.98.229.77/?loopCount=25&base=6&exp=6
  5 threads and 5 connections

  Thread calibration: mean lat.: 319.777ms, rate sampling interval: 1492ms
  Thread calibration: mean lat.: 540.398ms, rate sampling interval: 1884ms
  Thread calibration: mean lat.: 508.461ms, rate sampling interval: 1971ms
  Thread calibration: mean lat.: 570.243ms, rate sampling interval: 2414ms
  Thread calibration: mean lat.: 799.718ms, rate sampling interval: 3409ms

-----------------------------------------------------------------------
Test Results @ http://10.98.229.77/?loopCount=25&base=6&exp=6 
  Thread Stats   Avg      Stdev     99%   +/- Stdev
    Latency     6.22s     2.97s   12.61s    61.56%
    Req/Sec    11.62      1.40    15.00     90.68%
  Latency Distribution (HdrHistogram - Recorded Latency)
 50.000%    5.83s 
 75.000%    8.62s 
 90.000%   10.41s 
 99.000%   12.61s 
 99.900%   13.16s 
 99.990%   13.27s 
 99.999%   13.27s 
100.000%   13.27s 

  Detailed Percentile spectrum:
       Value   Percentile   TotalCount 1/(1-Percentile)

     904.191     0.000000            1         1.00
    2283.519     0.100000          302         1.11
    3276.799     0.200000          604         1.25
    4292.607     0.300000          907         1.43
    5025.791     0.400000         1206         1.67
    5832.703     0.500000         1508         2.00
    6332.415     0.550000         1660         2.22
    7012.351     0.600000         1810         2.50
    7602.175     0.650000         1962         2.86
    8265.727     0.700000         2114         3.33
    8617.983     0.750000         2266         4.00
    8806.399     0.775000         2338         4.44
    9076.735     0.800000         2415         5.00
    9396.223     0.825000         2488         5.71
    9838.591     0.850000         2563         6.67
   10174.463     0.875000         2639         8.00
   10338.303     0.887500         2677         8.89
   10412.031     0.900000         2716        10.00
   10510.335     0.912500         2754        11.43
   10657.791     0.925000         2790        13.33
   10764.287     0.937500         2831        16.00
   10862.591     0.943750         2846        17.78
   11001.855     0.950000         2865        20.00
   11223.039     0.956250         2884        22.86
   11296.767     0.962500         2902        26.67
   11747.327     0.968750         2923        32.00
   11853.823     0.971875         2931        35.56
   12009.471     0.975000         2940        40.00
   12148.735     0.978125         2950        45.71
   12247.039     0.981250         2959        53.33
   12345.343     0.984375         2968        64.00
   12378.111     0.985938         2973        71.11
   12476.415     0.987500         2978        80.00
   12591.103     0.989062         2984        91.43
   12615.679     0.990625         2987       106.67
   12722.175     0.992188         2992       128.00
   12738.559     0.992969         2995       142.22
   12746.751     0.993750         2997       160.00
   12804.095     0.994531         2999       182.86
   12869.631     0.995313         3001       213.33
   12926.975     0.996094         3004       256.00
   12951.551     0.996484         3006       284.44
   12951.551     0.996875         3006       320.00
   12976.127     0.997266         3007       365.71
   12984.319     0.997656         3008       426.67
   13090.815     0.998047         3010       512.00
   13090.815     0.998242         3010       568.89
   13123.583     0.998437         3011       640.00
   13123.583     0.998633         3011       731.43
   13164.543     0.998828         3012       853.33
   13246.463     0.999023         3013      1024.00
   13246.463     0.999121         3013      1137.78
   13246.463     0.999219         3013      1280.00
   13246.463     0.999316         3013      1462.86
   13254.655     0.999414         3014      1706.67
   13254.655     0.999512         3014      2048.00
   13254.655     0.999561         3014      2275.56
   13254.655     0.999609         3014      2560.00
   13254.655     0.999658         3014      2925.71
   13271.039     0.999707         3015      3413.33
   13271.039     1.000000         3015          inf
#[Mean    =     6224.549, StdDeviation   =     2970.110]
#[Max     =    13262.848, Total count    =         3015]
#[Buckets =           27, SubBuckets     =         2048]
-----------------------------------------------------------------------
  3663 requests in 1.00m, 1.09MB read
Requests/sec:     61.05  
Transfer/sec:     18.62KB
