Running 1m test @ http://10.98.229.77/?loopCount=25&base=6&exp=6
  5 threads and 5 connections

  Thread calibration: mean lat.: 86.489ms, rate sampling interval: 358ms
  Thread calibration: mean lat.: 85.558ms, rate sampling interval: 354ms
  Thread calibration: mean lat.: 88.944ms, rate sampling interval: 354ms
  Thread calibration: mean lat.: 77.967ms, rate sampling interval: 346ms
  Thread calibration: mean lat.: 61.946ms, rate sampling interval: 210ms

-----------------------------------------------------------------------
Test Results @ http://10.98.229.77/?loopCount=25&base=6&exp=6 
  Thread Stats   Avg      Stdev     99%   +/- Stdev
    Latency   110.09ms   78.84ms 387.58ms   85.73%
    Req/Sec     9.53      3.16    19.00     70.95%
  Latency Distribution (HdrHistogram - Recorded Latency)
 50.000%   93.69ms
 75.000%  172.93ms
 90.000%  198.78ms
 99.000%  387.58ms
 99.900%  515.84ms
 99.990%  579.58ms
 99.999%  579.58ms
100.000%  579.58ms

  Detailed Percentile spectrum:
       Value   Percentile   TotalCount 1/(1-Percentile)

      22.287     0.000000            1         1.00
      40.671     0.100000          272         1.11
      41.151     0.200000          504         1.25
      42.271     0.300000          755         1.43
      68.415     0.400000         1001         1.67
      93.695     0.500000         1256         2.00
     101.055     0.550000         1382         2.22
     107.647     0.600000         1502         2.50
     114.879     0.650000         1629         2.86
     128.639     0.700000         1752         3.33
     172.927     0.750000         1883         4.00
     174.079     0.775000         1944         4.44
     177.151     0.800000         2004         5.00
     180.991     0.825000         2066         5.71
     184.319     0.850000         2128         6.67
     190.719     0.875000         2191         8.00
     193.791     0.887500         2222         8.89
     198.783     0.900000         2252        10.00
     206.591     0.912500         2284        11.43
     216.831     0.925000         2315        13.33
     239.871     0.937500         2346        16.00
     273.151     0.943750         2362        17.78
     275.967     0.950000         2378        20.00
     278.015     0.956250         2393        22.86
     281.855     0.962500         2410        26.67
     284.671     0.968750         2424        32.00
     286.719     0.971875         2432        35.56
     292.607     0.975000         2440        40.00
     299.519     0.978125         2448        45.71
     317.951     0.981250         2457        53.33
     337.663     0.984375         2463        64.00
     377.087     0.985938         2467        71.11
     378.623     0.987500         2471        80.00
     382.463     0.989062         2475        91.43
     390.911     0.990625         2479       106.67
     396.799     0.992188         2483       128.00
     422.399     0.992969         2485       142.22
     436.735     0.993750         2487       160.00
     460.543     0.994531         2489       182.86
     475.391     0.995313         2491       213.33
     480.767     0.996094         2493       256.00
     482.047     0.996484         2494       284.44
     482.815     0.996875         2495       320.00
     486.911     0.997266         2496       365.71
     490.751     0.997656         2497       426.67
     499.711     0.998047         2498       512.00
     499.711     0.998242         2498       568.89
     515.839     0.998437         2499       640.00
     515.839     0.998633         2499       731.43
     519.423     0.998828         2500       853.33
     519.423     0.999023         2500      1024.00
     519.423     0.999121         2500      1137.78
     574.463     0.999219         2501      1280.00
     574.463     0.999316         2501      1462.86
     574.463     0.999414         2501      1706.67
     574.463     0.999512         2501      2048.00
     574.463     0.999561         2501      2275.56
     579.583     0.999609         2502      2560.00
     579.583     1.000000         2502          inf
#[Mean    =      110.089, StdDeviation   =       78.841]
#[Max     =      579.072, Total count    =         2502]
#[Buckets =           27, SubBuckets     =         2048]
-----------------------------------------------------------------------
  2995 requests in 1.00m, 0.89MB read
Requests/sec:     49.91  
Transfer/sec:     15.22KB
