Running 1m test @ http://10.98.229.77/?loopCount=25&base=6&exp=6
  1 threads and 1 connections

  Thread calibration: mean lat.: 1530.789ms, rate sampling interval: 5808ms

-----------------------------------------------------------------------
Test Results @ http://10.98.229.77/?loopCount=25&base=6&exp=6 
  Thread Stats   Avg      Stdev     99%   +/- Stdev
    Latency     9.58s     3.51s   15.72s    58.63%
    Req/Sec    18.25      1.48    21.00     87.50%
  Latency Distribution (HdrHistogram - Recorded Latency)
 50.000%   10.09s 
 75.000%   12.43s 
 90.000%   14.22s 
 99.000%   15.72s 
 99.900%   15.87s 
 99.990%   15.92s 
 99.999%   15.92s 
100.000%   15.92s 

  Detailed Percentile spectrum:
       Value   Percentile   TotalCount 1/(1-Percentile)

    3272.703     0.000000            2         1.00
    4192.255     0.100000           95         1.11
    5943.295     0.200000          187         1.25
    7319.551     0.300000          280         1.43
    9183.231     0.400000          377         1.67
   10092.543     0.500000          470         2.00
   10477.567     0.550000          522         2.22
   10715.135     0.600000          572         2.50
   11034.623     0.650000          608         2.86
   11460.607     0.700000          657         3.33
   12427.263     0.750000          701         4.00
   12689.407     0.775000          725         4.44
   13049.855     0.800000          748         5.00
   13328.383     0.825000          771         5.71
   13639.679     0.850000          798         6.67
   13787.135     0.875000          817         8.00
   13975.551     0.887500          830         8.89
   14221.311     0.900000          842        10.00
   14368.767     0.912500          853        11.43
   14753.791     0.925000          865        13.33
   15048.703     0.937500          875        16.00
   15089.663     0.943750          887        17.78
   15089.663     0.950000          887        20.00
   15245.311     0.956250          893        22.86
   15409.151     0.962500          899        26.67
   15482.879     0.968750          904        32.00
   15564.799     0.971875          916        35.56
   15564.799     0.975000          916        40.00
   15564.799     0.978125          916        45.71
   15564.799     0.981250          916        53.33
   15654.911     0.984375          920        64.00
   15654.911     0.985938          920        71.11
   15704.063     0.987500          922        80.00
   15720.447     0.989062          925        91.43
   15720.447     0.990625          925       106.67
   15728.639     0.992188          926       128.00
   15745.023     0.992969          928       142.22
   15745.023     0.993750          928       160.00
   15745.023     0.994531          928       182.86
   15794.175     0.995313          930       213.33
   15794.175     0.996094          930       256.00
   15794.175     0.996484          930       284.44
   15810.559     0.996875          931       320.00
   15810.559     0.997266          931       365.71
   15810.559     0.997656          931       426.67
   15867.903     0.998047          932       512.00
   15867.903     0.998242          932       568.89
   15867.903     0.998437          932       640.00
   15867.903     0.998633          932       731.43
   15867.903     0.998828          932       853.33
   15917.055     0.999023          933      1024.00
   15917.055     1.000000          933          inf
#[Mean    =     9581.480, StdDeviation   =     3509.185]
#[Max     =    15908.864, Total count    =          933]
#[Buckets =           27, SubBuckets     =         2048]
-----------------------------------------------------------------------
  1101 requests in 1.00m, 335.48KB read
Requests/sec:     18.35  
Transfer/sec:      5.59KB
