Running 1m test @ http://10.98.229.77/?loopCount=25&base=6&exp=6
  5 threads and 5 connections

  Thread calibration: mean lat.: 76.934ms, rate sampling interval: 356ms
  Thread calibration: mean lat.: 80.849ms, rate sampling interval: 276ms
  Thread calibration: mean lat.: 80.678ms, rate sampling interval: 264ms
  Thread calibration: mean lat.: 93.594ms, rate sampling interval: 371ms
  Thread calibration: mean lat.: 74.931ms, rate sampling interval: 242ms

-----------------------------------------------------------------------
Test Results @ http://10.98.229.77/?loopCount=25&base=6&exp=6 
  Thread Stats   Avg      Stdev     99%   +/- Stdev
    Latency   102.47ms   69.60ms 377.34ms   78.85%
    Req/Sec     9.55      2.89    16.00     82.71%
  Latency Distribution (HdrHistogram - Recorded Latency)
 50.000%   94.08ms
 75.000%  122.82ms
 90.000%  189.31ms
 99.000%  377.34ms
 99.900%  400.64ms
 99.990%  402.94ms
 99.999%  402.94ms
100.000%  402.94ms

  Detailed Percentile spectrum:
       Value   Percentile   TotalCount 1/(1-Percentile)

      21.455     0.000000            1         1.00
      40.671     0.100000          271         1.11
      41.087     0.200000          505         1.25
      42.335     0.300000          750         1.43
      68.095     0.400000         1000         1.67
      94.079     0.500000         1251         2.00
      97.407     0.550000         1374         2.22
     102.783     0.600000         1500         2.50
     105.983     0.650000         1625         2.86
     112.959     0.700000         1748         3.33
     122.815     0.750000         1872         4.00
     131.583     0.775000         1935         4.44
     158.207     0.800000         1997         5.00
     178.431     0.825000         2063         5.71
     181.247     0.850000         2124         6.67
     185.343     0.875000         2185         8.00
     187.135     0.887500         2216         8.89
     189.439     0.900000         2249        10.00
     194.431     0.912500         2278        11.43
     198.527     0.925000         2309        13.33
     206.719     0.937500         2340        16.00
     212.607     0.943750         2356        17.78
     226.815     0.950000         2372        20.00
     258.431     0.956250         2387        22.86
     279.039     0.962500         2403        26.67
     285.951     0.968750         2418        32.00
     288.767     0.971875         2427        35.56
     290.559     0.975000         2434        40.00
     296.447     0.978125         2442        45.71
     305.919     0.981250         2450        53.33
     318.719     0.984375         2458        64.00
     323.583     0.985938         2461        71.11
     325.375     0.987500         2465        80.00
     341.503     0.989062         2469        91.43
     377.855     0.990625         2473       106.67
     381.951     0.992188         2478       128.00
     382.463     0.992969         2479       142.22
     382.719     0.993750         2482       160.00
     383.231     0.994531         2483       182.86
     385.279     0.995313         2485       213.33
     386.047     0.996094         2487       256.00
     387.071     0.996484         2488       284.44
     387.583     0.996875         2489       320.00
     388.095     0.997266         2490       365.71
     389.631     0.997656         2491       426.67
     391.935     0.998047         2492       512.00
     391.935     0.998242         2492       568.89
     393.727     0.998437         2493       640.00
     393.727     0.998633         2493       731.43
     400.639     0.998828         2494       853.33
     400.639     0.999023         2494      1024.00
     400.639     0.999121         2494      1137.78
     402.943     0.999219         2496      1280.00
     402.943     1.000000         2496          inf
#[Mean    =      102.475, StdDeviation   =       69.598]
#[Max     =      402.688, Total count    =         2496]
#[Buckets =           27, SubBuckets     =         2048]
-----------------------------------------------------------------------
  2991 requests in 1.00m, 0.89MB read
Requests/sec:     49.84  
Transfer/sec:     15.20KB
