Running 1m test @ http://10.98.229.77/?loopCount=25&base=6&exp=6
  5 threads and 5 connections

  Thread calibration: mean lat.: 744.228ms, rate sampling interval: 2717ms
  Thread calibration: mean lat.: 560.344ms, rate sampling interval: 2164ms
  Thread calibration: mean lat.: 610.080ms, rate sampling interval: 2136ms
  Thread calibration: mean lat.: 483.504ms, rate sampling interval: 2498ms
  Thread calibration: mean lat.: 492.974ms, rate sampling interval: 2119ms

-----------------------------------------------------------------------
Test Results @ http://10.98.229.77/?loopCount=25&base=6&exp=6 
  Thread Stats   Avg      Stdev     99%   +/- Stdev
    Latency     5.68s     2.75s   11.18s    59.40%
    Req/Sec    11.81      1.13    14.00     93.46%
  Latency Distribution (HdrHistogram - Recorded Latency)
 50.000%    5.41s 
 75.000%    8.04s 
 90.000%    9.52s 
 99.000%   11.18s 
 99.900%   11.71s 
 99.990%   11.79s 
 99.999%   11.79s 
100.000%   11.79s 

  Detailed Percentile spectrum:
       Value   Percentile   TotalCount 1/(1-Percentile)

    1132.543     0.000000            1         1.00
    1982.463     0.100000          308         1.11
    2961.407     0.200000          613         1.25
    3796.991     0.300000          920         1.43
    4542.463     0.400000         1226         1.67
    5406.719     0.500000         1533         2.00
    5914.623     0.550000         1687         2.22
    6504.447     0.600000         1841         2.50
    7065.599     0.650000         1992         2.86
    7479.295     0.700000         2147         3.33
    8044.543     0.750000         2299         4.00
    8286.207     0.775000         2375         4.44
    8503.295     0.800000         2452         5.00
    8749.055     0.825000         2530         5.71
    8962.047     0.850000         2605         6.67
    9183.231     0.875000         2682         8.00
    9371.647     0.887500         2721         8.89
    9519.103     0.900000         2759        10.00
    9682.943     0.912500         2797        11.43
    9854.975     0.925000         2835        13.33
   10027.007     0.937500         2873        16.00
   10133.503     0.943750         2893        17.78
   10207.231     0.950000         2915        20.00
   10231.807     0.956250         2935        22.86
   10289.151     0.962500         2951        26.67
   10395.647     0.968750         2969        32.00
   10551.295     0.971875         2979        35.56
   10690.559     0.975000         2988        40.00
   10813.439     0.978125         2998        45.71
   10919.935     0.981250         3008        53.33
   10993.663     0.984375         3018        64.00
   11010.047     0.985938         3022        71.11
   11034.623     0.987500         3026        80.00
   11100.159     0.989062         3031        91.43
   11313.151     0.990625         3036       106.67
   11354.111     0.992188         3042       128.00
   11362.303     0.992969         3043       142.22
   11386.879     0.993750         3045       160.00
   11485.183     0.994531         3048       182.86
   11509.759     0.995313         3050       213.33
   11575.295     0.996094         3053       256.00
   11591.679     0.996484         3054       284.44
   11599.871     0.996875         3055       320.00
   11608.063     0.997266         3057       365.71
   11608.063     0.997656         3057       426.67
   11624.447     0.998047         3059       512.00
   11624.447     0.998242         3059       568.89
   11665.407     0.998437         3060       640.00
   11665.407     0.998633         3060       731.43
   11706.367     0.998828         3061       853.33
   11739.135     0.999023         3062      1024.00
   11739.135     0.999121         3062      1137.78
   11739.135     0.999219         3062      1280.00
   11739.135     0.999316         3062      1462.86
   11747.327     0.999414         3063      1706.67
   11747.327     0.999512         3063      2048.00
   11747.327     0.999561         3063      2275.56
   11747.327     0.999609         3063      2560.00
   11747.327     0.999658         3063      2925.71
   11788.287     0.999707         3064      3413.33
   11788.287     1.000000         3064          inf
#[Mean    =     5677.000, StdDeviation   =     2747.374]
#[Max     =    11780.096, Total count    =         3064]
#[Buckets =           27, SubBuckets     =         2048]
-----------------------------------------------------------------------
  3713 requests in 1.00m, 1.11MB read
Requests/sec:     61.88  
Transfer/sec:     18.87KB
