Running 1m test @ http://10.98.229.77/?loopCount=25&base=6&exp=6
  1 threads and 1 connections

  Thread calibration: mean lat.: 1295.867ms, rate sampling interval: 4972ms

-----------------------------------------------------------------------
Test Results @ http://10.98.229.77/?loopCount=25&base=6&exp=6 
  Thread Stats   Avg      Stdev     99%   +/- Stdev
    Latency    10.69s     4.47s   18.15s    57.55%
    Req/Sec    16.60      0.66    18.00    100.00%
  Latency Distribution (HdrHistogram - Recorded Latency)
 50.000%   10.62s 
 75.000%   14.70s 
 90.000%   16.86s 
 99.000%   18.15s 
 99.900%   18.25s 
 99.990%   18.27s 
 99.999%   18.27s 
100.000%   18.27s 

  Detailed Percentile spectrum:
       Value   Percentile   TotalCount 1/(1-Percentile)

    2916.351     0.000000            1         1.00
    4624.383     0.100000           87         1.11
    5963.775     0.200000          174         1.25
    7651.327     0.300000          261         1.43
    9019.391     0.400000          352         1.67
   10616.831     0.500000          435         2.00
   11419.647     0.550000          477         2.22
   12361.727     0.600000          521         2.50
   13205.503     0.650000          566         2.86
   14016.511     0.700000          607         3.33
   14696.447     0.750000          653         4.00
   14991.359     0.775000          673         4.44
   15302.655     0.800000          695         5.00
   15532.031     0.825000          717         5.71
   15998.975     0.850000          737         6.67
   16523.263     0.875000          759         8.00
   16662.527     0.887500          770         8.89
   16859.135     0.900000          781        10.00
   17121.279     0.912500          792        11.43
   17235.967     0.925000          802        13.33
   17498.111     0.937500          813        16.00
   17612.799     0.943750          820        17.78
   17645.567     0.950000          824        20.00
   17694.719     0.956250          831        22.86
   17793.023     0.962500          836        26.67
   17891.327     0.968750          840        32.00
   17956.863     0.971875          844        35.56
   17973.247     0.975000          849        40.00
   17973.247     0.978125          849        45.71
   17989.631     0.981250          851        53.33
   18055.167     0.984375          854        64.00
   18087.935     0.985938          855        71.11
   18120.703     0.987500          857        80.00
   18153.471     0.989062          859        91.43
   18153.471     0.990625          859       106.67
   18219.007     0.992188          861       128.00
   18219.007     0.992969          861       142.22
   18235.391     0.993750          863       160.00
   18235.391     0.994531          863       182.86
   18235.391     0.995313          863       213.33
   18251.775     0.996094          866       256.00
   18251.775     0.996484          866       284.44
   18251.775     0.996875          866       320.00
   18251.775     0.997266          866       365.71
   18251.775     0.997656          866       426.67
   18251.775     0.998047          866       512.00
   18251.775     0.998242          866       568.89
   18251.775     0.998437          866       640.00
   18251.775     0.998633          866       731.43
   18251.775     0.998828          866       853.33
   18268.159     0.999023          867      1024.00
   18268.159     1.000000          867          inf
#[Mean    =    10692.486, StdDeviation   =     4467.230]
#[Max     =    18251.776, Total count    =          867]
#[Buckets =           27, SubBuckets     =         2048]
-----------------------------------------------------------------------
  1044 requests in 1.00m, 318.10KB read
Requests/sec:     17.40  
Transfer/sec:      5.30KB
