Running 30s test @ http://10.106.139.161/?loopCount=25&base=6&exp=6
  5 threads and 5 connections

  Thread calibration: mean lat.: 2184.132ms, rate sampling interval: 8146ms
  Thread calibration: mean lat.: 1776.003ms, rate sampling interval: 6819ms
  Thread calibration: mean lat.: 1779.128ms, rate sampling interval: 7057ms
  Thread calibration: mean lat.: 2416.378ms, rate sampling interval: 8265ms
  Thread calibration: mean lat.: 2134.421ms, rate sampling interval: 7041ms

-----------------------------------------------------------------------
Test Results @ http://10.106.139.161/?loopCount=25&base=6&exp=6 
  Thread Stats   Avg      Stdev     99%   +/- Stdev
    Latency     7.88s     2.27s   12.12s    60.26%
    Req/Sec     8.70      0.46     9.00    100.00%
  Latency Distribution (HdrHistogram - Recorded Latency)
 50.000%    7.86s 
 75.000%    9.65s 
 90.000%   10.94s 
 99.000%   12.12s 
 99.900%   12.28s 
 99.990%   12.30s 
 99.999%   12.30s 
100.000%   12.30s 

  Detailed Percentile spectrum:
       Value   Percentile   TotalCount 1/(1-Percentile)

    3637.247     0.000000            1         1.00
    4681.727     0.100000           93         1.11
    5537.791     0.200000          186         1.25
    6414.335     0.300000          278         1.43
    7258.111     0.400000          372         1.67
    7860.223     0.500000          463         2.00
    8290.303     0.550000          510         2.22
    8724.479     0.600000          556         2.50
    9084.927     0.650000          602         2.86
    9412.607     0.700000          650         3.33
    9650.175     0.750000          697         4.00
    9846.783     0.775000          718         4.44
   10076.159     0.800000          741         5.00
   10321.919     0.825000          764         5.71
   10502.143     0.850000          789         6.67
   10731.519     0.875000          812         8.00
   10813.439     0.887500          822         8.89
   10944.511     0.900000          834        10.00
   11051.007     0.912500          845        11.43
   11247.615     0.925000          858        13.33
   11370.495     0.937500          869        16.00
   11427.839     0.943750          874        17.78
   11476.991     0.950000          880        20.00
   11534.335     0.956250          887        22.86
   11608.063     0.962500          892        26.67
   11730.943     0.968750          898        32.00
   11788.287     0.971875          900        35.56
   11862.015     0.975000          903        40.00
   11911.167     0.978125          906        45.71
   12009.471     0.981250          909        53.33
   12050.431     0.984375          912        64.00
   12058.623     0.985938          913        71.11
   12083.199     0.987500          915        80.00
   12115.967     0.989062          916        91.43
   12140.543     0.990625          918       106.67
   12173.311     0.992188          920       128.00
   12173.311     0.992969          920       142.22
   12206.079     0.993750          922       160.00
   12206.079     0.994531          922       182.86
   12206.079     0.995313          922       213.33
   12238.847     0.996094          924       256.00
   12238.847     0.996484          924       284.44
   12238.847     0.996875          924       320.00
   12238.847     0.997266          924       365.71
   12238.847     0.997656          924       426.67
   12279.807     0.998047          925       512.00
   12279.807     0.998242          925       568.89
   12279.807     0.998437          925       640.00
   12279.807     0.998633          925       731.43
   12279.807     0.998828          925       853.33
   12304.383     0.999023          926      1024.00
   12304.383     1.000000          926          inf
#[Mean    =     7877.262, StdDeviation   =     2266.324]
#[Max     =    12296.192, Total count    =          926]
#[Buckets =           27, SubBuckets     =         2048]
-----------------------------------------------------------------------
  1370 requests in 30.00s, 418.07KB read
Requests/sec:     45.66  
Transfer/sec:     13.93KB
