Running 30s test @ http://10.106.139.161/?loopCount=25&base=6&exp=6
  1 threads and 1 connections

  Thread calibration: mean lat.: 3685.177ms, rate sampling interval: 12517ms

-----------------------------------------------------------------------
Test Results @ http://10.106.139.161/?loopCount=25&base=6&exp=6 
  Thread Stats   Avg      Stdev     99%   +/- Stdev
    Latency    14.02s     4.24s   21.17s    57.34%
    Req/Sec     7.00      0.00     7.00    100.00%
  Latency Distribution (HdrHistogram - Recorded Latency)
 50.000%   13.50s 
 75.000%   17.87s 
 90.000%   20.10s 
 99.000%   21.17s 
 99.900%   21.23s 
 99.990%   21.23s 
 99.999%   21.23s 
100.000%   21.23s 

  Detailed Percentile spectrum:
       Value   Percentile   TotalCount 1/(1-Percentile)

    7016.447     0.000000            1         1.00
    8359.935     0.100000           15         1.11
    9609.215     0.200000           29         1.25
   11042.815     0.300000           43         1.43
   12451.839     0.400000           58         1.67
   13500.415     0.500000           72         2.00
   14393.343     0.550000           79         2.22
   15212.543     0.600000           86         2.50
   16244.735     0.650000           93         2.86
   17039.359     0.700000          101         3.33
   17956.863     0.750000          108         4.00
   18137.087     0.775000          111         4.44
   18563.071     0.800000          115         5.00
   18956.287     0.825000          118         5.71
   19316.735     0.850000          122         6.67
   19726.335     0.875000          126         8.00
   19890.175     0.887500          127         8.89
   20103.167     0.900000          129        10.00
   20234.239     0.912500          131        11.43
   20430.847     0.925000          133        13.33
   20561.919     0.937500          135        16.00
   20561.919     0.943750          135        17.78
   20627.455     0.950000          136        20.00
   20692.991     0.956250          137        22.86
   20840.447     0.962500          138        26.67
   20905.983     0.968750          139        32.00
   20905.983     0.971875          139        35.56
   20971.519     0.975000          140        40.00
   20971.519     0.978125          140        45.71
   21102.591     0.981250          141        53.33
   21102.591     0.984375          141        64.00
   21102.591     0.985938          141        71.11
   21168.127     0.987500          142        80.00
   21168.127     0.989062          142        91.43
   21168.127     0.990625          142       106.67
   21168.127     0.992188          142       128.00
   21168.127     0.992969          142       142.22
   21233.663     0.993750          143       160.00
   21233.663     1.000000          143          inf
#[Mean    =    14022.799, StdDeviation   =     4236.068]
#[Max     =    21217.280, Total count    =          143]
#[Buckets =           27, SubBuckets     =         2048]
-----------------------------------------------------------------------
  217 requests in 30.00s, 66.28KB read
Requests/sec:      7.23  
Transfer/sec:      2.21KB
