Running 30s test @ http://10.106.139.161/?loopCount=25&base=6&exp=6
  5 threads and 5 connections

  Thread calibration: mean lat.: 746.279ms, rate sampling interval: 2244ms
  Thread calibration: mean lat.: 463.180ms, rate sampling interval: 1206ms
  Thread calibration: mean lat.: 802.179ms, rate sampling interval: 1827ms
  Thread calibration: mean lat.: 540.985ms, rate sampling interval: 1635ms
  Thread calibration: mean lat.: 768.090ms, rate sampling interval: 2075ms

-----------------------------------------------------------------------
Test Results @ http://10.106.139.161/?loopCount=25&base=6&exp=6 
  Thread Stats   Avg      Stdev     99%   +/- Stdev
    Latency     1.67s   723.86ms   3.12s    58.07%
    Req/Sec     8.78      0.95    10.00     96.36%
  Latency Distribution (HdrHistogram - Recorded Latency)
 50.000%    1.62s 
 75.000%    2.31s 
 90.000%    2.61s 
 99.000%    3.12s 
 99.900%    3.22s 
 99.990%    3.31s 
 99.999%    3.31s 
100.000%    3.31s 

  Detailed Percentile spectrum:
       Value   Percentile   TotalCount 1/(1-Percentile)

     311.295     0.000000            2         1.00
     613.375     0.100000           95         1.11
     997.375     0.200000          187         1.25
    1293.311     0.300000          281         1.43
    1517.567     0.400000          376         1.67
    1622.015     0.500000          469         2.00
    1710.079     0.550000          515         2.22
    1798.143     0.600000          562         2.50
    1919.999     0.650000          609         2.86
    2127.871     0.700000          655         3.33
    2310.143     0.750000          703         4.00
    2347.007     0.775000          725         4.44
    2416.639     0.800000          749         5.00
    2494.463     0.825000          772         5.71
    2510.847     0.850000          797         6.67
    2525.183     0.875000          822         8.00
    2543.615     0.887500          830         8.89
    2607.103     0.900000          846        10.00
    2621.439     0.912500          856        11.43
    2652.159     0.925000          865        13.33
    2711.551     0.937500          878        16.00
    2744.319     0.943750          883        17.78
    2822.143     0.950000          889        20.00
    2957.311     0.956250          895        22.86
    3014.655     0.962500          900        26.67
    3022.847     0.968750          906        32.00
    3033.087     0.971875          909        35.56
    3090.431     0.975000          912        40.00
    3102.719     0.978125          916        45.71
    3104.767     0.981250          918        53.33
    3108.863     0.984375          921        64.00
    3112.959     0.985938          922        71.11
    3117.055     0.987500          925        80.00
    3117.055     0.989062          925        91.43
    3123.199     0.990625          928       106.67
    3123.199     0.992188          928       128.00
    3147.775     0.992969          929       142.22
    3205.119     0.993750          930       160.00
    3205.119     0.994531          930       182.86
    3207.167     0.995313          931       213.33
    3211.263     0.996094          932       256.00
    3211.263     0.996484          932       284.44
    3217.407     0.996875          933       320.00
    3217.407     0.997266          933       365.71
    3217.407     0.997656          933       426.67
    3219.455     0.998047          934       512.00
    3219.455     0.998242          934       568.89
    3219.455     0.998437          934       640.00
    3219.455     0.998633          934       731.43
    3219.455     0.998828          934       853.33
    3307.519     0.999023          935      1024.00
    3307.519     1.000000          935          inf
#[Mean    =     1670.986, StdDeviation   =      723.855]
#[Max     =     3305.472, Total count    =          935]
#[Buckets =           27, SubBuckets     =         2048]
-----------------------------------------------------------------------
  1382 requests in 30.01s, 421.75KB read
Requests/sec:     46.06  
Transfer/sec:     14.06KB
