Running 30s test @ http://10.106.139.161/?loopCount=25&base=6&exp=6
  5 threads and 5 connections

  Thread calibration: mean lat.: 1542.161ms, rate sampling interval: 4882ms
  Thread calibration: mean lat.: 954.988ms, rate sampling interval: 2646ms
  Thread calibration: mean lat.: 1242.541ms, rate sampling interval: 3454ms
  Thread calibration: mean lat.: 1390.690ms, rate sampling interval: 4155ms
  Thread calibration: mean lat.: 850.513ms, rate sampling interval: 3041ms

-----------------------------------------------------------------------
Test Results @ http://10.106.139.161/?loopCount=25&base=6&exp=6 
  Thread Stats   Avg      Stdev     99%   +/- Stdev
    Latency     3.82s     1.11s    6.28s    66.43%
    Req/Sec    11.92      1.07    14.00     88.46%
  Latency Distribution (HdrHistogram - Recorded Latency)
 50.000%    3.84s 
 75.000%    4.51s 
 90.000%    5.26s 
 99.000%    6.28s 
 99.900%    6.33s 
 99.990%    6.34s 
 99.999%    6.34s 
100.000%    6.34s 

  Detailed Percentile spectrum:
       Value   Percentile   TotalCount 1/(1-Percentile)

    1428.479     0.000000            1         1.00
    2297.855     0.100000          126         1.11
    2719.743     0.200000          251         1.25
    3203.071     0.300000          376         1.43
    3479.551     0.400000          501         1.67
    3842.047     0.500000          629         2.00
    4024.319     0.550000          691         2.22
    4206.591     0.600000          755         2.50
    4337.663     0.650000          818         2.86
    4435.967     0.700000          876         3.33
    4517.887     0.750000          942         4.00
    4550.655     0.775000          971         4.44
    4616.191     0.800000         1001         5.00
    4726.783     0.825000         1034         5.71
    4861.951     0.850000         1064         6.67
    5021.695     0.875000         1095         8.00
    5115.903     0.887500         1112         8.89
    5263.359     0.900000         1126        10.00
    5541.887     0.912500         1142        11.43
    5685.247     0.925000         1158        13.33
    5779.455     0.937500         1173        16.00
    5910.527     0.943750         1181        17.78
    5955.583     0.950000         1189        20.00
    5988.351     0.956250         1198        22.86
    6098.943     0.962500         1205        26.67
    6156.287     0.968750         1213        32.00
    6176.767     0.971875         1217        35.56
    6201.343     0.975000         1220        40.00
    6221.823     0.978125         1225        45.71
    6242.303     0.981250         1229        53.33
    6254.591     0.984375         1232        64.00
    6262.783     0.985938         1235        71.11
    6266.879     0.987500         1236        80.00
    6275.071     0.989062         1239        91.43
    6279.167     0.990625         1241       106.67
    6287.359     0.992188         1242       128.00
    6299.647     0.992969         1244       142.22
    6299.647     0.993750         1244       160.00
    6303.743     0.994531         1247       182.86
    6303.743     0.995313         1247       213.33
    6303.743     0.996094         1247       256.00
    6303.743     0.996484         1247       284.44
    6320.127     0.996875         1249       320.00
    6320.127     0.997266         1249       365.71
    6320.127     0.997656         1249       426.67
    6320.127     0.998047         1249       512.00
    6320.127     0.998242         1249       568.89
    6328.319     0.998437         1250       640.00
    6328.319     0.998633         1250       731.43
    6328.319     0.998828         1250       853.33
    6328.319     0.999023         1250      1024.00
    6328.319     0.999121         1250      1137.78
    6340.607     0.999219         1251      1280.00
    6340.607     1.000000         1251          inf
#[Mean    =     3820.490, StdDeviation   =     1110.642]
#[Max     =     6336.512, Total count    =         1251]
#[Buckets =           27, SubBuckets     =         2048]
-----------------------------------------------------------------------
  1847 requests in 30.00s, 563.15KB read
Requests/sec:     61.56  
Transfer/sec:     18.77KB
