Running 30s test @ http://10.106.139.161/?loopCount=25&base=6&exp=6
  5 threads and 5 connections

  Thread calibration: mean lat.: 100.556ms, rate sampling interval: 316ms
  Thread calibration: mean lat.: 81.341ms, rate sampling interval: 296ms
  Thread calibration: mean lat.: 93.576ms, rate sampling interval: 322ms
  Thread calibration: mean lat.: 95.177ms, rate sampling interval: 321ms
  Thread calibration: mean lat.: 136.264ms, rate sampling interval: 488ms

-----------------------------------------------------------------------
Test Results @ http://10.106.139.161/?loopCount=25&base=6&exp=6 
  Thread Stats   Avg      Stdev     99%   +/- Stdev
    Latency    86.93ms   57.13ms 259.20ms   83.15%
    Req/Sec     9.65      2.37    15.00     79.93%
  Latency Distribution (HdrHistogram - Recorded Latency)
 50.000%   69.50ms
 75.000%  135.17ms
 90.000%  158.08ms
 99.000%  259.20ms
 99.900%  341.76ms
 99.990%  343.30ms
 99.999%  343.30ms
100.000%  343.30ms

  Detailed Percentile spectrum:
       Value   Percentile   TotalCount 1/(1-Percentile)

      21.407     0.000000            1         1.00
      40.767     0.100000          107         1.11
      41.343     0.200000          202         1.25
      42.047     0.300000          305         1.43
      58.655     0.400000          402         1.67
      69.503     0.500000          503         2.00
      70.847     0.550000          552         2.22
      74.239     0.600000          603         2.50
      80.383     0.650000          652         2.86
      93.695     0.700000          703         3.33
     135.167     0.750000          753         4.00
     136.959     0.775000          778         4.44
     138.623     0.800000          804         5.00
     141.695     0.825000          828         5.71
     144.895     0.850000          853         6.67
     150.783     0.875000          878         8.00
     153.727     0.887500          891         8.89
     158.079     0.900000          903        10.00
     162.943     0.912500          916        11.43
     168.831     0.925000          928        13.33
     181.631     0.937500          941        16.00
     191.359     0.943750          947        17.78
     194.943     0.950000          953        20.00
     235.903     0.956250          962        22.86
     237.439     0.962500          966        26.67
     242.431     0.968750          972        32.00
     245.119     0.971875          975        35.56
     248.703     0.975000          979        40.00
     250.623     0.978125          982        45.71
     251.135     0.981250          985        53.33
     253.695     0.984375          989        64.00
     253.695     0.985938          989        71.11
     254.847     0.987500          991        80.00
     259.199     0.989062          993        91.43
     268.799     0.990625          994       106.67
     271.103     0.992188          996       128.00
     271.103     0.992969          996       142.22
     281.599     0.993750          997       160.00
     283.647     0.994531          998       182.86
     305.919     0.995313          999       213.33
     335.871     0.996094         1000       256.00
     335.871     0.996484         1000       284.44
     335.871     0.996875         1000       320.00
     340.223     0.997266         1001       365.71
     340.223     0.997656         1001       426.67
     341.759     0.998047         1002       512.00
     341.759     0.998242         1002       568.89
     341.759     0.998437         1002       640.00
     341.759     0.998633         1002       731.43
     341.759     0.998828         1002       853.33
     343.295     0.999023         1003      1024.00
     343.295     1.000000         1003          inf
#[Mean    =       86.934, StdDeviation   =       57.132]
#[Max     =      343.040, Total count    =         1003]
#[Buckets =           27, SubBuckets     =         2048]
-----------------------------------------------------------------------
  1495 requests in 30.00s, 455.83KB read
Requests/sec:     49.83  
Transfer/sec:     15.19KB
