Running 30s test @ http://10.106.139.161/?loopCount=25&base=6&exp=6
  1 threads and 1 connections

  Thread calibration: mean lat.: 1891.735ms, rate sampling interval: 6586ms

-----------------------------------------------------------------------
Test Results @ http://10.106.139.161/?loopCount=25&base=6&exp=6 
  Thread Stats   Avg      Stdev     99%   +/- Stdev
    Latency     7.00s     1.85s   10.45s    62.84%
    Req/Sec    15.67      0.47    16.00    100.00%
  Latency Distribution (HdrHistogram - Recorded Latency)
 50.000%    6.79s 
 75.000%    8.53s 
 90.000%    9.66s 
 99.000%   10.45s 
 99.900%   10.52s 
 99.990%   10.52s 
 99.999%   10.52s 
100.000%   10.52s 

  Detailed Percentile spectrum:
       Value   Percentile   TotalCount 1/(1-Percentile)

    3774.463     0.000000            2         1.00
    4411.391     0.100000           34         1.11
    5279.743     0.200000           67         1.25
    5828.607     0.300000          100         1.43
    6311.935     0.400000          134         1.67
    6787.071     0.500000          167         2.00
    7196.671     0.550000          184         2.22
    7553.023     0.600000          200         2.50
    7999.487     0.650000          216         2.86
    8167.423     0.700000          233         3.33
    8536.063     0.750000          254         4.00
    8560.639     0.775000          257         4.44
    8691.711     0.800000          265         5.00
    9003.007     0.825000          274         5.71
    9183.231     0.850000          282         6.67
    9519.103     0.875000          292         8.00
    9584.639     0.887500          294         8.89
    9658.367     0.900000          298        10.00
    9814.015     0.912500          304        11.43
    9887.743     0.925000          307        13.33
   10010.623     0.937500          311        16.00
   10043.391     0.943750          313        17.78
   10084.351     0.950000          317        20.00
   10084.351     0.956250          317        22.86
   10149.887     0.962500          319        26.67
   10272.767     0.968750          322        32.00
   10272.767     0.971875          322        35.56
   10338.303     0.975000          323        40.00
   10371.071     0.978125          324        45.71
   10420.223     0.981250          325        53.33
   10428.415     0.984375          326        64.00
   10452.991     0.985938          328        71.11
   10452.991     0.987500          328        80.00
   10452.991     0.989062          328        91.43
   10452.991     0.990625          328       106.67
   10493.951     0.992188          329       128.00
   10493.951     0.992969          329       142.22
   10493.951     0.993750          329       160.00
   10518.527     0.994531          331       182.86
   10518.527     1.000000          331          inf
#[Mean    =     6999.881, StdDeviation   =     1847.533]
#[Max     =    10510.336, Total count    =          331]
#[Buckets =           27, SubBuckets     =         2048]
-----------------------------------------------------------------------
  487 requests in 30.00s, 148.40KB read
Requests/sec:     16.23  
Transfer/sec:      4.95KB
