Running 30s test @ http://10.106.139.161/?loopCount=25&base=6&exp=6
  5 threads and 5 connections

  Thread calibration: mean lat.: 87.860ms, rate sampling interval: 249ms
  Thread calibration: mean lat.: 85.431ms, rate sampling interval: 258ms
  Thread calibration: mean lat.: 170.594ms, rate sampling interval: 635ms
  Thread calibration: mean lat.: 97.896ms, rate sampling interval: 387ms
  Thread calibration: mean lat.: 88.573ms, rate sampling interval: 398ms

-----------------------------------------------------------------------
Test Results @ http://10.106.139.161/?loopCount=25&base=6&exp=6 
  Thread Stats   Avg      Stdev     99%   +/- Stdev
    Latency   101.72ms   69.82ms 361.73ms   83.40%
    Req/Sec     9.66      2.38    16.00     93.43%
  Latency Distribution (HdrHistogram - Recorded Latency)
 50.000%   87.04ms
 75.000%  114.37ms
 90.000%  202.62ms
 99.000%  361.73ms
 99.900%  412.16ms
 99.990%  413.18ms
 99.999%  413.18ms
100.000%  413.18ms

  Detailed Percentile spectrum:
       Value   Percentile   TotalCount 1/(1-Percentile)

      21.503     0.000000            1         1.00
      41.183     0.100000          105         1.11
      49.503     0.200000          200         1.25
      56.415     0.300000          301         1.43
      66.175     0.400000          401         1.67
      87.039     0.500000          500         2.00
      97.279     0.550000          552         2.22
     101.951     0.600000          600         2.50
     105.279     0.650000          654         2.86
     108.095     0.700000          700         3.33
     114.367     0.750000          750         4.00
     116.031     0.775000          775         4.44
     123.263     0.800000          800         5.00
     140.287     0.825000          825         5.71
     160.511     0.850000          850         6.67
     195.711     0.875000          875         8.00
     200.447     0.887500          891         8.89
     202.623     0.900000          900        10.00
     206.079     0.912500          913        11.43
     210.047     0.925000          925        13.33
     216.447     0.937500          938        16.00
     223.615     0.943750          944        17.78
     228.223     0.950000          950        20.00
     259.839     0.956250          957        22.86
     295.167     0.962500          964        26.67
     302.591     0.968750          970        32.00
     304.895     0.971875          972        35.56
     307.199     0.975000          976        40.00
     313.343     0.978125          979        45.71
     322.815     0.981250          982        53.33
     336.383     0.984375          985        64.00
     336.895     0.985938          986        71.11
     352.511     0.987500          988        80.00
     361.727     0.989062          990        91.43
     393.983     0.990625          992       106.67
     396.287     0.992188          993       128.00
     396.287     0.992969          993       142.22
     398.847     0.993750          994       160.00
     401.919     0.994531          995       182.86
     402.943     0.995313          996       213.33
     404.479     0.996094          997       256.00
     404.479     0.996484          997       284.44
     404.479     0.996875          997       320.00
     404.735     0.997266          998       365.71
     404.735     0.997656          998       426.67
     412.159     0.998047          999       512.00
     412.159     0.998242          999       568.89
     412.159     0.998437          999       640.00
     412.159     0.998633          999       731.43
     412.159     0.998828          999       853.33
     413.183     0.999023         1000      1024.00
     413.183     1.000000         1000          inf
#[Mean    =      101.724, StdDeviation   =       69.824]
#[Max     =      412.928, Total count    =         1000]
#[Buckets =           27, SubBuckets     =         2048]
-----------------------------------------------------------------------
  1492 requests in 30.00s, 455.02KB read
Requests/sec:     49.73  
Transfer/sec:     15.17KB
