Running 30s test @ http://10.106.139.161/?loopCount=25&base=6&exp=6
  1 threads and 1 connections

  Thread calibration: mean lat.: 434.595ms, rate sampling interval: 1523ms

-----------------------------------------------------------------------
Test Results @ http://10.106.139.161/?loopCount=25&base=6&exp=6 
  Thread Stats   Avg      Stdev     99%   +/- Stdev
    Latency     2.36s   742.21ms   3.49s    60.37%
    Req/Sec    21.23      1.25    24.00     92.31%
  Latency Distribution (HdrHistogram - Recorded Latency)
 50.000%    2.46s 
 75.000%    2.98s 
 90.000%    3.29s 
 99.000%    3.49s 
 99.900%    3.49s 
 99.990%    3.49s 
 99.999%    3.49s 
100.000%    3.49s 

  Detailed Percentile spectrum:
       Value   Percentile   TotalCount 1/(1-Percentile)

     873.983     0.000000            1         1.00
    1248.255     0.100000           44         1.11
    1583.103     0.200000           87         1.25
    1816.575     0.300000          131         1.43
    2275.327     0.400000          174         1.67
    2461.695     0.500000          218         2.00
    2691.071     0.550000          239         2.22
    2709.503     0.600000          263         2.50
    2832.383     0.650000          284         2.86
    2930.687     0.700000          305         3.33
    2977.791     0.750000          329         4.00
    2983.935     0.775000          340         4.44
    3014.655     0.800000          349         5.00
    3115.007     0.825000          362         5.71
    3188.735     0.850000          370         6.67
    3223.551     0.875000          380         8.00
    3276.799     0.887500          386         8.89
    3289.087     0.900000          392        10.00
    3323.903     0.912500          397        11.43
    3371.007     0.925000          403        13.33
    3397.631     0.937500          407        16.00
    3399.679     0.943750          410        17.78
    3401.727     0.950000          414        20.00
    3407.871     0.956250          416        22.86
    3424.255     0.962500          419        26.67
    3450.879     0.968750          421        32.00
    3471.359     0.971875          423        35.56
    3483.647     0.975000          425        40.00
    3483.647     0.978125          425        45.71
    3485.695     0.981250          428        53.33
    3485.695     0.984375          428        64.00
    3485.695     0.985938          428        71.11
    3489.791     0.987500          429        80.00
    3491.839     0.989062          434        91.43
    3491.839     1.000000          434          inf
#[Mean    =     2360.226, StdDeviation   =      742.215]
#[Max     =     3489.792, Total count    =          434]
#[Buckets =           27, SubBuckets     =         2048]
-----------------------------------------------------------------------
  662 requests in 30.00s, 201.70KB read
Requests/sec:     22.07  
Transfer/sec:      6.72KB
