Running 30s test @ http://10.106.139.161/?loopCount=25&base=6&exp=6
  5 threads and 5 connections

  Thread calibration: mean lat.: 439.991ms, rate sampling interval: 1299ms
  Thread calibration: mean lat.: 442.161ms, rate sampling interval: 2003ms
  Thread calibration: mean lat.: 655.057ms, rate sampling interval: 2201ms
  Thread calibration: mean lat.: 667.728ms, rate sampling interval: 2111ms
  Thread calibration: mean lat.: 654.937ms, rate sampling interval: 2502ms

-----------------------------------------------------------------------
Test Results @ http://10.106.139.161/?loopCount=25&base=6&exp=6 
  Thread Stats   Avg      Stdev     99%   +/- Stdev
    Latency     1.49s   618.15ms   2.90s    72.69%
    Req/Sec    13.82      2.12    18.00     85.71%
  Latency Distribution (HdrHistogram - Recorded Latency)
 50.000%    1.44s 
 75.000%    1.92s 
 90.000%    2.32s 
 99.000%    2.90s 
 99.900%    2.95s 
 99.990%    2.96s 
 99.999%    2.96s 
100.000%    2.96s 

  Detailed Percentile spectrum:
       Value   Percentile   TotalCount 1/(1-Percentile)

      35.199     0.000000            1         1.00
     857.599     0.100000          143         1.11
     987.647     0.200000          288         1.25
    1081.343     0.300000          429         1.43
    1220.607     0.400000          573         1.67
    1436.671     0.500000          715         2.00
    1553.407     0.550000          786         2.22
    1631.231     0.600000          857         2.50
    1719.295     0.650000          929         2.86
    1846.271     0.700000         1000         3.33
    1922.047     0.750000         1072         4.00
    1960.959     0.775000         1107         4.44
    2028.543     0.800000         1143         5.00
    2079.743     0.825000         1179         5.71
    2156.543     0.850000         1214         6.67
    2238.463     0.875000         1250         8.00
    2279.423     0.887500         1268         8.89
    2318.335     0.900000         1286        10.00
    2353.151     0.912500         1305        11.43
    2387.967     0.925000         1322        13.33
    2496.511     0.937500         1339        16.00
    2594.815     0.943750         1348        17.78
    2686.975     0.950000         1357        20.00
    2744.319     0.956250         1366        22.86
    2809.855     0.962500         1375        26.67
    2832.383     0.968750         1384        32.00
    2844.671     0.971875         1388        35.56
    2856.959     0.975000         1393        40.00
    2861.055     0.978125         1397        45.71
    2871.295     0.981250         1403        53.33
    2881.535     0.984375         1406        64.00
    2883.583     0.985938         1408        71.11
    2887.679     0.987500         1411        80.00
    2895.871     0.989062         1413        91.43
    2904.063     0.990625         1415       106.67
    2908.159     0.992188         1417       128.00
    2910.207     0.992969         1418       142.22
    2916.351     0.993750         1420       160.00
    2922.495     0.994531         1421       182.86
    2930.687     0.995313         1422       213.33
    2934.783     0.996094         1424       256.00
    2934.783     0.996484         1424       284.44
    2934.783     0.996875         1424       320.00
    2940.927     0.997266         1426       365.71
    2940.927     0.997656         1426       426.67
    2940.927     0.998047         1426       512.00
    2940.927     0.998242         1426       568.89
    2940.927     0.998437         1426       640.00
    2947.071     0.998633         1427       731.43
    2947.071     0.998828         1427       853.33
    2947.071     0.999023         1427      1024.00
    2947.071     0.999121         1427      1137.78
    2947.071     0.999219         1427      1280.00
    2963.455     0.999316         1428      1462.86
    2963.455     1.000000         1428          inf
#[Mean    =     1491.623, StdDeviation   =      618.151]
#[Max     =     2961.408, Total count    =         1428]
#[Buckets =           27, SubBuckets     =         2048]
-----------------------------------------------------------------------
  2109 requests in 30.01s, 643.03KB read
Requests/sec:     70.29  
Transfer/sec:     21.43KB
