Running 30s test @ http://10.106.139.161/?loopCount=25&base=6&exp=6
  1 threads and 1 connections

  Thread calibration: mean lat.: 672.426ms, rate sampling interval: 2088ms

-----------------------------------------------------------------------
Test Results @ http://10.106.139.161/?loopCount=25&base=6&exp=6 
  Thread Stats   Avg      Stdev     99%   +/- Stdev
    Latency     3.59s     1.04s    5.07s    61.92%
    Req/Sec    19.89      1.79    22.00     88.89%
  Latency Distribution (HdrHistogram - Recorded Latency)
 50.000%    3.69s 
 75.000%    4.44s 
 90.000%    4.84s 
 99.000%    5.07s 
 99.900%    5.07s 
 99.990%    5.07s 
 99.999%    5.07s 
100.000%    5.07s 

  Detailed Percentile spectrum:
       Value   Percentile   TotalCount 1/(1-Percentile)

    1325.055     0.000000            1         1.00
    1971.199     0.100000           42         1.11
    2648.063     0.200000           86         1.25
    3215.359     0.300000          124         1.43
    3534.847     0.400000          164         1.67
    3692.543     0.500000          205         2.00
    3749.887     0.550000          224         2.22
    4034.559     0.600000          245         2.50
    4136.959     0.650000          266         2.86
    4272.127     0.700000          285         3.33
    4440.063     0.750000          306         4.00
    4526.079     0.775000          316         4.44
    4644.863     0.800000          326         5.00
    4739.071     0.825000          337         5.71
    4780.031     0.850000          346         6.67
    4833.279     0.875000          357         8.00
    4841.471     0.887500          366         8.89
    4861.951     0.900000          367        10.00
    4886.527     0.912500          372        11.43
    4902.911     0.925000          377        13.33
    4915.199     0.937500          386        16.00
    4915.199     0.943750          386        17.78
    4919.295     0.950000          392        20.00
    4919.295     0.956250          392        22.86
    4919.295     0.962500          392        26.67
    4939.775     0.968750          395        32.00
    5005.311     0.971875          396        35.56
    5038.079     0.975000          397        40.00
    5046.271     0.978125          400        45.71
    5046.271     0.981250          400        53.33
    5050.367     0.984375          401        64.00
    5062.655     0.985938          402        71.11
    5062.655     0.987500          402        80.00
    5066.751     0.989062          405        91.43
    5066.751     0.990625          405       106.67
    5066.751     0.992188          405       128.00
    5066.751     0.992969          405       142.22
    5066.751     0.993750          405       160.00
    5066.751     0.994531          405       182.86
    5070.847     0.995313          407       213.33
    5070.847     1.000000          407          inf
#[Mean    =     3594.539, StdDeviation   =     1038.845]
#[Max     =     5066.752, Total count    =          407]
#[Buckets =           27, SubBuckets     =         2048]
-----------------------------------------------------------------------
  623 requests in 30.00s, 189.82KB read
Requests/sec:     20.77  
Transfer/sec:      6.33KB
