Running 30s test @ http://10.106.139.161/?loopCount=25&base=6&exp=6
  5 threads and 5 connections

  Thread calibration: mean lat.: 94.443ms, rate sampling interval: 302ms
  Thread calibration: mean lat.: 119.784ms, rate sampling interval: 464ms
  Thread calibration: mean lat.: 75.331ms, rate sampling interval: 269ms
  Thread calibration: mean lat.: 86.004ms, rate sampling interval: 289ms
  Thread calibration: mean lat.: 88.708ms, rate sampling interval: 286ms

-----------------------------------------------------------------------
Test Results @ http://10.106.139.161/?loopCount=25&base=6&exp=6 
  Thread Stats   Avg      Stdev     99%   +/- Stdev
    Latency   123.58ms   87.68ms 444.42ms   85.09%
    Req/Sec     9.35      2.82    16.00     88.16%
  Latency Distribution (HdrHistogram - Recorded Latency)
 50.000%   83.84ms
 75.000%  149.89ms
 90.000%  247.42ms
 99.000%  444.42ms
 99.900%  481.54ms
 99.990%  539.14ms
 99.999%  539.14ms
100.000%  539.14ms

  Detailed Percentile spectrum:
       Value   Percentile   TotalCount 1/(1-Percentile)

      23.471     0.000000            1         1.00
      49.663     0.100000          100         1.11
      58.847     0.200000          200         1.25
      65.727     0.300000          303         1.43
      73.599     0.400000          400         1.67
      83.839     0.500000          500         2.00
      98.943     0.550000          550         2.22
     133.887     0.600000          604         2.50
     137.599     0.650000          652         2.86
     142.591     0.700000          700         3.33
     150.015     0.750000          751         4.00
     153.983     0.775000          776         4.44
     160.383     0.800000          800         5.00
     171.263     0.825000          825         5.71
     194.943     0.850000          850         6.67
     238.463     0.875000          875         8.00
     242.559     0.887500          887         8.89
     247.807     0.900000          900        10.00
     253.311     0.912500          912        11.43
     267.263     0.925000          925        13.33
     282.367     0.937500          937        16.00
     297.471     0.943750          943        17.78
     335.871     0.950000          950        20.00
     340.479     0.956250          956        22.86
     344.831     0.962500          962        26.67
     356.351     0.968750          968        32.00
     360.959     0.971875          971        35.56
     376.063     0.975000          975        40.00
     387.327     0.978125          978        45.71
     395.519     0.981250          981        53.33
     434.687     0.984375          985        64.00
     434.687     0.985938          985        71.11
     435.455     0.987500          987        80.00
     444.415     0.989062          989        91.43
     445.183     0.990625          990       106.67
     446.207     0.992188          992       128.00
     446.207     0.992969          992       142.22
     450.559     0.993750          993       160.00
     451.839     0.994531          994       182.86
     455.935     0.995313          995       213.33
     462.079     0.996094          996       256.00
     462.079     0.996484          996       284.44
     462.079     0.996875          996       320.00
     479.487     0.997266          997       365.71
     479.487     0.997656          997       426.67
     481.535     0.998047          998       512.00
     481.535     0.998242          998       568.89
     481.535     0.998437          998       640.00
     481.535     0.998633          998       731.43
     481.535     0.998828          998       853.33
     539.135     0.999023          999      1024.00
     539.135     1.000000          999          inf
#[Mean    =      123.580, StdDeviation   =       87.681]
#[Max     =      538.624, Total count    =          999]
#[Buckets =           27, SubBuckets     =         2048]
-----------------------------------------------------------------------
  1489 requests in 30.00s, 454.07KB read
Requests/sec:     49.63  
Transfer/sec:     15.13KB
