Running 30s test @ http://10.106.139.161/?loopCount=25&base=6&exp=6
  5 threads and 5 connections

  Thread calibration: mean lat.: 353.536ms, rate sampling interval: 1284ms
  Thread calibration: mean lat.: 862.556ms, rate sampling interval: 2666ms
  Thread calibration: mean lat.: 516.731ms, rate sampling interval: 1762ms
  Thread calibration: mean lat.: 436.195ms, rate sampling interval: 1558ms
  Thread calibration: mean lat.: 532.119ms, rate sampling interval: 1644ms

-----------------------------------------------------------------------
Test Results @ http://10.106.139.161/?loopCount=25&base=6&exp=6 
  Thread Stats   Avg      Stdev     99%   +/- Stdev
    Latency     1.55s   712.39ms   3.50s    73.66%
    Req/Sec    13.42      2.01    17.00     84.21%
  Latency Distribution (HdrHistogram - Recorded Latency)
 50.000%    1.37s 
 75.000%    1.87s 
 90.000%    2.59s 
 99.000%    3.50s 
 99.900%    3.64s 
 99.990%    3.67s 
 99.999%    3.67s 
100.000%    3.67s 

  Detailed Percentile spectrum:
       Value   Percentile   TotalCount 1/(1-Percentile)

     422.911     0.000000            1         1.00
     804.351     0.100000          140         1.11
     959.999     0.200000          276         1.25
    1090.559     0.300000          414         1.43
    1234.943     0.400000          552         1.67
    1367.039     0.500000          691         2.00
    1471.487     0.550000          758         2.22
    1535.999     0.600000          827         2.50
    1698.815     0.650000          896         2.86
    1775.615     0.700000          966         3.33
    1870.847     0.750000         1034         4.00
    1936.383     0.775000         1068         4.44
    2026.495     0.800000         1103         5.00
    2101.247     0.825000         1137         5.71
    2191.359     0.850000         1172         6.67
    2324.479     0.875000         1207         8.00
    2471.935     0.887500         1223         8.89
    2603.007     0.900000         1241        10.00
    2766.847     0.912500         1258        11.43
    2949.119     0.925000         1275        13.33
    3182.591     0.937500         1292        16.00
    3237.887     0.943750         1301        17.78
    3268.607     0.950000         1310        20.00
    3307.519     0.956250         1319        22.86
    3334.143     0.962500         1327        26.67
    3371.007     0.968750         1335        32.00
    3381.247     0.971875         1340        35.56
    3405.823     0.975000         1345        40.00
    3416.063     0.978125         1349        45.71
    3446.783     0.981250         1353        53.33
    3469.311     0.984375         1357        64.00
    3481.599     0.985938         1359        71.11
    3491.839     0.987500         1362        80.00
    3495.935     0.989062         1363        91.43
    3510.271     0.990625         1367       106.67
    3514.367     0.992188         1368       128.00
    3526.655     0.992969         1369       142.22
    3536.895     0.993750         1370       160.00
    3540.991     0.994531         1371       182.86
    3563.519     0.995313         1372       213.33
    3565.567     0.996094         1373       256.00
    3586.047     0.996484         1374       284.44
    3586.047     0.996875         1374       320.00
    3600.383     0.997266         1375       365.71
    3600.383     0.997656         1375       426.67
    3622.911     0.998047         1376       512.00
    3622.911     0.998242         1376       568.89
    3622.911     0.998437         1376       640.00
    3641.343     0.998633         1377       731.43
    3641.343     0.998828         1377       853.33
    3641.343     0.999023         1377      1024.00
    3641.343     0.999121         1377      1137.78
    3641.343     0.999219         1377      1280.00
    3665.919     0.999316         1378      1462.86
    3665.919     1.000000         1378          inf
#[Mean    =     1550.261, StdDeviation   =      712.388]
#[Max     =     3663.872, Total count    =         1378]
#[Buckets =           27, SubBuckets     =         2048]
-----------------------------------------------------------------------
  2057 requests in 30.00s, 627.20KB read
Requests/sec:     68.56  
Transfer/sec:     20.90KB
