Running 30s test @ http://10.106.139.161/?loopCount=25&base=6&exp=6
  1 threads and 1 connections

  Thread calibration: mean lat.: 82.136ms, rate sampling interval: 235ms

-----------------------------------------------------------------------
Test Results @ http://10.106.139.161/?loopCount=25&base=6&exp=6 
  Thread Stats   Avg      Stdev     99%   +/- Stdev
    Latency   167.52ms   20.53ms 208.00ms   57.52%
    Req/Sec    24.44      1.52    25.00     83.53%
  Latency Distribution (HdrHistogram - Recorded Latency)
 50.000%  166.14ms
 75.000%  185.21ms
 90.000%  195.84ms
 99.000%  208.00ms
 99.900%  209.15ms
 99.990%  209.15ms
 99.999%  209.15ms
100.000%  209.15ms

  Detailed Percentile spectrum:
       Value   Percentile   TotalCount 1/(1-Percentile)

     131.007     0.000000            1         1.00
     141.951     0.100000           50         1.11
     145.791     0.200000          102         1.25
     151.551     0.300000          150         1.43
     159.871     0.400000          203         1.67
     166.143     0.500000          250         2.00
     170.239     0.550000          275         2.22
     173.823     0.600000          301         2.50
     177.791     0.650000          325         2.86
     181.375     0.700000          351         3.33
     185.343     0.750000          375         4.00
     186.751     0.775000          387         4.44
     188.671     0.800000          401         5.00
     190.335     0.825000          412         5.71
     192.511     0.850000          426         6.67
     194.431     0.875000          437         8.00
     195.327     0.887500          444         8.89
     196.095     0.900000          450        10.00
     197.247     0.912500          456        11.43
     198.527     0.925000          466        13.33
     198.783     0.937500          468        16.00
     199.423     0.943750          471        17.78
     200.831     0.950000          475        20.00
     201.215     0.956250          478        22.86
     201.983     0.962500          481        26.67
     202.879     0.968750          484        32.00
     203.135     0.971875          485        35.56
     204.671     0.975000          488        40.00
     205.567     0.978125          489        45.71
     206.463     0.981250          490        53.33
     207.103     0.984375          492        64.00
     207.103     0.985938          492        71.11
     207.359     0.987500          493        80.00
     207.999     0.989062          494        91.43
     208.127     0.990625          496       106.67
     208.127     0.992188          496       128.00
     208.127     0.992969          496       142.22
     208.127     0.993750          496       160.00
     208.255     0.994531          497       182.86
     208.255     0.995313          497       213.33
     209.023     0.996094          498       256.00
     209.023     0.996484          498       284.44
     209.023     0.996875          498       320.00
     209.023     0.997266          498       365.71
     209.023     0.997656          498       426.67
     209.151     0.998047          499       512.00
     209.151     1.000000          499          inf
#[Mean    =      167.522, StdDeviation   =       20.531]
#[Max     =      209.024, Total count    =          499]
#[Buckets =           27, SubBuckets     =         2048]
-----------------------------------------------------------------------
  745 requests in 30.01s, 226.99KB read
Requests/sec:     24.83  
Transfer/sec:      7.57KB
