Running 30s test @ http://10.106.139.161/?loopCount=25&base=6&exp=6
  5 threads and 5 connections

  Thread calibration: mean lat.: 171.615ms, rate sampling interval: 642ms
  Thread calibration: mean lat.: 123.934ms, rate sampling interval: 381ms
  Thread calibration: mean lat.: 162.075ms, rate sampling interval: 547ms
  Thread calibration: mean lat.: 176.520ms, rate sampling interval: 771ms
  Thread calibration: mean lat.: 227.639ms, rate sampling interval: 804ms

-----------------------------------------------------------------------
Test Results @ http://10.106.139.161/?loopCount=25&base=6&exp=6 
  Thread Stats   Avg      Stdev     99%   +/- Stdev
    Latency   283.10ms  218.34ms 953.34ms   76.08%
    Req/Sec     9.42      2.04    14.00     89.29%
  Latency Distribution (HdrHistogram - Recorded Latency)
 50.000%  217.34ms
 75.000%  356.86ms
 90.000%  608.26ms
 99.000%  953.34ms
 99.900%    1.01s 
 99.990%    1.01s 
 99.999%    1.01s 
100.000%    1.01s 

  Detailed Percentile spectrum:
       Value   Percentile   TotalCount 1/(1-Percentile)

      32.175     0.000000            1         1.00
      75.903     0.100000          100         1.11
     115.839     0.200000          199         1.25
     145.407     0.300000          299         1.43
     169.215     0.400000          398         1.67
     217.343     0.500000          498         2.00
     241.407     0.550000          548         2.22
     254.207     0.600000          598         2.50
     290.047     0.650000          647         2.86
     321.279     0.700000          699         3.33
     357.375     0.750000          747         4.00
     406.271     0.775000          772         4.44
     427.263     0.800000          796         5.00
     466.687     0.825000          821         5.71
     511.487     0.850000          846         6.67
     548.351     0.875000          873         8.00
     560.127     0.887500          884         8.89
     608.255     0.900000          896        10.00
     628.735     0.912500          908        11.43
     659.967     0.925000          921        13.33
     717.311     0.937500          933        16.00
     752.127     0.943750          940        17.78
     803.327     0.950000          946        20.00
     845.823     0.956250          952        22.86
     870.399     0.962500          958        26.67
     882.687     0.968750          964        32.00
     901.631     0.971875          968        35.56
     916.479     0.975000          971        40.00
     918.527     0.978125          974        45.71
     935.935     0.981250          978        53.33
     943.103     0.984375          980        64.00
     946.687     0.985938          982        71.11
     948.223     0.987500          983        80.00
     953.343     0.989062          985        91.43
     955.903     0.990625          986       106.67
     967.679     0.992188          988       128.00
     970.239     0.992969          989       142.22
     970.239     0.993750          989       160.00
     999.935     0.994531          990       182.86
    1001.471     0.995313          991       213.33
    1001.983     0.996094          992       256.00
    1001.983     0.996484          992       284.44
    1001.983     0.996875          992       320.00
    1005.567     0.997266          993       365.71
    1005.567     0.997656          993       426.67
    1006.591     0.998047          994       512.00
    1006.591     0.998242          994       568.89
    1006.591     0.998437          994       640.00
    1006.591     0.998633          994       731.43
    1006.591     0.998828          994       853.33
    1011.199     0.999023          995      1024.00
    1011.199     1.000000          995          inf
#[Mean    =      283.101, StdDeviation   =      218.343]
#[Max     =     1010.688, Total count    =          995]
#[Buckets =           27, SubBuckets     =         2048]
-----------------------------------------------------------------------
  1479 requests in 30.00s, 451.26KB read
Requests/sec:     49.29  
Transfer/sec:     15.04KB
