Running 20s test @ http://10.97.190.197/?loopCount=25&base=6&exp=6
  5 threads and 5 connections

  Thread calibration: mean lat.: 1611.212ms, rate sampling interval: 5242ms
  Thread calibration: mean lat.: 1536.073ms, rate sampling interval: 5496ms
  Thread calibration: mean lat.: 1484.997ms, rate sampling interval: 5988ms
  Thread calibration: mean lat.: 1763.742ms, rate sampling interval: 6127ms
  Thread calibration: mean lat.: 1581.042ms, rate sampling interval: 5758ms

-----------------------------------------------------------------------
Test Results @ http://10.97.190.197/?loopCount=25&base=6&exp=6 
  Thread Stats   Avg      Stdev     99%   +/- Stdev
    Latency     4.46s   820.90ms   5.95s    57.90%
    Req/Sec    10.60      0.80    12.00    100.00%
  Latency Distribution (HdrHistogram - Recorded Latency)
 50.000%    4.43s 
 75.000%    5.11s 
 90.000%    5.64s 
 99.000%    5.95s 
 99.900%    6.12s 
 99.990%    6.21s 
 99.999%    6.21s 
100.000%    6.21s 

  Detailed Percentile spectrum:
       Value   Percentile   TotalCount 1/(1-Percentile)

    3018.751     0.000000            1         1.00
    3424.255     0.100000           55         1.11
    3598.335     0.200000          109         1.25
    3837.951     0.300000          164         1.43
    4083.711     0.400000          218         1.67
    4431.871     0.500000          273         2.00
    4607.999     0.550000          301         2.22
    4775.935     0.600000          327         2.50
    4882.431     0.650000          354         2.86
    5029.887     0.700000          381         3.33
    5107.711     0.750000          408         4.00
    5197.823     0.775000          423         4.44
    5308.415     0.800000          436         5.00
    5414.911     0.825000          449         5.71
    5480.447     0.850000          464         6.67
    5545.983     0.875000          476         8.00
    5603.327     0.887500          483         8.89
    5640.191     0.900000          490        10.00
    5681.151     0.912500          497        11.43
    5713.919     0.925000          504        13.33
    5771.263     0.937500          510        16.00
    5795.839     0.943750          514        17.78
    5820.415     0.950000          517        20.00
    5836.799     0.956250          521        22.86
    5840.895     0.962500          524        26.67
    5849.087     0.968750          527        32.00
    5861.375     0.971875          529        35.56
    5877.759     0.975000          531        40.00
    5881.855     0.978125          533        45.71
    5885.951     0.981250          534        53.33
    5931.007     0.984375          536        64.00
    5935.103     0.985938          537        71.11
    5943.295     0.987500          538        80.00
    5951.487     0.989062          539        91.43
    5951.487     0.990625          539       106.67
    6008.831     0.992188          541       128.00
    6008.831     0.992969          541       142.22
    6008.831     0.993750          541       160.00
    6045.695     0.994531          542       182.86
    6045.695     0.995313          542       213.33
    6045.695     0.996094          542       256.00
    6119.423     0.996484          543       284.44
    6119.423     0.996875          543       320.00
    6119.423     0.997266          543       365.71
    6119.423     0.997656          543       426.67
    6119.423     0.998047          543       512.00
    6209.535     0.998242          544       568.89
    6209.535     1.000000          544          inf
#[Mean    =     4464.798, StdDeviation   =      820.903]
#[Max     =     6205.440, Total count    =          544]
#[Buckets =           27, SubBuckets     =         2048]
-----------------------------------------------------------------------
  1054 requests in 20.00s, 321.54KB read
Requests/sec:     52.69  
Transfer/sec:     16.07KB
