Running 20s test @ http://10.97.190.197/?loopCount=25&base=6&exp=6
  5 threads and 5 connections

  Thread calibration: mean lat.: 139.788ms, rate sampling interval: 327ms
  Thread calibration: mean lat.: 144.452ms, rate sampling interval: 474ms
  Thread calibration: mean lat.: 139.468ms, rate sampling interval: 324ms
  Thread calibration: mean lat.: 128.312ms, rate sampling interval: 304ms
  Thread calibration: mean lat.: 138.486ms, rate sampling interval: 332ms

-----------------------------------------------------------------------
Test Results @ http://10.97.190.197/?loopCount=25&base=6&exp=6 
  Thread Stats   Avg      Stdev     99%   +/- Stdev
    Latency   127.77ms   47.80ms 246.14ms   65.73%
    Req/Sec     4.79      1.43     6.00     99.30%
  Latency Distribution (HdrHistogram - Recorded Latency)
 50.000%  142.34ms
 75.000%  150.78ms
 90.000%  160.51ms
 99.000%  246.14ms
 99.900%  251.90ms
 99.990%  251.90ms
 99.999%  251.90ms
100.000%  251.90ms

  Detailed Percentile spectrum:
       Value   Percentile   TotalCount 1/(1-Percentile)

      45.887     0.000000            1         1.00
      58.303     0.100000           25         1.11
      62.847     0.200000           50         1.25
     134.911     0.300000           75         1.43
     140.799     0.400000          100         1.67
     142.335     0.500000          124         2.00
     142.975     0.550000          137         2.22
     143.999     0.600000          149         2.50
     145.919     0.650000          164         2.86
     147.455     0.700000          174         3.33
     150.783     0.750000          187         4.00
     151.679     0.775000          194         4.44
     153.983     0.800000          199         5.00
     154.367     0.825000          205         5.71
     155.519     0.850000          212         6.67
     157.055     0.875000          217         8.00
     158.847     0.887500          222         8.89
     162.303     0.900000          224        10.00
     163.199     0.912500          227        11.43
     164.735     0.925000          230        13.33
     175.615     0.937500          233        16.00
     175.871     0.943750          235        17.78
     236.543     0.950000          236        20.00
     239.743     0.956250          238        22.86
     241.023     0.962500          239        26.67
     242.303     0.968750          241        32.00
     242.815     0.971875          242        35.56
     242.815     0.975000          242        40.00
     244.863     0.978125          243        45.71
     245.119     0.981250          244        53.33
     245.247     0.984375          245        64.00
     245.247     0.985938          245        71.11
     245.247     0.987500          245        80.00
     246.143     0.989062          246        91.43
     246.143     0.990625          246       106.67
     249.471     0.992188          247       128.00
     249.471     0.992969          247       142.22
     249.471     0.993750          247       160.00
     249.471     0.994531          247       182.86
     249.471     0.995313          247       213.33
     251.903     0.996094          248       256.00
     251.903     1.000000          248          inf
#[Mean    =      127.769, StdDeviation   =       47.796]
#[Max     =      251.776, Total count    =          248]
#[Buckets =           27, SubBuckets     =         2048]
-----------------------------------------------------------------------
  493 requests in 20.00s, 150.58KB read
Requests/sec:     24.64  
Transfer/sec:      7.53KB
