Running 20s test @ http://10.97.190.197/?loopCount=25&base=6&exp=6
  5 threads and 5 connections

  Thread calibration: mean lat.: 67.396ms, rate sampling interval: 211ms
  Thread calibration: mean lat.: 79.956ms, rate sampling interval: 271ms
  Thread calibration: mean lat.: 65.438ms, rate sampling interval: 209ms
  Thread calibration: mean lat.: 74.911ms, rate sampling interval: 227ms
  Thread calibration: mean lat.: 76.217ms, rate sampling interval: 246ms

-----------------------------------------------------------------------
Test Results @ http://10.97.190.197/?loopCount=25&base=6&exp=6 
  Thread Stats   Avg      Stdev     99%   +/- Stdev
    Latency    69.42ms   37.98ms 195.20ms   86.43%
    Req/Sec     9.59      2.89    16.00     78.97%
  Latency Distribution (HdrHistogram - Recorded Latency)
 50.000%   43.26ms
 75.000%   97.09ms
 90.000%  112.64ms
 99.000%  195.20ms
 99.900%  198.40ms
 99.990%  203.13ms
 99.999%  203.13ms
100.000%  203.13ms

  Detailed Percentile spectrum:
       Value   Percentile   TotalCount 1/(1-Percentile)

      22.399     0.000000            1         1.00
      40.735     0.100000           53         1.11
      41.087     0.200000          106         1.25
      41.471     0.300000          153         1.43
      42.047     0.400000          204         1.67
      43.263     0.500000          251         2.00
      48.735     0.550000          276         2.22
      71.167     0.600000          301         2.50
      85.695     0.650000          326         2.86
      91.007     0.700000          351         3.33
      97.087     0.750000          377         4.00
      97.727     0.775000          389         4.44
      99.135     0.800000          401         5.00
     104.831     0.825000          414         5.71
     105.791     0.850000          426         6.67
     107.391     0.875000          439         8.00
     108.735     0.887500          445         8.89
     112.639     0.900000          451        10.00
     113.919     0.912500          459        11.43
     116.031     0.925000          464        13.33
     124.031     0.937500          470        16.00
     126.591     0.943750          473        17.78
     130.175     0.950000          476        20.00
     138.623     0.956250          480        22.86
     181.887     0.962500          483        26.67
     184.063     0.968750          487        32.00
     184.063     0.971875          487        35.56
     185.599     0.975000          489        40.00
     187.135     0.978125          491        45.71
     187.775     0.981250          492        53.33
     190.207     0.984375          494        64.00
     190.207     0.985938          494        71.11
     190.847     0.987500          495        80.00
     195.199     0.989062          496        91.43
     196.735     0.990625          497       106.67
     197.247     0.992188          498       128.00
     197.247     0.992969          498       142.22
     197.247     0.993750          498       160.00
     198.143     0.994531          499       182.86
     198.143     0.995313          499       213.33
     198.399     0.996094          500       256.00
     198.399     0.996484          500       284.44
     198.399     0.996875          500       320.00
     198.399     0.997266          500       365.71
     198.399     0.997656          500       426.67
     203.135     0.998047          501       512.00
     203.135     1.000000          501          inf
#[Mean    =       69.423, StdDeviation   =       37.982]
#[Max     =      203.008, Total count    =          501]
#[Buckets =           27, SubBuckets     =         2048]
-----------------------------------------------------------------------
  995 requests in 20.00s, 303.28KB read
Requests/sec:     49.74  
Transfer/sec:     15.16KB
