Running 30s test @ http://10.106.139.161/?loopCount=25&base=6&exp=6
  5 threads and 5 connections

  Thread calibration: mean lat.: 59.923ms, rate sampling interval: 211ms
  Thread calibration: mean lat.: 55.105ms, rate sampling interval: 193ms
  Thread calibration: mean lat.: 55.266ms, rate sampling interval: 187ms
  Thread calibration: mean lat.: 59.819ms, rate sampling interval: 211ms
  Thread calibration: mean lat.: 50.627ms, rate sampling interval: 180ms

-----------------------------------------------------------------------
Test Results @ http://10.106.139.161/?loopCount=25&base=6&exp=6 
  Thread Stats   Avg      Stdev     99%   +/- Stdev
    Latency    47.53ms   17.91ms 114.69ms   88.19%
    Req/Sec     9.60      2.28    15.00     82.28%
  Latency Distribution (HdrHistogram - Recorded Latency)
 50.000%   41.98ms
 75.000%   44.90ms
 90.000%   64.93ms
 99.000%  114.69ms
 99.900%  177.41ms
 99.990%  187.65ms
 99.999%  187.65ms
100.000%  187.65ms

  Detailed Percentile spectrum:
       Value   Percentile   TotalCount 1/(1-Percentile)

      21.887     0.000000            1         1.00
      39.487     0.100000          101         1.11
      40.767     0.200000          202         1.25
      41.151     0.300000          303         1.43
      41.535     0.400000          400         1.67
      41.983     0.500000          502         2.00
      42.175     0.550000          550         2.22
      42.559     0.600000          608         2.50
      42.847     0.650000          650         2.86
      43.487     0.700000          702         3.33
      44.959     0.750000          750         4.00
      45.887     0.775000          776         4.44
      49.599     0.800000          800         5.00
      51.615     0.825000          825         5.71
      53.055     0.850000          850         6.67
      56.287     0.875000          875         8.00
      60.255     0.887500          887         8.89
      64.927     0.900000          900        10.00
      67.327     0.912500          912        11.43
      73.343     0.925000          925        13.33
      78.079     0.937500          937        16.00
      81.215     0.943750          943        17.78
      85.503     0.950000          950        20.00
      88.767     0.956250          957        22.86
      89.343     0.962500          963        26.67
      93.119     0.968750          968        32.00
      93.247     0.971875          971        35.56
      93.759     0.975000          975        40.00
      95.743     0.978125          978        45.71
     101.183     0.981250          981        53.33
     103.999     0.984375          984        64.00
     104.255     0.985938          985        71.11
     106.943     0.987500          987        80.00
     114.687     0.989062          989        91.43
     159.359     0.990625          990       106.67
     162.559     0.992188          992       128.00
     162.559     0.992969          992       142.22
     162.815     0.993750          993       160.00
     164.095     0.994531          994       182.86
     166.015     0.995313          995       213.33
     169.343     0.996094          996       256.00
     169.343     0.996484          996       284.44
     169.343     0.996875          996       320.00
     172.799     0.997266          997       365.71
     172.799     0.997656          997       426.67
     177.407     0.998047          998       512.00
     177.407     0.998242          998       568.89
     177.407     0.998437          998       640.00
     177.407     0.998633          998       731.43
     177.407     0.998828          998       853.33
     187.647     0.999023          999      1024.00
     187.647     1.000000          999          inf
#[Mean    =       47.528, StdDeviation   =       17.907]
#[Max     =      187.520, Total count    =          999]
#[Buckets =           27, SubBuckets     =         2048]
-----------------------------------------------------------------------
  1494 requests in 30.01s, 455.24KB read
Requests/sec:     49.79  
Transfer/sec:     15.17KB
