Running 30s test @ http://10.106.139.161/?loopCount=25&base=6&exp=6
  5 threads and 5 connections

  Thread calibration: mean lat.: 54.532ms, rate sampling interval: 146ms
  Thread calibration: mean lat.: 48.625ms, rate sampling interval: 132ms
  Thread calibration: mean lat.: 47.278ms, rate sampling interval: 131ms
  Thread calibration: mean lat.: 72.541ms, rate sampling interval: 337ms
  Thread calibration: mean lat.: 48.169ms, rate sampling interval: 130ms

-----------------------------------------------------------------------
Test Results @ http://10.106.139.161/?loopCount=25&base=6&exp=6 
  Thread Stats   Avg      Stdev     99%   +/- Stdev
    Latency    46.38ms   15.48ms 116.80ms   86.20%
    Req/Sec     9.42      3.77    15.00     75.88%
  Latency Distribution (HdrHistogram - Recorded Latency)
 50.000%   42.37ms
 75.000%   44.16ms
 90.000%   62.65ms
 99.000%  116.80ms
 99.900%  163.33ms
 99.990%  223.36ms
 99.999%  223.36ms
100.000%  223.36ms

  Detailed Percentile spectrum:
       Value   Percentile   TotalCount 1/(1-Percentile)

      21.695     0.000000            1         1.00
      39.615     0.100000          100         1.11
      40.735     0.200000          206         1.25
      41.119     0.300000          300         1.43
      41.695     0.400000          405         1.67
      42.367     0.500000          500         2.00
      42.719     0.550000          554         2.22
      43.071     0.600000          600         2.50
      43.391     0.650000          653         2.86
      43.711     0.700000          700         3.33
      44.159     0.750000          751         4.00
      44.447     0.775000          775         4.44
      44.991     0.800000          800         5.00
      45.567     0.825000          825         5.71
      47.903     0.850000          850         6.67
      56.511     0.875000          875         8.00
      61.855     0.887500          888         8.89
      62.655     0.900000          900        10.00
      64.127     0.912500          913        11.43
      65.439     0.925000          925        13.33
      67.647     0.937500          938        16.00
      69.055     0.943750          944        17.78
      71.807     0.950000          950        20.00
      74.111     0.956250          957        22.86
      77.823     0.962500          963        26.67
      81.983     0.968750          969        32.00
      86.143     0.971875          972        35.56
     105.599     0.975000          975        40.00
     106.879     0.978125          979        45.71
     108.287     0.981250          982        53.33
     113.407     0.984375          985        64.00
     113.535     0.985938          986        71.11
     114.111     0.987500          988        80.00
     116.799     0.989062          990        91.43
     116.863     0.990625          991       106.67
     119.871     0.992188          993       128.00
     119.871     0.992969          993       142.22
     120.703     0.993750          994       160.00
     120.959     0.994531          995       182.86
     121.407     0.995313          996       213.33
     123.071     0.996094          997       256.00
     123.071     0.996484          997       284.44
     123.071     0.996875          997       320.00
     124.863     0.997266          998       365.71
     124.863     0.997656          998       426.67
     163.327     0.998047          999       512.00
     163.327     0.998242          999       568.89
     163.327     0.998437          999       640.00
     163.327     0.998633          999       731.43
     163.327     0.998828          999       853.33
     223.359     0.999023         1000      1024.00
     223.359     1.000000         1000          inf
#[Mean    =       46.379, StdDeviation   =       15.477]
#[Max     =      223.232, Total count    =         1000]
#[Buckets =           27, SubBuckets     =         2048]
-----------------------------------------------------------------------
  1495 requests in 30.00s, 455.56KB read
Requests/sec:     49.83  
Transfer/sec:     15.18KB
