Running 30s test @ http://10.106.139.161/?loopCount=25&base=6&exp=6
  1 threads and 1 connections

  Thread calibration: mean lat.: 1501.643ms, rate sampling interval: 5259ms

-----------------------------------------------------------------------
Test Results @ http://10.106.139.161/?loopCount=25&base=6&exp=6 
  Thread Stats   Avg      Stdev     99%   +/- Stdev
    Latency     5.66s     1.51s    7.72s    49.35%
    Req/Sec    18.00      0.00    18.00    100.00%
  Latency Distribution (HdrHistogram - Recorded Latency)
 50.000%    5.68s 
 75.000%    7.20s 
 90.000%    7.49s 
 99.000%    7.72s 
 99.900%    7.73s 
 99.990%    7.73s 
 99.999%    7.73s 
100.000%    7.73s 

  Detailed Percentile spectrum:
       Value   Percentile   TotalCount 1/(1-Percentile)

    3049.471     0.000000            4         1.00
    3672.063     0.100000           42         1.11
    4098.047     0.200000           79         1.25
    4534.271     0.300000          115         1.43
    5042.175     0.400000          155         1.67
    5677.055     0.500000          192         2.00
    6307.839     0.550000          211         2.22
    6606.847     0.600000          231         2.50
    6676.479     0.650000          249         2.86
    6905.855     0.700000          269         3.33
    7200.767     0.750000          295         4.00
    7204.863     0.775000          297         4.44
    7294.975     0.800000          307         5.00
    7319.551     0.825000          319         5.71
    7380.991     0.850000          326         6.67
    7442.431     0.875000          337         8.00
    7450.623     0.887500          340         8.89
    7491.583     0.900000          345        10.00
    7528.447     0.912500          352        11.43
    7548.927     0.925000          356        13.33
    7565.311     0.937500          360        16.00
    7630.847     0.943750          363        17.78
    7647.231     0.950000          364        20.00
    7688.191     0.956250          369        22.86
    7688.191     0.962500          369        26.67
    7692.287     0.968750          372        32.00
    7708.671     0.971875          376        35.56
    7708.671     0.975000          376        40.00
    7708.671     0.978125          376        45.71
    7708.671     0.981250          376        53.33
    7720.959     0.984375          380        64.00
    7720.959     0.985938          380        71.11
    7720.959     0.987500          380        80.00
    7720.959     0.989062          380        91.43
    7720.959     0.990625          380       106.67
    7725.055     0.992188          383       128.00
    7725.055     1.000000          383          inf
#[Mean    =     5655.565, StdDeviation   =     1506.181]
#[Max     =     7720.960, Total count    =          383]
#[Buckets =           27, SubBuckets     =         2048]
-----------------------------------------------------------------------
  557 requests in 30.00s, 169.73KB read
Requests/sec:     18.56  
Transfer/sec:      5.66KB
