Running 30s test @ http://10.106.139.161/?loopCount=25&base=6&exp=6
  5 threads and 5 connections

  Thread calibration: mean lat.: 458.742ms, rate sampling interval: 1521ms
  Thread calibration: mean lat.: 182.068ms, rate sampling interval: 584ms
  Thread calibration: mean lat.: 472.464ms, rate sampling interval: 1371ms
  Thread calibration: mean lat.: 358.305ms, rate sampling interval: 975ms
  Thread calibration: mean lat.: 484.689ms, rate sampling interval: 1364ms

-----------------------------------------------------------------------
Test Results @ http://10.106.139.161/?loopCount=25&base=6&exp=6 
  Thread Stats   Avg      Stdev     99%   +/- Stdev
    Latency   105.29ms  100.22ms 559.61ms   91.50%
    Req/Sec     9.74      0.81    12.00     96.84%
  Latency Distribution (HdrHistogram - Recorded Latency)
 50.000%   73.15ms
 75.000%   90.24ms
 90.000%  185.21ms
 99.000%  559.61ms
 99.900%  567.81ms
 99.990%  569.34ms
 99.999%  569.34ms
100.000%  569.34ms

  Detailed Percentile spectrum:
       Value   Percentile   TotalCount 1/(1-Percentile)

      21.247     0.000000            1         1.00
      41.055     0.100000          105         1.11
      57.375     0.200000          203         1.25
      61.951     0.300000          304         1.43
      66.943     0.400000          405         1.67
      73.151     0.500000          507         2.00
      75.647     0.550000          557         2.22
      79.871     0.600000          609         2.50
      82.367     0.650000          660         2.86
      87.743     0.700000          710         3.33
      90.239     0.750000          759         4.00
      93.311     0.775000          785         4.44
     101.247     0.800000          810         5.00
     157.823     0.825000          835         5.71
     162.303     0.850000          861         6.67
     168.831     0.875000          886         8.00
     178.815     0.887500          899         8.89
     185.215     0.900000          911        10.00
     195.583     0.912500          924        11.43
     261.887     0.925000          937        13.33
     282.623     0.937500          949        16.00
     287.999     0.943750          956        17.78
     292.095     0.950000          962        20.00
     366.591     0.956250          969        22.86
     457.215     0.962500          975        26.67
     473.343     0.968750          981        32.00
     476.671     0.971875          984        35.56
     479.231     0.975000          987        40.00
     482.303     0.978125          990        45.71
     492.031     0.981250          994        53.33
     556.031     0.984375          997        64.00
     558.591     0.985938          999        71.11
     559.103     0.987500         1001        80.00
     559.103     0.989062         1001        91.43
     561.663     0.990625         1004       106.67
     563.199     0.992188         1005       128.00
     563.199     0.992969         1005       142.22
     564.735     0.993750         1006       160.00
     565.247     0.994531         1007       182.86
     565.759     0.995313         1008       213.33
     567.295     0.996094         1009       256.00
     567.295     0.996484         1009       284.44
     567.295     0.996875         1009       320.00
     567.807     0.997266         1011       365.71
     567.807     0.997656         1011       426.67
     567.807     0.998047         1011       512.00
     567.807     0.998242         1011       568.89
     567.807     0.998437         1011       640.00
     567.807     0.998633         1011       731.43
     567.807     0.998828         1011       853.33
     569.343     0.999023         1012      1024.00
     569.343     1.000000         1012          inf
#[Mean    =      105.289, StdDeviation   =      100.221]
#[Max     =      568.832, Total count    =         1012]
#[Buckets =           27, SubBuckets     =         2048]
-----------------------------------------------------------------------
  1495 requests in 30.00s, 455.79KB read
Requests/sec:     49.83  
Transfer/sec:     15.19KB
