Running 30s test @ http://10.106.139.161/?loopCount=25&base=6&exp=6
  5 threads and 5 connections

  Thread calibration: mean lat.: 499.100ms, rate sampling interval: 1539ms
  Thread calibration: mean lat.: 374.705ms, rate sampling interval: 1077ms
  Thread calibration: mean lat.: 774.565ms, rate sampling interval: 2117ms
  Thread calibration: mean lat.: 457.241ms, rate sampling interval: 1338ms
  Thread calibration: mean lat.: 594.542ms, rate sampling interval: 1862ms

-----------------------------------------------------------------------
Test Results @ http://10.106.139.161/?loopCount=25&base=6&exp=6 
  Thread Stats   Avg      Stdev     99%   +/- Stdev
    Latency     1.05s   519.14ms   2.44s    77.28%
    Req/Sec    14.13      1.70    17.00     88.89%
  Latency Distribution (HdrHistogram - Recorded Latency)
 50.000%  930.30ms
 75.000%    1.11s 
 90.000%    2.12s 
 99.000%    2.44s 
 99.900%    2.55s 
 99.990%    2.57s 
 99.999%    2.57s 
100.000%    2.57s 

  Detailed Percentile spectrum:
       Value   Percentile   TotalCount 1/(1-Percentile)

     244.351     0.000000            1         1.00
     549.887     0.100000          149         1.11
     686.079     0.200000          296         1.25
     778.239     0.300000          444         1.43
     858.623     0.400000          592         1.67
     930.303     0.500000          742         2.00
     958.975     0.550000          815         2.22
     989.695     0.600000          889         2.50
    1032.703     0.650000          963         2.86
    1074.175     0.700000         1039         3.33
    1110.015     0.750000         1110         4.00
    1134.591     0.775000         1149         4.44
    1172.479     0.800000         1186         5.00
    1218.559     0.825000         1221         5.71
    1400.831     0.850000         1258         6.67
    1928.191     0.875000         1295         8.00
    1978.367     0.887500         1313         8.89
    2119.679     0.900000         1332        10.00
    2166.783     0.912500         1350        11.43
    2242.559     0.925000         1370        13.33
    2277.375     0.937500         1389        16.00
    2295.807     0.943750         1396        17.78
    2310.143     0.950000         1408        20.00
    2330.623     0.956250         1415        22.86
    2344.959     0.962500         1424        26.67
    2371.583     0.968750         1433        32.00
    2377.727     0.971875         1439        35.56
    2392.063     0.975000         1443        40.00
    2402.303     0.978125         1447        45.71
    2410.495     0.981250         1452        53.33
    2418.687     0.984375         1456        64.00
    2426.879     0.985938         1459        71.11
    2437.119     0.987500         1461        80.00
    2443.263     0.989062         1464        91.43
    2451.455     0.990625         1466       106.67
    2455.551     0.992188         1468       128.00
    2465.791     0.992969         1469       142.22
    2471.935     0.993750         1470       160.00
    2480.127     0.994531         1472       182.86
    2492.415     0.995313         1473       213.33
    2496.511     0.996094         1474       256.00
    2496.511     0.996484         1474       284.44
    2523.135     0.996875         1475       320.00
    2523.135     0.997266         1475       365.71
    2525.183     0.997656         1476       426.67
    2549.759     0.998047         1477       512.00
    2549.759     0.998242         1477       568.89
    2549.759     0.998437         1477       640.00
    2549.759     0.998633         1477       731.43
    2553.855     0.998828         1478       853.33
    2553.855     0.999023         1478      1024.00
    2553.855     0.999121         1478      1137.78
    2553.855     0.999219         1478      1280.00
    2553.855     0.999316         1478      1462.86
    2574.335     0.999414         1479      1706.67
    2574.335     1.000000         1479          inf
#[Mean    =     1047.281, StdDeviation   =      519.136]
#[Max     =     2572.288, Total count    =         1479]
#[Buckets =           27, SubBuckets     =         2048]
-----------------------------------------------------------------------
  2182 requests in 30.00s, 665.13KB read
Requests/sec:     72.73  
Transfer/sec:     22.17KB
