Running 30s test @ http://10.106.139.161/?loopCount=25&base=6&exp=6
  5 threads and 5 connections

  Thread calibration: mean lat.: 162.474ms, rate sampling interval: 507ms
  Thread calibration: mean lat.: 466.137ms, rate sampling interval: 1226ms
  Thread calibration: mean lat.: 121.793ms, rate sampling interval: 426ms
  Thread calibration: mean lat.: 294.073ms, rate sampling interval: 840ms
  Thread calibration: mean lat.: 549.460ms, rate sampling interval: 1369ms

-----------------------------------------------------------------------
Test Results @ http://10.106.139.161/?loopCount=25&base=6&exp=6 
  Thread Stats   Avg      Stdev     99%   +/- Stdev
    Latency   302.99ms  160.29ms 671.74ms   63.61%
    Req/Sec    14.38      2.27    19.00     77.54%
  Latency Distribution (HdrHistogram - Recorded Latency)
 50.000%  288.51ms
 75.000%  410.37ms
 90.000%  537.60ms
 99.000%  671.74ms
 99.900%  714.24ms
 99.990%  730.62ms
 99.999%  730.62ms
100.000%  730.62ms

  Detailed Percentile spectrum:
       Value   Percentile   TotalCount 1/(1-Percentile)

      25.583     0.000000            1         1.00
     100.287     0.100000          150         1.11
     149.887     0.200000          299         1.25
     196.607     0.300000          449         1.43
     241.279     0.400000          598         1.67
     288.511     0.500000          748         2.00
     310.015     0.550000          823         2.22
     331.775     0.600000          897         2.50
     356.095     0.650000          974         2.86
     381.183     0.700000         1047         3.33
     410.623     0.750000         1123         4.00
     427.007     0.775000         1159         4.44
     446.207     0.800000         1196         5.00
     472.575     0.825000         1234         5.71
     497.151     0.850000         1271         6.67
     514.815     0.875000         1309         8.00
     527.871     0.887500         1329         8.89
     537.599     0.900000         1346        10.00
     552.959     0.912500         1365        11.43
     563.711     0.925000         1385        13.33
     580.095     0.937500         1402        16.00
     586.751     0.943750         1411        17.78
     595.455     0.950000         1421        20.00
     605.183     0.956250         1430        22.86
     611.839     0.962500         1439        26.67
     623.103     0.968750         1449        32.00
     629.247     0.971875         1453        35.56
     634.367     0.975000         1458        40.00
     639.487     0.978125         1464        45.71
     640.511     0.981250         1467        53.33
     653.311     0.984375         1472        64.00
     657.407     0.985938         1474        71.11
     668.159     0.987500         1477        80.00
     671.231     0.989062         1479        91.43
     680.959     0.990625         1482       106.67
     683.007     0.992188         1484       128.00
     687.615     0.992969         1485       142.22
     688.639     0.993750         1486       160.00
     690.175     0.994531         1487       182.86
     698.879     0.995313         1489       213.33
     701.439     0.996094         1490       256.00
     701.439     0.996484         1490       284.44
     702.463     0.996875         1491       320.00
     702.463     0.997266         1491       365.71
     705.535     0.997656         1492       426.67
     712.703     0.998047         1493       512.00
     712.703     0.998242         1493       568.89
     712.703     0.998437         1493       640.00
     712.703     0.998633         1493       731.43
     714.239     0.998828         1494       853.33
     714.239     0.999023         1494      1024.00
     714.239     0.999121         1494      1137.78
     714.239     0.999219         1494      1280.00
     714.239     0.999316         1494      1462.86
     730.623     0.999414         1495      1706.67
     730.623     1.000000         1495          inf
#[Mean    =      302.986, StdDeviation   =      160.290]
#[Max     =      730.112, Total count    =         1495]
#[Buckets =           27, SubBuckets     =         2048]
-----------------------------------------------------------------------
  2223 requests in 30.00s, 677.53KB read
Requests/sec:     74.09  
Transfer/sec:     22.58KB
