Running 30s test @ http://10.106.139.161/?loopCount=25&base=6&exp=6
  1 threads and 1 connections

  Thread calibration: mean lat.: 565.906ms, rate sampling interval: 1858ms

-----------------------------------------------------------------------
Test Results @ http://10.106.139.161/?loopCount=25&base=6&exp=6 
  Thread Stats   Avg      Stdev     99%   +/- Stdev
    Latency     1.78s   521.71ms   2.65s    62.33%
    Req/Sec    22.40      1.28    24.00     90.00%
  Latency Distribution (HdrHistogram - Recorded Latency)
 50.000%    1.89s 
 75.000%    2.23s 
 90.000%    2.50s 
 99.000%    2.65s 
 99.900%    2.74s 
 99.990%    2.74s 
 99.999%    2.74s 
100.000%    2.74s 

  Detailed Percentile spectrum:
       Value   Percentile   TotalCount 1/(1-Percentile)

     903.679     0.000000            1         1.00
     985.599     0.100000           46         1.11
    1247.231     0.200000           91         1.25
    1402.879     0.300000          137         1.43
    1587.199     0.400000          182         1.67
    1894.399     0.500000          227         2.00
    1932.287     0.550000          250         2.22
    1959.935     0.600000          273         2.50
    2059.263     0.650000          296         2.86
    2144.255     0.700000          321         3.33
    2232.319     0.750000          344         4.00
    2236.415     0.775000          354         4.44
    2269.183     0.800000          365         5.00
    2279.423     0.825000          376         5.71
    2320.383     0.850000          386         6.67
    2461.695     0.875000          398         8.00
    2500.607     0.887500          403         8.89
    2502.655     0.900000          410        10.00
    2506.751     0.912500          415        11.43
    2570.239     0.925000          423        13.33
    2576.383     0.937500          426        16.00
    2578.431     0.943750          430        17.78
    2594.815     0.950000          432        20.00
    2629.631     0.956250          441        22.86
    2629.631     0.962500          441        26.67
    2629.631     0.968750          441        32.00
    2631.679     0.971875          442        35.56
    2639.871     0.975000          445        40.00
    2639.871     0.978125          445        45.71
    2641.919     0.981250          446        53.33
    2643.967     0.984375          447        64.00
    2650.111     0.985938          449        71.11
    2650.111     0.987500          449        80.00
    2658.303     0.989062          450        91.43
    2658.303     0.990625          450       106.67
    2695.167     0.992188          452       128.00
    2695.167     0.992969          452       142.22
    2695.167     0.993750          452       160.00
    2695.167     0.994531          452       182.86
    2695.167     0.995313          452       213.33
    2740.223     0.996094          454       256.00
    2740.223     1.000000          454          inf
#[Mean    =     1783.386, StdDeviation   =      521.713]
#[Max     =     2738.176, Total count    =          454]
#[Buckets =           27, SubBuckets     =         2048]
-----------------------------------------------------------------------
  680 requests in 30.00s, 207.19KB read
Requests/sec:     22.66  
Transfer/sec:      6.91KB
