Running 30s test @ http://10.106.139.161/?loopCount=25&base=6&exp=6
  1 threads and 1 connections

  Thread calibration: mean lat.: 753.424ms, rate sampling interval: 2273ms

-----------------------------------------------------------------------
Test Results @ http://10.106.139.161/?loopCount=25&base=6&exp=6 
  Thread Stats   Avg      Stdev     99%   +/- Stdev
    Latency     2.70s   778.80ms   4.09s    64.95%
    Req/Sec    20.88      1.69    23.00     87.50%
  Latency Distribution (HdrHistogram - Recorded Latency)
 50.000%    2.67s 
 75.000%    3.25s 
 90.000%    3.91s 
 99.000%    4.09s 
 99.900%    4.13s 
 99.990%    4.13s 
 99.999%    4.13s 
100.000%    4.13s 

  Detailed Percentile spectrum:
       Value   Percentile   TotalCount 1/(1-Percentile)

    1256.447     0.000000            1         1.00
    1509.375     0.100000           43         1.11
    2003.967     0.200000           87         1.25
    2385.919     0.300000          131         1.43
    2502.655     0.400000          172         1.67
    2670.591     0.500000          219         2.00
    2748.415     0.550000          236         2.22
    2889.727     0.600000          257         2.50
    2971.647     0.650000          282         2.86
    3094.527     0.700000          301         3.33
    3250.175     0.750000          322         4.00
    3350.527     0.775000          332         4.44
    3358.719     0.800000          345         5.00
    3444.735     0.825000          354         5.71
    3559.423     0.850000          365         6.67
    3813.375     0.875000          376         8.00
    3909.631     0.887500          381         8.89
    3911.679     0.900000          386        10.00
    3917.823     0.912500          391        11.43
    4052.991     0.925000          398        13.33
    4071.423     0.937500          404        16.00
    4071.423     0.943750          404        17.78
    4073.471     0.950000          409        20.00
    4075.519     0.956250          413        22.86
    4075.519     0.962500          413        26.67
    4077.567     0.968750          418        32.00
    4077.567     0.971875          418        35.56
    4077.567     0.975000          418        40.00
    4079.615     0.978125          421        45.71
    4079.615     0.981250          421        53.33
    4081.663     0.984375          422        64.00
    4081.663     0.985938          422        71.11
    4093.951     0.987500          424        80.00
    4093.951     0.989062          424        91.43
    4093.951     0.990625          424       106.67
    4126.719     0.992188          425       128.00
    4126.719     0.992969          425       142.22
    4128.767     0.993750          428       160.00
    4128.767     1.000000          428          inf
#[Mean    =     2696.172, StdDeviation   =      778.797]
#[Max     =     4126.720, Total count    =          428]
#[Buckets =           27, SubBuckets     =         2048]
-----------------------------------------------------------------------
  646 requests in 30.00s, 196.83KB read
Requests/sec:     21.53  
Transfer/sec:      6.56KB
