Running 30s test @ http://10.106.139.161/?loopCount=25&base=6&exp=6
  5 threads and 5 connections

  Thread calibration: mean lat.: 119.548ms, rate sampling interval: 409ms
  Thread calibration: mean lat.: 201.708ms, rate sampling interval: 719ms
  Thread calibration: mean lat.: 467.739ms, rate sampling interval: 1349ms
  Thread calibration: mean lat.: 612.653ms, rate sampling interval: 1687ms
  Thread calibration: mean lat.: 332.454ms, rate sampling interval: 926ms

-----------------------------------------------------------------------
Test Results @ http://10.106.139.161/?loopCount=25&base=6&exp=6 
  Thread Stats   Avg      Stdev     99%   +/- Stdev
    Latency   322.79ms  264.38ms 961.02ms   69.29%
    Req/Sec    14.36      2.12    19.00     88.43%
  Latency Distribution (HdrHistogram - Recorded Latency)
 50.000%  238.98ms
 75.000%  486.14ms
 90.000%  761.85ms
 99.000%  961.02ms
 99.900%    1.01s 
 99.990%    1.03s 
 99.999%    1.03s 
100.000%    1.03s 

  Detailed Percentile spectrum:
       Value   Percentile   TotalCount 1/(1-Percentile)

      24.527     0.000000            1         1.00
      56.703     0.100000          150         1.11
      81.407     0.200000          300         1.25
     104.575     0.300000          450         1.43
     150.143     0.400000          602         1.67
     238.975     0.500000          749         2.00
     296.703     0.550000          824         2.22
     351.743     0.600000          899         2.50
     396.799     0.650000          974         2.86
     441.599     0.700000         1049         3.33
     486.143     0.750000         1124         4.00
     517.119     0.775000         1161         4.44
     571.903     0.800000         1199         5.00
     616.959     0.825000         1236         5.71
     677.375     0.850000         1274         6.67
     723.967     0.875000         1311         8.00
     743.423     0.887500         1330         8.89
     762.879     0.900000         1349        10.00
     777.215     0.912500         1367        11.43
     795.647     0.925000         1386        13.33
     809.983     0.937500         1405        16.00
     816.639     0.943750         1415        17.78
     828.927     0.950000         1424        20.00
     841.215     0.956250         1433        22.86
     858.111     0.962500         1444        26.67
     864.255     0.968750         1453        32.00
     884.735     0.971875         1456        35.56
     889.855     0.975000         1461        40.00
     917.503     0.978125         1466        45.71
     923.135     0.981250         1470        53.33
     938.495     0.984375         1475        64.00
     943.615     0.985938         1477        71.11
     958.463     0.987500         1480        80.00
     961.023     0.989062         1483        91.43
     962.559     0.990625         1484       106.67
     972.799     0.992188         1487       128.00
     984.575     0.992969         1488       142.22
     986.111     0.993750         1489       160.00
     988.671     0.994531         1490       182.86
     989.695     0.995313         1491       213.33
     998.911     0.996094         1493       256.00
     998.911     0.996484         1493       284.44
    1000.447     0.996875         1494       320.00
    1000.447     0.997266         1494       365.71
    1001.471     0.997656         1495       426.67
    1005.567     0.998047         1496       512.00
    1005.567     0.998242         1496       568.89
    1005.567     0.998437         1496       640.00
    1005.567     0.998633         1496       731.43
    1009.151     0.998828         1497       853.33
    1009.151     0.999023         1497      1024.00
    1009.151     0.999121         1497      1137.78
    1009.151     0.999219         1497      1280.00
    1009.151     0.999316         1497      1462.86
    1031.679     0.999414         1498      1706.67
    1031.679     1.000000         1498          inf
#[Mean    =      322.788, StdDeviation   =      264.379]
#[Max     =     1031.168, Total count    =         1498]
#[Buckets =           27, SubBuckets     =         2048]
-----------------------------------------------------------------------
  2217 requests in 30.00s, 675.70KB read
Requests/sec:     73.89  
Transfer/sec:     22.52KB
