Running 30s test @ http://10.106.139.161/?loopCount=25&base=6&exp=6
  5 threads and 5 connections

  Thread calibration: mean lat.: 1109.190ms, rate sampling interval: 3579ms
  Thread calibration: mean lat.: 835.379ms, rate sampling interval: 2846ms
  Thread calibration: mean lat.: 833.796ms, rate sampling interval: 2512ms
  Thread calibration: mean lat.: 532.189ms, rate sampling interval: 2073ms
  Thread calibration: mean lat.: 799.458ms, rate sampling interval: 3074ms

-----------------------------------------------------------------------
Test Results @ http://10.106.139.161/?loopCount=25&base=6&exp=6 
  Thread Stats   Avg      Stdev     99%   +/- Stdev
    Latency     2.76s   872.19ms   4.52s    55.35%
    Req/Sec    12.47      0.98    14.00     97.06%
  Latency Distribution (HdrHistogram - Recorded Latency)
 50.000%    2.67s 
 75.000%    3.51s 
 90.000%    3.94s 
 99.000%    4.52s 
 99.900%    4.74s 
 99.990%    4.76s 
 99.999%    4.76s 
100.000%    4.76s 

  Detailed Percentile spectrum:
       Value   Percentile   TotalCount 1/(1-Percentile)

    1202.175     0.000000            1         1.00
    1632.255     0.100000          131         1.11
    1845.247     0.200000          260         1.25
    2217.983     0.300000          392         1.43
    2449.407     0.400000          520         1.67
    2670.591     0.500000          650         2.00
    2785.279     0.550000          716         2.22
    2938.879     0.600000          781         2.50
    3147.775     0.650000          845         2.86
    3371.007     0.700000          910         3.33
    3514.367     0.750000          975         4.00
    3639.295     0.775000         1007         4.44
    3713.023     0.800000         1040         5.00
    3766.271     0.825000         1073         5.71
    3821.567     0.850000         1105         6.67
    3885.055     0.875000         1137         8.00
    3907.583     0.887500         1153         8.89
    3940.351     0.900000         1170        10.00
    4005.887     0.912500         1186        11.43
    4048.895     0.925000         1202        13.33
    4087.807     0.937500         1219        16.00
    4104.191     0.943750         1226        17.78
    4118.527     0.950000         1235        20.00
    4157.439     0.956250         1244        22.86
    4184.063     0.962500         1251        26.67
    4214.783     0.968750         1259        32.00
    4288.511     0.971875         1263        35.56
    4304.895     0.975000         1267        40.00
    4337.663     0.978125         1271        45.71
    4366.335     0.981250         1275        53.33
    4378.623     0.984375         1279        64.00
    4415.487     0.985938         1281        71.11
    4489.215     0.987500         1283        80.00
    4513.791     0.989062         1285        91.43
    4538.367     0.990625         1287       106.67
    4607.999     0.992188         1289       128.00
    4616.191     0.992969         1290       142.22
    4628.479     0.993750         1291       160.00
    4640.767     0.994531         1292       182.86
    4644.863     0.995313         1293       213.33
    4681.727     0.996094         1294       256.00
    4710.399     0.996484         1295       284.44
    4710.399     0.996875         1295       320.00
    4718.591     0.997266         1296       365.71
    4718.591     0.997656         1296       426.67
    4722.687     0.998047         1297       512.00
    4722.687     0.998242         1297       568.89
    4722.687     0.998437         1297       640.00
    4743.167     0.998633         1298       731.43
    4743.167     0.998828         1298       853.33
    4743.167     0.999023         1298      1024.00
    4743.167     0.999121         1298      1137.78
    4743.167     0.999219         1298      1280.00
    4759.551     0.999316         1299      1462.86
    4759.551     1.000000         1299          inf
#[Mean    =     2757.830, StdDeviation   =      872.193]
#[Max     =     4755.456, Total count    =         1299]
#[Buckets =           27, SubBuckets     =         2048]
-----------------------------------------------------------------------
  1932 requests in 30.00s, 588.96KB read
Requests/sec:     64.39  
Transfer/sec:     19.63KB
