Running 30s test @ http://10.106.139.161/?loopCount=25&base=6&exp=6
  5 threads and 5 connections

  Thread calibration: mean lat.: 49.162ms, rate sampling interval: 153ms
  Thread calibration: mean lat.: 49.813ms, rate sampling interval: 157ms
  Thread calibration: mean lat.: 49.303ms, rate sampling interval: 157ms
  Thread calibration: mean lat.: 51.802ms, rate sampling interval: 175ms
  Thread calibration: mean lat.: 51.800ms, rate sampling interval: 168ms

-----------------------------------------------------------------------
Test Results @ http://10.106.139.161/?loopCount=25&base=6&exp=6 
  Thread Stats   Avg      Stdev     99%   +/- Stdev
    Latency    47.31ms   16.88ms 121.21ms   81.90%
    Req/Sec     9.45      3.19    17.00     86.36%
  Latency Distribution (HdrHistogram - Recorded Latency)
 50.000%   42.11ms
 75.000%   43.87ms
 90.000%   76.03ms
 99.000%  121.21ms
 99.900%  137.09ms
 99.990%  143.87ms
 99.999%  143.87ms
100.000%  143.87ms

  Detailed Percentile spectrum:
       Value   Percentile   TotalCount 1/(1-Percentile)

      21.583     0.000000            1         1.00
      38.175     0.100000          100         1.11
      40.735     0.200000          201         1.25
      41.247     0.300000          310         1.43
      41.695     0.400000          403         1.67
      42.111     0.500000          500         2.00
      42.303     0.550000          550         2.22
      42.495     0.600000          603         2.50
      42.783     0.650000          651         2.86
      43.103     0.700000          700         3.33
      43.871     0.750000          750         4.00
      44.575     0.775000          775         4.44
      48.031     0.800000          801         5.00
      52.991     0.825000          826         5.71
      54.015     0.850000          851         6.67
      65.855     0.875000          875         8.00
      72.383     0.887500          888         8.89
      76.031     0.900000          900        10.00
      77.375     0.912500          915        11.43
      78.271     0.925000          925        13.33
      81.215     0.937500          938        16.00
      82.751     0.943750          944        17.78
      84.799     0.950000          950        20.00
      86.079     0.956250          957        22.86
      88.511     0.962500          963        26.67
      90.815     0.968750          969        32.00
      91.647     0.971875          972        35.56
      92.415     0.975000          975        40.00
      94.911     0.978125          979        45.71
      97.023     0.981250          982        53.33
     103.679     0.984375          985        64.00
     118.527     0.985938          986        71.11
     120.959     0.987500          988        80.00
     121.215     0.989062          990        91.43
     121.279     0.990625          991       106.67
     121.727     0.992188          993       128.00
     121.727     0.992969          993       142.22
     122.175     0.993750          994       160.00
     125.631     0.994531          995       182.86
     126.335     0.995313          996       213.33
     132.735     0.996094          997       256.00
     132.735     0.996484          997       284.44
     132.735     0.996875          997       320.00
     133.119     0.997266          998       365.71
     133.119     0.997656          998       426.67
     137.087     0.998047          999       512.00
     137.087     0.998242          999       568.89
     137.087     0.998437          999       640.00
     137.087     0.998633          999       731.43
     137.087     0.998828          999       853.33
     143.871     0.999023         1000      1024.00
     143.871     1.000000         1000          inf
#[Mean    =       47.305, StdDeviation   =       16.884]
#[Max     =      143.744, Total count    =         1000]
#[Buckets =           27, SubBuckets     =         2048]
-----------------------------------------------------------------------
  1495 requests in 30.01s, 455.54KB read
Requests/sec:     49.82  
Transfer/sec:     15.18KB
