Running 30s test @ http://10.106.139.161/?loopCount=25&base=6&exp=6
  1 threads and 1 connections

  Thread calibration: mean lat.: 867.709ms, rate sampling interval: 3254ms

-----------------------------------------------------------------------
Test Results @ http://10.106.139.161/?loopCount=25&base=6&exp=6 
  Thread Stats   Avg      Stdev     99%   +/- Stdev
    Latency     3.59s     1.13s    5.32s    50.49%
    Req/Sec    20.00      1.15    22.00    100.00%
  Latency Distribution (HdrHistogram - Recorded Latency)
 50.000%    3.56s 
 75.000%    4.63s 
 90.000%    5.02s 
 99.000%    5.32s 
 99.900%    5.43s 
 99.990%    5.43s 
 99.999%    5.43s 
100.000%    5.43s 

  Detailed Percentile spectrum:
       Value   Percentile   TotalCount 1/(1-Percentile)

    1740.799     0.000000            1         1.00
    1944.575     0.100000           41         1.11
    2338.815     0.200000           83         1.25
    2779.135     0.300000          123         1.43
    3276.799     0.400000          167         1.67
    3559.423     0.500000          205         2.00
    3944.447     0.550000          228         2.22
    4014.079     0.600000          245         2.50
    4188.159     0.650000          268         2.86
    4358.143     0.700000          286         3.33
    4632.575     0.750000          307         4.00
    4739.071     0.775000          319         4.44
    4907.007     0.800000          330         5.00
    4939.775     0.825000          338         5.71
    4968.447     0.850000          350         6.67
    4972.543     0.875000          361         8.00
    5001.215     0.887500          365         8.89
    5070.847     0.900000          368        10.00
    5165.055     0.912500          374        11.43
    5251.071     0.925000          381        13.33
    5255.167     0.937500          391        16.00
    5255.167     0.943750          391        17.78
    5255.167     0.950000          391        20.00
    5255.167     0.956250          391        22.86
    5259.263     0.962500          395        26.67
    5263.359     0.968750          403        32.00
    5263.359     0.971875          403        35.56
    5263.359     0.975000          403        40.00
    5263.359     0.978125          403        45.71
    5263.359     0.981250          403        53.33
    5263.359     0.984375          403        64.00
    5263.359     0.985938          403        71.11
    5263.359     0.987500          403        80.00
    5324.799     0.989062          404        91.43
    5373.951     0.990625          406       106.67
    5373.951     0.992188          406       128.00
    5373.951     0.992969          406       142.22
    5373.951     0.993750          406       160.00
    5373.951     0.994531          406       182.86
    5431.295     0.995313          408       213.33
    5431.295     1.000000          408          inf
#[Mean    =     3589.419, StdDeviation   =     1133.256]
#[Max     =     5427.200, Total count    =          408]
#[Buckets =           27, SubBuckets     =         2048]
-----------------------------------------------------------------------
  614 requests in 30.00s, 187.09KB read
Requests/sec:     20.46  
Transfer/sec:      6.24KB
