Running 30s test @ http://10.106.139.161/?loopCount=25&base=6&exp=6
  1 threads and 1 connections

  Thread calibration: mean lat.: 3640.072ms, rate sampling interval: 12435ms

-----------------------------------------------------------------------
Test Results @ http://10.106.139.161/?loopCount=25&base=6&exp=6 
  Thread Stats   Avg      Stdev     99%   +/- Stdev
    Latency    13.02s     3.51s   18.48s    57.14%
    Req/Sec     9.00      0.00     9.00    100.00%
  Latency Distribution (HdrHistogram - Recorded Latency)
 50.000%   13.16s 
 75.000%   16.25s 
 90.000%   17.33s 
 99.000%   18.48s 
 99.900%   18.53s 
 99.990%   18.53s 
 99.999%   18.53s 
100.000%   18.53s 

  Detailed Percentile spectrum:
       Value   Percentile   TotalCount 1/(1-Percentile)

    6684.671     0.000000            1         1.00
    8191.999     0.100000           21         1.11
    9551.871     0.200000           41         1.25
   10469.375     0.300000           61         1.43
   11640.831     0.400000           82         1.67
   13156.351     0.500000          102         2.00
   13762.559     0.550000          112         2.22
   14450.687     0.600000          122         2.50
   15261.695     0.650000          132         2.86
   15925.247     0.700000          143         3.33
   16310.271     0.750000          153         4.00
   16687.103     0.775000          158         4.44
   17006.591     0.800000          168         5.00
   17006.591     0.825000          168         5.71
   17154.047     0.850000          173         6.67
   17219.583     0.875000          180         8.00
   17285.119     0.887500          181         8.89
   17334.271     0.900000          183        10.00
   17596.415     0.912500          186        11.43
   17793.023     0.925000          188        13.33
   18006.015     0.937500          191        16.00
   18055.167     0.943750          192        17.78
   18120.703     0.950000          193        20.00
   18202.623     0.956250          196        22.86
   18202.623     0.962500          196        26.67
   18251.775     0.968750          197        32.00
   18317.311     0.971875          198        35.56
   18317.311     0.975000          198        40.00
   18382.847     0.978125          199        45.71
   18431.999     0.981250          200        53.33
   18431.999     0.984375          200        64.00
   18481.151     0.985938          202        71.11
   18481.151     0.987500          202        80.00
   18481.151     0.989062          202        91.43
   18481.151     0.990625          202       106.67
   18481.151     0.992188          202       128.00
   18481.151     0.992969          202       142.22
   18481.151     0.993750          202       160.00
   18481.151     0.994531          202       182.86
   18530.303     0.995313          203       213.33
   18530.303     1.000000          203          inf
#[Mean    =    13024.826, StdDeviation   =     3506.934]
#[Max     =    18513.920, Total count    =          203]
#[Buckets =           27, SubBuckets     =         2048]
-----------------------------------------------------------------------
  287 requests in 30.00s, 87.58KB read
Requests/sec:      9.57  
Transfer/sec:      2.92KB
