Running 30s test @ http://10.106.139.161/?loopCount=25&base=6&exp=6
  5 threads and 5 connections

  Thread calibration: mean lat.: 1553.427ms, rate sampling interval: 5828ms
  Thread calibration: mean lat.: 1913.020ms, rate sampling interval: 6737ms
  Thread calibration: mean lat.: 1928.276ms, rate sampling interval: 6479ms
  Thread calibration: mean lat.: 1707.030ms, rate sampling interval: 6049ms
  Thread calibration: mean lat.: 1536.625ms, rate sampling interval: 5496ms

-----------------------------------------------------------------------
Test Results @ http://10.106.139.161/?loopCount=25&base=6&exp=6 
  Thread Stats   Avg      Stdev     99%   +/- Stdev
    Latency     6.72s     1.97s   10.46s    58.98%
    Req/Sec     9.64      0.48    10.00    100.00%
  Latency Distribution (HdrHistogram - Recorded Latency)
 50.000%    6.74s 
 75.000%    8.34s 
 90.000%    9.43s 
 99.000%   10.46s 
 99.900%   10.66s 
 99.990%   10.70s 
 99.999%   10.70s 
100.000%   10.70s 

  Detailed Percentile spectrum:
       Value   Percentile   TotalCount 1/(1-Percentile)

    3149.823     0.000000            1         1.00
    4079.615     0.100000          101         1.11
    4718.591     0.200000          201         1.25
    5369.855     0.300000          302         1.43
    5984.255     0.400000          403         1.67
    6742.015     0.500000          501         2.00
    7045.119     0.550000          552         2.22
    7364.607     0.600000          602         2.50
    7688.191     0.650000          652         2.86
    8007.679     0.700000          702         3.33
    8335.359     0.750000          752         4.00
    8519.679     0.775000          777         4.44
    8667.135     0.800000          803         5.00
    8830.975     0.825000          827         5.71
    9011.199     0.850000          854         6.67
    9215.999     0.875000          880         8.00
    9306.111     0.887500          890         8.89
    9428.991     0.900000          903        10.00
    9560.063     0.912500          915        11.43
    9650.175     0.925000          927        13.33
    9814.015     0.937500          940        16.00
    9879.551     0.943750          946        17.78
    9928.703     0.950000          952        20.00
   10043.391     0.956250          959        22.86
   10108.927     0.962500          965        26.67
   10190.847     0.968750          972        32.00
   10215.423     0.971875          974        35.56
   10272.767     0.975000          977        40.00
   10346.495     0.978125          982        45.71
   10371.071     0.981250          984        53.33
   10387.455     0.984375          989        64.00
   10387.455     0.985938          989        71.11
   10412.031     0.987500          990        80.00
   10461.183     0.989062          993        91.43
   10461.183     0.990625          993       106.67
   10510.335     0.992188          995       128.00
   10510.335     0.992969          995       142.22
   10526.719     0.993750          996       160.00
   10534.911     0.994531          997       182.86
   10592.255     0.995313          998       213.33
   10608.639     0.996094          999       256.00
   10608.639     0.996484          999       284.44
   10608.639     0.996875          999       320.00
   10625.023     0.997266         1000       365.71
   10625.023     0.997656         1000       426.67
   10657.791     0.998047         1001       512.00
   10657.791     0.998242         1001       568.89
   10657.791     0.998437         1001       640.00
   10657.791     0.998633         1001       731.43
   10657.791     0.998828         1001       853.33
   10698.751     0.999023         1002      1024.00
   10698.751     1.000000         1002          inf
#[Mean    =     6721.548, StdDeviation   =     1965.924]
#[Max     =    10690.560, Total count    =         1002]
#[Buckets =           27, SubBuckets     =         2048]
-----------------------------------------------------------------------
  1494 requests in 30.00s, 455.83KB read
Requests/sec:     49.80  
Transfer/sec:     15.19KB
