Running 30s test @ http://10.106.139.161/?loopCount=25&base=6&exp=6
  5 threads and 5 connections

  Thread calibration: mean lat.: 265.441ms, rate sampling interval: 867ms
  Thread calibration: mean lat.: 634.819ms, rate sampling interval: 1589ms
  Thread calibration: mean lat.: 558.609ms, rate sampling interval: 1424ms
  Thread calibration: mean lat.: 108.440ms, rate sampling interval: 377ms
  Thread calibration: mean lat.: 173.389ms, rate sampling interval: 683ms

-----------------------------------------------------------------------
Test Results @ http://10.106.139.161/?loopCount=25&base=6&exp=6 
  Thread Stats   Avg      Stdev     99%   +/- Stdev
    Latency   254.98ms  196.39ms 774.14ms   72.55%
    Req/Sec    14.55      2.12    21.00     82.44%
  Latency Distribution (HdrHistogram - Recorded Latency)
 50.000%  192.90ms
 75.000%  344.83ms
 90.000%  592.38ms
 99.000%  774.14ms
 99.900%  830.97ms
 99.990%  845.82ms
 99.999%  845.82ms
100.000%  845.82ms

  Detailed Percentile spectrum:
       Value   Percentile   TotalCount 1/(1-Percentile)

      23.343     0.000000            1         1.00
      60.063     0.100000          151         1.11
      86.015     0.200000          302         1.25
     118.783     0.300000          453         1.43
     147.967     0.400000          604         1.67
     192.895     0.500000          755         2.00
     211.199     0.550000          830         2.22
     241.023     0.600000          905         2.50
     284.671     0.650000          981         2.86
     310.527     0.700000         1056         3.33
     344.831     0.750000         1131         4.00
     366.591     0.775000         1169         4.44
     404.991     0.800000         1207         5.00
     467.967     0.825000         1245         5.71
     512.767     0.850000         1282         6.67
     556.031     0.875000         1320         8.00
     578.047     0.887500         1339         8.89
     592.895     0.900000         1358        10.00
     608.255     0.912500         1377        11.43
     626.687     0.925000         1395        13.33
     643.071     0.937500         1414        16.00
     655.871     0.943750         1425        17.78
     662.527     0.950000         1433        20.00
     675.839     0.956250         1443        22.86
     690.175     0.962500         1452        26.67
     703.487     0.968750         1461        32.00
     712.191     0.971875         1466        35.56
     722.943     0.975000         1471        40.00
     729.087     0.978125         1476        45.71
     734.207     0.981250         1480        53.33
     746.495     0.984375         1485        64.00
     748.031     0.985938         1487        71.11
     760.319     0.987500         1490        80.00
     763.903     0.989062         1492        91.43
     776.703     0.990625         1494       106.67
     784.895     0.992188         1497       128.00
     786.431     0.992969         1498       142.22
     805.375     0.993750         1499       160.00
     811.519     0.994531         1500       182.86
     812.031     0.995313         1501       213.33
     816.639     0.996094         1503       256.00
     816.639     0.996484         1503       284.44
     817.663     0.996875         1504       320.00
     817.663     0.997266         1504       365.71
     818.687     0.997656         1505       426.67
     830.975     0.998047         1506       512.00
     830.975     0.998242         1506       568.89
     830.975     0.998437         1506       640.00
     830.975     0.998633         1506       731.43
     835.071     0.998828         1507       853.33
     835.071     0.999023         1507      1024.00
     835.071     0.999121         1507      1137.78
     835.071     0.999219         1507      1280.00
     835.071     0.999316         1507      1462.86
     845.823     0.999414         1508      1706.67
     845.823     1.000000         1508          inf
#[Mean    =      254.984, StdDeviation   =      196.388]
#[Max     =      845.312, Total count    =         1508]
#[Buckets =           27, SubBuckets     =         2048]
-----------------------------------------------------------------------
  2233 requests in 30.00s, 680.53KB read
Requests/sec:     74.43  
Transfer/sec:     22.68KB
