Running 30s test @ http://10.106.139.161/?loopCount=25&base=6&exp=6
  5 threads and 5 connections

  Thread calibration: mean lat.: 53.049ms, rate sampling interval: 166ms
  Thread calibration: mean lat.: 61.669ms, rate sampling interval: 258ms
  Thread calibration: mean lat.: 50.352ms, rate sampling interval: 148ms
  Thread calibration: mean lat.: 51.282ms, rate sampling interval: 158ms
  Thread calibration: mean lat.: 68.530ms, rate sampling interval: 291ms

-----------------------------------------------------------------------
Test Results @ http://10.106.139.161/?loopCount=25&base=6&exp=6 
  Thread Stats   Avg      Stdev     99%   +/- Stdev
    Latency    47.06ms   17.98ms 133.63ms   89.20%
    Req/Sec     9.56      3.10    18.00     97.53%
  Latency Distribution (HdrHistogram - Recorded Latency)
 50.000%   41.76ms
 75.000%   43.01ms
 90.000%   64.93ms
 99.000%  133.63ms
 99.900%  140.80ms
 99.990%  144.51ms
 99.999%  144.51ms
100.000%  144.51ms

  Detailed Percentile spectrum:
       Value   Percentile   TotalCount 1/(1-Percentile)

      22.303     0.000000            1         1.00
      39.807     0.100000          100         1.11
      40.671     0.200000          209         1.25
      40.959     0.300000          304         1.43
      41.343     0.400000          405         1.67
      41.759     0.500000          501         2.00
      42.015     0.550000          558         2.22
      42.207     0.600000          604         2.50
      42.431     0.650000          653         2.86
      42.687     0.700000          704         3.33
      43.007     0.750000          751         4.00
      43.199     0.775000          775         4.44
      43.487     0.800000          803         5.00
      43.807     0.825000          825         5.71
      48.799     0.850000          850         6.67
      59.295     0.875000          875         8.00
      62.111     0.887500          888         8.89
      64.927     0.900000          900        10.00
      65.343     0.912500          913        11.43
      67.391     0.925000          925        13.33
      71.295     0.937500          938        16.00
      73.535     0.943750          944        17.78
      77.503     0.950000          950        20.00
      88.767     0.956250          957        22.86
      91.199     0.962500          963        26.67
      92.799     0.968750          969        32.00
     128.959     0.971875          972        35.56
     129.215     0.975000          975        40.00
     129.663     0.978125          979        45.71
     130.879     0.981250          982        53.33
     131.711     0.984375          985        64.00
     133.119     0.985938          986        71.11
     133.503     0.987500          989        80.00
     133.631     0.989062          990        91.43
     134.655     0.990625          991       106.67
     136.703     0.992188          993       128.00
     136.703     0.992969          993       142.22
     137.215     0.993750          995       160.00
     137.215     0.994531          995       182.86
     137.343     0.995313          996       213.33
     137.983     0.996094          997       256.00
     137.983     0.996484          997       284.44
     137.983     0.996875          997       320.00
     139.391     0.997266          998       365.71
     139.391     0.997656          998       426.67
     140.799     0.998047          999       512.00
     140.799     0.998242          999       568.89
     140.799     0.998437          999       640.00
     140.799     0.998633          999       731.43
     140.799     0.998828          999       853.33
     144.511     0.999023         1000      1024.00
     144.511     1.000000         1000          inf
#[Mean    =       47.064, StdDeviation   =       17.981]
#[Max     =      144.384, Total count    =         1000]
#[Buckets =           27, SubBuckets     =         2048]
-----------------------------------------------------------------------
  1495 requests in 30.00s, 455.58KB read
Requests/sec:     49.83  
Transfer/sec:     15.18KB
