Running 1m test @ http://10.98.229.77/?loopCount=25&base=6&exp=6
  1 threads and 1 connections

  Thread calibration: mean lat.: 1089.246ms, rate sampling interval: 3883ms

-----------------------------------------------------------------------
Test Results @ http://10.98.229.77/?loopCount=25&base=6&exp=6 
  Thread Stats   Avg      Stdev     99%   +/- Stdev
    Latency     7.25s     2.56s   11.86s    62.64%
    Req/Sec    19.75      1.01    21.00    100.00%
  Latency Distribution (HdrHistogram - Recorded Latency)
 50.000%    7.55s 
 75.000%    9.36s 
 90.000%   10.70s 
 99.000%   11.86s 
 99.900%   11.88s 
 99.990%   11.88s 
 99.999%   11.88s 
100.000%   11.88s 

  Detailed Percentile spectrum:
       Value   Percentile   TotalCount 1/(1-Percentile)

    2293.759     0.000000            1         1.00
    3217.407     0.100000          101         1.11
    4599.807     0.200000          202         1.25
    5627.903     0.300000          304         1.43
    6787.071     0.400000          409         1.67
    7553.023     0.500000          508         2.00
    7901.183     0.550000          566         2.22
    8208.383     0.600000          611         2.50
    8519.679     0.650000          657         2.86
    8871.935     0.700000          710         3.33
    9355.263     0.750000          757         4.00
    9428.991     0.775000          786         4.44
    9625.599     0.800000          810         5.00
    9814.015     0.825000          839         5.71
   10141.695     0.850000          864         6.67
   10223.615     0.875000          884         8.00
   10428.415     0.887500          896         8.89
   10698.751     0.900000          914        10.00
   10706.943     0.912500          924        11.43
   10788.863     0.925000          935        13.33
   11108.351     0.937500          946        16.00
   11239.423     0.943750          953        17.78
   11386.879     0.950000          960        20.00
   11460.607     0.956250          965        22.86
   11493.375     0.962500          975        26.67
   11616.255     0.968750          979        32.00
   11632.639     0.971875          981        35.56
   11689.983     0.975000          984        40.00
   11862.015     0.978125         1003        45.71
   11862.015     0.981250         1003        53.33
   11862.015     0.984375         1003        64.00
   11862.015     0.985938         1003        71.11
   11862.015     0.987500         1003        80.00
   11862.015     0.989062         1003        91.43
   11862.015     0.990625         1003       106.67
   11862.015     0.992188         1003       128.00
   11862.015     0.992969         1003       142.22
   11862.015     0.993750         1003       160.00
   11878.399     0.994531         1009       182.86
   11878.399     1.000000         1009          inf
#[Mean    =     7254.602, StdDeviation   =     2564.299]
#[Max     =    11870.208, Total count    =         1009]
#[Buckets =           27, SubBuckets     =         2048]
-----------------------------------------------------------------------
  1203 requests in 1.00m, 366.55KB read
Requests/sec:     20.05  
Transfer/sec:      6.11KB
