Running 20s test @ http://10.97.91.39/?loopCount=25&base=6&exp=6
  5 threads and 5 connections

  Thread calibration: mean lat.: 43.006ms, rate sampling interval: 90ms
  Thread calibration: mean lat.: 43.127ms, rate sampling interval: 90ms
  Thread calibration: mean lat.: 43.656ms, rate sampling interval: 90ms
  Thread calibration: mean lat.: 40.455ms, rate sampling interval: 83ms
  Thread calibration: mean lat.: 43.426ms, rate sampling interval: 89ms

-----------------------------------------------------------------------
Test Results @ http://10.97.91.39/?loopCount=25&base=6&exp=6 
  Thread Stats   Avg      Stdev     99%   +/- Stdev
    Latency    44.18ms   10.43ms 114.24ms   95.20%
    Req/Sec     9.91      3.78    12.00     87.41%
  Latency Distribution (HdrHistogram - Recorded Latency)
 50.000%   43.33ms
 75.000%   44.45ms
 90.000%   45.25ms
 99.000%  114.24ms
 99.900%  124.54ms
 99.990%  124.54ms
 99.999%  124.54ms
100.000%  124.54ms

  Detailed Percentile spectrum:
       Value   Percentile   TotalCount 1/(1-Percentile)

      22.175     0.000000            1         1.00
      40.159     0.100000           50         1.11
      40.831     0.200000          104         1.25
      41.343     0.300000          150         1.43
      42.079     0.400000          201         1.67
      43.327     0.500000          251         2.00
      43.615     0.550000          277         2.22
      43.839     0.600000          301         2.50
      44.063     0.650000          326         2.86
      44.223     0.700000          350         3.33
      44.447     0.750000          382         4.00
      44.511     0.775000          390         4.44
      44.639     0.800000          402         5.00
      44.799     0.825000          416         5.71
      44.895     0.850000          427         6.67
      45.023     0.875000          440         8.00
      45.087     0.887500          444         8.89
      45.247     0.900000          450        10.00
      45.471     0.912500          457        11.43
      45.791     0.925000          463        13.33
      46.239     0.937500          469        16.00
      46.751     0.943750          472        17.78
      48.287     0.950000          475        20.00
      49.599     0.956250          479        22.86
      51.711     0.962500          482        26.67
      57.023     0.968750          485        32.00
      57.215     0.971875          486        35.56
      60.863     0.975000          488        40.00
      63.711     0.978125          490        45.71
      65.663     0.981250          491        53.33
     111.359     0.984375          493        64.00
     111.359     0.985938          493        71.11
     113.663     0.987500          494        80.00
     114.239     0.989062          495        91.43
     115.903     0.990625          496       106.67
     116.863     0.992188          497       128.00
     116.863     0.992969          497       142.22
     116.863     0.993750          497       160.00
     117.183     0.994531          498       182.86
     117.183     0.995313          498       213.33
     121.599     0.996094          499       256.00
     121.599     0.996484          499       284.44
     121.599     0.996875          499       320.00
     121.599     0.997266          499       365.71
     121.599     0.997656          499       426.67
     124.543     0.998047          500       512.00
     124.543     1.000000          500          inf
#[Mean    =       44.185, StdDeviation   =       10.430]
#[Max     =      124.480, Total count    =          500]
#[Buckets =           27, SubBuckets     =         2048]
-----------------------------------------------------------------------
  995 requests in 20.00s, 303.17KB read
Requests/sec:     49.75  
Transfer/sec:     15.16KB
