Running 30s test @ http://10.106.139.161/?loopCount=25&base=6&exp=6
  5 threads and 5 connections

  Thread calibration: mean lat.: 229.065ms, rate sampling interval: 849ms
  Thread calibration: mean lat.: 239.568ms, rate sampling interval: 981ms
  Thread calibration: mean lat.: 195.166ms, rate sampling interval: 645ms
  Thread calibration: mean lat.: 240.214ms, rate sampling interval: 889ms
  Thread calibration: mean lat.: 216.234ms, rate sampling interval: 594ms

-----------------------------------------------------------------------
Test Results @ http://10.106.139.161/?loopCount=25&base=6&exp=6 
  Thread Stats   Avg      Stdev     99%   +/- Stdev
    Latency   153.20ms  108.63ms 445.70ms   68.87%
    Req/Sec    14.47      1.73    18.00     90.70%
  Latency Distribution (HdrHistogram - Recorded Latency)
 50.000%  120.25ms
 75.000%  209.66ms
 90.000%  331.01ms
 99.000%  445.70ms
 99.900%  476.93ms
 99.990%  480.26ms
 99.999%  480.26ms
100.000%  480.26ms

  Detailed Percentile spectrum:
       Value   Percentile   TotalCount 1/(1-Percentile)

      22.831     0.000000            1         1.00
      41.311     0.100000          152         1.11
      58.399     0.200000          300         1.25
      77.375     0.300000          450         1.43
      97.279     0.400000          599         1.67
     120.255     0.500000          749         2.00
     132.991     0.550000          824         2.22
     149.247     0.600000          899         2.50
     163.455     0.650000          974         2.86
     184.063     0.700000         1049         3.33
     209.663     0.750000         1123         4.00
     222.335     0.775000         1161         4.44
     241.407     0.800000         1198         5.00
     262.399     0.825000         1236         5.71
     284.415     0.850000         1274         6.67
     305.663     0.875000         1310         8.00
     316.415     0.887500         1329         8.89
     331.263     0.900000         1348        10.00
     346.367     0.912500         1367        11.43
     360.703     0.925000         1385        13.33
     369.663     0.937500         1404        16.00
     378.111     0.943750         1413        17.78
     385.023     0.950000         1424        20.00
     391.423     0.956250         1432        22.86
     400.127     0.962500         1441        26.67
     410.367     0.968750         1451        32.00
     413.951     0.971875         1455        35.56
     417.535     0.975000         1460        40.00
     422.399     0.978125         1465        45.71
     429.311     0.981250         1469        53.33
     436.223     0.984375         1474        64.00
     439.807     0.985938         1476        71.11
     444.159     0.987500         1479        80.00
     444.927     0.989062         1481        91.43
     445.951     0.990625         1483       106.67
     448.255     0.992188         1486       128.00
     448.511     0.992969         1487       142.22
     451.071     0.993750         1488       160.00
     454.399     0.994531         1489       182.86
     454.655     0.995313         1490       213.33
     462.079     0.996094         1492       256.00
     462.079     0.996484         1492       284.44
     471.551     0.996875         1493       320.00
     471.551     0.997266         1493       365.71
     472.319     0.997656         1494       426.67
     476.159     0.998047         1495       512.00
     476.159     0.998242         1495       568.89
     476.159     0.998437         1495       640.00
     476.159     0.998633         1495       731.43
     476.927     0.998828         1496       853.33
     476.927     0.999023         1496      1024.00
     476.927     0.999121         1496      1137.78
     476.927     0.999219         1496      1280.00
     476.927     0.999316         1496      1462.86
     480.255     0.999414         1497      1706.67
     480.255     1.000000         1497          inf
#[Mean    =      153.199, StdDeviation   =      108.634]
#[Max     =      480.000, Total count    =         1497]
#[Buckets =           27, SubBuckets     =         2048]
-----------------------------------------------------------------------
  2238 requests in 30.00s, 682.10KB read
Requests/sec:     74.60  
Transfer/sec:     22.74KB
