Running 30s test @ http://10.106.139.161/?loopCount=25&base=6&exp=6
  1 threads and 1 connections

  Thread calibration: mean lat.: 3367.255ms, rate sampling interval: 11804ms

-----------------------------------------------------------------------
Test Results @ http://10.106.139.161/?loopCount=25&base=6&exp=6 
  Thread Stats   Avg      Stdev     99%   +/- Stdev
    Latency    12.64s     3.41s   18.43s    57.51%
    Req/Sec     9.00      0.00     9.00    100.00%
  Latency Distribution (HdrHistogram - Recorded Latency)
 50.000%   12.48s 
 75.000%   15.67s 
 90.000%   17.29s 
 99.000%   18.43s 
 99.900%   18.56s 
 99.990%   18.56s 
 99.999%   18.56s 
100.000%   18.56s 

  Detailed Percentile spectrum:
       Value   Percentile   TotalCount 1/(1-Percentile)

    6422.527     0.000000            1         1.00
    7860.223     0.100000           20         1.11
    9207.807     0.200000           39         1.25
   10256.383     0.300000           58         1.43
   11624.447     0.400000           78         1.67
   12484.607     0.500000           99         2.00
   13090.815     0.550000          107         2.22
   13803.519     0.600000          116         2.50
   14442.495     0.650000          126         2.86
   15204.351     0.700000          136         3.33
   15671.295     0.750000          145         4.00
   16056.319     0.775000          150         4.44
   16269.311     0.800000          155         5.00
   16547.839     0.825000          160         5.71
   16703.487     0.850000          165         6.67
   16990.207     0.875000          169         8.00
   17104.895     0.887500          172         8.89
   17285.119     0.900000          175        10.00
   17399.807     0.912500          177        11.43
   17498.111     0.925000          179        13.33
   17629.183     0.937500          181        16.00
   17825.791     0.943750          183        17.78
   17891.327     0.950000          184        20.00
   17956.863     0.956250          186        22.86
   17956.863     0.962500          186        26.67
   18071.551     0.968750          187        32.00
   18137.087     0.971875          188        35.56
   18202.623     0.975000          189        40.00
   18202.623     0.978125          189        45.71
   18350.079     0.981250          190        53.33
   18350.079     0.984375          190        64.00
   18431.999     0.985938          191        71.11
   18431.999     0.987500          191        80.00
   18431.999     0.989062          191        91.43
   18497.535     0.990625          192       106.67
   18497.535     0.992188          192       128.00
   18497.535     0.992969          192       142.22
   18497.535     0.993750          192       160.00
   18497.535     0.994531          192       182.86
   18563.071     0.995313          193       213.33
   18563.071     1.000000          193          inf
#[Mean    =    12639.121, StdDeviation   =     3413.033]
#[Max     =    18546.688, Total count    =          193]
#[Buckets =           27, SubBuckets     =         2048]
-----------------------------------------------------------------------
  284 requests in 30.00s, 86.67KB read
Requests/sec:      9.47  
Transfer/sec:      2.89KB
