Running 30s test @ http://10.106.139.161/?loopCount=25&base=6&exp=6
  5 threads and 5 connections

  Thread calibration: mean lat.: 471.229ms, rate sampling interval: 1157ms
  Thread calibration: mean lat.: 567.370ms, rate sampling interval: 1864ms
  Thread calibration: mean lat.: 107.812ms, rate sampling interval: 406ms
  Thread calibration: mean lat.: 356.447ms, rate sampling interval: 1139ms
  Thread calibration: mean lat.: 186.099ms, rate sampling interval: 663ms

-----------------------------------------------------------------------
Test Results @ http://10.106.139.161/?loopCount=25&base=6&exp=6 
  Thread Stats   Avg      Stdev     99%   +/- Stdev
    Latency   306.12ms  274.12ms   1.03s    83.86%
    Req/Sec    14.48      2.46    19.00     84.55%
  Latency Distribution (HdrHistogram - Recorded Latency)
 50.000%  210.69ms
 75.000%  409.86ms
 90.000%  825.34ms
 99.000%    1.03s 
 99.900%    1.08s 
 99.990%    1.10s 
 99.999%    1.10s 
100.000%    1.10s 

  Detailed Percentile spectrum:
       Value   Percentile   TotalCount 1/(1-Percentile)

      24.415     0.000000            1         1.00
      56.319     0.100000          150         1.11
      79.487     0.200000          300         1.25
     110.015     0.300000          450         1.43
     160.895     0.400000          601         1.67
     210.687     0.500000          750         2.00
     244.351     0.550000          825         2.22
     273.663     0.600000          900         2.50
     306.687     0.650000          975         2.86
     353.023     0.700000         1050         3.33
     410.111     0.750000         1125         4.00
     439.807     0.775000         1162         4.44
     474.111     0.800000         1200         5.00
     531.455     0.825000         1237         5.71
     631.807     0.850000         1275         6.67
     747.519     0.875000         1312         8.00
     794.623     0.887500         1332         8.89
     826.879     0.900000         1350        10.00
     853.503     0.912500         1368        11.43
     875.519     0.925000         1387        13.33
     897.023     0.937500         1406        16.00
     904.191     0.943750         1417        17.78
     918.015     0.950000         1425        20.00
     927.743     0.956250         1435        22.86
     942.591     0.962500         1443        26.67
     965.119     0.968750         1453        32.00
     971.263     0.971875         1457        35.56
     980.991     0.975000         1462        40.00
     995.327     0.978125         1467        45.71
     998.911     0.981250         1471        53.33
    1006.591     0.984375         1477        64.00
    1008.639     0.985938         1479        71.11
    1020.927     0.987500         1481        80.00
    1026.559     0.989062         1483        91.43
    1031.167     0.990625         1485       106.67
    1036.287     0.992188         1488       128.00
    1037.823     0.992969         1489       142.22
    1046.527     0.993750         1490       160.00
    1051.647     0.994531         1491       182.86
    1052.671     0.995313         1492       213.33
    1056.767     0.996094         1494       256.00
    1056.767     0.996484         1494       284.44
    1061.887     0.996875         1495       320.00
    1061.887     0.997266         1495       365.71
    1078.271     0.997656         1496       426.67
    1080.319     0.998047         1498       512.00
    1080.319     0.998242         1498       568.89
    1080.319     0.998437         1498       640.00
    1080.319     0.998633         1498       731.43
    1080.319     0.998828         1498       853.33
    1080.319     0.999023         1498      1024.00
    1080.319     0.999121         1498      1137.78
    1080.319     0.999219         1498      1280.00
    1080.319     0.999316         1498      1462.86
    1104.895     0.999414         1499      1706.67
    1104.895     1.000000         1499          inf
#[Mean    =      306.115, StdDeviation   =      274.122]
#[Max     =     1103.872, Total count    =         1499]
#[Buckets =           27, SubBuckets     =         2048]
-----------------------------------------------------------------------
  2210 requests in 30.00s, 673.55KB read
Requests/sec:     73.66  
Transfer/sec:     22.45KB
