Running 30s test @ http://10.106.139.161/?loopCount=25&base=6&exp=6
  5 threads and 5 connections

  Thread calibration: mean lat.: 44.297ms, rate sampling interval: 90ms
  Thread calibration: mean lat.: 42.173ms, rate sampling interval: 89ms
  Thread calibration: mean lat.: 42.614ms, rate sampling interval: 97ms
  Thread calibration: mean lat.: 44.667ms, rate sampling interval: 100ms
  Thread calibration: mean lat.: 44.389ms, rate sampling interval: 96ms

-----------------------------------------------------------------------
Test Results @ http://10.106.139.161/?loopCount=25&base=6&exp=6 
  Thread Stats   Avg      Stdev     99%   +/- Stdev
    Latency    42.56ms    6.59ms  65.92ms   91.40%
    Req/Sec     9.81      2.77    11.00     92.82%
  Latency Distribution (HdrHistogram - Recorded Latency)
 50.000%   41.66ms
 75.000%   42.56ms
 90.000%   45.25ms
 99.000%   65.92ms
 99.900%  106.43ms
 99.990%  114.62ms
 99.999%  114.62ms
100.000%  114.62ms

  Detailed Percentile spectrum:
       Value   Percentile   TotalCount 1/(1-Percentile)

      22.943     0.000000            1         1.00
      39.679     0.100000          100         1.11
      40.799     0.200000          203         1.25
      41.119     0.300000          300         1.43
      41.407     0.400000          414         1.67
      41.663     0.500000          505         2.00
      41.823     0.550000          550         2.22
      42.015     0.600000          600         2.50
      42.207     0.650000          651         2.86
      42.367     0.700000          704         3.33
      42.559     0.750000          756         4.00
      42.687     0.775000          777         4.44
      42.847     0.800000          802         5.00
      43.103     0.825000          826         5.71
      43.487     0.850000          850         6.67
      44.543     0.875000          875         8.00
      44.927     0.887500          889         8.89
      45.247     0.900000          900        10.00
      45.631     0.912500          913        11.43
      46.079     0.925000          925        13.33
      47.583     0.937500          938        16.00
      49.407     0.943750          944        17.78
      50.591     0.950000          950        20.00
      52.767     0.956250          957        22.86
      53.407     0.962500          963        26.67
      53.919     0.968750          969        32.00
      54.655     0.971875          972        35.56
      55.135     0.975000          975        40.00
      57.247     0.978125          979        45.71
      58.463     0.981250          982        53.33
      60.703     0.984375          985        64.00
      61.343     0.985938          986        71.11
      64.671     0.987500          988        80.00
      65.919     0.989062          990        91.43
      66.943     0.990625          992       106.67
      68.287     0.992188          993       128.00
      68.287     0.992969          993       142.22
      68.671     0.993750          994       160.00
     105.151     0.994531          995       182.86
     105.279     0.995313          996       213.33
     105.471     0.996094          997       256.00
     105.471     0.996484          997       284.44
     105.471     0.996875          997       320.00
     106.047     0.997266          998       365.71
     106.047     0.997656          998       426.67
     106.431     0.998047          999       512.00
     106.431     0.998242          999       568.89
     106.431     0.998437          999       640.00
     106.431     0.998633          999       731.43
     106.431     0.998828          999       853.33
     114.623     0.999023         1000      1024.00
     114.623     1.000000         1000          inf
#[Mean    =       42.560, StdDeviation   =        6.593]
#[Max     =      114.560, Total count    =         1000]
#[Buckets =           27, SubBuckets     =         2048]
-----------------------------------------------------------------------
  1495 requests in 30.00s, 455.52KB read
Requests/sec:     49.83  
Transfer/sec:     15.18KB
