Running 30s test @ http://10.106.139.161/?loopCount=25&base=6&exp=6
  1 threads and 1 connections

  Thread calibration: mean lat.: 66.482ms, rate sampling interval: 191ms

-----------------------------------------------------------------------
Test Results @ http://10.106.139.161/?loopCount=25&base=6&exp=6 
  Thread Stats   Avg      Stdev     99%   +/- Stdev
    Latency   141.79ms   61.21ms 248.70ms   61.62%
    Req/Sec    24.49      2.59    26.00     82.69%
  Latency Distribution (HdrHistogram - Recorded Latency)
 50.000%  127.10ms
 75.000%  196.22ms
 90.000%  231.68ms
 99.000%  248.70ms
 99.900%  251.39ms
 99.990%  251.39ms
 99.999%  251.39ms
100.000%  251.39ms

  Detailed Percentile spectrum:
       Value   Percentile   TotalCount 1/(1-Percentile)

      40.767     0.000000            2         1.00
      63.551     0.100000           50         1.11
      81.791     0.200000           99         1.25
     100.351     0.300000          149         1.43
     112.319     0.400000          198         1.67
     127.103     0.500000          248         2.00
     142.591     0.550000          274         2.22
     160.895     0.600000          297         2.50
     179.455     0.650000          323         2.86
     186.879     0.700000          348         3.33
     196.351     0.750000          372         4.00
     198.399     0.775000          384         4.44
     202.495     0.800000          396         5.00
     208.255     0.825000          410         5.71
     216.959     0.850000          421         6.67
     226.431     0.875000          434         8.00
     229.759     0.887500          441         8.89
     231.679     0.900000          446        10.00
     234.623     0.912500          452        11.43
     238.335     0.925000          459        13.33
     241.023     0.937500          465        16.00
     242.303     0.943750          468        17.78
     243.071     0.950000          471        20.00
     243.455     0.956250          474        22.86
     244.351     0.962500          477        26.67
     244.607     0.968750          480        32.00
     245.887     0.971875          482        35.56
     246.015     0.975000          483        40.00
     246.527     0.978125          485        45.71
     246.655     0.981250          486        53.33
     247.551     0.984375          488        64.00
     248.575     0.985938          489        71.11
     248.575     0.987500          489        80.00
     248.703     0.989062          490        91.43
     249.727     0.990625          491       106.67
     250.495     0.992188          493       128.00
     250.495     0.992969          493       142.22
     250.495     0.993750          493       160.00
     250.495     0.994531          493       182.86
     250.495     0.995313          493       213.33
     250.623     0.996094          494       256.00
     250.623     0.996484          494       284.44
     250.623     0.996875          494       320.00
     250.623     0.997266          494       365.71
     250.623     0.997656          494       426.67
     251.391     0.998047          495       512.00
     251.391     1.000000          495          inf
#[Mean    =      141.790, StdDeviation   =       61.207]
#[Max     =      251.264, Total count    =          495]
#[Buckets =           27, SubBuckets     =         2048]
-----------------------------------------------------------------------
  743 requests in 30.00s, 226.38KB read
Requests/sec:     24.76  
Transfer/sec:      7.55KB
