Running 30s test @ http://10.106.139.161/?loopCount=25&base=6&exp=6
  1 threads and 1 connections

  Thread calibration: mean lat.: 875.854ms, rate sampling interval: 3246ms

-----------------------------------------------------------------------
Test Results @ http://10.106.139.161/?loopCount=25&base=6&exp=6 
  Thread Stats   Avg      Stdev     99%   +/- Stdev
    Latency     3.26s   733.66ms   4.70s    63.32%
    Req/Sec    20.83      1.34    23.00    100.00%
  Latency Distribution (HdrHistogram - Recorded Latency)
 50.000%    3.10s 
 75.000%    3.96s 
 90.000%    4.25s 
 99.000%    4.70s 
 99.900%    4.72s 
 99.990%    4.72s 
 99.999%    4.72s 
100.000%    4.72s 

  Detailed Percentile spectrum:
       Value   Percentile   TotalCount 1/(1-Percentile)

    1832.959     0.000000            3         1.00
    2379.775     0.100000           45         1.11
    2656.255     0.200000           89         1.25
    2789.375     0.300000          130         1.43
    2953.215     0.400000          172         1.67
    3096.575     0.500000          214         2.00
    3383.295     0.550000          236         2.22
    3459.071     0.600000          257         2.50
    3635.199     0.650000          279         2.86
    3727.359     0.700000          300         3.33
    3960.831     0.750000          322         4.00
    3993.599     0.775000          332         4.44
    4036.607     0.800000          343         5.00
    4073.471     0.825000          354         5.71
    4087.807     0.850000          366         6.67
    4108.287     0.875000          376         8.00
    4202.495     0.887500          381         8.89
    4276.223     0.900000          387        10.00
    4284.415     0.912500          391        11.43
    4288.511     0.925000          398        13.33
    4292.607     0.937500          402        16.00
    4354.047     0.943750          405        17.78
    4423.679     0.950000          407        20.00
    4517.887     0.956250          411        22.86
    4542.463     0.962500          413        26.67
    4558.847     0.968750          415        32.00
    4575.231     0.971875          417        35.56
    4579.327     0.975000          419        40.00
    4579.327     0.978125          419        45.71
    4624.383     0.981250          420        53.33
    4673.535     0.984375          422        64.00
    4673.535     0.985938          422        71.11
    4702.207     0.987500          424        80.00
    4702.207     0.989062          424        91.43
    4702.207     0.990625          424       106.67
    4714.495     0.992188          425       128.00
    4714.495     0.992969          425       142.22
    4718.591     0.993750          428       160.00
    4718.591     1.000000          428          inf
#[Mean    =     3262.826, StdDeviation   =      733.661]
#[Max     =     4714.496, Total count    =          428]
#[Buckets =           27, SubBuckets     =         2048]
-----------------------------------------------------------------------
  632 requests in 30.00s, 192.57KB read
Requests/sec:     21.06  
Transfer/sec:      6.42KB
