Running 30s test @ http://10.106.139.161/?loopCount=25&base=6&exp=6
  5 threads and 5 connections

  Thread calibration: mean lat.: 129.501ms, rate sampling interval: 590ms
  Thread calibration: mean lat.: 131.813ms, rate sampling interval: 697ms
  Thread calibration: mean lat.: 94.729ms, rate sampling interval: 382ms
  Thread calibration: mean lat.: 117.523ms, rate sampling interval: 584ms
  Thread calibration: mean lat.: 197.002ms, rate sampling interval: 985ms

-----------------------------------------------------------------------
Test Results @ http://10.106.139.161/?loopCount=25&base=6&exp=6 
  Thread Stats   Avg      Stdev     99%   +/- Stdev
    Latency    92.69ms   77.22ms 393.21ms   85.14%
    Req/Sec     9.65      1.79    13.00     89.82%
  Latency Distribution (HdrHistogram - Recorded Latency)
 50.000%   48.10ms
 75.000%  115.39ms
 90.000%  201.09ms
 99.000%  393.21ms
 99.900%  494.85ms
 99.990%  514.05ms
 99.999%  514.05ms
100.000%  514.05ms

  Detailed Percentile spectrum:
       Value   Percentile   TotalCount 1/(1-Percentile)

      21.871     0.000000            1         1.00
      40.479     0.100000          104         1.11
      40.895     0.200000          209         1.25
      41.439     0.300000          306         1.43
      42.143     0.400000          404         1.67
      48.095     0.500000          502         2.00
      63.231     0.550000          552         2.22
      92.927     0.600000          602         2.50
     100.927     0.650000          652         2.86
     107.391     0.700000          703         3.33
     115.519     0.750000          753         4.00
     122.111     0.775000          778         4.44
     131.711     0.800000          804         5.00
     140.799     0.825000          829         5.71
     161.407     0.850000          853         6.67
     192.767     0.875000          879         8.00
     195.711     0.887500          892         8.89
     201.087     0.900000          904        10.00
     205.439     0.912500          916        11.43
     210.431     0.925000          928        13.33
     217.087     0.937500          941        16.00
     221.055     0.943750          947        17.78
     235.135     0.950000          953        20.00
     253.567     0.956250          960        22.86
     288.255     0.962500          966        26.67
     294.911     0.968750          972        32.00
     299.263     0.971875          975        35.56
     305.663     0.975000          978        40.00
     322.559     0.978125          982        45.71
     335.103     0.981250          985        53.33
     343.551     0.984375          988        64.00
     364.031     0.985938          989        71.11
     390.399     0.987500          991        80.00
     393.215     0.989062          993        91.43
     395.007     0.990625          994       106.67
     403.455     0.992188          996       128.00
     403.455     0.992969          996       142.22
     424.191     0.993750          997       160.00
     430.591     0.994531          998       182.86
     442.879     0.995313          999       213.33
     458.495     0.996094         1000       256.00
     458.495     0.996484         1000       284.44
     458.495     0.996875         1000       320.00
     491.007     0.997266         1001       365.71
     491.007     0.997656         1001       426.67
     494.847     0.998047         1002       512.00
     494.847     0.998242         1002       568.89
     494.847     0.998437         1002       640.00
     494.847     0.998633         1002       731.43
     494.847     0.998828         1002       853.33
     514.047     0.999023         1003      1024.00
     514.047     1.000000         1003          inf
#[Mean    =       92.690, StdDeviation   =       77.219]
#[Max     =      513.792, Total count    =         1003]
#[Buckets =           27, SubBuckets     =         2048]
-----------------------------------------------------------------------
  1495 requests in 30.00s, 455.83KB read
Requests/sec:     49.83  
Transfer/sec:     15.19KB
