Running 30s test @ http://10.106.139.161/?loopCount=25&base=6&exp=6
  5 threads and 5 connections

  Thread calibration: mean lat.: 1754.376ms, rate sampling interval: 5922ms
  Thread calibration: mean lat.: 1901.058ms, rate sampling interval: 6979ms
  Thread calibration: mean lat.: 1731.224ms, rate sampling interval: 6500ms
  Thread calibration: mean lat.: 1599.283ms, rate sampling interval: 6336ms
  Thread calibration: mean lat.: 1644.735ms, rate sampling interval: 6688ms

-----------------------------------------------------------------------
Test Results @ http://10.106.139.161/?loopCount=25&base=6&exp=6 
  Thread Stats   Avg      Stdev     99%   +/- Stdev
    Latency     7.44s     2.25s   11.94s    59.66%
    Req/Sec     8.77      0.80    10.00    100.00%
  Latency Distribution (HdrHistogram - Recorded Latency)
 50.000%    7.50s 
 75.000%    9.27s 
 90.000%   10.47s 
 99.000%   11.94s 
 99.900%   12.40s 
 99.990%   12.45s 
 99.999%   12.45s 
100.000%   12.45s 

  Detailed Percentile spectrum:
       Value   Percentile   TotalCount 1/(1-Percentile)

    3409.919     0.000000            1         1.00
    4444.159     0.100000           97         1.11
    5222.399     0.200000          189         1.25
    5890.047     0.300000          282         1.43
    6651.903     0.400000          375         1.67
    7503.871     0.500000          469         2.00
    7815.167     0.550000          516         2.22
    8183.807     0.600000          563         2.50
    8486.911     0.650000          610         2.86
    8912.895     0.700000          656         3.33
    9273.343     0.750000          705         4.00
    9494.527     0.775000          727         4.44
    9740.287     0.800000          750         5.00
    9879.551     0.825000          774         5.71
   10117.119     0.850000          798         6.67
   10297.343     0.875000          824         8.00
   10362.879     0.887500          833         8.89
   10477.567     0.900000          844        10.00
   10543.103     0.912500          856        11.43
   10665.983     0.925000          868        13.33
   10821.631     0.937500          879        16.00
   10895.359     0.943750          885        17.78
   10944.511     0.950000          891        20.00
   11018.239     0.956250          897        22.86
   11116.543     0.962500          902        26.67
   11173.887     0.968750          908        32.00
   11272.191     0.971875          911        35.56
   11329.535     0.975000          914        40.00
   11444.223     0.978125          917        45.71
   11599.871     0.981250          920        53.33
   11698.175     0.984375          923        64.00
   11730.943     0.985938          924        71.11
   11878.399     0.987500          926        80.00
   11911.167     0.989062          927        91.43
   11984.895     0.990625          929       106.67
   12025.855     0.992188          930       128.00
   12058.623     0.992969          931       142.22
   12181.503     0.993750          932       160.00
   12181.503     0.994531          932       182.86
   12230.655     0.995313          933       213.33
   12345.343     0.996094          934       256.00
   12345.343     0.996484          934       284.44
   12386.303     0.996875          935       320.00
   12386.303     0.997266          935       365.71
   12386.303     0.997656          935       426.67
   12402.687     0.998047          936       512.00
   12402.687     0.998242          936       568.89
   12402.687     0.998437          936       640.00
   12402.687     0.998633          936       731.43
   12402.687     0.998828          936       853.33
   12451.839     0.999023          937      1024.00
   12451.839     1.000000          937          inf
#[Mean    =     7435.629, StdDeviation   =     2245.234]
#[Max     =    12443.648, Total count    =          937]
#[Buckets =           27, SubBuckets     =         2048]
-----------------------------------------------------------------------
  1413 requests in 30.01s, 431.15KB read
Requests/sec:     47.09  
Transfer/sec:     14.37KB
