Running 30s test @ http://10.106.139.161/?loopCount=25&base=6&exp=6
  1 threads and 1 connections

  Thread calibration: mean lat.: 3652.759ms, rate sampling interval: 12681ms

-----------------------------------------------------------------------
Test Results @ http://10.106.139.161/?loopCount=25&base=6&exp=6 
  Thread Stats   Avg      Stdev     99%   +/- Stdev
    Latency    14.57s     4.02s   21.28s    57.45%
    Req/Sec     6.00      0.00     6.00    100.00%
  Latency Distribution (HdrHistogram - Recorded Latency)
 50.000%   14.61s 
 75.000%   18.10s 
 90.000%   19.99s 
 99.000%   21.28s 
 99.900%   21.33s 
 99.990%   21.33s 
 99.999%   21.33s 
100.000%   21.33s 

  Detailed Percentile spectrum:
       Value   Percentile   TotalCount 1/(1-Percentile)

    7114.751     0.000000            1         1.00
    9068.543     0.100000           15         1.11
   10412.031     0.200000           29         1.25
   11952.127     0.300000           43         1.43
   13279.231     0.400000           57         1.67
   14614.527     0.500000           71         2.00
   15458.303     0.550000           78         2.22
   16162.815     0.600000           85         2.50
   16793.599     0.650000           92         2.86
   17514.495     0.700000           99         3.33
   18104.319     0.750000          106         4.00
   18366.463     0.775000          110         4.44
   18644.991     0.800000          113         5.00
   19005.439     0.825000          118         5.71
   19087.359     0.850000          120         6.67
   19513.343     0.875000          124         8.00
   19824.639     0.887500          126         8.89
   19988.479     0.900000          127        10.00
   20201.471     0.912500          129        11.43
   20414.463     0.925000          131        13.33
   20561.919     0.937500          133        16.00
   20709.375     0.943750          134        17.78
   20709.375     0.950000          134        20.00
   20873.215     0.956250          135        22.86
   20938.751     0.962500          136        26.67
   21086.207     0.968750          137        32.00
   21151.743     0.971875          138        35.56
   21151.743     0.975000          138        40.00
   21151.743     0.978125          138        45.71
   21233.663     0.981250          139        53.33
   21233.663     0.984375          139        64.00
   21282.815     0.985938          140        71.11
   21282.815     0.987500          140        80.00
   21282.815     0.989062          140        91.43
   21282.815     0.990625          140       106.67
   21282.815     0.992188          140       128.00
   21331.967     0.992969          141       142.22
   21331.967     1.000000          141          inf
#[Mean    =    14569.733, StdDeviation   =     4016.346]
#[Max     =    21315.584, Total count    =          141]
#[Buckets =           27, SubBuckets     =         2048]
-----------------------------------------------------------------------
  214 requests in 30.00s, 65.39KB read
Requests/sec:      7.13  
Transfer/sec:      2.18KB
