Running 30s test @ http://10.106.139.161/?loopCount=25&base=6&exp=6
  5 threads and 5 connections

  Thread calibration: mean lat.: 133.417ms, rate sampling interval: 480ms
  Thread calibration: mean lat.: 112.196ms, rate sampling interval: 329ms
  Thread calibration: mean lat.: 124.630ms, rate sampling interval: 462ms
  Thread calibration: mean lat.: 99.405ms, rate sampling interval: 303ms
  Thread calibration: mean lat.: 148.782ms, rate sampling interval: 523ms

-----------------------------------------------------------------------
Test Results @ http://10.106.139.161/?loopCount=25&base=6&exp=6 
  Thread Stats   Avg      Stdev     99%   +/- Stdev
    Latency   157.90ms   82.26ms 354.30ms   52.41%
    Req/Sec     9.49      2.14    15.00     79.35%
  Latency Distribution (HdrHistogram - Recorded Latency)
 50.000%  146.56ms
 75.000%  233.85ms
 90.000%  259.07ms
 99.000%  354.30ms
 99.900%  440.83ms
 99.990%  441.86ms
 99.999%  441.86ms
100.000%  441.86ms

  Detailed Percentile spectrum:
       Value   Percentile   TotalCount 1/(1-Percentile)

      36.831     0.000000            1         1.00
      60.127     0.100000          100         1.11
      66.047     0.200000          199         1.25
     131.839     0.300000          299         1.43
     138.623     0.400000          398         1.67
     146.559     0.500000          498         2.00
     149.887     0.550000          548         2.22
     154.239     0.600000          597         2.50
     159.871     0.650000          647         2.86
     166.527     0.700000          697         3.33
     233.855     0.750000          747         4.00
     238.335     0.775000          771         4.44
     241.023     0.800000          796         5.00
     245.503     0.825000          821         5.71
     250.623     0.850000          845         6.67
     255.999     0.875000          870         8.00
     257.791     0.887500          883         8.89
     259.071     0.900000          895        10.00
     262.399     0.912500          908        11.43
     265.727     0.925000          920        13.33
     330.239     0.937500          932        16.00
     333.055     0.943750          939        17.78
     335.615     0.950000          945        20.00
     337.663     0.956250          953        22.86
     339.199     0.962500          957        26.67
     341.759     0.968750          964        32.00
     343.295     0.971875          967        35.56
     345.855     0.975000          970        40.00
     348.415     0.978125          974        45.71
     348.927     0.981250          976        53.33
     351.231     0.984375          979        64.00
     351.487     0.985938          981        71.11
     351.999     0.987500          982        80.00
     354.303     0.989062          984        91.43
     355.071     0.990625          985       106.67
     366.591     0.992188          987       128.00
     366.847     0.992969          988       142.22
     366.847     0.993750          988       160.00
     367.615     0.994531          989       182.86
     431.359     0.995313          990       213.33
     432.383     0.996094          991       256.00
     432.383     0.996484          991       284.44
     432.383     0.996875          991       320.00
     436.223     0.997266          992       365.71
     436.223     0.997656          992       426.67
     440.831     0.998047          993       512.00
     440.831     0.998242          993       568.89
     440.831     0.998437          993       640.00
     440.831     0.998633          993       731.43
     440.831     0.998828          993       853.33
     441.855     0.999023          994      1024.00
     441.855     1.000000          994          inf
#[Mean    =      157.899, StdDeviation   =       82.264]
#[Max     =      441.600, Total count    =          994]
#[Buckets =           27, SubBuckets     =         2048]
-----------------------------------------------------------------------
  1485 requests in 30.01s, 452.92KB read
Requests/sec:     49.49  
Transfer/sec:     15.09KB
