Running 30s test @ http://10.106.139.161/?loopCount=25&base=6&exp=6
  1 threads and 1 connections

  Thread calibration: mean lat.: 2495.096ms, rate sampling interval: 7782ms

-----------------------------------------------------------------------
Test Results @ http://10.106.139.161/?loopCount=25&base=6&exp=6 
  Thread Stats   Avg      Stdev     99%   +/- Stdev
    Latency     8.07s     1.74s   10.42s    59.14%
    Req/Sec    16.00      1.00    17.00    100.00%
  Latency Distribution (HdrHistogram - Recorded Latency)
 50.000%    8.25s 
 75.000%    9.74s 
 90.000%   10.18s 
 99.000%   10.42s 
 99.900%   10.53s 
 99.990%   10.53s 
 99.999%   10.53s 
100.000%   10.53s 

  Detailed Percentile spectrum:
       Value   Percentile   TotalCount 1/(1-Percentile)

    4550.655     0.000000            1         1.00
    5435.391     0.100000           35         1.11
    6352.895     0.200000           70         1.25
    6807.551     0.300000          105         1.43
    7847.935     0.400000          141         1.67
    8249.343     0.500000          175         2.00
    8519.679     0.550000          194         2.22
    8830.975     0.600000          211         2.50
    9158.655     0.650000          228         2.86
    9674.751     0.700000          245         3.33
    9740.287     0.750000          266         4.00
    9764.863     0.775000          273         4.44
    9838.591     0.800000          283         5.00
    9912.319     0.825000          292         5.71
    9977.855     0.850000          298         6.67
   10059.775     0.875000          308         8.00
   10117.119     0.887500          311         8.89
   10182.655     0.900000          315        10.00
   10199.039     0.912500          322        11.43
   10223.615     0.925000          331        13.33
   10223.615     0.937500          331        16.00
   10223.615     0.943750          331        17.78
   10264.575     0.950000          337        20.00
   10264.575     0.956250          337        22.86
   10264.575     0.962500          337        26.67
   10371.071     0.968750          340        32.00
   10412.031     0.971875          346        35.56
   10412.031     0.975000          346        40.00
   10412.031     0.978125          346        45.71
   10412.031     0.981250          346        53.33
   10412.031     0.984375          346        64.00
   10412.031     0.985938          346        71.11
   10412.031     0.987500          346        80.00
   10420.223     0.989062          347        91.43
   10420.223     0.990625          347       106.67
   10436.607     0.992188          348       128.00
   10436.607     0.992969          348       142.22
   10436.607     0.993750          348       160.00
   10477.567     0.994531          349       182.86
   10477.567     0.995313          349       213.33
   10477.567     0.996094          349       256.00
   10477.567     0.996484          349       284.44
   10477.567     0.996875          349       320.00
   10526.719     0.997266          350       365.71
   10526.719     1.000000          350          inf
#[Mean    =     8068.149, StdDeviation   =     1740.222]
#[Max     =    10518.528, Total count    =          350]
#[Buckets =           27, SubBuckets     =         2048]
-----------------------------------------------------------------------
  487 requests in 30.00s, 148.42KB read
Requests/sec:     16.23  
Transfer/sec:      4.95KB
