Running 30s test @ http://10.106.139.161/?loopCount=25&base=6&exp=6
  1 threads and 1 connections

  Thread calibration: mean lat.: 1090.625ms, rate sampling interval: 3952ms

-----------------------------------------------------------------------
Test Results @ http://10.106.139.161/?loopCount=25&base=6&exp=6 
  Thread Stats   Avg      Stdev     99%   +/- Stdev
    Latency     4.05s     1.33s    6.12s    50.63%
    Req/Sec    19.40      1.85    22.00    100.00%
  Latency Distribution (HdrHistogram - Recorded Latency)
 50.000%    3.95s 
 75.000%    5.42s 
 90.000%    5.89s 
 99.000%    6.12s 
 99.900%    6.17s 
 99.990%    6.17s 
 99.999%    6.17s 
100.000%    6.17s 

  Detailed Percentile spectrum:
       Value   Percentile   TotalCount 1/(1-Percentile)

    2061.311     0.000000            2         1.00
    2344.959     0.100000           41         1.11
    2459.647     0.200000           80         1.25
    3045.375     0.300000          120         1.43
    3491.839     0.400000          159         1.67
    3946.495     0.500000          199         2.00
    4075.519     0.550000          219         2.22
    4284.415     0.600000          239         2.50
    4976.639     0.650000          259         2.86
    5177.343     0.700000          279         3.33
    5423.103     0.750000          301         4.00
    5517.311     0.775000          309         4.44
    5550.079     0.800000          320         5.00
    5607.423     0.825000          329         5.71
    5685.247     0.850000          341         6.67
    5881.855     0.875000          349         8.00
    5890.047     0.887500          359         8.89
    5890.047     0.900000          359        10.00
    5894.143     0.912500          366        11.43
    5898.239     0.925000          369        13.33
    5939.199     0.937500          373        16.00
    5955.583     0.943750          375        17.78
    6017.023     0.950000          379        20.00
    6037.503     0.956250          380        22.86
    6103.039     0.962500          384        26.67
    6115.327     0.968750          389        32.00
    6115.327     0.971875          389        35.56
    6115.327     0.975000          389        40.00
    6115.327     0.978125          389        45.71
    6119.423     0.981250          394        53.33
    6119.423     0.984375          394        64.00
    6119.423     0.985938          394        71.11
    6119.423     0.987500          394        80.00
    6119.423     0.989062          394        91.43
    6119.423     0.990625          394       106.67
    6119.423     0.992188          394       128.00
    6131.711     0.992969          395       142.22
    6131.711     0.993750          395       160.00
    6131.711     0.994531          395       182.86
    6168.575     0.995313          397       213.33
    6168.575     1.000000          397          inf
#[Mean    =     4054.531, StdDeviation   =     1331.360]
#[Max     =     6164.480, Total count    =          397]
#[Buckets =           27, SubBuckets     =         2048]
-----------------------------------------------------------------------
  595 requests in 30.00s, 181.30KB read
Requests/sec:     19.83  
Transfer/sec:      6.04KB
