Running 30s test @ http://10.106.139.161/?loopCount=25&base=6&exp=6
  5 threads and 5 connections

  Thread calibration: mean lat.: 676.666ms, rate sampling interval: 2600ms
  Thread calibration: mean lat.: 1033.361ms, rate sampling interval: 3825ms
  Thread calibration: mean lat.: 520.801ms, rate sampling interval: 1899ms
  Thread calibration: mean lat.: 745.687ms, rate sampling interval: 2754ms
  Thread calibration: mean lat.: 538.749ms, rate sampling interval: 2840ms

-----------------------------------------------------------------------
Test Results @ http://10.106.139.161/?loopCount=25&base=6&exp=6 
  Thread Stats   Avg      Stdev     99%   +/- Stdev
    Latency     2.39s   468.91ms   3.50s    68.87%
    Req/Sec    13.22      1.25    15.00     94.44%
  Latency Distribution (HdrHistogram - Recorded Latency)
 50.000%    2.39s 
 75.000%    2.65s 
 90.000%    3.01s 
 99.000%    3.50s 
 99.900%    3.61s 
 99.990%    3.63s 
 99.999%    3.63s 
100.000%    3.63s 

  Detailed Percentile spectrum:
       Value   Percentile   TotalCount 1/(1-Percentile)

    1021.951     0.000000            1         1.00
    1854.463     0.100000          141         1.11
    1994.751     0.200000          281         1.25
    2189.311     0.300000          418         1.43
    2289.663     0.400000          557         1.67
    2387.967     0.500000          698         2.00
    2447.359     0.550000          767         2.22
    2484.223     0.600000          835         2.50
    2523.135     0.650000          906         2.86
    2574.335     0.700000          975         3.33
    2650.111     0.750000         1045         4.00
    2695.167     0.775000         1079         4.44
    2740.223     0.800000         1113         5.00
    2822.143     0.825000         1150         5.71
    2885.631     0.850000         1183         6.67
    2957.311     0.875000         1219         8.00
    2983.935     0.887500         1237         8.89
    3014.655     0.900000         1253        10.00
    3047.423     0.912500         1270        11.43
    3071.999     0.925000         1287        13.33
    3115.007     0.937500         1306        16.00
    3139.583     0.943750         1313        17.78
    3196.927     0.950000         1322        20.00
    3315.711     0.956250         1332        22.86
    3334.143     0.962500         1339        26.67
    3358.719     0.968750         1348        32.00
    3379.199     0.971875         1352        35.56
    3407.871     0.975000         1357        40.00
    3434.495     0.978125         1362        45.71
    3446.783     0.981250         1365        53.33
    3463.167     0.984375         1370        64.00
    3471.359     0.985938         1373        71.11
    3479.551     0.987500         1374        80.00
    3489.791     0.989062         1376        91.43
    3502.079     0.990625         1378       106.67
    3528.703     0.992188         1382       128.00
    3528.703     0.992969         1382       142.22
    3534.847     0.993750         1383       160.00
    3555.327     0.994531         1385       182.86
    3555.327     0.995313         1385       213.33
    3557.375     0.996094         1386       256.00
    3563.519     0.996484         1387       284.44
    3563.519     0.996875         1387       320.00
    3583.999     0.997266         1388       365.71
    3583.999     0.997656         1388       426.67
    3590.143     0.998047         1389       512.00
    3590.143     0.998242         1389       568.89
    3590.143     0.998437         1389       640.00
    3606.527     0.998633         1390       731.43
    3606.527     0.998828         1390       853.33
    3606.527     0.999023         1390      1024.00
    3606.527     0.999121         1390      1137.78
    3606.527     0.999219         1390      1280.00
    3631.103     0.999316         1391      1462.86
    3631.103     1.000000         1391          inf
#[Mean    =     2389.190, StdDeviation   =      468.909]
#[Max     =     3629.056, Total count    =         1391]
#[Buckets =           27, SubBuckets     =         2048]
-----------------------------------------------------------------------
  2024 requests in 30.00s, 617.03KB read
Requests/sec:     67.46  
Transfer/sec:     20.57KB
