Running 30s test @ http://10.106.139.161/?loopCount=25&base=6&exp=6
  5 threads and 5 connections

  Thread calibration: mean lat.: 58.179ms, rate sampling interval: 232ms
  Thread calibration: mean lat.: 71.798ms, rate sampling interval: 257ms
  Thread calibration: mean lat.: 72.004ms, rate sampling interval: 257ms
  Thread calibration: mean lat.: 58.602ms, rate sampling interval: 229ms
  Thread calibration: mean lat.: 59.236ms, rate sampling interval: 229ms

-----------------------------------------------------------------------
Test Results @ http://10.106.139.161/?loopCount=25&base=6&exp=6 
  Thread Stats   Avg      Stdev     99%   +/- Stdev
    Latency    53.12ms   32.58ms 208.64ms   89.31%
    Req/Sec     9.38      2.75    17.00     93.24%
  Latency Distribution (HdrHistogram - Recorded Latency)
 50.000%   41.44ms
 75.000%   45.79ms
 90.000%  105.09ms
 99.000%  208.64ms
 99.900%  308.22ms
 99.990%  315.39ms
 99.999%  315.39ms
100.000%  315.39ms

  Detailed Percentile spectrum:
       Value   Percentile   TotalCount 1/(1-Percentile)

      23.071     0.000000            1         1.00
      40.191     0.100000          103         1.11
      40.703     0.200000          207         1.25
      40.895     0.300000          302         1.43
      41.151     0.400000          402         1.67
      41.439     0.500000          506         2.00
      41.567     0.550000          556         2.22
      41.759     0.600000          612         2.50
      42.015     0.650000          653         2.86
      43.423     0.700000          701         3.33
      45.791     0.750000          751         4.00
      47.871     0.775000          776         4.44
      50.783     0.800000          801         5.00
      54.463     0.825000          826         5.71
      59.071     0.850000          851         6.67
      67.519     0.875000          876         8.00
      79.039     0.887500          889         8.89
     105.087     0.900000          902        10.00
     106.495     0.912500          916        11.43
     109.119     0.925000          926        13.33
     113.727     0.937500          939        16.00
     116.607     0.943750          945        17.78
     119.231     0.950000          953        20.00
     121.471     0.956250          958        22.86
     131.327     0.962500          965        26.67
     139.007     0.968750          970        32.00
     140.671     0.971875          973        35.56
     145.407     0.975000          976        40.00
     152.063     0.978125          980        45.71
     156.031     0.981250          983        53.33
     185.087     0.984375          986        64.00
     196.351     0.985938          987        71.11
     206.335     0.987500          989        80.00
     208.639     0.989062          991        91.43
     210.687     0.990625          992       106.67
     212.735     0.992188          994       128.00
     212.735     0.992969          994       142.22
     215.551     0.993750          995       160.00
     223.871     0.994531          996       182.86
     224.639     0.995313          997       213.33
     248.063     0.996094          998       256.00
     248.063     0.996484          998       284.44
     248.063     0.996875          998       320.00
     256.255     0.997266          999       365.71
     256.255     0.997656          999       426.67
     308.223     0.998047         1000       512.00
     308.223     0.998242         1000       568.89
     308.223     0.998437         1000       640.00
     308.223     0.998633         1000       731.43
     308.223     0.998828         1000       853.33
     315.391     0.999023         1001      1024.00
     315.391     1.000000         1001          inf
#[Mean    =       53.115, StdDeviation   =       32.580]
#[Max     =      315.136, Total count    =         1001]
#[Buckets =           27, SubBuckets     =         2048]
-----------------------------------------------------------------------
  1495 requests in 30.01s, 455.66KB read
Requests/sec:     49.82  
Transfer/sec:     15.18KB
