Running 30s test @ http://10.106.139.161/?loopCount=25&base=6&exp=6
  5 threads and 5 connections

  Thread calibration: mean lat.: 687.580ms, rate sampling interval: 1679ms
  Thread calibration: mean lat.: 265.838ms, rate sampling interval: 748ms
  Thread calibration: mean lat.: 284.343ms, rate sampling interval: 876ms
  Thread calibration: mean lat.: 218.855ms, rate sampling interval: 784ms
  Thread calibration: mean lat.: 612.000ms, rate sampling interval: 1470ms

-----------------------------------------------------------------------
Test Results @ http://10.106.139.161/?loopCount=25&base=6&exp=6 
  Thread Stats   Avg      Stdev     99%   +/- Stdev
    Latency   352.59ms  262.18ms   1.09s    72.38%
    Req/Sec    14.71      1.89    19.00     91.75%
  Latency Distribution (HdrHistogram - Recorded Latency)
 50.000%  300.54ms
 75.000%  466.17ms
 90.000%  709.12ms
 99.000%    1.09s 
 99.900%    1.15s 
 99.990%    1.15s 
 99.999%    1.15s 
100.000%    1.15s 

  Detailed Percentile spectrum:
       Value   Percentile   TotalCount 1/(1-Percentile)

      29.183     0.000000            1         1.00
      76.415     0.100000          152         1.11
     119.039     0.200000          304         1.25
     182.527     0.300000          456         1.43
     251.391     0.400000          607         1.67
     300.543     0.500000          759         2.00
     325.375     0.550000          835         2.22
     349.695     0.600000          911         2.50
     374.783     0.650000          987         2.86
     404.479     0.700000         1062         3.33
     466.175     0.750000         1138         4.00
     493.567     0.775000         1176         4.44
     535.039     0.800000         1214         5.00
     565.247     0.825000         1252         5.71
     596.991     0.850000         1290         6.67
     645.631     0.875000         1328         8.00
     673.791     0.887500         1347         8.89
     710.143     0.900000         1366        10.00
     845.823     0.912500         1385        11.43
     918.527     0.925000         1404        13.33
     942.079     0.937500         1424        16.00
     950.271     0.943750         1432        17.78
     959.487     0.950000         1442        20.00
     984.575     0.956250         1451        22.86
    1000.959     0.962500         1461        26.67
    1015.807     0.968750         1470        32.00
    1025.023     0.971875         1475        35.56
    1033.727     0.975000         1480        40.00
    1041.407     0.978125         1484        45.71
    1047.551     0.981250         1489        53.33
    1069.055     0.984375         1494        64.00
    1072.127     0.985938         1496        71.11
    1077.247     0.987500         1499        80.00
    1092.607     0.989062         1501        91.43
    1101.823     0.990625         1503       106.67
    1111.039     0.992188         1506       128.00
    1116.159     0.992969         1507       142.22
    1119.231     0.993750         1509       160.00
    1119.231     0.994531         1509       182.86
    1126.399     0.995313         1510       213.33
    1134.591     0.996094         1512       256.00
    1134.591     0.996484         1512       284.44
    1138.687     0.996875         1513       320.00
    1138.687     0.997266         1513       365.71
    1142.783     0.997656         1514       426.67
    1145.855     0.998047         1515       512.00
    1145.855     0.998242         1515       568.89
    1145.855     0.998437         1515       640.00
    1145.855     0.998633         1515       731.43
    1151.999     0.998828         1517       853.33
    1151.999     1.000000         1517          inf
#[Mean    =      352.588, StdDeviation   =      262.176]
#[Max     =     1150.976, Total count    =         1517]
#[Buckets =           27, SubBuckets     =         2048]
-----------------------------------------------------------------------
  2233 requests in 30.00s, 680.58KB read
Requests/sec:     74.42  
Transfer/sec:     22.68KB
