Running 30s test @ http://10.106.139.161/?loopCount=25&base=6&exp=6
  5 threads and 5 connections

  Thread calibration: mean lat.: 421.127ms, rate sampling interval: 1295ms
  Thread calibration: mean lat.: 459.760ms, rate sampling interval: 1238ms
  Thread calibration: mean lat.: 306.634ms, rate sampling interval: 785ms
  Thread calibration: mean lat.: 333.393ms, rate sampling interval: 869ms
  Thread calibration: mean lat.: 132.375ms, rate sampling interval: 469ms

-----------------------------------------------------------------------
Test Results @ http://10.106.139.161/?loopCount=25&base=6&exp=6 
  Thread Stats   Avg      Stdev     99%   +/- Stdev
    Latency   156.61ms  114.34ms 504.06ms   66.60%
    Req/Sec    14.61      1.89    19.00     93.39%
  Latency Distribution (HdrHistogram - Recorded Latency)
 50.000%  126.97ms
 75.000%  228.86ms
 90.000%  311.55ms
 99.000%  504.06ms
 99.900%  551.42ms
 99.990%  578.56ms
 99.999%  578.56ms
100.000%  578.56ms

  Detailed Percentile spectrum:
       Value   Percentile   TotalCount 1/(1-Percentile)

      21.791     0.000000            1         1.00
      40.959     0.100000          153         1.11
      46.367     0.200000          304         1.25
      64.895     0.300000          456         1.43
      93.311     0.400000          608         1.67
     126.975     0.500000          759         2.00
     150.399     0.550000          835         2.22
     171.647     0.600000          912         2.50
     189.439     0.650000          987         2.86
     204.671     0.700000         1063         3.33
     228.863     0.750000         1139         4.00
     237.567     0.775000         1177         4.44
     246.271     0.800000         1215         5.00
     263.679     0.825000         1254         5.71
     277.759     0.850000         1291         6.67
     297.983     0.875000         1329         8.00
     304.127     0.887500         1348         8.89
     312.575     0.900000         1368        10.00
     324.607     0.912500         1386        11.43
     338.431     0.925000         1405        13.33
     360.447     0.937500         1424        16.00
     369.663     0.943750         1434        17.78
     377.343     0.950000         1444        20.00
     392.191     0.956250         1452        22.86
     402.943     0.962500         1462        26.67
     427.263     0.968750         1471        32.00
     435.199     0.971875         1476        35.56
     457.471     0.975000         1482        40.00
     465.919     0.978125         1485        45.71
     476.927     0.981250         1490        53.33
     486.143     0.984375         1495        64.00
     487.167     0.985938         1497        71.11
     492.031     0.987500         1500        80.00
     502.015     0.989062         1502        91.43
     505.087     0.990625         1504       106.67
     517.887     0.992188         1507       128.00
     518.143     0.992969         1508       142.22
     521.727     0.993750         1509       160.00
     522.495     0.994531         1510       182.86
     522.751     0.995313         1511       213.33
     537.599     0.996094         1513       256.00
     537.599     0.996484         1513       284.44
     544.255     0.996875         1515       320.00
     544.255     0.997266         1515       365.71
     544.255     0.997656         1515       426.67
     551.423     0.998047         1516       512.00
     551.423     0.998242         1516       568.89
     551.423     0.998437         1516       640.00
     551.423     0.998633         1516       731.43
     551.935     0.998828         1517       853.33
     551.935     0.999023         1517      1024.00
     551.935     0.999121         1517      1137.78
     551.935     0.999219         1517      1280.00
     551.935     0.999316         1517      1462.86
     578.559     0.999414         1518      1706.67
     578.559     1.000000         1518          inf
#[Mean    =      156.607, StdDeviation   =      114.338]
#[Max     =      578.048, Total count    =         1518]
#[Buckets =           27, SubBuckets     =         2048]
-----------------------------------------------------------------------
  2244 requests in 30.00s, 683.87KB read
Requests/sec:     74.79  
Transfer/sec:     22.79KB
