Running 30s test @ http://10.106.139.161/?loopCount=25&base=6&exp=6
  1 threads and 1 connections

  Thread calibration: mean lat.: 3502.935ms, rate sampling interval: 11943ms

-----------------------------------------------------------------------
Test Results @ http://10.106.139.161/?loopCount=25&base=6&exp=6 
  Thread Stats   Avg      Stdev     99%   +/- Stdev
    Latency    12.84s     3.73s   19.19s    57.22%
    Req/Sec     9.00      0.00     9.00    100.00%
  Latency Distribution (HdrHistogram - Recorded Latency)
 50.000%   12.74s 
 75.000%   16.11s 
 90.000%   17.96s 
 99.000%   19.19s 
 99.900%   19.32s 
 99.990%   19.32s 
 99.999%   19.32s 
100.000%   19.32s 

  Detailed Percentile spectrum:
       Value   Percentile   TotalCount 1/(1-Percentile)

    6590.463     0.000000            1         1.00
    7725.055     0.100000           18         1.11
    8871.935     0.200000           36         1.25
   10067.967     0.300000           54         1.43
   11436.031     0.400000           72         1.67
   12738.559     0.500000           90         2.00
   13484.031     0.550000           99         2.22
   14188.543     0.600000          108         2.50
   14745.599     0.650000          117         2.86
   15400.959     0.700000          126         3.33
   16113.663     0.750000          135         4.00
   16424.959     0.775000          140         4.44
   16670.719     0.800000          144         5.00
   17072.127     0.825000          149         5.71
   17301.503     0.850000          153         6.67
   17694.719     0.875000          158         8.00
   17825.791     0.887500          160         8.89
   17956.863     0.900000          162        10.00
   18219.007     0.912500          165        11.43
   18333.695     0.925000          167        13.33
   18464.767     0.937500          169        16.00
   18530.303     0.943750          170        17.78
   18677.759     0.950000          171        20.00
   18808.831     0.956250          173        22.86
   18874.367     0.962500          174        26.67
   18939.903     0.968750          175        32.00
   18939.903     0.971875          175        35.56
   19005.439     0.975000          176        40.00
   19070.975     0.978125          177        45.71
   19070.975     0.981250          177        53.33
   19185.663     0.984375          178        64.00
   19185.663     0.985938          178        71.11
   19185.663     0.987500          178        80.00
   19251.199     0.989062          179        91.43
   19251.199     0.990625          179       106.67
   19251.199     0.992188          179       128.00
   19251.199     0.992969          179       142.22
   19251.199     0.993750          179       160.00
   19316.735     0.994531          180       182.86
   19316.735     1.000000          180          inf
#[Mean    =    12842.610, StdDeviation   =     3725.511]
#[Max     =    19300.352, Total count    =          180]
#[Buckets =           27, SubBuckets     =         2048]
-----------------------------------------------------------------------
  266 requests in 30.00s, 81.21KB read
Requests/sec:      8.87  
Transfer/sec:      2.71KB
