Running 30s test @ http://10.106.139.161/?loopCount=25&base=6&exp=6
  5 threads and 5 connections

  Thread calibration: mean lat.: 58.122ms, rate sampling interval: 203ms
  Thread calibration: mean lat.: 70.359ms, rate sampling interval: 290ms
  Thread calibration: mean lat.: 59.999ms, rate sampling interval: 197ms
  Thread calibration: mean lat.: 59.128ms, rate sampling interval: 194ms
  Thread calibration: mean lat.: 68.441ms, rate sampling interval: 234ms

-----------------------------------------------------------------------
Test Results @ http://10.106.139.161/?loopCount=25&base=6&exp=6 
  Thread Stats   Avg      Stdev     99%   +/- Stdev
    Latency    46.83ms   19.82ms 149.50ms   88.20%
    Req/Sec     9.53      1.88    15.00     87.25%
  Latency Distribution (HdrHistogram - Recorded Latency)
 50.000%   41.73ms
 75.000%   42.53ms
 90.000%   61.57ms
 99.000%  149.50ms
 99.900%  157.44ms
 99.990%  158.34ms
 99.999%  158.34ms
100.000%  158.34ms

  Detailed Percentile spectrum:
       Value   Percentile   TotalCount 1/(1-Percentile)

      22.495     0.000000            1         1.00
      39.263     0.100000          102         1.11
      40.735     0.200000          209         1.25
      41.023     0.300000          300         1.43
      41.375     0.400000          400         1.67
      41.727     0.500000          504         2.00
      41.919     0.550000          562         2.22
      42.047     0.600000          601         2.50
      42.207     0.650000          658         2.86
      42.367     0.700000          703         3.33
      42.527     0.750000          753         4.00
      42.719     0.775000          782         4.44
      42.815     0.800000          802         5.00
      43.007     0.825000          825         5.71
      43.263     0.850000          851         6.67
      44.063     0.875000          875         8.00
      46.143     0.887500          888         8.89
      61.567     0.900000          900        10.00
      76.799     0.912500          913        11.43
      77.375     0.925000          926        13.33
      77.887     0.937500          938        16.00
      83.839     0.943750          944        17.78
      87.167     0.950000          950        20.00
      89.343     0.956250          957        22.86
      91.583     0.962500          963        26.67
      93.631     0.968750          969        32.00
      97.535     0.971875          972        35.56
     107.327     0.975000          975        40.00
     142.207     0.978125          979        45.71
     143.487     0.981250          982        53.33
     146.559     0.984375          985        64.00
     147.071     0.985938          986        71.11
     148.735     0.987500          988        80.00
     149.503     0.989062          990        91.43
     149.631     0.990625          991       106.67
     150.015     0.992188          993       128.00
     150.015     0.992969          993       142.22
     150.143     0.993750          994       160.00
     150.271     0.994531          995       182.86
     152.063     0.995313          996       213.33
     153.343     0.996094          997       256.00
     153.343     0.996484          997       284.44
     153.343     0.996875          997       320.00
     153.599     0.997266          998       365.71
     153.599     0.997656          998       426.67
     157.439     0.998047          999       512.00
     157.439     0.998242          999       568.89
     157.439     0.998437          999       640.00
     157.439     0.998633          999       731.43
     157.439     0.998828          999       853.33
     158.335     0.999023         1000      1024.00
     158.335     1.000000         1000          inf
#[Mean    =       46.825, StdDeviation   =       19.823]
#[Max     =      158.208, Total count    =         1000]
#[Buckets =           27, SubBuckets     =         2048]
-----------------------------------------------------------------------
  1495 requests in 30.00s, 455.58KB read
Requests/sec:     49.83  
Transfer/sec:     15.18KB
