Running 30s test @ http://10.106.139.161/?loopCount=25&base=6&exp=6
  5 threads and 5 connections

  Thread calibration: mean lat.: 1424.184ms, rate sampling interval: 4509ms
  Thread calibration: mean lat.: 1104.773ms, rate sampling interval: 3487ms
  Thread calibration: mean lat.: 1011.946ms, rate sampling interval: 3794ms
  Thread calibration: mean lat.: 1115.268ms, rate sampling interval: 3221ms
  Thread calibration: mean lat.: 873.194ms, rate sampling interval: 2625ms

-----------------------------------------------------------------------
Test Results @ http://10.106.139.161/?loopCount=25&base=6&exp=6 
  Thread Stats   Avg      Stdev     99%   +/- Stdev
    Latency     3.41s   989.54ms   5.34s    62.36%
    Req/Sec    12.22      0.68    14.00     96.30%
  Latency Distribution (HdrHistogram - Recorded Latency)
 50.000%    3.45s 
 75.000%    4.12s 
 90.000%    4.73s 
 99.000%    5.34s 
 99.900%    5.60s 
 99.990%    5.61s 
 99.999%    5.61s 
100.000%    5.61s 

  Detailed Percentile spectrum:
       Value   Percentile   TotalCount 1/(1-Percentile)

    1196.031     0.000000            1         1.00
    2080.767     0.100000          127         1.11
    2476.031     0.200000          254         1.25
    2844.671     0.300000          382         1.43
    3141.631     0.400000          508         1.67
    3446.783     0.500000          635         2.00
    3637.247     0.550000          699         2.22
    3758.079     0.600000          764         2.50
    3858.431     0.650000          829         2.86
    3944.447     0.700000          889         3.33
    4116.479     0.750000          953         4.00
    4218.879     0.775000          987         4.44
    4308.991     0.800000         1016         5.00
    4452.351     0.825000         1048         5.71
    4567.039     0.850000         1081         6.67
    4644.863     0.875000         1114         8.00
    4677.631     0.887500         1129         8.89
    4734.975     0.900000         1143        10.00
    4804.607     0.912500         1159        11.43
    4849.663     0.925000         1175        13.33
    4898.815     0.937500         1192        16.00
    4927.487     0.943750         1199        17.78
    4964.351     0.950000         1207        20.00
    5009.407     0.956250         1216        22.86
    5046.271     0.962500         1223        26.67
    5074.943     0.968750         1232        32.00
    5087.231     0.971875         1235        35.56
    5107.711     0.975000         1240        40.00
    5148.671     0.978125         1243        45.71
    5242.879     0.981250         1247        53.33
    5267.455     0.984375         1251        64.00
    5287.935     0.985938         1253        71.11
    5328.895     0.987500         1255        80.00
    5341.183     0.989062         1257        91.43
    5394.431     0.990625         1259       106.67
    5414.911     0.992188         1261       128.00
    5431.295     0.992969         1262       142.22
    5443.583     0.993750         1263       160.00
    5476.351     0.994531         1264       182.86
    5500.927     0.995313         1266       213.33
    5500.927     0.996094         1266       256.00
    5500.927     0.996484         1266       284.44
    5562.367     0.996875         1267       320.00
    5562.367     0.997266         1267       365.71
    5586.943     0.997656         1268       426.67
    5586.943     0.998047         1268       512.00
    5586.943     0.998242         1268       568.89
    5603.327     0.998437         1269       640.00
    5603.327     0.998633         1269       731.43
    5603.327     0.998828         1269       853.33
    5603.327     0.999023         1269      1024.00
    5603.327     0.999121         1269      1137.78
    5611.519     0.999219         1270      1280.00
    5611.519     1.000000         1270          inf
#[Mean    =     3405.617, StdDeviation   =      989.537]
#[Max     =     5607.424, Total count    =         1270]
#[Buckets =           27, SubBuckets     =         2048]
-----------------------------------------------------------------------
  1882 requests in 30.00s, 573.66KB read
Requests/sec:     62.73  
Transfer/sec:     19.12KB
