Running 30s test @ http://10.106.139.161/?loopCount=25&base=6&exp=6
  5 threads and 5 connections

  Thread calibration: mean lat.: 89.535ms, rate sampling interval: 356ms
  Thread calibration: mean lat.: 66.880ms, rate sampling interval: 206ms
  Thread calibration: mean lat.: 85.475ms, rate sampling interval: 342ms
  Thread calibration: mean lat.: 83.620ms, rate sampling interval: 346ms
  Thread calibration: mean lat.: 77.210ms, rate sampling interval: 236ms

-----------------------------------------------------------------------
Test Results @ http://10.106.139.161/?loopCount=25&base=6&exp=6 
  Thread Stats   Avg      Stdev     99%   +/- Stdev
    Latency    85.66ms   63.11ms 299.52ms   85.34%
    Req/Sec     9.38      2.75    14.00     82.10%
  Latency Distribution (HdrHistogram - Recorded Latency)
 50.000%   72.64ms
 75.000%   97.54ms
 90.000%  177.28ms
 99.000%  299.52ms
 99.900%  370.43ms
 99.990%  373.76ms
 99.999%  373.76ms
100.000%  373.76ms

  Detailed Percentile spectrum:
       Value   Percentile   TotalCount 1/(1-Percentile)

      21.647     0.000000            1         1.00
      39.935     0.100000          100         1.11
      40.831     0.200000          202         1.25
      41.439     0.300000          303         1.43
      42.783     0.400000          399         1.67
      72.639     0.500000          501         2.00
      77.247     0.550000          548         2.22
      81.407     0.600000          598         2.50
      84.927     0.650000          648         2.86
      89.535     0.700000          698         3.33
      97.535     0.750000          747         4.00
     100.031     0.775000          772         4.44
     106.559     0.800000          797         5.00
     113.727     0.825000          822         5.71
     132.479     0.850000          847         6.67
     167.935     0.875000          872         8.00
     172.927     0.887500          884         8.89
     177.407     0.900000          898        10.00
     183.551     0.912500          909        11.43
     192.383     0.925000          922        13.33
     203.903     0.937500          934        16.00
     214.143     0.943750          940        17.78
     226.943     0.950000          947        20.00
     262.399     0.956250          953        22.86
     267.263     0.962500          959        26.67
     272.639     0.968750          966        32.00
     273.663     0.971875          968        35.56
     277.759     0.975000          972        40.00
     282.367     0.978125          975        45.71
     286.207     0.981250          978        53.33
     291.327     0.984375          981        64.00
     294.143     0.985938          982        71.11
     297.471     0.987500          984        80.00
     299.519     0.989062          986        91.43
     299.775     0.990625          987       106.67
     313.343     0.992188          989       128.00
     313.343     0.992969          989       142.22
     314.111     0.993750          990       160.00
     314.623     0.994531          991       182.86
     315.647     0.995313          992       213.33
     363.007     0.996094          993       256.00
     363.007     0.996484          993       284.44
     363.007     0.996875          993       320.00
     368.639     0.997266          994       365.71
     368.639     0.997656          994       426.67
     370.431     0.998047          995       512.00
     370.431     0.998242          995       568.89
     370.431     0.998437          995       640.00
     370.431     0.998633          995       731.43
     370.431     0.998828          995       853.33
     373.759     0.999023          996      1024.00
     373.759     1.000000          996          inf
#[Mean    =       85.664, StdDeviation   =       63.112]
#[Max     =      373.504, Total count    =          996]
#[Buckets =           27, SubBuckets     =         2048]
-----------------------------------------------------------------------
  1492 requests in 30.00s, 454.76KB read
Requests/sec:     49.73  
Transfer/sec:     15.16KB
