Running 30s test @ http://10.106.139.161/?loopCount=25&base=6&exp=6
  5 threads and 5 connections

  Thread calibration: mean lat.: 278.470ms, rate sampling interval: 891ms
  Thread calibration: mean lat.: 137.872ms, rate sampling interval: 480ms
  Thread calibration: mean lat.: 171.718ms, rate sampling interval: 540ms
  Thread calibration: mean lat.: 250.110ms, rate sampling interval: 708ms
  Thread calibration: mean lat.: 226.193ms, rate sampling interval: 697ms

-----------------------------------------------------------------------
Test Results @ http://10.106.139.161/?loopCount=25&base=6&exp=6 
  Thread Stats   Avg      Stdev     99%   +/- Stdev
    Latency   290.42ms  180.90ms 755.20ms   71.39%
    Req/Sec     9.58      1.66    12.00     96.79%
  Latency Distribution (HdrHistogram - Recorded Latency)
 50.000%  252.03ms
 75.000%  366.08ms
 90.000%  561.15ms
 99.000%  755.20ms
 99.900%  858.11ms
 99.990%  866.82ms
 99.999%  866.82ms
100.000%  866.82ms

  Detailed Percentile spectrum:
       Value   Percentile   TotalCount 1/(1-Percentile)

      50.079     0.000000            2         1.00
      71.167     0.100000          100         1.11
     142.719     0.200000          202         1.25
     158.335     0.300000          299         1.43
     237.439     0.400000          399         1.67
     252.031     0.500000          498         2.00
     261.247     0.550000          550         2.22
     269.311     0.600000          598         2.50
     338.431     0.650000          649         2.86
     348.671     0.700000          698         3.33
     366.079     0.750000          747         4.00
     376.319     0.775000          772         4.44
     444.415     0.800000          797         5.00
     458.751     0.825000          822         5.71
     544.767     0.850000          848         6.67
     554.495     0.875000          873         8.00
     557.055     0.887500          884         8.89
     561.663     0.900000          898        10.00
     569.855     0.912500          910        11.43
     635.903     0.925000          922        13.33
     640.511     0.937500          934        16.00
     643.583     0.943750          940        17.78
     649.215     0.950000          947        20.00
     653.311     0.956250          953        22.86
     664.575     0.962500          959        26.67
     674.303     0.968750          966        32.00
     677.375     0.971875          968        35.56
     736.767     0.975000          973        40.00
     738.815     0.978125          975        45.71
     742.911     0.981250          978        53.33
     748.543     0.984375          981        64.00
     752.639     0.985938          982        71.11
     755.199     0.987500          986        80.00
     755.199     0.989062          986        91.43
     755.711     0.990625          987       106.67
     778.239     0.992188          989       128.00
     778.239     0.992969          989       142.22
     779.775     0.993750          990       160.00
     839.679     0.994531          992       182.86
     839.679     0.995313          992       213.33
     849.919     0.996094          993       256.00
     849.919     0.996484          993       284.44
     849.919     0.996875          993       320.00
     855.551     0.997266          994       365.71
     855.551     0.997656          994       426.67
     858.111     0.998047          995       512.00
     858.111     0.998242          995       568.89
     858.111     0.998437          995       640.00
     858.111     0.998633          995       731.43
     858.111     0.998828          995       853.33
     866.815     0.999023          996      1024.00
     866.815     1.000000          996          inf
#[Mean    =      290.422, StdDeviation   =      180.899]
#[Max     =      866.304, Total count    =          996]
#[Buckets =           27, SubBuckets     =         2048]
-----------------------------------------------------------------------
  1478 requests in 30.00s, 450.90KB read
Requests/sec:     49.26  
Transfer/sec:     15.03KB
