Running 30s test @ http://10.106.139.161/?loopCount=25&base=6&exp=6
  5 threads and 5 connections

  Thread calibration: mean lat.: 517.964ms, rate sampling interval: 1554ms
  Thread calibration: mean lat.: 1015.441ms, rate sampling interval: 2955ms
  Thread calibration: mean lat.: 484.890ms, rate sampling interval: 1458ms
  Thread calibration: mean lat.: 399.390ms, rate sampling interval: 1349ms
  Thread calibration: mean lat.: 587.023ms, rate sampling interval: 1582ms

-----------------------------------------------------------------------
Test Results @ http://10.106.139.161/?loopCount=25&base=6&exp=6 
  Thread Stats   Avg      Stdev     99%   +/- Stdev
    Latency     1.30s   550.45ms   2.38s    63.48%
    Req/Sec     9.00      1.20    11.00     98.25%
  Latency Distribution (HdrHistogram - Recorded Latency)
 50.000%    1.28s 
 75.000%    1.67s 
 90.000%    2.17s 
 99.000%    2.38s 
 99.900%    2.40s 
 99.990%    2.40s 
 99.999%    2.40s 
100.000%    2.40s 

  Detailed Percentile spectrum:
       Value   Percentile   TotalCount 1/(1-Percentile)

     291.583     0.000000            1         1.00
     590.847     0.100000           98         1.11
     781.823     0.200000          193         1.25
     942.079     0.300000          289         1.43
    1077.247     0.400000          386         1.67
    1276.927     0.500000          483         2.00
    1315.839     0.550000          529         2.22
    1392.639     0.600000          581         2.50
    1478.655     0.650000          626         2.86
    1576.959     0.700000          673         3.33
    1674.239     0.750000          721         4.00
    1688.575     0.775000          745         4.44
    1785.855     0.800000          769         5.00
    2006.015     0.825000          793         5.71
    2079.743     0.850000          817         6.67
    2091.007     0.875000          841         8.00
    2105.343     0.887500          853         8.89
    2166.783     0.900000          865        10.00
    2181.119     0.912500          877        11.43
    2193.407     0.925000          890        13.33
    2207.743     0.937500          901        16.00
    2260.991     0.943750          908        17.78
    2267.135     0.950000          915        20.00
    2273.279     0.956250          919        22.86
    2277.375     0.962500          927        26.67
    2285.567     0.968750          934        32.00
    2285.567     0.971875          934        35.56
    2297.855     0.975000          937        40.00
    2320.383     0.978125          940        45.71
    2371.583     0.981250          943        53.33
    2377.727     0.984375          948        64.00
    2377.727     0.985938          948        71.11
    2379.775     0.987500          951        80.00
    2379.775     0.989062          951        91.43
    2387.967     0.990625          952       106.67
    2390.015     0.992188          954       128.00
    2392.063     0.992969          956       142.22
    2392.063     0.993750          956       160.00
    2392.063     0.994531          956       182.86
    2394.111     0.995313          957       213.33
    2398.207     0.996094          958       256.00
    2398.207     0.996484          958       284.44
    2398.207     0.996875          958       320.00
    2400.255     0.997266          959       365.71
    2400.255     0.997656          959       426.67
    2402.303     0.998047          961       512.00
    2402.303     1.000000          961          inf
#[Mean    =     1297.521, StdDeviation   =      550.445]
#[Max     =     2400.256, Total count    =          961]
#[Buckets =           27, SubBuckets     =         2048]
-----------------------------------------------------------------------
  1415 requests in 30.01s, 431.75KB read
Requests/sec:     47.16  
Transfer/sec:     14.39KB
