Running 30s test @ http://10.106.139.161/?loopCount=25&base=6&exp=6
  5 threads and 5 connections

  Thread calibration: mean lat.: 102.529ms, rate sampling interval: 412ms
  Thread calibration: mean lat.: 89.310ms, rate sampling interval: 347ms
  Thread calibration: mean lat.: 81.790ms, rate sampling interval: 341ms
  Thread calibration: mean lat.: 72.809ms, rate sampling interval: 198ms
  Thread calibration: mean lat.: 101.285ms, rate sampling interval: 381ms

-----------------------------------------------------------------------
Test Results @ http://10.106.139.161/?loopCount=25&base=6&exp=6 
  Thread Stats   Avg      Stdev     99%   +/- Stdev
    Latency   228.63ms  178.29ms 752.64ms   81.64%
    Req/Sec     9.41      2.59    15.00     80.95%
  Latency Distribution (HdrHistogram - Recorded Latency)
 50.000%  166.14ms
 75.000%  275.45ms
 90.000%  559.61ms
 99.000%  752.64ms
 99.900%  780.80ms
 99.990%  781.31ms
 99.999%  781.31ms
100.000%  781.31ms

  Detailed Percentile spectrum:
       Value   Percentile   TotalCount 1/(1-Percentile)

      27.727     0.000000            1         1.00
      74.111     0.100000           99         1.11
      81.279     0.200000          200         1.25
      89.599     0.300000          296         1.43
     153.087     0.400000          396         1.67
     166.143     0.500000          494         2.00
     173.695     0.550000          546         2.22
     179.327     0.600000          592         2.50
     249.215     0.650000          641         2.86
     259.071     0.700000          691         3.33
     275.455     0.750000          742         4.00
     285.695     0.775000          765         4.44
     358.655     0.800000          789         5.00
     375.551     0.825000          814         5.71
     454.143     0.850000          839         6.67
     476.927     0.875000          863         8.00
     551.935     0.887500          876         8.89
     560.127     0.900000          889        10.00
     565.759     0.912500          901        11.43
     573.951     0.925000          916        13.33
     583.167     0.937500          925        16.00
     648.703     0.943750          932        17.78
     651.775     0.950000          937        20.00
     655.871     0.956250          943        22.86
     658.431     0.962500          951        26.67
     662.527     0.968750          956        32.00
     666.623     0.971875          960        35.56
     669.183     0.975000          963        40.00
     671.743     0.978125          965        45.71
     673.791     0.981250          968        53.33
     676.863     0.984375          971        64.00
     751.103     0.985938          975        71.11
     751.103     0.987500          975        80.00
     752.639     0.989062          976        91.43
     753.663     0.990625          977       106.67
     754.687     0.992188          979       128.00
     757.247     0.992969          980       142.22
     757.247     0.993750          980       160.00
     760.319     0.994531          981       182.86
     761.343     0.995313          982       213.33
     773.631     0.996094          983       256.00
     773.631     0.996484          983       284.44
     773.631     0.996875          983       320.00
     774.143     0.997266          984       365.71
     774.143     0.997656          984       426.67
     780.799     0.998047          985       512.00
     780.799     0.998242          985       568.89
     780.799     0.998437          985       640.00
     780.799     0.998633          985       731.43
     780.799     0.998828          985       853.33
     781.311     0.999023          986      1024.00
     781.311     1.000000          986          inf
#[Mean    =      228.635, StdDeviation   =      178.292]
#[Max     =      780.800, Total count    =          986]
#[Buckets =           27, SubBuckets     =         2048]
-----------------------------------------------------------------------
  1475 requests in 30.00s, 449.78KB read
Requests/sec:     49.16  
Transfer/sec:     14.99KB
