Running 30s test @ http://10.106.139.161/?loopCount=25&base=6&exp=6
  5 threads and 5 connections

  Thread calibration: mean lat.: 97.121ms, rate sampling interval: 393ms
  Thread calibration: mean lat.: 94.841ms, rate sampling interval: 390ms
  Thread calibration: mean lat.: 78.236ms, rate sampling interval: 300ms
  Thread calibration: mean lat.: 91.237ms, rate sampling interval: 412ms
  Thread calibration: mean lat.: 93.699ms, rate sampling interval: 389ms

-----------------------------------------------------------------------
Test Results @ http://10.106.139.161/?loopCount=25&base=6&exp=6 
  Thread Stats   Avg      Stdev     99%   +/- Stdev
    Latency   126.78ms  112.31ms 517.63ms   86.94%
    Req/Sec     9.62      2.45    15.00     85.71%
  Latency Distribution (HdrHistogram - Recorded Latency)
 50.000%   96.70ms
 75.000%  154.49ms
 90.000%  294.91ms
 99.000%  517.63ms
 99.900%  615.93ms
 99.990%  620.03ms
 99.999%  620.03ms
100.000%  620.03ms

  Detailed Percentile spectrum:
       Value   Percentile   TotalCount 1/(1-Percentile)

      21.343     0.000000            1         1.00
      40.799     0.100000          102         1.11
      42.335     0.200000          201         1.25
      51.071     0.300000          301         1.43
      64.927     0.400000          402         1.67
      96.703     0.500000          502         2.00
     101.311     0.550000          552         2.22
     106.623     0.600000          603         2.50
     113.279     0.650000          652         2.86
     124.223     0.700000          703         3.33
     154.751     0.750000          753         4.00
     180.607     0.775000          778         4.44
     196.607     0.800000          803         5.00
     205.695     0.825000          828         5.71
     215.295     0.850000          853         6.67
     242.303     0.875000          878         8.00
     272.895     0.887500          891         8.89
     294.911     0.900000          903        10.00
     304.383     0.912500          917        11.43
     317.439     0.925000          928        13.33
     351.999     0.937500          941        16.00
     364.287     0.943750          947        17.78
     398.079     0.950000          953        20.00
     407.807     0.956250          961        22.86
     413.695     0.962500          966        26.67
     428.799     0.968750          972        32.00
     451.327     0.971875          975        35.56
     467.967     0.975000          978        40.00
     495.359     0.978125          982        45.71
     498.687     0.981250          985        53.33
     506.367     0.984375          988        64.00
     508.671     0.985938          989        71.11
     514.303     0.987500          991        80.00
     517.631     0.989062          993        91.43
     518.655     0.990625          994       106.67
     550.399     0.992188          996       128.00
     550.399     0.992969          996       142.22
     556.031     0.993750          997       160.00
     556.543     0.994531          998       182.86
     594.943     0.995313          999       213.33
     609.791     0.996094         1000       256.00
     609.791     0.996484         1000       284.44
     609.791     0.996875         1000       320.00
     615.423     0.997266         1001       365.71
     615.423     0.997656         1001       426.67
     615.935     0.998047         1002       512.00
     615.935     0.998242         1002       568.89
     615.935     0.998437         1002       640.00
     615.935     0.998633         1002       731.43
     615.935     0.998828         1002       853.33
     620.031     0.999023         1003      1024.00
     620.031     1.000000         1003          inf
#[Mean    =      126.784, StdDeviation   =      112.305]
#[Max     =      619.520, Total count    =         1003]
#[Buckets =           27, SubBuckets     =         2048]
-----------------------------------------------------------------------
  1495 requests in 30.00s, 455.85KB read
Requests/sec:     49.83  
Transfer/sec:     15.19KB
