Running 30s test @ http://10.106.139.161/?loopCount=25&base=6&exp=6
  5 threads and 5 connections

  Thread calibration: mean lat.: 50.367ms, rate sampling interval: 155ms
  Thread calibration: mean lat.: 47.187ms, rate sampling interval: 138ms
  Thread calibration: mean lat.: 49.987ms, rate sampling interval: 141ms
  Thread calibration: mean lat.: 49.240ms, rate sampling interval: 153ms
  Thread calibration: mean lat.: 54.155ms, rate sampling interval: 208ms

-----------------------------------------------------------------------
Test Results @ http://10.106.139.161/?loopCount=25&base=6&exp=6 
  Thread Stats   Avg      Stdev     99%   +/- Stdev
    Latency    52.63ms   27.75ms 141.95ms   83.85%
    Req/Sec     9.60      3.55    14.00     96.40%
  Latency Distribution (HdrHistogram - Recorded Latency)
 50.000%   41.92ms
 75.000%   44.74ms
 90.000%  105.54ms
 99.000%  141.95ms
 99.900%  196.48ms
 99.990%  256.51ms
 99.999%  256.51ms
100.000%  256.51ms

  Detailed Percentile spectrum:
       Value   Percentile   TotalCount 1/(1-Percentile)

      22.159     0.000000            2         1.00
      38.591     0.100000          103         1.11
      40.607     0.200000          203         1.25
      41.055     0.300000          303         1.43
      41.535     0.400000          407         1.67
      41.919     0.500000          507         2.00
      42.111     0.550000          556         2.22
      42.335     0.600000          606         2.50
      42.655     0.650000          652         2.86
      43.263     0.700000          700         3.33
      44.735     0.750000          748         4.00
      48.447     0.775000          773         4.44
      52.223     0.800000          798         5.00
      59.167     0.825000          823         5.71
      78.079     0.850000          848         6.67
     102.783     0.875000          873         8.00
     103.935     0.887500          885         8.89
     105.535     0.900000          898        10.00
     107.263     0.912500          910        11.43
     109.375     0.925000          923        13.33
     111.487     0.937500          935        16.00
     112.511     0.943750          941        17.78
     114.175     0.950000          948        20.00
     115.455     0.956250          954        22.86
     117.567     0.962500          960        26.67
     119.679     0.968750          966        32.00
     120.959     0.971875          969        35.56
     122.495     0.975000          973        40.00
     125.887     0.978125          976        45.71
     130.495     0.981250          979        53.33
     138.495     0.984375          982        64.00
     139.519     0.985938          983        71.11
     141.055     0.987500          985        80.00
     141.951     0.989062          987        91.43
     143.999     0.990625          988       106.67
     153.471     0.992188          990       128.00
     153.471     0.992969          990       142.22
     153.855     0.993750          991       160.00
     154.111     0.994531          992       182.86
     167.551     0.995313          993       213.33
     167.679     0.996094          994       256.00
     167.679     0.996484          994       284.44
     167.679     0.996875          994       320.00
     168.959     0.997266          995       365.71
     168.959     0.997656          995       426.67
     196.479     0.998047          996       512.00
     196.479     0.998242          996       568.89
     196.479     0.998437          996       640.00
     196.479     0.998633          996       731.43
     196.479     0.998828          996       853.33
     256.511     0.999023          997      1024.00
     256.511     1.000000          997          inf
#[Mean    =       52.633, StdDeviation   =       27.746]
#[Max     =      256.384, Total count    =          997]
#[Buckets =           27, SubBuckets     =         2048]
-----------------------------------------------------------------------
  1495 requests in 30.00s, 455.62KB read
Requests/sec:     49.83  
Transfer/sec:     15.19KB
