Running 1m test @ http://10.98.229.77/?loopCount=25&base=6&exp=6
  5 threads and 5 connections

  Thread calibration: mean lat.: 188.629ms, rate sampling interval: 690ms
  Thread calibration: mean lat.: 135.387ms, rate sampling interval: 494ms
  Thread calibration: mean lat.: 91.042ms, rate sampling interval: 334ms
  Thread calibration: mean lat.: 90.889ms, rate sampling interval: 356ms
  Thread calibration: mean lat.: 127.862ms, rate sampling interval: 468ms

-----------------------------------------------------------------------
Test Results @ http://10.98.229.77/?loopCount=25&base=6&exp=6 
  Thread Stats   Avg      Stdev     99%   +/- Stdev
    Latency    99.03ms   66.25ms 316.42ms   83.36%
    Req/Sec    14.52      2.21    20.00     82.57%
  Latency Distribution (HdrHistogram - Recorded Latency)
 50.000%   78.27ms
 75.000%  124.74ms
 90.000%  200.45ms
 99.000%  316.42ms
 99.900%  392.70ms
 99.990%  422.14ms
 99.999%  422.14ms
100.000%  422.14ms

  Detailed Percentile spectrum:
       Value   Percentile   TotalCount 1/(1-Percentile)

      21.215     0.000000            1         1.00
      40.671     0.100000          381         1.11
      42.559     0.200000          750         1.25
      52.607     0.300000         1122         1.43
      66.175     0.400000         1497         1.67
      78.271     0.500000         1871         2.00
      83.199     0.550000         2057         2.22
      90.687     0.600000         2244         2.50
     102.015     0.650000         2431         2.86
     112.575     0.700000         2619         3.33
     124.735     0.750000         2805         4.00
     135.935     0.775000         2901         4.44
     145.919     0.800000         2992         5.00
     153.727     0.825000         3086         5.71
     169.343     0.850000         3179         6.67
     183.039     0.875000         3272         8.00
     190.463     0.887500         3319         8.89
     200.703     0.900000         3367        10.00
     207.999     0.912500         3412        11.43
     215.167     0.925000         3459        13.33
     223.743     0.937500         3506        16.00
     229.887     0.943750         3529        17.78
     237.567     0.950000         3553        20.00
     245.247     0.956250         3576        22.86
     252.927     0.962500         3599        26.67
     266.239     0.968750         3623        32.00
     269.311     0.971875         3634        35.56
     274.175     0.975000         3647        40.00
     280.319     0.978125         3658        45.71
     285.695     0.981250         3669        53.33
     295.167     0.984375         3681        64.00
     302.335     0.985938         3687        71.11
     311.039     0.987500         3693        80.00
     313.599     0.989062         3699        91.43
     318.207     0.990625         3704       106.67
     331.007     0.992188         3710       128.00
     335.871     0.992969         3713       142.22
     338.431     0.993750         3716       160.00
     345.087     0.994531         3719       182.86
     354.559     0.995313         3722       213.33
     362.495     0.996094         3725       256.00
     365.311     0.996484         3726       284.44
     372.735     0.996875         3728       320.00
     377.855     0.997266         3729       365.71
     384.255     0.997656         3731       426.67
     384.511     0.998047         3732       512.00
     386.047     0.998242         3733       568.89
     389.887     0.998437         3734       640.00
     389.887     0.998633         3734       731.43
     392.703     0.998828         3735       853.33
     394.239     0.999023         3736      1024.00
     394.239     0.999121         3736      1137.78
     403.455     0.999219         3737      1280.00
     403.455     0.999316         3737      1462.86
     403.455     0.999414         3737      1706.67
     411.647     0.999512         3738      2048.00
     411.647     0.999561         3738      2275.56
     411.647     0.999609         3738      2560.00
     411.647     0.999658         3738      2925.71
     411.647     0.999707         3738      3413.33
     422.143     0.999756         3739      4096.00
     422.143     1.000000         3739          inf
#[Mean    =       99.030, StdDeviation   =       66.246]
#[Max     =      421.888, Total count    =         3739]
#[Buckets =           27, SubBuckets     =         2048]
-----------------------------------------------------------------------
  4483 requests in 1.00m, 1.33MB read
Requests/sec:     74.71  
Transfer/sec:     22.77KB
