Running 30s test @ http://10.106.139.161/?loopCount=25&base=6&exp=6
  1 threads and 1 connections

  Thread calibration: mean lat.: 3151.930ms, rate sampling interval: 9699ms

-----------------------------------------------------------------------
Test Results @ http://10.106.139.161/?loopCount=25&base=6&exp=6 
  Thread Stats   Avg      Stdev     99%   +/- Stdev
    Latency    10.12s     2.83s   14.11s    50.72%
    Req/Sec    13.00      1.00    14.00    100.00%
  Latency Distribution (HdrHistogram - Recorded Latency)
 50.000%   10.74s 
 75.000%   12.94s 
 90.000%   13.54s 
 99.000%   14.11s 
 99.900%   14.12s 
 99.990%   14.12s 
 99.999%   14.12s 
100.000%   14.12s 

  Detailed Percentile spectrum:
       Value   Percentile   TotalCount 1/(1-Percentile)

    5169.151     0.000000            1         1.00
    5894.143     0.100000           29         1.11
    6983.679     0.200000           56         1.25
    7970.815     0.300000           84         1.43
    9494.527     0.400000          111         1.67
   10739.711     0.500000          138         2.00
   11247.615     0.550000          152         2.22
   11624.447     0.600000          166         2.50
   11730.943     0.650000          185         2.86
   12034.047     0.700000          194         3.33
   12935.167     0.750000          207         4.00
   13008.895     0.775000          216         4.44
   13049.855     0.800000          222         5.00
   13189.119     0.825000          232         5.71
   13238.271     0.850000          235         6.67
   13402.111     0.875000          242         8.00
   13443.071     0.887500          245         8.89
   13541.375     0.900000          250        10.00
   13557.759     0.912500          252        11.43
   13787.135     0.925000          256        13.33
   13934.591     0.937500          259        16.00
   13942.783     0.943750          261        17.78
   13959.167     0.950000          263        20.00
   13967.359     0.956250          265        22.86
   13975.551     0.962500          269        26.67
   13975.551     0.968750          269        32.00
   13975.551     0.971875          269        35.56
   14016.511     0.975000          271        40.00
   14016.511     0.978125          271        45.71
   14016.511     0.981250          271        53.33
   14057.471     0.984375          272        64.00
   14106.623     0.985938          274        71.11
   14106.623     0.987500          274        80.00
   14106.623     0.989062          274        91.43
   14106.623     0.990625          274       106.67
   14106.623     0.992188          274       128.00
   14123.007     0.992969          276       142.22
   14123.007     1.000000          276          inf
#[Mean    =    10122.151, StdDeviation   =     2827.092]
#[Max     =    14114.816, Total count    =          276]
#[Buckets =           27, SubBuckets     =         2048]
-----------------------------------------------------------------------
  396 requests in 30.00s, 120.74KB read
Requests/sec:     13.20  
Transfer/sec:      4.02KB
