Running 30s test @ http://10.106.139.161/?loopCount=25&base=6&exp=6
  5 threads and 5 connections

  Thread calibration: mean lat.: 278.345ms, rate sampling interval: 736ms
  Thread calibration: mean lat.: 304.605ms, rate sampling interval: 1049ms
  Thread calibration: mean lat.: 155.538ms, rate sampling interval: 478ms
  Thread calibration: mean lat.: 156.403ms, rate sampling interval: 450ms
  Thread calibration: mean lat.: 175.905ms, rate sampling interval: 506ms

-----------------------------------------------------------------------
Test Results @ http://10.106.139.161/?loopCount=25&base=6&exp=6 
  Thread Stats   Avg      Stdev     99%   +/- Stdev
    Latency    86.00ms   60.92ms 292.35ms   84.42%
    Req/Sec    14.48      1.71    17.00     94.12%
  Latency Distribution (HdrHistogram - Recorded Latency)
 50.000%   61.53ms
 75.000%  105.21ms
 90.000%  173.95ms
 99.000%  292.35ms
 99.900%  405.76ms
 99.990%  451.84ms
 99.999%  451.84ms
100.000%  451.84ms

  Detailed Percentile spectrum:
       Value   Percentile   TotalCount 1/(1-Percentile)

      21.551     0.000000            1         1.00
      40.607     0.100000          156         1.11
      41.279     0.200000          302         1.25
      43.967     0.300000          453         1.43
      52.959     0.400000          604         1.67
      61.535     0.500000          755         2.00
      68.415     0.550000          832         2.22
      75.775     0.600000          905         2.50
      83.711     0.650000          981         2.86
      92.991     0.700000         1057         3.33
     105.215     0.750000         1132         4.00
     113.663     0.775000         1170         4.44
     124.351     0.800000         1207         5.00
     133.887     0.825000         1245         5.71
     148.223     0.850000         1284         6.67
     159.359     0.875000         1320         8.00
     166.783     0.887500         1339         8.89
     174.079     0.900000         1359        10.00
     180.095     0.912500         1377        11.43
     191.231     0.925000         1395        13.33
     200.319     0.937500         1414        16.00
     207.487     0.943750         1424        17.78
     214.783     0.950000         1433        20.00
     223.615     0.956250         1443        22.86
     230.527     0.962500         1452        26.67
     241.919     0.968750         1461        32.00
     246.271     0.971875         1466        35.56
     252.159     0.975000         1471        40.00
     257.407     0.978125         1476        45.71
     264.959     0.981250         1480        53.33
     277.247     0.984375         1485        64.00
     279.807     0.985938         1487        71.11
     282.623     0.987500         1490        80.00
     292.095     0.989062         1492        91.43
     302.335     0.990625         1494       106.67
     318.463     0.992188         1497       128.00
     322.559     0.992969         1498       142.22
     328.703     0.993750         1499       160.00
     331.775     0.994531         1500       182.86
     346.623     0.995313         1501       213.33
     360.447     0.996094         1503       256.00
     360.447     0.996484         1503       284.44
     375.039     0.996875         1504       320.00
     375.039     0.997266         1504       365.71
     400.639     0.997656         1505       426.67
     405.759     0.998047         1506       512.00
     405.759     0.998242         1506       568.89
     405.759     0.998437         1506       640.00
     405.759     0.998633         1506       731.43
     427.007     0.998828         1507       853.33
     427.007     0.999023         1507      1024.00
     427.007     0.999121         1507      1137.78
     427.007     0.999219         1507      1280.00
     427.007     0.999316         1507      1462.86
     451.839     0.999414         1508      1706.67
     451.839     1.000000         1508          inf
#[Mean    =       85.999, StdDeviation   =       60.918]
#[Max     =      451.584, Total count    =         1508]
#[Buckets =           27, SubBuckets     =         2048]
-----------------------------------------------------------------------
  2245 requests in 30.00s, 684.13KB read
Requests/sec:     74.83  
Transfer/sec:     22.80KB
