Running 30s test @ http://10.106.139.161/?loopCount=25&base=6&exp=6
  5 threads and 5 connections

  Thread calibration: mean lat.: 223.284ms, rate sampling interval: 709ms
  Thread calibration: mean lat.: 156.032ms, rate sampling interval: 521ms
  Thread calibration: mean lat.: 464.128ms, rate sampling interval: 1339ms
  Thread calibration: mean lat.: 185.315ms, rate sampling interval: 549ms
  Thread calibration: mean lat.: 186.642ms, rate sampling interval: 541ms

-----------------------------------------------------------------------
Test Results @ http://10.106.139.161/?loopCount=25&base=6&exp=6 
  Thread Stats   Avg      Stdev     99%   +/- Stdev
    Latency   311.94ms  189.09ms 879.10ms   76.03%
    Req/Sec     9.36      1.51    13.00     93.42%
  Latency Distribution (HdrHistogram - Recorded Latency)
 50.000%  268.03ms
 75.000%  449.54ms
 90.000%  564.22ms
 99.000%  879.10ms
 99.900%  960.51ms
 99.990%  960.51ms
 99.999%  960.51ms
100.000%  960.51ms

  Detailed Percentile spectrum:
       Value   Percentile   TotalCount 1/(1-Percentile)

      65.023     0.000000            1         1.00
      86.975     0.100000          100         1.11
     159.231     0.200000          199         1.25
     169.855     0.300000          299         1.43
     193.407     0.400000          398         1.67
     268.031     0.500000          498         2.00
     283.135     0.550000          548         2.22
     355.583     0.600000          597         2.50
     366.591     0.650000          647         2.86
     375.039     0.700000          698         3.33
     449.535     0.750000          746         4.00
     453.119     0.775000          770         4.44
     459.007     0.800000          795         5.00
     465.151     0.825000          820         5.71
     474.367     0.850000          845         6.67
     487.167     0.875000          869         8.00
     553.471     0.887500          882         8.89
     564.223     0.900000          894        10.00
     587.775     0.912500          907        11.43
     664.575     0.925000          919        13.33
     669.183     0.937500          932        16.00
     673.791     0.943750          939        17.78
     676.351     0.950000          945        20.00
     677.887     0.956250          951        22.86
     684.543     0.962500          957        26.67
     752.127     0.968750          962        32.00
     776.191     0.971875          966        35.56
     850.431     0.975000          969        40.00
     863.231     0.978125          972        45.71
     867.327     0.981250          975        53.33
     871.935     0.984375          978        64.00
     875.007     0.985938          980        71.11
     877.055     0.987500          981        80.00
     879.103     0.989062          983        91.43
     882.175     0.990625          984       106.67
     886.783     0.992188          986       128.00
     951.295     0.992969          987       142.22
     951.295     0.993750          987       160.00
     954.879     0.994531          988       182.86
     955.391     0.995313          989       213.33
     958.975     0.996094          990       256.00
     958.975     0.996484          990       284.44
     958.975     0.996875          990       320.00
     959.487     0.997266          991       365.71
     959.487     0.997656          991       426.67
     960.511     0.998047          993       512.00
     960.511     1.000000          993          inf
#[Mean    =      311.940, StdDeviation   =      189.094]
#[Max     =      960.000, Total count    =          993]
#[Buckets =           27, SubBuckets     =         2048]
-----------------------------------------------------------------------
  1483 requests in 30.00s, 452.44KB read
Requests/sec:     49.43  
Transfer/sec:     15.08KB
