Running 30s test @ http://10.106.139.161/?loopCount=25&base=6&exp=6
  5 threads and 5 connections

  Thread calibration: mean lat.: 483.142ms, rate sampling interval: 1235ms
  Thread calibration: mean lat.: 206.949ms, rate sampling interval: 593ms
  Thread calibration: mean lat.: 315.043ms, rate sampling interval: 1301ms
  Thread calibration: mean lat.: 426.341ms, rate sampling interval: 1292ms
  Thread calibration: mean lat.: 353.438ms, rate sampling interval: 1001ms

-----------------------------------------------------------------------
Test Results @ http://10.106.139.161/?loopCount=25&base=6&exp=6 
  Thread Stats   Avg      Stdev     99%   +/- Stdev
    Latency   291.51ms  204.64ms 877.57ms   71.61%
    Req/Sec    14.49      2.04    18.00     83.67%
  Latency Distribution (HdrHistogram - Recorded Latency)
 50.000%  229.50ms
 75.000%  389.38ms
 90.000%  602.11ms
 99.000%  877.57ms
 99.900%  939.52ms
 99.990%  965.63ms
 99.999%  965.63ms
100.000%  965.63ms

  Detailed Percentile spectrum:
       Value   Percentile   TotalCount 1/(1-Percentile)

      28.479     0.000000            1         1.00
      85.567     0.100000          151         1.11
     119.231     0.200000          301         1.25
     150.783     0.300000          453         1.43
     186.751     0.400000          602         1.67
     229.503     0.500000          752         2.00
     259.583     0.550000          828         2.22
     285.951     0.600000          904         2.50
     314.879     0.650000          978         2.86
     350.463     0.700000         1053         3.33
     389.375     0.750000         1128         4.00
     412.159     0.775000         1166         4.44
     445.951     0.800000         1204         5.00
     498.431     0.825000         1241         5.71
     544.255     0.850000         1279         6.67
     573.439     0.875000         1316         8.00
     588.287     0.887500         1335         8.89
     602.111     0.900000         1354        10.00
     626.687     0.912500         1374        11.43
     664.063     0.925000         1392        13.33
     694.783     0.937500         1411        16.00
     702.463     0.943750         1420        17.78
     719.871     0.950000         1430        20.00
     731.135     0.956250         1439        22.86
     750.079     0.962500         1448        26.67
     764.415     0.968750         1457        32.00
     782.335     0.971875         1462        35.56
     802.815     0.975000         1467        40.00
     820.223     0.978125         1472        45.71
     839.679     0.981250         1476        53.33
     861.695     0.984375         1481        64.00
     864.767     0.985938         1483        71.11
     872.959     0.987500         1486        80.00
     875.519     0.989062         1488        91.43
     879.103     0.990625         1490       106.67
     900.095     0.992188         1493       128.00
     902.655     0.992969         1494       142.22
     909.311     0.993750         1495       160.00
     913.407     0.994531         1496       182.86
     928.255     0.995313         1497       213.33
     932.351     0.996094         1499       256.00
     932.351     0.996484         1499       284.44
     935.423     0.996875         1500       320.00
     935.423     0.997266         1500       365.71
     939.519     0.997656         1502       426.67
     939.519     0.998047         1502       512.00
     939.519     0.998242         1502       568.89
     939.519     0.998437         1502       640.00
     939.519     0.998633         1502       731.43
     963.583     0.998828         1503       853.33
     963.583     0.999023         1503      1024.00
     963.583     0.999121         1503      1137.78
     963.583     0.999219         1503      1280.00
     963.583     0.999316         1503      1462.86
     965.631     0.999414         1504      1706.67
     965.631     1.000000         1504          inf
#[Mean    =      291.512, StdDeviation   =      204.637]
#[Max     =      965.120, Total count    =         1504]
#[Buckets =           27, SubBuckets     =         2048]
-----------------------------------------------------------------------
  2235 requests in 30.00s, 681.17KB read
Requests/sec:     74.49  
Transfer/sec:     22.70KB
