Running 30s test @ http://10.106.139.161/?loopCount=25&base=6&exp=6
  1 threads and 1 connections

  Thread calibration: mean lat.: 526.097ms, rate sampling interval: 1966ms

-----------------------------------------------------------------------
Test Results @ http://10.106.139.161/?loopCount=25&base=6&exp=6 
  Thread Stats   Avg      Stdev     99%   +/- Stdev
    Latency     2.18s   607.31ms   3.14s    56.57%
    Req/Sec    21.80      1.40    23.00     90.00%
  Latency Distribution (HdrHistogram - Recorded Latency)
 50.000%    1.94s 
 75.000%    2.80s 
 90.000%    2.98s 
 99.000%    3.14s 
 99.900%    3.16s 
 99.990%    3.16s 
 99.999%    3.16s 
100.000%    3.16s 

  Detailed Percentile spectrum:
       Value   Percentile   TotalCount 1/(1-Percentile)

    1094.655     0.000000            1         1.00
    1310.719     0.100000           45         1.11
    1579.007     0.200000           92         1.25
    1788.927     0.300000          135         1.43
    1859.583     0.400000          181         1.67
    1941.503     0.500000          225         2.00
    2164.735     0.550000          248         2.22
    2447.359     0.600000          270         2.50
    2654.207     0.650000          293         2.86
    2711.551     0.700000          316         3.33
    2797.567     0.750000          337         4.00
    2803.711     0.775000          348         4.44
    2815.999     0.800000          362         5.00
    2838.527     0.825000          371         5.71
    2920.447     0.850000          382         6.67
    2967.551     0.875000          394         8.00
    2973.695     0.887500          401         8.89
    2998.271     0.900000          405        10.00
    3022.847     0.912500          412        11.43
    3026.943     0.925000          418        13.33
    3053.567     0.937500          421        16.00
    3065.855     0.943750          424        17.78
    3069.951     0.950000          431        20.00
    3069.951     0.956250          431        22.86
    3074.047     0.962500          434        26.67
    3086.335     0.968750          435        32.00
    3094.527     0.971875          437        35.56
    3096.575     0.975000          438        40.00
    3102.719     0.978125          440        45.71
    3119.103     0.981250          442        53.33
    3119.103     0.984375          442        64.00
    3143.679     0.985938          445        71.11
    3143.679     0.987500          445        80.00
    3143.679     0.989062          445        91.43
    3143.679     0.990625          445       106.67
    3153.919     0.992188          447       128.00
    3153.919     0.992969          447       142.22
    3153.919     0.993750          447       160.00
    3153.919     0.994531          447       182.86
    3153.919     0.995313          447       213.33
    3158.015     0.996094          448       256.00
    3158.015     0.996484          448       284.44
    3158.015     0.996875          448       320.00
    3158.015     0.997266          448       365.71
    3158.015     0.997656          448       426.67
    3160.063     0.998047          449       512.00
    3160.063     1.000000          449          inf
#[Mean    =     2178.335, StdDeviation   =      607.315]
#[Max     =     3158.016, Total count    =          449]
#[Buckets =           27, SubBuckets     =         2048]
-----------------------------------------------------------------------
  671 requests in 30.00s, 204.45KB read
Requests/sec:     22.36  
Transfer/sec:      6.81KB
