Running 30s test @ http://10.106.139.161/?loopCount=25&base=6&exp=6
  1 threads and 1 connections

  Thread calibration: mean lat.: 2739.410ms, rate sampling interval: 8765ms

-----------------------------------------------------------------------
Test Results @ http://10.106.139.161/?loopCount=25&base=6&exp=6 
  Thread Stats   Avg      Stdev     99%   +/- Stdev
    Latency     9.34s     2.68s   13.71s    54.68%
    Req/Sec    13.50      0.50    14.00    100.00%
  Latency Distribution (HdrHistogram - Recorded Latency)
 50.000%    9.75s 
 75.000%   11.82s 
 90.000%   12.83s 
 99.000%   13.71s 
 99.900%   13.74s 
 99.990%   13.74s 
 99.999%   13.74s 
100.000%   13.74s 

  Detailed Percentile spectrum:
       Value   Percentile   TotalCount 1/(1-Percentile)

    4878.335     0.000000            4         1.00
    5754.879     0.100000           33         1.11
    6451.199     0.200000           58         1.25
    7266.303     0.300000           84         1.43
    8544.255     0.400000          112         1.67
    9748.479     0.500000          139         2.00
    9953.279     0.550000          153         2.22
   10354.687     0.600000          168         2.50
   10715.135     0.650000          181         2.86
   11247.615     0.700000          195         3.33
   11821.055     0.750000          209         4.00
   11886.591     0.775000          217         4.44
   12238.847     0.800000          223         5.00
   12378.111     0.825000          230         5.71
   12689.407     0.850000          238         6.67
   12779.519     0.875000          245         8.00
   12795.903     0.887500          247         8.89
   12828.671     0.900000          251        10.00
   12918.783     0.912500          254        11.43
   13066.239     0.925000          258        13.33
   13074.431     0.937500          261        16.00
   13123.583     0.943750          263        17.78
   13139.967     0.950000          265        20.00
   13205.503     0.956250          267        22.86
   13246.463     0.962500          268        26.67
   13377.535     0.968750          270        32.00
   13410.303     0.971875          271        35.56
   13484.031     0.975000          272        40.00
   13484.031     0.978125          272        45.71
   13615.103     0.981250          273        53.33
   13672.447     0.984375          274        64.00
   13713.407     0.985938          276        71.11
   13713.407     0.987500          276        80.00
   13713.407     0.989062          276        91.43
   13713.407     0.990625          276       106.67
   13713.407     0.992188          276       128.00
   13729.791     0.992969          277       142.22
   13729.791     0.993750          277       160.00
   13729.791     0.994531          277       182.86
   13729.791     0.995313          277       213.33
   13729.791     0.996094          277       256.00
   13737.983     0.996484          278       284.44
   13737.983     1.000000          278          inf
#[Mean    =     9343.249, StdDeviation   =     2679.841]
#[Max     =    13729.792, Total count    =          278]
#[Buckets =           27, SubBuckets     =         2048]
-----------------------------------------------------------------------
  406 requests in 30.01s, 123.78KB read
Requests/sec:     13.53  
Transfer/sec:      4.13KB
