Running 20s test @ http://10.97.91.39/?loopCount=25&base=6&exp=6
  5 threads and 5 connections

  Thread calibration: mean lat.: 2609.312ms, rate sampling interval: 9682ms
  Thread calibration: mean lat.: 2772.951ms, rate sampling interval: 10543ms
  Thread calibration: mean lat.: 2867.327ms, rate sampling interval: 10280ms
  Thread calibration: mean lat.: 2604.685ms, rate sampling interval: 9289ms
  Thread calibration: mean lat.: 2817.100ms, rate sampling interval: 10412ms

-----------------------------------------------------------------------
Test Results @ http://10.97.91.39/?loopCount=25&base=6&exp=6 
  Thread Stats   Avg      Stdev     99%   +/- Stdev
    Latency     8.49s     1.63s   11.38s    59.88%
    Req/Sec     6.00      0.00     6.00    100.00%
  Latency Distribution (HdrHistogram - Recorded Latency)
 50.000%    8.51s 
 75.000%    9.82s 
 90.000%   10.71s 
 99.000%   11.38s 
 99.900%   11.51s 
 99.990%   11.51s 
 99.999%   11.51s 
100.000%   11.51s 

  Detailed Percentile spectrum:
       Value   Percentile   TotalCount 1/(1-Percentile)

    5107.711     0.000000            1         1.00
    6307.839     0.100000           34         1.11
    6811.647     0.200000           67         1.25
    7401.471     0.300000          101         1.43
    7909.375     0.400000          134         1.67
    8511.487     0.500000          167         2.00
    8871.935     0.550000          185         2.22
    9043.967     0.600000          201         2.50
    9273.343     0.650000          220         2.86
    9527.295     0.700000          234         3.33
    9822.207     0.750000          252         4.00
    9936.895     0.775000          259         4.44
   10133.503     0.800000          268         5.00
   10215.423     0.825000          276         5.71
   10403.839     0.850000          285         6.67
   10567.679     0.875000          293         8.00
   10641.407     0.887500          297         8.89
   10706.943     0.900000          301        10.00
   10805.247     0.912500          305        11.43
   10936.319     0.925000          309        13.33
   11067.391     0.937500          314        16.00
   11132.927     0.943750          316        17.78
   11206.655     0.950000          318        20.00
   11223.039     0.956250          320        22.86
   11247.615     0.962500          322        26.67
   11272.191     0.968750          324        32.00
   11280.383     0.971875          325        35.56
   11296.767     0.975000          326        40.00
   11304.959     0.978125          327        45.71
   11321.343     0.981250          328        53.33
   11345.919     0.984375          329        64.00
   11354.111     0.985938          330        71.11
   11354.111     0.987500          330        80.00
   11378.687     0.989062          332        91.43
   11378.687     0.990625          332       106.67
   11378.687     0.992188          332       128.00
   11378.687     0.992969          332       142.22
   11378.687     0.993750          332       160.00
   11411.455     0.994531          333       182.86
   11411.455     0.995313          333       213.33
   11411.455     0.996094          333       256.00
   11411.455     0.996484          333       284.44
   11411.455     0.996875          333       320.00
   11509.759     0.997266          334       365.71
   11509.759     1.000000          334          inf
#[Mean    =     8490.143, StdDeviation   =     1625.400]
#[Max     =    11501.568, Total count    =          334]
#[Buckets =           27, SubBuckets     =         2048]
-----------------------------------------------------------------------
  656 requests in 20.00s, 200.38KB read
Requests/sec:     32.80  
Transfer/sec:     10.02KB
