Running 20s test @ http://10.97.91.39/?loopCount=25&base=6&exp=6
  5 threads and 5 connections

  Thread calibration: mean lat.: 247.638ms, rate sampling interval: 858ms
  Thread calibration: mean lat.: 171.693ms, rate sampling interval: 470ms
  Thread calibration: mean lat.: 181.441ms, rate sampling interval: 489ms
  Thread calibration: mean lat.: 221.997ms, rate sampling interval: 666ms
  Thread calibration: mean lat.: 284.218ms, rate sampling interval: 849ms

-----------------------------------------------------------------------
Test Results @ http://10.97.91.39/?loopCount=25&base=6&exp=6 
  Thread Stats   Avg      Stdev     99%   +/- Stdev
    Latency   175.36ms   69.29ms 346.88ms   87.06%
    Req/Sec     4.68      0.91     6.00    100.00%
  Latency Distribution (HdrHistogram - Recorded Latency)
 50.000%  142.34ms
 75.000%  225.79ms
 90.000%  246.65ms
 99.000%  346.88ms
 99.900%  437.76ms
 99.990%  437.76ms
 99.999%  437.76ms
100.000%  437.76ms

  Detailed Percentile spectrum:
       Value   Percentile   TotalCount 1/(1-Percentile)

      43.199     0.000000            1         1.00
     133.503     0.100000           26         1.11
     136.831     0.200000           51         1.25
     139.263     0.300000           78         1.43
     141.439     0.400000          102         1.67
     142.335     0.500000          129         2.00
     143.103     0.550000          141         2.22
     143.743     0.600000          154         2.50
     144.767     0.650000          166         2.86
     151.423     0.700000          179         3.33
     225.919     0.750000          192         4.00
     226.559     0.775000          198         4.44
     231.551     0.800000          204         5.00
     233.983     0.825000          211         5.71
     236.031     0.850000          217         6.67
     240.511     0.875000          224         8.00
     243.583     0.887500          228         8.89
     246.655     0.900000          230        10.00
     324.607     0.912500          233        11.43
     328.191     0.925000          236        13.33
     333.823     0.937500          241        16.00
     333.823     0.943750          241        17.78
     339.711     0.950000          243        20.00
     339.967     0.956250          245        22.86
     340.479     0.962500          246        26.67
     342.271     0.968750          248        32.00
     342.271     0.971875          248        35.56
     343.039     0.975000          250        40.00
     343.039     0.978125          250        45.71
     343.551     0.981250          251        53.33
     346.879     0.984375          252        64.00
     346.879     0.985938          252        71.11
     346.879     0.987500          252        80.00
     432.127     0.989062          253        91.43
     432.127     0.990625          253       106.67
     437.247     0.992188          254       128.00
     437.247     0.992969          254       142.22
     437.247     0.993750          254       160.00
     437.247     0.994531          254       182.86
     437.247     0.995313          254       213.33
     437.759     0.996094          255       256.00
     437.759     1.000000          255          inf
#[Mean    =      175.362, StdDeviation   =       69.293]
#[Max     =      437.504, Total count    =          255]
#[Buckets =           27, SubBuckets     =         2048]
-----------------------------------------------------------------------
  495 requests in 20.00s, 151.29KB read
Requests/sec:     24.75  
Transfer/sec:      7.56KB
