Running 30s test @ http://10.106.139.161/?loopCount=25&base=6&exp=6
  5 threads and 5 connections

  Thread calibration: mean lat.: 431.301ms, rate sampling interval: 1145ms
  Thread calibration: mean lat.: 498.258ms, rate sampling interval: 1483ms
  Thread calibration: mean lat.: 431.030ms, rate sampling interval: 1704ms
  Thread calibration: mean lat.: 952.253ms, rate sampling interval: 3002ms
  Thread calibration: mean lat.: 560.294ms, rate sampling interval: 1934ms

-----------------------------------------------------------------------
Test Results @ http://10.106.139.161/?loopCount=25&base=6&exp=6 
  Thread Stats   Avg      Stdev     99%   +/- Stdev
    Latency     1.75s   893.71ms   4.03s    67.78%
    Req/Sec     8.79      1.39    12.00     92.98%
  Latency Distribution (HdrHistogram - Recorded Latency)
 50.000%    1.73s 
 75.000%    2.33s 
 90.000%    2.83s 
 99.000%    4.03s 
 99.900%    4.05s 
 99.990%    4.08s 
 99.999%    4.08s 
100.000%    4.08s 

  Detailed Percentile spectrum:
       Value   Percentile   TotalCount 1/(1-Percentile)

      46.815     0.000000            1         1.00
     541.695     0.100000           94         1.11
     967.679     0.200000          187         1.25
    1199.103     0.300000          280         1.43
    1487.871     0.400000          374         1.67
    1732.607     0.500000          467         2.00
    1887.231     0.550000          513         2.22
    1960.959     0.600000          560         2.50
    2080.767     0.650000          606         2.86
    2203.647     0.700000          654         3.33
    2330.623     0.750000          700         4.00
    2402.303     0.775000          724         4.44
    2469.887     0.800000          745         5.00
    2547.711     0.825000          769         5.71
    2672.639     0.850000          792         6.67
    2748.415     0.875000          816         8.00
    2779.135     0.887500          827         8.89
    2830.335     0.900000          838        10.00
    2934.783     0.912500          850        11.43
    3000.319     0.925000          862        13.33
    3231.743     0.937500          873        16.00
    3377.151     0.943750          879        17.78
    3481.599     0.950000          885        20.00
    3543.039     0.956250          891        22.86
    3639.295     0.962500          897        26.67
    3731.455     0.968750          902        32.00
    3790.847     0.971875          905        35.56
    3846.143     0.975000          908        40.00
    3946.495     0.978125          912        45.71
    3979.263     0.981250          914        53.33
    3995.647     0.984375          917        64.00
    4001.791     0.985938          918        71.11
    4003.839     0.987500          920        80.00
    4030.463     0.989062          921        91.43
    4034.559     0.990625          924       106.67
    4034.559     0.992188          924       128.00
    4038.655     0.992969          926       142.22
    4038.655     0.993750          926       160.00
    4038.655     0.994531          926       182.86
    4042.751     0.995313          927       213.33
    4046.847     0.996094          928       256.00
    4046.847     0.996484          928       284.44
    4050.943     0.996875          929       320.00
    4050.943     0.997266          929       365.71
    4050.943     0.997656          929       426.67
    4052.991     0.998047          930       512.00
    4052.991     0.998242          930       568.89
    4052.991     0.998437          930       640.00
    4052.991     0.998633          930       731.43
    4052.991     0.998828          930       853.33
    4075.519     0.999023          931      1024.00
    4075.519     1.000000          931          inf
#[Mean    =     1753.596, StdDeviation   =      893.708]
#[Max     =     4073.472, Total count    =          931]
#[Buckets =           27, SubBuckets     =         2048]
-----------------------------------------------------------------------
  1381 requests in 30.00s, 421.44KB read
Requests/sec:     46.03  
Transfer/sec:     14.05KB
