Running 30s test @ http://10.106.139.161/?loopCount=25&base=6&exp=6
  5 threads and 5 connections

  Thread calibration: mean lat.: 136.074ms, rate sampling interval: 672ms
  Thread calibration: mean lat.: 115.921ms, rate sampling interval: 551ms
  Thread calibration: mean lat.: 105.461ms, rate sampling interval: 445ms
  Thread calibration: mean lat.: 74.221ms, rate sampling interval: 321ms
  Thread calibration: mean lat.: 81.690ms, rate sampling interval: 335ms

-----------------------------------------------------------------------
Test Results @ http://10.106.139.161/?loopCount=25&base=6&exp=6 
  Thread Stats   Avg      Stdev     99%   +/- Stdev
    Latency    84.94ms   66.30ms 334.33ms   84.81%
    Req/Sec     9.33      1.88    14.00     90.00%
  Latency Distribution (HdrHistogram - Recorded Latency)
 50.000%   53.50ms
 75.000%   96.64ms
 90.000%  171.13ms
 99.000%  334.33ms
 99.900%  381.44ms
 99.990%  393.73ms
 99.999%  393.73ms
100.000%  393.73ms

  Detailed Percentile spectrum:
       Value   Percentile   TotalCount 1/(1-Percentile)

      21.727     0.000000            1         1.00
      40.735     0.100000          106         1.11
      41.183     0.200000          201         1.25
      41.855     0.300000          300         1.43
      48.991     0.400000          399         1.67
      53.503     0.500000          498         2.00
      61.567     0.550000          547         2.22
      69.311     0.600000          597         2.50
      78.015     0.650000          648         2.86
      86.527     0.700000          696         3.33
      96.639     0.750000          746         4.00
     106.175     0.775000          771         4.44
     119.423     0.800000          797         5.00
     127.423     0.825000          821         5.71
     154.751     0.850000          845         6.67
     164.735     0.875000          870         8.00
     169.087     0.887500          886         8.89
     171.135     0.900000          895        10.00
     178.559     0.912500          908        11.43
     186.623     0.925000          920        13.33
     217.343     0.937500          932        16.00
     230.783     0.943750          939        17.78
     254.591     0.950000          945        20.00
     261.247     0.956250          951        22.86
     264.191     0.962500          957        26.67
     269.567     0.968750          963        32.00
     275.455     0.971875          967        35.56
     286.207     0.975000          970        40.00
     290.303     0.978125          973        45.71
     295.167     0.981250          976        53.33
     298.239     0.984375          979        64.00
     319.231     0.985938          981        71.11
     323.071     0.987500          982        80.00
     334.335     0.989062          984        91.43
     337.919     0.990625          985       106.67
     360.447     0.992188          987       128.00
     360.703     0.992969          988       142.22
     360.703     0.993750          988       160.00
     361.727     0.994531          989       182.86
     361.983     0.995313          990       213.33
     365.823     0.996094          991       256.00
     365.823     0.996484          991       284.44
     365.823     0.996875          991       320.00
     368.895     0.997266          992       365.71
     368.895     0.997656          992       426.67
     381.439     0.998047          993       512.00
     381.439     0.998242          993       568.89
     381.439     0.998437          993       640.00
     381.439     0.998633          993       731.43
     381.439     0.998828          993       853.33
     393.727     0.999023          994      1024.00
     393.727     1.000000          994          inf
#[Mean    =       84.940, StdDeviation   =       66.303]
#[Max     =      393.472, Total count    =          994]
#[Buckets =           27, SubBuckets     =         2048]
-----------------------------------------------------------------------
  1489 requests in 30.01s, 453.88KB read
Requests/sec:     49.62  
Transfer/sec:     15.13KB
