Running 30s test @ http://10.106.139.161/?loopCount=25&base=6&exp=6
  5 threads and 5 connections

  Thread calibration: mean lat.: 61.705ms, rate sampling interval: 217ms
  Thread calibration: mean lat.: 69.201ms, rate sampling interval: 242ms
  Thread calibration: mean lat.: 79.501ms, rate sampling interval: 345ms
  Thread calibration: mean lat.: 67.269ms, rate sampling interval: 238ms
  Thread calibration: mean lat.: 61.355ms, rate sampling interval: 217ms

-----------------------------------------------------------------------
Test Results @ http://10.106.139.161/?loopCount=25&base=6&exp=6 
  Thread Stats   Avg      Stdev     99%   +/- Stdev
    Latency    55.96ms   31.72ms 171.13ms   85.50%
    Req/Sec     9.60      2.24    14.00     83.99%
  Latency Distribution (HdrHistogram - Recorded Latency)
 50.000%   41.92ms
 75.000%   52.29ms
 90.000%   97.66ms
 99.000%  171.13ms
 99.900%  204.93ms
 99.990%  265.21ms
 99.999%  265.21ms
100.000%  265.21ms

  Detailed Percentile spectrum:
       Value   Percentile   TotalCount 1/(1-Percentile)

      21.631     0.000000            1         1.00
      39.903     0.100000          100         1.11
      40.671     0.200000          203         1.25
      40.991     0.300000          302         1.43
      41.407     0.400000          400         1.67
      41.919     0.500000          504         2.00
      42.207     0.550000          555         2.22
      42.495     0.600000          603         2.50
      42.847     0.650000          653         2.86
      43.359     0.700000          702         3.33
      52.287     0.750000          750         4.00
      64.511     0.775000          775         4.44
      69.311     0.800000          800         5.00
      77.695     0.825000          825         5.71
      85.631     0.850000          850         6.67
      93.119     0.875000          877         8.00
      93.887     0.887500          888         8.89
      97.663     0.900000          900        10.00
     106.303     0.912500          913        11.43
     108.671     0.925000          925        13.33
     112.703     0.937500          938        16.00
     115.071     0.943750          944        17.78
     118.271     0.950000          950        20.00
     125.311     0.956250          957        22.86
     159.359     0.962500          963        26.67
     162.431     0.968750          969        32.00
     164.351     0.971875          972        35.56
     165.759     0.975000          975        40.00
     167.423     0.978125          979        45.71
     167.679     0.981250          982        53.33
     168.831     0.984375          985        64.00
     169.343     0.985938          986        71.11
     169.727     0.987500          988        80.00
     171.135     0.989062          990        91.43
     171.519     0.990625          991       106.67
     173.439     0.992188          993       128.00
     173.439     0.992969          993       142.22
     175.871     0.993750          994       160.00
     177.535     0.994531          995       182.86
     177.791     0.995313          996       213.33
     178.047     0.996094          997       256.00
     178.047     0.996484          997       284.44
     178.047     0.996875          997       320.00
     182.783     0.997266          998       365.71
     182.783     0.997656          998       426.67
     204.927     0.998047          999       512.00
     204.927     0.998242          999       568.89
     204.927     0.998437          999       640.00
     204.927     0.998633          999       731.43
     204.927     0.998828          999       853.33
     265.215     0.999023         1000      1024.00
     265.215     1.000000         1000          inf
#[Mean    =       55.960, StdDeviation   =       31.718]
#[Max     =      264.960, Total count    =         1000]
#[Buckets =           27, SubBuckets     =         2048]
-----------------------------------------------------------------------
  1495 requests in 30.00s, 455.61KB read
Requests/sec:     49.83  
Transfer/sec:     15.19KB
