Running 1m test @ http://10.98.229.77/?loopCount=25&base=6&exp=6
  5 threads and 5 connections

  Thread calibration: mean lat.: 51.540ms, rate sampling interval: 166ms
  Thread calibration: mean lat.: 50.403ms, rate sampling interval: 172ms
  Thread calibration: mean lat.: 60.994ms, rate sampling interval: 212ms
  Thread calibration: mean lat.: 56.508ms, rate sampling interval: 191ms
  Thread calibration: mean lat.: 48.483ms, rate sampling interval: 138ms

-----------------------------------------------------------------------
Test Results @ http://10.98.229.77/?loopCount=25&base=6&exp=6 
  Thread Stats   Avg      Stdev     99%   +/- Stdev
    Latency    45.59ms   16.52ms 105.92ms   85.80%
    Req/Sec     9.63      2.87    15.00     77.07%
  Latency Distribution (HdrHistogram - Recorded Latency)
 50.000%   41.69ms
 75.000%   42.65ms
 90.000%   61.25ms
 99.000%  105.92ms
 99.900%  145.54ms
 99.990%  145.92ms
 99.999%  145.92ms
100.000%  145.92ms

  Detailed Percentile spectrum:
       Value   Percentile   TotalCount 1/(1-Percentile)

      21.487     0.000000            1         1.00
      38.079     0.100000          250         1.11
      40.319     0.200000          507         1.25
      40.799     0.300000          761         1.43
      41.215     0.400000         1010         1.67
      41.695     0.500000         1267         2.00
      41.887     0.550000         1382         2.22
      42.079     0.600000         1509         2.50
      42.271     0.650000         1632         2.86
      42.431     0.700000         1750         3.33
      42.655     0.750000         1887         4.00
      42.783     0.775000         1948         4.44
      42.943     0.800000         2010         5.00
      43.135     0.825000         2067         5.71
      43.455     0.850000         2125         6.67
      45.215     0.875000         2188         8.00
      48.735     0.887500         2220         8.89
      61.247     0.900000         2250        10.00
      84.671     0.912500         2282        11.43
      86.527     0.925000         2315        13.33
      88.767     0.937500         2344        16.00
      89.215     0.943750         2362        17.78
      89.535     0.950000         2375        20.00
      89.983     0.956250         2392        22.86
      91.647     0.962500         2407        26.67
      95.231     0.968750         2422        32.00
      96.767     0.971875         2430        35.56
      97.343     0.975000         2438        40.00
      99.327     0.978125         2446        45.71
     102.335     0.981250         2454        53.33
     103.615     0.984375         2461        64.00
     104.255     0.985938         2465        71.11
     105.023     0.987500         2470        80.00
     105.279     0.989062         2473        91.43
     106.047     0.990625         2477       106.67
     106.239     0.992188         2481       128.00
     106.623     0.992969         2483       142.22
     108.159     0.993750         2485       160.00
     108.479     0.994531         2487       182.86
     111.103     0.995313         2489       213.33
     112.191     0.996094         2491       256.00
     113.919     0.996484         2492       284.44
     114.495     0.996875         2493       320.00
     115.391     0.997266         2494       365.71
     119.743     0.997656         2495       426.67
     145.279     0.998047         2497       512.00
     145.279     0.998242         2497       568.89
     145.279     0.998437         2497       640.00
     145.279     0.998633         2497       731.43
     145.535     0.998828         2498       853.33
     145.535     0.999023         2498      1024.00
     145.535     0.999121         2498      1137.78
     145.791     0.999219         2499      1280.00
     145.791     0.999316         2499      1462.86
     145.791     0.999414         2499      1706.67
     145.791     0.999512         2499      2048.00
     145.791     0.999561         2499      2275.56
     145.919     0.999609         2500      2560.00
     145.919     1.000000         2500          inf
#[Mean    =       45.586, StdDeviation   =       16.522]
#[Max     =      145.792, Total count    =         2500]
#[Buckets =           27, SubBuckets     =         2048]
-----------------------------------------------------------------------
  2995 requests in 1.00m, 0.89MB read
Requests/sec:     49.91  
Transfer/sec:     15.21KB
