Running 30s test @ http://10.106.139.161/?loopCount=25&base=6&exp=6
  1 threads and 1 connections

  Thread calibration: mean lat.: 1844.443ms, rate sampling interval: 6172ms

-----------------------------------------------------------------------
Test Results @ http://10.106.139.161/?loopCount=25&base=6&exp=6 
  Thread Stats   Avg      Stdev     99%   +/- Stdev
    Latency     6.38s     1.40s    8.61s    55.80%
    Req/Sec    18.00      0.82    19.00    100.00%
  Latency Distribution (HdrHistogram - Recorded Latency)
 50.000%    6.12s 
 75.000%    7.76s 
 90.000%    8.23s 
 99.000%    8.61s 
 99.900%    8.71s 
 99.990%    8.71s 
 99.999%    8.71s 
100.000%    8.71s 

  Detailed Percentile spectrum:
       Value   Percentile   TotalCount 1/(1-Percentile)

    3592.191     0.000000            1         1.00
    4640.767     0.100000           38         1.11
    5025.791     0.200000           76         1.25
    5312.511     0.300000          114         1.43
    5816.319     0.400000          149         1.67
    6115.327     0.500000          186         2.00
    6582.271     0.550000          205         2.22
    7004.159     0.600000          223         2.50
    7356.415     0.650000          245         2.86
    7602.175     0.700000          260         3.33
    7790.591     0.750000          280         4.00
    7823.359     0.775000          291         4.44
    7831.551     0.800000          297         5.00
    7880.703     0.825000          309         5.71
    7913.471     0.850000          316         6.67
    8126.463     0.875000          326         8.00
    8142.847     0.887500          330         8.89
    8232.959     0.900000          334        10.00
    8306.687     0.912500          339        11.43
    8355.839     0.925000          348        13.33
    8355.839     0.937500          348        16.00
    8396.799     0.943750          351        17.78
    8437.759     0.950000          353        20.00
    8527.871     0.956250          356        22.86
    8544.255     0.962500          358        26.67
    8585.215     0.968750          363        32.00
    8585.215     0.971875          363        35.56
    8585.215     0.975000          363        40.00
    8585.215     0.978125          363        45.71
    8593.407     0.981250          365        53.33
    8609.791     0.984375          367        64.00
    8609.791     0.985938          367        71.11
    8609.791     0.987500          367        80.00
    8609.791     0.989062          367        91.43
    8617.983     0.990625          369       106.67
    8617.983     0.992188          369       128.00
    8617.983     0.992969          369       142.22
    8617.983     0.993750          369       160.00
    8617.983     0.994531          369       182.86
    8650.751     0.995313          370       213.33
    8650.751     0.996094          370       256.00
    8650.751     0.996484          370       284.44
    8650.751     0.996875          370       320.00
    8650.751     0.997266          370       365.71
    8708.095     0.997656          371       426.67
    8708.095     1.000000          371          inf
#[Mean    =     6376.787, StdDeviation   =     1397.701]
#[Max     =     8699.904, Total count    =          371]
#[Buckets =           27, SubBuckets     =         2048]
-----------------------------------------------------------------------
  532 requests in 30.00s, 162.11KB read
Requests/sec:     17.73  
Transfer/sec:      5.40KB
