Running 30s test @ http://10.106.139.161/?loopCount=25&base=6&exp=6
  5 threads and 5 connections

  Thread calibration: mean lat.: 296.675ms, rate sampling interval: 885ms
  Thread calibration: mean lat.: 181.042ms, rate sampling interval: 613ms
  Thread calibration: mean lat.: 179.878ms, rate sampling interval: 683ms
  Thread calibration: mean lat.: 208.394ms, rate sampling interval: 719ms
  Thread calibration: mean lat.: 263.412ms, rate sampling interval: 793ms

-----------------------------------------------------------------------
Test Results @ http://10.106.139.161/?loopCount=25&base=6&exp=6 
  Thread Stats   Avg      Stdev     99%   +/- Stdev
    Latency   127.61ms  103.32ms 513.02ms   84.81%
    Req/Sec    14.68      1.59    19.00     90.37%
  Latency Distribution (HdrHistogram - Recorded Latency)
 50.000%   88.64ms
 75.000%  173.31ms
 90.000%  273.41ms
 99.000%  513.02ms
 99.900%  617.98ms
 99.990%  656.90ms
 99.999%  656.90ms
100.000%  656.90ms

  Detailed Percentile spectrum:
       Value   Percentile   TotalCount 1/(1-Percentile)

      21.935     0.000000            1         1.00
      41.023     0.100000          152         1.11
      43.263     0.200000          304         1.25
      58.111     0.300000          455         1.43
      70.271     0.400000          607         1.67
      88.639     0.500000          757         2.00
      99.711     0.550000          833         2.22
     114.815     0.600000          910         2.50
     131.327     0.650000          985         2.86
     152.319     0.700000         1061         3.33
     173.311     0.750000         1137         4.00
     186.111     0.775000         1174         4.44
     199.935     0.800000         1212         5.00
     213.887     0.825000         1251         5.71
     228.479     0.850000         1287         6.67
     247.167     0.875000         1325         8.00
     260.095     0.887500         1344         8.89
     273.407     0.900000         1364        10.00
     283.135     0.912500         1382        11.43
     298.495     0.925000         1401        13.33
     310.527     0.937500         1420        16.00
     316.415     0.943750         1429        17.78
     325.375     0.950000         1439        20.00
     338.431     0.956250         1448        22.86
     363.519     0.962500         1458        26.67
     383.231     0.968750         1467        32.00
     396.799     0.971875         1472        35.56
     408.575     0.975000         1477        40.00
     426.751     0.978125         1482        45.71
     441.087     0.981250         1486        53.33
     459.775     0.984375         1491        64.00
     471.039     0.985938         1493        71.11
     497.407     0.987500         1496        80.00
     511.999     0.989062         1498        91.43
     519.679     0.990625         1500       106.67
     534.015     0.992188         1503       128.00
     535.551     0.992969         1504       142.22
     538.111     0.993750         1505       160.00
     561.151     0.994531         1506       182.86
     565.759     0.995313         1507       213.33
     590.847     0.996094         1509       256.00
     590.847     0.996484         1509       284.44
     597.503     0.996875         1510       320.00
     597.503     0.997266         1510       365.71
     616.959     0.997656         1511       426.67
     617.983     0.998047         1512       512.00
     617.983     0.998242         1512       568.89
     617.983     0.998437         1512       640.00
     617.983     0.998633         1512       731.43
     631.295     0.998828         1513       853.33
     631.295     0.999023         1513      1024.00
     631.295     0.999121         1513      1137.78
     631.295     0.999219         1513      1280.00
     631.295     0.999316         1513      1462.86
     656.895     0.999414         1514      1706.67
     656.895     1.000000         1514          inf
#[Mean    =      127.611, StdDeviation   =      103.319]
#[Max     =      656.384, Total count    =         1514]
#[Buckets =           27, SubBuckets     =         2048]
-----------------------------------------------------------------------
  2242 requests in 30.00s, 683.29KB read
Requests/sec:     74.72  
Transfer/sec:     22.77KB
