Running 30s test @ http://10.106.139.161/?loopCount=25&base=6&exp=6
  1 threads and 1 connections

  Thread calibration: mean lat.: 80.035ms, rate sampling interval: 217ms

-----------------------------------------------------------------------
Test Results @ http://10.106.139.161/?loopCount=25&base=6&exp=6 
  Thread Stats   Avg      Stdev     99%   +/- Stdev
    Latency   210.82ms   49.76ms 279.30ms   54.33%
    Req/Sec    24.61      1.96    27.00    100.00%
  Latency Distribution (HdrHistogram - Recorded Latency)
 50.000%  211.20ms
 75.000%  256.38ms
 90.000%  274.17ms
 99.000%  279.30ms
 99.900%  280.32ms
 99.990%  280.32ms
 99.999%  280.32ms
100.000%  280.32ms

  Detailed Percentile spectrum:
       Value   Percentile   TotalCount 1/(1-Percentile)

     120.767     0.000000            1         1.00
     139.391     0.100000           50         1.11
     150.527     0.200000          100         1.25
     177.919     0.300000          151         1.43
     200.191     0.400000          199         1.67
     211.199     0.500000          249         2.00
     222.207     0.550000          274         2.22
     238.079     0.600000          299         2.50
     246.015     0.650000          327         2.86
     252.671     0.700000          348         3.33
     256.383     0.750000          375         4.00
     261.631     0.775000          386         4.44
     262.655     0.800000          398         5.00
     264.447     0.825000          411         5.71
     270.335     0.850000          424         6.67
     272.127     0.875000          435         8.00
     273.663     0.887500          444         8.89
     274.431     0.900000          450        10.00
     274.687     0.912500          456        11.43
     275.455     0.925000          462        13.33
     275.967     0.937500          467        16.00
     276.479     0.943750          470        17.78
     276.735     0.950000          473        20.00
     276.991     0.956250          476        22.86
     277.759     0.962500          481        26.67
     278.015     0.968750          486        32.00
     278.015     0.971875          486        35.56
     278.015     0.975000          486        40.00
     278.271     0.978125          487        45.71
     279.039     0.981250          491        53.33
     279.039     0.984375          491        64.00
     279.039     0.985938          491        71.11
     279.039     0.987500          491        80.00
     279.295     0.989062          493        91.43
     279.295     0.990625          493       106.67
     280.063     0.992188          495       128.00
     280.063     0.992969          495       142.22
     280.063     0.993750          495       160.00
     280.063     0.994531          495       182.86
     280.063     0.995313          495       213.33
     280.319     0.996094          497       256.00
     280.319     1.000000          497          inf
#[Mean    =      210.824, StdDeviation   =       49.764]
#[Max     =      280.064, Total count    =          497]
#[Buckets =           27, SubBuckets     =         2048]
-----------------------------------------------------------------------
  743 requests in 30.00s, 226.38KB read
Requests/sec:     24.77  
Transfer/sec:      7.55KB
