Running 30s test @ http://10.106.139.161/?loopCount=25&base=6&exp=6
  1 threads and 1 connections

  Thread calibration: mean lat.: 2741.861ms, rate sampling interval: 8069ms

-----------------------------------------------------------------------
Test Results @ http://10.106.139.161/?loopCount=25&base=6&exp=6 
  Thread Stats   Avg      Stdev     99%   +/- Stdev
    Latency     8.58s     2.48s   13.03s    54.61%
    Req/Sec    14.00      0.00    14.00    100.00%
  Latency Distribution (HdrHistogram - Recorded Latency)
 50.000%    8.62s 
 75.000%   10.31s 
 90.000%   12.29s 
 99.000%   13.03s 
 99.900%   13.16s 
 99.990%   13.16s 
 99.999%   13.16s 
100.000%   13.16s 

  Detailed Percentile spectrum:
       Value   Percentile   TotalCount 1/(1-Percentile)

    4456.447     0.000000            3         1.00
    5382.143     0.100000           29         1.11
    5992.447     0.200000           58         1.25
    6586.367     0.300000           85         1.43
    7872.511     0.400000          113         1.67
    8617.983     0.500000          142         2.00
    9232.383     0.550000          159         2.22
    9494.527     0.600000          170         2.50
    9797.631     0.650000          188         2.86
    9871.359     0.700000          198         3.33
   10313.727     0.750000          214         4.00
   10592.255     0.775000          219         4.44
   11108.351     0.800000          226         5.00
   11247.615     0.825000          233         5.71
   11452.415     0.850000          240         6.67
   11902.975     0.875000          247         8.00
   12115.967     0.887500          251         8.89
   12287.999     0.900000          254        10.00
   12460.031     0.912500          258        11.43
   12541.951     0.925000          263        13.33
   12550.143     0.937500          269        16.00
   12550.143     0.943750          269        17.78
   12550.143     0.950000          269        20.00
   12582.911     0.956250          270        22.86
   12681.215     0.962500          272        26.67
   12804.095     0.968750          274        32.00
   12853.247     0.971875          275        35.56
   12853.247     0.975000          275        40.00
   12902.399     0.978125          276        45.71
   12910.591     0.981250          277        53.33
   13025.279     0.984375          279        64.00
   13025.279     0.985938          279        71.11
   13025.279     0.987500          279        80.00
   13025.279     0.989062          279        91.43
   13082.623     0.990625          280       106.67
   13082.623     0.992188          280       128.00
   13131.775     0.992969          281       142.22
   13131.775     0.993750          281       160.00
   13131.775     0.994531          281       182.86
   13131.775     0.995313          281       213.33
   13131.775     0.996094          281       256.00
   13164.543     0.996484          282       284.44
   13164.543     1.000000          282          inf
#[Mean    =     8575.862, StdDeviation   =     2479.115]
#[Max     =    13156.352, Total count    =          282]
#[Buckets =           27, SubBuckets     =         2048]
-----------------------------------------------------------------------
  420 requests in 30.00s, 128.03KB read
Requests/sec:     14.00  
Transfer/sec:      4.27KB
