Running 30s test @ http://10.106.139.161/?loopCount=25&base=6&exp=6
  5 threads and 5 connections

  Thread calibration: mean lat.: 1608.092ms, rate sampling interval: 5857ms
  Thread calibration: mean lat.: 1643.674ms, rate sampling interval: 5537ms
  Thread calibration: mean lat.: 1768.686ms, rate sampling interval: 5345ms
  Thread calibration: mean lat.: 1832.622ms, rate sampling interval: 5816ms
  Thread calibration: mean lat.: 1704.538ms, rate sampling interval: 5849ms

-----------------------------------------------------------------------
Test Results @ http://10.106.139.161/?loopCount=25&base=6&exp=6 
  Thread Stats   Avg      Stdev     99%   +/- Stdev
    Latency     6.34s     2.02s   10.03s    58.28%
    Req/Sec     9.60      0.71    11.00    100.00%
  Latency Distribution (HdrHistogram - Recorded Latency)
 50.000%    6.29s 
 75.000%    7.99s 
 90.000%    9.16s 
 99.000%   10.03s 
 99.900%   10.26s 
 99.990%   10.35s 
 99.999%   10.35s 
100.000%   10.35s 

  Detailed Percentile spectrum:
       Value   Percentile   TotalCount 1/(1-Percentile)

    3016.703     0.000000            1         1.00
    3670.015     0.100000           99         1.11
    4130.815     0.200000          198         1.25
    4812.799     0.300000          297         1.43
    5660.671     0.400000          396         1.67
    6287.359     0.500000          496         2.00
    6766.591     0.550000          545         2.22
    7098.367     0.600000          595         2.50
    7430.143     0.650000          645         2.86
    7802.879     0.700000          695         3.33
    7991.295     0.750000          743         4.00
    8159.231     0.775000          769         4.44
    8323.071     0.800000          792         5.00
    8486.911     0.825000          817         5.71
    8642.559     0.850000          842         6.67
    8790.015     0.875000          868         8.00
    8921.087     0.887500          879         8.89
    9158.655     0.900000          891        10.00
    9330.687     0.912500          904        11.43
    9469.951     0.925000          916        13.33
    9576.447     0.937500          929        16.00
    9633.791     0.943750          936        17.78
    9691.135     0.950000          941        20.00
    9707.519     0.956250          947        22.86
    9773.055     0.962500          953        26.67
    9830.399     0.968750          961        32.00
    9838.591     0.971875          963        35.56
    9854.975     0.975000          966        40.00
    9863.167     0.978125          969        45.71
    9879.551     0.981250          972        53.33
    9904.127     0.984375          975        64.00
    9953.279     0.985938          977        71.11
   10002.431     0.987500          978        80.00
   10027.007     0.989062          980        91.43
   10035.199     0.990625          981       106.67
   10076.159     0.992188          983       128.00
   10141.695     0.992969          984       142.22
   10141.695     0.993750          984       160.00
   10166.271     0.994531          986       182.86
   10166.271     0.995313          986       213.33
   10231.807     0.996094          987       256.00
   10231.807     0.996484          987       284.44
   10231.807     0.996875          987       320.00
   10256.383     0.997266          988       365.71
   10256.383     0.997656          988       426.67
   10264.575     0.998047          989       512.00
   10264.575     0.998242          989       568.89
   10264.575     0.998437          989       640.00
   10264.575     0.998633          989       731.43
   10264.575     0.998828          989       853.33
   10354.687     0.999023          990      1024.00
   10354.687     1.000000          990          inf
#[Mean    =     6344.180, StdDeviation   =     2017.495]
#[Max     =    10346.496, Total count    =          990]
#[Buckets =           27, SubBuckets     =         2048]
-----------------------------------------------------------------------
  1507 requests in 30.00s, 459.78KB read
Requests/sec:     50.23  
Transfer/sec:     15.32KB
