Running 30s test @ http://10.106.139.161/?loopCount=25&base=6&exp=6
  5 threads and 5 connections

  Thread calibration: mean lat.: 1821.191ms, rate sampling interval: 6619ms
  Thread calibration: mean lat.: 1720.195ms, rate sampling interval: 5775ms
  Thread calibration: mean lat.: 2060.422ms, rate sampling interval: 7016ms
  Thread calibration: mean lat.: 1767.804ms, rate sampling interval: 6131ms
  Thread calibration: mean lat.: 1929.407ms, rate sampling interval: 6279ms

-----------------------------------------------------------------------
Test Results @ http://10.106.139.161/?loopCount=25&base=6&exp=6 
  Thread Stats   Avg      Stdev     99%   +/- Stdev
    Latency     6.44s     1.72s    9.80s    60.04%
    Req/Sec    10.00      0.38    11.00    100.00%
  Latency Distribution (HdrHistogram - Recorded Latency)
 50.000%    6.50s 
 75.000%    7.82s 
 90.000%    8.81s 
 99.000%    9.80s 
 99.900%    9.94s 
 99.990%    9.95s 
 99.999%    9.95s 
100.000%    9.95s 

  Detailed Percentile spectrum:
       Value   Percentile   TotalCount 1/(1-Percentile)

    3272.703     0.000000            1         1.00
    4046.847     0.100000          107         1.11
    4677.631     0.200000          213         1.25
    5328.895     0.300000          319         1.43
    5943.295     0.400000          426         1.67
    6496.255     0.500000          531         2.00
    6729.727     0.550000          585         2.22
    6955.007     0.600000          637         2.50
    7196.671     0.650000          690         2.86
    7512.063     0.700000          744         3.33
    7815.167     0.750000          796         4.00
    7962.623     0.775000          823         4.44
    8138.751     0.800000          849         5.00
    8310.783     0.825000          876         5.71
    8478.719     0.850000          905         6.67
    8650.751     0.875000          930         8.00
    8757.247     0.887500          943         8.89
    8806.399     0.900000          955        10.00
    8945.663     0.912500          971        11.43
    9003.007     0.925000          982        13.33
    9076.735     0.937500          995        16.00
    9117.695     0.943750         1002        17.78
    9191.423     0.950000         1008        20.00
    9265.151     0.956250         1016        22.86
    9347.071     0.962500         1022        26.67
    9412.607     0.968750         1029        32.00
    9478.143     0.971875         1032        35.56
    9576.447     0.975000         1035        40.00
    9682.943     0.978125         1040        45.71
    9707.519     0.981250         1042        53.33
    9715.711     0.984375         1045        64.00
    9773.055     0.985938         1048        71.11
    9773.055     0.987500         1048        80.00
    9797.631     0.989062         1050        91.43
    9814.015     0.990625         1053       106.67
    9814.015     0.992188         1053       128.00
    9822.207     0.992969         1054       142.22
    9830.399     0.993750         1055       160.00
    9846.783     0.994531         1056       182.86
    9904.127     0.995313         1057       213.33
    9904.127     0.996094         1057       256.00
    9912.319     0.996484         1059       284.44
    9912.319     0.996875         1059       320.00
    9912.319     0.997266         1059       365.71
    9912.319     0.997656         1059       426.67
    9912.319     0.998047         1059       512.00
    9936.895     0.998242         1060       568.89
    9936.895     0.998437         1060       640.00
    9936.895     0.998633         1060       731.43
    9936.895     0.998828         1060       853.33
    9936.895     0.999023         1060      1024.00
    9945.087     0.999121         1061      1137.78
    9945.087     1.000000         1061          inf
#[Mean    =     6442.727, StdDeviation   =     1721.350]
#[Max     =     9936.896, Total count    =         1061]
#[Buckets =           27, SubBuckets     =         2048]
-----------------------------------------------------------------------
  1547 requests in 30.00s, 471.95KB read
Requests/sec:     51.56  
Transfer/sec:     15.73KB
