Running 30s test @ http://10.106.139.161/?loopCount=25&base=6&exp=6
  5 threads and 5 connections

  Thread calibration: mean lat.: 136.065ms, rate sampling interval: 380ms
  Thread calibration: mean lat.: 121.974ms, rate sampling interval: 379ms
  Thread calibration: mean lat.: 125.404ms, rate sampling interval: 373ms
  Thread calibration: mean lat.: 145.323ms, rate sampling interval: 421ms
  Thread calibration: mean lat.: 139.736ms, rate sampling interval: 417ms

-----------------------------------------------------------------------
Test Results @ http://10.106.139.161/?loopCount=25&base=6&exp=6 
  Thread Stats   Avg      Stdev     99%   +/- Stdev
    Latency   134.37ms   59.27ms 290.05ms   82.90%
    Req/Sec     9.42      1.92    13.00     87.65%
  Latency Distribution (HdrHistogram - Recorded Latency)
 50.000%  102.97ms
 75.000%  177.79ms
 90.000%  193.41ms
 99.000%  290.05ms
 99.900%  393.98ms
 99.990%  470.02ms
 99.999%  470.02ms
100.000%  470.02ms

  Detailed Percentile spectrum:
       Value   Percentile   TotalCount 1/(1-Percentile)

      23.199     0.000000            1         1.00
      78.911     0.100000          100         1.11
      86.911     0.200000          199         1.25
      92.799     0.300000          300         1.43
      97.599     0.400000          400         1.67
     102.975     0.500000          497         2.00
     111.167     0.550000          547         2.22
     167.807     0.600000          597         2.50
     170.495     0.650000          648         2.86
     174.463     0.700000          698         3.33
     177.791     0.750000          748         4.00
     179.199     0.775000          772         4.44
     180.863     0.800000          796         5.00
     183.679     0.825000          822         5.71
     185.983     0.850000          845         6.67
     190.463     0.875000          871         8.00
     192.127     0.887500          883         8.89
     193.407     0.900000          895        10.00
     195.327     0.912500          909        11.43
     200.447     0.925000          922        13.33
     202.495     0.937500          933        16.00
     213.375     0.943750          939        17.78
     267.263     0.950000          945        20.00
     268.799     0.956250          951        22.86
     270.079     0.962500          957        26.67
     275.199     0.968750          963        32.00
     276.479     0.971875          967        35.56
     279.807     0.975000          970        40.00
     281.343     0.978125          973        45.71
     284.671     0.981250          976        53.33
     285.439     0.984375          979        64.00
     286.207     0.985938          981        71.11
     286.719     0.987500          982        80.00
     290.047     0.989062          984        91.43
     290.815     0.990625          986       106.67
     292.095     0.992188          987       128.00
     293.375     0.992969          988       142.22
     293.375     0.993750          988       160.00
     296.703     0.994531          989       182.86
     297.471     0.995313          990       213.33
     365.823     0.996094          991       256.00
     365.823     0.996484          991       284.44
     365.823     0.996875          991       320.00
     366.335     0.997266          992       365.71
     366.335     0.997656          992       426.67
     393.983     0.998047          993       512.00
     393.983     0.998242          993       568.89
     393.983     0.998437          993       640.00
     393.983     0.998633          993       731.43
     393.983     0.998828          993       853.33
     470.015     0.999023          994      1024.00
     470.015     1.000000          994          inf
#[Mean    =      134.372, StdDeviation   =       59.268]
#[Max     =      469.760, Total count    =          994]
#[Buckets =           27, SubBuckets     =         2048]
-----------------------------------------------------------------------
  1485 requests in 30.00s, 452.86KB read
Requests/sec:     49.50  
Transfer/sec:     15.09KB
