Running 30s test @ http://10.106.139.161/?loopCount=25&base=6&exp=6
  5 threads and 5 connections

  Thread calibration: mean lat.: 450.621ms, rate sampling interval: 1271ms
  Thread calibration: mean lat.: 569.894ms, rate sampling interval: 1820ms
  Thread calibration: mean lat.: 411.500ms, rate sampling interval: 1439ms
  Thread calibration: mean lat.: 261.323ms, rate sampling interval: 820ms
  Thread calibration: mean lat.: 518.256ms, rate sampling interval: 1442ms

-----------------------------------------------------------------------
Test Results @ http://10.106.139.161/?loopCount=25&base=6&exp=6 
  Thread Stats   Avg      Stdev     99%   +/- Stdev
    Latency     1.54s   666.01ms   2.87s    70.02%
    Req/Sec    13.63      2.31    17.00     76.00%
  Latency Distribution (HdrHistogram - Recorded Latency)
 50.000%    1.52s 
 75.000%    2.00s 
 90.000%    2.60s 
 99.000%    2.87s 
 99.900%    2.95s 
 99.990%    2.97s 
 99.999%    2.97s 
100.000%    2.97s 

  Detailed Percentile spectrum:
       Value   Percentile   TotalCount 1/(1-Percentile)

     265.727     0.000000            1         1.00
     668.671     0.100000          143         1.11
     923.647     0.200000          285         1.25
    1096.703     0.300000          427         1.43
    1246.207     0.400000          569         1.67
    1520.639     0.500000          711         2.00
    1716.223     0.550000          782         2.22
    1822.719     0.600000          853         2.50
    1875.967     0.650000          924         2.86
    1930.239     0.700000          995         3.33
    1995.775     0.750000         1069         4.00
    2031.615     0.775000         1102         4.44
    2063.359     0.800000         1137         5.00
    2088.959     0.825000         1173         5.71
    2115.583     0.850000         1208         6.67
    2174.975     0.875000         1244         8.00
    2404.351     0.887500         1262         8.89
    2598.911     0.900000         1279        10.00
    2664.447     0.912500         1297        11.43
    2713.599     0.925000         1315        13.33
    2760.703     0.937500         1333        16.00
    2779.135     0.943750         1342        17.78
    2797.567     0.950000         1354        20.00
    2809.855     0.956250         1359        22.86
    2824.191     0.962500         1368        26.67
    2834.431     0.968750         1377        32.00
    2838.527     0.971875         1384        35.56
    2840.575     0.975000         1387        40.00
    2842.623     0.978125         1391        45.71
    2848.767     0.981250         1396        53.33
    2856.959     0.984375         1399        64.00
    2863.103     0.985938         1403        71.11
    2865.151     0.987500         1406        80.00
    2865.151     0.989062         1406        91.43
    2871.295     0.990625         1408       106.67
    2877.439     0.992188         1410       128.00
    2891.775     0.992969         1413       142.22
    2891.775     0.993750         1413       160.00
    2895.871     0.994531         1415       182.86
    2895.871     0.995313         1415       213.33
    2897.919     0.996094         1416       256.00
    2914.303     0.996484         1417       284.44
    2914.303     0.996875         1417       320.00
    2918.399     0.997266         1418       365.71
    2918.399     0.997656         1418       426.67
    2928.639     0.998047         1419       512.00
    2928.639     0.998242         1419       568.89
    2928.639     0.998437         1419       640.00
    2945.023     0.998633         1420       731.43
    2945.023     0.998828         1420       853.33
    2945.023     0.999023         1420      1024.00
    2945.023     0.999121         1420      1137.78
    2945.023     0.999219         1420      1280.00
    2971.647     0.999316         1421      1462.86
    2971.647     1.000000         1421          inf
#[Mean    =     1535.620, StdDeviation   =      666.013]
#[Max     =     2969.600, Total count    =         1421]
#[Buckets =           27, SubBuckets     =         2048]
-----------------------------------------------------------------------
  2108 requests in 30.00s, 642.61KB read
Requests/sec:     70.26  
Transfer/sec:     21.42KB
