Running 30s test @ http://10.106.139.161/?loopCount=25&base=6&exp=6
  5 threads and 5 connections

  Thread calibration: mean lat.: 49.006ms, rate sampling interval: 148ms
  Thread calibration: mean lat.: 52.757ms, rate sampling interval: 165ms
  Thread calibration: mean lat.: 46.308ms, rate sampling interval: 146ms
  Thread calibration: mean lat.: 47.147ms, rate sampling interval: 147ms
  Thread calibration: mean lat.: 52.762ms, rate sampling interval: 166ms

-----------------------------------------------------------------------
Test Results @ http://10.106.139.161/?loopCount=25&base=6&exp=6 
  Thread Stats   Avg      Stdev     99%   +/- Stdev
    Latency    46.41ms   13.01ms  89.15ms   82.50%
    Req/Sec     9.54      3.32    13.00     99.69%
  Latency Distribution (HdrHistogram - Recorded Latency)
 50.000%   42.49ms
 75.000%   43.62ms
 90.000%   73.15ms
 99.000%   89.15ms
 99.900%   98.18ms
 99.990%   98.30ms
 99.999%   98.30ms
100.000%   98.30ms

  Detailed Percentile spectrum:
       Value   Percentile   TotalCount 1/(1-Percentile)

      21.503     0.000000            1         1.00
      39.135     0.100000          102         1.11
      40.959     0.200000          203         1.25
      41.567     0.300000          305         1.43
      42.111     0.400000          405         1.67
      42.495     0.500000          506         2.00
      42.687     0.550000          552         2.22
      42.943     0.600000          602         2.50
      43.199     0.650000          654         2.86
      43.391     0.700000          703         3.33
      43.615     0.750000          751         4.00
      43.839     0.775000          777         4.44
      44.063     0.800000          804         5.00
      44.447     0.825000          826         5.71
      44.959     0.850000          851         6.67
      70.143     0.875000          875         8.00
      72.639     0.887500          889         8.89
      73.151     0.900000          900        10.00
      73.727     0.912500          913        11.43
      74.239     0.925000          926        13.33
      75.007     0.937500          938        16.00
      75.455     0.943750          944        17.78
      76.735     0.950000          950        20.00
      80.127     0.956250          957        22.86
      81.023     0.962500          964        26.67
      81.727     0.968750          969        32.00
      82.943     0.971875          972        35.56
      83.327     0.975000          975        40.00
      85.439     0.978125          979        45.71
      87.871     0.981250          982        53.33
      88.255     0.984375          985        64.00
      88.447     0.985938          986        71.11
      88.895     0.987500          988        80.00
      89.151     0.989062          990        91.43
      90.303     0.990625          991       106.67
      90.879     0.992188          993       128.00
      90.879     0.992969          993       142.22
      91.391     0.993750          994       160.00
      91.775     0.994531          995       182.86
      92.543     0.995313          996       213.33
      93.119     0.996094          997       256.00
      93.119     0.996484          997       284.44
      93.119     0.996875          997       320.00
      94.783     0.997266          998       365.71
      94.783     0.997656          998       426.67
      98.175     0.998047          999       512.00
      98.175     0.998242          999       568.89
      98.175     0.998437          999       640.00
      98.175     0.998633          999       731.43
      98.175     0.998828          999       853.33
      98.303     0.999023         1000      1024.00
      98.303     1.000000         1000          inf
#[Mean    =       46.408, StdDeviation   =       13.013]
#[Max     =       98.240, Total count    =         1000]
#[Buckets =           27, SubBuckets     =         2048]
-----------------------------------------------------------------------
  1495 requests in 30.00s, 455.51KB read
Requests/sec:     49.83  
Transfer/sec:     15.18KB
