Running 30s test @ http://10.106.139.161/?loopCount=25&base=6&exp=6
  5 threads and 5 connections

  Thread calibration: mean lat.: 386.409ms, rate sampling interval: 1256ms
  Thread calibration: mean lat.: 248.179ms, rate sampling interval: 802ms
  Thread calibration: mean lat.: 261.291ms, rate sampling interval: 918ms
  Thread calibration: mean lat.: 120.141ms, rate sampling interval: 371ms
  Thread calibration: mean lat.: 308.045ms, rate sampling interval: 1177ms

-----------------------------------------------------------------------
Test Results @ http://10.106.139.161/?loopCount=25&base=6&exp=6 
  Thread Stats   Avg      Stdev     99%   +/- Stdev
    Latency   572.47ms  312.57ms   1.32s    65.68%
    Req/Sec    14.19      2.49    21.00     82.95%
  Latency Distribution (HdrHistogram - Recorded Latency)
 50.000%  549.89ms
 75.000%  748.03ms
 90.000%    1.04s 
 99.000%    1.32s 
 99.900%    1.38s 
 99.990%    1.39s 
 99.999%    1.39s 
100.000%    1.39s 

  Detailed Percentile spectrum:
       Value   Percentile   TotalCount 1/(1-Percentile)

      25.199     0.000000            1         1.00
     149.119     0.100000          149         1.11
     295.423     0.200000          297         1.25
     411.647     0.300000          445         1.43
     473.855     0.400000          594         1.67
     549.887     0.500000          742         2.00
     588.287     0.550000          816         2.22
     630.271     0.600000          891         2.50
     658.943     0.650000          967         2.86
     699.903     0.700000         1039         3.33
     748.543     0.750000         1113         4.00
     774.655     0.775000         1151         4.44
     801.791     0.800000         1187         5.00
     844.287     0.825000         1224         5.71
     925.183     0.850000         1261         6.67
     975.359     0.875000         1299         8.00
    1001.471     0.887500         1317         8.89
    1038.847     0.900000         1335        10.00
    1072.127     0.912500         1354        11.43
    1099.775     0.925000         1372        13.33
    1142.783     0.937500         1391        16.00
    1161.215     0.943750         1400        17.78
    1176.575     0.950000         1409        20.00
    1201.151     0.956250         1419        22.86
    1223.679     0.962500         1429        26.67
    1239.039     0.968750         1437        32.00
    1254.399     0.971875         1443        35.56
    1265.663     0.975000         1446        40.00
    1272.831     0.978125         1451        45.71
    1289.215     0.981250         1456        53.33
    1297.407     0.984375         1460        64.00
    1310.719     0.985938         1463        71.11
    1317.887     0.987500         1466        80.00
    1319.935     0.989062         1469        91.43
    1323.007     0.990625         1470       106.67
    1329.151     0.992188         1472       128.00
    1334.271     0.992969         1473       142.22
    1336.319     0.993750         1474       160.00
    1340.415     0.994531         1475       182.86
    1346.559     0.995313         1477       213.33
    1355.775     0.996094         1478       256.00
    1355.775     0.996484         1478       284.44
    1361.919     0.996875         1479       320.00
    1361.919     0.997266         1479       365.71
    1366.015     0.997656         1480       426.67
    1370.111     0.998047         1481       512.00
    1370.111     0.998242         1481       568.89
    1370.111     0.998437         1481       640.00
    1370.111     0.998633         1481       731.43
    1381.375     0.998828         1482       853.33
    1381.375     0.999023         1482      1024.00
    1381.375     0.999121         1482      1137.78
    1381.375     0.999219         1482      1280.00
    1381.375     0.999316         1482      1462.86
    1388.543     0.999414         1483      1706.67
    1388.543     1.000000         1483          inf
#[Mean    =      572.475, StdDeviation   =      312.567]
#[Max     =     1387.520, Total count    =         1483]
#[Buckets =           27, SubBuckets     =         2048]
-----------------------------------------------------------------------
  2201 requests in 30.00s, 670.86KB read
Requests/sec:     73.36  
Transfer/sec:     22.36KB
