Running 30s test @ http://10.106.139.161/?loopCount=25&base=6&exp=6
  1 threads and 1 connections

  Thread calibration: mean lat.: 1396.923ms, rate sampling interval: 4603ms

-----------------------------------------------------------------------
Test Results @ http://10.106.139.161/?loopCount=25&base=6&exp=6 
  Thread Stats   Avg      Stdev     99%   +/- Stdev
    Latency     4.58s     1.35s    6.67s    58.67%
    Req/Sec    19.00      0.71    20.00    100.00%
  Latency Distribution (HdrHistogram - Recorded Latency)
 50.000%    4.73s 
 75.000%    5.73s 
 90.000%    6.51s 
 99.000%    6.67s 
 99.900%    6.69s 
 99.990%    6.69s 
 99.999%    6.69s 
100.000%    6.69s 

  Detailed Percentile spectrum:
       Value   Percentile   TotalCount 1/(1-Percentile)

    2396.159     0.000000            1         1.00
    2652.159     0.100000           42         1.11
    3057.663     0.200000           79         1.25
    3569.663     0.300000          119         1.43
    4124.671     0.400000          158         1.67
    4730.879     0.500000          198         2.00
    4980.735     0.550000          221         2.22
    5058.559     0.600000          237         2.50
    5496.831     0.650000          256         2.86
    5685.247     0.700000          279         3.33
    5730.303     0.750000          294         4.00
    5750.783     0.775000          304         4.44
    5861.375     0.800000          315         5.00
    5967.871     0.825000          324         5.71
    6008.831     0.850000          334         6.67
    6279.167     0.875000          343         8.00
    6418.431     0.887500          348         8.89
    6508.543     0.900000          355        10.00
    6512.639     0.912500          362        11.43
    6516.735     0.925000          363        13.33
    6557.695     0.937500          368        16.00
    6602.751     0.943750          373        17.78
    6602.751     0.950000          373        20.00
    6606.847     0.956250          383        22.86
    6606.847     0.962500          383        26.67
    6606.847     0.968750          383        32.00
    6606.847     0.971875          383        35.56
    6606.847     0.975000          383        40.00
    6610.943     0.978125          385        45.71
    6610.943     0.981250          385        53.33
    6655.999     0.984375          387        64.00
    6655.999     0.985938          387        71.11
    6672.383     0.987500          388        80.00
    6672.383     0.989062          388        91.43
    6684.671     0.990625          390       106.67
    6684.671     0.992188          390       128.00
    6684.671     0.992969          390       142.22
    6684.671     0.993750          390       160.00
    6684.671     0.994531          390       182.86
    6688.767     0.995313          391       213.33
    6688.767     0.996094          391       256.00
    6688.767     0.996484          391       284.44
    6688.767     0.996875          391       320.00
    6688.767     0.997266          391       365.71
    6692.863     0.997656          392       426.67
    6692.863     1.000000          392          inf
#[Mean    =     4577.089, StdDeviation   =     1349.798]
#[Max     =     6688.768, Total count    =          392]
#[Buckets =           27, SubBuckets     =         2048]
-----------------------------------------------------------------------
  582 requests in 30.00s, 177.34KB read
Requests/sec:     19.40  
Transfer/sec:      5.91KB
