Running 30s test @ http://10.106.139.161/?loopCount=25&base=6&exp=6
  5 threads and 5 connections

  Thread calibration: mean lat.: 1881.112ms, rate sampling interval: 6905ms
  Thread calibration: mean lat.: 1812.193ms, rate sampling interval: 6520ms
  Thread calibration: mean lat.: 1628.434ms, rate sampling interval: 6225ms
  Thread calibration: mean lat.: 1562.051ms, rate sampling interval: 5656ms
  Thread calibration: mean lat.: 1490.192ms, rate sampling interval: 5791ms

-----------------------------------------------------------------------
Test Results @ http://10.106.139.161/?loopCount=25&base=6&exp=6 
  Thread Stats   Avg      Stdev     99%   +/- Stdev
    Latency     7.22s     2.14s   11.08s    59.45%
    Req/Sec     9.07      0.70    10.00    100.00%
  Latency Distribution (HdrHistogram - Recorded Latency)
 50.000%    7.15s 
 75.000%    9.03s 
 90.000%   10.17s 
 99.000%   11.08s 
 99.900%   11.24s 
 99.990%   11.24s 
 99.999%   11.24s 
100.000%   11.24s 

  Detailed Percentile spectrum:
       Value   Percentile   TotalCount 1/(1-Percentile)

    3258.367     0.000000            1         1.00
    4317.183     0.100000           96         1.11
    5029.887     0.200000          189         1.25
    5734.399     0.300000          284         1.43
    6414.335     0.400000          377         1.67
    7151.615     0.500000          471         2.00
    7671.807     0.550000          522         2.22
    8007.679     0.600000          566         2.50
    8372.223     0.650000          614         2.86
    8699.903     0.700000          661         3.33
    9027.583     0.750000          707         4.00
    9199.615     0.775000          731         4.44
    9338.879     0.800000          755         5.00
    9543.679     0.825000          779         5.71
    9740.287     0.850000          802         6.67
   10010.623     0.875000          827         8.00
   10067.967     0.887500          838         8.89
   10166.271     0.900000          848        10.00
   10272.767     0.912500          860        11.43
   10420.223     0.925000          872        13.33
   10502.143     0.937500          884        16.00
   10543.103     0.943750          891        17.78
   10616.831     0.950000          895        20.00
   10706.943     0.956250          905        22.86
   10731.519     0.962500          907        26.67
   10772.479     0.968750          913        32.00
   10838.015     0.971875          917        35.56
   10878.975     0.975000          919        40.00
   10919.935     0.978125          922        45.71
   10960.895     0.981250          925        53.33
   10985.471     0.984375          928        64.00
   11018.239     0.985938          929        71.11
   11067.391     0.987500          931        80.00
   11075.583     0.989062          932        91.43
   11091.967     0.990625          934       106.67
   11108.351     0.992188          935       128.00
   11116.543     0.992969          937       142.22
   11116.543     0.993750          937       160.00
   11116.543     0.994531          937       182.86
   11141.119     0.995313          938       213.33
   11149.311     0.996094          939       256.00
   11149.311     0.996484          939       284.44
   11165.695     0.996875          940       320.00
   11165.695     0.997266          940       365.71
   11165.695     0.997656          940       426.67
   11239.423     0.998047          942       512.00
   11239.423     1.000000          942          inf
#[Mean    =     7219.549, StdDeviation   =     2138.609]
#[Max     =    11231.232, Total count    =          942]
#[Buckets =           27, SubBuckets     =         2048]
-----------------------------------------------------------------------
  1424 requests in 30.00s, 434.52KB read
Requests/sec:     47.46  
Transfer/sec:     14.48KB
