Running 1m test @ http://10.98.229.77/?loopCount=25&base=6&exp=6
  5 threads and 5 connections

  Thread calibration: mean lat.: 136.321ms, rate sampling interval: 577ms
  Thread calibration: mean lat.: 81.661ms, rate sampling interval: 300ms
  Thread calibration: mean lat.: 111.333ms, rate sampling interval: 445ms
  Thread calibration: mean lat.: 121.151ms, rate sampling interval: 404ms
  Thread calibration: mean lat.: 222.969ms, rate sampling interval: 766ms

-----------------------------------------------------------------------
Test Results @ http://10.98.229.77/?loopCount=25&base=6&exp=6 
  Thread Stats   Avg      Stdev     99%   +/- Stdev
    Latency    70.50ms   41.80ms 220.16ms   84.68%
    Req/Sec    14.45      1.95    20.00     90.04%
  Latency Distribution (HdrHistogram - Recorded Latency)
 50.000%   54.56ms
 75.000%   84.54ms
 90.000%  126.08ms
 99.000%  220.16ms
 99.900%  291.33ms
 99.990%  351.23ms
 99.999%  351.23ms
100.000%  351.23ms

  Detailed Percentile spectrum:
       Value   Percentile   TotalCount 1/(1-Percentile)

      21.663     0.000000            1         1.00
      40.287     0.100000          376         1.11
      40.895     0.200000          760         1.25
      41.535     0.300000         1132         1.43
      46.879     0.400000         1502         1.67
      54.559     0.500000         1877         2.00
      59.487     0.550000         2066         2.22
      65.087     0.600000         2252         2.50
      71.743     0.650000         2442         2.86
      78.079     0.700000         2628         3.33
      84.543     0.750000         2816         4.00
      88.703     0.775000         2909         4.44
      92.607     0.800000         3003         5.00
     100.607     0.825000         3098         5.71
     107.071     0.850000         3191         6.67
     115.711     0.875000         3285         8.00
     120.191     0.887500         3331         8.89
     126.079     0.900000         3378        10.00
     135.167     0.912500         3425        11.43
     142.463     0.925000         3472        13.33
     150.527     0.937500         3519        16.00
     154.623     0.943750         3542        17.78
     158.079     0.950000         3566        20.00
     164.095     0.956250         3589        22.86
     171.007     0.962500         3613        26.67
     179.967     0.968750         3636        32.00
     183.935     0.971875         3648        35.56
     187.135     0.975000         3661        40.00
     191.103     0.978125         3671        45.71
     199.039     0.981250         3683        53.33
     207.999     0.984375         3695        64.00
     210.559     0.985938         3701        71.11
     214.271     0.987500         3707        80.00
     217.855     0.989062         3712        91.43
     222.847     0.990625         3718       106.67
     227.199     0.992188         3724       128.00
     231.807     0.992969         3727       142.22
     240.383     0.993750         3730       160.00
     243.967     0.994531         3733       182.86
     254.335     0.995313         3736       213.33
     256.895     0.996094         3739       256.00
     263.935     0.996484         3740       284.44
     266.495     0.996875         3742       320.00
     269.823     0.997266         3743       365.71
     273.663     0.997656         3745       426.67
     279.551     0.998047         3746       512.00
     286.463     0.998242         3747       568.89
     286.975     0.998437         3748       640.00
     286.975     0.998633         3748       731.43
     291.327     0.998828         3749       853.33
     306.431     0.999023         3750      1024.00
     306.431     0.999121         3750      1137.78
     318.207     0.999219         3751      1280.00
     318.207     0.999316         3751      1462.86
     318.207     0.999414         3751      1706.67
     325.631     0.999512         3752      2048.00
     325.631     0.999561         3752      2275.56
     325.631     0.999609         3752      2560.00
     325.631     0.999658         3752      2925.71
     325.631     0.999707         3752      3413.33
     351.231     0.999756         3753      4096.00
     351.231     1.000000         3753          inf
#[Mean    =       70.504, StdDeviation   =       41.800]
#[Max     =      350.976, Total count    =         3753]
#[Buckets =           27, SubBuckets     =         2048]
-----------------------------------------------------------------------
  4495 requests in 1.00m, 1.34MB read
Requests/sec:     74.91  
Transfer/sec:     22.83KB
