Running 30s test @ http://10.106.139.161/?loopCount=25&base=6&exp=6
  5 threads and 5 connections

  Thread calibration: mean lat.: 337.024ms, rate sampling interval: 1119ms
  Thread calibration: mean lat.: 429.530ms, rate sampling interval: 1448ms
  Thread calibration: mean lat.: 373.979ms, rate sampling interval: 1372ms
  Thread calibration: mean lat.: 429.767ms, rate sampling interval: 1564ms
  Thread calibration: mean lat.: 566.839ms, rate sampling interval: 1886ms

-----------------------------------------------------------------------
Test Results @ http://10.106.139.161/?loopCount=25&base=6&exp=6 
  Thread Stats   Avg      Stdev     99%   +/- Stdev
    Latency     1.14s   364.39ms   1.86s    63.82%
    Req/Sec    14.33      1.77    18.00     87.88%
  Latency Distribution (HdrHistogram - Recorded Latency)
 50.000%    1.20s 
 75.000%    1.40s 
 90.000%    1.62s 
 99.000%    1.86s 
 99.900%    2.00s 
 99.990%    2.03s 
 99.999%    2.03s 
100.000%    2.03s 

  Detailed Percentile spectrum:
       Value   Percentile   TotalCount 1/(1-Percentile)

     359.167     0.000000            1         1.00
     619.007     0.100000          149         1.11
     790.015     0.200000          296         1.25
     907.775     0.300000          443         1.43
    1092.607     0.400000          591         1.67
    1197.055     0.500000          740         2.00
    1225.727     0.550000          812         2.22
    1265.663     0.600000          888         2.50
    1304.575     0.650000          960         2.86
    1355.775     0.700000         1039         3.33
    1397.759     0.750000         1107         4.00
    1421.311     0.775000         1145         4.44
    1449.983     0.800000         1182         5.00
    1489.919     0.825000         1218         5.71
    1544.191     0.850000         1257         6.67
    1580.031     0.875000         1292         8.00
    1599.487     0.887500         1310         8.89
    1624.063     0.900000         1330        10.00
    1644.543     0.912500         1347        11.43
    1657.855     0.925000         1366        13.33
    1676.287     0.937500         1385        16.00
    1684.479     0.943750         1393        17.78
    1701.887     0.950000         1405        20.00
    1716.223     0.956250         1412        22.86
    1734.655     0.962500         1423        26.67
    1753.087     0.968750         1430        32.00
    1767.423     0.971875         1435        35.56
    1782.783     0.975000         1441        40.00
    1801.215     0.978125         1445        45.71
    1812.479     0.981250         1449        53.33
    1822.719     0.984375         1453        64.00
    1848.319     0.985938         1456        71.11
    1855.487     0.987500         1458        80.00
    1858.559     0.989062         1460        91.43
    1873.919     0.990625         1463       106.67
    1886.207     0.992188         1465       128.00
    1892.351     0.992969         1466       142.22
    1899.519     0.993750         1467       160.00
    1905.663     0.994531         1468       182.86
    1944.575     0.995313         1470       213.33
    1949.695     0.996094         1471       256.00
    1949.695     0.996484         1471       284.44
    1966.079     0.996875         1472       320.00
    1966.079     0.997266         1472       365.71
    1976.319     0.997656         1473       426.67
    1979.391     0.998047         1474       512.00
    1979.391     0.998242         1474       568.89
    1979.391     0.998437         1474       640.00
    1979.391     0.998633         1474       731.43
    2001.919     0.998828         1475       853.33
    2001.919     0.999023         1475      1024.00
    2001.919     0.999121         1475      1137.78
    2001.919     0.999219         1475      1280.00
    2001.919     0.999316         1475      1462.86
    2028.543     0.999414         1476      1706.67
    2028.543     1.000000         1476          inf
#[Mean    =     1141.658, StdDeviation   =      364.389]
#[Max     =     2027.520, Total count    =         1476]
#[Buckets =           27, SubBuckets     =         2048]
-----------------------------------------------------------------------
  2169 requests in 30.00s, 661.14KB read
Requests/sec:     72.30  
Transfer/sec:     22.04KB
