Running 30s test @ http://10.106.139.161/?loopCount=25&base=6&exp=6
  1 threads and 1 connections

  Thread calibration: mean lat.: 1608.213ms, rate sampling interval: 5128ms

-----------------------------------------------------------------------
Test Results @ http://10.106.139.161/?loopCount=25&base=6&exp=6 
  Thread Stats   Avg      Stdev     99%   +/- Stdev
    Latency     5.41s     1.64s    7.96s    52.85%
    Req/Sec    18.00      0.82    19.00    100.00%
  Latency Distribution (HdrHistogram - Recorded Latency)
 50.000%    5.46s 
 75.000%    6.88s 
 90.000%    7.69s 
 99.000%    7.96s 
 99.900%    7.97s 
 99.990%    7.97s 
 99.999%    7.97s 
100.000%    7.97s 

  Detailed Percentile spectrum:
       Value   Percentile   TotalCount 1/(1-Percentile)

    2723.839     0.000000            1         1.00
    3198.975     0.100000           39         1.11
    3629.055     0.200000           75         1.25
    4007.935     0.300000          111         1.43
    4960.255     0.400000          148         1.67
    5459.967     0.500000          187         2.00
    5525.503     0.550000          204         2.22
    6082.559     0.600000          222         2.50
    6250.495     0.650000          240         2.86
    6668.287     0.700000          261         3.33
    6877.183     0.750000          279         4.00
    6918.143     0.775000          286         4.44
    7225.343     0.800000          296         5.00
    7368.703     0.825000          308         5.71
    7409.663     0.850000          314         6.67
    7589.887     0.875000          323         8.00
    7651.327     0.887500          328         8.89
    7692.287     0.900000          338        10.00
    7692.287     0.912500          338        11.43
    7696.383     0.925000          344        13.33
    7733.247     0.937500          346        16.00
    7786.495     0.943750          349        17.78
    7892.991     0.950000          351        20.00
    7950.335     0.956250          354        22.86
    7958.527     0.962500          360        26.67
    7958.527     0.968750          360        32.00
    7958.527     0.971875          360        35.56
    7958.527     0.975000          360        40.00
    7962.623     0.978125          367        45.71
    7962.623     0.981250          367        53.33
    7962.623     0.984375          367        64.00
    7962.623     0.985938          367        71.11
    7962.623     0.987500          367        80.00
    7962.623     0.989062          367        91.43
    7962.623     0.990625          367       106.67
    7962.623     0.992188          367       128.00
    7962.623     0.992969          367       142.22
    7962.623     0.993750          367       160.00
    7962.623     0.994531          367       182.86
    7966.719     0.995313          369       213.33
    7966.719     1.000000          369          inf
#[Mean    =     5407.944, StdDeviation   =     1636.236]
#[Max     =     7962.624, Total count    =          369]
#[Buckets =           27, SubBuckets     =         2048]
-----------------------------------------------------------------------
  550 requests in 30.00s, 167.59KB read
Requests/sec:     18.33  
Transfer/sec:      5.59KB
