Running 30s test @ http://10.106.139.161/?loopCount=25&base=6&exp=6
  1 threads and 1 connections

  Thread calibration: mean lat.: 3489.114ms, rate sampling interval: 12591ms

-----------------------------------------------------------------------
Test Results @ http://10.106.139.161/?loopCount=25&base=6&exp=6 
  Thread Stats   Avg      Stdev     99%   +/- Stdev
    Latency    13.44s     4.09s   20.64s    59.73%
    Req/Sec     7.00      0.00     7.00    100.00%
  Latency Distribution (HdrHistogram - Recorded Latency)
 50.000%   13.16s 
 75.000%   17.09s 
 90.000%   19.02s 
 99.000%   20.64s 
 99.900%   20.71s 
 99.990%   20.71s 
 99.999%   20.71s 
100.000%   20.71s 

  Detailed Percentile spectrum:
       Value   Percentile   TotalCount 1/(1-Percentile)

    6737.919     0.000000            1         1.00
    7761.919     0.100000           15         1.11
    9379.839     0.200000           30         1.25
   10575.871     0.300000           45         1.43
   11763.711     0.400000           61         1.67
   13164.543     0.500000           75         2.00
   13910.015     0.550000           82         2.22
   14860.287     0.600000           90         2.50
   15769.599     0.650000           97         2.86
   16375.807     0.700000          105         3.33
   17088.511     0.750000          112         4.00
   17416.191     0.775000          116         4.44
   17694.719     0.800000          120         5.00
   18055.167     0.825000          123         5.71
   18415.615     0.850000          127         6.67
   18825.215     0.875000          131         8.00
   18956.287     0.887500          133         8.89
   19267.583     0.900000          135        10.00
   19415.039     0.912500          136        11.43
   19644.415     0.925000          138        13.33
   19775.487     0.937500          140        16.00
   19922.943     0.943750          142        17.78
   19922.943     0.950000          142        20.00
   19972.095     0.956250          143        22.86
   20103.167     0.962500          144        26.67
   20168.703     0.968750          145        32.00
   20168.703     0.971875          145        35.56
   20316.159     0.975000          146        40.00
   20316.159     0.978125          146        45.71
   20398.079     0.981250          147        53.33
   20398.079     0.984375          147        64.00
   20398.079     0.985938          147        71.11
   20643.839     0.987500          148        80.00
   20643.839     0.989062          148        91.43
   20643.839     0.990625          148       106.67
   20643.839     0.992188          148       128.00
   20643.839     0.992969          148       142.22
   20709.375     0.993750          149       160.00
   20709.375     1.000000          149          inf
#[Mean    =    13443.649, StdDeviation   =     4092.711]
#[Max     =    20692.992, Total count    =          149]
#[Buckets =           27, SubBuckets     =         2048]
-----------------------------------------------------------------------
  231 requests in 30.00s, 70.54KB read
Requests/sec:      7.70  
Transfer/sec:      2.35KB
