Running 1m test @ http://10.98.229.77/?loopCount=25&base=6&exp=6
  5 threads and 5 connections

  Thread calibration: mean lat.: 50.055ms, rate sampling interval: 178ms
  Thread calibration: mean lat.: 49.691ms, rate sampling interval: 175ms
  Thread calibration: mean lat.: 50.578ms, rate sampling interval: 176ms
  Thread calibration: mean lat.: 44.357ms, rate sampling interval: 100ms
  Thread calibration: mean lat.: 49.015ms, rate sampling interval: 166ms

-----------------------------------------------------------------------
Test Results @ http://10.98.229.77/?loopCount=25&base=6&exp=6 
  Thread Stats   Avg      Stdev     99%   +/- Stdev
    Latency    46.44ms   18.13ms 108.48ms   85.00%
    Req/Sec     9.78      2.80    18.00     82.89%
  Latency Distribution (HdrHistogram - Recorded Latency)
 50.000%   41.60ms
 75.000%   42.72ms
 90.000%   87.04ms
 99.000%  108.48ms
 99.900%  146.30ms
 99.990%  164.48ms
 99.999%  164.48ms
100.000%  164.48ms

  Detailed Percentile spectrum:
       Value   Percentile   TotalCount 1/(1-Percentile)

      21.535     0.000000            1         1.00
      37.183     0.100000          250         1.11
      40.287     0.200000          505         1.25
      40.895     0.300000          764         1.43
      41.279     0.400000         1033         1.67
      41.599     0.500000         1251         2.00
      41.791     0.550000         1375         2.22
      41.983     0.600000         1501         2.50
      42.207     0.650000         1626         2.86
      42.463     0.700000         1752         3.33
      42.719     0.750000         1883         4.00
      42.879     0.775000         1944         4.44
      43.071     0.800000         2004         5.00
      43.391     0.825000         2065         5.71
      43.967     0.850000         2126         6.67
      48.895     0.875000         2189         8.00
      59.359     0.887500         2219         8.89
      87.039     0.900000         2250        10.00
      88.703     0.912500         2282        11.43
      89.599     0.925000         2313        13.33
      90.495     0.937500         2344        16.00
      91.199     0.943750         2361        17.78
      92.607     0.950000         2376        20.00
      95.103     0.956250         2391        22.86
      97.663     0.962500         2408        26.67
      99.711     0.968750         2422        32.00
     101.119     0.971875         2430        35.56
     102.783     0.975000         2439        40.00
     103.679     0.978125         2446        45.71
     104.639     0.981250         2454        53.33
     105.855     0.984375         2461        64.00
     106.495     0.985938         2465        71.11
     106.879     0.987500         2469        80.00
     107.967     0.989062         2474        91.43
     108.991     0.990625         2477       106.67
     110.975     0.992188         2481       128.00
     112.127     0.992969         2483       142.22
     112.895     0.993750         2486       160.00
     114.175     0.994531         2487       182.86
     115.199     0.995313         2489       213.33
     117.567     0.996094         2491       256.00
     118.719     0.996484         2492       284.44
     120.639     0.996875         2493       320.00
     122.303     0.997266         2494       365.71
     123.391     0.997656         2495       426.67
     123.903     0.998047         2496       512.00
     123.903     0.998242         2496       568.89
     124.095     0.998437         2497       640.00
     124.095     0.998633         2497       731.43
     146.303     0.998828         2498       853.33
     146.303     0.999023         2498      1024.00
     146.303     0.999121         2498      1137.78
     152.447     0.999219         2499      1280.00
     152.447     0.999316         2499      1462.86
     152.447     0.999414         2499      1706.67
     152.447     0.999512         2499      2048.00
     152.447     0.999561         2499      2275.56
     164.479     0.999609         2500      2560.00
     164.479     1.000000         2500          inf
#[Mean    =       46.442, StdDeviation   =       18.129]
#[Max     =      164.352, Total count    =         2500]
#[Buckets =           27, SubBuckets     =         2048]
-----------------------------------------------------------------------
  2995 requests in 1.00m, 0.89MB read
Requests/sec:     49.91  
Transfer/sec:     15.21KB
