Running 30s test @ http://10.106.139.161/?loopCount=25&base=6&exp=6
  5 threads and 5 connections

  Thread calibration: mean lat.: 89.064ms, rate sampling interval: 312ms
  Thread calibration: mean lat.: 97.203ms, rate sampling interval: 322ms
  Thread calibration: mean lat.: 207.940ms, rate sampling interval: 835ms
  Thread calibration: mean lat.: 109.273ms, rate sampling interval: 408ms
  Thread calibration: mean lat.: 163.747ms, rate sampling interval: 643ms

-----------------------------------------------------------------------
Test Results @ http://10.106.139.161/?loopCount=25&base=6&exp=6 
  Thread Stats   Avg      Stdev     99%   +/- Stdev
    Latency   198.13ms  135.77ms 527.36ms   69.22%
    Req/Sec    14.46      2.63    20.00     86.03%
  Latency Distribution (HdrHistogram - Recorded Latency)
 50.000%  151.68ms
 75.000%  284.16ms
 90.000%  420.86ms
 99.000%  527.36ms
 99.900%  637.95ms
 99.990%  664.06ms
 99.999%  664.06ms
100.000%  664.06ms

  Detailed Percentile spectrum:
       Value   Percentile   TotalCount 1/(1-Percentile)

      32.735     0.000000            1         1.00
      59.231     0.100000          150         1.11
      84.159     0.200000          299         1.25
     101.311     0.300000          448         1.43
     124.735     0.400000          597         1.67
     151.679     0.500000          747         2.00
     165.887     0.550000          821         2.22
     189.183     0.600000          896         2.50
     213.375     0.650000          970         2.86
     244.351     0.700000         1044         3.33
     285.183     0.750000         1119         4.00
     304.383     0.775000         1156         4.44
     327.423     0.800000         1193         5.00
     350.463     0.825000         1231         5.71
     376.063     0.850000         1268         6.67
     397.055     0.875000         1306         8.00
     406.783     0.887500         1324         8.89
     420.863     0.900000         1343        10.00
     435.711     0.912500         1361        11.43
     452.351     0.925000         1380        13.33
     462.847     0.937500         1398        16.00
     467.199     0.943750         1408        17.78
     472.575     0.950000         1417        20.00
     477.951     0.956250         1426        22.86
     486.655     0.962500         1436        26.67
     493.567     0.968750         1445        32.00
     495.871     0.971875         1451        35.56
     500.735     0.975000         1454        40.00
     505.599     0.978125         1459        45.71
     512.255     0.981250         1464        53.33
     516.095     0.984375         1468        64.00
     520.959     0.985938         1471        71.11
     522.751     0.987500         1473        80.00
     526.335     0.989062         1475        91.43
     528.383     0.990625         1478       106.67
     539.647     0.992188         1480       128.00
     547.327     0.992969         1481       142.22
     547.839     0.993750         1482       160.00
     552.447     0.994531         1484       182.86
     556.543     0.995313         1485       213.33
     567.807     0.996094         1486       256.00
     567.807     0.996484         1486       284.44
     583.167     0.996875         1487       320.00
     583.167     0.997266         1487       365.71
     608.767     0.997656         1488       426.67
     636.415     0.998047         1489       512.00
     636.415     0.998242         1489       568.89
     636.415     0.998437         1489       640.00
     636.415     0.998633         1489       731.43
     637.951     0.998828         1490       853.33
     637.951     0.999023         1490      1024.00
     637.951     0.999121         1490      1137.78
     637.951     0.999219         1490      1280.00
     637.951     0.999316         1490      1462.86
     664.063     0.999414         1491      1706.67
     664.063     1.000000         1491          inf
#[Mean    =      198.133, StdDeviation   =      135.766]
#[Max     =      663.552, Total count    =         1491]
#[Buckets =           27, SubBuckets     =         2048]
-----------------------------------------------------------------------
  2236 requests in 30.00s, 681.47KB read
Requests/sec:     74.53  
Transfer/sec:     22.71KB
