Running 30s test @ http://10.106.139.161/?loopCount=25&base=6&exp=6
  1 threads and 1 connections

  Thread calibration: mean lat.: 2094.268ms, rate sampling interval: 7094ms

-----------------------------------------------------------------------
Test Results @ http://10.106.139.161/?loopCount=25&base=6&exp=6 
  Thread Stats   Avg      Stdev     99%   +/- Stdev
    Latency     7.93s     1.80s   10.81s    68.10%
    Req/Sec    15.50      1.50    17.00    100.00%
  Latency Distribution (HdrHistogram - Recorded Latency)
 50.000%    8.20s 
 75.000%    9.29s 
 90.000%   10.28s 
 99.000%   10.81s 
 99.900%   10.84s 
 99.990%   10.84s 
 99.999%   10.84s 
100.000%   10.84s 

  Detailed Percentile spectrum:
       Value   Percentile   TotalCount 1/(1-Percentile)

    3932.159     0.000000            1         1.00
    5226.495     0.100000           33         1.11
    6479.871     0.200000           67         1.25
    6918.143     0.300000          103         1.43
    7393.279     0.400000          132         1.67
    8196.095     0.500000          163         2.00
    8495.103     0.550000          181         2.22
    8716.287     0.600000          199         2.50
    8855.551     0.650000          215         2.86
    9142.271     0.700000          240         3.33
    9289.727     0.750000          245         4.00
    9347.071     0.775000          253         4.44
    9568.255     0.800000          261         5.00
    9625.599     0.825000          274         5.71
    9691.135     0.850000          279         6.67
   10076.159     0.875000          286         8.00
   10190.847     0.887500          291         8.89
   10330.111     0.900000          294        10.00
   10436.607     0.912500          298        11.43
   10543.103     0.925000          302        13.33
   10657.791     0.937500          306        16.00
   10780.671     0.943750          308        17.78
   10788.863     0.950000          311        20.00
   10797.055     0.956250          321        22.86
   10797.055     0.962500          321        26.67
   10797.055     0.968750          321        32.00
   10797.055     0.971875          321        35.56
   10797.055     0.975000          321        40.00
   10797.055     0.978125          321        45.71
   10797.055     0.981250          321        53.33
   10797.055     0.984375          321        64.00
   10813.439     0.985938          323        71.11
   10813.439     0.987500          323        80.00
   10813.439     0.989062          323        91.43
   10813.439     0.990625          323       106.67
   10829.823     0.992188          324       128.00
   10829.823     0.992969          324       142.22
   10829.823     0.993750          324       160.00
   10838.015     0.994531          326       182.86
   10838.015     1.000000          326          inf
#[Mean    =     7931.046, StdDeviation   =     1797.315]
#[Max     =    10829.824, Total count    =          326]
#[Buckets =           27, SubBuckets     =         2048]
-----------------------------------------------------------------------
  479 requests in 30.00s, 145.99KB read
Requests/sec:     15.96  
Transfer/sec:      4.87KB
