Running 30s test @ http://10.106.139.161/?loopCount=25&base=6&exp=6
  1 threads and 1 connections

  Thread calibration: mean lat.: 1177.535ms, rate sampling interval: 3889ms

-----------------------------------------------------------------------
Test Results @ http://10.106.139.161/?loopCount=25&base=6&exp=6 
  Thread Stats   Avg      Stdev     99%   +/- Stdev
    Latency     4.73s     1.55s    7.27s    57.26%
    Req/Sec    18.00      1.26    20.00    100.00%
  Latency Distribution (HdrHistogram - Recorded Latency)
 50.000%    4.96s 
 75.000%    6.07s 
 90.000%    6.65s 
 99.000%    7.27s 
 99.900%    7.28s 
 99.990%    7.28s 
 99.999%    7.28s 
100.000%    7.28s 

  Detailed Percentile spectrum:
       Value   Percentile   TotalCount 1/(1-Percentile)

    2136.063     0.000000            3         1.00
    2631.679     0.100000           39         1.11
    2988.031     0.200000           75         1.25
    3686.399     0.300000          113         1.43
    4218.879     0.400000          150         1.67
    4964.351     0.500000          188         2.00
    5357.567     0.550000          205         2.22
    5521.407     0.600000          224         2.50
    5623.807     0.650000          245         2.86
    5935.103     0.700000          261         3.33
    6074.367     0.750000          279         4.00
    6115.327     0.775000          289         4.44
    6189.055     0.800000          298         5.00
    6504.447     0.825000          308         5.71
    6512.639     0.850000          317         6.67
    6520.831     0.875000          329         8.00
    6537.215     0.887500          331         8.89
    6647.807     0.900000          335        10.00
    6729.727     0.912500          344        11.43
    6737.919     0.925000          347        13.33
    6782.975     0.937500          349        16.00
    6901.759     0.943750          352        17.78
    6983.679     0.950000          354        20.00
    7041.023     0.956250          356        22.86
    7180.287     0.962500          360        26.67
    7221.247     0.968750          364        32.00
    7221.247     0.971875          364        35.56
    7221.247     0.975000          364        40.00
    7221.247     0.978125          364        45.71
    7245.823     0.981250          366        53.33
    7274.495     0.984375          369        64.00
    7274.495     0.985938          369        71.11
    7274.495     0.987500          369        80.00
    7274.495     0.989062          369        91.43
    7274.495     0.990625          369       106.67
    7278.591     0.992188          372       128.00
    7278.591     1.000000          372          inf
#[Mean    =     4729.027, StdDeviation   =     1553.120]
#[Max     =     7274.496, Total count    =          372]
#[Buckets =           27, SubBuckets     =         2048]
-----------------------------------------------------------------------
  568 requests in 30.00s, 173.07KB read
Requests/sec:     18.93  
Transfer/sec:      5.77KB
