Running 30s test @ http://10.106.139.161/?loopCount=25&base=6&exp=6
  5 threads and 5 connections

  Thread calibration: mean lat.: 107.173ms, rate sampling interval: 449ms
  Thread calibration: mean lat.: 86.682ms, rate sampling interval: 307ms
  Thread calibration: mean lat.: 108.772ms, rate sampling interval: 439ms
  Thread calibration: mean lat.: 133.097ms, rate sampling interval: 649ms
  Thread calibration: mean lat.: 91.984ms, rate sampling interval: 369ms

-----------------------------------------------------------------------
Test Results @ http://10.106.139.161/?loopCount=25&base=6&exp=6 
  Thread Stats   Avg      Stdev     99%   +/- Stdev
    Latency    99.90ms   72.40ms 356.86ms   83.82%
    Req/Sec    14.47      2.20    19.00     85.29%
  Latency Distribution (HdrHistogram - Recorded Latency)
 50.000%   69.89ms
 75.000%  137.73ms
 90.000%  201.98ms
 99.000%  356.86ms
 99.900%  391.42ms
 99.990%  406.78ms
 99.999%  406.78ms
100.000%  406.78ms

  Detailed Percentile spectrum:
       Value   Percentile   TotalCount 1/(1-Percentile)

      23.231     0.000000            1         1.00
      40.799     0.100000          151         1.11
      41.919     0.200000          300         1.25
      44.255     0.300000          449         1.43
      55.615     0.400000          599         1.67
      69.887     0.500000          748         2.00
      81.151     0.550000          824         2.22
      92.095     0.600000          899         2.50
     104.575     0.650000          973         2.86
     123.583     0.700000         1049         3.33
     137.727     0.750000         1123         4.00
     146.175     0.775000         1160         4.44
     155.263     0.800000         1197         5.00
     162.815     0.825000         1235         5.71
     176.383     0.850000         1272         6.67
     188.287     0.875000         1309         8.00
     195.583     0.887500         1328         8.89
     202.239     0.900000         1347        10.00
     214.143     0.912500         1366        11.43
     222.591     0.925000         1384        13.33
     228.223     0.937500         1403        16.00
     236.287     0.943750         1412        17.78
     241.023     0.950000         1422        20.00
     250.751     0.956250         1431        22.86
     257.407     0.962500         1440        26.67
     264.191     0.968750         1450        32.00
     275.967     0.971875         1454        35.56
     286.975     0.975000         1459        40.00
     307.711     0.978125         1464        45.71
     331.519     0.981250         1468        53.33
     343.295     0.984375         1473        64.00
     349.183     0.985938         1475        71.11
     354.815     0.987500         1478        80.00
     356.607     0.989062         1480        91.43
     358.399     0.990625         1482       106.67
     366.847     0.992188         1485       128.00
     368.639     0.992969         1487       142.22
     368.639     0.993750         1487       160.00
     376.319     0.994531         1488       182.86
     378.367     0.995313         1489       213.33
     381.951     0.996094         1491       256.00
     381.951     0.996484         1491       284.44
     386.047     0.996875         1492       320.00
     386.047     0.997266         1492       365.71
     389.631     0.997656         1493       426.67
     389.887     0.998047         1494       512.00
     389.887     0.998242         1494       568.89
     389.887     0.998437         1494       640.00
     389.887     0.998633         1494       731.43
     391.423     0.998828         1495       853.33
     391.423     0.999023         1495      1024.00
     391.423     0.999121         1495      1137.78
     391.423     0.999219         1495      1280.00
     391.423     0.999316         1495      1462.86
     406.783     0.999414         1496      1706.67
     406.783     1.000000         1496          inf
#[Mean    =       99.901, StdDeviation   =       72.399]
#[Max     =      406.528, Total count    =         1496]
#[Buckets =           27, SubBuckets     =         2048]
-----------------------------------------------------------------------
  2242 requests in 30.01s, 683.21KB read
Requests/sec:     74.72  
Transfer/sec:     22.77KB
