Running 30s test @ http://10.106.139.161/?loopCount=25&base=6&exp=6
  5 threads and 5 connections

  Thread calibration: mean lat.: 109.461ms, rate sampling interval: 443ms
  Thread calibration: mean lat.: 122.830ms, rate sampling interval: 456ms
  Thread calibration: mean lat.: 134.590ms, rate sampling interval: 479ms
  Thread calibration: mean lat.: 117.021ms, rate sampling interval: 462ms
  Thread calibration: mean lat.: 135.848ms, rate sampling interval: 480ms

-----------------------------------------------------------------------
Test Results @ http://10.106.139.161/?loopCount=25&base=6&exp=6 
  Thread Stats   Avg      Stdev     99%   +/- Stdev
    Latency    97.40ms   80.02ms 419.58ms   87.18%
    Req/Sec     9.55      1.94    15.00     84.51%
  Latency Distribution (HdrHistogram - Recorded Latency)
 50.000%   66.50ms
 75.000%  122.11ms
 90.000%  214.14ms
 99.000%  419.58ms
 99.900%  547.84ms
 99.990%  549.38ms
 99.999%  549.38ms
100.000%  549.38ms

  Detailed Percentile spectrum:
       Value   Percentile   TotalCount 1/(1-Percentile)

      21.695     0.000000            1         1.00
      40.671     0.100000          103         1.11
      41.311     0.200000          206         1.25
      43.647     0.300000          302         1.43
      49.183     0.400000          403         1.67
      66.495     0.500000          503         2.00
      73.727     0.550000          554         2.22
      82.879     0.600000          604         2.50
     108.671     0.650000          654         2.86
     116.095     0.700000          705         3.33
     122.111     0.750000          755         4.00
     127.551     0.775000          780         4.44
     134.783     0.800000          805         5.00
     145.151     0.825000          830         5.71
     159.999     0.850000          856         6.67
     190.719     0.875000          881         8.00
     211.711     0.887500          893         8.89
     214.271     0.900000          906        10.00
     218.495     0.912500          919        11.43
     221.823     0.925000          932        13.33
     227.967     0.937500          944        16.00
     229.375     0.943750          950        17.78
     231.295     0.950000          956        20.00
     240.895     0.956250          962        22.86
     253.567     0.962500          969        26.67
     304.127     0.968750          975        32.00
     313.343     0.971875          978        35.56
     321.791     0.975000          981        40.00
     324.351     0.978125          984        45.71
     360.447     0.981250          988        53.33
     381.951     0.984375          991        64.00
     400.127     0.985938          992        71.11
     412.927     0.987500          994        80.00
     415.743     0.989062          995        91.43
     421.375     0.990625          997       106.67
     446.975     0.992188          999       128.00
     446.975     0.992969          999       142.22
     488.447     0.993750         1000       160.00
     489.471     0.994531         1001       182.86
     529.919     0.995313         1002       213.33
     531.967     0.996094         1003       256.00
     531.967     0.996484         1003       284.44
     531.967     0.996875         1003       320.00
     540.671     0.997266         1004       365.71
     540.671     0.997656         1004       426.67
     547.839     0.998047         1005       512.00
     547.839     0.998242         1005       568.89
     547.839     0.998437         1005       640.00
     547.839     0.998633         1005       731.43
     547.839     0.998828         1005       853.33
     549.375     0.999023         1006      1024.00
     549.375     1.000000         1006          inf
#[Mean    =       97.398, StdDeviation   =       80.019]
#[Max     =      548.864, Total count    =         1006]
#[Buckets =           27, SubBuckets     =         2048]
-----------------------------------------------------------------------
  1495 requests in 30.00s, 455.88KB read
Requests/sec:     49.83  
Transfer/sec:     15.19KB
