Running 30s test @ http://10.106.139.161/?loopCount=25&base=6&exp=6
  5 threads and 5 connections

  Thread calibration: mean lat.: 84.680ms, rate sampling interval: 298ms
  Thread calibration: mean lat.: 80.293ms, rate sampling interval: 248ms
  Thread calibration: mean lat.: 78.434ms, rate sampling interval: 232ms
  Thread calibration: mean lat.: 79.129ms, rate sampling interval: 233ms
  Thread calibration: mean lat.: 89.282ms, rate sampling interval: 369ms

-----------------------------------------------------------------------
Test Results @ http://10.106.139.161/?loopCount=25&base=6&exp=6 
  Thread Stats   Avg      Stdev     99%   +/- Stdev
    Latency    69.07ms   35.74ms 206.21ms   80.74%
    Req/Sec     9.53      2.36    17.00     87.37%
  Latency Distribution (HdrHistogram - Recorded Latency)
 50.000%   57.63ms
 75.000%   89.66ms
 90.000%  113.47ms
 99.000%  206.21ms
 99.900%  216.19ms
 99.990%  218.88ms
 99.999%  218.88ms
100.000%  218.88ms

  Detailed Percentile spectrum:
       Value   Percentile   TotalCount 1/(1-Percentile)

      21.679     0.000000            1         1.00
      40.607     0.100000          103         1.11
      40.927     0.200000          201         1.25
      41.535     0.300000          301         1.43
      44.287     0.400000          399         1.67
      57.631     0.500000          499         2.00
      60.607     0.550000          549         2.22
      65.727     0.600000          600         2.50
      72.511     0.650000          650         2.86
      78.719     0.700000          698         3.33
      89.663     0.750000          748         4.00
      98.239     0.775000          774         4.44
     101.183     0.800000          801         5.00
     102.655     0.825000          823         5.71
     108.287     0.850000          848         6.67
     109.759     0.875000          874         8.00
     110.655     0.887500          886         8.89
     113.791     0.900000          898        10.00
     117.759     0.912500          910        11.43
     119.103     0.925000          923        13.33
     123.135     0.937500          935        16.00
     125.439     0.943750          941        17.78
     126.591     0.950000          948        20.00
     135.423     0.956250          954        22.86
     140.543     0.962500          960        26.67
     152.703     0.968750          966        32.00
     156.287     0.971875          969        35.56
     165.503     0.975000          973        40.00
     178.175     0.978125          976        45.71
     199.039     0.981250          979        53.33
     199.807     0.984375          982        64.00
     200.191     0.985938          983        71.11
     202.367     0.987500          985        80.00
     206.207     0.989062          987        91.43
     207.103     0.990625          988       106.67
     208.639     0.992188          990       128.00
     208.639     0.992969          990       142.22
     211.583     0.993750          991       160.00
     212.735     0.994531          992       182.86
     213.759     0.995313          993       213.33
     213.887     0.996094          994       256.00
     213.887     0.996484          994       284.44
     213.887     0.996875          994       320.00
     215.807     0.997266          995       365.71
     215.807     0.997656          995       426.67
     216.191     0.998047          996       512.00
     216.191     0.998242          996       568.89
     216.191     0.998437          996       640.00
     216.191     0.998633          996       731.43
     216.191     0.998828          996       853.33
     218.879     0.999023          997      1024.00
     218.879     1.000000          997          inf
#[Mean    =       69.074, StdDeviation   =       35.738]
#[Max     =      218.752, Total count    =          997]
#[Buckets =           27, SubBuckets     =         2048]
-----------------------------------------------------------------------
  1493 requests in 30.00s, 455.17KB read
Requests/sec:     49.76  
Transfer/sec:     15.17KB
