Running 1m test @ http://10.98.229.77/?loopCount=25&base=6&exp=6
  1 threads and 1 connections

  Thread calibration: mean lat.: 844.573ms, rate sampling interval: 2306ms

-----------------------------------------------------------------------
Test Results @ http://10.98.229.77/?loopCount=25&base=6&exp=6 
  Thread Stats   Avg      Stdev     99%   +/- Stdev
    Latency     5.25s     2.44s    9.77s    56.81%
    Req/Sec    20.14      1.39    22.00    100.00%
  Latency Distribution (HdrHistogram - Recorded Latency)
 50.000%    5.43s 
 75.000%    7.12s 
 90.000%    8.73s 
 99.000%    9.77s 
 99.900%    9.85s 
 99.990%    9.85s 
 99.999%    9.85s 
100.000%    9.85s 

  Detailed Percentile spectrum:
       Value   Percentile   TotalCount 1/(1-Percentile)

    1251.327     0.000000            3         1.00
    2053.119     0.100000          104         1.11
    2609.151     0.200000          210         1.25
    3303.423     0.300000          311         1.43
    4112.383     0.400000          414         1.67
    5431.295     0.500000          518         2.00
    5607.423     0.550000          571         2.22
    5992.447     0.600000          622         2.50
    6234.111     0.650000          673         2.86
    6852.607     0.700000          729         3.33
    7131.135     0.750000          777         4.00
    7401.471     0.775000          803         4.44
    7774.207     0.800000          829         5.00
    7852.031     0.825000          855         5.71
    8130.559     0.850000          884         6.67
    8511.487     0.875000          912         8.00
    8560.639     0.887500          919         8.89
    8732.671     0.900000          933        10.00
    8830.975     0.912500          945        11.43
    9019.391     0.925000          958        13.33
    9379.839     0.937500          971        16.00
    9420.799     0.943750          978        17.78
    9453.567     0.950000          985        20.00
    9551.871     0.956250          992        22.86
    9560.063     0.962500          997        26.67
    9633.791     0.968750         1003        32.00
    9666.559     0.971875         1007        35.56
    9691.135     0.975000         1013        40.00
    9691.135     0.978125         1013        45.71
    9715.711     0.981250         1016        53.33
    9723.903     0.984375         1020        64.00
    9748.479     0.985938         1022        71.11
    9773.055     0.987500         1025        80.00
    9773.055     0.989062         1025        91.43
    9781.247     0.990625         1027       106.67
    9781.247     0.992188         1027       128.00
    9789.439     0.992969         1029       142.22
    9789.439     0.993750         1029       160.00
    9805.823     0.994531         1031       182.86
    9805.823     0.995313         1031       213.33
    9805.823     0.996094         1031       256.00
    9830.399     0.996484         1033       284.44
    9830.399     0.996875         1033       320.00
    9830.399     0.997266         1033       365.71
    9830.399     0.997656         1033       426.67
    9830.399     0.998047         1033       512.00
    9854.975     0.998242         1035       568.89
    9854.975     1.000000         1035          inf
#[Mean    =     5254.641, StdDeviation   =     2442.238]
#[Max     =     9846.784, Total count    =         1035]
#[Buckets =           27, SubBuckets     =         2048]
-----------------------------------------------------------------------
  1253 requests in 1.00m, 381.78KB read
Requests/sec:     20.88  
Transfer/sec:      6.36KB
