Running 30s test @ http://10.106.139.161/?loopCount=25&base=6&exp=6
  1 threads and 1 connections

  Thread calibration: mean lat.: 73.935ms, rate sampling interval: 194ms

-----------------------------------------------------------------------
Test Results @ http://10.106.139.161/?loopCount=25&base=6&exp=6 
  Thread Stats   Avg      Stdev     99%   +/- Stdev
    Latency   131.35ms   42.17ms 185.73ms   68.41%
    Req/Sec    24.13      1.90    25.00     82.52%
  Latency Distribution (HdrHistogram - Recorded Latency)
 50.000%  156.03ms
 75.000%  166.27ms
 90.000%  171.65ms
 99.000%  185.73ms
 99.900%  189.57ms
 99.990%  189.57ms
 99.999%  189.57ms
100.000%  189.57ms

  Detailed Percentile spectrum:
       Value   Percentile   TotalCount 1/(1-Percentile)

      57.855     0.000000            1         1.00
      65.343     0.100000           50         1.11
      76.543     0.200000          100         1.25
     102.079     0.300000          150         1.43
     126.271     0.400000          199         1.67
     156.031     0.500000          249         2.00
     159.743     0.550000          274         2.22
     161.791     0.600000          301         2.50
     163.327     0.650000          324         2.86
     164.991     0.700000          350         3.33
     166.271     0.750000          373         4.00
     167.295     0.775000          388         4.44
     168.447     0.800000          398         5.00
     169.599     0.825000          411         5.71
     170.367     0.850000          424         6.67
     171.007     0.875000          437         8.00
     171.391     0.887500          444         8.89
     171.647     0.900000          449        10.00
     172.031     0.912500          455        11.43
     172.543     0.925000          460        13.33
     173.055     0.937500          467        16.00
     175.231     0.943750          472        17.78
     175.359     0.950000          473        20.00
     176.511     0.956250          476        22.86
     177.407     0.962500          479        26.67
     180.479     0.968750          482        32.00
     181.247     0.971875          484        35.56
     181.375     0.975000          485        40.00
     182.399     0.978125          487        45.71
     182.783     0.981250          488        53.33
     185.471     0.984375          491        64.00
     185.471     0.985938          491        71.11
     185.471     0.987500          491        80.00
     185.727     0.989062          492        91.43
     186.239     0.990625          493       106.67
     187.391     0.992188          494       128.00
     187.391     0.992969          494       142.22
     187.391     0.993750          494       160.00
     187.647     0.994531          495       182.86
     187.647     0.995313          495       213.33
     188.159     0.996094          496       256.00
     188.159     0.996484          496       284.44
     188.159     0.996875          496       320.00
     188.159     0.997266          496       365.71
     188.159     0.997656          496       426.67
     189.567     0.998047          497       512.00
     189.567     1.000000          497          inf
#[Mean    =      131.355, StdDeviation   =       42.165]
#[Max     =      189.440, Total count    =          497]
#[Buckets =           27, SubBuckets     =         2048]
-----------------------------------------------------------------------
  746 requests in 30.00s, 227.30KB read
Requests/sec:     24.87  
Transfer/sec:      7.58KB
