Running 1m test @ http://10.110.143.190/?loopCount=25&base=6&exp=6
  1 threads and 1 connections

  Thread calibration: mean lat.: 665.916ms, rate sampling interval: 2379ms

-----------------------------------------------------------------------
Test Results @ http://10.110.143.190/?loopCount=25&base=6&exp=6 
  Thread Stats   Avg      Stdev     99%   +/- Stdev
    Latency     6.16s     2.38s   10.12s    56.45%
    Req/Sec    20.19      1.79    22.00     90.48%
  Latency Distribution (HdrHistogram - Recorded Latency)
 50.000%    6.14s 
 75.000%    8.17s 
 90.000%    9.54s 
 99.000%   10.12s 
 99.900%   10.16s 
 99.990%   10.16s 
 99.999%   10.16s 
100.000%   10.16s 

  Detailed Percentile spectrum:
       Value   Percentile   TotalCount 1/(1-Percentile)

    1644.543     0.000000            1         1.00
    2830.335     0.100000          105         1.11
    3528.703     0.200000          208         1.25
    4952.063     0.300000          316         1.43
    5312.511     0.400000          418         1.67
    6135.807     0.500000          520         2.00
    6193.151     0.550000          571         2.22
    6443.007     0.600000          623         2.50
    7688.191     0.650000          675         2.86
    8015.871     0.700000          727         3.33
    8167.423     0.750000          779         4.00
    8462.335     0.775000          806         4.44
    8593.407     0.800000          837         5.00
    8871.935     0.825000          858         5.71
    8945.663     0.850000          892         6.67
    9158.655     0.875000          909         8.00
    9478.143     0.887500          922         8.89
    9543.679     0.900000          936        10.00
    9641.983     0.912500          949        11.43
    9699.327     0.925000          967        13.33
    9781.247     0.937500          975        16.00
    9814.015     0.943750          981        17.78
    9822.207     0.950000          989        20.00
    9830.399     0.956250          994        22.86
    9854.975     0.962500         1002        26.67
    9936.895     0.968750         1006        32.00
   10067.967     0.971875         1010        35.56
   10108.927     0.975000         1022        40.00
   10108.927     0.978125         1022        45.71
   10108.927     0.981250         1022        53.33
   10108.927     0.984375         1022        64.00
   10117.119     0.985938         1029        71.11
   10117.119     0.987500         1029        80.00
   10117.119     0.989062         1029        91.43
   10117.119     0.990625         1029       106.67
   10133.503     0.992188         1031       128.00
   10133.503     0.992969         1031       142.22
   10149.887     0.993750         1036       160.00
   10149.887     0.994531         1036       182.86
   10149.887     0.995313         1036       213.33
   10149.887     0.996094         1036       256.00
   10149.887     0.996484         1036       284.44
   10149.887     0.996875         1036       320.00
   10149.887     0.997266         1036       365.71
   10149.887     0.997656         1036       426.67
   10149.887     0.998047         1036       512.00
   10158.079     0.998242         1038       568.89
   10158.079     1.000000         1038          inf
#[Mean    =     6163.543, StdDeviation   =     2376.765]
#[Max     =    10149.888, Total count    =         1038]
#[Buckets =           27, SubBuckets     =         2048]
-----------------------------------------------------------------------
  1246 requests in 1.00m, 379.65KB read
Requests/sec:     20.76  
Transfer/sec:      6.33KB
