Running 1m test @ http://10.110.143.190/?loopCount=25&base=6&exp=6
  5 threads and 5 connections

  Thread calibration: mean lat.: 216.101ms, rate sampling interval: 931ms
  Thread calibration: mean lat.: 163.335ms, rate sampling interval: 579ms
  Thread calibration: mean lat.: 175.872ms, rate sampling interval: 581ms
  Thread calibration: mean lat.: 153.867ms, rate sampling interval: 566ms
  Thread calibration: mean lat.: 145.672ms, rate sampling interval: 558ms

-----------------------------------------------------------------------
Test Results @ http://10.110.143.190/?loopCount=25&base=6&exp=6 
  Thread Stats   Avg      Stdev     99%   +/- Stdev
    Latency   248.95ms  181.32ms 825.85ms   69.47%
    Req/Sec     9.45      2.47    16.00     86.32%
  Latency Distribution (HdrHistogram - Recorded Latency)
 50.000%  198.65ms
 75.000%  336.89ms
 90.000%  491.52ms
 99.000%  825.85ms
 99.900%  988.67ms
 99.990%  999.93ms
 99.999%  999.93ms
100.000%  999.93ms

  Detailed Percentile spectrum:
       Value   Percentile   TotalCount 1/(1-Percentile)

      22.159     0.000000            1         1.00
      42.751     0.100000          251         1.11
      91.455     0.200000          500         1.25
     126.399     0.300000          748         1.43
     181.887     0.400000          999         1.67
     198.655     0.500000         1247         2.00
     226.687     0.550000         1372         2.22
     271.359     0.600000         1498         2.50
     286.463     0.650000         1621         2.86
     299.007     0.700000         1747         3.33
     336.895     0.750000         1873         4.00
     379.135     0.775000         1933         4.44
     387.583     0.800000         1995         5.00
     396.543     0.825000         2059         5.71
     425.983     0.850000         2120         6.67
     478.463     0.875000         2183         8.00
     485.375     0.887500         2214         8.89
     491.519     0.900000         2245        10.00
     502.271     0.912500         2275        11.43
     532.991     0.925000         2307        13.33
     583.167     0.937500         2338        16.00
     587.775     0.943750         2353        17.78
     595.967     0.950000         2369        20.00
     621.567     0.956250         2385        22.86
     664.575     0.962500         2400        26.67
     686.591     0.968750         2416        32.00
     694.783     0.971875         2423        35.56
     708.095     0.975000         2431        40.00
     736.767     0.978125         2439        45.71
     778.239     0.981250         2447        53.33
     792.063     0.984375         2455        64.00
     794.111     0.985938         2458        71.11
     797.183     0.987500         2462        80.00
     819.711     0.989062         2466        91.43
     829.439     0.990625         2470       106.67
     879.103     0.992188         2474       128.00
     885.247     0.992969         2476       142.22
     887.807     0.993750         2478       160.00
     888.319     0.994531         2480       182.86
     894.463     0.995313         2482       213.33
     905.215     0.996094         2484       256.00
     919.039     0.996484         2485       284.44
     924.159     0.996875         2486       320.00
     930.815     0.997266         2487       365.71
     979.967     0.997656         2488       426.67
     983.039     0.998047         2489       512.00
     983.039     0.998242         2489       568.89
     986.623     0.998437         2490       640.00
     986.623     0.998633         2490       731.43
     988.671     0.998828         2491       853.33
     988.671     0.999023         2491      1024.00
     988.671     0.999121         2491      1137.78
     990.719     0.999219         2492      1280.00
     990.719     0.999316         2492      1462.86
     990.719     0.999414         2492      1706.67
     990.719     0.999512         2492      2048.00
     990.719     0.999561         2492      2275.56
     999.935     0.999609         2493      2560.00
     999.935     1.000000         2493          inf
#[Mean    =      248.946, StdDeviation   =      181.325]
#[Max     =      999.424, Total count    =         2493]
#[Buckets =           27, SubBuckets     =         2048]
-----------------------------------------------------------------------
  2986 requests in 1.00m, 0.89MB read
Requests/sec:     49.76  
Transfer/sec:     15.18KB
