Running 1m test @ http://10.110.143.190/?loopCount=25&base=6&exp=6
  5 threads and 5 connections

  Thread calibration: mean lat.: 916.157ms, rate sampling interval: 3108ms
  Thread calibration: mean lat.: 1481.355ms, rate sampling interval: 4796ms
  Thread calibration: mean lat.: 1210.142ms, rate sampling interval: 4796ms
  Thread calibration: mean lat.: 1447.180ms, rate sampling interval: 5074ms
  Thread calibration: mean lat.: 1721.609ms, rate sampling interval: 5562ms

-----------------------------------------------------------------------
Test Results @ http://10.110.143.190/?loopCount=25&base=6&exp=6 
  Thread Stats   Avg      Stdev     99%   +/- Stdev
    Latency     9.56s     4.32s   17.69s    60.09%
    Req/Sec    10.38      1.14    12.00     92.45%
  Latency Distribution (HdrHistogram - Recorded Latency)
 50.000%    9.72s 
 75.000%   12.98s 
 90.000%   15.45s 
 99.000%   17.69s 
 99.900%   18.40s 
 99.990%   18.56s 
 99.999%   18.56s 
100.000%   18.56s 

  Detailed Percentile spectrum:
       Value   Percentile   TotalCount 1/(1-Percentile)

    1683.455     0.000000            1         1.00
    3645.439     0.100000          268         1.11
    5103.615     0.200000          535         1.25
    6606.847     0.300000          803         1.43
    8065.023     0.400000         1070         1.67
    9715.711     0.500000         1336         2.00
   10239.999     0.550000         1470         2.22
   10944.511     0.600000         1603         2.50
   11730.943     0.650000         1737         2.86
   12427.263     0.700000         1870         3.33
   13000.703     0.750000         2004         4.00
   13451.263     0.775000         2071         4.44
   13819.903     0.800000         2137         5.00
   14286.847     0.825000         2207         5.71
   14778.367     0.850000         2272         6.67
   15056.895     0.875000         2338         8.00
   15286.271     0.887500         2376         8.89
   15450.111     0.900000         2404        10.00
   15810.559     0.912500         2438        11.43
   15998.975     0.925000         2473        13.33
   16228.351     0.937500         2506        16.00
   16326.655     0.943750         2521        17.78
   16449.535     0.950000         2543        20.00
   16482.303     0.956250         2555        22.86
   16719.871     0.962500         2574        26.67
   16842.751     0.968750         2588        32.00
   16908.287     0.971875         2598        35.56
   17104.895     0.975000         2605        40.00
   17203.199     0.978125         2613        45.71
   17334.271     0.981250         2621        53.33
   17432.575     0.984375         2631        64.00
   17481.727     0.985938         2634        71.11
   17580.031     0.987500         2638        80.00
   17678.335     0.989062         2642        91.43
   17760.255     0.990625         2646       106.67
   17891.327     0.992188         2651       128.00
   17924.095     0.992969         2654       142.22
   17956.863     0.993750         2655       160.00
   17989.631     0.994531         2658       182.86
   18022.399     0.995313         2659       213.33
   18104.319     0.996094         2662       256.00
   18104.319     0.996484         2662       284.44
   18120.703     0.996875         2663       320.00
   18186.239     0.997266         2665       365.71
   18186.239     0.997656         2665       426.67
   18235.391     0.998047         2666       512.00
   18399.231     0.998242         2668       568.89
   18399.231     0.998437         2668       640.00
   18399.231     0.998633         2668       731.43
   18399.231     0.998828         2668       853.33
   18513.919     0.999023         2669      1024.00
   18513.919     0.999121         2669      1137.78
   18513.919     0.999219         2669      1280.00
   18546.687     0.999316         2670      1462.86
   18546.687     0.999414         2670      1706.67
   18546.687     0.999512         2670      2048.00
   18546.687     0.999561         2670      2275.56
   18546.687     0.999609         2670      2560.00
   18563.071     0.999658         2671      2925.71
   18563.071     1.000000         2671          inf
#[Mean    =     9561.875, StdDeviation   =     4316.555]
#[Max     =    18546.688, Total count    =         2671]
#[Buckets =           27, SubBuckets     =         2048]
-----------------------------------------------------------------------
  3222 requests in 1.00m, 0.96MB read
Requests/sec:     53.69  
Transfer/sec:     16.38KB
