Running 30s test @ http://10.99.72.209/?loopCount=25&base=6&exp=6
  5 threads and 5 connections

  Thread calibration: mean lat.: 90.475ms, rate sampling interval: 314ms
  Thread calibration: mean lat.: 88.245ms, rate sampling interval: 306ms
  Thread calibration: mean lat.: 93.131ms, rate sampling interval: 333ms
  Thread calibration: mean lat.: 91.694ms, rate sampling interval: 321ms
  Thread calibration: mean lat.: 120.854ms, rate sampling interval: 518ms

-----------------------------------------------------------------------
Test Results @ http://10.99.72.209/?loopCount=25&base=6&exp=6 
  Thread Stats   Avg      Stdev     99%   +/- Stdev
    Latency    93.66ms   51.85ms 254.98ms   64.31%
    Req/Sec     9.61      2.45    15.00     79.86%
  Latency Distribution (HdrHistogram - Recorded Latency)
 50.000%   85.06ms
 75.000%  136.19ms
 90.000%  159.62ms
 99.000%  254.98ms
 99.900%  349.18ms
 99.990%  356.86ms
 99.999%  356.86ms
100.000%  356.86ms

  Detailed Percentile spectrum:
       Value   Percentile   TotalCount 1/(1-Percentile)

      22.975     0.000000            1         1.00
      41.631     0.100000          105         1.11
      44.863     0.200000          202         1.25
      46.783     0.300000          302         1.43
      71.679     0.400000          402         1.67
      85.055     0.500000          502         2.00
      86.143     0.550000          554         2.22
      90.367     0.600000          602         2.50
     103.935     0.650000          652         2.86
     115.839     0.700000          703         3.33
     136.191     0.750000          753         4.00
     149.887     0.775000          778         4.44
     151.039     0.800000          803         5.00
     152.959     0.825000          831         5.71
     154.367     0.850000          853         6.67
     157.951     0.875000          880         8.00
     158.591     0.887500          891         8.89
     159.615     0.900000          903        10.00
     160.767     0.912500          917        11.43
     162.815     0.925000          928        13.33
     168.447     0.937500          942        16.00
     169.727     0.943750          947        17.78
     170.367     0.950000          953        20.00
     175.999     0.956250          960        22.86
     181.375     0.962500          966        26.67
     184.191     0.968750          972        32.00
     185.471     0.971875          975        35.56
     195.839     0.975000          978        40.00
     217.855     0.978125          982        45.71
     229.503     0.981250          985        53.33
     250.623     0.984375          988        64.00
     251.647     0.985938          989        71.11
     253.311     0.987500          991        80.00
     254.975     0.989062          993        91.43
     255.487     0.990625          994       106.67
     257.919     0.992188          996       128.00
     257.919     0.992969          996       142.22
     259.455     0.993750          997       160.00
     262.015     0.994531          998       182.86
     277.247     0.995313          999       213.33
     291.839     0.996094         1000       256.00
     291.839     0.996484         1000       284.44
     291.839     0.996875         1000       320.00
     325.119     0.997266         1001       365.71
     325.119     0.997656         1001       426.67
     349.183     0.998047         1002       512.00
     349.183     0.998242         1002       568.89
     349.183     0.998437         1002       640.00
     349.183     0.998633         1002       731.43
     349.183     0.998828         1002       853.33
     356.863     0.999023         1003      1024.00
     356.863     1.000000         1003          inf
#[Mean    =       93.659, StdDeviation   =       51.852]
#[Max     =      356.608, Total count    =         1003]
#[Buckets =           27, SubBuckets     =         2048]
-----------------------------------------------------------------------
  1494 requests in 30.00s, 455.50KB read
Requests/sec:     49.79  
Transfer/sec:     15.18KB
