Running 30s test @ http://10.99.72.209/?loopCount=25&base=6&exp=6
  5 threads and 5 connections

  Thread calibration: mean lat.: 477.470ms, rate sampling interval: 1425ms
  Thread calibration: mean lat.: 234.404ms, rate sampling interval: 1171ms
  Thread calibration: mean lat.: 121.635ms, rate sampling interval: 457ms
  Thread calibration: mean lat.: 137.302ms, rate sampling interval: 531ms
  Thread calibration: mean lat.: 272.711ms, rate sampling interval: 1246ms

-----------------------------------------------------------------------
Test Results @ http://10.99.72.209/?loopCount=25&base=6&exp=6 
  Thread Stats   Avg      Stdev     99%   +/- Stdev
    Latency   704.22ms  342.17ms   1.54s    65.34%
    Req/Sec    14.56      3.19    24.00     75.59%
  Latency Distribution (HdrHistogram - Recorded Latency)
 50.000%  662.53ms
 75.000%  958.46ms
 90.000%    1.16s 
 99.000%    1.54s 
 99.900%    1.58s 
 99.990%    1.60s 
 99.999%    1.60s 
100.000%    1.60s 

  Detailed Percentile spectrum:
       Value   Percentile   TotalCount 1/(1-Percentile)

      39.999     0.000000            1         1.00
     264.191     0.100000          151         1.11
     420.351     0.200000          301         1.25
     498.431     0.300000          451         1.43
     567.807     0.400000          602         1.67
     662.527     0.500000          752         2.00
     715.775     0.550000          827         2.22
     774.143     0.600000          902         2.50
     819.711     0.650000          977         2.86
     890.879     0.700000         1053         3.33
     958.975     0.750000         1128         4.00
     992.255     0.775000         1165         4.44
    1020.415     0.800000         1203         5.00
    1055.743     0.825000         1241         5.71
    1093.631     0.850000         1281         6.67
    1126.399     0.875000         1316         8.00
    1144.831     0.887500         1335         8.89
    1160.191     0.900000         1353        10.00
    1177.599     0.912500         1373        11.43
    1195.007     0.925000         1392        13.33
    1229.823     0.937500         1410        16.00
    1253.375     0.943750         1419        17.78
    1305.599     0.950000         1428        20.00
    1350.655     0.956250         1438        22.86
    1381.375     0.962500         1447        26.67
    1418.239     0.968750         1457        32.00
    1459.199     0.971875         1461        35.56
    1481.727     0.975000         1466        40.00
    1491.967     0.978125         1473        45.71
    1502.207     0.981250         1475        53.33
    1518.591     0.984375         1481        64.00
    1520.639     0.985938         1482        71.11
    1526.783     0.987500         1485        80.00
    1535.999     0.989062         1488        91.43
    1538.047     0.990625         1489       106.67
    1550.335     0.992188         1493       128.00
    1550.335     0.992969         1493       142.22
    1553.407     0.993750         1494       160.00
    1557.503     0.994531         1495       182.86
    1559.551     0.995313         1496       213.33
    1565.695     0.996094         1498       256.00
    1565.695     0.996484         1498       284.44
    1569.791     0.996875         1499       320.00
    1569.791     0.997266         1499       365.71
    1570.815     0.997656         1500       426.67
    1576.959     0.998047         1501       512.00
    1576.959     0.998242         1501       568.89
    1576.959     0.998437         1501       640.00
    1576.959     0.998633         1501       731.43
    1585.151     0.998828         1502       853.33
    1585.151     0.999023         1502      1024.00
    1585.151     0.999121         1502      1137.78
    1585.151     0.999219         1502      1280.00
    1585.151     0.999316         1502      1462.86
    1596.415     0.999414         1503      1706.67
    1596.415     1.000000         1503          inf
#[Mean    =      704.216, StdDeviation   =      342.172]
#[Max     =     1595.392, Total count    =         1503]
#[Buckets =           27, SubBuckets     =         2048]
-----------------------------------------------------------------------
  2201 requests in 30.00s, 671.00KB read
Requests/sec:     73.36  
Transfer/sec:     22.36KB
