Running 30s test @ http://10.99.72.209/?loopCount=25&base=6&exp=6
  5 threads and 5 connections

  Thread calibration: mean lat.: 112.692ms, rate sampling interval: 371ms
  Thread calibration: mean lat.: 102.915ms, rate sampling interval: 339ms
  Thread calibration: mean lat.: 92.835ms, rate sampling interval: 340ms
  Thread calibration: mean lat.: 130.872ms, rate sampling interval: 529ms
  Thread calibration: mean lat.: 90.868ms, rate sampling interval: 338ms

-----------------------------------------------------------------------
Test Results @ http://10.99.72.209/?loopCount=25&base=6&exp=6 
  Thread Stats   Avg      Stdev     99%   +/- Stdev
    Latency   154.21ms   85.40ms 380.67ms   60.82%
    Req/Sec     9.33      3.13    17.00     67.92%
  Latency Distribution (HdrHistogram - Recorded Latency)
 50.000%  160.90ms
 75.000%  195.97ms
 90.000%  271.36ms
 99.000%  380.67ms
 99.900%  464.89ms
 99.990%  466.43ms
 99.999%  466.43ms
100.000%  466.43ms

  Detailed Percentile spectrum:
       Value   Percentile   TotalCount 1/(1-Percentile)

      30.975     0.000000            1         1.00
      49.567     0.100000          101         1.11
      62.623     0.200000          201         1.25
      95.935     0.300000          301         1.43
     122.111     0.400000          402         1.67
     160.895     0.500000          502         2.00
     164.991     0.550000          554         2.22
     169.215     0.600000          604         2.50
     171.391     0.650000          652         2.86
     179.839     0.700000          703         3.33
     196.607     0.750000          753         4.00
     211.711     0.775000          778         4.44
     224.895     0.800000          803         5.00
     245.759     0.825000          828         5.71
     262.015     0.850000          854         6.67
     267.263     0.875000          879         8.00
     269.311     0.887500          891         8.89
     271.359     0.900000          903        10.00
     273.919     0.912500          916        11.43
     279.295     0.925000          928        13.33
     283.135     0.937500          941        16.00
     286.975     0.943750          947        17.78
     289.279     0.950000          953        20.00
     301.823     0.956250          960        22.86
     310.527     0.962500          966        26.67
     354.815     0.968750          972        32.00
     361.215     0.971875          975        35.56
     361.983     0.975000          978        40.00
     366.847     0.978125          982        45.71
     369.407     0.981250          985        53.33
     372.991     0.984375          988        64.00
     373.247     0.985938          989        71.11
     377.087     0.987500          991        80.00
     380.671     0.989062          993        91.43
     387.839     0.990625          994       106.67
     404.479     0.992188          996       128.00
     404.479     0.992969          996       142.22
     406.527     0.993750          997       160.00
     427.519     0.994531          998       182.86
     433.151     0.995313          999       213.33
     462.079     0.996094         1000       256.00
     462.079     0.996484         1000       284.44
     462.079     0.996875         1000       320.00
     463.359     0.997266         1001       365.71
     463.359     0.997656         1001       426.67
     464.895     0.998047         1002       512.00
     464.895     0.998242         1002       568.89
     464.895     0.998437         1002       640.00
     464.895     0.998633         1002       731.43
     464.895     0.998828         1002       853.33
     466.431     0.999023         1003      1024.00
     466.431     1.000000         1003          inf
#[Mean    =      154.215, StdDeviation   =       85.404]
#[Max     =      466.176, Total count    =         1003]
#[Buckets =           27, SubBuckets     =         2048]
-----------------------------------------------------------------------
  1494 requests in 30.00s, 455.64KB read
Requests/sec:     49.79  
Transfer/sec:     15.19KB
