Running 30s test @ http://10.99.72.209/?loopCount=25&base=6&exp=6
  5 threads and 5 connections

  Thread calibration: mean lat.: 221.861ms, rate sampling interval: 676ms
  Thread calibration: mean lat.: 575.161ms, rate sampling interval: 1947ms
  Thread calibration: mean lat.: 185.383ms, rate sampling interval: 881ms
  Thread calibration: mean lat.: 613.312ms, rate sampling interval: 2793ms
  Thread calibration: mean lat.: 363.723ms, rate sampling interval: 1740ms

-----------------------------------------------------------------------
Test Results @ http://10.99.72.209/?loopCount=25&base=6&exp=6 
  Thread Stats   Avg      Stdev     99%   +/- Stdev
    Latency     2.10s     1.49s    6.83s    77.28%
    Req/Sec    12.95      3.02    20.00     82.28%
  Latency Distribution (HdrHistogram - Recorded Latency)
 50.000%    1.52s 
 75.000%    2.87s 
 90.000%    4.74s 
 99.000%    6.83s 
 99.900%    6.94s 
 99.990%    6.96s 
 99.999%    6.96s 
100.000%    6.96s 

  Detailed Percentile spectrum:
       Value   Percentile   TotalCount 1/(1-Percentile)

      40.639     0.000000            1         1.00
     828.927     0.100000          131         1.11
    1035.775     0.200000          261         1.25
    1183.743     0.300000          391         1.43
    1320.959     0.400000          522         1.67
    1519.615     0.500000          652         2.00
    1630.207     0.550000          717         2.22
    1750.015     0.600000          782         2.50
    1963.007     0.650000          847         2.86
    2476.031     0.700000          913         3.33
    2873.343     0.750000          978         4.00
    3026.943     0.775000         1010         4.44
    3188.735     0.800000         1044         5.00
    3282.943     0.825000         1075         5.71
    3799.039     0.850000         1108         6.67
    4136.959     0.875000         1141         8.00
    4464.639     0.887500         1157         8.89
    4743.167     0.900000         1174        10.00
    4796.415     0.912500         1192        11.43
    4849.663     0.925000         1206        13.33
    4923.391     0.937500         1225        16.00
    4943.871     0.943750         1230        17.78
    5156.863     0.950000         1238        20.00
    5365.759     0.956250         1246        22.86
    5476.351     0.962500         1255        26.67
    5722.111     0.968750         1263        32.00
    5894.143     0.971875         1267        35.56
    6098.943     0.975000         1271        40.00
    6266.879     0.978125         1275        45.71
    6418.431     0.981250         1279        53.33
    6631.423     0.984375         1283        64.00
    6737.919     0.985938         1285        71.11
    6795.263     0.987500         1287        80.00
    6832.127     0.989062         1290        91.43
    6848.511     0.990625         1291       106.67
    6856.703     0.992188         1293       128.00
    6864.895     0.992969         1294       142.22
    6881.279     0.993750         1295       160.00
    6905.855     0.994531         1296       182.86
    6909.951     0.995313         1297       213.33
    6914.047     0.996094         1298       256.00
    6930.431     0.996484         1299       284.44
    6930.431     0.996875         1299       320.00
    6934.527     0.997266         1301       365.71
    6934.527     0.997656         1301       426.67
    6934.527     0.998047         1301       512.00
    6934.527     0.998242         1301       568.89
    6934.527     0.998437         1301       640.00
    6942.719     0.998633         1302       731.43
    6942.719     0.998828         1302       853.33
    6942.719     0.999023         1302      1024.00
    6942.719     0.999121         1302      1137.78
    6942.719     0.999219         1302      1280.00
    6959.103     0.999316         1303      1462.86
    6959.103     1.000000         1303          inf
#[Mean    =     2103.001, StdDeviation   =     1487.492]
#[Max     =     6955.008, Total count    =         1303]
#[Buckets =           27, SubBuckets     =         2048]
-----------------------------------------------------------------------
  1979 requests in 30.00s, 603.47KB read
Requests/sec:     65.96  
Transfer/sec:     20.11KB
