Running 30s test @ http://10.99.72.209/?loopCount=25&base=6&exp=6
  1 threads and 1 connections

  Thread calibration: mean lat.: 667.102ms, rate sampling interval: 2269ms

-----------------------------------------------------------------------
Test Results @ http://10.99.72.209/?loopCount=25&base=6&exp=6 
  Thread Stats   Avg      Stdev     99%   +/- Stdev
    Latency     2.67s   758.58ms   3.89s    56.32%
    Req/Sec    21.12      1.17    23.00    100.00%
  Latency Distribution (HdrHistogram - Recorded Latency)
 50.000%    2.69s 
 75.000%    3.36s 
 90.000%    3.66s 
 99.000%    3.89s 
 99.900%    3.90s 
 99.990%    3.90s 
 99.999%    3.90s 
100.000%    3.90s 

  Detailed Percentile spectrum:
       Value   Percentile   TotalCount 1/(1-Percentile)

    1305.599     0.000000            1         1.00
    1612.799     0.100000           45         1.11
    1874.943     0.200000           87         1.25
    2314.239     0.300000          131         1.43
    2392.063     0.400000          174         1.67
    2693.119     0.500000          218         2.00
    2719.743     0.550000          241         2.22
    2936.831     0.600000          261         2.50
    3143.679     0.650000          284         2.86
    3272.703     0.700000          306         3.33
    3356.671     0.750000          327         4.00
    3457.023     0.775000          338         4.44
    3497.983     0.800000          348         5.00
    3510.271     0.825000          359         5.71
    3569.663     0.850000          370         6.67
    3653.631     0.875000          382         8.00
    3663.871     0.887500          394         8.89
    3663.871     0.900000          394        10.00
    3672.063     0.912500          398        11.43
    3780.607     0.925000          404        13.33
    3805.183     0.937500          408        16.00
    3829.759     0.943750          411        17.78
    3831.807     0.950000          414        20.00
    3846.143     0.956250          416        22.86
    3878.911     0.962500          421        26.67
    3883.007     0.968750          422        32.00
    3885.055     0.971875          427        35.56
    3885.055     0.975000          427        40.00
    3885.055     0.978125          427        45.71
    3885.055     0.981250          427        53.33
    3889.151     0.984375          429        64.00
    3889.151     0.985938          429        71.11
    3891.199     0.987500          431        80.00
    3891.199     0.989062          431        91.43
    3891.199     0.990625          431       106.67
    3893.247     0.992188          433       128.00
    3893.247     0.992969          433       142.22
    3893.247     0.993750          433       160.00
    3893.247     0.994531          433       182.86
    3893.247     0.995313          433       213.33
    3899.391     0.996094          435       256.00
    3899.391     1.000000          435          inf
#[Mean    =     2672.101, StdDeviation   =      758.578]
#[Max     =     3897.344, Total count    =          435]
#[Buckets =           27, SubBuckets     =         2048]
-----------------------------------------------------------------------
  652 requests in 30.00s, 198.66KB read
Requests/sec:     21.73  
Transfer/sec:      6.62KB
