Running 30s test @ http://10.99.72.209/?loopCount=25&base=6&exp=6
  5 threads and 5 connections

  Thread calibration: mean lat.: 772.799ms, rate sampling interval: 2537ms
  Thread calibration: mean lat.: 175.198ms, rate sampling interval: 617ms
  Thread calibration: mean lat.: 921.437ms, rate sampling interval: 2990ms
  Thread calibration: mean lat.: 319.573ms, rate sampling interval: 1136ms
  Thread calibration: mean lat.: 429.098ms, rate sampling interval: 1765ms

-----------------------------------------------------------------------
Test Results @ http://10.99.72.209/?loopCount=25&base=6&exp=6 
  Thread Stats   Avg      Stdev     99%   +/- Stdev
    Latency     2.08s     1.05s    4.57s    64.69%
    Req/Sec    12.88      2.59    19.00     76.71%
  Latency Distribution (HdrHistogram - Recorded Latency)
 50.000%    1.84s 
 75.000%    2.66s 
 90.000%    3.79s 
 99.000%    4.57s 
 99.900%    4.85s 
 99.990%    4.85s 
 99.999%    4.85s 
100.000%    4.85s 

  Detailed Percentile spectrum:
       Value   Percentile   TotalCount 1/(1-Percentile)

     401.151     0.000000            1         1.00
     850.943     0.100000          132         1.11
    1141.759     0.200000          264         1.25
    1387.519     0.300000          396         1.43
    1609.727     0.400000          528         1.67
    1841.151     0.500000          660         2.00
    2051.071     0.550000          725         2.22
    2207.743     0.600000          793         2.50
    2324.479     0.650000          858         2.86
    2453.503     0.700000          923         3.33
    2664.447     0.750000          988         4.00
    2801.663     0.775000         1021         4.44
    2981.887     0.800000         1054         5.00
    3190.783     0.825000         1087         5.71
    3284.991     0.850000         1120         6.67
    3366.911     0.875000         1154         8.00
    3614.719     0.887500         1169         8.89
    3792.895     0.900000         1186        10.00
    4048.895     0.912500         1202        11.43
    4145.151     0.925000         1219        13.33
    4198.399     0.937500         1236        16.00
    4231.167     0.943750         1246        17.78
    4255.743     0.950000         1253        20.00
    4280.319     0.956250         1260        22.86
    4329.471     0.962500         1268        26.67
    4395.007     0.968750         1276        32.00
    4427.775     0.971875         1280        35.56
    4452.351     0.975000         1285        40.00
    4481.023     0.978125         1290        45.71
    4493.311     0.981250         1293        53.33
    4513.791     0.984375         1297        64.00
    4526.079     0.985938         1299        71.11
    4538.367     0.987500         1302        80.00
    4550.655     0.989062         1303        91.43
    4612.095     0.990625         1305       106.67
    4653.055     0.992188         1307       128.00
    4673.535     0.992969         1308       142.22
    4677.631     0.993750         1309       160.00
    4694.015     0.994531         1310       182.86
    4702.207     0.995313         1311       213.33
    4710.399     0.996094         1312       256.00
    4722.687     0.996484         1313       284.44
    4722.687     0.996875         1313       320.00
    4820.991     0.997266         1314       365.71
    4820.991     0.997656         1314       426.67
    4825.087     0.998047         1315       512.00
    4825.087     0.998242         1315       568.89
    4825.087     0.998437         1315       640.00
    4849.663     0.998633         1317       731.43
    4849.663     1.000000         1317          inf
#[Mean    =     2082.529, StdDeviation   =     1054.025]
#[Max     =     4845.568, Total count    =         1317]
#[Buckets =           27, SubBuckets     =         2048]
-----------------------------------------------------------------------
  1990 requests in 30.01s, 606.81KB read
Requests/sec:     66.32  
Transfer/sec:     20.22KB
