Running 30s test @ http://10.99.72.209/?loopCount=25&base=6&exp=6
  1 threads and 1 connections

  Thread calibration: mean lat.: 538.741ms, rate sampling interval: 2014ms

-----------------------------------------------------------------------
Test Results @ http://10.99.72.209/?loopCount=25&base=6&exp=6 
  Thread Stats   Avg      Stdev     99%   +/- Stdev
    Latency     2.79s   913.56ms   4.17s    59.10%
    Req/Sec    20.56      0.68    22.00    100.00%
  Latency Distribution (HdrHistogram - Recorded Latency)
 50.000%    2.91s 
 75.000%    3.57s 
 90.000%    4.03s 
 99.000%    4.17s 
 99.900%    4.22s 
 99.990%    4.22s 
 99.999%    4.22s 
100.000%    4.22s 

  Detailed Percentile spectrum:
       Value   Percentile   TotalCount 1/(1-Percentile)

    1193.983     0.000000            1         1.00
    1521.663     0.100000           44         1.11
    1796.095     0.200000           85         1.25
    2125.823     0.300000          129         1.43
    2502.655     0.400000          171         1.67
    2910.207     0.500000          214         2.00
    3151.871     0.550000          233         2.22
    3178.495     0.600000          255         2.50
    3237.887     0.650000          278         2.86
    3342.335     0.700000          298         3.33
    3598.335     0.750000          319         4.00
    3684.351     0.775000          328         4.44
    3706.879     0.800000          339         5.00
    3817.471     0.825000          349         5.71
    3919.871     0.850000          360         6.67
    3997.695     0.875000          371         8.00
    4001.791     0.887500          376         8.89
    4032.511     0.900000          382        10.00
    4034.559     0.912500          388        11.43
    4046.847     0.925000          394        13.33
    4048.895     0.937500          397        16.00
    4116.479     0.943750          403        17.78
    4116.479     0.950000          403        20.00
    4118.527     0.956250          405        22.86
    4120.575     0.962500          408        26.67
    4147.199     0.968750          410        32.00
    4167.679     0.971875          414        35.56
    4167.679     0.975000          414        40.00
    4167.679     0.978125          414        45.71
    4169.727     0.981250          417        53.33
    4169.727     0.984375          417        64.00
    4171.775     0.985938          420        71.11
    4171.775     0.987500          420        80.00
    4171.775     0.989062          420        91.43
    4171.775     0.990625          420       106.67
    4171.775     0.992188          420       128.00
    4179.967     0.992969          422       142.22
    4179.967     0.993750          422       160.00
    4179.967     0.994531          422       182.86
    4179.967     0.995313          422       213.33
    4179.967     0.996094          422       256.00
    4179.967     0.996484          422       284.44
    4179.967     0.996875          422       320.00
    4179.967     0.997266          422       365.71
    4222.975     0.997656          423       426.67
    4222.975     1.000000          423          inf
#[Mean    =     2785.298, StdDeviation   =      913.562]
#[Max     =     4218.880, Total count    =          423]
#[Buckets =           27, SubBuckets     =         2048]
-----------------------------------------------------------------------
  643 requests in 30.00s, 195.92KB read
Requests/sec:     21.43  
Transfer/sec:      6.53KB
