Running 30s test @ http://10.99.72.209/?loopCount=25&base=6&exp=6
  5 threads and 5 connections

  Thread calibration: mean lat.: 117.511ms, rate sampling interval: 505ms
  Thread calibration: mean lat.: 99.349ms, rate sampling interval: 332ms
  Thread calibration: mean lat.: 110.634ms, rate sampling interval: 366ms
  Thread calibration: mean lat.: 84.777ms, rate sampling interval: 307ms
  Thread calibration: mean lat.: 94.946ms, rate sampling interval: 369ms

-----------------------------------------------------------------------
Test Results @ http://10.99.72.209/?loopCount=25&base=6&exp=6 
  Thread Stats   Avg      Stdev     99%   +/- Stdev
    Latency   112.73ms   71.01ms 349.70ms   68.27%
    Req/Sec     9.52      2.55    16.00     91.54%
  Latency Distribution (HdrHistogram - Recorded Latency)
 50.000%  102.40ms
 75.000%  150.78ms
 90.000%  206.34ms
 99.000%  349.70ms
 99.900%  381.95ms
 99.990%  441.09ms
 99.999%  441.09ms
100.000%  441.09ms

  Detailed Percentile spectrum:
       Value   Percentile   TotalCount 1/(1-Percentile)

      24.607     0.000000            1         1.00
      40.831     0.100000          100         1.11
      41.759     0.200000          201         1.25
      53.599     0.300000          300         1.43
      77.311     0.400000          401         1.67
     102.399     0.500000          500         2.00
     111.999     0.550000          550         2.22
     133.375     0.600000          600         2.50
     143.359     0.650000          651         2.86
     148.607     0.700000          700         3.33
     150.911     0.750000          752         4.00
     152.831     0.775000          775         4.44
     154.879     0.800000          800         5.00
     159.999     0.825000          825         5.71
     163.327     0.850000          850         6.67
     176.127     0.875000          875         8.00
     188.031     0.887500          887         8.89
     206.463     0.900000          900        10.00
     225.791     0.912500          912        11.43
     243.839     0.925000          925        13.33
     248.575     0.937500          937        16.00
     250.751     0.943750          943        17.78
     252.927     0.950000          950        20.00
     256.639     0.956250          956        22.86
     260.607     0.962500          962        26.67
     266.751     0.968750          968        32.00
     278.783     0.971875          971        35.56
     284.159     0.975000          975        40.00
     301.823     0.978125          978        45.71
     307.711     0.981250          981        53.33
     340.991     0.984375          984        64.00
     343.039     0.985938          985        71.11
     344.063     0.987500          987        80.00
     349.695     0.989062          989        91.43
     350.975     0.990625          990       106.67
     352.767     0.992188          992       128.00
     352.767     0.992969          992       142.22
     355.839     0.993750          993       160.00
     358.655     0.994531          994       182.86
     361.727     0.995313          995       213.33
     363.263     0.996094          996       256.00
     363.263     0.996484          996       284.44
     363.263     0.996875          996       320.00
     363.775     0.997266          997       365.71
     363.775     0.997656          997       426.67
     381.951     0.998047          998       512.00
     381.951     0.998242          998       568.89
     381.951     0.998437          998       640.00
     381.951     0.998633          998       731.43
     381.951     0.998828          998       853.33
     441.087     0.999023          999      1024.00
     441.087     1.000000          999          inf
#[Mean    =      112.734, StdDeviation   =       71.009]
#[Max     =      440.832, Total count    =          999]
#[Buckets =           27, SubBuckets     =         2048]
-----------------------------------------------------------------------
  1493 requests in 30.00s, 455.30KB read
Requests/sec:     49.76  
Transfer/sec:     15.17KB
