Running 30s test @ http://10.99.72.209/?loopCount=25&base=6&exp=6
  1 threads and 1 connections

  Thread calibration: mean lat.: 740.820ms, rate sampling interval: 2756ms

-----------------------------------------------------------------------
Test Results @ http://10.99.72.209/?loopCount=25&base=6&exp=6 
  Thread Stats   Avg      Stdev     99%   +/- Stdev
    Latency     2.64s   730.78ms   3.89s    57.80%
    Req/Sec    21.29      0.70    22.00    100.00%
  Latency Distribution (HdrHistogram - Recorded Latency)
 50.000%    2.62s 
 75.000%    3.27s 
 90.000%    3.66s 
 99.000%    3.89s 
 99.900%    3.92s 
 99.990%    3.92s 
 99.999%    3.92s 
100.000%    3.92s 

  Detailed Percentile spectrum:
       Value   Percentile   TotalCount 1/(1-Percentile)

    1415.167     0.000000            1         1.00
    1584.127     0.100000           44         1.11
    1799.167     0.200000           89         1.25
    2240.511     0.300000          131         1.43
    2519.039     0.400000          176         1.67
    2619.391     0.500000          219         2.00
    2785.279     0.550000          240         2.22
    2955.263     0.600000          262         2.50
    3086.335     0.650000          284         2.86
    3186.687     0.700000          309         3.33
    3266.559     0.750000          328         4.00
    3307.519     0.775000          339         4.44
    3338.239     0.800000          351         5.00
    3385.343     0.825000          360         5.71
    3457.023     0.850000          371         6.67
    3469.311     0.875000          383         8.00
    3504.127     0.887500          387         8.89
    3657.727     0.900000          397        10.00
    3661.823     0.912500          399        11.43
    3667.967     0.925000          404        13.33
    3670.015     0.937500          410        16.00
    3694.591     0.943750          412        17.78
    3788.799     0.950000          415        20.00
    3813.375     0.956250          418        22.86
    3815.423     0.962500          420        26.67
    3850.239     0.968750          423        32.00
    3880.959     0.971875          424        35.56
    3883.007     0.975000          427        40.00
    3883.007     0.978125          427        45.71
    3885.055     0.981250          432        53.33
    3885.055     0.984375          432        64.00
    3885.055     0.985938          432        71.11
    3885.055     0.987500          432        80.00
    3885.055     0.989062          432        91.43
    3885.055     0.990625          432       106.67
    3887.103     0.992188          433       128.00
    3887.103     0.992969          433       142.22
    3891.199     0.993750          435       160.00
    3891.199     0.994531          435       182.86
    3891.199     0.995313          435       213.33
    3891.199     0.996094          435       256.00
    3891.199     0.996484          435       284.44
    3891.199     0.996875          435       320.00
    3891.199     0.997266          435       365.71
    3891.199     0.997656          435       426.67
    3919.871     0.998047          436       512.00
    3919.871     1.000000          436          inf
#[Mean    =     2641.781, StdDeviation   =      730.781]
#[Max     =     3917.824, Total count    =          436]
#[Buckets =           27, SubBuckets     =         2048]
-----------------------------------------------------------------------
  650 requests in 30.00s, 198.05KB read
Requests/sec:     21.67  
Transfer/sec:      6.60KB
