Running 30s test @ http://10.99.72.209/?loopCount=25&base=6&exp=6
  5 threads and 5 connections

  Thread calibration: mean lat.: 107.129ms, rate sampling interval: 439ms
  Thread calibration: mean lat.: 140.711ms, rate sampling interval: 482ms
  Thread calibration: mean lat.: 125.201ms, rate sampling interval: 455ms
  Thread calibration: mean lat.: 141.114ms, rate sampling interval: 536ms
  Thread calibration: mean lat.: 119.530ms, rate sampling interval: 462ms

-----------------------------------------------------------------------
Test Results @ http://10.99.72.209/?loopCount=25&base=6&exp=6 
  Thread Stats   Avg      Stdev     99%   +/- Stdev
    Latency   109.06ms   64.37ms 316.67ms   61.69%
    Req/Sec     9.58      1.78    14.00     88.04%
  Latency Distribution (HdrHistogram - Recorded Latency)
 50.000%  100.35ms
 75.000%  137.34ms
 90.000%  217.85ms
 99.000%  316.67ms
 99.900%  352.00ms
 99.990%  360.96ms
 99.999%  360.96ms
100.000%  360.96ms

  Detailed Percentile spectrum:
       Value   Percentile   TotalCount 1/(1-Percentile)

      24.175     0.000000            1         1.00
      40.831     0.100000          110         1.11
      41.567     0.200000          201         1.25
      60.607     0.300000          303         1.43
      83.775     0.400000          402         1.67
     100.351     0.500000          504         2.00
     121.983     0.550000          553         2.22
     126.911     0.600000          603         2.50
     131.199     0.650000          655         2.86
     134.143     0.700000          705         3.33
     137.343     0.750000          754         4.00
     142.335     0.775000          779         4.44
     144.511     0.800000          804         5.00
     149.503     0.825000          830         5.71
     161.663     0.850000          855         6.67
     186.111     0.875000          880         8.00
     196.095     0.887500          892         8.89
     217.855     0.900000          905        10.00
     226.559     0.912500          920        11.43
     228.863     0.925000          930        13.33
     231.167     0.937500          943        16.00
     232.831     0.943750          949        17.78
     235.263     0.950000          955        20.00
     237.311     0.956250          962        22.86
     238.975     0.962500          968        26.67
     242.943     0.968750          974        32.00
     244.095     0.971875          977        35.56
     246.399     0.975000          980        40.00
     250.111     0.978125          984        45.71
     253.439     0.981250          987        53.33
     276.991     0.984375          991        64.00
     276.991     0.985938          991        71.11
     295.167     0.987500          993        80.00
     316.671     0.989062          995        91.43
     325.887     0.990625          996       106.67
     330.495     0.992188          998       128.00
     330.495     0.992969          998       142.22
     331.263     0.993750          999       160.00
     333.823     0.994531         1000       182.86
     335.871     0.995313         1001       213.33
     336.383     0.996094         1002       256.00
     336.383     0.996484         1002       284.44
     336.383     0.996875         1002       320.00
     336.639     0.997266         1003       365.71
     336.639     0.997656         1003       426.67
     351.999     0.998047         1004       512.00
     351.999     0.998242         1004       568.89
     351.999     0.998437         1004       640.00
     351.999     0.998633         1004       731.43
     351.999     0.998828         1004       853.33
     360.959     0.999023         1005      1024.00
     360.959     1.000000         1005          inf
#[Mean    =      109.064, StdDeviation   =       64.366]
#[Max     =      360.704, Total count    =         1005]
#[Buckets =           27, SubBuckets     =         2048]
-----------------------------------------------------------------------
  1494 requests in 30.00s, 455.69KB read
Requests/sec:     49.79  
Transfer/sec:     15.19KB
