Running 30s test @ http://10.99.72.209/?loopCount=25&base=6&exp=6
  5 threads and 5 connections

  Thread calibration: mean lat.: 402.663ms, rate sampling interval: 1150ms
  Thread calibration: mean lat.: 935.158ms, rate sampling interval: 3004ms
  Thread calibration: mean lat.: 730.297ms, rate sampling interval: 3059ms
  Thread calibration: mean lat.: 428.493ms, rate sampling interval: 1606ms
  Thread calibration: mean lat.: 548.786ms, rate sampling interval: 2002ms

-----------------------------------------------------------------------
Test Results @ http://10.99.72.209/?loopCount=25&base=6&exp=6 
  Thread Stats   Avg      Stdev     99%   +/- Stdev
    Latency     2.22s     1.36s    5.29s    67.04%
    Req/Sec    13.00      2.30    18.00     86.00%
  Latency Distribution (HdrHistogram - Recorded Latency)
 50.000%    1.79s 
 75.000%    3.28s 
 90.000%    4.18s 
 99.000%    5.29s 
 99.900%    5.35s 
 99.990%    5.37s 
 99.999%    5.37s 
100.000%    5.37s 

  Detailed Percentile spectrum:
       Value   Percentile   TotalCount 1/(1-Percentile)

      60.927     0.000000            1         1.00
     670.719     0.100000          136         1.11
     991.231     0.200000          272         1.25
    1236.991     0.300000          407         1.43
    1485.823     0.400000          543         1.67
    1786.879     0.500000          678         2.00
    2026.495     0.550000          746         2.22
    2625.535     0.600000          814         2.50
    2875.391     0.650000          882         2.86
    3129.343     0.700000          951         3.33
    3280.895     0.750000         1017         4.00
    3383.295     0.775000         1051         4.44
    3491.839     0.800000         1086         5.00
    3596.287     0.825000         1119         5.71
    4009.983     0.850000         1155         6.67
    4100.095     0.875000         1187         8.00
    4141.055     0.887500         1204         8.89
    4177.919     0.900000         1221        10.00
    4263.935     0.912500         1239        11.43
    4354.047     0.925000         1255        13.33
    4440.063     0.937500         1273        16.00
    4558.847     0.943750         1280        17.78
    4751.359     0.950000         1289        20.00
    4861.951     0.956250         1297        22.86
    4960.255     0.962500         1309        26.67
    4984.831     0.968750         1314        32.00
    4997.119     0.971875         1318        35.56
    5087.231     0.975000         1323        40.00
    5177.343     0.978125         1328        45.71
    5206.015     0.981250         1331        53.33
    5230.591     0.984375         1335        64.00
    5255.167     0.985938         1337        71.11
    5283.839     0.987500         1341        80.00
    5287.935     0.989062         1342        91.43
    5296.127     0.990625         1344       106.67
    5312.511     0.992188         1347       128.00
    5312.511     0.992969         1347       142.22
    5316.607     0.993750         1349       160.00
    5316.607     0.994531         1349       182.86
    5320.703     0.995313         1350       213.33
    5324.799     0.996094         1351       256.00
    5341.183     0.996484         1354       284.44
    5341.183     0.996875         1354       320.00
    5341.183     0.997266         1354       365.71
    5341.183     0.997656         1354       426.67
    5341.183     0.998047         1354       512.00
    5341.183     0.998242         1354       568.89
    5341.183     0.998437         1354       640.00
    5349.375     0.998633         1355       731.43
    5349.375     0.998828         1355       853.33
    5349.375     0.999023         1355      1024.00
    5349.375     0.999121         1355      1137.78
    5349.375     0.999219         1355      1280.00
    5365.759     0.999316         1356      1462.86
    5365.759     1.000000         1356          inf
#[Mean    =     2224.501, StdDeviation   =     1364.082]
#[Max     =     5361.664, Total count    =         1356]
#[Buckets =           27, SubBuckets     =         2048]
-----------------------------------------------------------------------
  2004 requests in 30.00s, 611.12KB read
Requests/sec:     66.79  
Transfer/sec:     20.37KB
