Running 30s test @ http://10.99.72.209/?loopCount=25&base=6&exp=6
  5 threads and 5 connections

  Thread calibration: mean lat.: 196.369ms, rate sampling interval: 879ms
  Thread calibration: mean lat.: 186.998ms, rate sampling interval: 732ms
  Thread calibration: mean lat.: 323.015ms, rate sampling interval: 972ms
  Thread calibration: mean lat.: 574.071ms, rate sampling interval: 1704ms
  Thread calibration: mean lat.: 438.535ms, rate sampling interval: 1726ms

-----------------------------------------------------------------------
Test Results @ http://10.99.72.209/?loopCount=25&base=6&exp=6 
  Thread Stats   Avg      Stdev     99%   +/- Stdev
    Latency     1.14s   781.67ms   3.54s    74.10%
    Req/Sec    14.07      2.54    20.00     81.32%
  Latency Distribution (HdrHistogram - Recorded Latency)
 50.000%    1.08s 
 75.000%    1.40s 
 90.000%    2.01s 
 99.000%    3.54s 
 99.900%    3.66s 
 99.990%    3.68s 
 99.999%    3.68s 
100.000%    3.68s 

  Detailed Percentile spectrum:
       Value   Percentile   TotalCount 1/(1-Percentile)

      26.063     0.000000            1         1.00
     245.503     0.100000          144         1.11
     498.687     0.200000          288         1.25
     692.223     0.300000          433         1.43
     873.983     0.400000          576         1.67
    1083.391     0.500000          721         2.00
    1147.903     0.550000          793         2.22
    1217.535     0.600000          864         2.50
    1277.951     0.650000          936         2.86
    1340.415     0.700000         1009         3.33
    1404.927     0.750000         1080         4.00
    1440.767     0.775000         1116         4.44
    1481.727     0.800000         1153         5.00
    1538.047     0.825000         1188         5.71
    1661.951     0.850000         1224         6.67
    1901.567     0.875000         1261         8.00
    1954.815     0.887500         1278         8.89
    2008.063     0.900000         1297        10.00
    2096.127     0.912500         1314        11.43
    2385.919     0.925000         1332        13.33
    2723.839     0.937500         1350        16.00
    2918.399     0.943750         1359        17.78
    3096.575     0.950000         1368        20.00
    3332.095     0.956250         1377        22.86
    3379.199     0.962500         1386        26.67
    3436.543     0.968750         1395        32.00
    3454.975     0.971875         1400        35.56
    3471.359     0.975000         1406        40.00
    3475.455     0.978125         1409        45.71
    3497.983     0.981250         1414        53.33
    3506.175     0.984375         1418        64.00
    3514.367     0.985938         1420        71.11
    3518.463     0.987500         1422        80.00
    3532.799     0.989062         1425        91.43
    3536.895     0.990625         1428       106.67
    3538.943     0.992188         1429       128.00
    3540.991     0.992969         1430       142.22
    3545.087     0.993750         1431       160.00
    3559.423     0.994531         1433       182.86
    3567.615     0.995313         1434       213.33
    3577.855     0.996094         1435       256.00
    3577.855     0.996484         1435       284.44
    3598.335     0.996875         1436       320.00
    3629.055     0.997266         1437       365.71
    3629.055     0.997656         1437       426.67
    3639.295     0.998047         1438       512.00
    3639.295     0.998242         1438       568.89
    3639.295     0.998437         1438       640.00
    3655.679     0.998633         1439       731.43
    3655.679     0.998828         1439       853.33
    3655.679     0.999023         1439      1024.00
    3655.679     0.999121         1439      1137.78
    3655.679     0.999219         1439      1280.00
    3678.207     0.999316         1440      1462.86
    3678.207     1.000000         1440          inf
#[Mean    =     1136.277, StdDeviation   =      781.669]
#[Max     =     3676.160, Total count    =         1440]
#[Buckets =           27, SubBuckets     =         2048]
-----------------------------------------------------------------------
  2141 requests in 30.00s, 652.73KB read
Requests/sec:     71.36  
Transfer/sec:     21.76KB
