Running 30s test @ http://10.99.72.209/?loopCount=25&base=6&exp=6
  1 threads and 1 connections

  Thread calibration: mean lat.: 431.740ms, rate sampling interval: 1437ms

-----------------------------------------------------------------------
Test Results @ http://10.99.72.209/?loopCount=25&base=6&exp=6 
  Thread Stats   Avg      Stdev     99%   +/- Stdev
    Latency     2.27s   873.18ms   3.55s    52.31%
    Req/Sec    20.85      1.41    23.00     92.31%
  Latency Distribution (HdrHistogram - Recorded Latency)
 50.000%    2.37s 
 75.000%    3.09s 
 90.000%    3.35s 
 99.000%    3.55s 
 99.900%    3.56s 
 99.990%    3.56s 
 99.999%    3.56s 
100.000%    3.56s 

  Detailed Percentile spectrum:
       Value   Percentile   TotalCount 1/(1-Percentile)

     821.247     0.000000            1         1.00
    1046.015     0.100000           44         1.11
    1193.983     0.200000           87         1.25
    1680.383     0.300000          130         1.43
    2086.911     0.400000          174         1.67
    2367.487     0.500000          219         2.00
    2500.607     0.550000          238         2.22
    2660.351     0.600000          260         2.50
    2766.847     0.650000          284         2.86
    2955.263     0.700000          303         3.33
    3086.335     0.750000          324         4.00
    3174.399     0.775000          336         4.44
    3248.127     0.800000          347         5.00
    3258.367     0.825000          357         5.71
    3270.655     0.850000          369         6.67
    3311.615     0.875000          378         8.00
    3325.951     0.887500          384         8.89
    3346.431     0.900000          389        10.00
    3391.487     0.912500          395        11.43
    3491.839     0.925000          401        13.33
    3495.935     0.937500          408        16.00
    3495.935     0.943750          408        17.78
    3497.983     0.950000          411        20.00
    3532.799     0.956250          415        22.86
    3547.135     0.962500          417        26.67
    3549.183     0.968750          426        32.00
    3549.183     0.971875          426        35.56
    3549.183     0.975000          426        40.00
    3549.183     0.978125          426        45.71
    3549.183     0.981250          426        53.33
    3549.183     0.984375          426        64.00
    3549.183     0.985938          426        71.11
    3551.231     0.987500          429        80.00
    3551.231     0.989062          429        91.43
    3551.231     0.990625          429       106.67
    3551.231     0.992188          429       128.00
    3551.231     0.992969          429       142.22
    3553.279     0.993750          430       160.00
    3553.279     0.994531          430       182.86
    3553.279     0.995313          430       213.33
    3559.423     0.996094          432       256.00
    3559.423     1.000000          432          inf
#[Mean    =     2274.083, StdDeviation   =      873.178]
#[Max     =     3557.376, Total count    =          432]
#[Buckets =           27, SubBuckets     =         2048]
-----------------------------------------------------------------------
  661 requests in 30.00s, 201.40KB read
Requests/sec:     22.03  
Transfer/sec:      6.71KB
