Running 30s test @ http://10.99.72.209/?loopCount=25&base=6&exp=6
  5 threads and 5 connections

  Thread calibration: mean lat.: 101.941ms, rate sampling interval: 378ms
  Thread calibration: mean lat.: 85.854ms, rate sampling interval: 344ms
  Thread calibration: mean lat.: 106.995ms, rate sampling interval: 383ms
  Thread calibration: mean lat.: 87.840ms, rate sampling interval: 348ms
  Thread calibration: mean lat.: 94.897ms, rate sampling interval: 354ms

-----------------------------------------------------------------------
Test Results @ http://10.99.72.209/?loopCount=25&base=6&exp=6 
  Thread Stats   Avg      Stdev     99%   +/- Stdev
    Latency   117.24ms   64.62ms 295.42ms   70.26%
    Req/Sec     9.47      2.66    16.00     83.64%
  Latency Distribution (HdrHistogram - Recorded Latency)
 50.000%  103.49ms
 75.000%  172.29ms
 90.000%  191.62ms
 99.000%  295.42ms
 99.900%  417.28ms
 99.990%  476.93ms
 99.999%  476.93ms
100.000%  476.93ms

  Detailed Percentile spectrum:
       Value   Percentile   TotalCount 1/(1-Percentile)

      25.119     0.000000            1         1.00
      48.895     0.100000          102         1.11
      58.207     0.200000          201         1.25
      67.135     0.300000          301         1.43
      89.407     0.400000          401         1.67
     103.487     0.500000          501         2.00
     106.623     0.550000          553         2.22
     115.391     0.600000          603         2.50
     131.967     0.650000          652         2.86
     151.935     0.700000          702         3.33
     172.287     0.750000          753         4.00
     174.591     0.775000          780         4.44
     177.151     0.800000          802         5.00
     179.071     0.825000          828         5.71
     182.271     0.850000          852         6.67
     184.447     0.875000          877         8.00
     188.671     0.887500          890         8.89
     191.615     0.900000          902        10.00
     200.063     0.912500          915        11.43
     205.695     0.925000          927        13.33
     214.399     0.937500          940        16.00
     217.855     0.943750          946        17.78
     223.743     0.950000          952        20.00
     247.423     0.956250          959        22.86
     272.127     0.962500          965        26.67
     273.919     0.968750          972        32.00
     274.943     0.971875          974        35.56
     276.479     0.975000          977        40.00
     281.087     0.978125          982        45.71
     281.855     0.981250          984        53.33
     284.927     0.984375          987        64.00
     285.695     0.985938          989        71.11
     287.999     0.987500          990        80.00
     295.423     0.989062          992        91.43
     299.519     0.990625          993       106.67
     306.431     0.992188          995       128.00
     306.431     0.992969          995       142.22
     319.743     0.993750          996       160.00
     359.423     0.994531          997       182.86
     371.967     0.995313          998       213.33
     377.599     0.996094          999       256.00
     377.599     0.996484          999       284.44
     377.599     0.996875          999       320.00
     380.159     0.997266         1000       365.71
     380.159     0.997656         1000       426.67
     417.279     0.998047         1001       512.00
     417.279     0.998242         1001       568.89
     417.279     0.998437         1001       640.00
     417.279     0.998633         1001       731.43
     417.279     0.998828         1001       853.33
     476.927     0.999023         1002      1024.00
     476.927     1.000000         1002          inf
#[Mean    =      117.244, StdDeviation   =       64.618]
#[Max     =      476.672, Total count    =         1002]
#[Buckets =           27, SubBuckets     =         2048]
-----------------------------------------------------------------------
  1493 requests in 30.00s, 455.26KB read
Requests/sec:     49.76  
Transfer/sec:     15.17KB
