Running 30s test @ http://10.99.72.209/?loopCount=25&base=6&exp=6
  5 threads and 5 connections

  Thread calibration: mean lat.: 275.520ms, rate sampling interval: 907ms
  Thread calibration: mean lat.: 142.499ms, rate sampling interval: 457ms
  Thread calibration: mean lat.: 145.620ms, rate sampling interval: 584ms
  Thread calibration: mean lat.: 381.051ms, rate sampling interval: 1390ms
  Thread calibration: mean lat.: 132.992ms, rate sampling interval: 473ms

-----------------------------------------------------------------------
Test Results @ http://10.99.72.209/?loopCount=25&base=6&exp=6 
  Thread Stats   Avg      Stdev     99%   +/- Stdev
    Latency   767.32ms  471.51ms   1.85s    60.07%
    Req/Sec    14.06      2.57    19.00     83.23%
  Latency Distribution (HdrHistogram - Recorded Latency)
 50.000%  727.55ms
 75.000%    1.00s 
 90.000%    1.54s 
 99.000%    1.85s 
 99.900%    1.92s 
 99.990%    1.93s 
 99.999%    1.93s 
100.000%    1.93s 

  Detailed Percentile spectrum:
       Value   Percentile   TotalCount 1/(1-Percentile)

      37.567     0.000000            1         1.00
     167.807     0.100000          145         1.11
     254.463     0.200000          290         1.25
     484.607     0.300000          436         1.43
     647.679     0.400000          580         1.67
     727.551     0.500000          725         2.00
     791.551     0.550000          799         2.22
     840.703     0.600000          870         2.50
     883.711     0.650000          943         2.86
     931.327     0.700000         1015         3.33
    1002.495     0.750000         1088         4.00
    1074.175     0.775000         1128         4.44
    1150.975     0.800000         1160         5.00
    1259.519     0.825000         1197         5.71
    1312.767     0.850000         1233         6.67
    1366.015     0.875000         1270         8.00
    1413.119     0.887500         1287         8.89
    1539.071     0.900000         1305        10.00
    1576.959     0.912500         1324        11.43
    1610.751     0.925000         1344        13.33
    1651.711     0.937500         1360        16.00
    1674.239     0.943750         1369        17.78
    1701.887     0.950000         1379        20.00
    1716.223     0.956250         1387        22.86
    1750.015     0.962500         1396        26.67
    1780.735     0.968750         1405        32.00
    1787.903     0.971875         1410        35.56
    1793.023     0.975000         1414        40.00
    1809.407     0.978125         1419        45.71
    1813.503     0.981250         1424        53.33
    1821.695     0.984375         1428        64.00
    1832.959     0.985938         1430        71.11
    1839.103     0.987500         1432        80.00
    1844.223     0.989062         1435        91.43
    1852.415     0.990625         1437       106.67
    1864.703     0.992188         1439       128.00
    1866.751     0.992969         1440       142.22
    1882.111     0.993750         1442       160.00
    1883.135     0.994531         1443       182.86
    1887.231     0.995313         1444       213.33
    1905.663     0.996094         1445       256.00
    1905.663     0.996484         1445       284.44
    1907.711     0.996875         1446       320.00
    1908.735     0.997266         1447       365.71
    1908.735     0.997656         1447       426.67
    1909.759     0.998047         1448       512.00
    1909.759     0.998242         1448       568.89
    1909.759     0.998437         1448       640.00
    1922.047     0.998633         1449       731.43
    1922.047     0.998828         1449       853.33
    1922.047     0.999023         1449      1024.00
    1922.047     0.999121         1449      1137.78
    1922.047     0.999219         1449      1280.00
    1932.287     0.999316         1450      1462.86
    1932.287     1.000000         1450          inf
#[Mean    =      767.324, StdDeviation   =      471.514]
#[Max     =     1931.264, Total count    =         1450]
#[Buckets =           27, SubBuckets     =         2048]
-----------------------------------------------------------------------
  2165 requests in 30.00s, 659.89KB read
Requests/sec:     72.16  
Transfer/sec:     21.99KB
