Running 30s test @ http://10.99.72.209/?loopCount=25&base=6&exp=6
  1 threads and 1 connections

  Thread calibration: mean lat.: 348.344ms, rate sampling interval: 1617ms

-----------------------------------------------------------------------
Test Results @ http://10.99.72.209/?loopCount=25&base=6&exp=6 
  Thread Stats   Avg      Stdev     99%   +/- Stdev
    Latency     1.92s   488.29ms   2.71s    64.84%
    Req/Sec    22.33      1.25    24.00     91.67%
  Latency Distribution (HdrHistogram - Recorded Latency)
 50.000%    1.89s 
 75.000%    2.34s 
 90.000%    2.54s 
 99.000%    2.71s 
 99.900%    2.76s 
 99.990%    2.76s 
 99.999%    2.76s 
100.000%    2.76s 

  Detailed Percentile spectrum:
       Value   Percentile   TotalCount 1/(1-Percentile)

     952.831     0.000000            1         1.00
    1247.231     0.100000           47         1.11
    1501.183     0.200000           91         1.25
    1586.175     0.300000          140         1.43
    1676.287     0.400000          183         1.67
    1893.375     0.500000          228         2.00
    1970.175     0.550000          251         2.22
    2187.263     0.600000          274         2.50
    2222.079     0.650000          297         2.86
    2281.471     0.700000          319         3.33
    2340.863     0.750000          343         4.00
    2349.055     0.775000          357         4.44
    2426.879     0.800000          366         5.00
    2445.311     0.825000          376         5.71
    2463.743     0.850000          389         6.67
    2533.375     0.875000          399         8.00
    2543.615     0.887500          411         8.89
    2543.615     0.900000          411        10.00
    2545.663     0.912500          416        11.43
    2578.431     0.925000          422        13.33
    2605.055     0.937500          428        16.00
    2623.487     0.943750          431        17.78
    2629.631     0.950000          433        20.00
    2633.727     0.956250          436        22.86
    2639.871     0.962500          438        26.67
    2652.159     0.968750          441        32.00
    2672.639     0.971875          444        35.56
    2672.639     0.975000          444        40.00
    2684.927     0.978125          446        45.71
    2686.975     0.981250          447        53.33
    2695.167     0.984375          448        64.00
    2697.215     0.985938          449        71.11
    2709.503     0.987500          450        80.00
    2754.559     0.989062          451        91.43
    2754.559     0.990625          451       106.67
    2756.607     0.992188          454       128.00
    2756.607     0.992969          454       142.22
    2756.607     0.993750          454       160.00
    2756.607     0.994531          454       182.86
    2756.607     0.995313          454       213.33
    2756.607     0.996094          454       256.00
    2756.607     0.996484          454       284.44
    2756.607     0.996875          454       320.00
    2756.607     0.997266          454       365.71
    2756.607     0.997656          454       426.67
    2758.655     0.998047          455       512.00
    2758.655     1.000000          455          inf
#[Mean    =     1916.616, StdDeviation   =      488.292]
#[Max     =     2756.608, Total count    =          455]
#[Buckets =           27, SubBuckets     =         2048]
-----------------------------------------------------------------------
  681 requests in 30.00s, 207.50KB read
Requests/sec:     22.70  
Transfer/sec:      6.92KB
