Running 30s test @ http://10.99.72.209/?loopCount=25&base=6&exp=6
  5 threads and 5 connections

  Thread calibration: mean lat.: 380.158ms, rate sampling interval: 1395ms
  Thread calibration: mean lat.: 430.320ms, rate sampling interval: 1564ms
  Thread calibration: mean lat.: 421.424ms, rate sampling interval: 1725ms
  Thread calibration: mean lat.: 299.227ms, rate sampling interval: 802ms
  Thread calibration: mean lat.: 540.066ms, rate sampling interval: 1968ms
reconnect_socket
reconnect_socket
reconnect_socket
reconnect_socket
reconnect_socket
reconnect_socket

-----------------------------------------------------------------------
Test Results @ http://10.99.72.209/?loopCount=25&base=6&exp=6 
  Thread Stats   Avg      Stdev     99%   +/- Stdev
    Latency     1.34s   541.34ms   2.62s    67.74%
    Req/Sec    14.04      1.60    17.00     91.55%
  Latency Distribution (HdrHistogram - Recorded Latency)
 50.000%    1.31s 
 75.000%    1.62s 
 90.000%    2.15s 
 99.000%    2.62s 
 99.900%    2.69s 
 99.990%    2.70s 
 99.999%    2.70s 
100.000%    2.70s 

  Detailed Percentile spectrum:
       Value   Percentile   TotalCount 1/(1-Percentile)

     206.335     0.000000            1         1.00
     531.455     0.100000          146         1.11
     880.639     0.200000          292         1.25
    1181.695     0.300000          438         1.43
    1250.303     0.400000          583         1.67
    1314.815     0.500000          731         2.00
    1355.775     0.550000          802         2.22
    1422.335     0.600000          875         2.50
    1496.063     0.650000          949         2.86
    1556.479     0.700000         1020         3.33
    1618.943     0.750000         1096         4.00
    1639.423     0.775000         1131         4.44
    1656.831     0.800000         1166         5.00
    1680.383     0.825000         1205         5.71
    1712.127     0.850000         1240         6.67
    1895.423     0.875000         1275         8.00
    1981.439     0.887500         1294         8.89
    2158.591     0.900000         1312        10.00
    2213.887     0.912500         1330        11.43
    2279.423     0.925000         1349        13.33
    2361.343     0.937500         1366        16.00
    2428.927     0.943750         1377        17.78
    2459.647     0.950000         1385        20.00
    2496.511     0.956250         1394        22.86
    2519.039     0.962500         1403        26.67
    2549.759     0.968750         1413        32.00
    2564.095     0.971875         1418        35.56
    2570.239     0.975000         1423        40.00
    2576.383     0.978125         1426        45.71
    2582.527     0.981250         1430        53.33
    2598.911     0.984375         1435        64.00
    2605.055     0.985938         1437        71.11
    2607.103     0.987500         1439        80.00
    2617.343     0.989062         1442        91.43
    2631.679     0.990625         1444       106.67
    2641.919     0.992188         1447       128.00
    2641.919     0.992969         1447       142.22
    2646.015     0.993750         1448       160.00
    2656.255     0.994531         1450       182.86
    2660.351     0.995313         1451       213.33
    2666.495     0.996094         1452       256.00
    2666.495     0.996484         1452       284.44
    2668.543     0.996875         1454       320.00
    2668.543     0.997266         1454       365.71
    2668.543     0.997656         1454       426.67
    2670.591     0.998047         1455       512.00
    2670.591     0.998242         1455       568.89
    2670.591     0.998437         1455       640.00
    2691.071     0.998633         1456       731.43
    2691.071     0.998828         1456       853.33
    2691.071     0.999023         1456      1024.00
    2691.071     0.999121         1456      1137.78
    2691.071     0.999219         1456      1280.00
    2699.263     0.999316         1457      1462.86
    2699.263     1.000000         1457          inf
#[Mean    =     1335.249, StdDeviation   =      541.342]
#[Max     =     2697.216, Total count    =         1457]
#[Buckets =           27, SubBuckets     =         2048]
-----------------------------------------------------------------------
  2139 requests in 30.00s, 652.04KB read
Requests/sec:     71.29  
Transfer/sec:     21.73KB
