Running 30s test @ http://10.99.72.209/?loopCount=25&base=6&exp=6
  5 threads and 5 connections

  Thread calibration: mean lat.: 73.209ms, rate sampling interval: 232ms
  Thread calibration: mean lat.: 86.249ms, rate sampling interval: 338ms
  Thread calibration: mean lat.: 76.035ms, rate sampling interval: 267ms
  Thread calibration: mean lat.: 67.771ms, rate sampling interval: 221ms
  Thread calibration: mean lat.: 72.483ms, rate sampling interval: 220ms

-----------------------------------------------------------------------
Test Results @ http://10.99.72.209/?loopCount=25&base=6&exp=6 
  Thread Stats   Avg      Stdev     99%   +/- Stdev
    Latency    67.37ms   42.54ms 242.43ms   88.60%
    Req/Sec     9.55      2.54    18.00     91.73%
  Latency Distribution (HdrHistogram - Recorded Latency)
 50.000%   49.76ms
 75.000%   77.63ms
 90.000%  111.17ms
 99.000%  242.43ms
 99.900%  301.82ms
 99.990%  370.43ms
 99.999%  370.43ms
100.000%  370.43ms

  Detailed Percentile spectrum:
       Value   Percentile   TotalCount 1/(1-Percentile)

      21.439     0.000000            1         1.00
      40.543     0.100000          103         1.11
      40.959     0.200000          202         1.25
      41.471     0.300000          300         1.43
      42.367     0.400000          402         1.67
      49.759     0.500000          500         2.00
      56.895     0.550000          554         2.22
      59.967     0.600000          600         2.50
      65.343     0.650000          650         2.86
      72.639     0.700000          700         3.33
      77.631     0.750000          751         4.00
      81.471     0.775000          775         4.44
      85.119     0.800000          800         5.00
      89.151     0.825000          825         5.71
      93.759     0.850000          850         6.67
      98.047     0.875000          875         8.00
     105.343     0.887500          888         8.89
     111.167     0.900000          900        10.00
     125.055     0.912500          913        11.43
     140.543     0.925000          925        13.33
     164.735     0.937500          938        16.00
     165.759     0.943750          944        17.78
     168.575     0.950000          950        20.00
     169.599     0.956250          957        22.86
     172.415     0.962500          963        26.67
     178.303     0.968750          970        32.00
     178.559     0.971875          972        35.56
     180.735     0.975000          975        40.00
     187.519     0.978125          979        45.71
     192.511     0.981250          982        53.33
     202.239     0.984375          985        64.00
     205.055     0.985938          986        71.11
     236.287     0.987500          988        80.00
     242.431     0.989062          990        91.43
     250.239     0.990625          991       106.67
     264.447     0.992188          993       128.00
     264.447     0.992969          993       142.22
     264.703     0.993750          994       160.00
     272.639     0.994531          995       182.86
     272.895     0.995313          996       213.33
     281.599     0.996094          997       256.00
     281.599     0.996484          997       284.44
     281.599     0.996875          997       320.00
     297.983     0.997266          998       365.71
     297.983     0.997656          998       426.67
     301.823     0.998047          999       512.00
     301.823     0.998242          999       568.89
     301.823     0.998437          999       640.00
     301.823     0.998633          999       731.43
     301.823     0.998828          999       853.33
     370.431     0.999023         1000      1024.00
     370.431     1.000000         1000          inf
#[Mean    =       67.369, StdDeviation   =       42.539]
#[Max     =      370.176, Total count    =         1000]
#[Buckets =           27, SubBuckets     =         2048]
-----------------------------------------------------------------------
  1495 requests in 30.00s, 455.62KB read
Requests/sec:     49.83  
Transfer/sec:     15.19KB
