Running 30s test @ http://10.99.72.209/?loopCount=25&base=6&exp=6
  5 threads and 5 connections

  Thread calibration: mean lat.: 114.739ms, rate sampling interval: 395ms
  Thread calibration: mean lat.: 347.496ms, rate sampling interval: 1165ms
  Thread calibration: mean lat.: 126.227ms, rate sampling interval: 431ms
  Thread calibration: mean lat.: 216.015ms, rate sampling interval: 746ms
  Thread calibration: mean lat.: 141.709ms, rate sampling interval: 490ms

-----------------------------------------------------------------------
Test Results @ http://10.99.72.209/?loopCount=25&base=6&exp=6 
  Thread Stats   Avg      Stdev     99%   +/- Stdev
    Latency   287.23ms  170.56ms 697.85ms   64.41%
    Req/Sec    14.59      2.59    20.00     89.39%
  Latency Distribution (HdrHistogram - Recorded Latency)
 50.000%  263.42ms
 75.000%  387.58ms
 90.000%  551.42ms
 99.000%  697.85ms
 99.900%  757.76ms
 99.990%  784.38ms
 99.999%  784.38ms
100.000%  784.38ms

  Detailed Percentile spectrum:
       Value   Percentile   TotalCount 1/(1-Percentile)

      35.135     0.000000            1         1.00
      86.911     0.100000          151         1.11
     124.031     0.200000          302         1.25
     164.991     0.300000          454         1.43
     215.423     0.400000          604         1.67
     263.423     0.500000          755         2.00
     288.255     0.550000          830         2.22
     313.087     0.600000          906         2.50
     332.799     0.650000          982         2.86
     357.119     0.700000         1057         3.33
     387.583     0.750000         1132         4.00
     409.343     0.775000         1170         4.44
     436.735     0.800000         1208         5.00
     461.823     0.825000         1245         5.71
     498.175     0.850000         1283         6.67
     524.799     0.875000         1321         8.00
     542.207     0.887500         1341         8.89
     553.983     0.900000         1359        10.00
     565.759     0.912500         1377        11.43
     581.631     0.925000         1398        13.33
     598.527     0.937500         1416        16.00
     603.647     0.943750         1425        17.78
     614.399     0.950000         1435        20.00
     624.639     0.956250         1443        22.86
     637.439     0.962500         1453        26.67
     644.095     0.968750         1462        32.00
     650.239     0.971875         1467        35.56
     656.895     0.975000         1472        40.00
     663.551     0.978125         1476        45.71
     671.231     0.981250         1481        53.33
     678.911     0.984375         1486        64.00
     683.007     0.985938         1489        71.11
     689.151     0.987500         1491        80.00
     692.223     0.989062         1493        91.43
     702.463     0.990625         1495       106.67
     714.751     0.992188         1498       128.00
     718.335     0.992969         1499       142.22
     719.359     0.993750         1500       160.00
     721.407     0.994531         1501       182.86
     734.719     0.995313         1502       213.33
     740.863     0.996094         1504       256.00
     740.863     0.996484         1504       284.44
     745.983     0.996875         1505       320.00
     745.983     0.997266         1505       365.71
     746.495     0.997656         1506       426.67
     757.759     0.998047         1507       512.00
     757.759     0.998242         1507       568.89
     757.759     0.998437         1507       640.00
     757.759     0.998633         1507       731.43
     764.927     0.998828         1508       853.33
     764.927     0.999023         1508      1024.00
     764.927     0.999121         1508      1137.78
     764.927     0.999219         1508      1280.00
     764.927     0.999316         1508      1462.86
     784.383     0.999414         1509      1706.67
     784.383     1.000000         1509          inf
#[Mean    =      287.227, StdDeviation   =      170.557]
#[Max     =      783.872, Total count    =         1509]
#[Buckets =           27, SubBuckets     =         2048]
-----------------------------------------------------------------------
  2234 requests in 30.00s, 680.84KB read
Requests/sec:     74.46  
Transfer/sec:     22.69KB
