Running 30s test @ http://10.99.72.209/?loopCount=25&base=6&exp=6
  1 threads and 1 connections

  Thread calibration: mean lat.: 248.385ms, rate sampling interval: 980ms

-----------------------------------------------------------------------
Test Results @ http://10.99.72.209/?loopCount=25&base=6&exp=6 
  Thread Stats   Avg      Stdev     99%   +/- Stdev
    Latency     1.67s   705.12ms   3.07s    59.36%
    Req/Sec    21.50      2.06    25.00     85.00%
  Latency Distribution (HdrHistogram - Recorded Latency)
 50.000%    1.63s 
 75.000%    2.22s 
 90.000%    2.66s 
 99.000%    3.07s 
 99.900%    3.07s 
 99.990%    3.07s 
 99.999%    3.07s 
100.000%    3.07s 

  Detailed Percentile spectrum:
       Value   Percentile   TotalCount 1/(1-Percentile)

     574.975     0.000000            1         1.00
     789.503     0.100000           44         1.11
     820.735     0.200000           90         1.25
    1170.431     0.300000          134         1.43
    1321.983     0.400000          176         1.67
    1626.111     0.500000          219         2.00
    1856.511     0.550000          241         2.22
    1928.191     0.600000          264         2.50
    1995.775     0.650000          285         2.86
    2089.983     0.700000          308         3.33
    2222.079     0.750000          329         4.00
    2263.039     0.775000          343         4.44
    2281.471     0.800000          351         5.00
    2342.911     0.825000          362         5.71
    2525.183     0.850000          373         6.67
    2603.007     0.875000          385         8.00
    2643.967     0.887500          389         8.89
    2664.447     0.900000          396        10.00
    2693.119     0.912500          400        11.43
    2789.375     0.925000          406        13.33
    2824.191     0.937500          412        16.00
    2844.671     0.943750          414        17.78
    2867.199     0.950000          418        20.00
    2869.247     0.956250          419        22.86
    2902.015     0.962500          423        26.67
    2922.495     0.968750          425        32.00
    2940.927     0.971875          426        35.56
    2969.599     0.975000          428        40.00
    3004.415     0.978125          429        45.71
    3006.463     0.981250          430        53.33
    3067.903     0.984375          437        64.00
    3067.903     0.985938          437        71.11
    3067.903     0.987500          437        80.00
    3067.903     0.989062          437        91.43
    3067.903     0.990625          437       106.67
    3067.903     0.992188          437       128.00
    3067.903     0.992969          437       142.22
    3067.903     0.993750          437       160.00
    3067.903     0.994531          437       182.86
    3067.903     0.995313          437       213.33
    3067.903     0.996094          437       256.00
    3067.903     0.996484          437       284.44
    3067.903     0.996875          437       320.00
    3067.903     0.997266          437       365.71
    3067.903     0.997656          437       426.67
    3069.951     0.998047          438       512.00
    3069.951     1.000000          438          inf
#[Mean    =     1669.073, StdDeviation   =      705.125]
#[Max     =     3067.904, Total count    =          438]
#[Buckets =           27, SubBuckets     =         2048]
-----------------------------------------------------------------------
  673 requests in 30.00s, 205.06KB read
Requests/sec:     22.43  
Transfer/sec:      6.83KB
