Running 30s test @ http://10.99.72.209/?loopCount=25&base=6&exp=6
  1 threads and 1 connections

  Thread calibration: mean lat.: 601.726ms, rate sampling interval: 2162ms

-----------------------------------------------------------------------
Test Results @ http://10.99.72.209/?loopCount=25&base=6&exp=6 
  Thread Stats   Avg      Stdev     99%   +/- Stdev
    Latency     2.51s   716.85ms   3.85s    66.59%
    Req/Sec    21.22      1.03    22.00     88.89%
  Latency Distribution (HdrHistogram - Recorded Latency)
 50.000%    2.66s 
 75.000%    3.09s 
 90.000%    3.47s 
 99.000%    3.85s 
 99.900%    3.85s 
 99.990%    3.85s 
 99.999%    3.85s 
100.000%    3.85s 

  Detailed Percentile spectrum:
       Value   Percentile   TotalCount 1/(1-Percentile)

    1116.159     0.000000            1         1.00
    1547.263     0.100000           44         1.11
    1832.959     0.200000           87         1.25
    1995.775     0.300000          130         1.43
    2301.951     0.400000          174         1.67
    2660.351     0.500000          216         2.00
    2680.831     0.550000          239         2.22
    2713.599     0.600000          260         2.50
    2889.727     0.650000          282         2.86
    3012.607     0.700000          303         3.33
    3088.383     0.750000          325         4.00
    3115.007     0.775000          335         4.44
    3168.255     0.800000          345         5.00
    3186.687     0.825000          356         5.71
    3260.415     0.850000          367         6.67
    3420.159     0.875000          378         8.00
    3463.167     0.887500          385         8.89
    3469.311     0.900000          392        10.00
    3487.743     0.912500          394        11.43
    3565.567     0.925000          400        13.33
    3717.119     0.937500          409        16.00
    3717.119     0.943750          409        17.78
    3729.407     0.950000          412        20.00
    3731.455     0.956250          414        22.86
    3733.503     0.962500          418        26.67
    3733.503     0.968750          418        32.00
    3778.559     0.971875          420        35.56
    3782.655     0.975000          421        40.00
    3784.703     0.978125          424        45.71
    3784.703     0.981250          424        53.33
    3807.231     0.984375          426        64.00
    3807.231     0.985938          426        71.11
    3807.231     0.987500          426        80.00
    3846.143     0.989062          427        91.43
    3846.143     0.990625          427       106.67
    3848.191     0.992188          431       128.00
    3848.191     1.000000          431          inf
#[Mean    =     2512.814, StdDeviation   =      716.849]
#[Max     =     3846.144, Total count    =          431]
#[Buckets =           27, SubBuckets     =         2048]
-----------------------------------------------------------------------
  653 requests in 30.00s, 198.96KB read
Requests/sec:     21.77  
Transfer/sec:      6.63KB
