Running 30s test @ http://10.99.72.209/?loopCount=25&base=6&exp=6
  5 threads and 5 connections

  Thread calibration: mean lat.: 96.169ms, rate sampling interval: 382ms
  Thread calibration: mean lat.: 100.542ms, rate sampling interval: 451ms
  Thread calibration: mean lat.: 90.597ms, rate sampling interval: 349ms
  Thread calibration: mean lat.: 91.142ms, rate sampling interval: 362ms
  Thread calibration: mean lat.: 95.453ms, rate sampling interval: 364ms
reconnect_socket
reconnect_socket
reconnect_socket

-----------------------------------------------------------------------
Test Results @ http://10.99.72.209/?loopCount=25&base=6&exp=6 
  Thread Stats   Avg      Stdev     99%   +/- Stdev
    Latency    74.94ms   53.57ms 272.13ms   87.52%
    Req/Sec     9.58      1.94    14.00     90.46%
  Latency Distribution (HdrHistogram - Recorded Latency)
 50.000%   55.13ms
 75.000%   81.09ms
 90.000%  161.92ms
 99.000%  272.13ms
 99.900%  371.20ms
 99.990%  372.48ms
 99.999%  372.48ms
100.000%  372.48ms

  Detailed Percentile spectrum:
       Value   Percentile   TotalCount 1/(1-Percentile)

      22.415     0.000000            1         1.00
      40.863     0.100000          106         1.11
      41.439     0.200000          204         1.25
      42.079     0.300000          302         1.43
      46.399     0.400000          401         1.67
      55.135     0.500000          501         2.00
      61.471     0.550000          552         2.22
      65.663     0.600000          603         2.50
      67.711     0.650000          652         2.86
      73.535     0.700000          702         3.33
      81.087     0.750000          752         4.00
      85.247     0.775000          777         4.44
      89.983     0.800000          802         5.00
      97.983     0.825000          827         5.71
     108.223     0.850000          852         6.67
     127.743     0.875000          877         8.00
     146.943     0.887500          890         8.89
     161.919     0.900000          904        10.00
     163.839     0.912500          915        11.43
     171.903     0.925000          927        13.33
     177.791     0.937500          940        16.00
     180.351     0.943750          946        17.78
     188.671     0.950000          953        20.00
     197.887     0.956250          959        22.86
     205.567     0.962500          965        26.67
     210.943     0.968750          972        32.00
     211.967     0.971875          974        35.56
     262.911     0.975000          978        40.00
     265.215     0.978125          982        45.71
     267.519     0.981250          985        53.33
     269.055     0.984375          987        64.00
     269.311     0.985938          988        71.11
     271.359     0.987500          990        80.00
     272.127     0.989062          992        91.43
     273.407     0.990625          993       106.67
     281.343     0.992188          995       128.00
     281.343     0.992969          995       142.22
     283.135     0.993750          996       160.00
     323.839     0.994531          997       182.86
     324.607     0.995313          998       213.33
     364.031     0.996094          999       256.00
     364.031     0.996484          999       284.44
     364.031     0.996875          999       320.00
     368.127     0.997266         1000       365.71
     368.127     0.997656         1000       426.67
     371.199     0.998047         1001       512.00
     371.199     0.998242         1001       568.89
     371.199     0.998437         1001       640.00
     371.199     0.998633         1001       731.43
     371.199     0.998828         1001       853.33
     372.479     0.999023         1002      1024.00
     372.479     1.000000         1002          inf
#[Mean    =       74.940, StdDeviation   =       53.568]
#[Max     =      372.224, Total count    =         1002]
#[Buckets =           27, SubBuckets     =         2048]
-----------------------------------------------------------------------
  1494 requests in 30.00s, 455.42KB read
Requests/sec:     49.79  
Transfer/sec:     15.18KB
