Running 30s test @ http://10.99.72.209/?loopCount=25&base=6&exp=6
  5 threads and 5 connections

  Thread calibration: mean lat.: 208.575ms, rate sampling interval: 845ms
  Thread calibration: mean lat.: 490.051ms, rate sampling interval: 1373ms
  Thread calibration: mean lat.: 171.394ms, rate sampling interval: 539ms
  Thread calibration: mean lat.: 229.883ms, rate sampling interval: 736ms
  Thread calibration: mean lat.: 159.958ms, rate sampling interval: 537ms

-----------------------------------------------------------------------
Test Results @ http://10.99.72.209/?loopCount=25&base=6&exp=6 
  Thread Stats   Avg      Stdev     99%   +/- Stdev
    Latency   937.90ms  498.91ms   2.07s    64.36%
    Req/Sec    13.93      2.41    18.00     84.06%
  Latency Distribution (HdrHistogram - Recorded Latency)
 50.000%  873.98ms
 75.000%    1.27s 
 90.000%    1.77s 
 99.000%    2.07s 
 99.900%    2.15s 
 99.990%    2.17s 
 99.999%    2.17s 
100.000%    2.17s 

  Detailed Percentile spectrum:
       Value   Percentile   TotalCount 1/(1-Percentile)

     174.719     0.000000            1         1.00
     331.263     0.100000          145         1.11
     410.111     0.200000          289         1.25
     568.319     0.300000          434         1.43
     736.255     0.400000          578         1.67
     873.983     0.500000          723         2.00
     942.591     0.550000          796         2.22
    1090.559     0.600000          867         2.50
    1185.791     0.650000          942         2.86
    1226.751     0.700000         1012         3.33
    1266.687     0.750000         1084         4.00
    1291.263     0.775000         1120         4.44
    1326.079     0.800000         1156         5.00
    1367.039     0.825000         1194         5.71
    1401.855     0.850000         1229         6.67
    1438.719     0.875000         1265         8.00
    1525.759     0.887500         1283         8.89
    1771.519     0.900000         1301        10.00
    1832.959     0.912500         1319        11.43
    1874.943     0.925000         1337        13.33
    1895.423     0.937500         1355        16.00
    1905.663     0.943750         1364        17.78
    1922.047     0.950000         1373        20.00
    1935.359     0.956250         1382        22.86
    1952.767     0.962500         1391        26.67
    1976.319     0.968750         1400        32.00
    1993.727     0.971875         1405        35.56
    1997.823     0.975000         1409        40.00
    2018.303     0.978125         1414        45.71
    2022.399     0.981250         1418        53.33
    2040.831     0.984375         1423        64.00
    2045.951     0.985938         1425        71.11
    2047.999     0.987500         1427        80.00
    2057.215     0.989062         1430        91.43
    2070.527     0.990625         1432       106.67
    2076.671     0.992188         1434       128.00
    2084.863     0.992969         1435       142.22
    2087.935     0.993750         1436       160.00
    2101.247     0.994531         1438       182.86
    2105.343     0.995313         1439       213.33
    2107.391     0.996094         1440       256.00
    2107.391     0.996484         1440       284.44
    2111.487     0.996875         1441       320.00
    2119.679     0.997266         1442       365.71
    2119.679     0.997656         1442       426.67
    2131.967     0.998047         1443       512.00
    2131.967     0.998242         1443       568.89
    2131.967     0.998437         1443       640.00
    2154.495     0.998633         1444       731.43
    2154.495     0.998828         1444       853.33
    2154.495     0.999023         1444      1024.00
    2154.495     0.999121         1444      1137.78
    2154.495     0.999219         1444      1280.00
    2170.879     0.999316         1445      1462.86
    2170.879     1.000000         1445          inf
#[Mean    =      937.904, StdDeviation   =      498.906]
#[Max     =     2168.832, Total count    =         1445]
#[Buckets =           27, SubBuckets     =         2048]
-----------------------------------------------------------------------
  2164 requests in 30.00s, 659.61KB read
Requests/sec:     72.13  
Transfer/sec:     21.99KB
