Running 30s test @ http://10.99.72.209/?loopCount=25&base=6&exp=6
  1 threads and 1 connections

  Thread calibration: mean lat.: 505.064ms, rate sampling interval: 1564ms

-----------------------------------------------------------------------
Test Results @ http://10.99.72.209/?loopCount=25&base=6&exp=6 
  Thread Stats   Avg      Stdev     99%   +/- Stdev
    Latency     1.81s   551.11ms   2.91s    61.38%
    Req/Sec    22.08      1.44    24.00     91.67%
  Latency Distribution (HdrHistogram - Recorded Latency)
 50.000%    1.74s 
 75.000%    2.04s 
 90.000%    2.71s 
 99.000%    2.91s 
 99.900%    2.91s 
 99.990%    2.91s 
 99.999%    2.91s 
100.000%    2.91s 

  Detailed Percentile spectrum:
       Value   Percentile   TotalCount 1/(1-Percentile)

     800.767     0.000000            1         1.00
    1063.935     0.100000           45         1.11
    1299.455     0.200000           90         1.25
    1539.071     0.300000          138         1.43
    1681.407     0.400000          180         1.67
    1736.703     0.500000          224         2.00
    1756.159     0.550000          247         2.22
    1882.111     0.600000          269         2.50
    1898.495     0.650000          292         2.86
    2004.991     0.700000          314         3.33
    2044.927     0.750000          340         4.00
    2069.503     0.775000          348         4.44
    2379.775     0.800000          362         5.00
    2383.871     0.825000          370         5.71
    2443.263     0.850000          381         6.67
    2654.207     0.875000          392         8.00
    2664.447     0.887500          399         8.89
    2711.551     0.900000          405        10.00
    2809.855     0.912500          412        11.43
    2811.903     0.925000          415        13.33
    2815.999     0.937500          423        16.00
    2815.999     0.943750          423        17.78
    2826.239     0.950000          427        20.00
    2830.335     0.956250          430        22.86
    2844.671     0.962500          432        26.67
    2877.439     0.968750          434        32.00
    2889.727     0.971875          436        35.56
    2904.063     0.975000          438        40.00
    2906.111     0.978125          440        45.71
    2906.111     0.981250          440        53.33
    2908.159     0.984375          443        64.00
    2908.159     0.985938          443        71.11
    2908.159     0.987500          443        80.00
    2910.207     0.989062          448        91.43
    2910.207     1.000000          448          inf
#[Mean    =     1806.414, StdDeviation   =      551.109]
#[Max     =     2908.160, Total count    =          448]
#[Buckets =           27, SubBuckets     =         2048]
-----------------------------------------------------------------------
  677 requests in 30.00s, 206.28KB read
Requests/sec:     22.57  
Transfer/sec:      6.88KB
