Running 30s test @ http://10.99.72.209/?loopCount=25&base=6&exp=6
  5 threads and 5 connections

  Thread calibration: mean lat.: 68.690ms, rate sampling interval: 217ms
  Thread calibration: mean lat.: 77.798ms, rate sampling interval: 251ms
  Thread calibration: mean lat.: 77.741ms, rate sampling interval: 252ms
  Thread calibration: mean lat.: 68.544ms, rate sampling interval: 212ms
  Thread calibration: mean lat.: 68.752ms, rate sampling interval: 222ms

-----------------------------------------------------------------------
Test Results @ http://10.99.72.209/?loopCount=25&base=6&exp=6 
  Thread Stats   Avg      Stdev     99%   +/- Stdev
    Latency    89.80ms   65.63ms 305.66ms   85.09%
    Req/Sec     9.50      3.06    18.00     80.18%
  Latency Distribution (HdrHistogram - Recorded Latency)
 50.000%   65.38ms
 75.000%  102.65ms
 90.000%  190.59ms
 99.000%  305.66ms
 99.900%  434.94ms
 99.990%  493.57ms
 99.999%  493.57ms
100.000%  493.57ms

  Detailed Percentile spectrum:
       Value   Percentile   TotalCount 1/(1-Percentile)

      21.999     0.000000            1         1.00
      40.831     0.100000          101         1.11
      41.759     0.200000          201         1.25
      46.143     0.300000          300         1.43
      54.399     0.400000          400         1.67
      65.375     0.500000          501         2.00
      72.831     0.550000          550         2.22
      85.311     0.600000          600         2.50
      90.111     0.650000          650         2.86
      96.639     0.700000          700         3.33
     102.655     0.750000          750         4.00
     106.879     0.775000          775         4.44
     118.335     0.800000          800         5.00
     132.479     0.825000          826         5.71
     150.143     0.850000          850         6.67
     185.343     0.875000          876         8.00
     188.287     0.887500          887         8.89
     190.591     0.900000          901        10.00
     193.407     0.912500          913        11.43
     196.351     0.925000          925        13.33
     201.599     0.937500          937        16.00
     204.671     0.943750          943        17.78
     214.399     0.950000          950        20.00
     229.887     0.956250          956        22.86
     237.055     0.962500          962        26.67
     281.599     0.968750          968        32.00
     286.975     0.971875          971        35.56
     288.767     0.975000          975        40.00
     290.815     0.978125          979        45.71
     292.607     0.981250          981        53.33
     295.167     0.984375          984        64.00
     296.191     0.985938          986        71.11
     296.703     0.987500          987        80.00
     305.663     0.989062          989        91.43
     308.991     0.990625          990       106.67
     346.879     0.992188          992       128.00
     346.879     0.992969          992       142.22
     354.303     0.993750          993       160.00
     379.903     0.994531          994       182.86
     385.791     0.995313          995       213.33
     386.815     0.996094          996       256.00
     386.815     0.996484          996       284.44
     386.815     0.996875          996       320.00
     403.711     0.997266          997       365.71
     403.711     0.997656          997       426.67
     434.943     0.998047          998       512.00
     434.943     0.998242          998       568.89
     434.943     0.998437          998       640.00
     434.943     0.998633          998       731.43
     434.943     0.998828          998       853.33
     493.567     0.999023          999      1024.00
     493.567     1.000000          999          inf
#[Mean    =       89.798, StdDeviation   =       65.635]
#[Max     =      493.312, Total count    =          999]
#[Buckets =           27, SubBuckets     =         2048]
-----------------------------------------------------------------------
  1492 requests in 30.00s, 454.80KB read
Requests/sec:     49.73  
Transfer/sec:     15.16KB
