Running 30s test @ http://10.99.72.209/?loopCount=25&base=6&exp=6
  5 threads and 5 connections

reconnect_socket
reconnect_socket
  Thread calibration: mean lat.: 65.588ms, rate sampling interval: 231ms
  Thread calibration: mean lat.: 59.933ms, rate sampling interval: 174ms
  Thread calibration: mean lat.: 75.036ms, rate sampling interval: 307ms
  Thread calibration: mean lat.: 263.207ms, rate sampling interval: 703ms
  Thread calibration: mean lat.: 82.964ms, rate sampling interval: 331ms

-----------------------------------------------------------------------
Test Results @ http://10.99.72.209/?loopCount=25&base=6&exp=6 
  Thread Stats   Avg      Stdev     99%   +/- Stdev
    Latency   111.25ms   91.30ms 357.89ms   78.10%
    Req/Sec     9.51      2.79    17.00     84.70%
  Latency Distribution (HdrHistogram - Recorded Latency)
 50.000%   66.94ms
 75.000%  152.57ms
 90.000%  253.70ms
 99.000%  357.89ms
 99.900%  455.17ms
 99.990%  464.89ms
 99.999%  464.89ms
100.000%  464.89ms

  Detailed Percentile spectrum:
       Value   Percentile   TotalCount 1/(1-Percentile)

      23.183     0.000000            1         1.00
      40.767     0.100000          105         1.11
      41.471     0.200000          205         1.25
      42.271     0.300000          303         1.43
      52.863     0.400000          400         1.67
      66.943     0.500000          500         2.00
      74.495     0.550000          550         2.22
      81.727     0.600000          600         2.50
     101.055     0.650000          650         2.86
     129.151     0.700000          700         3.33
     152.575     0.750000          750         4.00
     171.135     0.775000          775         4.44
     238.591     0.800000          800         5.00
     241.023     0.825000          828         5.71
     241.535     0.850000          850         6.67
     242.815     0.875000          875         8.00
     249.855     0.887500          889         8.89
     253.695     0.900000          900        10.00
     260.607     0.912500          913        11.43
     266.751     0.925000          925        13.33
     272.895     0.937500          939        16.00
     276.735     0.943750          944        17.78
     280.575     0.950000          950        20.00
     283.391     0.956250          957        22.86
     289.791     0.962500          963        26.67
     312.063     0.968750          969        32.00
     316.927     0.971875          973        35.56
     338.431     0.975000          975        40.00
     346.623     0.978125          980        45.71
     348.159     0.981250          982        53.33
     350.207     0.984375          985        64.00
     351.231     0.985938          987        71.11
     352.767     0.987500          988        80.00
     357.887     0.989062          990        91.43
     363.519     0.990625          991       106.67
     366.079     0.992188          993       128.00
     366.079     0.992969          993       142.22
     370.687     0.993750          994       160.00
     375.039     0.994531          995       182.86
     379.135     0.995313          996       213.33
     407.039     0.996094          997       256.00
     407.039     0.996484          997       284.44
     407.039     0.996875          997       320.00
     409.343     0.997266          998       365.71
     409.343     0.997656          998       426.67
     455.167     0.998047          999       512.00
     455.167     0.998242          999       568.89
     455.167     0.998437          999       640.00
     455.167     0.998633          999       731.43
     455.167     0.998828          999       853.33
     464.895     0.999023         1000      1024.00
     464.895     1.000000         1000          inf
#[Mean    =      111.248, StdDeviation   =       91.296]
#[Max     =      464.640, Total count    =         1000]
#[Buckets =           27, SubBuckets     =         2048]
-----------------------------------------------------------------------
  1493 requests in 30.00s, 455.12KB read
Requests/sec:     49.76  
Transfer/sec:     15.17KB
