Running 30s test @ http://10.99.72.209/?loopCount=25&base=6&exp=6
  1 threads and 1 connections

reconnect_socket
  Thread calibration: mean lat.: 444.252ms, rate sampling interval: 1646ms

-----------------------------------------------------------------------
Test Results @ http://10.99.72.209/?loopCount=25&base=6&exp=6 
  Thread Stats   Avg      Stdev     99%   +/- Stdev
    Latency     2.42s   837.42ms   3.63s    56.91%
    Req/Sec    21.25      1.30    23.00    100.00%
  Latency Distribution (HdrHistogram - Recorded Latency)
 50.000%    2.46s 
 75.000%    3.17s 
 90.000%    3.54s 
 99.000%    3.63s 
 99.900%    3.68s 
 99.990%    3.68s 
 99.999%    3.68s 
100.000%    3.68s 

  Detailed Percentile spectrum:
       Value   Percentile   TotalCount 1/(1-Percentile)

    1048.063     0.000000            1         1.00
    1185.791     0.100000           44         1.11
    1604.607     0.200000           92         1.25
    1864.703     0.300000          131         1.43
    2246.655     0.400000          177         1.67
    2463.743     0.500000          217         2.00
    2627.583     0.550000          240         2.22
    2660.351     0.600000          262         2.50
    2822.143     0.650000          285         2.86
    3106.815     0.700000          307         3.33
    3170.303     0.750000          326         4.00
    3323.903     0.775000          339         4.44
    3356.671     0.800000          349         5.00
    3487.743     0.825000          361         5.71
    3497.983     0.850000          373         6.67
    3506.175     0.875000          381         8.00
    3510.271     0.887500          386         8.89
    3540.991     0.900000          392        10.00
    3551.231     0.912500          397        11.43
    3559.423     0.925000          402        13.33
    3602.431     0.937500          409        16.00
    3604.479     0.943750          411        17.78
    3624.959     0.950000          414        20.00
    3627.007     0.956250          421        22.86
    3627.007     0.962500          421        26.67
    3627.007     0.968750          421        32.00
    3629.055     0.971875          423        35.56
    3631.103     0.975000          428        40.00
    3631.103     0.978125          428        45.71
    3631.103     0.981250          428        53.33
    3631.103     0.984375          428        64.00
    3631.103     0.985938          428        71.11
    3633.151     0.987500          432        80.00
    3633.151     0.989062          432        91.43
    3633.151     0.990625          432       106.67
    3633.151     0.992188          432       128.00
    3633.151     0.992969          432       142.22
    3633.151     0.993750          432       160.00
    3633.151     0.994531          432       182.86
    3633.151     0.995313          432       213.33
    3684.351     0.996094          434       256.00
    3684.351     1.000000          434          inf
#[Mean    =     2423.223, StdDeviation   =      837.420]
#[Max     =     3682.304, Total count    =          434]
#[Buckets =           27, SubBuckets     =         2048]
-----------------------------------------------------------------------
  657 requests in 30.00s, 200.20KB read
Requests/sec:     21.90  
Transfer/sec:      6.67KB
