Running 30s test @ http://10.99.72.209/?loopCount=25&base=6&exp=6
  5 threads and 5 connections

reconnect_socket
  Thread calibration: mean lat.: 285.986ms, rate sampling interval: 1091ms
  Thread calibration: mean lat.: 215.726ms, rate sampling interval: 990ms
  Thread calibration: mean lat.: 222.089ms, rate sampling interval: 1079ms
  Thread calibration: mean lat.: 149.746ms, rate sampling interval: 465ms
  Thread calibration: mean lat.: 397.669ms, rate sampling interval: 927ms

-----------------------------------------------------------------------
Test Results @ http://10.99.72.209/?loopCount=25&base=6&exp=6 
  Thread Stats   Avg      Stdev     99%   +/- Stdev
    Latency   631.09ms  282.46ms   1.24s    65.99%
    Req/Sec    14.46      2.37    19.00     82.50%
  Latency Distribution (HdrHistogram - Recorded Latency)
 50.000%  638.46ms
 75.000%  816.13ms
 90.000%  998.40ms
 99.000%    1.24s 
 99.900%    1.31s 
 99.990%    1.32s 
 99.999%    1.32s 
100.000%    1.32s 

  Detailed Percentile spectrum:
       Value   Percentile   TotalCount 1/(1-Percentile)

      40.351     0.000000            1         1.00
     238.079     0.100000          149         1.11
     372.223     0.200000          297         1.25
     476.927     0.300000          446         1.43
     560.127     0.400000          594         1.67
     638.463     0.500000          744         2.00
     670.719     0.550000          818         2.22
     710.655     0.600000          891         2.50
     745.471     0.650000          967         2.86
     778.751     0.700000         1042         3.33
     816.127     0.750000         1114         4.00
     845.311     0.775000         1153         4.44
     878.079     0.800000         1188         5.00
     906.239     0.825000         1226         5.71
     932.863     0.850000         1263         6.67
     963.583     0.875000         1302         8.00
     979.455     0.887500         1319         8.89
     998.399     0.900000         1338        10.00
    1028.607     0.912500         1356        11.43
    1054.719     0.925000         1374        13.33
    1091.583     0.937500         1394        16.00
    1104.895     0.943750         1402        17.78
    1130.495     0.950000         1411        20.00
    1157.119     0.956250         1421        22.86
    1171.455     0.962500         1430        26.67
    1191.935     0.968750         1439        32.00
    1195.007     0.971875         1445        35.56
    1198.079     0.975000         1448        40.00
    1205.247     0.978125         1453        45.71
    1215.487     0.981250         1458        53.33
    1223.679     0.984375         1462        64.00
    1229.823     0.985938         1465        71.11
    1230.847     0.987500         1467        80.00
    1239.039     0.989062         1469        91.43
    1252.351     0.990625         1472       106.67
    1261.567     0.992188         1474       128.00
    1266.687     0.992969         1475       142.22
    1272.831     0.993750         1476       160.00
    1274.879     0.994531         1477       182.86
    1282.047     0.995313         1479       213.33
    1283.071     0.996094         1480       256.00
    1283.071     0.996484         1480       284.44
    1289.215     0.996875         1481       320.00
    1289.215     0.997266         1481       365.71
    1299.455     0.997656         1482       426.67
    1306.623     0.998047         1483       512.00
    1306.623     0.998242         1483       568.89
    1306.623     0.998437         1483       640.00
    1306.623     0.998633         1483       731.43
    1307.647     0.998828         1484       853.33
    1307.647     0.999023         1484      1024.00
    1307.647     0.999121         1484      1137.78
    1307.647     0.999219         1484      1280.00
    1307.647     0.999316         1484      1462.86
    1321.983     0.999414         1485      1706.67
    1321.983     1.000000         1485          inf
#[Mean    =      631.086, StdDeviation   =      282.463]
#[Max     =     1320.960, Total count    =         1485]
#[Buckets =           27, SubBuckets     =         2048]
-----------------------------------------------------------------------
  2198 requests in 30.00s, 669.90KB read
Requests/sec:     73.26  
Transfer/sec:     22.33KB
