Running 30s test @ http://10.99.72.209/?loopCount=25&base=6&exp=6
  5 threads and 5 connections

  Thread calibration: mean lat.: 73.259ms, rate sampling interval: 269ms
  Thread calibration: mean lat.: 62.379ms, rate sampling interval: 254ms
  Thread calibration: mean lat.: 74.755ms, rate sampling interval: 261ms
  Thread calibration: mean lat.: 68.780ms, rate sampling interval: 269ms
  Thread calibration: mean lat.: 74.473ms, rate sampling interval: 271ms

-----------------------------------------------------------------------
Test Results @ http://10.99.72.209/?loopCount=25&base=6&exp=6 
  Thread Stats   Avg      Stdev     99%   +/- Stdev
    Latency    91.04ms   83.84ms 445.44ms   90.18%
    Req/Sec     9.50      2.96    15.00     85.60%
  Latency Distribution (HdrHistogram - Recorded Latency)
 50.000%   57.50ms
 75.000%  120.83ms
 90.000%  167.81ms
 99.000%  445.44ms
 99.900%  565.25ms
 99.990%  624.64ms
 99.999%  624.64ms
100.000%  624.64ms

  Detailed Percentile spectrum:
       Value   Percentile   TotalCount 1/(1-Percentile)

      21.791     0.000000            1         1.00
      40.543     0.100000          101         1.11
      41.087     0.200000          207         1.25
      41.567     0.300000          300         1.43
      43.263     0.400000          400         1.67
      57.503     0.500000          500         2.00
      61.055     0.550000          549         2.22
      67.903     0.600000          599         2.50
      85.503     0.650000          650         2.86
      94.783     0.700000          699         3.33
     120.831     0.750000          749         4.00
     126.719     0.775000          774         4.44
     130.367     0.800000          799         5.00
     134.143     0.825000          826         5.71
     137.087     0.850000          849         6.67
     145.023     0.875000          874         8.00
     153.471     0.887500          886         8.89
     167.935     0.900000          899        10.00
     201.087     0.912500          911        11.43
     225.151     0.925000          924        13.33
     234.751     0.937500          936        16.00
     247.935     0.943750          942        17.78
     255.359     0.950000          949        20.00
     267.519     0.956250          955        22.86
     307.967     0.962500          961        26.67
     325.119     0.968750          967        32.00
     327.423     0.971875          970        35.56
     349.695     0.975000          974        40.00
     362.239     0.978125          977        45.71
     375.295     0.981250          980        53.33
     424.959     0.984375          983        64.00
     430.591     0.985938          984        71.11
     434.687     0.987500          986        80.00
     445.439     0.989062          988        91.43
     466.175     0.990625          989       106.67
     524.031     0.992188          991       128.00
     524.031     0.992969          991       142.22
     525.823     0.993750          992       160.00
     532.991     0.994531          993       182.86
     536.063     0.995313          994       213.33
     536.575     0.996094          995       256.00
     536.575     0.996484          995       284.44
     536.575     0.996875          995       320.00
     559.103     0.997266          996       365.71
     559.103     0.997656          996       426.67
     565.247     0.998047          997       512.00
     565.247     0.998242          997       568.89
     565.247     0.998437          997       640.00
     565.247     0.998633          997       731.43
     565.247     0.998828          997       853.33
     624.639     0.999023          998      1024.00
     624.639     1.000000          998          inf
#[Mean    =       91.039, StdDeviation   =       83.843]
#[Max     =      624.128, Total count    =          998]
#[Buckets =           27, SubBuckets     =         2048]
-----------------------------------------------------------------------
  1493 requests in 30.00s, 455.14KB read
Requests/sec:     49.76  
Transfer/sec:     15.17KB
