Running 30s test @ http://10.100.160.80/?loopCount=25&base=6&exp=6
  1 threads and 1 connections

  Thread calibration: mean lat.: 1590.717ms, rate sampling interval: 5787ms

-----------------------------------------------------------------------
Test Results @ http://10.100.160.80/?loopCount=25&base=6&exp=6 
  Thread Stats   Avg      Stdev     99%   +/- Stdev
    Latency     6.79s     2.04s    9.98s    57.54%
    Req/Sec    15.67      0.47    16.00    100.00%
  Latency Distribution (HdrHistogram - Recorded Latency)
 50.000%    6.95s 
 75.000%    8.61s 
 90.000%    9.60s 
 99.000%    9.98s 
 99.900%   10.07s 
 99.990%   10.07s 
 99.999%   10.07s 
100.000%   10.07s 

  Detailed Percentile spectrum:
       Value   Percentile   TotalCount 1/(1-Percentile)

    3117.055     0.000000            1         1.00
    3907.583     0.100000           34         1.11
    4669.439     0.200000           65         1.25
    5386.239     0.300000           98         1.43
    6148.095     0.400000          130         1.67
    6946.815     0.500000          163         2.00
    7327.743     0.550000          182         2.22
    7548.927     0.600000          195         2.50
    7966.719     0.650000          212         2.86
    8298.495     0.700000          232         3.33
    8609.791     0.750000          244         4.00
    8732.671     0.775000          253         4.44
    8863.743     0.800000          263         5.00
    8962.047     0.825000          270         5.71
    9158.655     0.850000          277         6.67
    9379.839     0.875000          285         8.00
    9478.143     0.887500          289         8.89
    9601.023     0.900000          293        10.00
    9658.367     0.912500          298        11.43
    9699.327     0.925000          301        13.33
    9814.015     0.937500          305        16.00
    9863.167     0.943750          307        17.78
    9904.127     0.950000          309        20.00
    9912.319     0.956250          313        22.86
    9912.319     0.962500          313        26.67
    9920.511     0.968750          316        32.00
    9920.511     0.971875          316        35.56
    9928.703     0.975000          319        40.00
    9928.703     0.978125          319        45.71
    9928.703     0.981250          319        53.33
    9936.895     0.984375          320        64.00
    9977.855     0.985938          322        71.11
    9977.855     0.987500          322        80.00
    9977.855     0.989062          322        91.43
    9977.855     0.990625          322       106.67
   10027.007     0.992188          323       128.00
   10027.007     0.992969          323       142.22
   10027.007     0.993750          323       160.00
   10067.967     0.994531          325       182.86
   10067.967     1.000000          325          inf
#[Mean    =     6792.693, StdDeviation   =     2042.278]
#[Max     =    10059.776, Total count    =          325]
#[Buckets =           27, SubBuckets     =         2048]
-----------------------------------------------------------------------
  497 requests in 30.00s, 151.44KB read
Requests/sec:     16.57  
Transfer/sec:      5.05KB
