Running 30s test @ http://10.96.31.118/?loopCount=25&base=6&exp=6
  5 threads and 5 connections

  Thread calibration: mean lat.: 389.722ms, rate sampling interval: 1250ms
  Thread calibration: mean lat.: 152.006ms, rate sampling interval: 575ms
  Thread calibration: mean lat.: 630.407ms, rate sampling interval: 2412ms
  Thread calibration: mean lat.: 354.097ms, rate sampling interval: 1126ms
  Thread calibration: mean lat.: 266.439ms, rate sampling interval: 1034ms

-----------------------------------------------------------------------
Test Results @ http://10.96.31.118/?loopCount=25&base=6&exp=6 
  Thread Stats   Avg      Stdev     99%   +/- Stdev
    Latency   953.83ms  513.46ms   1.83s    57.25%
    Req/Sec    14.24      2.66    20.00     80.65%
  Latency Distribution (HdrHistogram - Recorded Latency)
 50.000%    1.03s 
 75.000%    1.35s 
 90.000%    1.61s 
 99.000%    1.83s 
 99.900%    1.94s 
 99.990%    1.97s 
 99.999%    1.97s 
100.000%    1.97s 

  Detailed Percentile spectrum:
       Value   Percentile   TotalCount 1/(1-Percentile)

      40.095     0.000000            1         1.00
     185.087     0.100000          147         1.11
     313.343     0.200000          294         1.25
     701.439     0.300000          442         1.43
     879.103     0.400000          589         1.67
    1028.607     0.500000          735         2.00
    1110.015     0.550000          808         2.22
    1168.383     0.600000          882         2.50
    1217.535     0.650000          955         2.86
    1273.855     0.700000         1029         3.33
    1353.727     0.750000         1103         4.00
    1401.855     0.775000         1139         4.44
    1449.983     0.800000         1176         5.00
    1486.847     0.825000         1214         5.71
    1543.167     0.850000         1251         6.67
    1577.983     0.875000         1287         8.00
    1594.367     0.887500         1304         8.89
    1610.751     0.900000         1324        10.00
    1629.183     0.912500         1341        11.43
    1646.591     0.925000         1359        13.33
    1675.263     0.937500         1378        16.00
    1688.575     0.943750         1387        17.78
    1697.791     0.950000         1396        20.00
    1713.151     0.956250         1405        22.86
    1724.415     0.962500         1414        26.67
    1741.823     0.968750         1424        32.00
    1750.015     0.971875         1429        35.56
    1761.279     0.975000         1433        40.00
    1769.471     0.978125         1438        45.71
    1780.735     0.981250         1442        53.33
    1799.167     0.984375         1447        64.00
    1813.503     0.985938         1449        71.11
    1818.623     0.987500         1451        80.00
    1822.719     0.989062         1453        91.43
    1836.031     0.990625         1456       106.67
    1849.343     0.992188         1458       128.00
    1851.391     0.992969         1460       142.22
    1851.391     0.993750         1460       160.00
    1859.583     0.994531         1461       182.86
    1887.231     0.995313         1463       213.33
    1902.591     0.996094         1464       256.00
    1902.591     0.996484         1464       284.44
    1912.831     0.996875         1465       320.00
    1912.831     0.997266         1465       365.71
    1914.879     0.997656         1466       426.67
    1921.023     0.998047         1467       512.00
    1921.023     0.998242         1467       568.89
    1921.023     0.998437         1467       640.00
    1921.023     0.998633         1467       731.43
    1940.479     0.998828         1468       853.33
    1940.479     0.999023         1468      1024.00
    1940.479     0.999121         1468      1137.78
    1940.479     0.999219         1468      1280.00
    1940.479     0.999316         1468      1462.86
    1968.127     0.999414         1469      1706.67
    1968.127     1.000000         1469          inf
#[Mean    =      953.832, StdDeviation   =      513.463]
#[Max     =     1967.104, Total count    =         1469]
#[Buckets =           27, SubBuckets     =         2048]
-----------------------------------------------------------------------
  2172 requests in 30.00s, 662.18KB read
Requests/sec:     72.39  
Transfer/sec:     22.07KB
