Running 30s test @ http://10.102.190.143/?loopCount=25&base=6&exp=6
  5 threads and 5 connections

  Thread calibration: mean lat.: 1222.064ms, rate sampling interval: 4739ms
  Thread calibration: mean lat.: 1462.522ms, rate sampling interval: 5296ms
  Thread calibration: mean lat.: 1080.968ms, rate sampling interval: 4159ms
  Thread calibration: mean lat.: 1266.082ms, rate sampling interval: 4706ms
  Thread calibration: mean lat.: 1484.017ms, rate sampling interval: 5722ms

-----------------------------------------------------------------------
Test Results @ http://10.102.190.143/?loopCount=25&base=6&exp=6 
  Thread Stats   Avg      Stdev     99%   +/- Stdev
    Latency     5.69s     1.76s    8.99s    59.42%
    Req/Sec    10.17      0.50    11.00    100.00%
  Latency Distribution (HdrHistogram - Recorded Latency)
 50.000%    5.69s 
 75.000%    7.18s 
 90.000%    8.02s 
 99.000%    8.99s 
 99.900%    9.29s 
 99.990%    9.31s 
 99.999%    9.31s 
100.000%    9.31s 

  Detailed Percentile spectrum:
       Value   Percentile   TotalCount 1/(1-Percentile)

    2181.119     0.000000            1         1.00
    3268.607     0.100000          107         1.11
    3934.207     0.200000          213         1.25
    4468.735     0.300000          319         1.43
    5050.367     0.400000          426         1.67
    5689.343     0.500000          531         2.00
    6012.927     0.550000          585         2.22
    6348.799     0.600000          639         2.50
    6578.175     0.650000          691         2.86
    6840.319     0.700000          744         3.33
    7180.287     0.750000          798         4.00
    7311.359     0.775000          826         4.44
    7475.199     0.800000          850         5.00
    7634.943     0.825000          877         5.71
    7753.727     0.850000          904         6.67
    7913.471     0.875000          931         8.00
    7962.623     0.887500          944         8.89
    8024.063     0.900000          956        10.00
    8081.407     0.912500          971        11.43
    8204.287     0.925000          983        13.33
    8327.167     0.937500          996        16.00
    8364.031     0.943750         1003        17.78
    8384.511     0.950000         1009        20.00
    8445.951     0.956250         1016        22.86
    8577.023     0.962500         1023        26.67
    8642.559     0.968750         1029        32.00
    8699.903     0.971875         1033        35.56
    8732.671     0.975000         1036        40.00
    8830.975     0.978125         1039        45.71
    8888.319     0.981250         1043        53.33
    8945.663     0.984375         1047        64.00
    8970.239     0.985938         1049        71.11
    8970.239     0.987500         1049        80.00
    8994.815     0.989062         1051        91.43
    9142.271     0.990625         1053       106.67
    9166.847     0.992188         1054       128.00
    9191.423     0.992969         1055       142.22
    9224.191     0.993750         1056       160.00
    9232.383     0.994531         1057       182.86
    9256.959     0.995313         1059       213.33
    9256.959     0.996094         1059       256.00
    9256.959     0.996484         1059       284.44
    9256.959     0.996875         1059       320.00
    9273.343     0.997266         1060       365.71
    9273.343     0.997656         1060       426.67
    9273.343     0.998047         1060       512.00
    9289.727     0.998242         1061       568.89
    9289.727     0.998437         1061       640.00
    9289.727     0.998633         1061       731.43
    9289.727     0.998828         1061       853.33
    9289.727     0.999023         1061      1024.00
    9314.303     0.999121         1062      1137.78
    9314.303     1.000000         1062          inf
#[Mean    =     5685.721, StdDeviation   =     1756.357]
#[Max     =     9306.112, Total count    =         1062]
#[Buckets =           27, SubBuckets     =         2048]
-----------------------------------------------------------------------
  1601 requests in 30.00s, 488.32KB read
Requests/sec:     53.36  
Transfer/sec:     16.28KB
