Running 30s test @ http://10.106.228.182/?loopCount=25&base=6&exp=6
  5 threads and 5 connections

  Thread calibration: mean lat.: 198.346ms, rate sampling interval: 645ms
  Thread calibration: mean lat.: 341.475ms, rate sampling interval: 1494ms
  Thread calibration: mean lat.: 140.021ms, rate sampling interval: 524ms
  Thread calibration: mean lat.: 360.593ms, rate sampling interval: 1373ms
  Thread calibration: mean lat.: 117.360ms, rate sampling interval: 434ms

-----------------------------------------------------------------------
Test Results @ http://10.106.228.182/?loopCount=25&base=6&exp=6 
  Thread Stats   Avg      Stdev     99%   +/- Stdev
    Latency   539.55ms  411.24ms   1.75s    72.75%
    Req/Sec    14.44      3.16    23.00     82.39%
  Latency Distribution (HdrHistogram - Recorded Latency)
 50.000%  394.75ms
 75.000%  734.21ms
 90.000%    1.17s 
 99.000%    1.75s 
 99.900%    1.88s 
 99.990%    1.91s 
 99.999%    1.91s 
100.000%    1.91s 

  Detailed Percentile spectrum:
       Value   Percentile   TotalCount 1/(1-Percentile)

      31.199     0.000000            1         1.00
     129.791     0.100000          149         1.11
     216.575     0.200000          298         1.25
     277.247     0.300000          446         1.43
     328.447     0.400000          596         1.67
     394.751     0.500000          744         2.00
     436.223     0.550000          818         2.22
     500.479     0.600000          892         2.50
     561.663     0.650000          966         2.86
     644.095     0.700000         1041         3.33
     734.207     0.750000         1115         4.00
     791.551     0.775000         1152         4.44
     863.743     0.800000         1189         5.00
     940.543     0.825000         1226         5.71
    1039.871     0.850000         1264         6.67
    1114.111     0.875000         1301         8.00
    1149.951     0.887500         1319         8.89
    1176.575     0.900000         1338        10.00
    1214.463     0.912500         1357        11.43
    1257.471     0.925000         1375        13.33
    1323.007     0.937500         1394        16.00
    1355.775     0.943750         1403        17.78
    1414.143     0.950000         1412        20.00
    1454.079     0.956250         1421        22.86
    1511.423     0.962500         1431        26.67
    1564.671     0.968750         1440        32.00
    1592.319     0.971875         1445        35.56
    1606.655     0.975000         1449        40.00
    1640.447     0.978125         1454        45.71
    1669.119     0.981250         1459        53.33
    1686.527     0.984375         1463        64.00
    1700.863     0.985938         1466        71.11
    1720.319     0.987500         1468        80.00
    1737.727     0.989062         1470        91.43
    1778.687     0.990625         1473       106.67
    1794.047     0.992188         1475       128.00
    1817.599     0.992969         1476       142.22
    1818.623     0.993750         1477       160.00
    1820.671     0.994531         1478       182.86
    1839.103     0.995313         1480       213.33
    1845.247     0.996094         1481       256.00
    1845.247     0.996484         1481       284.44
    1854.463     0.996875         1482       320.00
    1854.463     0.997266         1482       365.71
    1872.895     0.997656         1483       426.67
    1875.967     0.998047         1484       512.00
    1875.967     0.998242         1484       568.89
    1875.967     0.998437         1484       640.00
    1875.967     0.998633         1484       731.43
    1882.111     0.998828         1485       853.33
    1882.111     0.999023         1485      1024.00
    1882.111     0.999121         1485      1137.78
    1882.111     0.999219         1485      1280.00
    1882.111     0.999316         1485      1462.86
    1907.711     0.999414         1486      1706.67
    1907.711     1.000000         1486          inf
#[Mean    =      539.546, StdDeviation   =      411.244]
#[Max     =     1906.688, Total count    =         1486]
#[Buckets =           27, SubBuckets     =         2048]
-----------------------------------------------------------------------
  2202 requests in 30.00s, 671.30KB read
Requests/sec:     73.39  
Transfer/sec:     22.37KB
