Running 30s test @ http://10.98.78.13/?loopCount=25&base=6&exp=6
  5 threads and 5 connections

  Thread calibration: mean lat.: 529.816ms, rate sampling interval: 1325ms
  Thread calibration: mean lat.: 794.857ms, rate sampling interval: 3891ms
  Thread calibration: mean lat.: 913.509ms, rate sampling interval: 3069ms
  Thread calibration: mean lat.: 770.418ms, rate sampling interval: 2353ms
  Thread calibration: mean lat.: 1210.260ms, rate sampling interval: 4927ms

-----------------------------------------------------------------------
Test Results @ http://10.98.78.13/?loopCount=25&base=6&exp=6 
  Thread Stats   Avg      Stdev     99%   +/- Stdev
    Latency     3.06s     1.08s    5.75s    66.82%
    Req/Sec    12.32      1.70    16.00     89.47%
  Latency Distribution (HdrHistogram - Recorded Latency)
 50.000%    2.92s 
 75.000%    3.82s 
 90.000%    4.42s 
 99.000%    5.75s 
 99.900%    6.05s 
 99.990%    6.19s 
 99.999%    6.19s 
100.000%    6.19s 

  Detailed Percentile spectrum:
       Value   Percentile   TotalCount 1/(1-Percentile)

     668.671     0.000000            1         1.00
    1590.271     0.100000          129         1.11
    2228.223     0.200000          258         1.25
    2453.503     0.300000          391         1.43
    2607.103     0.400000          515         1.67
    2916.351     0.500000          644         2.00
    3110.911     0.550000          709         2.22
    3319.807     0.600000          773         2.50
    3520.511     0.650000          838         2.86
    3643.391     0.700000          901         3.33
    3819.519     0.750000          968         4.00
    3930.111     0.775000          998         4.44
    3987.455     0.800000         1030         5.00
    4143.103     0.825000         1062         5.71
    4251.647     0.850000         1098         6.67
    4321.279     0.875000         1127         8.00
    4378.623     0.887500         1146         8.89
    4427.775     0.900000         1159        10.00
    4558.847     0.912500         1175        11.43
    4689.919     0.925000         1191        13.33
    4784.127     0.937500         1208        16.00
    4833.279     0.943750         1215        17.78
    4866.047     0.950000         1223        20.00
    4988.927     0.956250         1231        22.86
    5128.191     0.962500         1239        26.67
    5230.591     0.968750         1247        32.00
    5394.431     0.971875         1251        35.56
    5500.927     0.975000         1255        40.00
    5603.327     0.978125         1259        45.71
    5656.575     0.981250         1263        53.33
    5689.343     0.984375         1267        64.00
    5701.631     0.985938         1269        71.11
    5722.111     0.987500         1271        80.00
    5730.303     0.989062         1273        91.43
    5758.975     0.990625         1276       106.67
    5775.359     0.992188         1277       128.00
    5783.551     0.992969         1279       142.22
    5783.551     0.993750         1279       160.00
    5799.935     0.994531         1280       182.86
    5812.223     0.995313         1281       213.33
    5828.607     0.996094         1282       256.00
    5853.183     0.996484         1283       284.44
    5853.183     0.996875         1283       320.00
    5894.143     0.997266         1284       365.71
    5894.143     0.997656         1284       426.67
    6012.927     0.998047         1285       512.00
    6012.927     0.998242         1285       568.89
    6012.927     0.998437         1285       640.00
    6053.887     0.998633         1286       731.43
    6053.887     0.998828         1286       853.33
    6053.887     0.999023         1286      1024.00
    6053.887     0.999121         1286      1137.78
    6053.887     0.999219         1286      1280.00
    6189.055     0.999316         1287      1462.86
    6189.055     1.000000         1287          inf
#[Mean    =     3055.878, StdDeviation   =     1084.081]
#[Max     =     6184.960, Total count    =         1287]
#[Buckets =           27, SubBuckets     =         2048]
-----------------------------------------------------------------------
  1915 requests in 30.00s, 584.04KB read
Requests/sec:     63.83  
Transfer/sec:     19.47KB
