Running 30s test @ http://10.110.121.181/?loopCount=25&base=6&exp=6
  5 threads and 5 connections

  Thread calibration: mean lat.: 1135.618ms, rate sampling interval: 3700ms
  Thread calibration: mean lat.: 1330.704ms, rate sampling interval: 3995ms
  Thread calibration: mean lat.: 679.116ms, rate sampling interval: 1844ms
  Thread calibration: mean lat.: 896.664ms, rate sampling interval: 2631ms
  Thread calibration: mean lat.: 838.577ms, rate sampling interval: 3059ms

-----------------------------------------------------------------------
Test Results @ http://10.110.121.181/?loopCount=25&base=6&exp=6 
  Thread Stats   Avg      Stdev     99%   +/- Stdev
    Latency     3.19s     1.10s    5.63s    63.77%
    Req/Sec    12.03      1.75    16.00     84.85%
  Latency Distribution (HdrHistogram - Recorded Latency)
 50.000%    3.08s 
 75.000%    3.98s 
 90.000%    4.87s 
 99.000%    5.63s 
 99.900%    5.75s 
 99.990%    5.78s 
 99.999%    5.78s 
100.000%    5.78s 

  Detailed Percentile spectrum:
       Value   Percentile   TotalCount 1/(1-Percentile)

     790.015     0.000000            1         1.00
    1805.311     0.100000          127         1.11
    2193.407     0.200000          253         1.25
    2557.951     0.300000          380         1.43
    2850.815     0.400000          507         1.67
    3078.143     0.500000          633         2.00
    3172.351     0.550000          699         2.22
    3305.471     0.600000          759         2.50
    3481.599     0.650000          823         2.86
    3657.727     0.700000          887         3.33
    3977.215     0.750000          948         4.00
    4091.903     0.775000          980         4.44
    4190.207     0.800000         1013         5.00
    4325.375     0.825000         1045         5.71
    4579.327     0.850000         1075         6.67
    4804.607     0.875000         1106         8.00
    4837.375     0.887500         1125         8.89
    4874.239     0.900000         1140        10.00
    4915.199     0.912500         1154        11.43
    4968.447     0.925000         1170        13.33
    5038.079     0.937500         1186        16.00
    5128.191     0.943750         1193        17.78
    5206.015     0.950000         1201        20.00
    5267.455     0.956250         1209        22.86
    5316.607     0.962500         1219        26.67
    5373.951     0.968750         1226        32.00
    5402.623     0.971875         1229        35.56
    5431.295     0.975000         1233        40.00
    5480.447     0.978125         1238        45.71
    5517.311     0.981250         1241        53.33
    5578.751     0.984375         1245        64.00
    5599.231     0.985938         1247        71.11
    5607.423     0.987500         1249        80.00
    5627.903     0.989062         1251        91.43
    5636.095     0.990625         1254       106.67
    5652.479     0.992188         1256       128.00
    5652.479     0.992969         1256       142.22
    5664.767     0.993750         1258       160.00
    5664.767     0.994531         1258       182.86
    5677.055     0.995313         1259       213.33
    5681.151     0.996094         1260       256.00
    5681.151     0.996484         1260       284.44
    5705.727     0.996875         1261       320.00
    5705.727     0.997266         1261       365.71
    5726.207     0.997656         1262       426.67
    5726.207     0.998047         1262       512.00
    5726.207     0.998242         1262       568.89
    5750.783     0.998437         1263       640.00
    5750.783     0.998633         1263       731.43
    5750.783     0.998828         1263       853.33
    5750.783     0.999023         1263      1024.00
    5750.783     0.999121         1263      1137.78
    5779.455     0.999219         1264      1280.00
    5779.455     1.000000         1264          inf
#[Mean    =     3193.236, StdDeviation   =     1100.913]
#[Max     =     5775.360, Total count    =         1264]
#[Buckets =           27, SubBuckets     =         2048]
-----------------------------------------------------------------------
  1893 requests in 30.00s, 577.33KB read
Requests/sec:     63.09  
Transfer/sec:     19.24KB
