Running 30s test @ http://10.100.212.137/?loopCount=25&base=6&exp=6
  5 threads and 5 connections

  Thread calibration: mean lat.: 603.381ms, rate sampling interval: 2203ms
  Thread calibration: mean lat.: 326.172ms, rate sampling interval: 1160ms
  Thread calibration: mean lat.: 630.645ms, rate sampling interval: 2523ms
  Thread calibration: mean lat.: 413.576ms, rate sampling interval: 1071ms
  Thread calibration: mean lat.: 288.247ms, rate sampling interval: 890ms

-----------------------------------------------------------------------
Test Results @ http://10.100.212.137/?loopCount=25&base=6&exp=6 
  Thread Stats   Avg      Stdev     99%   +/- Stdev
    Latency     1.61s   984.22ms   4.14s    65.22%
    Req/Sec     8.82      1.35    12.00     93.15%
  Latency Distribution (HdrHistogram - Recorded Latency)
 50.000%    1.48s 
 75.000%    2.15s 
 90.000%    3.16s 
 99.000%    4.14s 
 99.900%    4.25s 
 99.990%    4.25s 
 99.999%    4.25s 
100.000%    4.25s 

  Detailed Percentile spectrum:
       Value   Percentile   TotalCount 1/(1-Percentile)

     252.159     0.000000            1         1.00
     471.039     0.100000           92         1.11
     749.055     0.200000          184         1.25
     890.367     0.300000          276         1.43
    1086.463     0.400000          368         1.67
    1475.583     0.500000          460         2.00
    1577.983     0.550000          506         2.22
    1657.855     0.600000          553         2.50
    1750.015     0.650000          598         2.86
    1892.351     0.700000          644         3.33
    2154.495     0.750000          693         4.00
    2279.423     0.775000          713         4.44
    2488.319     0.800000          736         5.00
    2760.703     0.825000          760         5.71
    2844.671     0.850000          783         6.67
    3035.135     0.875000          805         8.00
    3149.823     0.887500          817         8.89
    3164.159     0.900000          828        10.00
    3186.687     0.912500          840        11.43
    3256.319     0.925000          851        13.33
    3375.103     0.937500          863        16.00
    3444.735     0.943750          869        17.78
    3461.119     0.950000          875        20.00
    3647.487     0.956250          880        22.86
    3772.415     0.962500          886        26.67
    3844.095     0.968750          892        32.00
    3938.303     0.971875          895        35.56
    3954.687     0.975000          898        40.00
    3985.407     0.978125          900        45.71
    4044.799     0.981250          903        53.33
    4055.039     0.984375          906        64.00
    4059.135     0.985938          908        71.11
    4067.327     0.987500          909        80.00
    4085.759     0.989062          910        91.43
    4155.391     0.990625          912       106.67
    4157.439     0.992188          913       128.00
    4167.679     0.992969          914       142.22
    4171.775     0.993750          915       160.00
    4171.775     0.994531          915       182.86
    4182.015     0.995313          916       213.33
    4235.263     0.996094          917       256.00
    4235.263     0.996484          917       284.44
    4247.551     0.996875          920       320.00
    4247.551     1.000000          920          inf
#[Mean    =     1611.886, StdDeviation   =      984.222]
#[Max     =     4243.456, Total count    =          920]
#[Buckets =           27, SubBuckets     =         2048]
-----------------------------------------------------------------------
  1377 requests in 30.00s, 420.21KB read
Requests/sec:     45.89  
Transfer/sec:     14.01KB
