Running 30s test @ http://10.109.150.167/?loopCount=25&base=6&exp=6
  5 threads and 5 connections

  Thread calibration: mean lat.: 64.499ms, rate sampling interval: 259ms
  Thread calibration: mean lat.: 72.519ms, rate sampling interval: 273ms
  Thread calibration: mean lat.: 76.834ms, rate sampling interval: 264ms
  Thread calibration: mean lat.: 81.538ms, rate sampling interval: 271ms
  Thread calibration: mean lat.: 79.009ms, rate sampling interval: 261ms

-----------------------------------------------------------------------
Test Results @ http://10.109.150.167/?loopCount=25&base=6&exp=6 
  Thread Stats   Avg      Stdev     99%   +/- Stdev
    Latency    63.85ms   35.18ms 155.90ms   81.00%
    Req/Sec     9.52      2.53    15.00     90.64%
  Latency Distribution (HdrHistogram - Recorded Latency)
 50.000%   49.79ms
 75.000%   62.11ms
 90.000%  125.82ms
 99.000%  155.90ms
 99.900%  226.69ms
 99.990%  235.13ms
 99.999%  235.13ms
100.000%  235.13ms

  Detailed Percentile spectrum:
       Value   Percentile   TotalCount 1/(1-Percentile)

      22.383     0.000000            1         1.00
      40.703     0.100000          103         1.11
      41.311     0.200000          203         1.25
      42.207     0.300000          302         1.43
      43.103     0.400000          400         1.67
      49.791     0.500000          500         2.00
      52.991     0.550000          550         2.22
      53.727     0.600000          600         2.50
      54.527     0.650000          650         2.86
      57.279     0.700000          700         3.33
      62.111     0.750000          750         4.00
      66.495     0.775000          775         4.44
      78.591     0.800000          800         5.00
     118.847     0.825000          825         5.71
     121.407     0.850000          850         6.67
     122.943     0.875000          875         8.00
     124.543     0.887500          889         8.89
     125.823     0.900000          901        10.00
     127.807     0.912500          913        11.43
     129.919     0.925000          925        13.33
     132.479     0.937500          938        16.00
     134.143     0.943750          944        17.78
     136.447     0.950000          950        20.00
     137.727     0.956250          957        22.86
     138.623     0.962500          963        26.67
     139.263     0.968750          970        32.00
     139.775     0.971875          972        35.56
     143.231     0.975000          975        40.00
     147.199     0.978125          979        45.71
     150.143     0.981250          982        53.33
     151.935     0.984375          985        64.00
     152.063     0.985938          986        71.11
     152.447     0.987500          988        80.00
     155.903     0.989062          990        91.43
     158.591     0.990625          991       106.67
     167.167     0.992188          993       128.00
     167.167     0.992969          993       142.22
     174.719     0.993750          994       160.00
     218.623     0.994531          995       182.86
     222.207     0.995313          996       213.33
     224.127     0.996094          997       256.00
     224.127     0.996484          997       284.44
     224.127     0.996875          997       320.00
     226.559     0.997266          998       365.71
     226.559     0.997656          998       426.67
     226.687     0.998047          999       512.00
     226.687     0.998242          999       568.89
     226.687     0.998437          999       640.00
     226.687     0.998633          999       731.43
     226.687     0.998828          999       853.33
     235.135     0.999023         1000      1024.00
     235.135     1.000000         1000          inf
#[Mean    =       63.850, StdDeviation   =       35.179]
#[Max     =      235.008, Total count    =         1000]
#[Buckets =           27, SubBuckets     =         2048]
-----------------------------------------------------------------------
  1493 requests in 30.00s, 455.13KB read
Requests/sec:     49.76  
Transfer/sec:     15.17KB
