Running 30s test @ http://10.96.45.112/?loopCount=25&base=6&exp=6
  5 threads and 5 connections

  Thread calibration: mean lat.: 449.067ms, rate sampling interval: 1494ms
  Thread calibration: mean lat.: 1018.798ms, rate sampling interval: 3012ms
  Thread calibration: mean lat.: 366.792ms, rate sampling interval: 1631ms
  Thread calibration: mean lat.: 310.984ms, rate sampling interval: 1236ms
  Thread calibration: mean lat.: 489.314ms, rate sampling interval: 1217ms

-----------------------------------------------------------------------
Test Results @ http://10.96.45.112/?loopCount=25&base=6&exp=6 
  Thread Stats   Avg      Stdev     99%   +/- Stdev
    Latency     1.72s   791.41ms   3.45s    59.59%
    Req/Sec     8.76      1.50    12.00     88.89%
  Latency Distribution (HdrHistogram - Recorded Latency)
 50.000%    1.75s 
 75.000%    2.35s 
 90.000%    2.75s 
 99.000%    3.45s 
 99.900%    3.67s 
 99.990%    3.72s 
 99.999%    3.72s 
100.000%    3.72s 

  Detailed Percentile spectrum:
       Value   Percentile   TotalCount 1/(1-Percentile)

     316.671     0.000000            1         1.00
     710.655     0.100000           93         1.11
     908.799     0.200000          185         1.25
    1056.767     0.300000          277         1.43
    1507.327     0.400000          370         1.67
    1747.967     0.500000          464         2.00
    1846.271     0.550000          510         2.22
    1973.247     0.600000          554         2.50
    2075.647     0.650000          600         2.86
    2248.703     0.700000          647         3.33
    2349.055     0.750000          695         4.00
    2418.687     0.775000          718         4.44
    2478.079     0.800000          740         5.00
    2545.663     0.825000          762         5.71
    2627.583     0.850000          785         6.67
    2701.311     0.875000          809         8.00
    2719.743     0.887500          821         8.89
    2748.415     0.900000          831        10.00
    2772.991     0.912500          845        11.43
    2803.711     0.925000          854        13.33
    2846.719     0.937500          866        16.00
    2873.343     0.943750          872        17.78
    2908.159     0.950000          877        20.00
    3008.511     0.956250          883        22.86
    3080.191     0.962500          889        26.67
    3180.543     0.968750          896        32.00
    3207.167     0.971875          898        35.56
    3219.455     0.975000          900        40.00
    3278.847     0.978125          903        45.71
    3350.527     0.981250          906        53.33
    3403.775     0.984375          909        64.00
    3426.303     0.985938          911        71.11
    3428.351     0.987500          912        80.00
    3446.783     0.989062          913        91.43
    3506.175     0.990625          915       106.67
    3514.367     0.992188          916       128.00
    3577.855     0.992969          917       142.22
    3602.431     0.993750          918       160.00
    3602.431     0.994531          918       182.86
    3618.815     0.995313          919       213.33
    3651.583     0.996094          920       256.00
    3651.583     0.996484          920       284.44
    3657.727     0.996875          921       320.00
    3657.727     0.997266          921       365.71
    3657.727     0.997656          921       426.67
    3667.967     0.998047          922       512.00
    3667.967     0.998242          922       568.89
    3667.967     0.998437          922       640.00
    3667.967     0.998633          922       731.43
    3667.967     0.998828          922       853.33
    3721.215     0.999023          923      1024.00
    3721.215     1.000000          923          inf
#[Mean    =     1715.187, StdDeviation   =      791.414]
#[Max     =     3719.168, Total count    =          923]
#[Buckets =           27, SubBuckets     =         2048]
-----------------------------------------------------------------------
  1376 requests in 30.00s, 419.92KB read
Requests/sec:     45.86  
Transfer/sec:     14.00KB
