Running 30s test @ http://10.110.180.220/?loopCount=25&base=6&exp=6
  5 threads and 5 connections

  Thread calibration: mean lat.: 695.932ms, rate sampling interval: 2635ms
  Thread calibration: mean lat.: 741.836ms, rate sampling interval: 2416ms
  Thread calibration: mean lat.: 622.882ms, rate sampling interval: 2557ms
  Thread calibration: mean lat.: 560.397ms, rate sampling interval: 1703ms
  Thread calibration: mean lat.: 214.173ms, rate sampling interval: 791ms

-----------------------------------------------------------------------
Test Results @ http://10.110.180.220/?loopCount=25&base=6&exp=6 
  Thread Stats   Avg      Stdev     99%   +/- Stdev
    Latency     1.67s   702.41ms   3.59s    73.70%
    Req/Sec     8.90      1.17    11.00     98.28%
  Latency Distribution (HdrHistogram - Recorded Latency)
 50.000%    1.59s 
 75.000%    2.10s 
 90.000%    2.48s 
 99.000%    3.59s 
 99.900%    3.68s 
 99.990%    3.69s 
 99.999%    3.69s 
100.000%    3.69s 

  Detailed Percentile spectrum:
       Value   Percentile   TotalCount 1/(1-Percentile)

     383.487     0.000000            1         1.00
     701.439     0.100000           95         1.11
    1081.343     0.200000          190         1.25
    1292.287     0.300000          286         1.43
    1471.487     0.400000          380         1.67
    1586.175     0.500000          472         2.00
    1679.359     0.550000          520         2.22
    1819.647     0.600000          566         2.50
    1990.655     0.650000          613         2.86
    2086.911     0.700000          662         3.33
    2103.295     0.750000          712         4.00
    2170.879     0.775000          731         4.44
    2193.407     0.800000          759         5.00
    2205.695     0.825000          779         5.71
    2279.423     0.850000          803         6.67
    2293.759     0.875000          827         8.00
    2303.999     0.887500          837         8.89
    2482.175     0.900000          849        10.00
    2496.511     0.912500          862        11.43
    2777.087     0.925000          874        13.33
    3004.415     0.937500          887        16.00
    3090.431     0.943750          890        17.78
    3203.071     0.950000          896        20.00
    3278.847     0.956250          902        22.86
    3289.087     0.962500          908        26.67
    3303.423     0.968750          916        32.00
    3389.439     0.971875          917        35.56
    3416.063     0.975000          920        40.00
    3504.127     0.978125          923        45.71
    3571.711     0.981250          927        53.33
    3583.999     0.984375          930        64.00
    3583.999     0.985938          930        71.11
    3588.095     0.987500          933        80.00
    3588.095     0.989062          933        91.43
    3594.239     0.990625          935       106.67
    3600.383     0.992188          936       128.00
    3602.431     0.992969          937       142.22
    3606.527     0.993750          939       160.00
    3606.527     0.994531          939       182.86
    3606.527     0.995313          939       213.33
    3610.623     0.996094          940       256.00
    3610.623     0.996484          940       284.44
    3629.055     0.996875          941       320.00
    3629.055     0.997266          941       365.71
    3629.055     0.997656          941       426.67
    3682.303     0.998047          942       512.00
    3682.303     0.998242          942       568.89
    3682.303     0.998437          942       640.00
    3682.303     0.998633          942       731.43
    3682.303     0.998828          942       853.33
    3688.447     0.999023          943      1024.00
    3688.447     1.000000          943          inf
#[Mean    =     1672.256, StdDeviation   =      702.407]
#[Max     =     3686.400, Total count    =          943]
#[Buckets =           27, SubBuckets     =         2048]
-----------------------------------------------------------------------
  1390 requests in 30.00s, 424.17KB read
Requests/sec:     46.33  
Transfer/sec:     14.14KB
