Running 30s test @ http://10.110.180.220/?loopCount=25&base=6&exp=6
  1 threads and 1 connections

  Thread calibration: mean lat.: 3485.662ms, rate sampling interval: 12877ms

-----------------------------------------------------------------------
Test Results @ http://10.110.180.220/?loopCount=25&base=6&exp=6 
  Thread Stats   Avg      Stdev     99%   +/- Stdev
    Latency    14.22s     4.13s   21.20s    57.24%
    Req/Sec     7.00      0.00     7.00    100.00%
  Latency Distribution (HdrHistogram - Recorded Latency)
 50.000%   14.11s 
 75.000%   17.96s 
 90.000%   20.00s 
 99.000%   21.20s 
 99.900%   21.35s 
 99.990%   21.35s 
 99.999%   21.35s 
100.000%   21.35s 

  Detailed Percentile spectrum:
       Value   Percentile   TotalCount 1/(1-Percentile)

    7204.863     0.000000            1         1.00
    8634.367     0.100000           15         1.11
    9977.855     0.200000           29         1.25
   11370.495     0.300000           44         1.43
   12722.175     0.400000           58         1.67
   14114.815     0.500000           73         2.00
   14671.871     0.550000           80         2.22
   15450.111     0.600000           87         2.50
   16433.151     0.650000           95         2.86
   17186.815     0.700000          102         3.33
   17956.863     0.750000          109         4.00
   18235.391     0.775000          113         4.44
   18513.919     0.800000          116         5.00
   18841.599     0.825000          120         5.71
   19202.047     0.850000          124         6.67
   19562.495     0.875000          127         8.00
   19791.871     0.887500          129         8.89
   20004.863     0.900000          131        10.00
   20201.471     0.912500          133        11.43
   20348.927     0.925000          135        13.33
   20414.463     0.937500          136        16.00
   20561.919     0.943750          137        17.78
   20627.455     0.950000          138        20.00
   20774.911     0.956250          139        22.86
   20840.447     0.962500          140        26.67
   20922.367     0.968750          141        32.00
   20922.367     0.971875          141        35.56
   20987.903     0.975000          142        40.00
   20987.903     0.978125          142        45.71
   21037.055     0.981250          143        53.33
   21037.055     0.984375          143        64.00
   21037.055     0.985938          143        71.11
   21200.895     0.987500          144        80.00
   21200.895     0.989062          144        91.43
   21200.895     0.990625          144       106.67
   21200.895     0.992188          144       128.00
   21200.895     0.992969          144       142.22
   21348.351     0.993750          145       160.00
   21348.351     1.000000          145          inf
#[Mean    =    14215.676, StdDeviation   =     4126.858]
#[Max     =    21331.968, Total count    =          145]
#[Buckets =           27, SubBuckets     =         2048]
-----------------------------------------------------------------------
  214 requests in 30.00s, 65.39KB read
Requests/sec:      7.13  
Transfer/sec:      2.18KB
