Running 30s test @ http://10.106.228.182/?loopCount=25&base=6&exp=6
  1 threads and 1 connections

  Thread calibration: mean lat.: 1014.097ms, rate sampling interval: 3354ms

-----------------------------------------------------------------------
Test Results @ http://10.106.228.182/?loopCount=25&base=6&exp=6 
  Thread Stats   Avg      Stdev     99%   +/- Stdev
    Latency     3.69s   845.13ms   4.98s    56.57%
    Req/Sec    20.80      0.75    22.00    100.00%
  Latency Distribution (HdrHistogram - Recorded Latency)
 50.000%    3.79s 
 75.000%    4.49s 
 90.000%    4.73s 
 99.000%    4.98s 
 99.900%    5.05s 
 99.990%    5.05s 
 99.999%    5.05s 
100.000%    5.05s 

  Detailed Percentile spectrum:
       Value   Percentile   TotalCount 1/(1-Percentile)

    2150.399     0.000000            1         1.00
    2447.359     0.100000           44         1.11
    2760.703     0.200000           86         1.25
    3092.479     0.300000          128         1.43
    3528.703     0.400000          172         1.67
    3790.847     0.500000          213         2.00
    4003.839     0.550000          235         2.22
    4065.279     0.600000          256         2.50
    4169.727     0.650000          279         2.86
    4317.183     0.700000          300         3.33
    4485.119     0.750000          321         4.00
    4554.751     0.775000          331         4.44
    4571.135     0.800000          341         5.00
    4599.807     0.825000          353         5.71
    4644.863     0.850000          364         6.67
    4722.687     0.875000          378         8.00
    4726.783     0.887500          385         8.89
    4726.783     0.900000          385        10.00
    4755.455     0.912500          396        11.43
    4755.455     0.925000          396        13.33
    4780.031     0.937500          401        16.00
    4796.415     0.943750          403        17.78
    4816.895     0.950000          405        20.00
    4849.663     0.956250          408        22.86
    4870.143     0.962500          411        26.67
    4894.719     0.968750          413        32.00
    4911.103     0.971875          415        35.56
    4923.391     0.975000          417        40.00
    4923.391     0.978125          417        45.71
    4939.775     0.981250          419        53.33
    4960.255     0.984375          420        64.00
    4968.447     0.985938          421        71.11
    4968.447     0.987500          421        80.00
    4976.639     0.989062          422        91.43
    4997.119     0.990625          423       106.67
    4997.119     0.992188          423       128.00
    5042.175     0.992969          424       142.22
    5042.175     0.993750          424       160.00
    5042.175     0.994531          424       182.86
    5054.463     0.995313          426       213.33
    5054.463     1.000000          426          inf
#[Mean    =     3694.748, StdDeviation   =      845.133]
#[Max     =     5050.368, Total count    =          426]
#[Buckets =           27, SubBuckets     =         2048]
-----------------------------------------------------------------------
  623 requests in 30.00s, 189.83KB read
Requests/sec:     20.76  
Transfer/sec:      6.33KB
