Running 30s test @ http://10.109.150.167/?loopCount=25&base=6&exp=6
  5 threads and 5 connections

  Thread calibration: mean lat.: 1019.810ms, rate sampling interval: 2949ms
  Thread calibration: mean lat.: 696.595ms, rate sampling interval: 2146ms
  Thread calibration: mean lat.: 757.693ms, rate sampling interval: 2713ms
  Thread calibration: mean lat.: 1007.227ms, rate sampling interval: 3573ms
  Thread calibration: mean lat.: 859.608ms, rate sampling interval: 2848ms

-----------------------------------------------------------------------
Test Results @ http://10.109.150.167/?loopCount=25&base=6&exp=6 
  Thread Stats   Avg      Stdev     99%   +/- Stdev
    Latency     2.97s   794.91ms   4.55s    57.47%
    Req/Sec    12.44      0.74    14.00    100.00%
  Latency Distribution (HdrHistogram - Recorded Latency)
 50.000%    2.90s 
 75.000%    3.63s 
 90.000%    4.11s 
 99.000%    4.55s 
 99.900%    4.64s 
 99.990%    4.64s 
 99.999%    4.64s 
100.000%    4.64s 

  Detailed Percentile spectrum:
       Value   Percentile   TotalCount 1/(1-Percentile)

    1339.391     0.000000            1         1.00
    1955.839     0.100000          130         1.11
    2144.255     0.200000          260         1.25
    2451.455     0.300000          388         1.43
    2666.495     0.400000          517         1.67
    2899.967     0.500000          646         2.00
    2988.031     0.550000          711         2.22
    3123.199     0.600000          775         2.50
    3266.559     0.650000          842         2.86
    3457.023     0.700000          904         3.33
    3629.055     0.750000          969         4.00
    3725.311     0.775000         1002         4.44
    3805.183     0.800000         1033         5.00
    3897.343     0.825000         1066         5.71
    3979.263     0.850000         1098         6.67
    4014.079     0.875000         1132         8.00
    4042.751     0.887500         1146         8.89
    4106.239     0.900000         1163        10.00
    4157.439     0.912500         1179        11.43
    4194.303     0.925000         1195        13.33
    4255.743     0.937500         1212        16.00
    4276.223     0.943750         1219        17.78
    4308.991     0.950000         1228        20.00
    4325.375     0.956250         1235        22.86
    4362.239     0.962500         1243        26.67
    4395.007     0.968750         1251        32.00
    4423.679     0.971875         1256        35.56
    4431.871     0.975000         1259        40.00
    4493.311     0.978125         1263        45.71
    4521.983     0.981250         1267        53.33
    4530.175     0.984375         1271        64.00
    4542.463     0.985938         1275        71.11
    4542.463     0.987500         1275        80.00
    4550.655     0.989062         1278        91.43
    4554.751     0.990625         1280       106.67
    4558.847     0.992188         1281       128.00
    4567.039     0.992969         1282       142.22
    4575.231     0.993750         1284       160.00
    4575.231     0.994531         1284       182.86
    4579.327     0.995313         1285       213.33
    4583.423     0.996094         1286       256.00
    4616.191     0.996484         1287       284.44
    4616.191     0.996875         1287       320.00
    4620.287     0.997266         1288       365.71
    4620.287     0.997656         1288       426.67
    4624.383     0.998047         1289       512.00
    4624.383     0.998242         1289       568.89
    4624.383     0.998437         1289       640.00
    4640.767     0.998633         1290       731.43
    4640.767     0.998828         1290       853.33
    4640.767     0.999023         1290      1024.00
    4640.767     0.999121         1290      1137.78
    4640.767     0.999219         1290      1280.00
    4644.863     0.999316         1291      1462.86
    4644.863     1.000000         1291          inf
#[Mean    =     2969.929, StdDeviation   =      794.910]
#[Max     =     4640.768, Total count    =         1291]
#[Buckets =           27, SubBuckets     =         2048]
-----------------------------------------------------------------------
  1916 requests in 30.00s, 584.12KB read
Requests/sec:     63.86  
Transfer/sec:     19.47KB
