Running 30s test @ http://10.97.0.135/?loopCount=25&base=6&exp=6
  1 threads and 1 connections

  Thread calibration: mean lat.: 564.391ms, rate sampling interval: 2056ms

-----------------------------------------------------------------------
Test Results @ http://10.97.0.135/?loopCount=25&base=6&exp=6 
  Thread Stats   Avg      Stdev     99%   +/- Stdev
    Latency     2.39s   714.48ms   3.66s    59.00%
    Req/Sec    21.44      0.50    22.00    100.00%
  Latency Distribution (HdrHistogram - Recorded Latency)
 50.000%    2.40s 
 75.000%    2.96s 
 90.000%    3.37s 
 99.000%    3.66s 
 99.900%    3.67s 
 99.990%    3.67s 
 99.999%    3.67s 
100.000%    3.67s 

  Detailed Percentile spectrum:
       Value   Percentile   TotalCount 1/(1-Percentile)

    1218.559     0.000000            1         1.00
    1454.079     0.100000           44         1.11
    1617.919     0.200000           89         1.25
    1851.391     0.300000          133         1.43
    2174.975     0.400000          177         1.67
    2396.159     0.500000          220         2.00
    2471.935     0.550000          242         2.22
    2646.015     0.600000          265         2.50
    2805.759     0.650000          289         2.86
    2865.151     0.700000          308         3.33
    2961.407     0.750000          330         4.00
    3031.039     0.775000          343         4.44
    3059.711     0.800000          352         5.00
    3149.823     0.825000          363         5.71
    3209.215     0.850000          374         6.67
    3262.463     0.875000          385         8.00
    3311.615     0.887500          391         8.89
    3389.439     0.900000          397        10.00
    3457.023     0.912500          401        11.43
    3465.215     0.925000          408        13.33
    3557.375     0.937500          412        16.00
    3610.623     0.943750          416        17.78
    3612.671     0.950000          419        20.00
    3614.719     0.956250          421        22.86
    3616.767     0.962500          424        26.67
    3629.055     0.968750          426        32.00
    3639.295     0.971875          428        35.56
    3647.487     0.975000          429        40.00
    3649.535     0.978125          431        45.71
    3649.535     0.981250          431        53.33
    3651.583     0.984375          434        64.00
    3651.583     0.985938          434        71.11
    3651.583     0.987500          434        80.00
    3655.679     0.989062          436        91.43
    3655.679     0.990625          436       106.67
    3655.679     0.992188          436       128.00
    3655.679     0.992969          436       142.22
    3663.871     0.993750          438       160.00
    3663.871     0.994531          438       182.86
    3663.871     0.995313          438       213.33
    3663.871     0.996094          438       256.00
    3663.871     0.996484          438       284.44
    3663.871     0.996875          438       320.00
    3663.871     0.997266          438       365.71
    3663.871     0.997656          438       426.67
    3665.919     0.998047          439       512.00
    3665.919     1.000000          439          inf
#[Mean    =     2389.471, StdDeviation   =      714.480]
#[Max     =     3663.872, Total count    =          439]
#[Buckets =           27, SubBuckets     =         2048]
-----------------------------------------------------------------------
  658 requests in 30.01s, 200.48KB read
Requests/sec:     21.93  
Transfer/sec:      6.68KB
