Running 30s test @ http://10.96.45.112/?loopCount=25&base=6&exp=6
  1 threads and 1 connections

  Thread calibration: mean lat.: 3173.974ms, rate sampling interval: 11657ms

-----------------------------------------------------------------------
Test Results @ http://10.96.45.112/?loopCount=25&base=6&exp=6 
  Thread Stats   Avg      Stdev     99%   +/- Stdev
    Latency    13.66s     3.98s   20.28s    57.42%
    Req/Sec     7.00      0.00     7.00    100.00%
  Latency Distribution (HdrHistogram - Recorded Latency)
 50.000%   13.78s 
 75.000%   17.25s 
 90.000%   19.01s 
 99.000%   20.28s 
 99.900%   20.40s 
 99.990%   20.40s 
 99.999%   20.40s 
100.000%   20.40s 

  Detailed Percentile spectrum:
       Value   Percentile   TotalCount 1/(1-Percentile)

    6660.095     0.000000            1         1.00
    8155.135     0.100000           16         1.11
    9478.143     0.200000           31         1.25
   10821.631     0.300000           47         1.43
   12402.687     0.400000           62         1.67
   13778.943     0.500000           78         2.00
   14573.567     0.550000           86         2.22
   15163.391     0.600000           93         2.50
   15859.711     0.650000          101         2.86
   16531.455     0.700000          109         3.33
   17334.271     0.750000          117         4.00
   17547.263     0.775000          121         4.44
   17678.335     0.800000          124         5.00
   17989.631     0.825000          128         5.71
   18317.311     0.850000          132         6.67
   18644.991     0.875000          136         8.00
   18874.367     0.887500          138         8.89
   19005.439     0.900000          140        10.00
   19316.735     0.912500          143        11.43
   19349.503     0.925000          144        13.33
   19562.495     0.937500          146        16.00
   19611.647     0.943750          147        17.78
   19677.183     0.950000          148        20.00
   19824.639     0.956250          149        22.86
   19906.559     0.962500          150        26.67
   20070.399     0.968750          151        32.00
   20070.399     0.971875          151        35.56
   20217.855     0.975000          152        40.00
   20217.855     0.978125          152        45.71
   20283.391     0.981250          153        53.33
   20283.391     0.984375          153        64.00
   20283.391     0.985938          153        71.11
   20348.927     0.987500          154        80.00
   20348.927     0.989062          154        91.43
   20348.927     0.990625          154       106.67
   20348.927     0.992188          154       128.00
   20348.927     0.992969          154       142.22
   20398.079     0.993750          155       160.00
   20398.079     1.000000          155          inf
#[Mean    =    13659.010, StdDeviation   =     3982.581]
#[Max     =    20381.696, Total count    =          155]
#[Buckets =           27, SubBuckets     =         2048]
-----------------------------------------------------------------------
  238 requests in 30.00s, 72.69KB read
Requests/sec:      7.93  
Transfer/sec:      2.42KB
