Running 30s test @ http://10.110.121.181/?loopCount=25&base=6&exp=6
  5 threads and 5 connections

  Thread calibration: mean lat.: 95.678ms, rate sampling interval: 417ms
  Thread calibration: mean lat.: 114.879ms, rate sampling interval: 477ms
  Thread calibration: mean lat.: 124.906ms, rate sampling interval: 480ms
  Thread calibration: mean lat.: 139.838ms, rate sampling interval: 504ms
  Thread calibration: mean lat.: 131.639ms, rate sampling interval: 478ms

-----------------------------------------------------------------------
Test Results @ http://10.110.121.181/?loopCount=25&base=6&exp=6 
  Thread Stats   Avg      Stdev     99%   +/- Stdev
    Latency   138.92ms  124.71ms 583.17ms   87.91%
    Req/Sec     9.49      2.55    16.00     88.52%
  Latency Distribution (HdrHistogram - Recorded Latency)
 50.000%   92.10ms
 75.000%  161.54ms
 90.000%  318.72ms
 99.000%  583.17ms
 99.900%  648.70ms
 99.990%  653.31ms
 99.999%  653.31ms
100.000%  653.31ms

  Detailed Percentile spectrum:
       Value   Percentile   TotalCount 1/(1-Percentile)

      22.879     0.000000            1         1.00
      40.703     0.100000          103         1.11
      41.343     0.200000          203         1.25
      42.271     0.300000          304         1.43
      77.119     0.400000          401         1.67
      92.095     0.500000          501         2.00
     133.887     0.550000          551         2.22
     140.415     0.600000          602         2.50
     143.487     0.650000          651         2.86
     148.095     0.700000          701         3.33
     161.535     0.750000          751         4.00
     181.375     0.775000          776         4.44
     194.559     0.800000          801         5.00
     237.951     0.825000          828         5.71
     244.223     0.850000          851         6.67
     255.743     0.875000          876         8.00
     282.879     0.887500          889         8.89
     318.719     0.900000          901        10.00
     340.735     0.912500          914        11.43
     349.439     0.925000          926        13.33
     383.743     0.937500          939        16.00
     417.279     0.943750          945        17.78
     438.015     0.950000          951        20.00
     443.903     0.956250          958        22.86
     457.727     0.962500          964        26.67
     476.927     0.968750          970        32.00
     490.239     0.971875          973        35.56
     522.751     0.975000          976        40.00
     537.087     0.978125          980        45.71
     543.231     0.981250          983        53.33
     551.423     0.984375          986        64.00
     559.615     0.985938          987        71.11
     563.199     0.987500          989        80.00
     583.167     0.989062          992        91.43
     583.167     0.990625          992       106.67
     593.407     0.992188          994       128.00
     593.407     0.992969          994       142.22
     634.879     0.993750          995       160.00
     642.047     0.994531          996       182.86
     643.071     0.995313          997       213.33
     645.119     0.996094          998       256.00
     645.119     0.996484          998       284.44
     645.119     0.996875          998       320.00
     646.655     0.997266          999       365.71
     646.655     0.997656          999       426.67
     648.703     0.998047         1000       512.00
     648.703     0.998242         1000       568.89
     648.703     0.998437         1000       640.00
     648.703     0.998633         1000       731.43
     648.703     0.998828         1000       853.33
     653.311     0.999023         1001      1024.00
     653.311     1.000000         1001          inf
#[Mean    =      138.922, StdDeviation   =      124.706]
#[Max     =      652.800, Total count    =         1001]
#[Buckets =           27, SubBuckets     =         2048]
-----------------------------------------------------------------------
  1494 requests in 30.00s, 455.66KB read
Requests/sec:     49.80  
Transfer/sec:     15.19KB
