Running 30s test @ http://10.109.150.167/?loopCount=25&base=6&exp=6
  1 threads and 1 connections

  Thread calibration: mean lat.: 1483.395ms, rate sampling interval: 5328ms

-----------------------------------------------------------------------
Test Results @ http://10.109.150.167/?loopCount=25&base=6&exp=6 
  Thread Stats   Avg      Stdev     99%   +/- Stdev
    Latency     6.50s     2.10s   10.11s    56.79%
    Req/Sec    16.00      0.82    17.00    100.00%
  Latency Distribution (HdrHistogram - Recorded Latency)
 50.000%    6.36s 
 75.000%    8.27s 
 90.000%    9.54s 
 99.000%   10.11s 
 99.900%   10.19s 
 99.990%   10.19s 
 99.999%   10.19s 
100.000%   10.19s 

  Detailed Percentile spectrum:
       Value   Percentile   TotalCount 1/(1-Percentile)

    3155.967     0.000000            1         1.00
    3708.927     0.100000           33         1.11
    4341.759     0.200000           68         1.25
    4997.119     0.300000          101         1.43
    5660.671     0.400000          130         1.67
    6361.087     0.500000          162         2.00
    6799.359     0.550000          179         2.22
    7151.615     0.600000          195         2.50
    7581.695     0.650000          211         2.86
    8069.119     0.700000          227         3.33
    8269.823     0.750000          243         4.00
    8470.527     0.775000          252         4.44
    8675.327     0.800000          260         5.00
    8896.511     0.825000          269         5.71
    9101.311     0.850000          276         6.67
    9363.455     0.875000          284         8.00
    9445.375     0.887500          288         8.89
    9535.487     0.900000          293        10.00
    9617.407     0.912500          296        11.43
    9740.287     0.925000          301        13.33
    9773.055     0.937500          305        16.00
    9789.439     0.943750          307        17.78
    9822.207     0.950000          308        20.00
    9871.359     0.956250          310        22.86
    9887.743     0.962500          312        26.67
    9953.279     0.968750          315        32.00
    9953.279     0.971875          315        35.56
    9994.239     0.975000          317        40.00
    9994.239     0.978125          317        45.71
   10018.815     0.981250          319        53.33
   10018.815     0.984375          319        64.00
   10108.927     0.985938          321        71.11
   10108.927     0.987500          321        80.00
   10108.927     0.989062          321        91.43
   10108.927     0.990625          321       106.67
   10133.503     0.992188          322       128.00
   10133.503     0.992969          322       142.22
   10133.503     0.993750          322       160.00
   10141.695     0.994531          323       182.86
   10141.695     0.995313          323       213.33
   10141.695     0.996094          323       256.00
   10141.695     0.996484          323       284.44
   10141.695     0.996875          323       320.00
   10190.847     0.997266          324       365.71
   10190.847     1.000000          324          inf
#[Mean    =     6502.789, StdDeviation   =     2095.858]
#[Max     =    10182.656, Total count    =          324]
#[Buckets =           27, SubBuckets     =         2048]
-----------------------------------------------------------------------
  494 requests in 30.00s, 150.52KB read
Requests/sec:     16.46  
Transfer/sec:      5.02KB
