Running 30s test @ http://10.96.31.118/?loopCount=25&base=6&exp=6
  5 threads and 5 connections

  Thread calibration: mean lat.: 89.212ms, rate sampling interval: 310ms
  Thread calibration: mean lat.: 126.953ms, rate sampling interval: 517ms
  Thread calibration: mean lat.: 107.295ms, rate sampling interval: 373ms
  Thread calibration: mean lat.: 80.261ms, rate sampling interval: 302ms
  Thread calibration: mean lat.: 78.706ms, rate sampling interval: 293ms

-----------------------------------------------------------------------
Test Results @ http://10.96.31.118/?loopCount=25&base=6&exp=6 
  Thread Stats   Avg      Stdev     99%   +/- Stdev
    Latency    92.13ms   52.29ms 248.19ms   74.13%
    Req/Sec     9.43      2.40    13.00     66.44%
  Latency Distribution (HdrHistogram - Recorded Latency)
 50.000%   77.44ms
 75.000%  142.98ms
 90.000%  154.49ms
 99.000%  248.19ms
 99.900%  260.10ms
 99.990%  267.52ms
 99.999%  267.52ms
100.000%  267.52ms

  Detailed Percentile spectrum:
       Value   Percentile   TotalCount 1/(1-Percentile)

      25.615     0.000000            1         1.00
      40.895     0.100000          108         1.11
      41.535     0.200000          203         1.25
      42.527     0.300000          302         1.43
      65.599     0.400000          401         1.67
      77.439     0.500000          501         2.00
      83.583     0.550000          551         2.22
      95.423     0.600000          601         2.50
     107.199     0.650000          651         2.86
     123.903     0.700000          701         3.33
     142.975     0.750000          753         4.00
     144.767     0.775000          776         4.44
     146.687     0.800000          802         5.00
     149.247     0.825000          827         5.71
     150.527     0.850000          853         6.67
     152.959     0.875000          879         8.00
     153.599     0.887500          891         8.89
     154.495     0.900000          901        10.00
     159.615     0.912500          914        11.43
     162.687     0.925000          926        13.33
     168.319     0.937500          939        16.00
     171.263     0.943750          945        17.78
     173.951     0.950000          951        20.00
     179.327     0.956250          958        22.86
     194.815     0.962500          964        26.67
     200.959     0.968750          970        32.00
     207.871     0.971875          973        35.56
     212.991     0.975000          976        40.00
     241.407     0.978125          980        45.71
     242.175     0.981250          983        53.33
     242.943     0.984375          987        64.00
     242.943     0.985938          987        71.11
     243.839     0.987500          989        80.00
     248.191     0.989062          991        91.43
     249.087     0.990625          992       106.67
     249.471     0.992188          994       128.00
     249.471     0.992969          994       142.22
     249.855     0.993750          995       160.00
     251.007     0.994531          996       182.86
     252.415     0.995313          997       213.33
     254.719     0.996094          998       256.00
     254.719     0.996484          998       284.44
     254.719     0.996875          998       320.00
     258.303     0.997266          999       365.71
     258.303     0.997656          999       426.67
     260.095     0.998047         1000       512.00
     260.095     0.998242         1000       568.89
     260.095     0.998437         1000       640.00
     260.095     0.998633         1000       731.43
     260.095     0.998828         1000       853.33
     267.519     0.999023         1001      1024.00
     267.519     1.000000         1001          inf
#[Mean    =       92.134, StdDeviation   =       52.286]
#[Max     =      267.264, Total count    =         1001]
#[Buckets =           27, SubBuckets     =         2048]
-----------------------------------------------------------------------
  1491 requests in 30.00s, 454.61KB read
Requests/sec:     49.69  
Transfer/sec:     15.15KB
