Running 30s test @ http://10.102.190.143/?loopCount=25&base=6&exp=6
  5 threads and 5 connections

  Thread calibration: mean lat.: 120.198ms, rate sampling interval: 335ms
  Thread calibration: mean lat.: 112.091ms, rate sampling interval: 331ms
  Thread calibration: mean lat.: 121.874ms, rate sampling interval: 316ms
  Thread calibration: mean lat.: 127.971ms, rate sampling interval: 375ms
  Thread calibration: mean lat.: 191.305ms, rate sampling interval: 546ms

-----------------------------------------------------------------------
Test Results @ http://10.102.190.143/?loopCount=25&base=6&exp=6 
  Thread Stats   Avg      Stdev     99%   +/- Stdev
    Latency   290.12ms  189.52ms 753.15ms   64.29%
    Req/Sec     9.37      2.18    15.00     82.66%
  Latency Distribution (HdrHistogram - Recorded Latency)
 50.000%  244.99ms
 75.000%  436.48ms
 90.000%  575.49ms
 99.000%  753.15ms
 99.900%  855.04ms
 99.990%  858.62ms
 99.999%  858.62ms
100.000%  858.62ms

  Detailed Percentile spectrum:
       Value   Percentile   TotalCount 1/(1-Percentile)

      38.943     0.000000            1         1.00
      81.151     0.100000          100         1.11
     139.007     0.200000          197         1.25
     153.855     0.300000          295         1.43
     170.239     0.400000          394         1.67
     244.991     0.500000          493         2.00
     257.023     0.550000          541         2.22
     274.943     0.600000          591         2.50
     349.951     0.650000          639         2.86
     362.495     0.700000          689         3.33
     437.759     0.750000          738         4.00
     456.703     0.775000          763         4.44
     476.927     0.800000          788         5.00
     537.599     0.825000          812         5.71
     552.959     0.850000          837         6.67
     563.199     0.875000          861         8.00
     568.831     0.887500          874         8.89
     575.487     0.900000          885        10.00
     584.191     0.912500          898        11.43
     635.391     0.925000          912        13.33
     645.119     0.937500          922        16.00
     646.655     0.943750          929        17.78
     650.239     0.950000          935        20.00
     652.287     0.956250          940        22.86
     660.479     0.962500          948        26.67
     670.207     0.968750          954        32.00
     671.743     0.971875          956        35.56
     677.375     0.975000          959        40.00
     683.519     0.978125          962        45.71
     693.247     0.981250          965        53.33
     737.791     0.984375          968        64.00
     746.495     0.985938          970        71.11
     750.591     0.987500          971        80.00
     753.151     0.989062          973        91.43
     757.247     0.990625          974       106.67
     763.903     0.992188          976       128.00
     774.655     0.992969          977       142.22
     774.655     0.993750          977       160.00
     777.215     0.994531          978       182.86
     778.239     0.995313          979       213.33
     835.071     0.996094          980       256.00
     835.071     0.996484          980       284.44
     835.071     0.996875          980       320.00
     850.431     0.997266          981       365.71
     850.431     0.997656          981       426.67
     855.039     0.998047          982       512.00
     855.039     0.998242          982       568.89
     855.039     0.998437          982       640.00
     855.039     0.998633          982       731.43
     855.039     0.998828          982       853.33
     858.623     0.999023          983      1024.00
     858.623     1.000000          983          inf
#[Mean    =      290.120, StdDeviation   =      189.516]
#[Max     =      858.112, Total count    =          983]
#[Buckets =           27, SubBuckets     =         2048]
-----------------------------------------------------------------------
  1472 requests in 30.00s, 449.02KB read
Requests/sec:     49.06  
Transfer/sec:     14.97KB
