Running 30s test @ http://10.97.0.135/?loopCount=25&base=6&exp=6
  5 threads and 5 connections

  Thread calibration: mean lat.: 79.295ms, rate sampling interval: 285ms
  Thread calibration: mean lat.: 132.222ms, rate sampling interval: 556ms
  Thread calibration: mean lat.: 128.638ms, rate sampling interval: 587ms
  Thread calibration: mean lat.: 196.388ms, rate sampling interval: 841ms
  Thread calibration: mean lat.: 100.826ms, rate sampling interval: 362ms

-----------------------------------------------------------------------
Test Results @ http://10.97.0.135/?loopCount=25&base=6&exp=6 
  Thread Stats   Avg      Stdev     99%   +/- Stdev
    Latency   235.42ms  155.51ms 708.09ms   68.02%
    Req/Sec    14.58      3.27    22.00     76.04%
  Latency Distribution (HdrHistogram - Recorded Latency)
 50.000%  204.93ms
 75.000%  329.98ms
 90.000%  446.98ms
 99.000%  708.09ms
 99.900%  797.18ms
 99.990%  820.22ms
 99.999%  820.22ms
100.000%  820.22ms

  Detailed Percentile spectrum:
       Value   Percentile   TotalCount 1/(1-Percentile)

      26.463     0.000000            1         1.00
      53.087     0.100000          150         1.11
      96.767     0.200000          300         1.25
     132.863     0.300000          450         1.43
     166.655     0.400000          600         1.67
     204.927     0.500000          749         2.00
     224.511     0.550000          824         2.22
     247.039     0.600000          899         2.50
     272.383     0.650000          975         2.86
     294.655     0.700000         1049         3.33
     329.983     0.750000         1124         4.00
     348.927     0.775000         1161         4.44
     366.591     0.800000         1199         5.00
     380.671     0.825000         1238         5.71
     396.287     0.850000         1275         6.67
     416.255     0.875000         1311         8.00
     428.287     0.887500         1330         8.89
     447.999     0.900000         1349        10.00
     461.567     0.912500         1367        11.43
     484.863     0.925000         1386        13.33
     514.303     0.937500         1405        16.00
     527.871     0.943750         1414        17.78
     544.255     0.950000         1424        20.00
     553.471     0.956250         1433        22.86
     567.807     0.962500         1442        26.67
     591.359     0.968750         1452        32.00
     595.967     0.971875         1456        35.56
     619.007     0.975000         1461        40.00
     636.415     0.978125         1466        45.71
     650.751     0.981250         1470        53.33
     671.743     0.984375         1475        64.00
     678.911     0.985938         1477        71.11
     689.663     0.987500         1480        80.00
     690.175     0.989062         1482        91.43
     710.143     0.990625         1484       106.67
     715.775     0.992188         1487       128.00
     716.799     0.992969         1488       142.22
     733.183     0.993750         1489       160.00
     747.007     0.994531         1490       182.86
     752.639     0.995313         1491       213.33
     771.071     0.996094         1493       256.00
     771.071     0.996484         1493       284.44
     779.263     0.996875         1494       320.00
     779.263     0.997266         1494       365.71
     780.287     0.997656         1495       426.67
     794.111     0.998047         1496       512.00
     794.111     0.998242         1496       568.89
     794.111     0.998437         1496       640.00
     794.111     0.998633         1496       731.43
     797.183     0.998828         1497       853.33
     797.183     0.999023         1497      1024.00
     797.183     0.999121         1497      1137.78
     797.183     0.999219         1497      1280.00
     797.183     0.999316         1497      1462.86
     820.223     0.999414         1498      1706.67
     820.223     1.000000         1498          inf
#[Mean    =      235.425, StdDeviation   =      155.513]
#[Max     =      819.712, Total count    =         1498]
#[Buckets =           27, SubBuckets     =         2048]
-----------------------------------------------------------------------
  2232 requests in 30.00s, 680.36KB read
Requests/sec:     74.39  
Transfer/sec:     22.68KB
