Running 30s test @ http://10.96.31.118/?loopCount=25&base=6&exp=6
  1 threads and 1 connections

  Thread calibration: mean lat.: 591.520ms, rate sampling interval: 2199ms

-----------------------------------------------------------------------
Test Results @ http://10.96.31.118/?loopCount=25&base=6&exp=6 
  Thread Stats   Avg      Stdev     99%   +/- Stdev
    Latency     2.81s   805.35ms   4.03s    62.24%
    Req/Sec    20.89      1.29    23.00    100.00%
  Latency Distribution (HdrHistogram - Recorded Latency)
 50.000%    2.86s 
 75.000%    3.44s 
 90.000%    3.88s 
 99.000%    4.03s 
 99.900%    4.03s 
 99.990%    4.03s 
 99.999%    4.03s 
100.000%    4.03s 

  Detailed Percentile spectrum:
       Value   Percentile   TotalCount 1/(1-Percentile)

    1196.031     0.000000            1         1.00
    1496.063     0.100000           43         1.11
    2019.327     0.200000           86         1.25
    2400.255     0.300000          129         1.43
    2686.975     0.400000          172         1.67
    2856.959     0.500000          215         2.00
    2967.551     0.550000          237         2.22
    3123.199     0.600000          258         2.50
    3305.471     0.650000          279         2.86
    3391.487     0.700000          301         3.33
    3438.591     0.750000          324         4.00
    3485.695     0.775000          334         4.44
    3573.759     0.800000          345         5.00
    3686.399     0.825000          355         5.71
    3747.839     0.850000          365         6.67
    3811.327     0.875000          376         8.00
    3870.719     0.887500          382         8.89
    3880.959     0.900000          387        10.00
    3887.103     0.912500          394        11.43
    3923.967     0.925000          398        13.33
    3946.495     0.937500          403        16.00
    3977.215     0.943750          406        17.78
    4009.983     0.950000          411        20.00
    4009.983     0.956250          411        22.86
    4016.127     0.962500          413        26.67
    4020.223     0.968750          418        32.00
    4020.223     0.971875          418        35.56
    4024.319     0.975000          420        40.00
    4024.319     0.978125          420        45.71
    4026.367     0.981250          422        53.33
    4028.415     0.984375          428        64.00
    4028.415     0.985938          428        71.11
    4028.415     0.987500          428        80.00
    4028.415     0.989062          428        91.43
    4028.415     0.990625          428       106.67
    4028.415     0.992188          428       128.00
    4028.415     0.992969          428       142.22
    4028.415     0.993750          428       160.00
    4028.415     0.994531          428       182.86
    4028.415     0.995313          428       213.33
    4028.415     0.996094          428       256.00
    4028.415     0.996484          428       284.44
    4028.415     0.996875          428       320.00
    4028.415     0.997266          428       365.71
    4028.415     0.997656          428       426.67
    4030.463     0.998047          429       512.00
    4030.463     1.000000          429          inf
#[Mean    =     2814.150, StdDeviation   =      805.349]
#[Max     =     4028.416, Total count    =          429]
#[Buckets =           27, SubBuckets     =         2048]
-----------------------------------------------------------------------
  649 requests in 30.00s, 197.74KB read
Requests/sec:     21.63  
Transfer/sec:      6.59KB
