Running 30s test @ http://10.97.0.135/?loopCount=25&base=6&exp=6
  5 threads and 5 connections

  Thread calibration: mean lat.: 55.017ms, rate sampling interval: 219ms
  Thread calibration: mean lat.: 62.443ms, rate sampling interval: 229ms
  Thread calibration: mean lat.: 59.975ms, rate sampling interval: 221ms
  Thread calibration: mean lat.: 71.487ms, rate sampling interval: 233ms
  Thread calibration: mean lat.: 64.014ms, rate sampling interval: 228ms

-----------------------------------------------------------------------
Test Results @ http://10.97.0.135/?loopCount=25&base=6&exp=6 
  Thread Stats   Avg      Stdev     99%   +/- Stdev
    Latency    67.45ms   35.63ms 173.18ms   72.63%
    Req/Sec     9.58      2.74    13.00     91.36%
  Latency Distribution (HdrHistogram - Recorded Latency)
 50.000%   46.27ms
 75.000%  102.14ms
 90.000%  118.40ms
 99.000%  173.18ms
 99.900%  215.68ms
 99.990%  215.93ms
 99.999%  215.93ms
100.000%  215.93ms

  Detailed Percentile spectrum:
       Value   Percentile   TotalCount 1/(1-Percentile)

      22.687     0.000000            1         1.00
      40.671     0.100000          105         1.11
      41.279     0.200000          205         1.25
      42.143     0.300000          302         1.43
      43.487     0.400000          402         1.67
      46.271     0.500000          502         2.00
      50.239     0.550000          551         2.22
      56.415     0.600000          601         2.50
      70.143     0.650000          651         2.86
      76.287     0.700000          701         3.33
     102.143     0.750000          751         4.00
     109.823     0.775000          777         4.44
     110.527     0.800000          802         5.00
     111.807     0.825000          827         5.71
     113.471     0.850000          851         6.67
     116.351     0.875000          877         8.00
     117.695     0.887500          889         8.89
     118.399     0.900000          901        10.00
     119.615     0.912500          914        11.43
     120.831     0.925000          926        13.33
     126.271     0.937500          939        16.00
     127.103     0.943750          945        17.78
     127.743     0.950000          951        20.00
     129.471     0.956250          958        22.86
     131.199     0.962500          964        26.67
     133.375     0.968750          970        32.00
     135.807     0.971875          973        35.56
     137.471     0.975000          976        40.00
     142.719     0.978125          980        45.71
     146.047     0.981250          983        53.33
     151.423     0.984375          986        64.00
     152.703     0.985938          987        71.11
     156.543     0.987500          989        80.00
     173.183     0.989062          991        91.43
     173.951     0.990625          992       106.67
     211.455     0.992188          995       128.00
     211.455     0.992969          995       142.22
     211.455     0.993750          995       160.00
     211.839     0.994531          996       182.86
     211.967     0.995313          997       213.33
     213.503     0.996094          998       256.00
     213.503     0.996484          998       284.44
     213.503     0.996875          998       320.00
     214.911     0.997266          999       365.71
     214.911     0.997656          999       426.67
     215.679     0.998047         1000       512.00
     215.679     0.998242         1000       568.89
     215.679     0.998437         1000       640.00
     215.679     0.998633         1000       731.43
     215.679     0.998828         1000       853.33
     215.935     0.999023         1001      1024.00
     215.935     1.000000         1001          inf
#[Mean    =       67.455, StdDeviation   =       35.628]
#[Max     =      215.808, Total count    =         1001]
#[Buckets =           27, SubBuckets     =         2048]
-----------------------------------------------------------------------
  1493 requests in 30.00s, 455.17KB read
Requests/sec:     49.76  
Transfer/sec:     15.17KB
