Running 30s test @ http://10.100.160.80/?loopCount=25&base=6&exp=6
  5 threads and 5 connections

  Thread calibration: mean lat.: 88.190ms, rate sampling interval: 353ms
  Thread calibration: mean lat.: 79.156ms, rate sampling interval: 246ms
  Thread calibration: mean lat.: 72.047ms, rate sampling interval: 218ms
  Thread calibration: mean lat.: 78.713ms, rate sampling interval: 239ms
  Thread calibration: mean lat.: 72.561ms, rate sampling interval: 233ms

-----------------------------------------------------------------------
Test Results @ http://10.100.160.80/?loopCount=25&base=6&exp=6 
  Thread Stats   Avg      Stdev     99%   +/- Stdev
    Latency    78.58ms   43.64ms 195.71ms   87.72%
    Req/Sec     9.62      2.79    17.00     86.87%
  Latency Distribution (HdrHistogram - Recorded Latency)
 50.000%   67.84ms
 75.000%  101.95ms
 90.000%  126.21ms
 99.000%  195.71ms
 99.900%  278.02ms
 99.990%  285.95ms
 99.999%  285.95ms
100.000%  285.95ms

  Detailed Percentile spectrum:
       Value   Percentile   TotalCount 1/(1-Percentile)

      23.199     0.000000            1         1.00
      40.895     0.100000          105         1.11
      41.343     0.200000          201         1.25
      41.887     0.300000          303         1.43
      43.167     0.400000          402         1.67
      67.839     0.500000          501         2.00
      85.055     0.550000          552         2.22
      91.263     0.600000          602         2.50
      93.951     0.650000          652         2.86
      97.599     0.700000          703         3.33
     101.951     0.750000          756         4.00
     102.719     0.775000          777         4.44
     106.751     0.800000          802         5.00
     108.863     0.825000          827         5.71
     112.255     0.850000          853         6.67
     116.735     0.875000          877         8.00
     120.703     0.887500          890         8.89
     126.207     0.900000          902        10.00
     134.655     0.912500          915        11.43
     174.591     0.925000          927        13.33
     175.871     0.937500          940        16.00
     177.279     0.943750          946        17.78
     178.303     0.950000          952        20.00
     180.735     0.956250          959        22.86
     183.295     0.962500          965        26.67
     185.087     0.968750          971        32.00
     189.055     0.971875          974        35.56
     189.823     0.975000          977        40.00
     191.487     0.978125          981        45.71
     191.999     0.981250          985        53.33
     192.639     0.984375          987        64.00
     192.895     0.985938          988        71.11
     194.303     0.987500          990        80.00
     195.711     0.989062          992        91.43
     197.503     0.990625          993       106.67
     201.343     0.992188          995       128.00
     201.343     0.992969          995       142.22
     202.495     0.993750          996       160.00
     202.751     0.994531          997       182.86
     204.415     0.995313          998       213.33
     217.983     0.996094          999       256.00
     217.983     0.996484          999       284.44
     217.983     0.996875          999       320.00
     226.431     0.997266         1000       365.71
     226.431     0.997656         1000       426.67
     278.015     0.998047         1001       512.00
     278.015     0.998242         1001       568.89
     278.015     0.998437         1001       640.00
     278.015     0.998633         1001       731.43
     278.015     0.998828         1001       853.33
     285.951     0.999023         1002      1024.00
     285.951     1.000000         1002          inf
#[Mean    =       78.577, StdDeviation   =       43.643]
#[Max     =      285.696, Total count    =         1002]
#[Buckets =           27, SubBuckets     =         2048]
-----------------------------------------------------------------------
  1493 requests in 30.00s, 455.13KB read
Requests/sec:     49.76  
Transfer/sec:     15.17KB
