Running 30s test @ http://10.100.212.137/?loopCount=25&base=6&exp=6
  5 threads and 5 connections

  Thread calibration: mean lat.: 1919.636ms, rate sampling interval: 7245ms
  Thread calibration: mean lat.: 2359.875ms, rate sampling interval: 8024ms
  Thread calibration: mean lat.: 1913.622ms, rate sampling interval: 6537ms
  Thread calibration: mean lat.: 1752.506ms, rate sampling interval: 6799ms
  Thread calibration: mean lat.: 1710.257ms, rate sampling interval: 6090ms

-----------------------------------------------------------------------
Test Results @ http://10.100.212.137/?loopCount=25&base=6&exp=6 
  Thread Stats   Avg      Stdev     99%   +/- Stdev
    Latency     7.66s     2.16s   11.39s    58.74%
    Req/Sec     8.83      0.69    10.00    100.00%
  Latency Distribution (HdrHistogram - Recorded Latency)
 50.000%    7.68s 
 75.000%    9.51s 
 90.000%   10.63s 
 99.000%   11.39s 
 99.900%   11.53s 
 99.990%   11.56s 
 99.999%   11.56s 
100.000%   11.56s 

  Detailed Percentile spectrum:
       Value   Percentile   TotalCount 1/(1-Percentile)

    3336.191     0.000000            1         1.00
    4579.327     0.100000           95         1.11
    5468.159     0.200000          188         1.25
    6352.895     0.300000          282         1.43
    6987.775     0.400000          376         1.67
    7684.095     0.500000          469         2.00
    8015.871     0.550000          516         2.22
    8306.687     0.600000          563         2.50
    8724.479     0.650000          610         2.86
    9109.503     0.700000          658         3.33
    9510.911     0.750000          705         4.00
    9699.327     0.775000          727         4.44
    9854.975     0.800000          751         5.00
   10149.887     0.825000          774         5.71
   10280.959     0.850000          798         6.67
   10428.415     0.875000          822         8.00
   10559.487     0.887500          833         8.89
   10633.215     0.900000          845        10.00
   10715.135     0.912500          857        11.43
   10805.247     0.925000          869        13.33
   10862.591     0.937500          883        16.00
   10903.551     0.943750          886        17.78
   10960.895     0.950000          892        20.00
   11010.047     0.956250          897        22.86
   11059.199     0.962500          903        26.67
   11157.503     0.968750          909        32.00
   11182.079     0.971875          913        35.56
   11214.847     0.975000          916        40.00
   11247.615     0.978125          919        45.71
   11272.191     0.981250          921        53.33
   11304.959     0.984375          924        64.00
   11321.343     0.985938          925        71.11
   11354.111     0.987500          928        80.00
   11354.111     0.989062          928        91.43
   11395.071     0.990625          930       106.67
   11411.455     0.992188          931       128.00
   11419.647     0.992969          933       142.22
   11419.647     0.993750          933       160.00
   11419.647     0.994531          933       182.86
   11460.607     0.995313          934       213.33
   11501.567     0.996094          935       256.00
   11501.567     0.996484          935       284.44
   11509.759     0.996875          936       320.00
   11509.759     0.997266          936       365.71
   11509.759     0.997656          936       426.67
   11534.335     0.998047          937       512.00
   11534.335     0.998242          937       568.89
   11534.335     0.998437          937       640.00
   11534.335     0.998633          937       731.43
   11534.335     0.998828          937       853.33
   11558.911     0.999023          938      1024.00
   11558.911     1.000000          938          inf
#[Mean    =     7662.565, StdDeviation   =     2156.275]
#[Max     =    11550.720, Total count    =          938]
#[Buckets =           27, SubBuckets     =         2048]
-----------------------------------------------------------------------
  1399 requests in 30.00s, 426.92KB read
Requests/sec:     46.63  
Transfer/sec:     14.23KB
