Running 30s test @ http://10.102.190.143/?loopCount=25&base=6&exp=6
  1 threads and 1 connections

  Thread calibration: mean lat.: 75.302ms, rate sampling interval: 182ms

-----------------------------------------------------------------------
Test Results @ http://10.102.190.143/?loopCount=25&base=6&exp=6 
  Thread Stats   Avg      Stdev     99%   +/- Stdev
    Latency   137.42ms   18.42ms 168.83ms   63.25%
    Req/Sec    24.40      3.00    32.00     98.17%
  Latency Distribution (HdrHistogram - Recorded Latency)
 50.000%  138.24ms
 75.000%  152.70ms
 90.000%  161.02ms
 99.000%  168.83ms
 99.900%  169.98ms
 99.990%  169.98ms
 99.999%  169.98ms
100.000%  169.98ms

  Detailed Percentile spectrum:
       Value   Percentile   TotalCount 1/(1-Percentile)

      91.199     0.000000            1         1.00
     111.871     0.100000           50         1.11
     120.767     0.200000          100         1.25
     127.039     0.300000          150         1.43
     132.095     0.400000          200         1.67
     138.239     0.500000          250         2.00
     141.695     0.550000          275         2.22
     144.895     0.600000          299         2.50
     146.943     0.650000          324         2.86
     150.015     0.700000          349         3.33
     152.703     0.750000          374         4.00
     153.983     0.775000          386         4.44
     155.519     0.800000          402         5.00
     156.415     0.825000          411         5.71
     158.207     0.850000          426         6.67
     159.743     0.875000          436         8.00
     160.255     0.887500          442         8.89
     161.151     0.900000          449        10.00
     161.919     0.912500          455        11.43
     163.199     0.925000          461        13.33
     163.967     0.937500          468        16.00
     164.223     0.943750          471        17.78
     165.119     0.950000          475        20.00
     165.247     0.956250          477        22.86
     165.887     0.962500          480        26.67
     166.271     0.968750          484        32.00
     166.271     0.971875          484        35.56
     166.783     0.975000          487        40.00
     167.039     0.978125          488        45.71
     167.423     0.981250          489        53.33
     168.191     0.984375          491        64.00
     168.191     0.985938          491        71.11
     168.447     0.987500          492        80.00
     168.831     0.989062          493        91.43
     168.959     0.990625          494       106.67
     169.215     0.992188          495       128.00
     169.215     0.992969          495       142.22
     169.215     0.993750          495       160.00
     169.343     0.994531          496       182.86
     169.343     0.995313          496       213.33
     169.983     0.996094          498       256.00
     169.983     1.000000          498          inf
#[Mean    =      137.416, StdDeviation   =       18.417]
#[Max     =      169.856, Total count    =          498]
#[Buckets =           27, SubBuckets     =         2048]
-----------------------------------------------------------------------
  745 requests in 30.00s, 226.99KB read
Requests/sec:     24.83  
Transfer/sec:      7.57KB
