Running 30s test @ http://10.96.45.112/?loopCount=25&base=6&exp=6
  5 threads and 5 connections

  Thread calibration: mean lat.: 2186.454ms, rate sampling interval: 8228ms
  Thread calibration: mean lat.: 1765.091ms, rate sampling interval: 6156ms
  Thread calibration: mean lat.: 1750.189ms, rate sampling interval: 6402ms
  Thread calibration: mean lat.: 1919.528ms, rate sampling interval: 7512ms
  Thread calibration: mean lat.: 1690.061ms, rate sampling interval: 6094ms

-----------------------------------------------------------------------
Test Results @ http://10.96.45.112/?loopCount=25&base=6&exp=6 
  Thread Stats   Avg      Stdev     99%   +/- Stdev
    Latency     7.70s     2.30s   11.98s    59.57%
    Req/Sec     8.69      0.72    10.00    100.00%
  Latency Distribution (HdrHistogram - Recorded Latency)
 50.000%    7.64s 
 75.000%    9.54s 
 90.000%   10.89s 
 99.000%   11.98s 
 99.900%   12.12s 
 99.990%   12.12s 
 99.999%   12.12s 
100.000%   12.12s 

  Detailed Percentile spectrum:
       Value   Percentile   TotalCount 1/(1-Percentile)

    3469.311     0.000000            1         1.00
    4567.039     0.100000           93         1.11
    5308.415     0.200000          185         1.25
    6184.959     0.300000          278         1.43
    6914.047     0.400000          371         1.67
    7639.039     0.500000          463         2.00
    8040.447     0.550000          509         2.22
    8380.415     0.600000          556         2.50
    8904.703     0.650000          602         2.86
    9150.463     0.700000          648         3.33
    9543.679     0.750000          695         4.00
    9748.479     0.775000          717         4.44
    9945.087     0.800000          740         5.00
   10158.079     0.825000          764         5.71
   10387.455     0.850000          787         6.67
   10633.215     0.875000          811         8.00
   10780.671     0.887500          821         8.89
   10887.167     0.900000          833        10.00
   11010.047     0.912500          846        11.43
   11173.887     0.925000          856        13.33
   11313.151     0.937500          868        16.00
   11354.111     0.943750          873        17.78
   11501.567     0.950000          880        20.00
   11534.335     0.956250          886        22.86
   11649.023     0.962500          892        26.67
   11681.791     0.968750          897        32.00
   11755.519     0.971875          899        35.56
   11821.055     0.975000          902        40.00
   11919.359     0.978125          908        45.71
   11919.359     0.981250          908        53.33
   11935.743     0.984375          911        64.00
   11943.935     0.985938          912        71.11
   11968.511     0.987500          914        80.00
   11984.895     0.989062          916        91.43
   12001.279     0.990625          917       106.67
   12009.471     0.992188          919       128.00
   12009.471     0.992969          919       142.22
   12042.239     0.993750          921       160.00
   12042.239     0.994531          921       182.86
   12042.239     0.995313          921       213.33
   12050.431     0.996094          922       256.00
   12050.431     0.996484          922       284.44
   12091.391     0.996875          923       320.00
   12091.391     0.997266          923       365.71
   12091.391     0.997656          923       426.67
   12115.967     0.998047          924       512.00
   12115.967     0.998242          924       568.89
   12115.967     0.998437          924       640.00
   12115.967     0.998633          924       731.43
   12115.967     0.998828          924       853.33
   12124.159     0.999023          925      1024.00
   12124.159     1.000000          925          inf
#[Mean    =     7698.297, StdDeviation   =     2298.529]
#[Max     =    12115.968, Total count    =          925]
#[Buckets =           27, SubBuckets     =         2048]
-----------------------------------------------------------------------
  1390 requests in 30.00s, 424.19KB read
Requests/sec:     46.33  
Transfer/sec:     14.14KB
