Running 30s test @ http://10.98.78.13/?loopCount=25&base=6&exp=6
  5 threads and 5 connections

  Thread calibration: mean lat.: 127.265ms, rate sampling interval: 414ms
  Thread calibration: mean lat.: 122.684ms, rate sampling interval: 391ms
  Thread calibration: mean lat.: 102.739ms, rate sampling interval: 370ms
  Thread calibration: mean lat.: 242.152ms, rate sampling interval: 970ms
  Thread calibration: mean lat.: 127.760ms, rate sampling interval: 454ms

-----------------------------------------------------------------------
Test Results @ http://10.98.78.13/?loopCount=25&base=6&exp=6 
  Thread Stats   Avg      Stdev     99%   +/- Stdev
    Latency   136.59ms   84.18ms 383.74ms   62.70%
    Req/Sec     9.55      2.65    17.00     87.10%
  Latency Distribution (HdrHistogram - Recorded Latency)
 50.000%  122.69ms
 75.000%  185.60ms
 90.000%  273.41ms
 99.000%  383.74ms
 99.900%  400.89ms
 99.990%  404.22ms
 99.999%  404.22ms
100.000%  404.22ms

  Detailed Percentile spectrum:
       Value   Percentile   TotalCount 1/(1-Percentile)

      22.447     0.000000            1         1.00
      40.991     0.100000          103         1.11
      42.559     0.200000          200         1.25
      69.183     0.300000          300         1.43
     102.527     0.400000          400         1.67
     122.687     0.500000          500         2.00
     131.711     0.550000          551         2.22
     164.863     0.600000          600         2.50
     177.535     0.650000          650         2.86
     181.631     0.700000          702         3.33
     185.599     0.750000          751         4.00
     189.183     0.775000          775         4.44
     193.535     0.800000          800         5.00
     197.631     0.825000          825         5.71
     214.399     0.850000          850         6.67
     225.279     0.875000          875         8.00
     236.799     0.887500          888         8.89
     273.407     0.900000          900        10.00
     277.503     0.912500          913        11.43
     281.087     0.925000          925        13.33
     284.927     0.937500          938        16.00
     286.463     0.943750          944        17.78
     289.535     0.950000          950        20.00
     295.167     0.956250          957        22.86
     299.775     0.962500          963        26.67
     316.927     0.968750          969        32.00
     320.767     0.971875          972        35.56
     327.679     0.975000          975        40.00
     342.527     0.978125          979        45.71
     374.271     0.981250          982        53.33
     377.087     0.984375          985        64.00
     377.855     0.985938          987        71.11
     380.415     0.987500          988        80.00
     383.743     0.989062          990        91.43
     386.815     0.990625          991       106.67
     387.839     0.992188          994       128.00
     387.839     0.992969          994       142.22
     387.839     0.993750          994       160.00
     390.399     0.994531          995       182.86
     392.191     0.995313          996       213.33
     394.239     0.996094          997       256.00
     394.239     0.996484          997       284.44
     394.239     0.996875          997       320.00
     399.871     0.997266          998       365.71
     399.871     0.997656          998       426.67
     400.895     0.998047          999       512.00
     400.895     0.998242          999       568.89
     400.895     0.998437          999       640.00
     400.895     0.998633          999       731.43
     400.895     0.998828          999       853.33
     404.223     0.999023         1000      1024.00
     404.223     1.000000         1000          inf
#[Mean    =      136.590, StdDeviation   =       84.180]
#[Max     =      403.968, Total count    =         1000]
#[Buckets =           27, SubBuckets     =         2048]
-----------------------------------------------------------------------
  1491 requests in 30.00s, 454.75KB read
Requests/sec:     49.69  
Transfer/sec:     15.16KB
