Running 30s test @ http://10.105.182.6/?loopCount=25&base=6&exp=6
  5 threads and 5 connections

  Thread calibration: mean lat.: 88.818ms, rate sampling interval: 348ms
  Thread calibration: mean lat.: 85.460ms, rate sampling interval: 342ms
  Thread calibration: mean lat.: 75.578ms, rate sampling interval: 257ms
  Thread calibration: mean lat.: 84.269ms, rate sampling interval: 343ms
  Thread calibration: mean lat.: 108.870ms, rate sampling interval: 386ms

-----------------------------------------------------------------------
Test Results @ http://10.105.182.6/?loopCount=25&base=6&exp=6 
  Thread Stats   Avg      Stdev     99%   +/- Stdev
    Latency    86.47ms   50.85ms 268.54ms   84.10%
    Req/Sec     9.32      2.56    15.00     85.38%
  Latency Distribution (HdrHistogram - Recorded Latency)
 50.000%   85.82ms
 75.000%  104.25ms
 90.000%  171.39ms
 99.000%  268.54ms
 99.900%  287.49ms
 99.990%  297.73ms
 99.999%  297.73ms
100.000%  297.73ms

  Detailed Percentile spectrum:
       Value   Percentile   TotalCount 1/(1-Percentile)

      24.671     0.000000            1         1.00
      40.927     0.100000          106         1.11
      41.567     0.200000          205         1.25
      42.431     0.300000          302         1.43
      47.135     0.400000          400         1.67
      85.823     0.500000          500         2.00
      89.599     0.550000          550         2.22
      94.079     0.600000          602         2.50
      96.255     0.650000          650         2.86
     101.951     0.700000          703         3.33
     104.255     0.750000          752         4.00
     106.879     0.775000          775         4.44
     111.103     0.800000          800         5.00
     117.375     0.825000          825         5.71
     133.631     0.850000          850         6.67
     168.959     0.875000          876         8.00
     170.367     0.887500          890         8.89
     171.391     0.900000          900        10.00
     174.719     0.912500          913        11.43
     176.639     0.925000          925        13.33
     178.815     0.937500          938        16.00
     179.967     0.943750          944        17.78
     182.911     0.950000          950        20.00
     185.855     0.956250          957        22.86
     188.287     0.962500          963        26.67
     193.663     0.968750          970        32.00
     195.327     0.971875          972        35.56
     196.863     0.975000          975        40.00
     203.263     0.978125          979        45.71
     208.383     0.981250          982        53.33
     213.887     0.984375          985        64.00
     220.927     0.985938          986        71.11
     237.823     0.987500          988        80.00
     268.543     0.989062          990        91.43
     268.799     0.990625          991       106.67
     270.335     0.992188          993       128.00
     270.335     0.992969          993       142.22
     271.615     0.993750          994       160.00
     272.127     0.994531          995       182.86
     273.407     0.995313          996       213.33
     273.919     0.996094          997       256.00
     273.919     0.996484          997       284.44
     273.919     0.996875          997       320.00
     280.063     0.997266          998       365.71
     280.063     0.997656          998       426.67
     287.487     0.998047          999       512.00
     287.487     0.998242          999       568.89
     287.487     0.998437          999       640.00
     287.487     0.998633          999       731.43
     287.487     0.998828          999       853.33
     297.727     0.999023         1000      1024.00
     297.727     1.000000         1000          inf
#[Mean    =       86.467, StdDeviation   =       50.848]
#[Max     =      297.472, Total count    =         1000]
#[Buckets =           27, SubBuckets     =         2048]
-----------------------------------------------------------------------
  1495 requests in 30.00s, 455.77KB read
Requests/sec:     49.83  
Transfer/sec:     15.19KB
