Running 30s test @ http://10.100.238.229/?loopCount=25&base=6&exp=6
  5 threads and 5 connections

  Thread calibration: mean lat.: 157.918ms, rate sampling interval: 598ms
  Thread calibration: mean lat.: 150.419ms, rate sampling interval: 498ms
  Thread calibration: mean lat.: 149.173ms, rate sampling interval: 786ms
  Thread calibration: mean lat.: 160.224ms, rate sampling interval: 545ms
  Thread calibration: mean lat.: 174.424ms, rate sampling interval: 823ms

-----------------------------------------------------------------------
Test Results @ http://10.100.238.229/?loopCount=25&base=6&exp=6 
  Thread Stats   Avg      Stdev     99%   +/- Stdev
    Latency   438.48ms  295.24ms   1.12s    59.17%
    Req/Sec    14.59      3.13    22.00     81.65%
  Latency Distribution (HdrHistogram - Recorded Latency)
 50.000%  412.42ms
 75.000%  677.38ms
 90.000%  842.24ms
 99.000%    1.12s 
 99.900%    1.23s 
 99.990%    1.26s 
 99.999%    1.26s 
100.000%    1.26s 

  Detailed Percentile spectrum:
       Value   Percentile   TotalCount 1/(1-Percentile)

      21.711     0.000000            1         1.00
      75.839     0.100000          150         1.11
     131.199     0.200000          299         1.25
     200.447     0.300000          449         1.43
     293.631     0.400000          598         1.67
     412.415     0.500000          747         2.00
     466.431     0.550000          822         2.22
     520.959     0.600000          897         2.50
     571.391     0.650000          972         2.86
     623.615     0.700000         1046         3.33
     677.375     0.750000         1121         4.00
     700.415     0.775000         1159         4.44
     725.503     0.800000         1196         5.00
     749.567     0.825000         1234         5.71
     781.823     0.850000         1270         6.67
     807.935     0.875000         1309         8.00
     826.367     0.887500         1326         8.89
     842.239     0.900000         1345        10.00
     861.695     0.912500         1364        11.43
     889.855     0.925000         1382        13.33
     924.671     0.937500         1401        16.00
     932.351     0.943750         1410        17.78
     950.783     0.950000         1420        20.00
     959.487     0.956250         1429        22.86
     974.847     0.962500         1438        26.67
     998.911     0.968750         1448        32.00
    1006.079     0.971875         1452        35.56
    1026.559     0.975000         1457        40.00
    1042.431     0.978125         1462        45.71
    1055.743     0.981250         1466        53.33
    1067.007     0.984375         1471        64.00
    1082.367     0.985938         1473        71.11
    1093.631     0.987500         1476        80.00
    1103.871     0.989062         1478        91.43
    1127.423     0.990625         1481       106.67
    1151.999     0.992188         1483       128.00
    1172.479     0.992969         1484       142.22
    1177.599     0.993750         1485       160.00
    1188.863     0.994531         1486       182.86
    1191.935     0.995313         1487       213.33
    1203.199     0.996094         1490       256.00
    1203.199     0.996484         1490       284.44
    1203.199     0.996875         1490       320.00
    1203.199     0.997266         1490       365.71
    1226.751     0.997656         1491       426.67
    1230.847     0.998047         1493       512.00
    1230.847     0.998242         1493       568.89
    1230.847     0.998437         1493       640.00
    1230.847     0.998633         1493       731.43
    1230.847     0.998828         1493       853.33
    1230.847     0.999023         1493      1024.00
    1230.847     0.999121         1493      1137.78
    1230.847     0.999219         1493      1280.00
    1230.847     0.999316         1493      1462.86
    1255.423     0.999414         1494      1706.67
    1255.423     1.000000         1494          inf
#[Mean    =      438.483, StdDeviation   =      295.235]
#[Max     =     1254.400, Total count    =         1494]
#[Buckets =           27, SubBuckets     =         2048]
-----------------------------------------------------------------------
  2217 requests in 30.00s, 675.83KB read
Requests/sec:     73.89  
Transfer/sec:     22.53KB
