Running 30s test @ http://10.102.162.84/?loopCount=25&base=6&exp=6
  5 threads and 5 connections

  Thread calibration: mean lat.: 1810.926ms, rate sampling interval: 6508ms
  Thread calibration: mean lat.: 1647.449ms, rate sampling interval: 6246ms
  Thread calibration: mean lat.: 2073.526ms, rate sampling interval: 7348ms
  Thread calibration: mean lat.: 1938.152ms, rate sampling interval: 7434ms
  Thread calibration: mean lat.: 1905.334ms, rate sampling interval: 6950ms

-----------------------------------------------------------------------
Test Results @ http://10.102.162.84/?loopCount=25&base=6&exp=6 
  Thread Stats   Avg      Stdev     99%   +/- Stdev
    Latency     7.71s     2.28s   11.85s    59.43%
    Req/Sec     8.67      0.62    10.00    100.00%
  Latency Distribution (HdrHistogram - Recorded Latency)
 50.000%    7.73s 
 75.000%    9.55s 
 90.000%   10.95s 
 99.000%   11.85s 
 99.900%   12.01s 
 99.990%   12.01s 
 99.999%   12.01s 
100.000%   12.01s 

  Detailed Percentile spectrum:
       Value   Percentile   TotalCount 1/(1-Percentile)

    3348.479     0.000000            1         1.00
    4538.367     0.100000           93         1.11
    5419.007     0.200000          184         1.25
    6262.783     0.300000          276         1.43
    6955.007     0.400000          367         1.67
    7725.055     0.500000          459         2.00
    8056.831     0.550000          505         2.22
    8351.743     0.600000          553         2.50
    8699.903     0.650000          597         2.86
    9142.271     0.700000          642         3.33
    9551.871     0.750000          688         4.00
    9822.207     0.775000          711         4.44
   10084.351     0.800000          734         5.00
   10272.767     0.825000          758         5.71
   10469.375     0.850000          781         6.67
   10682.367     0.875000          803         8.00
   10797.055     0.887500          815         8.89
   10960.895     0.900000          826        10.00
   11108.351     0.912500          837        11.43
   11190.271     0.925000          849        13.33
   11304.959     0.937500          863        16.00
   11337.727     0.943750          866        17.78
   11403.263     0.950000          874        20.00
   11419.647     0.956250          877        22.86
   11493.375     0.962500          884        26.67
   11542.527     0.968750          889        32.00
   11616.255     0.971875          892        35.56
   11640.831     0.975000          895        40.00
   11673.599     0.978125          897        45.71
   11698.175     0.981250          900        53.33
   11763.711     0.984375          903        64.00
   11812.863     0.985938          905        71.11
   11837.439     0.987500          906        80.00
   11845.631     0.989062          907        91.43
   11870.207     0.990625          909       106.67
   11878.399     0.992188          910       128.00
   11886.591     0.992969          911       142.22
   11952.127     0.993750          912       160.00
   11952.127     0.994531          912       182.86
   11960.319     0.995313          913       213.33
   11968.511     0.996094          914       256.00
   11968.511     0.996484          914       284.44
   11984.895     0.996875          915       320.00
   11984.895     0.997266          915       365.71
   11984.895     0.997656          915       426.67
   12009.471     0.998047          917       512.00
   12009.471     1.000000          917          inf
#[Mean    =     7707.451, StdDeviation   =     2283.320]
#[Max     =    12001.280, Total count    =          917]
#[Buckets =           27, SubBuckets     =         2048]
-----------------------------------------------------------------------
  1381 requests in 30.00s, 421.45KB read
Requests/sec:     46.03  
Transfer/sec:     14.05KB
