Running 30s test @ http://10.105.171.73/?loopCount=25&base=6&exp=6
  5 threads and 5 connections

  Thread calibration: mean lat.: 526.979ms, rate sampling interval: 1454ms
  Thread calibration: mean lat.: 773.859ms, rate sampling interval: 2146ms
  Thread calibration: mean lat.: 394.002ms, rate sampling interval: 1102ms
  Thread calibration: mean lat.: 868.426ms, rate sampling interval: 3475ms
  Thread calibration: mean lat.: 768.805ms, rate sampling interval: 2369ms

-----------------------------------------------------------------------
Test Results @ http://10.105.171.73/?loopCount=25&base=6&exp=6 
  Thread Stats   Avg      Stdev     99%   +/- Stdev
    Latency     2.34s   872.99ms   4.74s    71.56%
    Req/Sec    12.38      2.07    16.00     81.13%
  Latency Distribution (HdrHistogram - Recorded Latency)
 50.000%    2.17s 
 75.000%    2.92s 
 90.000%    3.63s 
 99.000%    4.74s 
 99.900%    4.96s 
 99.990%    4.99s 
 99.999%    4.99s 
100.000%    4.99s 

  Detailed Percentile spectrum:
       Value   Percentile   TotalCount 1/(1-Percentile)

     421.375     0.000000            1         1.00
    1347.583     0.100000          131         1.11
    1697.791     0.200000          261         1.25
    1933.311     0.300000          391         1.43
    2093.055     0.400000          521         1.67
    2170.879     0.500000          651         2.00
    2209.791     0.550000          716         2.22
    2263.039     0.600000          781         2.50
    2428.927     0.650000          847         2.86
    2664.447     0.700000          911         3.33
    2918.399     0.750000          977         4.00
    2977.791     0.775000         1009         4.44
    3033.087     0.800000         1042         5.00
    3106.815     0.825000         1074         5.71
    3207.167     0.850000         1106         6.67
    3416.063     0.875000         1139         8.00
    3522.559     0.887500         1155         8.89
    3629.055     0.900000         1171        10.00
    3729.407     0.912500         1188        11.43
    3815.423     0.925000         1204        13.33
    3930.111     0.937500         1220        16.00
    3964.927     0.943750         1228        17.78
    4001.791     0.950000         1236        20.00
    4044.799     0.956250         1245        22.86
    4308.991     0.962500         1254        26.67
    4386.815     0.968750         1261        32.00
    4419.583     0.971875         1266        35.56
    4448.255     0.975000         1270        40.00
    4493.311     0.978125         1273        45.71
    4648.959     0.981250         1277        53.33
    4689.919     0.984375         1281        64.00
    4714.495     0.985938         1286        71.11
    4714.495     0.987500         1286        80.00
    4734.975     0.989062         1287        91.43
    4767.743     0.990625         1289       106.67
    4788.223     0.992188         1291       128.00
    4792.319     0.992969         1292       142.22
    4816.895     0.993750         1294       160.00
    4816.895     0.994531         1294       182.86
    4825.087     0.995313         1295       213.33
    4874.239     0.996094         1296       256.00
    4898.815     0.996484         1297       284.44
    4898.815     0.996875         1297       320.00
    4931.583     0.997266         1298       365.71
    4931.583     0.997656         1298       426.67
    4956.159     0.998047         1299       512.00
    4956.159     0.998242         1299       568.89
    4956.159     0.998437         1299       640.00
    4960.255     0.998633         1300       731.43
    4960.255     0.998828         1300       853.33
    4960.255     0.999023         1300      1024.00
    4960.255     0.999121         1300      1137.78
    4960.255     0.999219         1300      1280.00
    4988.927     0.999316         1301      1462.86
    4988.927     1.000000         1301          inf
#[Mean    =     2342.368, StdDeviation   =      872.993]
#[Max     =     4984.832, Total count    =         1301]
#[Buckets =           27, SubBuckets     =         2048]
-----------------------------------------------------------------------
  1967 requests in 30.00s, 599.90KB read
Requests/sec:     65.56  
Transfer/sec:     19.99KB
