Running 30s test @ http://10.97.105.44/?loopCount=25&base=6&exp=6
  5 threads and 5 connections

  Thread calibration: mean lat.: 1289.390ms, rate sampling interval: 4726ms
  Thread calibration: mean lat.: 1560.622ms, rate sampling interval: 5865ms
  Thread calibration: mean lat.: 1443.252ms, rate sampling interval: 5427ms
  Thread calibration: mean lat.: 1104.098ms, rate sampling interval: 4255ms
  Thread calibration: mean lat.: 1545.641ms, rate sampling interval: 5402ms

-----------------------------------------------------------------------
Test Results @ http://10.97.105.44/?loopCount=25&base=6&exp=6 
  Thread Stats   Avg      Stdev     99%   +/- Stdev
    Latency     6.19s     1.83s    9.69s    57.97%
    Req/Sec     9.71      0.82    11.00    100.00%
  Latency Distribution (HdrHistogram - Recorded Latency)
 50.000%    6.21s 
 75.000%    7.73s 
 90.000%    8.63s 
 99.000%    9.69s 
 99.900%    9.76s 
 99.990%    9.76s 
 99.999%    9.76s 
100.000%    9.76s 

  Detailed Percentile spectrum:
       Value   Percentile   TotalCount 1/(1-Percentile)

    2473.983     0.000000            1         1.00
    3653.631     0.100000          104         1.11
    4255.743     0.200000          205         1.25
    5038.079     0.300000          308         1.43
    5701.631     0.400000          412         1.67
    6205.439     0.500000          512         2.00
    6459.391     0.550000          563         2.22
    6762.495     0.600000          615         2.50
    7122.943     0.650000          665         2.86
    7409.663     0.700000          717         3.33
    7729.151     0.750000          768         4.00
    7929.855     0.775000          794         4.44
    8056.831     0.800000          819         5.00
    8257.535     0.825000          845         5.71
    8355.839     0.850000          874         6.67
    8519.679     0.875000          897         8.00
    8568.831     0.887500          911         8.89
    8634.367     0.900000          921        10.00
    8691.711     0.912500          934        11.43
    8757.247     0.925000          948        13.33
    8847.359     0.937500          960        16.00
    8921.087     0.943750          966        17.78
    9003.007     0.950000          972        20.00
    9093.119     0.956250          979        22.86
    9142.271     0.962500          986        26.67
    9199.615     0.968750          992        32.00
    9215.999     0.971875          995        35.56
    9289.727     0.975000          998        40.00
    9347.071     0.978125         1001        45.71
    9396.223     0.981250         1004        53.33
    9469.951     0.984375         1009        64.00
    9469.951     0.985938         1009        71.11
    9486.335     0.987500         1012        80.00
    9486.335     0.989062         1012        91.43
    9699.327     0.990625         1014       106.67
    9723.903     0.992188         1016       128.00
    9723.903     0.992969         1016       142.22
    9732.095     0.993750         1018       160.00
    9732.095     0.994531         1018       182.86
    9740.287     0.995313         1020       213.33
    9740.287     0.996094         1020       256.00
    9740.287     0.996484         1020       284.44
    9740.287     0.996875         1020       320.00
    9748.479     0.997266         1021       365.71
    9748.479     0.997656         1021       426.67
    9756.671     0.998047         1023       512.00
    9756.671     1.000000         1023          inf
#[Mean    =     6188.190, StdDeviation   =     1830.590]
#[Max     =     9748.480, Total count    =         1023]
#[Buckets =           27, SubBuckets     =         2048]
-----------------------------------------------------------------------
  1551 requests in 30.00s, 473.14KB read
Requests/sec:     51.69  
Transfer/sec:     15.77KB
