Running 30s test @ http://10.100.168.19/?loopCount=25&base=6&exp=6
  5 threads and 5 connections

  Thread calibration: mean lat.: 1914.370ms, rate sampling interval: 6451ms
  Thread calibration: mean lat.: 1920.742ms, rate sampling interval: 7045ms
  Thread calibration: mean lat.: 1941.027ms, rate sampling interval: 7413ms
  Thread calibration: mean lat.: 1651.519ms, rate sampling interval: 5779ms
  Thread calibration: mean lat.: 1782.257ms, rate sampling interval: 6598ms

-----------------------------------------------------------------------
Test Results @ http://10.100.168.19/?loopCount=25&base=6&exp=6 
  Thread Stats   Avg      Stdev     99%   +/- Stdev
    Latency     7.62s     2.23s   11.76s    58.70%
    Req/Sec     8.46      0.84    10.00    100.00%
  Latency Distribution (HdrHistogram - Recorded Latency)
 50.000%    7.63s 
 75.000%    9.54s 
 90.000%   10.60s 
 99.000%   11.76s 
 99.900%   12.06s 
 99.990%   12.17s 
 99.999%   12.17s 
100.000%   12.17s 

  Detailed Percentile spectrum:
       Value   Percentile   TotalCount 1/(1-Percentile)

    3229.695     0.000000            1         1.00
    4509.695     0.100000           91         1.11
    5300.223     0.200000          182         1.25
    6164.479     0.300000          273         1.43
    6942.719     0.400000          364         1.67
    7634.943     0.500000          454         2.00
    8105.983     0.550000          501         2.22
    8306.687     0.600000          545         2.50
    8699.903     0.650000          591         2.86
    9068.543     0.700000          638         3.33
    9535.487     0.750000          682         4.00
    9691.135     0.775000          704         4.44
    9871.359     0.800000          727         5.00
   10067.967     0.825000          750         5.71
   10223.615     0.850000          773         6.67
   10428.415     0.875000          796         8.00
   10485.759     0.887500          806         8.89
   10633.215     0.900000          818        10.00
   10731.519     0.912500          829        11.43
   10829.823     0.925000          841        13.33
   10985.471     0.937500          852        16.00
   11059.199     0.943750          857        17.78
   11141.119     0.950000          863        20.00
   11214.847     0.956250          870        22.86
   11272.191     0.962500          874        26.67
   11378.687     0.968750          880        32.00
   11395.071     0.971875          883        35.56
   11468.799     0.975000          888        40.00
   11501.567     0.978125          889        45.71
   11599.871     0.981250          891        53.33
   11649.023     0.984375          894        64.00
   11689.983     0.985938          896        71.11
   11722.751     0.987500          897        80.00
   11755.519     0.989062          899        91.43
   11763.711     0.990625          900       106.67
   11796.479     0.992188          901       128.00
   11829.247     0.992969          902       142.22
   11837.439     0.993750          903       160.00
   11902.975     0.994531          904       182.86
   11902.975     0.995313          904       213.33
   11935.743     0.996094          905       256.00
   11935.743     0.996484          905       284.44
   12009.471     0.996875          906       320.00
   12009.471     0.997266          906       365.71
   12009.471     0.997656          906       426.67
   12058.623     0.998047          907       512.00
   12058.623     0.998242          907       568.89
   12058.623     0.998437          907       640.00
   12058.623     0.998633          907       731.43
   12058.623     0.998828          907       853.33
   12165.119     0.999023          908      1024.00
   12165.119     1.000000          908          inf
#[Mean    =     7620.865, StdDeviation   =     2233.850]
#[Max     =    12156.928, Total count    =          908]
#[Buckets =           27, SubBuckets     =         2048]
-----------------------------------------------------------------------
  1380 requests in 30.00s, 421.12KB read
Requests/sec:     46.00  
Transfer/sec:     14.04KB
