Running 30s test @ http://10.99.189.79/?loopCount=25&base=6&exp=6
  5 threads and 5 connections

  Thread calibration: mean lat.: 1672.481ms, rate sampling interval: 6070ms
  Thread calibration: mean lat.: 1914.440ms, rate sampling interval: 6537ms
  Thread calibration: mean lat.: 1847.413ms, rate sampling interval: 6946ms
  Thread calibration: mean lat.: 1805.828ms, rate sampling interval: 6074ms
  Thread calibration: mean lat.: 1801.506ms, rate sampling interval: 6623ms

-----------------------------------------------------------------------
Test Results @ http://10.99.189.79/?loopCount=25&base=6&exp=6 
  Thread Stats   Avg      Stdev     99%   +/- Stdev
    Latency     7.52s     2.31s   11.60s    56.58%
    Req/Sec     8.50      0.50     9.00    100.00%
  Latency Distribution (HdrHistogram - Recorded Latency)
 50.000%    7.43s 
 75.000%    9.54s 
 90.000%   10.80s 
 99.000%   11.60s 
 99.900%   11.84s 
 99.990%   11.85s 
 99.999%   11.85s 
100.000%   11.85s 

  Detailed Percentile spectrum:
       Value   Percentile   TotalCount 1/(1-Percentile)

    3430.399     0.000000            1         1.00
    4509.695     0.100000           92         1.11
    5079.039     0.200000          183         1.25
    5890.047     0.300000          275         1.43
    6594.559     0.400000          365         1.67
    7430.143     0.500000          456         2.00
    7897.087     0.550000          505         2.22
    8257.535     0.600000          548         2.50
    8740.863     0.650000          593         2.86
    9158.655     0.700000          641         3.33
    9535.487     0.750000          684         4.00
    9732.095     0.775000          707         4.44
    9953.279     0.800000          731         5.00
   10256.383     0.825000          754         5.71
   10469.375     0.850000          777         6.67
   10633.215     0.875000          798         8.00
   10674.175     0.887500          810         8.89
   10797.055     0.900000          821        10.00
   10895.359     0.912500          834        11.43
   10960.895     0.925000          846        13.33
   11001.855     0.937500          855        16.00
   11067.391     0.943750          862        17.78
   11100.159     0.950000          867        20.00
   11132.927     0.956250          873        22.86
   11182.079     0.962500          878        26.67
   11247.615     0.968750          884        32.00
   11280.383     0.971875          887        35.56
   11304.959     0.975000          891        40.00
   11345.919     0.978125          893        45.71
   11378.687     0.981250          895        53.33
   11452.415     0.984375          898        64.00
   11542.527     0.985938          901        71.11
   11542.527     0.987500          901        80.00
   11599.871     0.989062          903        91.43
   11632.639     0.990625          905       106.67
   11632.639     0.992188          905       128.00
   11673.599     0.992969          907       142.22
   11673.599     0.993750          907       160.00
   11722.751     0.994531          908       182.86
   11722.751     0.995313          908       213.33
   11763.711     0.996094          909       256.00
   11763.711     0.996484          909       284.44
   11812.863     0.996875          910       320.00
   11812.863     0.997266          910       365.71
   11812.863     0.997656          910       426.67
   11837.439     0.998047          911       512.00
   11837.439     0.998242          911       568.89
   11837.439     0.998437          911       640.00
   11837.439     0.998633          911       731.43
   11837.439     0.998828          911       853.33
   11845.631     0.999023          912      1024.00
   11845.631     1.000000          912          inf
#[Mean    =     7524.651, StdDeviation   =     2312.765]
#[Max     =    11837.440, Total count    =          912]
#[Buckets =           27, SubBuckets     =         2048]
-----------------------------------------------------------------------
  1385 requests in 30.00s, 422.67KB read
Requests/sec:     46.16  
Transfer/sec:     14.09KB
