Running 30s test @ http://10.107.243.196/?loopCount=25&base=6&exp=6
  1 threads and 1 connections

  Thread calibration: mean lat.: 1444.694ms, rate sampling interval: 4890ms

-----------------------------------------------------------------------
Test Results @ http://10.107.243.196/?loopCount=25&base=6&exp=6 
  Thread Stats   Avg      Stdev     99%   +/- Stdev
    Latency     5.81s     1.91s    9.22s    58.28%
    Req/Sec    16.25      0.83    17.00    100.00%
  Latency Distribution (HdrHistogram - Recorded Latency)
 50.000%    5.73s 
 75.000%    7.53s 
 90.000%    8.45s 
 99.000%    9.22s 
 99.900%    9.23s 
 99.990%    9.23s 
 99.999%    9.23s 
100.000%    9.23s 

  Detailed Percentile spectrum:
       Value   Percentile   TotalCount 1/(1-Percentile)

    2752.511     0.000000            2         1.00
    3139.583     0.100000           35         1.11
    3891.199     0.200000           68         1.25
    4464.639     0.300000          102         1.43
    5009.407     0.400000          138         1.67
    5726.207     0.500000          170         2.00
    6148.095     0.550000          187         2.22
    6463.487     0.600000          203         2.50
    6725.631     0.650000          220         2.86
    7204.863     0.700000          238         3.33
    7532.543     0.750000          254         4.00
    7602.175     0.775000          262         4.44
    7872.511     0.800000          272         5.00
    7950.335     0.825000          279         5.71
    8097.791     0.850000          288         6.67
    8261.631     0.875000          296         8.00
    8384.511     0.887500          300         8.89
    8486.911     0.900000          306        10.00
    8519.679     0.912500          311        11.43
    8527.871     0.925000          313        13.33
    8716.287     0.937500          318        16.00
    8749.055     0.943750          319        17.78
    8863.743     0.950000          322        20.00
    8904.703     0.956250          324        22.86
    8912.895     0.962500          326        26.67
    8986.623     0.968750          328        32.00
    9043.967     0.971875          330        35.56
    9043.967     0.975000          330        40.00
    9084.927     0.978125          331        45.71
    9117.695     0.981250          333        53.33
    9117.695     0.984375          333        64.00
    9158.655     0.985938          334        71.11
    9158.655     0.987500          334        80.00
    9215.999     0.989062          336        91.43
    9215.999     0.990625          336       106.67
    9215.999     0.992188          336       128.00
    9215.999     0.992969          336       142.22
    9215.999     0.993750          336       160.00
    9232.383     0.994531          338       182.86
    9232.383     1.000000          338          inf
#[Mean    =     5807.449, StdDeviation   =     1908.584]
#[Max     =     9224.192, Total count    =          338]
#[Buckets =           27, SubBuckets     =         2048]
-----------------------------------------------------------------------
  519 requests in 30.00s, 158.14KB read
Requests/sec:     17.30  
Transfer/sec:      5.27KB
