Running 30s test @ http://10.103.252.181/?loopCount=25&base=6&exp=6
  5 threads and 5 connections

  Thread calibration: mean lat.: 129.447ms, rate sampling interval: 444ms
  Thread calibration: mean lat.: 145.802ms, rate sampling interval: 607ms
  Thread calibration: mean lat.: 86.232ms, rate sampling interval: 322ms
  Thread calibration: mean lat.: 138.309ms, rate sampling interval: 591ms
  Thread calibration: mean lat.: 163.902ms, rate sampling interval: 614ms

-----------------------------------------------------------------------
Test Results @ http://10.103.252.181/?loopCount=25&base=6&exp=6 
  Thread Stats   Avg      Stdev     99%   +/- Stdev
    Latency   137.27ms  127.30ms 647.17ms   87.37%
    Req/Sec     9.57      2.54    16.00     78.43%
  Latency Distribution (HdrHistogram - Recorded Latency)
 50.000%  105.86ms
 75.000%  196.86ms
 90.000%  302.59ms
 99.000%  647.17ms
 99.900%  801.28ms
 99.990%  820.73ms
 99.999%  820.73ms
100.000%  820.73ms

  Detailed Percentile spectrum:
       Value   Percentile   TotalCount 1/(1-Percentile)

      22.783     0.000000            1         1.00
      40.831     0.100000          100         1.11
      41.631     0.200000          205         1.25
      44.991     0.300000          300         1.43
      66.687     0.400000          400         1.67
     105.855     0.500000          499         2.00
     112.895     0.550000          549         2.22
     117.503     0.600000          599         2.50
     130.175     0.650000          649         2.86
     148.991     0.700000          699         3.33
     196.863     0.750000          749         4.00
     202.495     0.775000          774         4.44
     205.695     0.800000          799         5.00
     213.759     0.825000          824         5.71
     230.143     0.850000          849         6.67
     266.239     0.875000          874         8.00
     296.703     0.887500          886         8.89
     302.847     0.900000          900        10.00
     307.711     0.912500          911        11.43
     322.559     0.925000          924        13.33
     352.255     0.937500          937        16.00
     377.343     0.943750          942        17.78
     402.943     0.950000          949        20.00
     407.807     0.956250          955        22.86
     417.791     0.962500          961        26.67
     449.791     0.968750          967        32.00
     498.687     0.971875          970        35.56
     508.415     0.975000          974        40.00
     519.935     0.978125          977        45.71
     577.535     0.981250          980        53.33
     612.351     0.984375          984        64.00
     612.351     0.985938          984        71.11
     638.975     0.987500          986        80.00
     647.167     0.989062          988        91.43
     702.463     0.990625          989       106.67
     702.975     0.992188          991       128.00
     702.975     0.992969          991       142.22
     707.583     0.993750          993       160.00
     707.583     0.994531          993       182.86
     716.799     0.995313          994       213.33
     761.343     0.996094          995       256.00
     761.343     0.996484          995       284.44
     761.343     0.996875          995       320.00
     771.583     0.997266          996       365.71
     771.583     0.997656          996       426.67
     801.279     0.998047          997       512.00
     801.279     0.998242          997       568.89
     801.279     0.998437          997       640.00
     801.279     0.998633          997       731.43
     801.279     0.998828          997       853.33
     820.735     0.999023          998      1024.00
     820.735     1.000000          998          inf
#[Mean    =      137.266, StdDeviation   =      127.297]
#[Max     =      820.224, Total count    =          998]
#[Buckets =           27, SubBuckets     =         2048]
-----------------------------------------------------------------------
  1491 requests in 30.00s, 454.77KB read
Requests/sec:     49.70  
Transfer/sec:     15.16KB
