Running 30s test @ http://10.107.243.196/?loopCount=25&base=6&exp=6
  5 threads and 5 connections

  Thread calibration: mean lat.: 98.588ms, rate sampling interval: 397ms
  Thread calibration: mean lat.: 113.610ms, rate sampling interval: 412ms
  Thread calibration: mean lat.: 75.132ms, rate sampling interval: 235ms
  Thread calibration: mean lat.: 77.761ms, rate sampling interval: 245ms
  Thread calibration: mean lat.: 92.002ms, rate sampling interval: 361ms

-----------------------------------------------------------------------
Test Results @ http://10.107.243.196/?loopCount=25&base=6&exp=6 
  Thread Stats   Avg      Stdev     99%   +/- Stdev
    Latency    74.40ms   40.23ms 198.53ms   87.85%
    Req/Sec     9.69      2.25    15.00     93.42%
  Latency Distribution (HdrHistogram - Recorded Latency)
 50.000%   60.70ms
 75.000%   99.07ms
 90.000%  114.05ms
 99.000%  198.53ms
 99.900%  310.02ms
 99.990%  313.60ms
 99.999%  313.60ms
100.000%  313.60ms

  Detailed Percentile spectrum:
       Value   Percentile   TotalCount 1/(1-Percentile)

      23.903     0.000000            1         1.00
      40.831     0.100000          102         1.11
      41.567     0.200000          201         1.25
      42.207     0.300000          302         1.43
      43.231     0.400000          404         1.67
      60.703     0.500000          502         2.00
      81.151     0.550000          553         2.22
      88.255     0.600000          603         2.50
      90.943     0.650000          653         2.86
      97.215     0.700000          705         3.33
      99.071     0.750000          753         4.00
     101.823     0.775000          779         4.44
     104.895     0.800000          804         5.00
     105.919     0.825000          829         5.71
     107.071     0.850000          854         6.67
     110.655     0.875000          879         8.00
     113.151     0.887500          892         8.89
     114.047     0.900000          904        10.00
     115.135     0.912500          917        11.43
     119.615     0.925000          929        13.33
     122.815     0.937500          942        16.00
     125.119     0.943750          948        17.78
     133.887     0.950000          954        20.00
     179.071     0.956250          961        22.86
     179.967     0.962500          967        26.67
     181.375     0.968750          973        32.00
     182.399     0.971875          976        35.56
     183.295     0.975000          979        40.00
     185.343     0.978125          983        45.71
     186.239     0.981250          986        53.33
     190.591     0.984375          989        64.00
     193.151     0.985938          990        71.11
     197.759     0.987500          993        80.00
     198.527     0.989062          994        91.43
     200.959     0.990625          995       106.67
     214.527     0.992188          997       128.00
     214.527     0.992969          997       142.22
     215.423     0.993750          998       160.00
     215.807     0.994531          999       182.86
     238.463     0.995313         1000       213.33
     253.695     0.996094         1001       256.00
     253.695     0.996484         1001       284.44
     253.695     0.996875         1001       320.00
     304.639     0.997266         1002       365.71
     304.639     0.997656         1002       426.67
     310.015     0.998047         1003       512.00
     310.015     0.998242         1003       568.89
     310.015     0.998437         1003       640.00
     310.015     0.998633         1003       731.43
     310.015     0.998828         1003       853.33
     313.599     0.999023         1004      1024.00
     313.599     1.000000         1004          inf
#[Mean    =       74.403, StdDeviation   =       40.232]
#[Max     =      313.344, Total count    =         1004]
#[Buckets =           27, SubBuckets     =         2048]
-----------------------------------------------------------------------
  1494 requests in 30.00s, 455.46KB read
Requests/sec:     49.80  
Transfer/sec:     15.18KB
