Running 30s test @ http://10.100.238.229/?loopCount=25&base=6&exp=6
  5 threads and 5 connections

  Thread calibration: mean lat.: 76.433ms, rate sampling interval: 252ms
  Thread calibration: mean lat.: 75.745ms, rate sampling interval: 247ms
  Thread calibration: mean lat.: 78.060ms, rate sampling interval: 247ms
  Thread calibration: mean lat.: 76.159ms, rate sampling interval: 230ms
  Thread calibration: mean lat.: 87.337ms, rate sampling interval: 277ms

-----------------------------------------------------------------------
Test Results @ http://10.100.238.229/?loopCount=25&base=6&exp=6 
  Thread Stats   Avg      Stdev     99%   +/- Stdev
    Latency    87.44ms   54.25ms 252.03ms   86.34%
    Req/Sec     9.60      2.93    17.00     87.91%
  Latency Distribution (HdrHistogram - Recorded Latency)
 50.000%   91.78ms
 75.000%  110.21ms
 90.000%  151.17ms
 99.000%  252.03ms
 99.900%  307.97ms
 99.990%  311.81ms
 99.999%  311.81ms
100.000%  311.81ms

  Detailed Percentile spectrum:
       Value   Percentile   TotalCount 1/(1-Percentile)

      22.159     0.000000            1         1.00
      40.767     0.100000          102         1.11
      41.311     0.200000          201         1.25
      42.175     0.300000          303         1.43
      47.743     0.400000          402         1.67
      91.775     0.500000          502         2.00
      94.783     0.550000          552         2.22
     100.991     0.600000          603         2.50
     102.719     0.650000          653         2.86
     107.007     0.700000          704         3.33
     110.207     0.750000          754         4.00
     112.383     0.775000          779         4.44
     116.031     0.800000          803         5.00
     121.919     0.825000          829         5.71
     125.375     0.850000          853         6.67
     135.295     0.875000          878         8.00
     140.799     0.887500          891         8.89
     151.167     0.900000          903        10.00
     190.079     0.912500          916        11.43
     193.919     0.925000          928        13.33
     199.551     0.937500          941        16.00
     202.111     0.943750          947        17.78
     206.719     0.950000          954        20.00
     209.151     0.956250          960        22.86
     212.479     0.962500          966        26.67
     215.295     0.968750          972        32.00
     217.087     0.971875          975        35.56
     218.879     0.975000          978        40.00
     225.919     0.978125          982        45.71
     231.935     0.981250          985        53.33
     237.695     0.984375          989        64.00
     237.695     0.985938          989        71.11
     246.655     0.987500          991        80.00
     252.031     0.989062          993        91.43
     292.095     0.990625          994       106.67
     293.375     0.992188          996       128.00
     293.375     0.992969          996       142.22
     294.143     0.993750          997       160.00
     297.471     0.994531          998       182.86
     298.239     0.995313          999       213.33
     299.007     0.996094         1000       256.00
     299.007     0.996484         1000       284.44
     299.007     0.996875         1000       320.00
     306.687     0.997266         1001       365.71
     306.687     0.997656         1001       426.67
     307.967     0.998047         1002       512.00
     307.967     0.998242         1002       568.89
     307.967     0.998437         1002       640.00
     307.967     0.998633         1002       731.43
     307.967     0.998828         1002       853.33
     311.807     0.999023         1003      1024.00
     311.807     1.000000         1003          inf
#[Mean    =       87.445, StdDeviation   =       54.254]
#[Max     =      311.552, Total count    =         1003]
#[Buckets =           27, SubBuckets     =         2048]
-----------------------------------------------------------------------
  1495 requests in 30.00s, 455.83KB read
Requests/sec:     49.83  
Transfer/sec:     15.19KB
