Running 30s test @ http://10.97.105.44/?loopCount=25&base=6&exp=6
  5 threads and 5 connections

  Thread calibration: mean lat.: 167.776ms, rate sampling interval: 638ms
  Thread calibration: mean lat.: 120.543ms, rate sampling interval: 390ms
  Thread calibration: mean lat.: 130.089ms, rate sampling interval: 436ms
  Thread calibration: mean lat.: 126.219ms, rate sampling interval: 390ms
  Thread calibration: mean lat.: 125.478ms, rate sampling interval: 451ms

-----------------------------------------------------------------------
Test Results @ http://10.97.105.44/?loopCount=25&base=6&exp=6 
  Thread Stats   Avg      Stdev     99%   +/- Stdev
    Latency   303.59ms  187.47ms 922.62ms   76.78%
    Req/Sec     9.45      2.21    15.00     84.23%
  Latency Distribution (HdrHistogram - Recorded Latency)
 50.000%  269.31ms
 75.000%  380.16ms
 90.000%  532.48ms
 99.000%  922.62ms
 99.900%  960.00ms
 99.990%  975.36ms
 99.999%  975.36ms
100.000%  975.36ms

  Detailed Percentile spectrum:
       Value   Percentile   TotalCount 1/(1-Percentile)

      33.247     0.000000            1         1.00
      97.535     0.100000          100         1.11
     152.063     0.200000          200         1.25
     178.815     0.300000          299         1.43
     225.151     0.400000          398         1.67
     269.311     0.500000          498         2.00
     294.911     0.550000          549         2.22
     324.863     0.600000          597         2.50
     340.991     0.650000          647         2.86
     361.727     0.700000          697         3.33
     380.927     0.750000          747         4.00
     392.959     0.775000          772         4.44
     398.079     0.800000          796         5.00
     431.615     0.825000          821         5.71
     459.007     0.850000          847         6.67
     477.951     0.875000          871         8.00
     519.167     0.887500          884         8.89
     532.479     0.900000          896        10.00
     553.471     0.912500          908        11.43
     576.511     0.925000          921        13.33
     638.463     0.937500          933        16.00
     660.479     0.943750          940        17.78
     752.127     0.950000          946        20.00
     780.799     0.956250          952        22.86
     833.023     0.962500          958        26.67
     851.455     0.968750          964        32.00
     861.695     0.971875          968        35.56
     863.743     0.975000          972        40.00
     869.887     0.978125          974        45.71
     871.935     0.981250          977        53.33
     893.951     0.984375          980        64.00
     920.575     0.985938          982        71.11
     921.599     0.987500          983        80.00
     922.623     0.989062          985        91.43
     923.135     0.990625          986       106.67
     926.719     0.992188          988       128.00
     928.255     0.992969          990       142.22
     928.255     0.993750          990       160.00
     928.255     0.994531          990       182.86
     928.767     0.995313          991       213.33
     929.791     0.996094          992       256.00
     929.791     0.996484          992       284.44
     929.791     0.996875          992       320.00
     937.471     0.997266          993       365.71
     937.471     0.997656          993       426.67
     959.999     0.998047          994       512.00
     959.999     0.998242          994       568.89
     959.999     0.998437          994       640.00
     959.999     0.998633          994       731.43
     959.999     0.998828          994       853.33
     975.359     0.999023          995      1024.00
     975.359     1.000000          995          inf
#[Mean    =      303.590, StdDeviation   =      187.466]
#[Max     =      974.848, Total count    =          995]
#[Buckets =           27, SubBuckets     =         2048]
-----------------------------------------------------------------------
  1480 requests in 30.01s, 451.49KB read
Requests/sec:     49.32  
Transfer/sec:     15.05KB
