Running 30s test @ http://10.105.182.6/?loopCount=25&base=6&exp=6
  5 threads and 5 connections

  Thread calibration: mean lat.: 688.159ms, rate sampling interval: 2547ms
  Thread calibration: mean lat.: 946.034ms, rate sampling interval: 2904ms
  Thread calibration: mean lat.: 984.386ms, rate sampling interval: 3332ms
  Thread calibration: mean lat.: 830.074ms, rate sampling interval: 2947ms
  Thread calibration: mean lat.: 770.975ms, rate sampling interval: 2893ms

-----------------------------------------------------------------------
Test Results @ http://10.105.182.6/?loopCount=25&base=6&exp=6 
  Thread Stats   Avg      Stdev     99%   +/- Stdev
    Latency     3.01s   844.90ms   4.64s    58.53%
    Req/Sec    12.42      0.79    14.00    100.00%
  Latency Distribution (HdrHistogram - Recorded Latency)
 50.000%    2.98s 
 75.000%    3.72s 
 90.000%    4.17s 
 99.000%    4.64s 
 99.900%    4.88s 
 99.990%    4.89s 
 99.999%    4.89s 
100.000%    4.89s 

  Detailed Percentile spectrum:
       Value   Percentile   TotalCount 1/(1-Percentile)

    1345.535     0.000000            1         1.00
    1904.639     0.100000          130         1.11
    2138.111     0.200000          259         1.25
    2404.351     0.300000          386         1.43
    2699.263     0.400000          514         1.67
    2977.791     0.500000          643         2.00
    3143.679     0.550000          706         2.22
    3295.231     0.600000          770         2.50
    3473.407     0.650000          835         2.86
    3624.959     0.700000          899         3.33
    3721.215     0.750000          963         4.00
    3774.463     0.775000          996         4.44
    3858.431     0.800000         1027         5.00
    3909.631     0.825000         1059         5.71
    3985.407     0.850000         1091         6.67
    4102.143     0.875000         1123         8.00
    4139.007     0.887500         1140         8.89
    4169.727     0.900000         1155        10.00
    4192.255     0.912500         1172        11.43
    4247.551     0.925000         1191        13.33
    4292.607     0.937500         1204        16.00
    4300.799     0.943750         1211        17.78
    4333.567     0.950000         1220        20.00
    4362.239     0.956250         1227        22.86
    4407.295     0.962500         1235        26.67
    4460.543     0.968750         1243        32.00
    4476.927     0.971875         1247        35.56
    4489.215     0.975000         1251        40.00
    4509.695     0.978125         1255        45.71
    4538.367     0.981250         1260        53.33
    4583.423     0.984375         1264        64.00
    4599.807     0.985938         1265        71.11
    4616.191     0.987500         1267        80.00
    4632.575     0.989062         1269        91.43
    4644.863     0.990625         1272       106.67
    4657.151     0.992188         1273       128.00
    4665.343     0.992969         1274       142.22
    4669.439     0.993750         1275       160.00
    4677.631     0.994531         1276       182.86
    4694.015     0.995313         1277       213.33
    4739.071     0.996094         1278       256.00
    4743.167     0.996484         1279       284.44
    4743.167     0.996875         1279       320.00
    4747.263     0.997266         1280       365.71
    4747.263     0.997656         1280       426.67
    4849.663     0.998047         1281       512.00
    4849.663     0.998242         1281       568.89
    4849.663     0.998437         1281       640.00
    4882.431     0.998633         1282       731.43
    4882.431     0.998828         1282       853.33
    4882.431     0.999023         1282      1024.00
    4882.431     0.999121         1282      1137.78
    4882.431     0.999219         1282      1280.00
    4890.623     0.999316         1283      1462.86
    4890.623     1.000000         1283          inf
#[Mean    =     3012.164, StdDeviation   =      844.902]
#[Max     =     4886.528, Total count    =         1283]
#[Buckets =           27, SubBuckets     =         2048]
-----------------------------------------------------------------------
  1911 requests in 30.00s, 582.58KB read
Requests/sec:     63.69  
Transfer/sec:     19.42KB
