Running 30s test @ http://10.99.189.79/?loopCount=25&base=6&exp=6
  1 threads and 1 connections

  Thread calibration: mean lat.: 3358.897ms, rate sampling interval: 12484ms

-----------------------------------------------------------------------
Test Results @ http://10.99.189.79/?loopCount=25&base=6&exp=6 
  Thread Stats   Avg      Stdev     99%   +/- Stdev
    Latency    13.97s     3.92s   20.38s    59.12%
    Req/Sec     7.00      0.00     7.00    100.00%
  Latency Distribution (HdrHistogram - Recorded Latency)
 50.000%   14.16s 
 75.000%   17.01s 
 90.000%   19.53s 
 99.000%   20.38s 
 99.900%   20.59s 
 99.990%   20.59s 
 99.999%   20.59s 
100.000%   20.59s 

  Detailed Percentile spectrum:
       Value   Percentile   TotalCount 1/(1-Percentile)

    7032.831     0.000000            1         1.00
    8310.783     0.100000           16         1.11
    9871.359     0.200000           32         1.25
   11526.143     0.300000           48         1.43
   12804.095     0.400000           64         1.67
   14155.775     0.500000           81         2.00
   14745.599     0.550000           88         2.22
   15441.919     0.600000           96         2.50
   15966.207     0.650000          104         2.86
   16474.111     0.700000          112         3.33
   17154.047     0.750000          120         4.00
   17514.495     0.775000          124         4.44
   17940.479     0.800000          128         5.00
   18366.463     0.825000          132         5.71
   18710.527     0.850000          136         6.67
   19251.199     0.875000          140         8.00
   19398.655     0.887500          142         8.89
   19595.263     0.900000          144        10.00
   19709.951     0.912500          146        11.43
   19857.407     0.925000          148        13.33
   19988.479     0.937500          150        16.00
   20119.551     0.943750          151        17.78
   20168.703     0.950000          153        20.00
   20168.703     0.956250          153        22.86
   20217.855     0.962500          154        26.67
   20283.391     0.968750          155        32.00
   20283.391     0.971875          155        35.56
   20332.543     0.975000          156        40.00
   20332.543     0.978125          156        45.71
   20381.695     0.981250          157        53.33
   20381.695     0.984375          157        64.00
   20381.695     0.985938          157        71.11
   20447.231     0.987500          158        80.00
   20447.231     0.989062          158        91.43
   20447.231     0.990625          158       106.67
   20447.231     0.992188          158       128.00
   20447.231     0.992969          158       142.22
   20594.687     0.993750          159       160.00
   20594.687     1.000000          159          inf
#[Mean    =    13972.319, StdDeviation   =     3924.838]
#[Max     =    20578.304, Total count    =          159]
#[Buckets =           27, SubBuckets     =         2048]
-----------------------------------------------------------------------
  233 requests in 30.00s, 71.17KB read
Requests/sec:      7.77  
Transfer/sec:      2.37KB
