Running 30s test @ http://10.100.168.19/?loopCount=25&base=6&exp=6
  1 threads and 1 connections

  Thread calibration: mean lat.: 3094.121ms, rate sampling interval: 11886ms

-----------------------------------------------------------------------
Test Results @ http://10.100.168.19/?loopCount=25&base=6&exp=6 
  Thread Stats   Avg      Stdev     99%   +/- Stdev
    Latency    14.08s     4.01s   20.56s    57.43%
    Req/Sec     7.00      0.00     7.00    100.00%
  Latency Distribution (HdrHistogram - Recorded Latency)
 50.000%   14.10s 
 75.000%   17.61s 
 90.000%   19.42s 
 99.000%   20.56s 
 99.900%   20.71s 
 99.990%   20.71s 
 99.999%   20.71s 
100.000%   20.71s 

  Detailed Percentile spectrum:
       Value   Percentile   TotalCount 1/(1-Percentile)

    6782.975     0.000000            1         1.00
    8237.055     0.100000           15         1.11
    9920.511     0.200000           30         1.25
   11436.031     0.300000           45         1.43
   12926.975     0.400000           61         1.67
   14098.431     0.500000           74         2.00
   14958.591     0.550000           82         2.22
   15474.687     0.600000           89         2.50
   16547.839     0.650000           97         2.86
   17072.127     0.700000          104         3.33
   17612.799     0.750000          111         4.00
   17956.863     0.775000          115         4.44
   18284.543     0.800000          119         5.00
   18546.687     0.825000          123         5.71
   18743.295     0.850000          126         6.67
   18939.903     0.875000          130         8.00
   19267.583     0.887500          132         8.89
   19496.959     0.900000          134        10.00
   19693.567     0.912500          136        11.43
   19759.103     0.925000          137        13.33
   19890.175     0.937500          139        16.00
   19955.711     0.943750          140        17.78
   20103.167     0.950000          141        20.00
   20168.703     0.956250          142        22.86
   20234.239     0.962500          143        26.67
   20381.695     0.968750          144        32.00
   20381.695     0.971875          144        35.56
   20430.847     0.975000          145        40.00
   20430.847     0.978125          145        45.71
   20512.767     0.981250          146        53.33
   20512.767     0.984375          146        64.00
   20512.767     0.985938          146        71.11
   20561.919     0.987500          147        80.00
   20561.919     0.989062          147        91.43
   20561.919     0.990625          147       106.67
   20561.919     0.992188          147       128.00
   20561.919     0.992969          147       142.22
   20709.375     0.993750          148       160.00
   20709.375     1.000000          148          inf
#[Mean    =    14082.920, StdDeviation   =     4013.844]
#[Max     =    20692.992, Total count    =          148]
#[Buckets =           27, SubBuckets     =         2048]
-----------------------------------------------------------------------
  230 requests in 30.00s, 70.25KB read
Requests/sec:      7.67  
Transfer/sec:      2.34KB
