Running 30s test @ http://10.100.168.19/?loopCount=25&base=6&exp=6
  5 threads and 5 connections

  Thread calibration: mean lat.: 471.081ms, rate sampling interval: 1747ms
  Thread calibration: mean lat.: 647.082ms, rate sampling interval: 2377ms
  Thread calibration: mean lat.: 599.595ms, rate sampling interval: 1744ms
  Thread calibration: mean lat.: 733.507ms, rate sampling interval: 2008ms
  Thread calibration: mean lat.: 514.981ms, rate sampling interval: 1774ms

-----------------------------------------------------------------------
Test Results @ http://10.100.168.19/?loopCount=25&base=6&exp=6 
  Thread Stats   Avg      Stdev     99%   +/- Stdev
    Latency     1.70s   493.91ms   2.80s    63.47%
    Req/Sec     8.82      0.99    12.00     96.00%
  Latency Distribution (HdrHistogram - Recorded Latency)
 50.000%    1.70s 
 75.000%    2.03s 
 90.000%    2.36s 
 99.000%    2.80s 
 99.900%    2.88s 
 99.990%    2.90s 
 99.999%    2.90s 
100.000%    2.90s 

  Detailed Percentile spectrum:
       Value   Percentile   TotalCount 1/(1-Percentile)

     758.271     0.000000            1         1.00
    1082.367     0.100000           93         1.11
    1200.127     0.200000          186         1.25
    1376.255     0.300000          279         1.43
    1496.063     0.400000          372         1.67
    1698.815     0.500000          464         2.00
    1788.927     0.550000          511         2.22
    1866.751     0.600000          557         2.50
    1911.807     0.650000          604         2.86
    1981.439     0.700000          650         3.33
    2025.471     0.750000          696         4.00
    2078.719     0.775000          720         4.44
    2099.199     0.800000          743         5.00
    2121.727     0.825000          766         5.71
    2201.599     0.850000          789         6.67
    2273.279     0.875000          813         8.00
    2299.903     0.887500          824         8.89
    2357.247     0.900000          836        10.00
    2420.735     0.912500          847        11.43
    2564.095     0.925000          859        13.33
    2605.055     0.937500          870        16.00
    2641.919     0.943750          876        17.78
    2672.639     0.950000          883        20.00
    2682.879     0.956250          888        22.86
    2699.263     0.962500          897        26.67
    2703.359     0.968750          900        32.00
    2711.551     0.971875          902        35.56
    2732.031     0.975000          905        40.00
    2758.655     0.978125          908        45.71
    2770.943     0.981250          911        53.33
    2772.991     0.984375          914        64.00
    2777.087     0.985938          915        71.11
    2795.519     0.987500          917        80.00
    2797.567     0.989062          920        91.43
    2797.567     0.990625          920       106.67
    2801.663     0.992188          921       128.00
    2803.711     0.992969          923       142.22
    2803.711     0.993750          923       160.00
    2803.711     0.994531          923       182.86
    2805.759     0.995313          924       213.33
    2809.855     0.996094          925       256.00
    2809.855     0.996484          925       284.44
    2824.191     0.996875          926       320.00
    2824.191     0.997266          926       365.71
    2824.191     0.997656          926       426.67
    2881.535     0.998047          927       512.00
    2881.535     0.998242          927       568.89
    2881.535     0.998437          927       640.00
    2881.535     0.998633          927       731.43
    2881.535     0.998828          927       853.33
    2902.015     0.999023          928      1024.00
    2902.015     1.000000          928          inf
#[Mean    =     1699.639, StdDeviation   =      493.913]
#[Max     =     2899.968, Total count    =          928]
#[Buckets =           27, SubBuckets     =         2048]
-----------------------------------------------------------------------
  1373 requests in 30.00s, 419.01KB read
Requests/sec:     45.76  
Transfer/sec:     13.97KB
