Running 30s test @ http://10.107.243.196/?loopCount=25&base=6&exp=6
  5 threads and 5 connections

  Thread calibration: mean lat.: 812.382ms, rate sampling interval: 3084ms
  Thread calibration: mean lat.: 808.539ms, rate sampling interval: 3465ms
  Thread calibration: mean lat.: 882.276ms, rate sampling interval: 3000ms
  Thread calibration: mean lat.: 1019.650ms, rate sampling interval: 3696ms
  Thread calibration: mean lat.: 916.772ms, rate sampling interval: 3176ms

-----------------------------------------------------------------------
Test Results @ http://10.107.243.196/?loopCount=25&base=6&exp=6 
  Thread Stats   Avg      Stdev     99%   +/- Stdev
    Latency     3.29s   868.59ms   5.06s    61.34%
    Req/Sec    12.32      0.76    14.00    100.00%
  Latency Distribution (HdrHistogram - Recorded Latency)
 50.000%    3.31s 
 75.000%    3.96s 
 90.000%    4.51s 
 99.000%    5.06s 
 99.900%    5.21s 
 99.990%    5.21s 
 99.999%    5.21s 
100.000%    5.21s 

  Detailed Percentile spectrum:
       Value   Percentile   TotalCount 1/(1-Percentile)

    1713.151     0.000000            1         1.00
    2068.479     0.100000          129         1.11
    2416.639     0.200000          258         1.25
    2789.375     0.300000          387         1.43
    2990.079     0.400000          514         1.67
    3307.519     0.500000          642         2.00
    3414.015     0.550000          706         2.22
    3588.095     0.600000          770         2.50
    3684.351     0.650000          836         2.86
    3815.423     0.700000          900         3.33
    3956.735     0.750000          964         4.00
    4007.935     0.775000          996         4.44
    4083.711     0.800000         1027         5.00
    4198.399     0.825000         1060         5.71
    4308.991     0.850000         1091         6.67
    4415.487     0.875000         1125         8.00
    4481.023     0.887500         1139         8.89
    4505.599     0.900000         1156        10.00
    4526.079     0.912500         1173        11.43
    4583.423     0.925000         1187        13.33
    4665.343     0.937500         1204        16.00
    4694.015     0.943750         1211        17.78
    4739.071     0.950000         1220        20.00
    4808.703     0.956250         1227        22.86
    4853.759     0.962500         1235        26.67
    4878.335     0.968750         1244        32.00
    4882.431     0.971875         1250        35.56
    4886.527     0.975000         1251        40.00
    4907.007     0.978125         1255        45.71
    4956.159     0.981250         1260        53.33
    5033.983     0.984375         1263        64.00
    5046.271     0.985938         1265        71.11
    5050.367     0.987500         1267        80.00
    5058.559     0.989062         1270        91.43
    5083.135     0.990625         1272       106.67
    5087.231     0.992188         1273       128.00
    5099.519     0.992969         1275       142.22
    5099.519     0.993750         1275       160.00
    5107.711     0.994531         1276       182.86
    5128.191     0.995313         1277       213.33
    5132.287     0.996094         1278       256.00
    5140.479     0.996484         1279       284.44
    5140.479     0.996875         1279       320.00
    5144.575     0.997266         1280       365.71
    5144.575     0.997656         1280       426.67
    5148.671     0.998047         1281       512.00
    5148.671     0.998242         1281       568.89
    5148.671     0.998437         1281       640.00
    5210.111     0.998633         1282       731.43
    5210.111     0.998828         1282       853.33
    5210.111     0.999023         1282      1024.00
    5210.111     0.999121         1282      1137.78
    5210.111     0.999219         1282      1280.00
    5214.207     0.999316         1283      1462.86
    5214.207     1.000000         1283          inf
#[Mean    =     3293.110, StdDeviation   =      868.593]
#[Max     =     5210.112, Total count    =         1283]
#[Buckets =           27, SubBuckets     =         2048]
-----------------------------------------------------------------------
  1891 requests in 30.00s, 576.54KB read
Requests/sec:     63.03  
Transfer/sec:     19.22KB
