Running 30s test @ http://10.105.182.6/?loopCount=25&base=6&exp=6
  1 threads and 1 connections

  Thread calibration: mean lat.: 1723.425ms, rate sampling interval: 6295ms

-----------------------------------------------------------------------
Test Results @ http://10.105.182.6/?loopCount=25&base=6&exp=6 
  Thread Stats   Avg      Stdev     99%   +/- Stdev
    Latency     7.19s     2.09s   10.86s    58.99%
    Req/Sec    15.33      0.47    16.00    100.00%
  Latency Distribution (HdrHistogram - Recorded Latency)
 50.000%    7.09s 
 75.000%    9.14s 
 90.000%   10.19s 
 99.000%   10.86s 
 99.900%   10.94s 
 99.990%   10.94s 
 99.999%   10.94s 
100.000%   10.94s 

  Detailed Percentile spectrum:
       Value   Percentile   TotalCount 1/(1-Percentile)

    3661.823     0.000000            1         1.00
    4313.087     0.100000           32         1.11
    5070.847     0.200000           64         1.25
    5734.399     0.300000           96         1.43
    6348.799     0.400000          127         1.67
    7086.079     0.500000          159         2.00
    7483.391     0.550000          176         2.22
    7749.631     0.600000          191         2.50
    8314.879     0.650000          208         2.86
    8699.903     0.700000          223         3.33
    9142.271     0.750000          238         4.00
    9273.343     0.775000          248         4.44
    9322.495     0.800000          254         5.00
    9560.063     0.825000          262         5.71
    9748.479     0.850000          270         6.67
   10051.583     0.875000          278         8.00
   10117.119     0.887500          282         8.89
   10190.847     0.900000          286        10.00
   10231.807     0.912500          290        11.43
   10346.495     0.925000          294        13.33
   10412.031     0.937500          298        16.00
   10436.607     0.943750          300        17.78
   10493.951     0.950000          303        20.00
   10510.335     0.956250          304        22.86
   10551.295     0.962500          307        26.67
   10649.599     0.968750          308        32.00
   10723.327     0.971875          310        35.56
   10723.327     0.975000          310        40.00
   10747.903     0.978125          312        45.71
   10747.903     0.981250          312        53.33
   10788.863     0.984375          313        64.00
   10788.863     0.985938          313        71.11
   10862.591     0.987500          314        80.00
   10862.591     0.989062          314        91.43
   10903.551     0.990625          316       106.67
   10903.551     0.992188          316       128.00
   10903.551     0.992969          316       142.22
   10903.551     0.993750          316       160.00
   10903.551     0.994531          316       182.86
   10903.551     0.995313          316       213.33
   10903.551     0.996094          316       256.00
   10903.551     0.996484          316       284.44
   10944.511     0.996875          317       320.00
   10944.511     1.000000          317          inf
#[Mean    =     7188.609, StdDeviation   =     2094.514]
#[Max     =    10936.320, Total count    =          317]
#[Buckets =           27, SubBuckets     =         2048]
-----------------------------------------------------------------------
  476 requests in 30.00s, 145.05KB read
Requests/sec:     15.86  
Transfer/sec:      4.83KB
