Running 30s test @ http://10.103.252.181/?loopCount=25&base=6&exp=6
  5 threads and 5 connections

  Thread calibration: mean lat.: 1023.698ms, rate sampling interval: 3313ms
  Thread calibration: mean lat.: 683.955ms, rate sampling interval: 2071ms
  Thread calibration: mean lat.: 734.329ms, rate sampling interval: 2297ms
  Thread calibration: mean lat.: 571.609ms, rate sampling interval: 1630ms
  Thread calibration: mean lat.: 1334.922ms, rate sampling interval: 3715ms

-----------------------------------------------------------------------
Test Results @ http://10.103.252.181/?loopCount=25&base=6&exp=6 
  Thread Stats   Avg      Stdev     99%   +/- Stdev
    Latency     3.07s     1.01s    4.83s    63.01%
    Req/Sec    12.25      1.73    16.00     85.00%
  Latency Distribution (HdrHistogram - Recorded Latency)
 50.000%    3.08s 
 75.000%    3.90s 
 90.000%    4.50s 
 99.000%    4.83s 
 99.900%    4.93s 
 99.990%    4.96s 
 99.999%    4.96s 
100.000%    4.96s 

  Detailed Percentile spectrum:
       Value   Percentile   TotalCount 1/(1-Percentile)

     837.631     0.000000            1         1.00
    1862.655     0.100000          129         1.11
    2113.535     0.200000          257         1.25
    2390.015     0.300000          388         1.43
    2670.591     0.400000          515         1.67
    3078.143     0.500000          642         2.00
    3268.607     0.550000          708         2.22
    3397.631     0.600000          771         2.50
    3543.039     0.650000          835         2.86
    3688.447     0.700000          901         3.33
    3899.391     0.750000          963         4.00
    3979.263     0.775000          996         4.44
    4044.799     0.800000         1029         5.00
    4239.359     0.825000         1060         5.71
    4370.431     0.850000         1093         6.67
    4440.063     0.875000         1124         8.00
    4472.831     0.887500         1141         8.89
    4497.407     0.900000         1158        10.00
    4517.887     0.912500         1173        11.43
    4546.559     0.925000         1190        13.33
    4583.423     0.937500         1205        16.00
    4624.383     0.943750         1212        17.78
    4661.247     0.950000         1220        20.00
    4677.631     0.956250         1228        22.86
    4718.591     0.962500         1237        26.67
    4743.167     0.968750         1244        32.00
    4755.455     0.971875         1248        35.56
    4767.743     0.975000         1253        40.00
    4775.935     0.978125         1256        45.71
    4792.319     0.981250         1260        53.33
    4800.511     0.984375         1267        64.00
    4800.511     0.985938         1267        71.11
    4804.607     0.987500         1268        80.00
    4816.895     0.989062         1270        91.43
    4833.279     0.990625         1273       106.67
    4849.663     0.992188         1274       128.00
    4874.239     0.992969         1275       142.22
    4878.335     0.993750         1276       160.00
    4882.431     0.994531         1277       182.86
    4902.911     0.995313         1279       213.33
    4902.911     0.996094         1279       256.00
    4911.103     0.996484         1280       284.44
    4911.103     0.996875         1280       320.00
    4919.295     0.997266         1282       365.71
    4919.295     0.997656         1282       426.67
    4919.295     0.998047         1282       512.00
    4919.295     0.998242         1282       568.89
    4919.295     0.998437         1282       640.00
    4931.583     0.998633         1283       731.43
    4931.583     0.998828         1283       853.33
    4931.583     0.999023         1283      1024.00
    4931.583     0.999121         1283      1137.78
    4931.583     0.999219         1283      1280.00
    4956.159     0.999316         1284      1462.86
    4956.159     1.000000         1284          inf
#[Mean    =     3070.162, StdDeviation   =     1007.705]
#[Max     =     4952.064, Total count    =         1284]
#[Buckets =           27, SubBuckets     =         2048]
-----------------------------------------------------------------------
  1924 requests in 30.00s, 586.78KB read
Requests/sec:     64.13  
Transfer/sec:     19.56KB
