Running 30s test @ http://10.102.162.84/?loopCount=25&base=6&exp=6
  1 threads and 1 connections

  Thread calibration: mean lat.: 3385.443ms, rate sampling interval: 12386ms

-----------------------------------------------------------------------
Test Results @ http://10.102.162.84/?loopCount=25&base=6&exp=6 
  Thread Stats   Avg      Stdev     99%   +/- Stdev
    Latency    13.96s     4.06s   20.43s    57.05%
    Req/Sec     7.00      0.00     7.00    100.00%
  Latency Distribution (HdrHistogram - Recorded Latency)
 50.000%   14.14s 
 75.000%   17.55s 
 90.000%   19.28s 
 99.000%   20.43s 
 99.900%   20.56s 
 99.990%   20.56s 
 99.999%   20.56s 
100.000%   20.56s 

  Detailed Percentile spectrum:
       Value   Percentile   TotalCount 1/(1-Percentile)

    6832.127     0.000000            1         1.00
    8142.847     0.100000           16         1.11
    9699.327     0.200000           32         1.25
   11198.463     0.300000           47         1.43
   12550.143     0.400000           63         1.67
   14139.391     0.500000           79         2.00
   14835.711     0.550000           86         2.22
   15712.255     0.600000           95         2.50
   16293.887     0.650000          102         2.86
   16891.903     0.700000          110         3.33
   17547.263     0.750000          117         4.00
   17842.175     0.775000          121         4.44
   18186.239     0.800000          125         5.00
   18513.919     0.825000          129         5.71
   18841.599     0.850000          134         6.67
   19087.359     0.875000          137         8.00
   19218.431     0.887500          139         8.89
   19431.423     0.900000          141        10.00
   19562.495     0.912500          143        11.43
   19693.567     0.925000          145        13.33
   19906.559     0.937500          147        16.00
   20037.631     0.943750          149        17.78
   20037.631     0.950000          149        20.00
   20086.783     0.956250          150        22.86
   20152.319     0.962500          151        26.67
   20283.391     0.968750          152        32.00
   20283.391     0.971875          152        35.56
   20365.311     0.975000          153        40.00
   20365.311     0.978125          153        45.71
   20430.847     0.981250          154        53.33
   20430.847     0.984375          154        64.00
   20430.847     0.985938          154        71.11
   20496.383     0.987500          155        80.00
   20496.383     0.989062          155        91.43
   20496.383     0.990625          155       106.67
   20496.383     0.992188          155       128.00
   20496.383     0.992969          155       142.22
   20561.919     0.993750          156       160.00
   20561.919     1.000000          156          inf
#[Mean    =    13956.017, StdDeviation   =     4061.002]
#[Max     =    20545.536, Total count    =          156]
#[Buckets =           27, SubBuckets     =         2048]
-----------------------------------------------------------------------
  235 requests in 30.00s, 71.77KB read
Requests/sec:      7.83  
Transfer/sec:      2.39KB
