Running 30s test @ http://10.100.238.229/?loopCount=25&base=6&exp=6
  1 threads and 1 connections

  Thread calibration: mean lat.: 873.683ms, rate sampling interval: 3225ms

-----------------------------------------------------------------------
Test Results @ http://10.100.238.229/?loopCount=25&base=6&exp=6 
  Thread Stats   Avg      Stdev     99%   +/- Stdev
    Latency     3.99s     1.15s    5.79s    57.89%
    Req/Sec    19.50      0.96    21.00    100.00%
  Latency Distribution (HdrHistogram - Recorded Latency)
 50.000%    4.07s 
 75.000%    5.06s 
 90.000%    5.48s 
 99.000%    5.79s 
 99.900%    5.80s 
 99.990%    5.80s 
 99.999%    5.80s 
100.000%    5.80s 

  Detailed Percentile spectrum:
       Value   Percentile   TotalCount 1/(1-Percentile)

    1785.855     0.000000            2         1.00
    2308.095     0.100000           40         1.11
    2938.879     0.200000           81         1.25
    3344.383     0.300000          123         1.43
    3745.791     0.400000          160         1.67
    4069.375     0.500000          200         2.00
    4218.879     0.550000          220         2.22
    4300.799     0.600000          242         2.50
    4521.983     0.650000          260         2.86
    4816.895     0.700000          280         3.33
    5058.559     0.750000          301         4.00
    5160.959     0.775000          311         4.44
    5189.631     0.800000          320         5.00
    5275.647     0.825000          333         5.71
    5312.511     0.850000          341         6.67
    5431.295     0.875000          351         8.00
    5439.487     0.887500          355         8.89
    5476.351     0.900000          362        10.00
    5509.119     0.912500          366        11.43
    5550.079     0.925000          370        13.33
    5652.479     0.937500          375        16.00
    5656.575     0.943750          378        17.78
    5685.247     0.950000          380        20.00
    5746.687     0.956250          382        22.86
    5754.879     0.962500          387        26.67
    5754.879     0.968750          387        32.00
    5758.975     0.971875          390        35.56
    5758.975     0.975000          390        40.00
    5775.359     0.978125          391        45.71
    5779.455     0.981250          392        53.33
    5791.743     0.984375          397        64.00
    5791.743     0.985938          397        71.11
    5791.743     0.987500          397        80.00
    5791.743     0.989062          397        91.43
    5791.743     0.990625          397       106.67
    5791.743     0.992188          397       128.00
    5791.743     0.992969          397       142.22
    5791.743     0.993750          397       160.00
    5791.743     0.994531          397       182.86
    5804.031     0.995313          399       213.33
    5804.031     1.000000          399          inf
#[Mean    =     3992.820, StdDeviation   =     1146.171]
#[Max     =     5799.936, Total count    =          399]
#[Buckets =           27, SubBuckets     =         2048]
-----------------------------------------------------------------------
  604 requests in 30.00s, 184.04KB read
Requests/sec:     20.13  
Transfer/sec:      6.13KB
