Running 30s test @ http://10.105.171.73/?loopCount=25&base=6&exp=6
  1 threads and 1 connections

  Thread calibration: mean lat.: 3453.602ms, rate sampling interval: 12075ms

-----------------------------------------------------------------------
Test Results @ http://10.105.171.73/?loopCount=25&base=6&exp=6 
  Thread Stats   Avg      Stdev     99%   +/- Stdev
    Latency    14.06s     4.06s   20.92s    58.22%
    Req/Sec     7.00      0.00     7.00    100.00%
  Latency Distribution (HdrHistogram - Recorded Latency)
 50.000%   14.18s 
 75.000%   17.51s 
 90.000%   19.48s 
 99.000%   20.92s 
 99.900%   21.07s 
 99.990%   21.07s 
 99.999%   21.07s 
100.000%   21.07s 

  Detailed Percentile spectrum:
       Value   Percentile   TotalCount 1/(1-Percentile)

    6893.567     0.000000            1         1.00
    8208.383     0.100000           15         1.11
    9945.087     0.200000           30         1.25
   11247.615     0.300000           44         1.43
   12845.055     0.400000           59         1.67
   14180.351     0.500000           73         2.00
   14983.167     0.550000           81         2.22
   15704.063     0.600000           88         2.50
   16228.351     0.650000           95         2.86
   16891.903     0.700000          103         3.33
   17514.495     0.750000          110         4.00
   17858.559     0.775000          114         4.44
   18153.471     0.800000          117         5.00
   18481.151     0.825000          121         5.71
   18923.519     0.850000          125         6.67
   19120.127     0.875000          128         8.00
   19316.735     0.887500          130         8.89
   19546.111     0.900000          132        10.00
   19693.567     0.912500          134        11.43
   19791.871     0.925000          136        13.33
   20037.631     0.937500          137        16.00
   20119.551     0.943750          138        17.78
   20267.007     0.950000          139        20.00
   20414.463     0.956250          140        22.86
   20479.999     0.962500          141        26.67
   20627.455     0.968750          142        32.00
   20627.455     0.971875          142        35.56
   20692.991     0.975000          143        40.00
   20692.991     0.978125          143        45.71
   20758.527     0.981250          144        53.33
   20758.527     0.984375          144        64.00
   20758.527     0.985938          144        71.11
   20922.367     0.987500          145        80.00
   20922.367     0.989062          145        91.43
   20922.367     0.990625          145       106.67
   20922.367     0.992188          145       128.00
   20922.367     0.992969          145       142.22
   21069.823     0.993750          146       160.00
   21069.823     1.000000          146          inf
#[Mean    =    14059.211, StdDeviation   =     4059.102]
#[Max     =    21053.440, Total count    =          146]
#[Buckets =           27, SubBuckets     =         2048]
-----------------------------------------------------------------------
  223 requests in 30.00s, 68.13KB read
Requests/sec:      7.43  
Transfer/sec:      2.27KB
