Running 30s test @ http://10.105.171.73/?loopCount=25&base=6&exp=6
  5 threads and 5 connections

  Thread calibration: mean lat.: 122.046ms, rate sampling interval: 463ms
  Thread calibration: mean lat.: 147.798ms, rate sampling interval: 737ms
  Thread calibration: mean lat.: 149.369ms, rate sampling interval: 567ms
  Thread calibration: mean lat.: 125.026ms, rate sampling interval: 453ms
  Thread calibration: mean lat.: 130.493ms, rate sampling interval: 432ms

-----------------------------------------------------------------------
Test Results @ http://10.105.171.73/?loopCount=25&base=6&exp=6 
  Thread Stats   Avg      Stdev     99%   +/- Stdev
    Latency   139.38ms   93.73ms 429.31ms   63.76%
    Req/Sec     9.42      2.42    15.00     75.38%
  Latency Distribution (HdrHistogram - Recorded Latency)
 50.000%  122.37ms
 75.000%  187.26ms
 90.000%  281.09ms
 99.000%  429.31ms
 99.900%  487.68ms
 99.990%  499.45ms
 99.999%  499.45ms
100.000%  499.45ms

  Detailed Percentile spectrum:
       Value   Percentile   TotalCount 1/(1-Percentile)

      24.799     0.000000            1         1.00
      40.863     0.100000          102         1.11
      41.855     0.200000          200         1.25
      64.927     0.300000          300         1.43
     103.039     0.400000          401         1.67
     122.367     0.500000          500         2.00
     128.191     0.550000          550         2.22
     145.663     0.600000          600         2.50
     178.303     0.650000          650         2.86
     182.783     0.700000          703         3.33
     187.391     0.750000          751         4.00
     191.871     0.775000          775         4.44
     197.375     0.800000          800         5.00
     204.671     0.825000          825         5.71
     222.975     0.850000          851         6.67
     241.919     0.875000          875         8.00
     277.247     0.887500          888         8.89
     281.343     0.900000          900        10.00
     283.903     0.912500          912        11.43
     288.767     0.925000          925        13.33
     294.399     0.937500          937        16.00
     298.751     0.943750          943        17.78
     304.639     0.950000          950        20.00
     317.183     0.956250          956        22.86
     329.727     0.962500          962        26.67
     376.831     0.968750          968        32.00
     381.695     0.971875          971        35.56
     387.327     0.975000          976        40.00
     393.215     0.978125          978        45.71
     399.359     0.981250          981        53.33
     418.815     0.984375          985        64.00
     418.815     0.985938          985        71.11
     421.887     0.987500          987        80.00
     429.311     0.989062          989        91.43
     441.087     0.990625          990       106.67
     478.463     0.992188          992       128.00
     478.463     0.992969          992       142.22
     478.719     0.993750          993       160.00
     479.231     0.994531          994       182.86
     479.999     0.995313          995       213.33
     481.791     0.996094          996       256.00
     481.791     0.996484          996       284.44
     481.791     0.996875          996       320.00
     485.119     0.997266          997       365.71
     485.119     0.997656          997       426.67
     487.679     0.998047          998       512.00
     487.679     0.998242          998       568.89
     487.679     0.998437          998       640.00
     487.679     0.998633          998       731.43
     487.679     0.998828          998       853.33
     499.455     0.999023          999      1024.00
     499.455     1.000000          999          inf
#[Mean    =      139.376, StdDeviation   =       93.728]
#[Max     =      499.200, Total count    =          999]
#[Buckets =           27, SubBuckets     =         2048]
-----------------------------------------------------------------------
  1491 requests in 30.00s, 454.75KB read
Requests/sec:     49.70  
Transfer/sec:     15.16KB
