Running 30s test @ http://10.102.162.84/?loopCount=25&base=6&exp=6
  5 threads and 5 connections

  Thread calibration: mean lat.: 513.282ms, rate sampling interval: 2070ms
  Thread calibration: mean lat.: 812.633ms, rate sampling interval: 2242ms
  Thread calibration: mean lat.: 391.400ms, rate sampling interval: 1439ms
  Thread calibration: mean lat.: 732.010ms, rate sampling interval: 2445ms
  Thread calibration: mean lat.: 509.336ms, rate sampling interval: 1846ms

-----------------------------------------------------------------------
Test Results @ http://10.102.162.84/?loopCount=25&base=6&exp=6 
  Thread Stats   Avg      Stdev     99%   +/- Stdev
    Latency     2.12s   661.11ms   3.52s    64.30%
    Req/Sec     8.65      0.92    11.00     93.75%
  Latency Distribution (HdrHistogram - Recorded Latency)
 50.000%    2.04s 
 75.000%    2.57s 
 90.000%    3.13s 
 99.000%    3.52s 
 99.900%    3.71s 
 99.990%    3.79s 
 99.999%    3.79s 
100.000%    3.79s 

  Detailed Percentile spectrum:
       Value   Percentile   TotalCount 1/(1-Percentile)

     928.767     0.000000            1         1.00
    1226.751     0.100000           91         1.11
    1537.023     0.200000          181         1.25
    1719.295     0.300000          271         1.43
    1832.959     0.400000          362         1.67
    2036.735     0.500000          452         2.00
    2168.831     0.550000          499         2.22
    2275.327     0.600000          542         2.50
    2369.535     0.650000          588         2.86
    2416.639     0.700000          632         3.33
    2568.191     0.750000          677         4.00
    2615.295     0.775000          700         4.44
    2715.647     0.800000          723         5.00
    2818.047     0.825000          745         5.71
    2871.295     0.850000          769         6.67
    2932.735     0.875000          790         8.00
    3071.999     0.887500          801         8.89
    3125.247     0.900000          812        10.00
    3211.263     0.912500          824        11.43
    3276.799     0.925000          835        13.33
    3321.855     0.937500          847        16.00
    3350.527     0.943750          852        17.78
    3393.535     0.950000          857        20.00
    3416.063     0.956250          863        22.86
    3446.783     0.962500          869        26.67
    3475.455     0.968750          875        32.00
    3477.503     0.971875          878        35.56
    3481.599     0.975000          880        40.00
    3497.983     0.978125          883        45.71
    3502.079     0.981250          886        53.33
    3512.319     0.984375          888        64.00
    3514.367     0.985938          890        71.11
    3516.415     0.987500          891        80.00
    3520.511     0.989062          893        91.43
    3522.559     0.990625          894       106.67
    3547.135     0.992188          895       128.00
    3573.759     0.992969          896       142.22
    3588.095     0.993750          897       160.00
    3594.239     0.994531          898       182.86
    3594.239     0.995313          898       213.33
    3624.959     0.996094          899       256.00
    3624.959     0.996484          899       284.44
    3672.063     0.996875          900       320.00
    3672.063     0.997266          900       365.71
    3672.063     0.997656          900       426.67
    3713.023     0.998047          901       512.00
    3713.023     0.998242          901       568.89
    3713.023     0.998437          901       640.00
    3713.023     0.998633          901       731.43
    3713.023     0.998828          901       853.33
    3788.799     0.999023          902      1024.00
    3788.799     1.000000          902          inf
#[Mean    =     2121.284, StdDeviation   =      661.108]
#[Max     =     3786.752, Total count    =          902]
#[Buckets =           27, SubBuckets     =         2048]
-----------------------------------------------------------------------
  1343 requests in 30.00s, 409.92KB read
Requests/sec:     44.76  
Transfer/sec:     13.66KB
