Running 30s test @ http://10.109.57.137/?loopCount=25&base=6&exp=6
  1 threads and 1 connections

  Thread calibration: mean lat.: 114.033ms, rate sampling interval: 301ms

-----------------------------------------------------------------------
Test Results @ http://10.109.57.137/?loopCount=25&base=6&exp=6 
  Thread Stats   Avg      Stdev     99%   +/- Stdev
    Latency   283.75ms   60.67ms 364.54ms   60.12%
    Req/Sec    24.32      1.49    26.00    100.00%
  Latency Distribution (HdrHistogram - Recorded Latency)
 50.000%  296.96ms
 75.000%  337.66ms
 90.000%  352.26ms
 99.000%  364.54ms
 99.900%  371.45ms
 99.990%  371.45ms
 99.999%  371.45ms
100.000%  371.45ms

  Detailed Percentile spectrum:
       Value   Percentile   TotalCount 1/(1-Percentile)

     157.567     0.000000            1         1.00
     193.663     0.100000           50         1.11
     218.623     0.200000          100         1.25
     242.687     0.300000          150         1.43
     275.199     0.400000          198         1.67
     296.959     0.500000          247         2.00
     312.575     0.550000          273         2.22
     319.743     0.600000          297         2.50
     329.471     0.650000          322         2.86
     333.055     0.700000          347         3.33
     337.663     0.750000          371         4.00
     339.455     0.775000          384         4.44
     341.759     0.800000          396         5.00
     344.319     0.825000          409         5.71
     346.111     0.850000          420         6.67
     349.695     0.875000          434         8.00
     351.231     0.887500          439         8.89
     352.255     0.900000          445        10.00
     353.791     0.912500          451        11.43
     354.815     0.925000          457        13.33
     356.351     0.937500          465        16.00
     357.119     0.943750          469        17.78
     357.375     0.950000          470        20.00
     358.911     0.956250          474        22.86
     359.679     0.962500          477        26.67
     360.959     0.968750          479        32.00
     361.471     0.971875          481        35.56
     361.727     0.975000          482        40.00
     363.007     0.978125          485        45.71
     363.007     0.981250          485        53.33
     363.519     0.984375          487        64.00
     363.775     0.985938          488        71.11
     363.775     0.987500          488        80.00
     364.543     0.989062          489        91.43
     365.823     0.990625          490       106.67
     367.359     0.992188          491       128.00
     367.359     0.992969          491       142.22
     367.359     0.993750          491       160.00
     369.407     0.994531          492       182.86
     369.407     0.995313          492       213.33
     369.919     0.996094          493       256.00
     369.919     0.996484          493       284.44
     369.919     0.996875          493       320.00
     369.919     0.997266          493       365.71
     369.919     0.997656          493       426.67
     371.455     0.998047          494       512.00
     371.455     1.000000          494          inf
#[Mean    =      283.746, StdDeviation   =       60.667]
#[Max     =      371.200, Total count    =          494]
#[Buckets =           27, SubBuckets     =         2048]
-----------------------------------------------------------------------
  740 requests in 30.00s, 225.47KB read
Requests/sec:     24.66  
Transfer/sec:      7.52KB
