Running 30s test @ http://10.109.57.137/?loopCount=25&base=6&exp=6
  5 threads and 5 connections

  Thread calibration: mean lat.: 1735.449ms, rate sampling interval: 6156ms
  Thread calibration: mean lat.: 1466.141ms, rate sampling interval: 5500ms
  Thread calibration: mean lat.: 1702.644ms, rate sampling interval: 6041ms
  Thread calibration: mean lat.: 1813.279ms, rate sampling interval: 5832ms
  Thread calibration: mean lat.: 1274.845ms, rate sampling interval: 4722ms

-----------------------------------------------------------------------
Test Results @ http://10.109.57.137/?loopCount=25&base=6&exp=6 
  Thread Stats   Avg      Stdev     99%   +/- Stdev
    Latency     6.11s     1.69s    9.11s    58.77%
    Req/Sec    10.12      0.48    11.00    100.00%
  Latency Distribution (HdrHistogram - Recorded Latency)
 50.000%    6.12s 
 75.000%    7.49s 
 90.000%    8.44s 
 99.000%    9.11s 
 99.900%    9.27s 
 99.990%    9.27s 
 99.999%    9.27s 
100.000%    9.27s 

  Detailed Percentile spectrum:
       Value   Percentile   TotalCount 1/(1-Percentile)

    2615.295     0.000000            1         1.00
    3784.703     0.100000          106         1.11
    4407.295     0.200000          212         1.25
    4980.735     0.300000          318         1.43
    5603.327     0.400000          424         1.67
    6123.519     0.500000          530         2.00
    6393.855     0.550000          584         2.22
    6668.287     0.600000          636         2.50
    6991.871     0.650000          689         2.86
    7299.071     0.700000          742         3.33
    7491.583     0.750000          795         4.00
    7692.287     0.775000          822         4.44
    7843.839     0.800000          848         5.00
    7966.719     0.825000          876         5.71
    8126.463     0.850000          901         6.67
    8294.399     0.875000          928         8.00
    8384.511     0.887500          941         8.89
    8437.759     0.900000          954        10.00
    8552.447     0.912500          968        11.43
    8626.175     0.925000          981        13.33
    8716.287     0.937500          996        16.00
    8773.631     0.943750         1004        17.78
    8790.015     0.950000         1007        20.00
    8814.591     0.956250         1014        22.86
    8839.167     0.962500         1021        26.67
    8880.127     0.968750         1027        32.00
    8896.511     0.971875         1033        35.56
    8912.895     0.975000         1035        40.00
    8921.087     0.978125         1039        45.71
    8937.471     0.981250         1041        53.33
    8970.239     0.984375         1044        64.00
    8986.623     0.985938         1046        71.11
    8994.815     0.987500         1047        80.00
    9109.503     0.989062         1049        91.43
    9142.271     0.990625         1051       106.67
    9150.463     0.992188         1053       128.00
    9150.463     0.992969         1053       142.22
    9158.655     0.993750         1054       160.00
    9183.231     0.994531         1056       182.86
    9183.231     0.995313         1056       213.33
    9183.231     0.996094         1056       256.00
    9199.615     0.996484         1057       284.44
    9199.615     0.996875         1057       320.00
    9265.151     0.997266         1059       365.71
    9265.151     0.997656         1059       426.67
    9265.151     0.998047         1059       512.00
    9265.151     0.998242         1059       568.89
    9265.151     0.998437         1059       640.00
    9265.151     0.998633         1059       731.43
    9265.151     0.998828         1059       853.33
    9265.151     0.999023         1059      1024.00
    9273.343     0.999121         1060      1137.78
    9273.343     1.000000         1060          inf
#[Mean    =     6113.983, StdDeviation   =     1694.833]
#[Max     =     9265.152, Total count    =         1060]
#[Buckets =           27, SubBuckets     =         2048]
-----------------------------------------------------------------------
  1573 requests in 30.00s, 479.83KB read
Requests/sec:     52.43  
Transfer/sec:     15.99KB
