Running 30s test @ http://10.109.57.137/?loopCount=25&base=6&exp=6
  5 threads and 5 connections

  Thread calibration: mean lat.: 359.395ms, rate sampling interval: 1250ms
  Thread calibration: mean lat.: 225.125ms, rate sampling interval: 658ms
  Thread calibration: mean lat.: 157.104ms, rate sampling interval: 535ms
  Thread calibration: mean lat.: 153.507ms, rate sampling interval: 551ms
  Thread calibration: mean lat.: 261.279ms, rate sampling interval: 978ms

-----------------------------------------------------------------------
Test Results @ http://10.109.57.137/?loopCount=25&base=6&exp=6 
  Thread Stats   Avg      Stdev     99%   +/- Stdev
    Latency   330.66ms  209.44ms 846.34ms   67.20%
    Req/Sec     9.67      1.51    14.00     85.51%
  Latency Distribution (HdrHistogram - Recorded Latency)
 50.000%  283.90ms
 75.000%  467.20ms
 90.000%  656.90ms
 99.000%  846.34ms
 99.900%  914.94ms
 99.990%  958.46ms
 99.999%  958.46ms
100.000%  958.46ms

  Detailed Percentile spectrum:
       Value   Percentile   TotalCount 1/(1-Percentile)

      31.887     0.000000            1         1.00
      95.167     0.100000          101         1.11
     146.815     0.200000          201         1.25
     174.591     0.300000          301         1.43
     225.663     0.400000          402         1.67
     283.903     0.500000          502         2.00
     315.135     0.550000          553         2.22
     336.895     0.600000          602         2.50
     365.055     0.650000          652         2.86
     428.287     0.700000          703         3.33
     468.991     0.750000          753         4.00
     512.255     0.775000          778         4.44
     527.359     0.800000          803         5.00
     550.399     0.825000          828         5.71
     586.751     0.850000          853         6.67
     632.831     0.875000          879         8.00
     646.655     0.887500          891         8.89
     656.895     0.900000          903        10.00
     671.231     0.912500          916        11.43
     691.199     0.925000          928        13.33
     718.335     0.937500          942        16.00
     725.503     0.943750          948        17.78
     739.839     0.950000          954        20.00
     756.735     0.956250          960        22.86
     764.415     0.962500          966        26.67
     776.191     0.968750          972        32.00
     785.919     0.971875          975        35.56
     792.575     0.975000          978        40.00
     820.735     0.978125          982        45.71
     827.903     0.981250          985        53.33
     833.535     0.984375          988        64.00
     839.167     0.985938          989        71.11
     841.727     0.987500          991        80.00
     846.335     0.989062          993        91.43
     848.383     0.990625          994       106.67
     857.599     0.992188          996       128.00
     857.599     0.992969          996       142.22
     858.111     0.993750          997       160.00
     889.343     0.994531          998       182.86
     892.415     0.995313          999       213.33
     913.919     0.996094         1000       256.00
     913.919     0.996484         1000       284.44
     913.919     0.996875         1000       320.00
     914.943     0.997266         1002       365.71
     914.943     0.997656         1002       426.67
     914.943     0.998047         1002       512.00
     914.943     0.998242         1002       568.89
     914.943     0.998437         1002       640.00
     914.943     0.998633         1002       731.43
     914.943     0.998828         1002       853.33
     958.463     0.999023         1003      1024.00
     958.463     1.000000         1003          inf
#[Mean    =      330.657, StdDeviation   =      209.444]
#[Max     =      957.952, Total count    =         1003]
#[Buckets =           27, SubBuckets     =         2048]
-----------------------------------------------------------------------
  1483 requests in 30.00s, 452.43KB read
Requests/sec:     49.43  
Transfer/sec:     15.08KB
