Running 30s test @ http://10.102.95.213/?loopCount=25&base=6&exp=6
  1 threads and 1 connections

  Thread calibration: mean lat.: 3211.973ms, rate sampling interval: 12427ms

-----------------------------------------------------------------------
Test Results @ http://10.102.95.213/?loopCount=25&base=6&exp=6 
  Thread Stats   Avg      Stdev     99%   +/- Stdev
    Latency    14.34s     4.06s   21.38s    57.86%
    Req/Sec     7.00      0.00     7.00    100.00%
  Latency Distribution (HdrHistogram - Recorded Latency)
 50.000%   14.25s 
 75.000%   17.94s 
 90.000%   19.79s 
 99.000%   21.38s 
 99.900%   21.45s 
 99.990%   21.45s 
 99.999%   21.45s 
100.000%   21.45s 

  Detailed Percentile spectrum:
       Value   Percentile   TotalCount 1/(1-Percentile)

    7200.767     0.000000            1         1.00
    8781.823     0.100000           14         1.11
   10125.311     0.200000           28         1.25
   11468.799     0.300000           42         1.43
   12812.287     0.400000           56         1.67
   14254.079     0.500000           70         2.00
   14974.975     0.550000           77         2.22
   15671.295     0.600000           84         2.50
   16310.271     0.650000           91         2.86
   17121.279     0.700000           98         3.33
   17940.479     0.750000          105         4.00
   18300.927     0.775000          109         4.44
   18546.687     0.800000          112         5.00
   18923.519     0.825000          116         5.71
   19185.663     0.850000          119         6.67
   19611.647     0.875000          123         8.00
   19677.183     0.887500          125         8.89
   19791.871     0.900000          126        10.00
   20021.247     0.912500          128        11.43
   20348.927     0.925000          130        13.33
   20545.535     0.937500          132        16.00
   20709.375     0.943750          133        17.78
   20709.375     0.950000          133        20.00
   20774.911     0.956250          134        22.86
   20840.447     0.962500          135        26.67
   20987.903     0.968750          136        32.00
   21069.823     0.971875          137        35.56
   21069.823     0.975000          137        40.00
   21069.823     0.978125          137        45.71
   21135.359     0.981250          138        53.33
   21135.359     0.984375          138        64.00
   21381.119     0.985938          139        71.11
   21381.119     0.987500          139        80.00
   21381.119     0.989062          139        91.43
   21381.119     0.990625          139       106.67
   21381.119     0.992188          139       128.00
   21446.655     0.992969          140       142.22
   21446.655     1.000000          140          inf
#[Mean    =    14343.373, StdDeviation   =     4056.005]
#[Max     =    21430.272, Total count    =          140]
#[Buckets =           27, SubBuckets     =         2048]
-----------------------------------------------------------------------
  213 requests in 30.01s, 65.07KB read
Requests/sec:      7.10  
Transfer/sec:      2.17KB
