Running 30s test @ http://10.102.95.213/?loopCount=25&base=6&exp=6
  5 threads and 5 connections

  Thread calibration: mean lat.: 117.959ms, rate sampling interval: 476ms
  Thread calibration: mean lat.: 162.053ms, rate sampling interval: 680ms
  Thread calibration: mean lat.: 186.126ms, rate sampling interval: 700ms
  Thread calibration: mean lat.: 113.918ms, rate sampling interval: 481ms
  Thread calibration: mean lat.: 168.696ms, rate sampling interval: 683ms

-----------------------------------------------------------------------
Test Results @ http://10.102.95.213/?loopCount=25&base=6&exp=6 
  Thread Stats   Avg      Stdev     99%   +/- Stdev
    Latency   132.35ms  109.72ms 577.02ms   85.03%
    Req/Sec     9.61      2.04    14.00     86.39%
  Latency Distribution (HdrHistogram - Recorded Latency)
 50.000%   97.09ms
 75.000%  164.10ms
 90.000%  255.23ms
 99.000%  577.02ms
 99.900%  678.40ms
 99.990%  737.28ms
 99.999%  737.28ms
100.000%  737.28ms

  Detailed Percentile spectrum:
       Value   Percentile   TotalCount 1/(1-Percentile)

      21.695     0.000000            1         1.00
      40.863     0.100000          101         1.11
      41.631     0.200000          202         1.25
      43.039     0.300000          301         1.43
      78.399     0.400000          401         1.67
      97.087     0.500000          501         2.00
     136.575     0.550000          552         2.22
     141.695     0.600000          602         2.50
     146.431     0.650000          654         2.86
     152.063     0.700000          702         3.33
     164.095     0.750000          753         4.00
     178.815     0.775000          777         4.44
     186.879     0.800000          802         5.00
     211.327     0.825000          827         5.71
     241.535     0.850000          852         6.67
     246.015     0.875000          877         8.00
     249.727     0.887500          890         8.89
     255.231     0.900000          902        10.00
     270.079     0.912500          915        11.43
     284.415     0.925000          927        13.33
     333.823     0.937500          940        16.00
     339.199     0.943750          946        17.78
     343.807     0.950000          952        20.00
     348.159     0.956250          959        22.86
     355.839     0.962500          965        26.67
     393.471     0.968750          971        32.00
     438.015     0.971875          974        35.56
     446.207     0.975000          977        40.00
     455.423     0.978125          981        45.71
     498.175     0.981250          984        53.33
     544.255     0.984375          987        64.00
     545.279     0.985938          988        71.11
     558.591     0.987500          990        80.00
     577.023     0.989062          992        91.43
     582.143     0.990625          993       106.67
     618.495     0.992188          995       128.00
     618.495     0.992969          995       142.22
     636.415     0.993750          996       160.00
     637.951     0.994531          997       182.86
     642.047     0.995313          998       213.33
     642.559     0.996094          999       256.00
     642.559     0.996484          999       284.44
     642.559     0.996875          999       320.00
     657.919     0.997266         1000       365.71
     657.919     0.997656         1000       426.67
     678.399     0.998047         1001       512.00
     678.399     0.998242         1001       568.89
     678.399     0.998437         1001       640.00
     678.399     0.998633         1001       731.43
     678.399     0.998828         1001       853.33
     737.279     0.999023         1002      1024.00
     737.279     1.000000         1002          inf
#[Mean    =      132.347, StdDeviation   =      109.724]
#[Max     =      736.768, Total count    =         1002]
#[Buckets =           27, SubBuckets     =         2048]
-----------------------------------------------------------------------
  1492 requests in 30.00s, 455.05KB read
Requests/sec:     49.73  
Transfer/sec:     15.17KB
