Running 30s test @ http://10.102.95.213/?loopCount=25&base=6&exp=6
  5 threads and 5 connections

  Thread calibration: mean lat.: 769.315ms, rate sampling interval: 3076ms
  Thread calibration: mean lat.: 1232.903ms, rate sampling interval: 3516ms
  Thread calibration: mean lat.: 774.399ms, rate sampling interval: 3803ms
  Thread calibration: mean lat.: 980.881ms, rate sampling interval: 3393ms
  Thread calibration: mean lat.: 786.352ms, rate sampling interval: 2191ms

-----------------------------------------------------------------------
Test Results @ http://10.102.95.213/?loopCount=25&base=6&exp=6 
  Thread Stats   Avg      Stdev     99%   +/- Stdev
    Latency     3.28s     1.22s    5.43s    54.12%
    Req/Sec    12.20      1.72    17.00     93.33%
  Latency Distribution (HdrHistogram - Recorded Latency)
 50.000%    3.19s 
 75.000%    4.40s 
 90.000%    4.94s 
 99.000%    5.43s 
 99.900%    5.64s 
 99.990%    5.65s 
 99.999%    5.65s 
100.000%    5.65s 

  Detailed Percentile spectrum:
       Value   Percentile   TotalCount 1/(1-Percentile)

     898.559     0.000000            1         1.00
    1694.719     0.100000          128         1.11
    1935.359     0.200000          255         1.25
    2390.015     0.300000          383         1.43
    2856.959     0.400000          510         1.67
    3190.783     0.500000          638         2.00
    3401.727     0.550000          702         2.22
    3608.575     0.600000          765         2.50
    3942.399     0.650000          829         2.86
    4284.415     0.700000          895         3.33
    4407.295     0.750000          958         4.00
    4493.311     0.775000          991         4.44
    4567.039     0.800000         1021         5.00
    4640.767     0.825000         1052         5.71
    4788.223     0.850000         1085         6.67
    4890.623     0.875000         1120         8.00
    4919.295     0.887500         1136         8.89
    4943.871     0.900000         1149        10.00
    4972.543     0.912500         1166        11.43
    5001.215     0.925000         1180        13.33
    5042.175     0.937500         1196        16.00
    5062.655     0.943750         1205        17.78
    5087.231     0.950000         1215        20.00
    5099.519     0.956250         1220        22.86
    5124.095     0.962500         1229        26.67
    5181.439     0.968750         1236        32.00
    5189.631     0.971875         1240        35.56
    5218.303     0.975000         1245        40.00
    5251.071     0.978125         1248        45.71
    5296.127     0.981250         1252        53.33
    5324.799     0.984375         1256        64.00
    5349.375     0.985938         1258        71.11
    5353.471     0.987500         1260        80.00
    5427.199     0.989062         1262        91.43
    5545.983     0.990625         1264       106.67
    5570.559     0.992188         1267       128.00
    5570.559     0.992969         1267       142.22
    5595.135     0.993750         1269       160.00
    5595.135     0.994531         1269       182.86
    5599.231     0.995313         1270       213.33
    5611.519     0.996094         1271       256.00
    5611.519     0.996484         1271       284.44
    5619.711     0.996875         1272       320.00
    5619.711     0.997266         1272       365.71
    5623.807     0.997656         1273       426.67
    5623.807     0.998047         1273       512.00
    5623.807     0.998242         1273       568.89
    5644.287     0.998437         1274       640.00
    5644.287     0.998633         1274       731.43
    5644.287     0.998828         1274       853.33
    5644.287     0.999023         1274      1024.00
    5644.287     0.999121         1274      1137.78
    5648.383     0.999219         1275      1280.00
    5648.383     1.000000         1275          inf
#[Mean    =     3278.675, StdDeviation   =     1220.118]
#[Max     =     5644.288, Total count    =         1275]
#[Buckets =           27, SubBuckets     =         2048]
-----------------------------------------------------------------------
  1895 requests in 30.00s, 577.95KB read
Requests/sec:     63.16  
Transfer/sec:     19.26KB
