Running 30s test @ http://10.104.20.163/?loopCount=25&base=6&exp=6
  5 threads and 5 connections

  Thread calibration: mean lat.: 63.159ms, rate sampling interval: 257ms
  Thread calibration: mean lat.: 71.382ms, rate sampling interval: 264ms
  Thread calibration: mean lat.: 71.006ms, rate sampling interval: 242ms
  Thread calibration: mean lat.: 77.015ms, rate sampling interval: 314ms
  Thread calibration: mean lat.: 97.008ms, rate sampling interval: 429ms

-----------------------------------------------------------------------
Test Results @ http://10.104.20.163/?loopCount=25&base=6&exp=6 
  Thread Stats   Avg      Stdev     99%   +/- Stdev
    Latency    66.13ms   38.76ms 215.81ms   76.32%
    Req/Sec     9.51      2.49    15.00     89.21%
  Latency Distribution (HdrHistogram - Recorded Latency)
 50.000%   45.85ms
 75.000%   77.57ms
 90.000%  123.65ms
 99.000%  215.81ms
 99.900%  231.04ms
 99.990%  235.52ms
 99.999%  235.52ms
100.000%  235.52ms

  Detailed Percentile spectrum:
       Value   Percentile   TotalCount 1/(1-Percentile)

      24.239     0.000000            1         1.00
      40.799     0.100000          104         1.11
      41.407     0.200000          207         1.25
      41.887     0.300000          304         1.43
      42.751     0.400000          402         1.67
      45.855     0.500000          501         2.00
      47.391     0.550000          551         2.22
      49.695     0.600000          601         2.50
      53.247     0.650000          651         2.86
      58.271     0.700000          701         3.33
      77.567     0.750000          751         4.00
     113.023     0.775000          776         4.44
     114.367     0.800000          802         5.00
     115.711     0.825000          827         5.71
     117.503     0.850000          852         6.67
     120.703     0.875000          877         8.00
     122.047     0.887500          889         8.89
     123.647     0.900000          901        10.00
     126.015     0.912500          914        11.43
     129.087     0.925000          926        13.33
     131.711     0.937500          939        16.00
     135.551     0.943750          945        17.78
     137.727     0.950000          951        20.00
     139.519     0.956250          959        22.86
     141.823     0.962500          964        26.67
     146.431     0.968750          970        32.00
     147.583     0.971875          973        35.56
     151.935     0.975000          976        40.00
     156.799     0.978125          980        45.71
     158.975     0.981250          983        53.33
     168.703     0.984375          986        64.00
     212.479     0.985938          987        71.11
     212.863     0.987500          989        80.00
     215.807     0.989062          991        91.43
     218.367     0.990625          992       106.67
     218.751     0.992188          994       128.00
     218.751     0.992969          994       142.22
     218.879     0.993750          995       160.00
     219.391     0.994531          996       182.86
     219.903     0.995313          997       213.33
     224.383     0.996094          998       256.00
     224.383     0.996484          998       284.44
     224.383     0.996875          998       320.00
     225.919     0.997266          999       365.71
     225.919     0.997656          999       426.67
     231.039     0.998047         1000       512.00
     231.039     0.998242         1000       568.89
     231.039     0.998437         1000       640.00
     231.039     0.998633         1000       731.43
     231.039     0.998828         1000       853.33
     235.519     0.999023         1001      1024.00
     235.519     1.000000         1001          inf
#[Mean    =       66.127, StdDeviation   =       38.761]
#[Max     =      235.392, Total count    =         1001]
#[Buckets =           27, SubBuckets     =         2048]
-----------------------------------------------------------------------
  1495 requests in 30.00s, 455.78KB read
Requests/sec:     49.83  
Transfer/sec:     15.19KB
