Running 30s test @ http://10.104.20.163/?loopCount=25&base=6&exp=6
  5 threads and 5 connections

  Thread calibration: mean lat.: 811.417ms, rate sampling interval: 2795ms
  Thread calibration: mean lat.: 795.099ms, rate sampling interval: 3084ms
  Thread calibration: mean lat.: 961.521ms, rate sampling interval: 3127ms
  Thread calibration: mean lat.: 709.828ms, rate sampling interval: 3043ms
  Thread calibration: mean lat.: 783.559ms, rate sampling interval: 2955ms

-----------------------------------------------------------------------
Test Results @ http://10.104.20.163/?loopCount=25&base=6&exp=6 
  Thread Stats   Avg      Stdev     99%   +/- Stdev
    Latency     3.01s   832.23ms   4.56s    61.07%
    Req/Sec    12.32      0.82    14.00    100.00%
  Latency Distribution (HdrHistogram - Recorded Latency)
 50.000%    2.95s 
 75.000%    3.73s 
 90.000%    4.24s 
 99.000%    4.56s 
 99.900%    4.75s 
 99.990%    4.75s 
 99.999%    4.75s 
100.000%    4.75s 

  Detailed Percentile spectrum:
       Value   Percentile   TotalCount 1/(1-Percentile)

    1444.863     0.000000            1         1.00
    1887.231     0.100000          130         1.11
    2240.511     0.200000          259         1.25
    2461.695     0.300000          392         1.43
    2650.111     0.400000          519         1.67
    2951.167     0.500000          647         2.00
    3082.239     0.550000          712         2.22
    3209.215     0.600000          779         2.50
    3362.815     0.650000          841         2.86
    3543.039     0.700000          906         3.33
    3733.503     0.750000          969         4.00
    3829.759     0.775000         1002         4.44
    3893.247     0.800000         1034         5.00
    3950.591     0.825000         1066         5.71
    4046.847     0.850000         1101         6.67
    4186.111     0.875000         1132         8.00
    4222.975     0.887500         1148         8.89
    4243.455     0.900000         1164        10.00
    4272.127     0.912500         1180        11.43
    4292.607     0.925000         1196        13.33
    4358.143     0.937500         1212        16.00
    4395.007     0.943750         1220        17.78
    4415.487     0.950000         1230        20.00
    4423.679     0.956250         1236        22.86
    4431.871     0.962500         1245        26.67
    4444.159     0.968750         1253        32.00
    4448.255     0.971875         1258        35.56
    4452.351     0.975000         1260        40.00
    4468.735     0.978125         1264        45.71
    4505.599     0.981250         1268        53.33
    4521.983     0.984375         1273        64.00
    4526.079     0.985938         1275        71.11
    4530.175     0.987500         1276        80.00
    4546.559     0.989062         1278        91.43
    4567.039     0.990625         1280       106.67
    4575.231     0.992188         1282       128.00
    4583.423     0.992969         1283       142.22
    4591.615     0.993750         1284       160.00
    4612.095     0.994531         1285       182.86
    4616.191     0.995313         1286       213.33
    4620.287     0.996094         1287       256.00
    4636.671     0.996484         1288       284.44
    4636.671     0.996875         1288       320.00
    4714.495     0.997266         1289       365.71
    4714.495     0.997656         1289       426.67
    4722.687     0.998047         1290       512.00
    4722.687     0.998242         1290       568.89
    4722.687     0.998437         1290       640.00
    4747.263     0.998633         1292       731.43
    4747.263     1.000000         1292          inf
#[Mean    =     3014.675, StdDeviation   =      832.234]
#[Max     =     4743.168, Total count    =         1292]
#[Buckets =           27, SubBuckets     =         2048]
-----------------------------------------------------------------------
  1915 requests in 30.01s, 583.84KB read
Requests/sec:     63.82  
Transfer/sec:     19.46KB
