Running 30s test @ http://10.104.20.163/?loopCount=25&base=6&exp=6
  1 threads and 1 connections

  Thread calibration: mean lat.: 1675.693ms, rate sampling interval: 6103ms

-----------------------------------------------------------------------
Test Results @ http://10.104.20.163/?loopCount=25&base=6&exp=6 
  Thread Stats   Avg      Stdev     99%   +/- Stdev
    Latency     7.12s     2.17s   10.81s    55.45%
    Req/Sec    15.00      0.00    15.00    100.00%
  Latency Distribution (HdrHistogram - Recorded Latency)
 50.000%    7.14s 
 75.000%    9.18s 
 90.000%   10.14s 
 99.000%   10.81s 
 99.900%   10.89s 
 99.990%   10.89s 
 99.999%   10.89s 
100.000%   10.89s 

  Detailed Percentile spectrum:
       Value   Percentile   TotalCount 1/(1-Percentile)

    3438.591     0.000000            1         1.00
    4325.375     0.100000           32         1.11
    4771.839     0.200000           63         1.25
    5562.367     0.300000           94         1.43
    6193.151     0.400000          125         1.67
    7139.327     0.500000          157         2.00
    7405.567     0.550000          173         2.22
    7745.535     0.600000          189         2.50
    7995.391     0.650000          203         2.86
    8519.679     0.700000          219         3.33
    9175.039     0.750000          234         4.00
    9412.607     0.775000          242         4.44
    9625.599     0.800000          250         5.00
    9781.247     0.825000          258         5.71
    9838.591     0.850000          267         6.67
    9945.087     0.875000          274         8.00
   10002.431     0.887500          277         8.89
   10141.695     0.900000          282        10.00
   10215.423     0.912500          285        11.43
   10420.223     0.925000          290        13.33
   10477.567     0.937500          293        16.00
   10502.143     0.943750          295        17.78
   10600.447     0.950000          297        20.00
   10649.599     0.956250          299        22.86
   10682.367     0.962500          304        26.67
   10682.367     0.968750          304        32.00
   10682.367     0.971875          304        35.56
   10698.751     0.975000          305        40.00
   10723.327     0.978125          307        45.71
   10723.327     0.981250          307        53.33
   10764.287     0.984375          308        64.00
   10764.287     0.985938          308        71.11
   10805.247     0.987500          310        80.00
   10805.247     0.989062          310        91.43
   10805.247     0.990625          310       106.67
   10805.247     0.992188          310       128.00
   10805.247     0.992969          310       142.22
   10846.207     0.993750          311       160.00
   10846.207     0.994531          311       182.86
   10846.207     0.995313          311       213.33
   10846.207     0.996094          311       256.00
   10846.207     0.996484          311       284.44
   10887.167     0.996875          312       320.00
   10887.167     1.000000          312          inf
#[Mean    =     7121.854, StdDeviation   =     2171.574]
#[Max     =    10878.976, Total count    =          312]
#[Buckets =           27, SubBuckets     =         2048]
-----------------------------------------------------------------------
  478 requests in 30.00s, 145.66KB read
Requests/sec:     15.93  
Transfer/sec:      4.85KB
