Running 30s test @ http://10.111.214.229/?loopCount=25&base=6&exp=6
  5 threads and 5 connections

  Thread calibration: mean lat.: 226.303ms, rate sampling interval: 769ms
  Thread calibration: mean lat.: 313.469ms, rate sampling interval: 984ms
  Thread calibration: mean lat.: 383.719ms, rate sampling interval: 1014ms
  Thread calibration: mean lat.: 216.586ms, rate sampling interval: 915ms
  Thread calibration: mean lat.: 191.060ms, rate sampling interval: 776ms

-----------------------------------------------------------------------
Test Results @ http://10.111.214.229/?loopCount=25&base=6&exp=6 
  Thread Stats   Avg      Stdev     99%   +/- Stdev
    Latency   389.03ms  306.98ms   1.49s    72.18%
    Req/Sec    14.01      2.23    19.00     86.49%
  Latency Distribution (HdrHistogram - Recorded Latency)
 50.000%  340.22ms
 75.000%  542.21ms
 90.000%  781.82ms
 99.000%    1.49s 
 99.900%    1.58s 
 99.990%    1.61s 
 99.999%    1.61s 
100.000%    1.61s 

  Detailed Percentile spectrum:
       Value   Percentile   TotalCount 1/(1-Percentile)

      24.543     0.000000            1         1.00
      61.119     0.100000          145         1.11
     110.207     0.200000          289         1.25
     171.903     0.300000          435         1.43
     253.311     0.400000          578         1.67
     340.223     0.500000          724         2.00
     377.855     0.550000          795         2.22
     413.439     0.600000          867         2.50
     456.703     0.650000          940         2.86
     494.335     0.700000         1013         3.33
     542.207     0.750000         1084         4.00
     574.975     0.775000         1120         4.44
     607.231     0.800000         1157         5.00
     635.391     0.825000         1193         5.71
     676.351     0.850000         1229         6.67
     716.799     0.875000         1267         8.00
     743.935     0.887500         1283         8.89
     781.823     0.900000         1301        10.00
     815.615     0.912500         1320        11.43
     867.327     0.925000         1338        13.33
     909.311     0.937500         1355        16.00
     941.567     0.943750         1364        17.78
     977.919     0.950000         1373        20.00
    1023.487     0.956250         1382        22.86
    1076.223     0.962500         1391        26.67
    1154.047     0.968750         1400        32.00
    1191.935     0.971875         1405        35.56
    1217.535     0.975000         1409        40.00
    1254.399     0.978125         1414        45.71
    1296.383     0.981250         1418        53.33
    1362.943     0.984375         1423        64.00
    1388.543     0.985938         1425        71.11
    1446.911     0.987500         1427        80.00
    1478.655     0.989062         1430        91.43
    1505.279     0.990625         1432       106.67
    1514.495     0.992188         1434       128.00
    1530.879     0.992969         1435       142.22
    1534.975     0.993750         1436       160.00
    1546.239     0.994531         1438       182.86
    1554.431     0.995313         1439       213.33
    1555.455     0.996094         1440       256.00
    1555.455     0.996484         1440       284.44
    1571.839     0.996875         1441       320.00
    1575.935     0.997266         1442       365.71
    1575.935     0.997656         1442       426.67
    1580.031     0.998047         1443       512.00
    1580.031     0.998242         1443       568.89
    1580.031     0.998437         1443       640.00
    1582.079     0.998633         1444       731.43
    1582.079     0.998828         1444       853.33
    1582.079     0.999023         1444      1024.00
    1582.079     0.999121         1444      1137.78
    1582.079     0.999219         1444      1280.00
    1609.727     0.999316         1445      1462.86
    1609.727     1.000000         1445          inf
#[Mean    =      389.027, StdDeviation   =      306.978]
#[Max     =     1608.704, Total count    =         1445]
#[Buckets =           27, SubBuckets     =         2048]
-----------------------------------------------------------------------
  2170 requests in 30.00s, 661.53KB read
Requests/sec:     72.33  
Transfer/sec:     22.05KB
