Running 30s test @ http://10.111.214.229/?loopCount=25&base=6&exp=6
  5 threads and 5 connections

  Thread calibration: mean lat.: 70.688ms, rate sampling interval: 238ms
  Thread calibration: mean lat.: 74.782ms, rate sampling interval: 237ms
  Thread calibration: mean lat.: 75.502ms, rate sampling interval: 241ms
  Thread calibration: mean lat.: 65.766ms, rate sampling interval: 234ms
  Thread calibration: mean lat.: 67.383ms, rate sampling interval: 236ms

-----------------------------------------------------------------------
Test Results @ http://10.111.214.229/?loopCount=25&base=6&exp=6 
  Thread Stats   Avg      Stdev     99%   +/- Stdev
    Latency    71.00ms   43.22ms 217.60ms   79.96%
    Req/Sec     9.50      2.69    17.00     90.19%
  Latency Distribution (HdrHistogram - Recorded Latency)
 50.000%   43.94ms
 75.000%  109.76ms
 90.000%  122.75ms
 99.000%  217.60ms
 99.900%  308.48ms
 99.990%  315.39ms
 99.999%  315.39ms
100.000%  315.39ms

  Detailed Percentile spectrum:
       Value   Percentile   TotalCount 1/(1-Percentile)

      22.511     0.000000            1         1.00
      40.703     0.100000          101         1.11
      41.279     0.200000          203         1.25
      41.759     0.300000          304         1.43
      42.527     0.400000          403         1.67
      43.935     0.500000          501         2.00
      48.639     0.550000          549         2.22
      53.183     0.600000          599         2.50
      66.687     0.650000          649         2.86
     106.239     0.700000          699         3.33
     109.759     0.750000          750         4.00
     111.167     0.775000          774         4.44
     112.703     0.800000          799         5.00
     114.879     0.825000          824         5.71
     117.311     0.850000          849         6.67
     119.295     0.875000          874         8.00
     121.343     0.887500          886         8.89
     123.583     0.900000          899        10.00
     126.399     0.912500          912        11.43
     128.511     0.925000          924        13.33
     131.711     0.937500          936        16.00
     133.759     0.943750          943        17.78
     135.807     0.950000          950        20.00
     139.775     0.956250          955        22.86
     142.847     0.962500          962        26.67
     148.095     0.968750          967        32.00
     152.063     0.971875          970        35.56
     167.807     0.975000          974        40.00
     207.359     0.978125          977        45.71
     209.535     0.981250          980        53.33
     212.351     0.984375          983        64.00
     212.863     0.985938          984        71.11
     213.247     0.987500          986        80.00
     217.599     0.989062          988        91.43
     219.263     0.990625          989       106.67
     226.303     0.992188          991       128.00
     226.303     0.992969          991       142.22
     227.071     0.993750          992       160.00
     237.055     0.994531          993       182.86
     249.087     0.995313          994       213.33
     270.079     0.996094          995       256.00
     270.079     0.996484          995       284.44
     270.079     0.996875          995       320.00
     296.191     0.997266          996       365.71
     296.191     0.997656          996       426.67
     308.479     0.998047          997       512.00
     308.479     0.998242          997       568.89
     308.479     0.998437          997       640.00
     308.479     0.998633          997       731.43
     308.479     0.998828          997       853.33
     315.391     0.999023          998      1024.00
     315.391     1.000000          998          inf
#[Mean    =       71.003, StdDeviation   =       43.219]
#[Max     =      315.136, Total count    =          998]
#[Buckets =           27, SubBuckets     =         2048]
-----------------------------------------------------------------------
  1493 requests in 30.00s, 455.23KB read
Requests/sec:     49.76  
Transfer/sec:     15.17KB
