Running 30s test @ http://10.111.214.229/?loopCount=25&base=6&exp=6
  1 threads and 1 connections

  Thread calibration: mean lat.: 852.014ms, rate sampling interval: 3108ms

-----------------------------------------------------------------------
Test Results @ http://10.111.214.229/?loopCount=25&base=6&exp=6 
  Thread Stats   Avg      Stdev     99%   +/- Stdev
    Latency     3.13s   841.76ms   4.49s    55.92%
    Req/Sec    21.00      0.58    22.00    100.00%
  Latency Distribution (HdrHistogram - Recorded Latency)
 50.000%    3.12s 
 75.000%    3.95s 
 90.000%    4.29s 
 99.000%    4.49s 
 99.900%    4.53s 
 99.990%    4.53s 
 99.999%    4.53s 
100.000%    4.53s 

  Detailed Percentile spectrum:
       Value   Percentile   TotalCount 1/(1-Percentile)

    1784.831     0.000000            2         1.00
    2033.663     0.100000           44         1.11
    2277.375     0.200000           87         1.25
    2459.647     0.300000          130         1.43
    2805.759     0.400000          173         1.67
    3115.007     0.500000          216         2.00
    3254.271     0.550000          240         2.22
    3475.455     0.600000          261         2.50
    3694.591     0.650000          281         2.86
    3817.471     0.700000          302         3.33
    3946.495     0.750000          325         4.00
    3981.311     0.775000          335         4.44
    4034.559     0.800000          346         5.00
    4089.855     0.825000          357         5.71
    4130.815     0.850000          367         6.67
    4167.679     0.875000          378         8.00
    4188.159     0.887500          384         8.89
    4292.607     0.900000          388        10.00
    4337.663     0.912500          395        11.43
    4378.623     0.925000          403        13.33
    4382.719     0.937500          405        16.00
    4386.815     0.943750          407        17.78
    4448.255     0.950000          416        20.00
    4448.255     0.956250          416        22.86
    4448.255     0.962500          416        26.67
    4452.351     0.968750          418        32.00
    4456.447     0.971875          420        35.56
    4464.639     0.975000          422        40.00
    4464.639     0.978125          422        45.71
    4468.735     0.981250          425        53.33
    4468.735     0.984375          425        64.00
    4468.735     0.985938          425        71.11
    4485.119     0.987500          427        80.00
    4485.119     0.989062          427        91.43
    4485.119     0.990625          427       106.67
    4493.311     0.992188          428       128.00
    4493.311     0.992969          428       142.22
    4497.407     0.993750          429       160.00
    4497.407     0.994531          429       182.86
    4497.407     0.995313          429       213.33
    4526.079     0.996094          431       256.00
    4526.079     1.000000          431          inf
#[Mean    =     3134.873, StdDeviation   =      841.762]
#[Max     =     4521.984, Total count    =          431]
#[Buckets =           27, SubBuckets     =         2048]
-----------------------------------------------------------------------
  636 requests in 30.00s, 193.78KB read
Requests/sec:     21.20  
Transfer/sec:      6.46KB
