Running 30s test @ http://10.105.194.13/?loopCount=25&base=6&exp=6
  5 threads and 5 connections

  Thread calibration: mean lat.: 84.548ms, rate sampling interval: 347ms
  Thread calibration: mean lat.: 83.840ms, rate sampling interval: 347ms
  Thread calibration: mean lat.: 80.180ms, rate sampling interval: 260ms
  Thread calibration: mean lat.: 80.880ms, rate sampling interval: 251ms
  Thread calibration: mean lat.: 81.808ms, rate sampling interval: 328ms

-----------------------------------------------------------------------
Test Results @ http://10.105.194.13/?loopCount=25&base=6&exp=6 
  Thread Stats   Avg      Stdev     99%   +/- Stdev
    Latency    78.80ms   46.89ms 216.83ms   87.56%
    Req/Sec     9.47      2.48    16.00     91.49%
  Latency Distribution (HdrHistogram - Recorded Latency)
 50.000%   64.51ms
 75.000%  101.25ms
 90.000%  130.88ms
 99.000%  216.83ms
 99.900%  291.84ms
 99.990%  310.78ms
 99.999%  310.78ms
100.000%  310.78ms

  Detailed Percentile spectrum:
       Value   Percentile   TotalCount 1/(1-Percentile)

      22.959     0.000000            1         1.00
      40.799     0.100000          107         1.11
      41.215     0.200000          200         1.25
      42.047     0.300000          304         1.43
      42.879     0.400000          400         1.67
      64.511     0.500000          499         2.00
      82.751     0.550000          549         2.22
      90.431     0.600000          599         2.50
      93.823     0.650000          652         2.86
      97.215     0.700000          699         3.33
     101.247     0.750000          750         4.00
     102.399     0.775000          773         4.44
     104.959     0.800000          798         5.00
     107.519     0.825000          823         5.71
     109.759     0.850000          848         6.67
     116.927     0.875000          873         8.00
     121.791     0.887500          885         8.89
     131.071     0.900000          898        10.00
     172.799     0.912500          910        11.43
     174.335     0.925000          924        13.33
     176.639     0.937500          935        16.00
     178.175     0.943750          941        17.78
     180.735     0.950000          948        20.00
     182.911     0.956250          954        22.86
     186.239     0.962500          960        26.67
     194.303     0.968750          966        32.00
     195.071     0.971875          969        35.56
     197.887     0.975000          974        40.00
     198.911     0.978125          976        45.71
     201.215     0.981250          979        53.33
     207.487     0.984375          982        64.00
     207.999     0.985938          983        71.11
     214.399     0.987500          986        80.00
     216.831     0.989062          987        91.43
     216.959     0.990625          988       106.67
     251.519     0.992188          990       128.00
     251.519     0.992969          990       142.22
     273.663     0.993750          992       160.00
     273.663     0.994531          992       182.86
     274.431     0.995313          993       213.33
     276.735     0.996094          994       256.00
     276.735     0.996484          994       284.44
     276.735     0.996875          994       320.00
     279.039     0.997266          995       365.71
     279.039     0.997656          995       426.67
     291.839     0.998047          996       512.00
     291.839     0.998242          996       568.89
     291.839     0.998437          996       640.00
     291.839     0.998633          996       731.43
     291.839     0.998828          996       853.33
     310.783     0.999023          997      1024.00
     310.783     1.000000          997          inf
#[Mean    =       78.802, StdDeviation   =       46.886]
#[Max     =      310.528, Total count    =          997]
#[Buckets =           27, SubBuckets     =         2048]
-----------------------------------------------------------------------
  1492 requests in 30.00s, 454.82KB read
Requests/sec:     49.73  
Transfer/sec:     15.16KB
