Running 30s test @ http://10.105.194.13/?loopCount=25&base=6&exp=6
  1 threads and 1 connections

  Thread calibration: mean lat.: 1636.350ms, rate sampling interval: 5640ms

-----------------------------------------------------------------------
Test Results @ http://10.105.194.13/?loopCount=25&base=6&exp=6 
  Thread Stats   Avg      Stdev     99%   +/- Stdev
    Latency     6.98s     2.00s   10.47s    58.82%
    Req/Sec    15.33      0.47    16.00    100.00%
  Latency Distribution (HdrHistogram - Recorded Latency)
 50.000%    6.91s 
 75.000%    8.70s 
 90.000%    9.70s 
 99.000%   10.47s 
 99.900%   10.48s 
 99.990%   10.48s 
 99.999%   10.48s 
100.000%   10.48s 

  Detailed Percentile spectrum:
       Value   Percentile   TotalCount 1/(1-Percentile)

    3409.919     0.000000            1         1.00
    4268.031     0.100000           34         1.11
    4882.431     0.200000           65         1.25
    5586.943     0.300000           97         1.43
    6266.879     0.400000          130         1.67
    6905.855     0.500000          162         2.00
    7266.303     0.550000          178         2.22
    7536.639     0.600000          194         2.50
    8065.023     0.650000          210         2.86
    8462.335     0.700000          228         3.33
    8749.055     0.750000          243         4.00
    8904.703     0.775000          252         4.44
    9011.199     0.800000          259         5.00
    9215.999     0.825000          267         5.71
    9396.223     0.850000          275         6.67
    9535.487     0.875000          284         8.00
    9584.639     0.887500          287         8.89
    9699.327     0.900000          292        10.00
    9838.591     0.912500          296        11.43
    9928.703     0.925000          299        13.33
   10067.967     0.937500          303        16.00
   10108.927     0.943750          305        17.78
   10149.887     0.950000          307        20.00
   10215.423     0.956250          309        22.86
   10256.383     0.962500          311        26.67
   10338.303     0.968750          313        32.00
   10379.263     0.971875          315        35.56
   10379.263     0.975000          315        40.00
   10403.839     0.978125          316        45.71
   10420.223     0.981250          317        53.33
   10436.607     0.984375          319        64.00
   10436.607     0.985938          319        71.11
   10436.607     0.987500          319        80.00
   10469.375     0.989062          321        91.43
   10469.375     0.990625          321       106.67
   10469.375     0.992188          321       128.00
   10469.375     0.992969          321       142.22
   10469.375     0.993750          321       160.00
   10477.567     0.994531          323       182.86
   10477.567     1.000000          323          inf
#[Mean    =     6978.890, StdDeviation   =     2001.452]
#[Max     =    10469.376, Total count    =          323]
#[Buckets =           27, SubBuckets     =         2048]
-----------------------------------------------------------------------
  488 requests in 30.00s, 148.70KB read
Requests/sec:     16.27  
Transfer/sec:      4.96KB
