Running 30s test @ http://10.105.194.13/?loopCount=25&base=6&exp=6
  5 threads and 5 connections

  Thread calibration: mean lat.: 512.508ms, rate sampling interval: 1684ms
  Thread calibration: mean lat.: 930.500ms, rate sampling interval: 3282ms
  Thread calibration: mean lat.: 825.753ms, rate sampling interval: 3061ms
  Thread calibration: mean lat.: 792.878ms, rate sampling interval: 2994ms
  Thread calibration: mean lat.: 585.242ms, rate sampling interval: 2418ms

-----------------------------------------------------------------------
Test Results @ http://10.105.194.13/?loopCount=25&base=6&exp=6 
  Thread Stats   Avg      Stdev     99%   +/- Stdev
    Latency     2.82s   857.24ms   4.44s    63.82%
    Req/Sec    12.43      0.92    14.00    100.00%
  Latency Distribution (HdrHistogram - Recorded Latency)
 50.000%    2.81s 
 75.000%    3.47s 
 90.000%    3.95s 
 99.000%    4.44s 
 99.900%    4.58s 
 99.990%    4.58s 
 99.999%    4.58s 
100.000%    4.58s 

  Detailed Percentile spectrum:
       Value   Percentile   TotalCount 1/(1-Percentile)

     931.839     0.000000            1         1.00
    1697.791     0.100000          130         1.11
    2013.183     0.200000          260         1.25
    2217.983     0.300000          390         1.43
    2580.479     0.400000          523         1.67
    2809.855     0.500000          651         2.00
    2957.311     0.550000          715         2.22
    3147.775     0.600000          781         2.50
    3287.039     0.650000          845         2.86
    3375.103     0.700000          911         3.33
    3467.263     0.750000          975         4.00
    3532.799     0.775000         1007         4.44
    3598.335     0.800000         1041         5.00
    3674.111     0.825000         1072         5.71
    3774.463     0.850000         1105         6.67
    3889.151     0.875000         1137         8.00
    3921.919     0.887500         1153         8.89
    3950.591     0.900000         1170        10.00
    4001.791     0.912500         1186        11.43
    4116.479     0.925000         1202        13.33
    4175.871     0.937500         1218        16.00
    4198.399     0.943750         1229        17.78
    4235.263     0.950000         1235        20.00
    4304.895     0.956250         1243        22.86
    4341.759     0.962500         1252        26.67
    4366.335     0.968750         1260        32.00
    4374.527     0.971875         1266        35.56
    4378.623     0.975000         1269        40.00
    4390.911     0.978125         1272        45.71
    4399.103     0.981250         1275        53.33
    4415.487     0.984375         1280        64.00
    4423.679     0.985938         1281        71.11
    4431.871     0.987500         1283        80.00
    4440.063     0.989062         1285        91.43
    4448.255     0.990625         1288       106.67
    4472.831     0.992188         1289       128.00
    4476.927     0.992969         1291       142.22
    4476.927     0.993750         1291       160.00
    4489.215     0.994531         1292       182.86
    4497.407     0.995313         1293       213.33
    4513.791     0.996094         1294       256.00
    4517.887     0.996484         1295       284.44
    4517.887     0.996875         1295       320.00
    4542.463     0.997266         1296       365.71
    4542.463     0.997656         1296       426.67
    4554.751     0.998047         1297       512.00
    4554.751     0.998242         1297       568.89
    4554.751     0.998437         1297       640.00
    4575.231     0.998633         1299       731.43
    4575.231     1.000000         1299          inf
#[Mean    =     2818.937, StdDeviation   =      857.240]
#[Max     =     4571.136, Total count    =         1299]
#[Buckets =           27, SubBuckets     =         2048]
-----------------------------------------------------------------------
  1938 requests in 30.00s, 590.78KB read
Requests/sec:     64.59  
Transfer/sec:     19.69KB
