Running 30s test @ http://10.110.191.44/?loopCount=25&base=6&exp=6
  5 threads and 5 connections

  Thread calibration: mean lat.: 91.043ms, rate sampling interval: 421ms
  Thread calibration: mean lat.: 79.737ms, rate sampling interval: 287ms
  Thread calibration: mean lat.: 254.248ms, rate sampling interval: 910ms
  Thread calibration: mean lat.: 93.368ms, rate sampling interval: 415ms
  Thread calibration: mean lat.: 167.758ms, rate sampling interval: 622ms

-----------------------------------------------------------------------
Test Results @ http://10.110.191.44/?loopCount=25&base=6&exp=6 
  Thread Stats   Avg      Stdev     99%   +/- Stdev
    Latency   138.02ms  121.00ms 532.48ms   85.93%
    Req/Sec     9.49      2.99    20.00     86.64%
  Latency Distribution (HdrHistogram - Recorded Latency)
 50.000%  107.26ms
 75.000%  204.41ms
 90.000%  315.39ms
 99.000%  532.48ms
 99.900%  611.84ms
 99.990%  612.35ms
 99.999%  612.35ms
100.000%  612.35ms

  Detailed Percentile spectrum:
       Value   Percentile   TotalCount 1/(1-Percentile)

      21.343     0.000000            1         1.00
      40.735     0.100000          104         1.11
      41.183     0.200000          202         1.25
      42.239     0.300000          301         1.43
      61.759     0.400000          401         1.67
     107.263     0.500000          501         2.00
     113.791     0.550000          553         2.22
     121.151     0.600000          604         2.50
     128.639     0.650000          652         2.86
     156.287     0.700000          702         3.33
     204.415     0.750000          752         4.00
     210.815     0.775000          778         4.44
     217.471     0.800000          802         5.00
     224.895     0.825000          827         5.71
     248.703     0.850000          852         6.67
     292.095     0.875000          877         8.00
     309.247     0.887500          890         8.89
     315.391     0.900000          903        10.00
     323.071     0.912500          915        11.43
     333.055     0.925000          927        13.33
     368.895     0.937500          940        16.00
     406.015     0.943750          946        17.78
     411.135     0.950000          952        20.00
     422.143     0.956250          959        22.86
     433.151     0.962500          966        26.67
     460.031     0.968750          971        32.00
     491.263     0.971875          974        35.56
     507.647     0.975000          977        40.00
     510.719     0.978125          981        45.71
     516.607     0.981250          984        53.33
     522.495     0.984375          987        64.00
     525.823     0.985938          988        71.11
     528.895     0.987500          990        80.00
     532.479     0.989062          992        91.43
     536.575     0.990625          993       106.67
     539.647     0.992188          995       128.00
     539.647     0.992969          995       142.22
     551.423     0.993750          996       160.00
     551.935     0.994531          997       182.86
     552.959     0.995313          998       213.33
     604.159     0.996094          999       256.00
     604.159     0.996484          999       284.44
     604.159     0.996875          999       320.00
     610.815     0.997266         1000       365.71
     610.815     0.997656         1000       426.67
     611.839     0.998047         1001       512.00
     611.839     0.998242         1001       568.89
     611.839     0.998437         1001       640.00
     611.839     0.998633         1001       731.43
     611.839     0.998828         1001       853.33
     612.351     0.999023         1002      1024.00
     612.351     1.000000         1002          inf
#[Mean    =      138.025, StdDeviation   =      121.004]
#[Max     =      611.840, Total count    =         1002]
#[Buckets =           27, SubBuckets     =         2048]
-----------------------------------------------------------------------
  1493 requests in 30.00s, 455.38KB read
Requests/sec:     49.76  
Transfer/sec:     15.18KB
