Running 30s test @ http://10.110.191.44/?loopCount=25&base=6&exp=6
  5 threads and 5 connections

  Thread calibration: mean lat.: 1145.997ms, rate sampling interval: 4153ms
  Thread calibration: mean lat.: 444.393ms, rate sampling interval: 1948ms
  Thread calibration: mean lat.: 1721.663ms, rate sampling interval: 4575ms
  Thread calibration: mean lat.: 777.692ms, rate sampling interval: 2609ms
  Thread calibration: mean lat.: 810.195ms, rate sampling interval: 2787ms

-----------------------------------------------------------------------
Test Results @ http://10.110.191.44/?loopCount=25&base=6&exp=6 
  Thread Stats   Avg      Stdev     99%   +/- Stdev
    Latency     3.13s   986.53ms   5.29s    69.31%
    Req/Sec    12.44      1.25    15.00     87.50%
  Latency Distribution (HdrHistogram - Recorded Latency)
 50.000%    2.91s 
 75.000%    3.84s 
 90.000%    4.71s 
 99.000%    5.29s 
 99.900%    5.71s 
 99.990%    5.74s 
 99.999%    5.74s 
100.000%    5.74s 

  Detailed Percentile spectrum:
       Value   Percentile   TotalCount 1/(1-Percentile)

     977.407     0.000000            1         1.00
    1979.391     0.100000          131         1.11
    2316.287     0.200000          262         1.25
    2629.631     0.300000          393         1.43
    2795.519     0.400000          526         1.67
    2908.159     0.500000          655         2.00
    2998.271     0.550000          721         2.22
    3153.919     0.600000          786         2.50
    3338.239     0.650000          852         2.86
    3590.143     0.700000          917         3.33
    3842.047     0.750000          983         4.00
    3942.399     0.775000         1018         4.44
    4052.991     0.800000         1048         5.00
    4116.479     0.825000         1082         5.71
    4239.359     0.850000         1114         6.67
    4423.679     0.875000         1147         8.00
    4546.559     0.887500         1163         8.89
    4706.303     0.900000         1179        10.00
    4763.647     0.912500         1196        11.43
    4861.951     0.925000         1214        13.33
    4915.199     0.937500         1230        16.00
    4943.871     0.943750         1238        17.78
    5009.407     0.950000         1245        20.00
    5095.423     0.956250         1253        22.86
    5132.287     0.962500         1263        26.67
    5160.959     0.968750         1270        32.00
    5177.343     0.971875         1274        35.56
    5197.823     0.975000         1278        40.00
    5206.015     0.978125         1282        45.71
    5230.591     0.981250         1287        53.33
    5246.975     0.984375         1290        64.00
    5259.263     0.985938         1292        71.11
    5283.839     0.987500         1296        80.00
    5283.839     0.989062         1296        91.43
    5312.511     0.990625         1299       106.67
    5316.607     0.992188         1300       128.00
    5455.871     0.992969         1301       142.22
    5480.447     0.993750         1302       160.00
    5521.407     0.994531         1303       182.86
    5545.983     0.995313         1304       213.33
    5615.615     0.996094         1305       256.00
    5652.479     0.996484         1306       284.44
    5652.479     0.996875         1306       320.00
    5668.863     0.997266         1307       365.71
    5668.863     0.997656         1307       426.67
    5697.535     0.998047         1308       512.00
    5697.535     0.998242         1308       568.89
    5697.535     0.998437         1308       640.00
    5713.919     0.998633         1309       731.43
    5713.919     0.998828         1309       853.33
    5713.919     0.999023         1309      1024.00
    5713.919     0.999121         1309      1137.78
    5713.919     0.999219         1309      1280.00
    5742.591     0.999316         1310      1462.86
    5742.591     1.000000         1310          inf
#[Mean    =     3133.942, StdDeviation   =      986.532]
#[Max     =     5738.496, Total count    =         1310]
#[Buckets =           27, SubBuckets     =         2048]
-----------------------------------------------------------------------
  1922 requests in 30.00s, 586.19KB read
Requests/sec:     64.06  
Transfer/sec:     19.54KB
