Running 30s test @ http://10.110.191.44/?loopCount=25&base=6&exp=6
  1 threads and 1 connections

  Thread calibration: mean lat.: 3700.990ms, rate sampling interval: 13516ms

-----------------------------------------------------------------------
Test Results @ http://10.110.191.44/?loopCount=25&base=6&exp=6 
  Thread Stats   Avg      Stdev     99%   +/- Stdev
    Latency    14.85s     4.19s   21.86s    57.78%
    Req/Sec     6.00      0.00     6.00    100.00%
  Latency Distribution (HdrHistogram - Recorded Latency)
 50.000%   14.91s 
 75.000%   18.51s 
 90.000%   20.35s 
 99.000%   21.86s 
 99.900%   21.92s 
 99.990%   21.92s 
 99.999%   21.92s 
100.000%   21.92s 

  Detailed Percentile spectrum:
       Value   Percentile   TotalCount 1/(1-Percentile)

    7495.679     0.000000            1         1.00
    8773.631     0.100000           14         1.11
   10444.799     0.200000           27         1.25
   12075.007     0.300000           41         1.43
   13467.647     0.400000           54         1.67
   14909.439     0.500000           68         2.00
   15728.639     0.550000           75         2.22
   16293.887     0.600000           81         2.50
   17301.503     0.650000           88         2.86
   18006.015     0.700000           96         3.33
   18563.071     0.750000          102         4.00
   18825.215     0.775000          105         4.44
   19103.743     0.800000          108         5.00
   19447.807     0.825000          112         5.71
   19644.415     0.850000          115         6.67
   19988.479     0.875000          119         8.00
   20135.935     0.887500          120         8.89
   20348.927     0.900000          122        10.00
   20496.383     0.912500          124        11.43
   20627.455     0.925000          125        13.33
   21037.055     0.937500          127        16.00
   21102.591     0.943750          128        17.78
   21168.127     0.950000          129        20.00
   21413.887     0.956250          130        22.86
   21413.887     0.962500          130        26.67
   21594.111     0.968750          131        32.00
   21741.567     0.971875          132        35.56
   21741.567     0.975000          132        40.00
   21807.103     0.978125          133        45.71
   21807.103     0.981250          133        53.33
   21807.103     0.984375          133        64.00
   21856.255     0.985938          134        71.11
   21856.255     0.987500          134        80.00
   21856.255     0.989062          134        91.43
   21856.255     0.990625          134       106.67
   21856.255     0.992188          134       128.00
   21921.791     0.992969          135       142.22
   21921.791     1.000000          135          inf
#[Mean    =    14853.385, StdDeviation   =     4192.809]
#[Max     =    21905.408, Total count    =          135]
#[Buckets =           27, SubBuckets     =         2048]
-----------------------------------------------------------------------
  200 requests in 30.00s, 61.11KB read
Requests/sec:      6.67  
Transfer/sec:      2.04KB
