Running 30s test @ http://10.101.167.227/?loopCount=25&base=6&exp=6
  5 threads and 5 connections

  Thread calibration: mean lat.: 168.595ms, rate sampling interval: 633ms
  Thread calibration: mean lat.: 276.191ms, rate sampling interval: 1183ms
  Thread calibration: mean lat.: 120.614ms, rate sampling interval: 408ms
  Thread calibration: mean lat.: 357.335ms, rate sampling interval: 1103ms
  Thread calibration: mean lat.: 89.017ms, rate sampling interval: 302ms

-----------------------------------------------------------------------
Test Results @ http://10.101.167.227/?loopCount=25&base=6&exp=6 
  Thread Stats   Avg      Stdev     99%   +/- Stdev
    Latency   572.43ms  375.29ms   1.46s    61.14%
    Req/Sec    13.93      3.74    23.00     70.00%
  Latency Distribution (HdrHistogram - Recorded Latency)
 50.000%  515.33ms
 75.000%  852.48ms
 90.000%    1.14s 
 99.000%    1.46s 
 99.900%    1.55s 
 99.990%    1.55s 
 99.999%    1.55s 
100.000%    1.55s 

  Detailed Percentile spectrum:
       Value   Percentile   TotalCount 1/(1-Percentile)

      25.455     0.000000            1         1.00
     124.415     0.100000          146         1.11
     202.367     0.200000          292         1.25
     311.295     0.300000          438         1.43
     422.399     0.400000          584         1.67
     515.327     0.500000          730         2.00
     550.399     0.550000          805         2.22
     594.943     0.600000          877         2.50
     655.359     0.650000          949         2.86
     758.271     0.700000         1023         3.33
     852.991     0.750000         1095         4.00
     894.975     0.775000         1131         4.44
     939.519     0.800000         1168         5.00
     999.423     0.825000         1204         5.71
    1052.671     0.850000         1242         6.67
    1096.703     0.875000         1277         8.00
    1119.231     0.887500         1296         8.89
    1141.759     0.900000         1315        10.00
    1155.071     0.912500         1332        11.43
    1178.623     0.925000         1350        13.33
    1205.247     0.937500         1368        16.00
    1220.607     0.943750         1377        17.78
    1251.327     0.950000         1387        20.00
    1273.855     0.956250         1396        22.86
    1310.719     0.962500         1406        26.67
    1336.319     0.968750         1414        32.00
    1352.703     0.971875         1418        35.56
    1375.231     0.975000         1423        40.00
    1403.903     0.978125         1428        45.71
    1418.239     0.981250         1432        53.33
    1437.695     0.984375         1437        64.00
    1439.743     0.985938         1439        71.11
    1446.911     0.987500         1441        80.00
    1458.175     0.989062         1444        91.43
    1483.775     0.990625         1446       106.67
    1488.895     0.992188         1448       128.00
    1497.087     0.992969         1449       142.22
    1509.375     0.993750         1450       160.00
    1510.399     0.994531         1452       182.86
    1517.567     0.995313         1453       213.33
    1518.591     0.996094         1454       256.00
    1518.591     0.996484         1454       284.44
    1522.687     0.996875         1455       320.00
    1526.783     0.997266         1456       365.71
    1526.783     0.997656         1456       426.67
    1527.807     0.998047         1457       512.00
    1527.807     0.998242         1457       568.89
    1527.807     0.998437         1457       640.00
    1545.215     0.998633         1458       731.43
    1545.215     0.998828         1458       853.33
    1545.215     0.999023         1458      1024.00
    1545.215     0.999121         1458      1137.78
    1545.215     0.999219         1458      1280.00
    1552.383     0.999316         1459      1462.86
    1552.383     1.000000         1459          inf
#[Mean    =      572.430, StdDeviation   =      375.293]
#[Max     =     1551.360, Total count    =         1459]
#[Buckets =           27, SubBuckets     =         2048]
-----------------------------------------------------------------------
  2185 requests in 30.00s, 666.10KB read
Requests/sec:     72.82  
Transfer/sec:     22.20KB
