Running 30s test @ http://10.101.167.227/?loopCount=25&base=6&exp=6
  5 threads and 5 connections

  Thread calibration: mean lat.: 80.078ms, rate sampling interval: 222ms
  Thread calibration: mean lat.: 77.049ms, rate sampling interval: 232ms
  Thread calibration: mean lat.: 76.425ms, rate sampling interval: 226ms
  Thread calibration: mean lat.: 83.720ms, rate sampling interval: 255ms
  Thread calibration: mean lat.: 94.035ms, rate sampling interval: 368ms

-----------------------------------------------------------------------
Test Results @ http://10.101.167.227/?loopCount=25&base=6&exp=6 
  Thread Stats   Avg      Stdev     99%   +/- Stdev
    Latency   101.26ms   64.58ms 299.01ms   80.80%
    Req/Sec     9.42      3.33    18.00     81.57%
  Latency Distribution (HdrHistogram - Recorded Latency)
 50.000%   91.78ms
 75.000%  126.53ms
 90.000%  192.00ms
 99.000%  299.01ms
 99.900%  447.74ms
 99.990%  493.82ms
 99.999%  493.82ms
100.000%  493.82ms

  Detailed Percentile spectrum:
       Value   Percentile   TotalCount 1/(1-Percentile)

      21.519     0.000000            1         1.00
      41.535     0.100000          100         1.11
      48.671     0.200000          201         1.25
      54.751     0.300000          300         1.43
      59.327     0.400000          400         1.67
      91.775     0.500000          500         2.00
      96.319     0.550000          550         2.22
     101.951     0.600000          600         2.50
     107.775     0.650000          651         2.86
     113.151     0.700000          700         3.33
     126.527     0.750000          750         4.00
     132.735     0.775000          775         4.44
     141.951     0.800000          800         5.00
     164.095     0.825000          825         5.71
     182.911     0.850000          850         6.67
     187.519     0.875000          875         8.00
     189.311     0.887500          888         8.89
     191.999     0.900000          901        10.00
     194.431     0.912500          913        11.43
     200.191     0.925000          926        13.33
     206.975     0.937500          938        16.00
     207.999     0.943750          944        17.78
     210.047     0.950000          950        20.00
     218.239     0.956250          957        22.86
     231.551     0.962500          963        26.67
     241.279     0.968750          969        32.00
     251.647     0.971875          972        35.56
     280.831     0.975000          975        40.00
     282.879     0.978125          980        45.71
     287.231     0.981250          982        53.33
     289.023     0.984375          985        64.00
     289.791     0.985938          986        71.11
     292.863     0.987500          988        80.00
     299.007     0.989062          990        91.43
     302.335     0.990625          991       106.67
     331.775     0.992188          993       128.00
     331.775     0.992969          993       142.22
     355.071     0.993750          994       160.00
     367.103     0.994531          995       182.86
     370.687     0.995313          996       213.33
     395.263     0.996094          997       256.00
     395.263     0.996484          997       284.44
     395.263     0.996875          997       320.00
     417.023     0.997266          998       365.71
     417.023     0.997656          998       426.67
     447.743     0.998047          999       512.00
     447.743     0.998242          999       568.89
     447.743     0.998437          999       640.00
     447.743     0.998633          999       731.43
     447.743     0.998828          999       853.33
     493.823     0.999023         1000      1024.00
     493.823     1.000000         1000          inf
#[Mean    =      101.260, StdDeviation   =       64.577]
#[Max     =      493.568, Total count    =         1000]
#[Buckets =           27, SubBuckets     =         2048]
-----------------------------------------------------------------------
  1493 requests in 30.00s, 455.23KB read
Requests/sec:     49.76  
Transfer/sec:     15.17KB
