Running 30s test @ http://10.101.167.227/?loopCount=25&base=6&exp=6
  1 threads and 1 connections

  Thread calibration: mean lat.: 561.760ms, rate sampling interval: 1845ms

-----------------------------------------------------------------------
Test Results @ http://10.101.167.227/?loopCount=25&base=6&exp=6 
  Thread Stats   Avg      Stdev     99%   +/- Stdev
    Latency     1.97s   616.75ms   3.28s    59.28%
    Req/Sec    21.90      0.83    23.00     90.00%
  Latency Distribution (HdrHistogram - Recorded Latency)
 50.000%    1.91s 
 75.000%    2.42s 
 90.000%    2.88s 
 99.000%    3.28s 
 99.900%    3.29s 
 99.990%    3.29s 
 99.999%    3.29s 
100.000%    3.29s 

  Detailed Percentile spectrum:
       Value   Percentile   TotalCount 1/(1-Percentile)

     966.143     0.000000            1         1.00
    1209.343     0.100000           45         1.11
    1315.839     0.200000           89         1.25
    1565.695     0.300000          133         1.43
    1735.679     0.400000          177         1.67
    1909.759     0.500000          222         2.00
    2014.207     0.550000          245         2.22
    2107.391     0.600000          267         2.50
    2170.879     0.650000          288         2.86
    2230.271     0.700000          312         3.33
    2420.735     0.750000          332         4.00
    2486.271     0.775000          343         4.44
    2590.719     0.800000          354         5.00
    2605.055     0.825000          367         5.71
    2648.063     0.850000          376         6.67
    2811.903     0.875000          387         8.00
    2838.527     0.887500          393         8.89
    2877.439     0.900000          398        10.00
    2961.407     0.912500          404        11.43
    2983.935     0.925000          409        13.33
    3059.711     0.937500          416        16.00
    3074.047     0.943750          418        17.78
    3082.239     0.950000          420        20.00
    3170.303     0.956250          423        22.86
    3205.119     0.962500          427        26.67
    3229.695     0.968750          429        32.00
    3256.319     0.971875          431        35.56
    3256.319     0.975000          431        40.00
    3262.463     0.978125          433        45.71
    3272.703     0.981250          435        53.33
    3276.799     0.984375          436        64.00
    3276.799     0.985938          436        71.11
    3278.847     0.987500          438        80.00
    3278.847     0.989062          438        91.43
    3278.847     0.990625          438       106.67
    3282.943     0.992188          441       128.00
    3282.943     0.992969          441       142.22
    3282.943     0.993750          441       160.00
    3282.943     0.994531          441       182.86
    3282.943     0.995313          441       213.33
    3282.943     0.996094          441       256.00
    3282.943     0.996484          441       284.44
    3282.943     0.996875          441       320.00
    3282.943     0.997266          441       365.71
    3282.943     0.997656          441       426.67
    3289.087     0.998047          442       512.00
    3289.087     1.000000          442          inf
#[Mean    =     1968.232, StdDeviation   =      616.751]
#[Max     =     3287.040, Total count    =          442]
#[Buckets =           27, SubBuckets     =         2048]
-----------------------------------------------------------------------
  667 requests in 30.00s, 203.23KB read
Requests/sec:     22.23  
Transfer/sec:      6.77KB
