Running 30s test @ http://10.102.95.213/?loopCount=25&base=6&exp=6
  1 threads and 1 connections

  Thread calibration: mean lat.: 3125.272ms, rate sampling interval: 11354ms

-----------------------------------------------------------------------
Test Results @ http://10.102.95.213/?loopCount=25&base=6&exp=6 
  Thread Stats   Avg      Stdev     99%   +/- Stdev
    Latency     9.14s     2.02s   12.64s    56.00%
    Req/Sec    16.00      0.00    16.00    100.00%
  Latency Distribution (HdrHistogram - Recorded Latency)
 50.000%    9.20s 
 75.000%   10.63s 
 90.000%   11.61s 
 99.000%   12.64s 
 99.900%   12.83s 
 99.990%   12.83s 
 99.999%   12.83s 
100.000%   12.83s 

  Detailed Percentile spectrum:
       Value   Percentile   TotalCount 1/(1-Percentile)

    5816.319     0.000000            1         1.00
    6111.231     0.100000           33         1.11
    6836.223     0.200000           65         1.25
    7872.511     0.300000           98         1.43
    8650.751     0.400000          130         1.67
    9199.615     0.500000          164         2.00
    9363.455     0.550000          179         2.22
   10133.503     0.600000          198         2.50
   10346.495     0.650000          213         2.86
   10502.143     0.700000          228         3.33
   10625.023     0.750000          245         4.00
   11034.623     0.775000          252         4.44
   11354.111     0.800000          265         5.00
   11452.415     0.825000          269         5.71
   11517.951     0.850000          277         6.67
   11567.103     0.875000          289         8.00
   11567.103     0.887500          289         8.89
   11608.063     0.900000          296        10.00
   11632.639     0.912500          297        11.43
   11698.175     0.925000          301        13.33
   12017.663     0.937500          305        16.00
   12115.967     0.943750          307        17.78
   12247.039     0.950000          309        20.00
   12369.919     0.956250          312        22.86
   12410.879     0.962500          313        26.67
   12443.647     0.968750          315        32.00
   12476.415     0.971875          317        35.56
   12476.415     0.975000          317        40.00
   12492.799     0.978125          319        45.71
   12492.799     0.981250          319        53.33
   12599.295     0.984375          321        64.00
   12599.295     0.985938          321        71.11
   12599.295     0.987500          321        80.00
   12640.255     0.989062          322        91.43
   12640.255     0.990625          322       106.67
   12705.791     0.992188          323       128.00
   12705.791     0.992969          323       142.22
   12705.791     0.993750          323       160.00
   12763.135     0.994531          324       182.86
   12763.135     0.995313          324       213.33
   12763.135     0.996094          324       256.00
   12763.135     0.996484          324       284.44
   12763.135     0.996875          324       320.00
   12828.671     0.997266          325       365.71
   12828.671     1.000000          325          inf
#[Mean    =     9142.392, StdDeviation   =     2015.686]
#[Max     =    12820.480, Total count    =          325]
#[Buckets =           27, SubBuckets     =         2048]
-----------------------------------------------------------------------
  429 requests in 30.00s, 130.79KB read
Requests/sec:     14.30  
Transfer/sec:      4.36KB
