Running 30s test @ http://10.100.238.229/?loopCount=25&base=6&exp=6
  1 threads and 1 connections

  Thread calibration: mean lat.: 669.054ms, rate sampling interval: 2144ms

-----------------------------------------------------------------------
Test Results @ http://10.100.238.229/?loopCount=25&base=6&exp=6 
  Thread Stats   Avg      Stdev     99%   +/- Stdev
    Latency     3.42s     1.07s    4.83s    61.52%
    Req/Sec    19.56      1.95    22.00     88.89%
  Latency Distribution (HdrHistogram - Recorded Latency)
 50.000%    3.50s 
 75.000%    4.21s 
 90.000%    4.80s 
 99.000%    4.83s 
 99.900%    4.84s 
 99.990%    4.84s 
 99.999%    4.84s 
100.000%    4.84s 

  Detailed Percentile spectrum:
       Value   Percentile   TotalCount 1/(1-Percentile)

    1190.911     0.000000            1         1.00
    1600.511     0.100000           41         1.11
    2398.207     0.200000           82         1.25
    3061.759     0.300000          124         1.43
    3264.511     0.400000          165         1.67
    3504.127     0.500000          204         2.00
    3762.175     0.550000          225         2.22
    3901.439     0.600000          245         2.50
    4073.471     0.650000          267         2.86
    4136.959     0.700000          286         3.33
    4206.591     0.750000          308         4.00
    4325.375     0.775000          317         4.44
    4534.271     0.800000          328         5.00
    4599.807     0.825000          341         5.71
    4722.687     0.850000          348         6.67
    4751.359     0.875000          358         8.00
    4796.415     0.887500          366         8.89
    4800.511     0.900000          371        10.00
    4804.607     0.912500          377        11.43
    4808.703     0.925000          385        13.33
    4808.703     0.937500          385        16.00
    4812.799     0.943750          392        17.78
    4812.799     0.950000          392        20.00
    4812.799     0.956250          392        22.86
    4816.895     0.962500          397        26.67
    4816.895     0.968750          397        32.00
    4816.895     0.971875          397        35.56
    4820.991     0.975000          402        40.00
    4820.991     0.978125          402        45.71
    4820.991     0.981250          402        53.33
    4820.991     0.984375          402        64.00
    4825.087     0.985938          406        71.11
    4825.087     0.987500          406        80.00
    4825.087     0.989062          406        91.43
    4825.087     0.990625          406       106.67
    4825.087     0.992188          406       128.00
    4825.087     0.992969          406       142.22
    4825.087     0.993750          406       160.00
    4825.087     0.994531          406       182.86
    4837.375     0.995313          408       213.33
    4837.375     1.000000          408          inf
#[Mean    =     3419.036, StdDeviation   =     1067.093]
#[Max     =     4833.280, Total count    =          408]
#[Buckets =           27, SubBuckets     =         2048]
-----------------------------------------------------------------------
  629 requests in 30.00s, 191.66KB read
Requests/sec:     20.97  
Transfer/sec:      6.39KB
