Running 30s test @ http://10.105.182.6/?loopCount=25&base=6&exp=6
  5 threads and 5 connections

  Thread calibration: mean lat.: 55.022ms, rate sampling interval: 179ms
  Thread calibration: mean lat.: 53.520ms, rate sampling interval: 190ms
  Thread calibration: mean lat.: 53.406ms, rate sampling interval: 176ms
  Thread calibration: mean lat.: 51.782ms, rate sampling interval: 163ms
  Thread calibration: mean lat.: 49.022ms, rate sampling interval: 164ms

-----------------------------------------------------------------------
Test Results @ http://10.105.182.6/?loopCount=25&base=6&exp=6 
  Thread Stats   Avg      Stdev     99%   +/- Stdev
    Latency    47.53ms   17.69ms  98.82ms   81.10%
    Req/Sec     9.70      2.89    17.00     84.27%
  Latency Distribution (HdrHistogram - Recorded Latency)
 50.000%   41.57ms
 75.000%   42.72ms
 90.000%   81.66ms
 99.000%   98.82ms
 99.900%  123.52ms
 99.990%  164.99ms
 99.999%  164.99ms
100.000%  164.99ms

  Detailed Percentile spectrum:
       Value   Percentile   TotalCount 1/(1-Percentile)

      21.615     0.000000            1         1.00
      38.623     0.100000          102         1.11
      40.351     0.200000          201         1.25
      40.863     0.300000          311         1.43
      41.183     0.400000          402         1.67
      41.567     0.500000          504         2.00
      41.791     0.550000          558         2.22
      41.983     0.600000          609         2.50
      42.175     0.650000          654         2.86
      42.431     0.700000          710         3.33
      42.719     0.750000          754         4.00
      42.911     0.775000          776         4.44
      43.231     0.800000          801         5.00
      44.991     0.825000          826         5.71
      65.919     0.850000          850         6.67
      80.639     0.875000          875         8.00
      81.151     0.887500          889         8.89
      81.663     0.900000          900        10.00
      82.239     0.912500          914        11.43
      83.135     0.925000          925        13.33
      87.359     0.937500          938        16.00
      89.151     0.943750          944        17.78
      90.047     0.950000          951        20.00
      91.199     0.956250          957        22.86
      92.479     0.962500          964        26.67
      92.863     0.968750          969        32.00
      93.055     0.971875          972        35.56
      94.527     0.975000          975        40.00
      97.151     0.978125          979        45.71
      97.471     0.981250          983        53.33
      97.919     0.984375          986        64.00
      97.919     0.985938          986        71.11
      98.495     0.987500          988        80.00
      98.815     0.989062          990        91.43
      99.327     0.990625          991       106.67
     102.847     0.992188          993       128.00
     102.847     0.992969          993       142.22
     105.087     0.993750          994       160.00
     105.599     0.994531          995       182.86
     106.175     0.995313          996       213.33
     115.327     0.996094          997       256.00
     115.327     0.996484          997       284.44
     115.327     0.996875          997       320.00
     116.287     0.997266          998       365.71
     116.287     0.997656          998       426.67
     123.519     0.998047          999       512.00
     123.519     0.998242          999       568.89
     123.519     0.998437          999       640.00
     123.519     0.998633          999       731.43
     123.519     0.998828          999       853.33
     164.991     0.999023         1000      1024.00
     164.991     1.000000         1000          inf
#[Mean    =       47.528, StdDeviation   =       17.686]
#[Max     =      164.864, Total count    =         1000]
#[Buckets =           27, SubBuckets     =         2048]
-----------------------------------------------------------------------
  1495 requests in 30.00s, 455.53KB read
Requests/sec:     49.83  
Transfer/sec:     15.18KB
