Running 30s test @ http://10.97.0.135/?loopCount=25&base=6&exp=6
  5 threads and 5 connections

  Thread calibration: mean lat.: 70.438ms, rate sampling interval: 256ms
  Thread calibration: mean lat.: 79.389ms, rate sampling interval: 314ms
  Thread calibration: mean lat.: 71.186ms, rate sampling interval: 277ms
  Thread calibration: mean lat.: 67.118ms, rate sampling interval: 252ms
  Thread calibration: mean lat.: 83.029ms, rate sampling interval: 311ms

-----------------------------------------------------------------------
Test Results @ http://10.97.0.135/?loopCount=25&base=6&exp=6 
  Thread Stats   Avg      Stdev     99%   +/- Stdev
    Latency   105.63ms   95.90ms 439.30ms   85.67%
    Req/Sec     9.23      2.82    16.00     87.64%
  Latency Distribution (HdrHistogram - Recorded Latency)
 50.000%   58.21ms
 75.000%  129.98ms
 90.000%  237.31ms
 99.000%  439.30ms
 99.900%  533.50ms
 99.990%  542.21ms
 99.999%  542.21ms
100.000%  542.21ms

  Detailed Percentile spectrum:
       Value   Percentile   TotalCount 1/(1-Percentile)

      21.439     0.000000            1         1.00
      40.543     0.100000          106         1.11
      41.055     0.200000          200         1.25
      41.759     0.300000          300         1.43
      49.919     0.400000          397         1.67
      58.207     0.500000          496         2.00
      74.111     0.550000          546         2.22
      83.071     0.600000          595         2.50
     105.855     0.650000          645         2.86
     123.711     0.700000          694         3.33
     130.239     0.750000          744         4.00
     134.911     0.775000          770         4.44
     140.159     0.800000          794         5.00
     155.263     0.825000          818         5.71
     182.399     0.850000          843         6.67
     223.359     0.875000          868         8.00
     230.399     0.887500          880         8.89
     237.311     0.900000          893        10.00
     248.191     0.912500          905        11.43
     270.591     0.925000          917        13.33
     315.135     0.937500          930        16.00
     324.863     0.943750          936        17.78
     329.471     0.950000          942        20.00
     344.575     0.956250          948        22.86
     359.423     0.962500          954        26.67
     381.439     0.968750          961        32.00
     391.423     0.971875          964        35.56
     419.327     0.975000          967        40.00
     421.631     0.978125          970        45.71
     422.911     0.981250          973        53.33
     428.031     0.984375          976        64.00
     430.335     0.985938          978        71.11
     430.591     0.987500          979        80.00
     439.295     0.989062          981        91.43
     440.831     0.990625          982       106.67
     446.719     0.992188          984       128.00
     452.863     0.992969          985       142.22
     452.863     0.993750          985       160.00
     464.127     0.994531          986       182.86
     470.783     0.995313          987       213.33
     481.791     0.996094          988       256.00
     481.791     0.996484          988       284.44
     481.791     0.996875          988       320.00
     530.431     0.997266          989       365.71
     530.431     0.997656          989       426.67
     533.503     0.998047          990       512.00
     533.503     0.998242          990       568.89
     533.503     0.998437          990       640.00
     533.503     0.998633          990       731.43
     533.503     0.998828          990       853.33
     542.207     0.999023          991      1024.00
     542.207     1.000000          991          inf
#[Mean    =      105.632, StdDeviation   =       95.900]
#[Max     =      541.696, Total count    =          991]
#[Buckets =           27, SubBuckets     =         2048]
-----------------------------------------------------------------------
  1486 requests in 30.00s, 453.05KB read
Requests/sec:     49.53  
Transfer/sec:     15.10KB
