Running 30s test @ http://10.102.162.84/?loopCount=25&base=6&exp=6
  5 threads and 5 connections

  Thread calibration: mean lat.: 223.693ms, rate sampling interval: 629ms
  Thread calibration: mean lat.: 210.154ms, rate sampling interval: 728ms
  Thread calibration: mean lat.: 156.585ms, rate sampling interval: 518ms
  Thread calibration: mean lat.: 297.842ms, rate sampling interval: 856ms
  Thread calibration: mean lat.: 501.504ms, rate sampling interval: 1417ms

-----------------------------------------------------------------------
Test Results @ http://10.102.162.84/?loopCount=25&base=6&exp=6 
  Thread Stats   Avg      Stdev     99%   +/- Stdev
    Latency   290.84ms  199.10ms 877.57ms   70.43%
    Req/Sec     9.53      1.64    13.00     93.23%
  Latency Distribution (HdrHistogram - Recorded Latency)
 50.000%  236.41ms
 75.000%  428.03ms
 90.000%  548.86ms
 99.000%  877.57ms
 99.900%  944.64ms
 99.990%  959.49ms
 99.999%  959.49ms
100.000%  959.49ms

  Detailed Percentile spectrum:
       Value   Percentile   TotalCount 1/(1-Percentile)

      24.431     0.000000            1         1.00
      47.103     0.100000          102         1.11
     113.855     0.200000          203         1.25
     140.287     0.300000          305         1.43
     211.839     0.400000          407         1.67
     236.415     0.500000          506         2.00
     262.911     0.550000          557         2.22
     324.351     0.600000          607         2.50
     348.159     0.650000          658         2.86
     411.647     0.700000          708         3.33
     428.031     0.750000          759         4.00
     435.199     0.775000          786         4.44
     443.391     0.800000          809         5.00
     477.183     0.825000          835         5.71
     510.207     0.850000          860         6.67
     519.679     0.875000          885         8.00
     534.527     0.887500          898         8.89
     548.863     0.900000          910        10.00
     560.127     0.912500          923        11.43
     609.791     0.925000          936        13.33
     629.247     0.937500          949        16.00
     634.367     0.943750          955        17.78
     644.607     0.950000          961        20.00
     707.583     0.956250          968        22.86
     730.111     0.962500          974        26.67
     762.879     0.968750          980        32.00
     769.023     0.971875          983        35.56
     780.799     0.975000          986        40.00
     812.543     0.978125          990        45.71
     829.439     0.981250          993        53.33
     835.071     0.984375          996        64.00
     845.311     0.985938          997        71.11
     868.863     0.987500          999        80.00
     875.007     0.989062         1000        91.43
     881.151     0.990625         1002       106.67
     886.271     0.992188         1004       128.00
     886.271     0.992969         1004       142.22
     886.783     0.993750         1005       160.00
     908.287     0.994531         1006       182.86
     922.623     0.995313         1007       213.33
     935.423     0.996094         1008       256.00
     935.423     0.996484         1008       284.44
     935.423     0.996875         1008       320.00
     937.983     0.997266         1009       365.71
     937.983     0.997656         1009       426.67
     944.639     0.998047         1010       512.00
     944.639     0.998242         1010       568.89
     944.639     0.998437         1010       640.00
     944.639     0.998633         1010       731.43
     944.639     0.998828         1010       853.33
     959.487     0.999023         1011      1024.00
     959.487     1.000000         1011          inf
#[Mean    =      290.838, StdDeviation   =      199.096]
#[Max     =      958.976, Total count    =         1011]
#[Buckets =           27, SubBuckets     =         2048]
-----------------------------------------------------------------------
  1487 requests in 30.00s, 453.60KB read
Requests/sec:     49.56  
Transfer/sec:     15.12KB
