Running 30s test @ http://10.105.194.13/?loopCount=25&base=6&exp=6
  5 threads and 5 connections

  Thread calibration: mean lat.: 53.090ms, rate sampling interval: 169ms
  Thread calibration: mean lat.: 49.515ms, rate sampling interval: 163ms
  Thread calibration: mean lat.: 51.863ms, rate sampling interval: 170ms
  Thread calibration: mean lat.: 52.219ms, rate sampling interval: 169ms
  Thread calibration: mean lat.: 50.277ms, rate sampling interval: 164ms

-----------------------------------------------------------------------
Test Results @ http://10.105.194.13/?loopCount=25&base=6&exp=6 
  Thread Stats   Avg      Stdev     99%   +/- Stdev
    Latency    49.54ms   22.59ms 125.38ms   82.50%
    Req/Sec     9.44      3.19    17.00     77.01%
  Latency Distribution (HdrHistogram - Recorded Latency)
 50.000%   41.44ms
 75.000%   42.65ms
 90.000%   92.74ms
 99.000%  125.38ms
 99.900%  149.76ms
 99.990%  150.01ms
 99.999%  150.01ms
100.000%  150.01ms

  Detailed Percentile spectrum:
       Value   Percentile   TotalCount 1/(1-Percentile)

      22.223     0.000000            1         1.00
      37.471     0.100000          100         1.11
      40.447     0.200000          208         1.25
      40.799     0.300000          311         1.43
      41.087     0.400000          400         1.67
      41.439     0.500000          502         2.00
      41.631     0.550000          554         2.22
      41.855     0.600000          604         2.50
      42.047     0.650000          655         2.86
      42.303     0.700000          706         3.33
      42.655     0.750000          753         4.00
      42.847     0.775000          775         4.44
      43.295     0.800000          800         5.00
      52.351     0.825000          825         5.71
      68.799     0.850000          851         6.67
      89.471     0.875000          876         8.00
      91.391     0.887500          888         8.89
      92.735     0.900000          900        10.00
      94.271     0.912500          913        11.43
      96.959     0.925000          926        13.33
      99.711     0.937500          938        16.00
     101.439     0.943750          944        17.78
     104.127     0.950000          950        20.00
     107.455     0.956250          957        22.86
     109.631     0.962500          963        26.67
     111.871     0.968750          969        32.00
     113.535     0.971875          972        35.56
     114.431     0.975000          975        40.00
     115.903     0.978125          979        45.71
     116.159     0.981250          982        53.33
     120.063     0.984375          985        64.00
     120.703     0.985938          986        71.11
     123.199     0.987500          988        80.00
     125.375     0.989062          990        91.43
     126.015     0.990625          991       106.67
     127.039     0.992188          993       128.00
     127.039     0.992969          993       142.22
     127.359     0.993750          994       160.00
     127.487     0.994531          995       182.86
     129.087     0.995313          996       213.33
     129.151     0.996094          997       256.00
     129.151     0.996484          997       284.44
     129.151     0.996875          997       320.00
     149.247     0.997266          998       365.71
     149.247     0.997656          998       426.67
     149.759     0.998047          999       512.00
     149.759     0.998242          999       568.89
     149.759     0.998437          999       640.00
     149.759     0.998633          999       731.43
     149.759     0.998828          999       853.33
     150.015     0.999023         1000      1024.00
     150.015     1.000000         1000          inf
#[Mean    =       49.537, StdDeviation   =       22.594]
#[Max     =      149.888, Total count    =         1000]
#[Buckets =           27, SubBuckets     =         2048]
-----------------------------------------------------------------------
  1495 requests in 30.00s, 455.57KB read
Requests/sec:     49.83  
Transfer/sec:     15.18KB
