Running 30s test @ http://10.104.20.163/?loopCount=25&base=6&exp=6
  5 threads and 5 connections

  Thread calibration: mean lat.: 51.337ms, rate sampling interval: 195ms
  Thread calibration: mean lat.: 46.800ms, rate sampling interval: 103ms
  Thread calibration: mean lat.: 47.922ms, rate sampling interval: 132ms
  Thread calibration: mean lat.: 50.328ms, rate sampling interval: 193ms
  Thread calibration: mean lat.: 48.887ms, rate sampling interval: 189ms

-----------------------------------------------------------------------
Test Results @ http://10.104.20.163/?loopCount=25&base=6&exp=6 
  Thread Stats   Avg      Stdev     99%   +/- Stdev
    Latency    54.38ms   27.23ms 123.01ms   76.22%
    Req/Sec     9.55      3.47    19.00     74.31%
  Latency Distribution (HdrHistogram - Recorded Latency)
 50.000%   42.05ms
 75.000%   49.89ms
 90.000%  104.51ms
 99.000%  123.01ms
 99.900%  133.89ms
 99.990%  139.13ms
 99.999%  139.13ms
100.000%  139.13ms

  Detailed Percentile spectrum:
       Value   Percentile   TotalCount 1/(1-Percentile)

      21.935     0.000000            1         1.00
      35.327     0.100000          101         1.11
      40.031     0.200000          202         1.25
      40.895     0.300000          301         1.43
      41.471     0.400000          405         1.67
      42.047     0.500000          503         2.00
      42.399     0.550000          551         2.22
      42.783     0.600000          605         2.50
      43.455     0.650000          653         2.86
      44.799     0.700000          702         3.33
      49.887     0.750000          751         4.00
      54.079     0.775000          776         4.44
      95.039     0.800000          801         5.00
      96.703     0.825000          827         5.71
      98.111     0.850000          851         6.67
     100.223     0.875000          876         8.00
     103.039     0.887500          889         8.89
     104.511     0.900000          901        10.00
     106.367     0.912500          914        11.43
     107.903     0.925000          926        13.33
     110.207     0.937500          939        16.00
     110.911     0.943750          945        17.78
     111.871     0.950000          951        20.00
     113.151     0.956250          958        22.86
     113.983     0.962500          964        26.67
     115.263     0.968750          970        32.00
     116.159     0.971875          973        35.56
     117.439     0.975000          976        40.00
     119.679     0.978125          980        45.71
     120.511     0.981250          983        53.33
     121.087     0.984375          986        64.00
     121.151     0.985938          987        71.11
     121.855     0.987500          989        80.00
     123.007     0.989062          991        91.43
     123.455     0.990625          992       106.67
     127.807     0.992188          994       128.00
     127.807     0.992969          994       142.22
     129.343     0.993750          995       160.00
     129.407     0.994531          996       182.86
     129.855     0.995313          997       213.33
     133.247     0.996094          998       256.00
     133.247     0.996484          998       284.44
     133.247     0.996875          998       320.00
     133.503     0.997266          999       365.71
     133.503     0.997656          999       426.67
     133.887     0.998047         1000       512.00
     133.887     0.998242         1000       568.89
     133.887     0.998437         1000       640.00
     133.887     0.998633         1000       731.43
     133.887     0.998828         1000       853.33
     139.135     0.999023         1001      1024.00
     139.135     1.000000         1001          inf
#[Mean    =       54.380, StdDeviation   =       27.225]
#[Max     =      139.008, Total count    =         1001]
#[Buckets =           27, SubBuckets     =         2048]
-----------------------------------------------------------------------
  1495 requests in 30.00s, 455.61KB read
Requests/sec:     49.83  
Transfer/sec:     15.19KB
