Running 30s test @ http://10.97.105.44/?loopCount=25&base=6&exp=6
  1 threads and 1 connections

  Thread calibration: mean lat.: 78.243ms, rate sampling interval: 201ms

-----------------------------------------------------------------------
Test Results @ http://10.97.105.44/?loopCount=25&base=6&exp=6 
  Thread Stats   Avg      Stdev     99%   +/- Stdev
    Latency   172.22ms   32.83ms 227.20ms   57.72%
    Req/Sec    24.51      1.64    30.00     92.93%
  Latency Distribution (HdrHistogram - Recorded Latency)
 50.000%  171.77ms
 75.000%  201.85ms
 90.000%  212.99ms
 99.000%  227.20ms
 99.900%  231.42ms
 99.990%  231.42ms
 99.999%  231.42ms
100.000%  231.42ms

  Detailed Percentile spectrum:
       Value   Percentile   TotalCount 1/(1-Percentile)

     111.807     0.000000            1         1.00
     126.591     0.100000           50         1.11
     137.343     0.200000          100         1.25
     148.095     0.300000          150         1.43
     159.103     0.400000          200         1.67
     171.775     0.500000          250         2.00
     184.447     0.550000          275         2.22
     189.951     0.600000          301         2.50
     195.583     0.650000          325         2.86
     198.911     0.700000          352         3.33
     201.855     0.750000          377         4.00
     203.391     0.775000          387         4.44
     205.567     0.800000          400         5.00
     207.871     0.825000          412         5.71
     210.175     0.850000          425         6.67
     211.711     0.875000          439         8.00
     211.967     0.887500          443         8.89
     213.119     0.900000          450        10.00
     213.887     0.912500          456        11.43
     215.423     0.925000          463        13.33
     216.447     0.937500          470        16.00
     216.703     0.943750          471        17.78
     217.343     0.950000          476        20.00
     217.855     0.956250          478        22.86
     218.623     0.962500          481        26.67
     220.799     0.968750          485        32.00
     220.799     0.971875          485        35.56
     224.767     0.975000          488        40.00
     224.895     0.978125          489        45.71
     226.559     0.981250          491        53.33
     226.815     0.984375          492        64.00
     226.815     0.985938          492        71.11
     227.199     0.987500          494        80.00
     227.199     0.989062          494        91.43
     228.735     0.990625          495       106.67
     228.991     0.992188          496       128.00
     228.991     0.992969          496       142.22
     228.991     0.993750          496       160.00
     229.503     0.994531          497       182.86
     229.503     0.995313          497       213.33
     230.655     0.996094          498       256.00
     230.655     0.996484          498       284.44
     230.655     0.996875          498       320.00
     230.655     0.997266          498       365.71
     230.655     0.997656          498       426.67
     231.423     0.998047          499       512.00
     231.423     1.000000          499          inf
#[Mean    =      172.217, StdDeviation   =       32.829]
#[Max     =      231.296, Total count    =          499]
#[Buckets =           27, SubBuckets     =         2048]
-----------------------------------------------------------------------
  746 requests in 30.00s, 227.30KB read
Requests/sec:     24.86  
Transfer/sec:      7.58KB
