Running 30s test @ http://10.105.182.6/?loopCount=25&base=6&exp=6
  1 threads and 1 connections

  Thread calibration: mean lat.: 1764.559ms, rate sampling interval: 6070ms

-----------------------------------------------------------------------
Test Results @ http://10.105.182.6/?loopCount=25&base=6&exp=6 
  Thread Stats   Avg      Stdev     99%   +/- Stdev
    Latency     6.24s     1.39s    8.46s    58.58%
    Req/Sec    18.00      1.41    19.00    100.00%
  Latency Distribution (HdrHistogram - Recorded Latency)
 50.000%    6.21s 
 75.000%    7.48s 
 90.000%    7.91s 
 99.000%    8.46s 
 99.900%    8.60s 
 99.990%    8.60s 
 99.999%    8.60s 
100.000%    8.60s 

  Detailed Percentile spectrum:
       Value   Percentile   TotalCount 1/(1-Percentile)

    3334.143     0.000000            1         1.00
    4411.391     0.100000           37         1.11
    4866.047     0.200000           74         1.25
    5562.367     0.300000          114         1.43
    5902.335     0.400000          148         1.67
    6213.631     0.500000          184         2.00
    6373.375     0.550000          202         2.22
    6721.535     0.600000          221         2.50
    7098.367     0.650000          240         2.86
    7356.415     0.700000          259         3.33
    7544.831     0.750000          276         4.00
    7671.807     0.775000          286         4.44
    7688.191     0.800000          297         5.00
    7712.767     0.825000          308         5.71
    7725.055     0.850000          314         6.67
    7802.879     0.875000          322         8.00
    7888.895     0.887500          327         8.89
    7921.663     0.900000          331        10.00
    8069.119     0.912500          335        11.43
    8249.343     0.925000          340        13.33
    8310.783     0.937500          345        16.00
    8327.167     0.943750          347        17.78
    8343.551     0.950000          349        20.00
    8347.647     0.956250          357        22.86
    8347.647     0.962500          357        26.67
    8347.647     0.968750          357        32.00
    8347.647     0.971875          357        35.56
    8351.743     0.975000          359        40.00
    8351.743     0.978125          359        45.71
    8413.183     0.981250          362        53.33
    8413.183     0.984375          362        64.00
    8413.183     0.985938          362        71.11
    8462.335     0.987500          363        80.00
    8462.335     0.989062          363        91.43
    8519.679     0.990625          364       106.67
    8585.215     0.992188          366       128.00
    8585.215     0.992969          366       142.22
    8585.215     0.993750          366       160.00
    8585.215     0.994531          366       182.86
    8585.215     0.995313          366       213.33
    8585.215     0.996094          366       256.00
    8585.215     0.996484          366       284.44
    8585.215     0.996875          366       320.00
    8585.215     0.997266          366       365.71
    8601.599     0.997656          367       426.67
    8601.599     1.000000          367          inf
#[Mean    =     6244.335, StdDeviation   =     1393.114]
#[Max     =     8593.408, Total count    =          367]
#[Buckets =           27, SubBuckets     =         2048]
-----------------------------------------------------------------------
  534 requests in 30.00s, 162.73KB read
Requests/sec:     17.80  
Transfer/sec:      5.42KB
