Running 30s test @ http://10.105.182.6/?loopCount=25&base=6&exp=6
  5 threads and 5 connections

  Thread calibration: mean lat.: 231.203ms, rate sampling interval: 649ms
  Thread calibration: mean lat.: 260.819ms, rate sampling interval: 755ms
  Thread calibration: mean lat.: 560.748ms, rate sampling interval: 1580ms
  Thread calibration: mean lat.: 240.088ms, rate sampling interval: 833ms
  Thread calibration: mean lat.: 327.175ms, rate sampling interval: 1085ms

-----------------------------------------------------------------------
Test Results @ http://10.105.182.6/?loopCount=25&base=6&exp=6 
  Thread Stats   Avg      Stdev     99%   +/- Stdev
    Latency   102.01ms   70.83ms 343.81ms   84.45%
    Req/Sec    14.51      1.07    18.00     93.64%
  Latency Distribution (HdrHistogram - Recorded Latency)
 50.000%   76.99ms
 75.000%  131.01ms
 90.000%  201.47ms
 99.000%  343.81ms
 99.900%  385.02ms
 99.990%  411.90ms
 99.999%  411.90ms
100.000%  411.90ms

  Detailed Percentile spectrum:
       Value   Percentile   TotalCount 1/(1-Percentile)

      22.975     0.000000            1         1.00
      40.831     0.100000          155         1.11
      42.175     0.200000          303         1.25
      55.967     0.300000          454         1.43
      65.183     0.400000          606         1.67
      76.991     0.500000          756         2.00
      87.487     0.550000          832         2.22
      96.319     0.600000          907         2.50
     103.423     0.650000          983         2.86
     116.735     0.700000         1058         3.33
     131.199     0.750000         1134         4.00
     137.215     0.775000         1172         4.44
     145.279     0.800000         1210         5.00
     157.951     0.825000         1249         5.71
     169.599     0.850000         1286         6.67
     183.679     0.875000         1323         8.00
     192.767     0.887500         1342         8.89
     201.471     0.900000         1360        10.00
     211.839     0.912500         1379        11.43
     227.327     0.925000         1398        13.33
     241.279     0.937500         1417        16.00
     252.799     0.943750         1427        17.78
     264.191     0.950000         1437        20.00
     268.031     0.956250         1445        22.86
     276.991     0.962500         1455        26.67
     291.583     0.968750         1464        32.00
     296.447     0.971875         1469        35.56
     302.335     0.975000         1474        40.00
     307.455     0.978125         1478        45.71
     317.183     0.981250         1483        53.33
     329.215     0.984375         1488        64.00
     332.543     0.985938         1490        71.11
     334.335     0.987500         1493        80.00
     337.663     0.989062         1495        91.43
     349.695     0.990625         1497       106.67
     353.023     0.992188         1500       128.00
     355.839     0.992969         1501       142.22
     358.143     0.993750         1502       160.00
     359.167     0.994531         1503       182.86
     366.079     0.995313         1504       213.33
     367.615     0.996094         1506       256.00
     367.615     0.996484         1506       284.44
     368.895     0.996875         1507       320.00
     368.895     0.997266         1507       365.71
     372.735     0.997656         1508       426.67
     385.023     0.998047         1509       512.00
     385.023     0.998242         1509       568.89
     385.023     0.998437         1509       640.00
     385.023     0.998633         1509       731.43
     387.839     0.998828         1510       853.33
     387.839     0.999023         1510      1024.00
     387.839     0.999121         1510      1137.78
     387.839     0.999219         1510      1280.00
     387.839     0.999316         1510      1462.86
     411.903     0.999414         1511      1706.67
     411.903     1.000000         1511          inf
#[Mean    =      102.005, StdDeviation   =       70.834]
#[Max     =      411.648, Total count    =         1511]
#[Buckets =           27, SubBuckets     =         2048]
-----------------------------------------------------------------------
  2243 requests in 30.00s, 683.55KB read
Requests/sec:     74.76  
Transfer/sec:     22.78KB
