Running 30s test @ http://10.110.121.181/?loopCount=25&base=6&exp=6
  1 threads and 1 connections

  Thread calibration: mean lat.: 2315.060ms, rate sampling interval: 6729ms

-----------------------------------------------------------------------
Test Results @ http://10.110.121.181/?loopCount=25&base=6&exp=6 
  Thread Stats   Avg      Stdev     99%   +/- Stdev
    Latency     6.87s     1.57s    9.28s    55.92%
    Req/Sec    17.00      0.00    17.00    100.00%
  Latency Distribution (HdrHistogram - Recorded Latency)
 50.000%    6.90s 
 75.000%    8.20s 
 90.000%    9.00s 
 99.000%    9.28s 
 99.900%    9.36s 
 99.990%    9.36s 
 99.999%    9.36s 
100.000%    9.36s 

  Detailed Percentile spectrum:
       Value   Percentile   TotalCount 1/(1-Percentile)

    3983.359     0.000000            1         1.00
    4722.687     0.100000           37         1.11
    5144.575     0.200000           73         1.25
    5545.983     0.300000          109         1.43
    6500.351     0.400000          147         1.67
    6901.759     0.500000          182         2.00
    7225.343     0.550000          201         2.22
    7614.463     0.600000          222         2.50
    7852.031     0.650000          236         2.86
    8052.735     0.700000          255         3.33
    8208.383     0.750000          274         4.00
    8372.223     0.775000          282         4.44
    8519.679     0.800000          292         5.00
    8568.831     0.825000          301         5.71
    8634.367     0.850000          309         6.67
    8871.935     0.875000          318         8.00
    8953.855     0.887500          323         8.89
    9003.007     0.900000          327        10.00
    9019.391     0.912500          332        11.43
    9052.159     0.925000          336        13.33
    9125.887     0.937500          342        16.00
    9134.079     0.943750          344        17.78
    9142.271     0.950000          346        20.00
    9150.463     0.956250          348        22.86
    9175.039     0.962500          350        26.67
    9207.807     0.968750          354        32.00
    9207.807     0.971875          354        35.56
    9207.807     0.975000          354        40.00
    9232.383     0.978125          356        45.71
    9248.767     0.981250          358        53.33
    9248.767     0.984375          358        64.00
    9248.767     0.985938          358        71.11
    9281.535     0.987500          360        80.00
    9281.535     0.989062          360        91.43
    9281.535     0.990625          360       106.67
    9322.495     0.992188          361       128.00
    9322.495     0.992969          361       142.22
    9322.495     0.993750          361       160.00
    9363.455     0.994531          363       182.86
    9363.455     1.000000          363          inf
#[Mean    =     6868.569, StdDeviation   =     1569.851]
#[Max     =     9355.264, Total count    =          363]
#[Buckets =           27, SubBuckets     =         2048]
-----------------------------------------------------------------------
  516 requests in 30.00s, 157.25KB read
Requests/sec:     17.20  
Transfer/sec:      5.24KB
