Running 30s test @ http://10.97.0.135/?loopCount=25&base=6&exp=6
  1 threads and 1 connections

  Thread calibration: mean lat.: 629.040ms, rate sampling interval: 2486ms

-----------------------------------------------------------------------
Test Results @ http://10.97.0.135/?loopCount=25&base=6&exp=6 
  Thread Stats   Avg      Stdev     99%   +/- Stdev
    Latency     2.36s   562.93ms   3.22s    60.71%
    Req/Sec    22.25      0.83    24.00    100.00%
  Latency Distribution (HdrHistogram - Recorded Latency)
 50.000%    2.38s 
 75.000%    2.82s 
 90.000%    3.19s 
 99.000%    3.22s 
 99.900%    3.35s 
 99.990%    3.35s 
 99.999%    3.35s 
100.000%    3.35s 

  Detailed Percentile spectrum:
       Value   Percentile   TotalCount 1/(1-Percentile)

    1443.839     0.000000            2         1.00
    1528.831     0.100000           46         1.11
    1820.671     0.200000           91         1.25
    1991.679     0.300000          137         1.43
    2148.351     0.400000          182         1.67
    2381.823     0.500000          227         2.00
    2465.791     0.550000          250         2.22
    2486.271     0.600000          272         2.50
    2662.399     0.650000          295         2.86
    2777.087     0.700000          318         3.33
    2818.047     0.750000          340         4.00
    2889.727     0.775000          354         4.44
    2910.207     0.800000          363         5.00
    2947.071     0.825000          374         5.71
    3033.087     0.850000          388         6.67
    3192.831     0.875000          401         8.00
    3194.879     0.887500          413         8.89
    3194.879     0.900000          413        10.00
    3196.927     0.912500          414        11.43
    3201.023     0.925000          433        13.33
    3201.023     0.937500          433        16.00
    3201.023     0.943750          433        17.78
    3201.023     0.950000          433        20.00
    3203.071     0.956250          441        22.86
    3203.071     0.962500          441        26.67
    3203.071     0.968750          441        32.00
    3203.071     0.971875          441        35.56
    3211.263     0.975000          442        40.00
    3217.407     0.978125          444        45.71
    3219.455     0.981250          448        53.33
    3219.455     0.984375          448        64.00
    3219.455     0.985938          448        71.11
    3219.455     0.987500          448        80.00
    3229.695     0.989062          449        91.43
    3229.695     0.990625          449       106.67
    3274.751     0.992188          451       128.00
    3274.751     0.992969          451       142.22
    3274.751     0.993750          451       160.00
    3274.751     0.994531          451       182.86
    3274.751     0.995313          451       213.33
    3315.711     0.996094          452       256.00
    3315.711     0.996484          452       284.44
    3315.711     0.996875          452       320.00
    3315.711     0.997266          452       365.71
    3315.711     0.997656          452       426.67
    3352.575     0.998047          453       512.00
    3352.575     1.000000          453          inf
#[Mean    =     2361.647, StdDeviation   =      562.933]
#[Max     =     3350.528, Total count    =          453]
#[Buckets =           27, SubBuckets     =         2048]
-----------------------------------------------------------------------
  666 requests in 30.00s, 202.92KB read
Requests/sec:     22.20  
Transfer/sec:      6.76KB
