Running 30s test @ http://10.103.252.181/?loopCount=25&base=6&exp=6
  5 threads and 5 connections

  Thread calibration: mean lat.: 57.283ms, rate sampling interval: 194ms
  Thread calibration: mean lat.: 71.092ms, rate sampling interval: 327ms
  Thread calibration: mean lat.: 62.408ms, rate sampling interval: 222ms
  Thread calibration: mean lat.: 55.802ms, rate sampling interval: 194ms
  Thread calibration: mean lat.: 60.587ms, rate sampling interval: 225ms

-----------------------------------------------------------------------
Test Results @ http://10.103.252.181/?loopCount=25&base=6&exp=6 
  Thread Stats   Avg      Stdev     99%   +/- Stdev
    Latency    46.45ms   13.86ms 103.55ms   89.60%
    Req/Sec     9.67      1.90    15.00     84.04%
  Latency Distribution (HdrHistogram - Recorded Latency)
 50.000%   43.55ms
 75.000%   44.86ms
 90.000%   52.48ms
 99.000%  103.55ms
 99.900%  166.65ms
 99.990%  172.29ms
 99.999%  172.29ms
100.000%  172.29ms

  Detailed Percentile spectrum:
       Value   Percentile   TotalCount 1/(1-Percentile)

      22.591     0.000000            1         1.00
      40.575     0.100000          100         1.11
      41.599     0.200000          201         1.25
      42.495     0.300000          301         1.43
      43.135     0.400000          401         1.67
      43.551     0.500000          500         2.00
      43.807     0.550000          556         2.22
      44.031     0.600000          600         2.50
      44.287     0.650000          654         2.86
      44.575     0.700000          704         3.33
      44.863     0.750000          754         4.00
      45.055     0.775000          776         4.44
      45.247     0.800000          801         5.00
      45.567     0.825000          826         5.71
      46.623     0.850000          850         6.67
      50.879     0.875000          875         8.00
      51.935     0.887500          888         8.89
      52.479     0.900000          900        10.00
      54.431     0.912500          913        11.43
      61.663     0.925000          925        13.33
      67.007     0.937500          938        16.00
      68.223     0.943750          944        17.78
      70.527     0.950000          950        20.00
      77.567     0.956250          957        22.86
      78.911     0.962500          963        26.67
      83.007     0.968750          969        32.00
      86.655     0.971875          972        35.56
      87.679     0.975000          975        40.00
      90.495     0.978125          979        45.71
      93.439     0.981250          982        53.33
      95.423     0.984375          985        64.00
      95.679     0.985938          987        71.11
      97.215     0.987500          988        80.00
     103.551     0.989062          990        91.43
     104.447     0.990625          991       106.67
     108.415     0.992188          993       128.00
     108.415     0.992969          993       142.22
     112.447     0.993750          994       160.00
     125.439     0.994531          995       182.86
     162.047     0.995313          996       213.33
     164.479     0.996094          997       256.00
     164.479     0.996484          997       284.44
     164.479     0.996875          997       320.00
     166.015     0.997266          998       365.71
     166.015     0.997656          998       426.67
     166.655     0.998047          999       512.00
     166.655     0.998242          999       568.89
     166.655     0.998437          999       640.00
     166.655     0.998633          999       731.43
     166.655     0.998828          999       853.33
     172.287     0.999023         1000      1024.00
     172.287     1.000000         1000          inf
#[Mean    =       46.448, StdDeviation   =       13.855]
#[Max     =      172.160, Total count    =         1000]
#[Buckets =           27, SubBuckets     =         2048]
-----------------------------------------------------------------------
  1495 requests in 30.00s, 455.55KB read
Requests/sec:     49.83  
Transfer/sec:     15.18KB
