Running 30s test @ http://10.103.252.181/?loopCount=25&base=6&exp=6
  1 threads and 1 connections

  Thread calibration: mean lat.: 2660.568ms, rate sampling interval: 8036ms

-----------------------------------------------------------------------
Test Results @ http://10.103.252.181/?loopCount=25&base=6&exp=6 
  Thread Stats   Avg      Stdev     99%   +/- Stdev
    Latency     7.98s     1.94s   11.04s    60.71%
    Req/Sec    16.50      0.50    17.00    100.00%
  Latency Distribution (HdrHistogram - Recorded Latency)
 50.000%    8.21s 
 75.000%    9.70s 
 90.000%   10.66s 
 99.000%   11.04s 
 99.900%   11.10s 
 99.990%   11.10s 
 99.999%   11.10s 
100.000%   11.10s 

  Detailed Percentile spectrum:
       Value   Percentile   TotalCount 1/(1-Percentile)

    4591.615     0.000000            2         1.00
    5476.351     0.100000           36         1.11
    5816.319     0.200000           69         1.25
    6385.663     0.300000          101         1.43
    7057.407     0.400000          136         1.67
    8212.479     0.500000          168         2.00
    8626.175     0.550000          186         2.22
    8970.239     0.600000          202         2.50
    9371.647     0.650000          220         2.86
    9494.527     0.700000          237         3.33
    9699.327     0.750000          252         4.00
    9740.287     0.775000          264         4.44
    9773.055     0.800000          271         5.00
    9789.439     0.825000          280         5.71
   10018.815     0.850000          286         6.67
   10387.455     0.875000          295         8.00
   10428.415     0.887500          299         8.89
   10706.943     0.900000          304        10.00
   10756.095     0.912500          309        11.43
   10764.287     0.925000          314        13.33
   10772.479     0.937500          315        16.00
   10788.863     0.943750          318        17.78
   10797.055     0.950000          320        20.00
   10862.591     0.956250          322        22.86
   10977.279     0.962500          324        26.67
   11026.431     0.968750          327        32.00
   11026.431     0.971875          327        35.56
   11034.623     0.975000          330        40.00
   11034.623     0.978125          330        45.71
   11034.623     0.981250          330        53.33
   11042.815     0.984375          334        64.00
   11042.815     0.985938          334        71.11
   11042.815     0.987500          334        80.00
   11042.815     0.989062          334        91.43
   11042.815     0.990625          334       106.67
   11042.815     0.992188          334       128.00
   11042.815     0.992969          334       142.22
   11042.815     0.993750          334       160.00
   11059.199     0.994531          335       182.86
   11059.199     0.995313          335       213.33
   11059.199     0.996094          335       256.00
   11059.199     0.996484          335       284.44
   11059.199     0.996875          335       320.00
   11100.159     0.997266          336       365.71
   11100.159     1.000000          336          inf
#[Mean    =     7979.227, StdDeviation   =     1935.313]
#[Max     =    11091.968, Total count    =          336]
#[Buckets =           27, SubBuckets     =         2048]
-----------------------------------------------------------------------
  472 requests in 30.00s, 143.86KB read
Requests/sec:     15.73  
Transfer/sec:      4.79KB
