Running 30s test @ http://10.100.168.19/?loopCount=25&base=6&exp=6
  1 threads and 1 connections

  Thread calibration: mean lat.: 3332.134ms, rate sampling interval: 11526ms

-----------------------------------------------------------------------
Test Results @ http://10.100.168.19/?loopCount=25&base=6&exp=6 
  Thread Stats   Avg      Stdev     99%   +/- Stdev
    Latency    12.76s     3.58s   18.56s    56.54%
    Req/Sec     9.00      0.00     9.00    100.00%
  Latency Distribution (HdrHistogram - Recorded Latency)
 50.000%   12.77s 
 75.000%   15.97s 
 90.000%   17.71s 
 99.000%   18.56s 
 99.900%   18.68s 
 99.990%   18.68s 
 99.999%   18.68s 
100.000%   18.68s 

  Detailed Percentile spectrum:
       Value   Percentile   TotalCount 1/(1-Percentile)

    6340.607     0.000000            1         1.00
    7610.367     0.100000           20         1.11
    9175.039     0.200000           39         1.25
   10469.375     0.300000           58         1.43
   11722.751     0.400000           77         1.67
   12771.327     0.500000           96         2.00
   13344.767     0.550000          107         2.22
   13787.135     0.600000          115         2.50
   14606.335     0.650000          125         2.86
   15327.231     0.700000          134         3.33
   16039.935     0.750000          144         4.00
   16367.615     0.775000          149         4.44
   16580.607     0.800000          153         5.00
   16891.903     0.825000          158         5.71
   17170.431     0.850000          163         6.67
   17465.343     0.875000          168         8.00
   17612.799     0.887500          170         8.89
   17711.103     0.900000          173        10.00
   17809.407     0.912500          175        11.43
   17940.479     0.925000          177        13.33
   18087.935     0.937500          181        16.00
   18087.935     0.943750          181        17.78
   18137.087     0.950000          182        20.00
   18186.239     0.956250          183        22.86
   18219.007     0.962500          184        26.67
   18366.463     0.968750          186        32.00
   18366.463     0.971875          186        35.56
   18497.535     0.975000          188        40.00
   18497.535     0.978125          188        45.71
   18497.535     0.981250          188        53.33
   18563.071     0.984375          189        64.00
   18563.071     0.985938          189        71.11
   18563.071     0.987500          189        80.00
   18563.071     0.989062          189        91.43
   18612.223     0.990625          190       106.67
   18612.223     0.992188          190       128.00
   18612.223     0.992969          190       142.22
   18612.223     0.993750          190       160.00
   18612.223     0.994531          190       182.86
   18677.759     0.995313          191       213.33
   18677.759     1.000000          191          inf
#[Mean    =    12762.471, StdDeviation   =     3583.542]
#[Max     =    18661.376, Total count    =          191]
#[Buckets =           27, SubBuckets     =         2048]
-----------------------------------------------------------------------
  283 requests in 30.00s, 86.37KB read
Requests/sec:      9.43  
Transfer/sec:      2.88KB
