Running 30s test @ http://10.99.189.79/?loopCount=25&base=6&exp=6
  5 threads and 5 connections

  Thread calibration: mean lat.: 401.364ms, rate sampling interval: 1192ms
  Thread calibration: mean lat.: 240.836ms, rate sampling interval: 749ms
  Thread calibration: mean lat.: 295.363ms, rate sampling interval: 811ms
  Thread calibration: mean lat.: 304.050ms, rate sampling interval: 932ms
  Thread calibration: mean lat.: 414.263ms, rate sampling interval: 980ms

-----------------------------------------------------------------------
Test Results @ http://10.99.189.79/?loopCount=25&base=6&exp=6 
  Thread Stats   Avg      Stdev     99%   +/- Stdev
    Latency   230.72ms  104.89ms 491.52ms   62.24%
    Req/Sec     9.64      1.20    12.00     90.65%
  Latency Distribution (HdrHistogram - Recorded Latency)
 50.000%  198.91ms
 75.000%  294.65ms
 90.000%  386.05ms
 99.000%  491.52ms
 99.900%  498.94ms
 99.990%  509.18ms
 99.999%  509.18ms
100.000%  509.18ms

  Detailed Percentile spectrum:
       Value   Percentile   TotalCount 1/(1-Percentile)

      74.431     0.000000            1         1.00
      96.127     0.100000          101         1.11
     111.679     0.200000          202         1.25
     180.351     0.300000          303         1.43
     189.823     0.400000          406         1.67
     198.911     0.500000          508         2.00
     206.719     0.550000          557         2.22
     271.871     0.600000          611         2.50
     277.247     0.650000          656         2.86
     284.671     0.700000          707         3.33
     294.655     0.750000          757         4.00
     298.495     0.775000          782         4.44
     302.591     0.800000          808         5.00
     306.943     0.825000          833         5.71
     375.295     0.850000          858         6.67
     379.647     0.875000          883         8.00
     383.231     0.887500          898         8.89
     386.303     0.900000          909        10.00
     389.631     0.912500          921        11.43
     394.751     0.925000          935        13.33
     399.615     0.937500          947        16.00
     402.687     0.943750          953        17.78
     404.735     0.950000          959        20.00
     408.063     0.956250          965        22.86
     471.039     0.962500          972        26.67
     476.927     0.968750          978        32.00
     479.487     0.971875          982        35.56
     480.767     0.975000          984        40.00
     484.607     0.978125          987        45.71
     486.911     0.981250          991        53.33
     488.447     0.984375          994        64.00
     488.703     0.985938          995        71.11
     489.215     0.987500          997        80.00
     489.727     0.989062          998        91.43
     492.031     0.990625         1000       106.67
     492.287     0.992188         1002       128.00
     492.287     0.992969         1002       142.22
     492.543     0.993750         1003       160.00
     495.359     0.994531         1004       182.86
     495.615     0.995313         1005       213.33
     495.871     0.996094         1006       256.00
     495.871     0.996484         1006       284.44
     495.871     0.996875         1006       320.00
     498.175     0.997266         1007       365.71
     498.175     0.997656         1007       426.67
     498.943     0.998047         1008       512.00
     498.943     0.998242         1008       568.89
     498.943     0.998437         1008       640.00
     498.943     0.998633         1008       731.43
     498.943     0.998828         1008       853.33
     509.183     0.999023         1009      1024.00
     509.183     1.000000         1009          inf
#[Mean    =      230.725, StdDeviation   =      104.893]
#[Max     =      508.928, Total count    =         1009]
#[Buckets =           27, SubBuckets     =         2048]
-----------------------------------------------------------------------
  1489 requests in 30.00s, 454.25KB read
Requests/sec:     49.63  
Transfer/sec:     15.14KB
