Running 30s test @ http://10.102.95.213/?loopCount=25&base=6&exp=6
  5 threads and 5 connections

  Thread calibration: mean lat.: 260.313ms, rate sampling interval: 752ms
  Thread calibration: mean lat.: 639.924ms, rate sampling interval: 1811ms
  Thread calibration: mean lat.: 220.033ms, rate sampling interval: 839ms
  Thread calibration: mean lat.: 319.981ms, rate sampling interval: 1000ms
  Thread calibration: mean lat.: 699.472ms, rate sampling interval: 2014ms

-----------------------------------------------------------------------
Test Results @ http://10.102.95.213/?loopCount=25&base=6&exp=6 
  Thread Stats   Avg      Stdev     99%   +/- Stdev
    Latency   305.14ms  240.09ms   1.01s    75.69%
    Req/Sec    14.70      1.45    18.00     93.26%
  Latency Distribution (HdrHistogram - Recorded Latency)
 50.000%  239.49ms
 75.000%  390.40ms
 90.000%  718.85ms
 99.000%    1.01s 
 99.900%    1.07s 
 99.990%    1.12s 
 99.999%    1.12s 
100.000%    1.12s 

  Detailed Percentile spectrum:
       Value   Percentile   TotalCount 1/(1-Percentile)

      31.663     0.000000            1         1.00
      68.991     0.100000          153         1.11
     100.991     0.200000          306         1.25
     141.567     0.300000          458         1.43
     192.383     0.400000          611         1.67
     239.487     0.500000          763         2.00
     262.655     0.550000          840         2.22
     289.791     0.600000          916         2.50
     323.583     0.650000          992         2.86
     355.071     0.700000         1070         3.33
     390.399     0.750000         1145         4.00
     412.671     0.775000         1183         4.44
     445.183     0.800000         1221         5.00
     492.287     0.825000         1259         5.71
     568.319     0.850000         1298         6.67
     649.727     0.875000         1336         8.00
     687.615     0.887500         1355         8.89
     721.919     0.900000         1375        10.00
     750.079     0.912500         1393        11.43
     788.991     0.925000         1412        13.33
     817.663     0.937500         1431        16.00
     830.975     0.943750         1442        17.78
     841.215     0.950000         1450        20.00
     850.431     0.956250         1460        22.86
     858.623     0.962500         1469        26.67
     877.567     0.968750         1479        32.00
     884.223     0.971875         1484        35.56
     901.631     0.975000         1488        40.00
     927.743     0.978125         1493        45.71
     961.023     0.981250         1498        53.33
     984.575     0.984375         1503        64.00
     997.375     0.985938         1505        71.11
     999.935     0.987500         1507        80.00
    1006.591     0.989062         1510        91.43
    1008.639     0.990625         1512       106.67
    1029.631     0.992188         1515       128.00
    1030.143     0.992969         1516       142.22
    1030.655     0.993750         1517       160.00
    1032.191     0.994531         1518       182.86
    1034.751     0.995313         1519       213.33
    1050.623     0.996094         1521       256.00
    1050.623     0.996484         1521       284.44
    1059.839     0.996875         1522       320.00
    1059.839     0.997266         1522       365.71
    1060.863     0.997656         1523       426.67
    1070.079     0.998047         1524       512.00
    1070.079     0.998242         1524       568.89
    1070.079     0.998437         1524       640.00
    1070.079     0.998633         1524       731.43
    1087.487     0.998828         1525       853.33
    1087.487     0.999023         1525      1024.00
    1087.487     0.999121         1525      1137.78
    1087.487     0.999219         1525      1280.00
    1087.487     0.999316         1525      1462.86
    1115.135     0.999414         1526      1706.67
    1115.135     1.000000         1526          inf
#[Mean    =      305.135, StdDeviation   =      240.094]
#[Max     =     1114.112, Total count    =         1526]
#[Buckets =           27, SubBuckets     =         2048]
-----------------------------------------------------------------------
  2236 requests in 30.00s, 681.53KB read
Requests/sec:     74.52  
Transfer/sec:     22.71KB
