Running 30s test @ http://10.100.238.229/?loopCount=25&base=6&exp=6
  5 threads and 5 connections

  Thread calibration: mean lat.: 345.562ms, rate sampling interval: 1622ms
  Thread calibration: mean lat.: 654.349ms, rate sampling interval: 1756ms
  Thread calibration: mean lat.: 808.884ms, rate sampling interval: 2594ms
  Thread calibration: mean lat.: 399.581ms, rate sampling interval: 1303ms
  Thread calibration: mean lat.: 468.334ms, rate sampling interval: 1923ms

-----------------------------------------------------------------------
Test Results @ http://10.100.238.229/?loopCount=25&base=6&exp=6 
  Thread Stats   Avg      Stdev     99%   +/- Stdev
    Latency     1.40s   385.87ms   2.19s    65.49%
    Req/Sec    14.09      1.46    16.00     90.91%
  Latency Distribution (HdrHistogram - Recorded Latency)
 50.000%    1.36s 
 75.000%    1.61s 
 90.000%    2.04s 
 99.000%    2.19s 
 99.900%    2.25s 
 99.990%    2.25s 
 99.999%    2.25s 
100.000%    2.25s 

  Detailed Percentile spectrum:
       Value   Percentile   TotalCount 1/(1-Percentile)

     621.567     0.000000            1         1.00
     938.495     0.100000          145         1.11
    1062.911     0.200000          290         1.25
    1140.735     0.300000          436         1.43
    1229.823     0.400000          580         1.67
    1356.799     0.500000          725         2.00
    1406.975     0.550000          797         2.22
    1451.007     0.600000          872         2.50
    1502.207     0.650000          942         2.86
    1563.647     0.700000         1015         3.33
    1613.823     0.750000         1087         4.00
    1642.495     0.775000         1123         4.44
    1686.527     0.800000         1160         5.00
    1923.071     0.825000         1196         5.71
    1979.391     0.850000         1232         6.67
    2014.207     0.875000         1268         8.00
    2031.615     0.887500         1286         8.89
    2041.855     0.900000         1305        10.00
    2063.359     0.912500         1323        11.43
    2080.767     0.925000         1341        13.33
    2099.199     0.937500         1359        16.00
    2109.439     0.943750         1368        17.78
    2117.631     0.950000         1379        20.00
    2127.871     0.956250         1386        22.86
    2140.159     0.962500         1396        26.67
    2146.303     0.968750         1404        32.00
    2150.399     0.971875         1409        35.56
    2156.543     0.975000         1413        40.00
    2164.735     0.978125         1420        45.71
    2168.831     0.981250         1422        53.33
    2174.975     0.984375         1427        64.00
    2183.167     0.985938         1429        71.11
    2187.263     0.987500         1432        80.00
    2191.359     0.989062         1436        91.43
    2191.359     0.990625         1436       106.67
    2193.407     0.992188         1438       128.00
    2195.455     0.992969         1439       142.22
    2197.503     0.993750         1440       160.00
    2211.839     0.994531         1442       182.86
    2213.887     0.995313         1443       213.33
    2217.983     0.996094         1444       256.00
    2217.983     0.996484         1444       284.44
    2220.031     0.996875         1445       320.00
    2222.079     0.997266         1446       365.71
    2222.079     0.997656         1446       426.67
    2230.271     0.998047         1447       512.00
    2230.271     0.998242         1447       568.89
    2230.271     0.998437         1447       640.00
    2246.655     0.998633         1448       731.43
    2246.655     0.998828         1448       853.33
    2246.655     0.999023         1448      1024.00
    2246.655     0.999121         1448      1137.78
    2246.655     0.999219         1448      1280.00
    2250.751     0.999316         1449      1462.86
    2250.751     1.000000         1449          inf
#[Mean    =     1402.013, StdDeviation   =      385.870]
#[Max     =     2248.704, Total count    =         1449]
#[Buckets =           27, SubBuckets     =         2048]
-----------------------------------------------------------------------
  2125 requests in 30.00s, 647.75KB read
Requests/sec:     70.82  
Transfer/sec:     21.59KB
