Running 30s test @ http://10.100.212.137/?loopCount=25&base=6&exp=6
  5 threads and 5 connections

  Thread calibration: mean lat.: 1588.398ms, rate sampling interval: 5599ms
  Thread calibration: mean lat.: 1897.692ms, rate sampling interval: 6139ms
  Thread calibration: mean lat.: 1925.001ms, rate sampling interval: 6221ms
  Thread calibration: mean lat.: 2030.069ms, rate sampling interval: 6344ms
  Thread calibration: mean lat.: 1715.211ms, rate sampling interval: 5918ms

-----------------------------------------------------------------------
Test Results @ http://10.100.212.137/?loopCount=25&base=6&exp=6 
  Thread Stats   Avg      Stdev     99%   +/- Stdev
    Latency     6.46s     1.77s    9.66s    61.48%
    Req/Sec     9.87      0.50    11.00    100.00%
  Latency Distribution (HdrHistogram - Recorded Latency)
 50.000%    6.50s 
 75.000%    7.88s 
 90.000%    8.93s 
 99.000%    9.66s 
 99.900%    9.73s 
 99.990%    9.75s 
 99.999%    9.75s 
100.000%    9.75s 

  Detailed Percentile spectrum:
       Value   Percentile   TotalCount 1/(1-Percentile)

    3071.999     0.000000            1         1.00
    3956.735     0.100000          105         1.11
    4702.207     0.200000          210         1.25
    5296.127     0.300000          313         1.43
    5959.679     0.400000          417         1.67
    6504.447     0.500000          521         2.00
    6770.687     0.550000          573         2.22
    7077.887     0.600000          625         2.50
    7327.743     0.650000          678         2.86
    7585.791     0.700000          730         3.33
    7876.607     0.750000          783         4.00
    7995.391     0.775000          807         4.44
    8138.751     0.800000          835         5.00
    8314.879     0.825000          859         5.71
    8503.295     0.850000          885         6.67
    8708.095     0.875000          911         8.00
    8814.591     0.887500          925         8.89
    8929.279     0.900000          937        10.00
    9027.583     0.912500          950        11.43
    9142.271     0.925000          965        13.33
    9248.767     0.937500          978        16.00
    9322.495     0.943750          984        17.78
    9355.263     0.950000          989        20.00
    9396.223     0.956250          996        22.86
    9437.183     0.962500         1002        26.67
    9502.719     0.968750         1010        32.00
    9527.295     0.971875         1012        35.56
    9543.679     0.975000         1015        40.00
    9568.255     0.978125         1019        45.71
    9592.831     0.981250         1023        53.33
    9609.215     0.984375         1025        64.00
    9617.407     0.985938         1027        71.11
    9633.791     0.987500         1028        80.00
    9650.175     0.989062         1030        91.43
    9674.751     0.990625         1033       106.67
    9674.751     0.992188         1033       128.00
    9682.943     0.992969         1035       142.22
    9682.943     0.993750         1035       160.00
    9699.327     0.994531         1038       182.86
    9699.327     0.995313         1038       213.33
    9699.327     0.996094         1038       256.00
    9699.327     0.996484         1038       284.44
    9699.327     0.996875         1038       320.00
    9723.903     0.997266         1039       365.71
    9723.903     0.997656         1039       426.67
    9723.903     0.998047         1039       512.00
    9732.095     0.998242         1040       568.89
    9732.095     0.998437         1040       640.00
    9732.095     0.998633         1040       731.43
    9732.095     0.998828         1040       853.33
    9732.095     0.999023         1040      1024.00
    9748.479     0.999121         1041      1137.78
    9748.479     1.000000         1041          inf
#[Mean    =     6463.746, StdDeviation   =     1766.295]
#[Max     =     9740.288, Total count    =         1041]
#[Buckets =           27, SubBuckets     =         2048]
-----------------------------------------------------------------------
  1536 requests in 30.00s, 468.59KB read
Requests/sec:     51.19  
Transfer/sec:     15.62KB
