Running 30s test @ http://10.110.191.44/?loopCount=25&base=6&exp=6
  1 threads and 1 connections

  Thread calibration: mean lat.: 2802.667ms, rate sampling interval: 7811ms

-----------------------------------------------------------------------
Test Results @ http://10.110.191.44/?loopCount=25&base=6&exp=6 
  Thread Stats   Avg      Stdev     99%   +/- Stdev
    Latency     6.96s     1.21s    9.06s    61.93%
    Req/Sec    18.00      1.00    19.00    100.00%
  Latency Distribution (HdrHistogram - Recorded Latency)
 50.000%    7.05s 
 75.000%    7.93s 
 90.000%    8.41s 
 99.000%    9.06s 
 99.900%    9.16s 
 99.990%    9.16s 
 99.999%    9.16s 
100.000%    9.16s 

  Detailed Percentile spectrum:
       Value   Percentile   TotalCount 1/(1-Percentile)

    4159.487     0.000000            1         1.00
    5513.215     0.100000           46         1.11
    5939.199     0.200000           77         1.25
    6119.423     0.300000          114         1.43
    6537.215     0.400000          150         1.67
    7053.311     0.500000          187         2.00
    7176.191     0.550000          207         2.22
    7340.031     0.600000          228         2.50
    7495.679     0.650000          243         2.86
    7696.383     0.700000          264         3.33
    7933.951     0.750000          280         4.00
    8208.383     0.775000          290         4.44
    8327.167     0.800000          303         5.00
    8331.263     0.825000          309         5.71
    8343.551     0.850000          321         6.67
    8355.839     0.875000          327         8.00
    8413.183     0.887500          336         8.89
    8413.183     0.900000          336        10.00
    8650.751     0.912500          341        11.43
    8822.783     0.925000          347        13.33
    8855.551     0.937500          350        16.00
    8912.895     0.943750          353        17.78
    8970.239     0.950000          356        20.00
    8986.623     0.956250          358        22.86
    9003.007     0.962500          363        26.67
    9003.007     0.968750          363        32.00
    9003.007     0.971875          363        35.56
    9027.583     0.975000          365        40.00
    9027.583     0.978125          365        45.71
    9035.775     0.981250          368        53.33
    9035.775     0.984375          368        64.00
    9035.775     0.985938          368        71.11
    9060.351     0.987500          369        80.00
    9060.351     0.989062          369        91.43
    9109.503     0.990625          370       106.67
    9142.271     0.992188          371       128.00
    9142.271     0.992969          371       142.22
    9142.271     0.993750          371       160.00
    9142.271     0.994531          371       182.86
    9158.655     0.995313          373       213.33
    9158.655     1.000000          373          inf
#[Mean    =     6957.602, StdDeviation   =     1206.675]
#[Max     =     9150.464, Total count    =          373]
#[Buckets =           27, SubBuckets     =         2048]
-----------------------------------------------------------------------
  520 requests in 30.00s, 158.47KB read
Requests/sec:     17.33  
Transfer/sec:      5.28KB
