Running 30s test @ http://10.106.228.182/?loopCount=25&base=6&exp=6
  5 threads and 5 connections

  Thread calibration: mean lat.: 432.212ms, rate sampling interval: 1491ms
  Thread calibration: mean lat.: 521.478ms, rate sampling interval: 1303ms
  Thread calibration: mean lat.: 545.602ms, rate sampling interval: 1433ms
  Thread calibration: mean lat.: 264.292ms, rate sampling interval: 761ms
  Thread calibration: mean lat.: 285.938ms, rate sampling interval: 1008ms

-----------------------------------------------------------------------
Test Results @ http://10.106.228.182/?loopCount=25&base=6&exp=6 
  Thread Stats   Avg      Stdev     99%   +/- Stdev
    Latency   224.14ms  192.22ms 749.57ms   79.26%
    Req/Sec    14.52      1.55    18.00     93.02%
  Latency Distribution (HdrHistogram - Recorded Latency)
 50.000%  143.10ms
 75.000%  359.17ms
 90.000%  538.62ms
 99.000%  749.57ms
 99.900%  803.33ms
 99.990%  860.67ms
 99.999%  860.67ms
100.000%  860.67ms

  Detailed Percentile spectrum:
       Value   Percentile   TotalCount 1/(1-Percentile)

      22.367     0.000000            2         1.00
      46.975     0.100000          151         1.11
      66.111     0.200000          302         1.25
      82.431     0.300000          453         1.43
     108.927     0.400000          604         1.67
     143.103     0.500000          757         2.00
     162.687     0.550000          830         2.22
     185.727     0.600000          907         2.50
     221.951     0.650000          981         2.86
     272.639     0.700000         1057         3.33
     359.167     0.750000         1132         4.00
     390.911     0.775000         1170         4.44
     424.703     0.800000         1208         5.00
     452.863     0.825000         1245         5.71
     473.599     0.850000         1283         6.67
     499.967     0.875000         1321         8.00
     519.679     0.887500         1340         8.89
     540.159     0.900000         1359        10.00
     559.615     0.912500         1377        11.43
     577.023     0.925000         1396        13.33
     596.991     0.937500         1415        16.00
     605.183     0.943750         1425        17.78
     614.399     0.950000         1434        20.00
     625.663     0.956250         1443        22.86
     631.807     0.962500         1453        26.67
     651.263     0.968750         1462        32.00
     656.383     0.971875         1467        35.56
     659.967     0.975000         1472        40.00
     680.959     0.978125         1476        45.71
     689.663     0.981250         1481        53.33
     712.703     0.984375         1486        64.00
     725.503     0.985938         1488        71.11
     739.839     0.987500         1491        80.00
     743.423     0.989062         1493        91.43
     750.079     0.990625         1495       106.67
     757.759     0.992188         1498       128.00
     760.319     0.992969         1499       142.22
     763.903     0.993750         1500       160.00
     776.191     0.994531         1501       182.86
     776.703     0.995313         1502       213.33
     784.383     0.996094         1504       256.00
     784.383     0.996484         1504       284.44
     793.599     0.996875         1505       320.00
     793.599     0.997266         1505       365.71
     798.719     0.997656         1506       426.67
     803.327     0.998047         1507       512.00
     803.327     0.998242         1507       568.89
     803.327     0.998437         1507       640.00
     803.327     0.998633         1507       731.43
     819.199     0.998828         1508       853.33
     819.199     0.999023         1508      1024.00
     819.199     0.999121         1508      1137.78
     819.199     0.999219         1508      1280.00
     819.199     0.999316         1508      1462.86
     860.671     0.999414         1509      1706.67
     860.671     1.000000         1509          inf
#[Mean    =      224.144, StdDeviation   =      192.219]
#[Max     =      860.160, Total count    =         1509]
#[Buckets =           27, SubBuckets     =         2048]
-----------------------------------------------------------------------
  2220 requests in 30.00s, 676.56KB read
Requests/sec:     73.99  
Transfer/sec:     22.55KB
