Running 30s test @ http://10.110.121.181/?loopCount=25&base=6&exp=6
  5 threads and 5 connections

  Thread calibration: mean lat.: 56.867ms, rate sampling interval: 229ms
  Thread calibration: mean lat.: 50.142ms, rate sampling interval: 147ms
  Thread calibration: mean lat.: 50.455ms, rate sampling interval: 165ms
  Thread calibration: mean lat.: 52.911ms, rate sampling interval: 172ms
  Thread calibration: mean lat.: 53.347ms, rate sampling interval: 166ms

-----------------------------------------------------------------------
Test Results @ http://10.110.121.181/?loopCount=25&base=6&exp=6 
  Thread Stats   Avg      Stdev     99%   +/- Stdev
    Latency    44.00ms   13.27ms 109.25ms   91.40%
    Req/Sec     9.59      3.05    13.00     93.45%
  Latency Distribution (HdrHistogram - Recorded Latency)
 50.000%   41.73ms
 75.000%   42.62ms
 90.000%   43.65ms
 99.000%  109.25ms
 99.900%  123.01ms
 99.990%  154.24ms
 99.999%  154.24ms
100.000%  154.24ms

  Detailed Percentile spectrum:
       Value   Percentile   TotalCount 1/(1-Percentile)

      22.207     0.000000            1         1.00
      39.135     0.100000          100         1.11
      40.575     0.200000          202         1.25
      41.023     0.300000          305         1.43
      41.375     0.400000          402         1.67
      41.727     0.500000          502         2.00
      41.919     0.550000          554         2.22
      42.111     0.600000          608         2.50
      42.271     0.650000          659         2.86
      42.463     0.700000          705         3.33
      42.623     0.750000          750         4.00
      42.751     0.775000          779         4.44
      42.847     0.800000          800         5.00
      42.975     0.825000          825         5.71
      43.167     0.850000          855         6.67
      43.327     0.875000          875         8.00
      43.487     0.887500          889         8.89
      43.647     0.900000          904        10.00
      43.903     0.912500          914        11.43
      45.535     0.925000          925        13.33
      52.159     0.937500          938        16.00
      57.183     0.943750          944        17.78
      65.471     0.950000          950        20.00
      73.215     0.956250          957        22.86
      74.367     0.962500          963        26.67
      97.471     0.968750          969        32.00
      98.879     0.971875          972        35.56
     100.351     0.975000          975        40.00
     102.399     0.978125          979        45.71
     103.231     0.981250          982        53.33
     107.135     0.984375          985        64.00
     107.391     0.985938          986        71.11
     108.927     0.987500          988        80.00
     109.247     0.989062          990        91.43
     110.719     0.990625          991       106.67
     112.319     0.992188          993       128.00
     112.319     0.992969          993       142.22
     114.751     0.993750          994       160.00
     114.879     0.994531          995       182.86
     115.263     0.995313          996       213.33
     118.335     0.996094          997       256.00
     118.335     0.996484          997       284.44
     118.335     0.996875          997       320.00
     121.919     0.997266          998       365.71
     121.919     0.997656          998       426.67
     123.007     0.998047          999       512.00
     123.007     0.998242          999       568.89
     123.007     0.998437          999       640.00
     123.007     0.998633          999       731.43
     123.007     0.998828          999       853.33
     154.239     0.999023         1000      1024.00
     154.239     1.000000         1000          inf
#[Mean    =       44.000, StdDeviation   =       13.266]
#[Max     =      154.112, Total count    =         1000]
#[Buckets =           27, SubBuckets     =         2048]
-----------------------------------------------------------------------
  1495 requests in 30.00s, 455.55KB read
Requests/sec:     49.83  
Transfer/sec:     15.18KB
