Running 30s test @ http://10.100.160.80/?loopCount=25&base=6&exp=6
  5 threads and 5 connections

  Thread calibration: mean lat.: 128.606ms, rate sampling interval: 464ms
  Thread calibration: mean lat.: 283.968ms, rate sampling interval: 834ms
  Thread calibration: mean lat.: 199.649ms, rate sampling interval: 784ms
  Thread calibration: mean lat.: 195.970ms, rate sampling interval: 705ms
  Thread calibration: mean lat.: 136.516ms, rate sampling interval: 432ms

-----------------------------------------------------------------------
Test Results @ http://10.100.160.80/?loopCount=25&base=6&exp=6 
  Thread Stats   Avg      Stdev     99%   +/- Stdev
    Latency   158.33ms  125.41ms 511.23ms   80.90%
    Req/Sec    14.45      2.49    20.00     84.85%
  Latency Distribution (HdrHistogram - Recorded Latency)
 50.000%  110.33ms
 75.000%  217.60ms
 90.000%  367.61ms
 99.000%  511.23ms
 99.900%  568.83ms
 99.990%  582.14ms
 99.999%  582.14ms
100.000%  582.14ms

  Detailed Percentile spectrum:
       Value   Percentile   TotalCount 1/(1-Percentile)

      22.191     0.000000            1         1.00
      41.663     0.100000          150         1.11
      53.087     0.200000          299         1.25
      69.631     0.300000          448         1.43
      86.911     0.400000          597         1.67
     110.335     0.500000          746         2.00
     125.439     0.550000          821         2.22
     143.743     0.600000          897         2.50
     163.967     0.650000          971         2.86
     184.191     0.700000         1045         3.33
     217.599     0.750000         1121         4.00
     239.359     0.775000         1157         4.44
     259.199     0.800000         1194         5.00
     284.671     0.825000         1232         5.71
     309.759     0.850000         1269         6.67
     335.359     0.875000         1306         8.00
     350.207     0.887500         1325         8.89
     367.615     0.900000         1343        10.00
     380.159     0.912500         1362        11.43
     399.871     0.925000         1381        13.33
     416.255     0.937500         1399        16.00
     425.727     0.943750         1410        17.78
     431.103     0.950000         1418        20.00
     440.063     0.956250         1427        22.86
     448.511     0.962500         1437        26.67
     463.103     0.968750         1446        32.00
     466.943     0.971875         1451        35.56
     468.991     0.975000         1455        40.00
     483.327     0.978125         1460        45.71
     492.031     0.981250         1465        53.33
     497.151     0.984375         1469        64.00
     499.455     0.985938         1473        71.11
     500.735     0.987500         1474        80.00
     505.855     0.989062         1476        91.43
     517.375     0.990625         1479       106.67
     523.263     0.992188         1481       128.00
     525.311     0.992969         1482       142.22
     525.823     0.993750         1483       160.00
     528.895     0.994531         1484       182.86
     537.087     0.995313         1486       213.33
     538.623     0.996094         1487       256.00
     538.623     0.996484         1487       284.44
     544.255     0.996875         1488       320.00
     544.255     0.997266         1488       365.71
     555.519     0.997656         1489       426.67
     560.127     0.998047         1490       512.00
     560.127     0.998242         1490       568.89
     560.127     0.998437         1490       640.00
     560.127     0.998633         1490       731.43
     568.831     0.998828         1491       853.33
     568.831     0.999023         1491      1024.00
     568.831     0.999121         1491      1137.78
     568.831     0.999219         1491      1280.00
     568.831     0.999316         1491      1462.86
     582.143     0.999414         1492      1706.67
     582.143     1.000000         1492          inf
#[Mean    =      158.327, StdDeviation   =      125.409]
#[Max     =      581.632, Total count    =         1492]
#[Buckets =           27, SubBuckets     =         2048]
-----------------------------------------------------------------------
  2235 requests in 30.00s, 681.15KB read
Requests/sec:     74.49  
Transfer/sec:     22.70KB
