Running 30s test @ http://10.98.78.13/?loopCount=25&base=6&exp=6
  5 threads and 5 connections

  Thread calibration: mean lat.: 286.681ms, rate sampling interval: 844ms
  Thread calibration: mean lat.: 169.478ms, rate sampling interval: 571ms
  Thread calibration: mean lat.: 922.441ms, rate sampling interval: 2279ms
  Thread calibration: mean lat.: 914.412ms, rate sampling interval: 2349ms
  Thread calibration: mean lat.: 243.508ms, rate sampling interval: 684ms

-----------------------------------------------------------------------
Test Results @ http://10.98.78.13/?loopCount=25&base=6&exp=6 
  Thread Stats   Avg      Stdev     99%   +/- Stdev
    Latency   305.10ms  323.66ms   1.21s    82.21%
    Req/Sec    14.85      1.70    19.00     89.32%
  Latency Distribution (HdrHistogram - Recorded Latency)
 50.000%  162.56ms
 75.000%  382.72ms
 90.000%  882.69ms
 99.000%    1.21s 
 99.900%    1.24s 
 99.990%    1.27s 
 99.999%    1.27s 
100.000%    1.27s 

  Detailed Percentile spectrum:
       Value   Percentile   TotalCount 1/(1-Percentile)

      21.647     0.000000            1         1.00
      41.503     0.100000          154         1.11
      59.391     0.200000          308         1.25
      83.519     0.300000          462         1.43
     120.831     0.400000          616         1.67
     162.559     0.500000          770         2.00
     191.615     0.550000          847         2.22
     228.095     0.600000          924         2.50
     261.119     0.650000         1001         2.86
     317.695     0.700000         1078         3.33
     382.719     0.750000         1155         4.00
     476.415     0.775000         1194         4.44
     563.711     0.800000         1232         5.00
     643.583     0.825000         1271         5.71
     726.527     0.850000         1309         6.67
     826.879     0.875000         1349         8.00
     859.647     0.887500         1367         8.89
     882.687     0.900000         1386        10.00
     912.895     0.912500         1406        11.43
     938.495     0.925000         1425        13.33
     960.511     0.937500         1444        16.00
     975.871     0.943750         1454        17.78
     992.767     0.950000         1463        20.00
    1071.103     0.956250         1473        22.86
    1117.183     0.962500         1483        26.67
    1141.759     0.968750         1493        32.00
    1149.951     0.971875         1497        35.56
    1167.359     0.975000         1502        40.00
    1184.767     0.978125         1507        45.71
    1193.983     0.981250         1512        53.33
    1204.223     0.984375         1517        64.00
    1209.343     0.985938         1520        71.11
    1210.367     0.987500         1522        80.00
    1213.439     0.989062         1525        91.43
    1215.487     0.990625         1526       106.67
    1219.583     0.992188         1528       128.00
    1228.799     0.992969         1531       142.22
    1228.799     0.993750         1531       160.00
    1229.823     0.994531         1532       182.86
    1230.847     0.995313         1534       213.33
    1230.847     0.996094         1534       256.00
    1232.895     0.996484         1535       284.44
    1238.015     0.996875         1536       320.00
    1238.015     0.997266         1536       365.71
    1240.063     0.997656         1538       426.67
    1240.063     0.998047         1538       512.00
    1240.063     0.998242         1538       568.89
    1240.063     0.998437         1538       640.00
    1240.063     0.998633         1538       731.43
    1262.591     0.998828         1539       853.33
    1262.591     0.999023         1539      1024.00
    1262.591     0.999121         1539      1137.78
    1262.591     0.999219         1539      1280.00
    1262.591     0.999316         1539      1462.86
    1266.687     0.999414         1540      1706.67
    1266.687     1.000000         1540          inf
#[Mean    =      305.099, StdDeviation   =      323.657]
#[Max     =     1265.664, Total count    =         1540]
#[Buckets =           27, SubBuckets     =         2048]
-----------------------------------------------------------------------
  2245 requests in 30.00s, 684.22KB read
Requests/sec:     74.82  
Transfer/sec:     22.80KB
