Running 30s test @ http://10.101.167.227/?loopCount=25&base=6&exp=6
  1 threads and 1 connections

  Thread calibration: mean lat.: 585.464ms, rate sampling interval: 1824ms

-----------------------------------------------------------------------
Test Results @ http://10.101.167.227/?loopCount=25&base=6&exp=6 
  Thread Stats   Avg      Stdev     99%   +/- Stdev
    Latency     2.42s   723.48ms   3.67s    59.53%
    Req/Sec    21.30      2.05    23.00     80.00%
  Latency Distribution (HdrHistogram - Recorded Latency)
 50.000%    2.53s 
 75.000%    2.98s 
 90.000%    3.27s 
 99.000%    3.67s 
 99.900%    3.72s 
 99.990%    3.72s 
 99.999%    3.72s 
100.000%    3.72s 

  Detailed Percentile spectrum:
       Value   Percentile   TotalCount 1/(1-Percentile)

     978.431     0.000000            1         1.00
    1372.159     0.100000           45         1.11
    1461.247     0.200000           86         1.25
    1964.031     0.300000          131         1.43
    2336.767     0.400000          173         1.67
    2531.327     0.500000          216         2.00
    2678.783     0.550000          237         2.22
    2809.855     0.600000          258         2.50
    2834.431     0.650000          282         2.86
    2885.631     0.700000          302         3.33
    2981.887     0.750000          323         4.00
    3016.703     0.775000          335         4.44
    3071.999     0.800000          345         5.00
    3162.111     0.825000          355         5.71
    3252.223     0.850000          366         6.67
    3258.367     0.875000          380         8.00
    3272.703     0.887500          386         8.89
    3274.751     0.900000          390        10.00
    3305.471     0.912500          397        11.43
    3307.519     0.925000          399        13.33
    3327.999     0.937500          407        16.00
    3327.999     0.943750          407        17.78
    3330.047     0.950000          409        20.00
    3442.687     0.956250          412        22.86
    3481.599     0.962500          414        26.67
    3627.007     0.968750          418        32.00
    3627.007     0.971875          418        35.56
    3663.871     0.975000          425        40.00
    3663.871     0.978125          425        45.71
    3663.871     0.981250          425        53.33
    3663.871     0.984375          425        64.00
    3663.871     0.985938          425        71.11
    3663.871     0.987500          425        80.00
    3665.919     0.989062          428        91.43
    3665.919     0.990625          428       106.67
    3665.919     0.992188          428       128.00
    3665.919     0.992969          428       142.22
    3665.919     0.993750          428       160.00
    3665.919     0.994531          428       182.86
    3665.919     0.995313          428       213.33
    3667.967     0.996094          429       256.00
    3667.967     0.996484          429       284.44
    3667.967     0.996875          429       320.00
    3667.967     0.997266          429       365.71
    3667.967     0.997656          429       426.67
    3723.263     0.998047          430       512.00
    3723.263     1.000000          430          inf
#[Mean    =     2417.459, StdDeviation   =      723.476]
#[Max     =     3721.216, Total count    =          430]
#[Buckets =           27, SubBuckets     =         2048]
-----------------------------------------------------------------------
  655 requests in 30.00s, 199.57KB read
Requests/sec:     21.83  
Transfer/sec:      6.65KB
