Running 30s test @ http://10.100.212.137/?loopCount=25&base=6&exp=6
  1 threads and 1 connections

  Thread calibration: mean lat.: 3326.438ms, rate sampling interval: 11649ms

-----------------------------------------------------------------------
Test Results @ http://10.100.212.137/?loopCount=25&base=6&exp=6 
  Thread Stats   Avg      Stdev     99%   +/- Stdev
    Latency    12.64s     3.57s   18.76s    58.42%
    Req/Sec     9.00      0.00     9.00    100.00%
  Latency Distribution (HdrHistogram - Recorded Latency)
 50.000%   12.57s 
 75.000%   15.76s 
 90.000%   17.63s 
 99.000%   18.76s 
 99.900%   18.89s 
 99.990%   18.89s 
 99.999%   18.89s 
100.000%   18.89s 

  Detailed Percentile spectrum:
       Value   Percentile   TotalCount 1/(1-Percentile)

    6524.927     0.000000            1         1.00
    7704.575     0.100000           19         1.11
    8962.047     0.200000           38         1.25
   10215.423     0.300000           57         1.43
   11329.535     0.400000           76         1.67
   12574.719     0.500000           95         2.00
   13311.999     0.550000          105         2.22
   13811.711     0.600000          114         2.50
   14401.535     0.650000          124         2.86
   14876.671     0.700000          133         3.33
   15761.407     0.750000          143         4.00
   16064.511     0.775000          148         4.44
   16293.887     0.800000          152         5.00
   16613.375     0.825000          157         5.71
   16990.207     0.850000          162         6.67
   17399.807     0.875000          167         8.00
   17514.495     0.887500          169         8.89
   17629.183     0.900000          171        10.00
   17825.791     0.912500          174        11.43
   18038.783     0.925000          176        13.33
   18202.623     0.937500          179        16.00
   18268.159     0.943750          180        17.78
   18333.695     0.950000          181        20.00
   18399.231     0.956250          182        22.86
   18464.767     0.962500          183        26.67
   18595.839     0.968750          185        32.00
   18595.839     0.971875          185        35.56
   18661.375     0.975000          186        40.00
   18661.375     0.978125          186        45.71
   18710.527     0.981250          187        53.33
   18759.679     0.984375          188        64.00
   18759.679     0.985938          188        71.11
   18759.679     0.987500          188        80.00
   18759.679     0.989062          188        91.43
   18825.215     0.990625          189       106.67
   18825.215     0.992188          189       128.00
   18825.215     0.992969          189       142.22
   18825.215     0.993750          189       160.00
   18825.215     0.994531          189       182.86
   18890.751     0.995313          190       213.33
   18890.751     1.000000          190          inf
#[Mean    =    12643.468, StdDeviation   =     3565.247]
#[Max     =    18874.368, Total count    =          190]
#[Buckets =           27, SubBuckets     =         2048]
-----------------------------------------------------------------------
  277 requests in 30.00s, 84.55KB read
Requests/sec:      9.23  
Transfer/sec:      2.82KB
