Running 30s test @ http://10.110.191.44/?loopCount=25&base=6&exp=6
  5 threads and 5 connections

  Thread calibration: mean lat.: 103.464ms, rate sampling interval: 381ms
  Thread calibration: mean lat.: 267.607ms, rate sampling interval: 1000ms
  Thread calibration: mean lat.: 220.559ms, rate sampling interval: 732ms
  Thread calibration: mean lat.: 122.689ms, rate sampling interval: 445ms
  Thread calibration: mean lat.: 355.094ms, rate sampling interval: 1076ms

-----------------------------------------------------------------------
Test Results @ http://10.110.191.44/?loopCount=25&base=6&exp=6 
  Thread Stats   Avg      Stdev     99%   +/- Stdev
    Latency    75.04ms   43.42ms 228.22ms   83.89%
    Req/Sec    14.59      1.66    20.00     90.62%
  Latency Distribution (HdrHistogram - Recorded Latency)
 50.000%   62.24ms
 75.000%   91.65ms
 90.000%  133.63ms
 99.000%  228.22ms
 99.900%  301.05ms
 99.990%  355.58ms
 99.999%  355.58ms
100.000%  355.58ms

  Detailed Percentile spectrum:
       Value   Percentile   TotalCount 1/(1-Percentile)

      22.543     0.000000            1         1.00
      40.447     0.100000          153         1.11
      41.279     0.200000          304         1.25
      42.623     0.300000          456         1.43
      52.543     0.400000          604         1.67
      62.239     0.500000          755         2.00
      67.391     0.550000          830         2.22
      70.271     0.600000          905         2.50
      76.735     0.650000          981         2.86
      85.311     0.700000         1056         3.33
      91.647     0.750000         1131         4.00
      96.703     0.775000         1169         4.44
     101.311     0.800000         1208         5.00
     107.455     0.825000         1245         5.71
     114.943     0.850000         1282         6.67
     124.479     0.875000         1320         8.00
     130.047     0.887500         1339         8.89
     134.015     0.900000         1358        10.00
     140.415     0.912500         1379        11.43
     145.151     0.925000         1395        13.33
     155.903     0.937500         1415        16.00
     159.231     0.943750         1424        17.78
     164.223     0.950000         1433        20.00
     167.679     0.956250         1443        22.86
     173.055     0.962500         1452        26.67
     181.119     0.968750         1461        32.00
     186.879     0.971875         1466        35.56
     193.279     0.975000         1471        40.00
     199.167     0.978125         1476        45.71
     205.055     0.981250         1480        53.33
     214.527     0.984375         1485        64.00
     217.599     0.985938         1487        71.11
     221.823     0.987500         1490        80.00
     225.023     0.989062         1492        91.43
     230.783     0.990625         1494       106.67
     239.231     0.992188         1497       128.00
     240.255     0.992969         1498       142.22
     243.327     0.993750         1499       160.00
     244.351     0.994531         1500       182.86
     249.727     0.995313         1501       213.33
     266.239     0.996094         1503       256.00
     266.239     0.996484         1503       284.44
     271.103     0.996875         1504       320.00
     271.103     0.997266         1504       365.71
     274.431     0.997656         1505       426.67
     301.055     0.998047         1506       512.00
     301.055     0.998242         1506       568.89
     301.055     0.998437         1506       640.00
     301.055     0.998633         1506       731.43
     327.423     0.998828         1507       853.33
     327.423     0.999023         1507      1024.00
     327.423     0.999121         1507      1137.78
     327.423     0.999219         1507      1280.00
     327.423     0.999316         1507      1462.86
     355.583     0.999414         1508      1706.67
     355.583     1.000000         1508          inf
#[Mean    =       75.044, StdDeviation   =       43.417]
#[Max     =      355.328, Total count    =         1508]
#[Buckets =           27, SubBuckets     =         2048]
-----------------------------------------------------------------------
  2245 requests in 30.00s, 684.16KB read
Requests/sec:     74.82  
Transfer/sec:     22.80KB
