Running 30s test @ http://10.96.31.118/?loopCount=25&base=6&exp=6
  5 threads and 5 connections

  Thread calibration: mean lat.: 88.363ms, rate sampling interval: 318ms
  Thread calibration: mean lat.: 236.838ms, rate sampling interval: 888ms
  Thread calibration: mean lat.: 268.886ms, rate sampling interval: 1020ms
  Thread calibration: mean lat.: 166.661ms, rate sampling interval: 701ms
  Thread calibration: mean lat.: 169.528ms, rate sampling interval: 643ms

-----------------------------------------------------------------------
Test Results @ http://10.96.31.118/?loopCount=25&base=6&exp=6 
  Thread Stats   Avg      Stdev     99%   +/- Stdev
    Latency   470.26ms  345.74ms   1.46s    72.83%
    Req/Sec    13.86      3.03    20.00     70.99%
  Latency Distribution (HdrHistogram - Recorded Latency)
 50.000%  376.58ms
 75.000%  627.20ms
 90.000%    1.06s 
 99.000%    1.46s 
 99.900%    1.53s 
 99.990%    1.55s 
 99.999%    1.55s 
100.000%    1.55s 

  Detailed Percentile spectrum:
       Value   Percentile   TotalCount 1/(1-Percentile)

      27.919     0.000000            1         1.00
     102.527     0.100000          147         1.11
     182.015     0.200000          293         1.25
     253.055     0.300000          439         1.43
     309.247     0.400000          585         1.67
     376.575     0.500000          731         2.00
     426.239     0.550000          805         2.22
     475.647     0.600000          877         2.50
     524.799     0.650000          950         2.86
     561.151     0.700000         1023         3.33
     627.199     0.750000         1096         4.00
     668.671     0.775000         1135         4.44
     700.415     0.800000         1169         5.00
     734.719     0.825000         1206         5.71
     773.119     0.850000         1242         6.67
     858.111     0.875000         1279         8.00
     986.623     0.887500         1297         8.89
    1060.863     0.900000         1315        10.00
    1120.255     0.912500         1334        11.43
    1158.143     0.925000         1352        13.33
    1195.007     0.937500         1371        16.00
    1208.319     0.943750         1380        17.78
    1221.631     0.950000         1389        20.00
    1231.871     0.956250         1398        22.86
    1321.983     0.962500         1407        26.67
    1358.847     0.968750         1416        32.00
    1367.039     0.971875         1420        35.56
    1391.615     0.975000         1425        40.00
    1409.023     0.978125         1430        45.71
    1416.191     0.981250         1434        53.33
    1435.647     0.984375         1440        64.00
    1441.791     0.985938         1441        71.11
    1451.007     0.987500         1443        80.00
    1458.175     0.989062         1446        91.43
    1464.319     0.990625         1449       106.67
    1469.439     0.992188         1450       128.00
    1476.607     0.992969         1451       142.22
    1484.799     0.993750         1452       160.00
    1500.159     0.994531         1454       182.86
    1502.207     0.995313         1455       213.33
    1509.375     0.996094         1456       256.00
    1509.375     0.996484         1456       284.44
    1521.663     0.996875         1457       320.00
    1525.759     0.997266         1458       365.71
    1525.759     0.997656         1458       426.67
    1527.807     0.998047         1459       512.00
    1527.807     0.998242         1459       568.89
    1527.807     0.998437         1459       640.00
    1529.855     0.998633         1460       731.43
    1529.855     0.998828         1460       853.33
    1529.855     0.999023         1460      1024.00
    1529.855     0.999121         1460      1137.78
    1529.855     0.999219         1460      1280.00
    1552.383     0.999316         1461      1462.86
    1552.383     1.000000         1461          inf
#[Mean    =      470.257, StdDeviation   =      345.736]
#[Max     =     1551.360, Total count    =         1461]
#[Buckets =           27, SubBuckets     =         2048]
-----------------------------------------------------------------------
  2204 requests in 30.00s, 671.75KB read
Requests/sec:     73.46  
Transfer/sec:     22.39KB
