Running 30s test @ http://10.109.150.167/?loopCount=25&base=6&exp=6
  1 threads and 1 connections

  Thread calibration: mean lat.: 1341.238ms, rate sampling interval: 3874ms

-----------------------------------------------------------------------
Test Results @ http://10.109.150.167/?loopCount=25&base=6&exp=6 
  Thread Stats   Avg      Stdev     99%   +/- Stdev
    Latency     4.48s     1.20s    6.98s    61.01%
    Req/Sec    18.60      1.62    21.00    100.00%
  Latency Distribution (HdrHistogram - Recorded Latency)
 50.000%    4.45s 
 75.000%    5.49s 
 90.000%    5.94s 
 99.000%    6.98s 
 99.900%    7.10s 
 99.990%    7.10s 
 99.999%    7.10s 
100.000%    7.10s 

  Detailed Percentile spectrum:
       Value   Percentile   TotalCount 1/(1-Percentile)

    2234.367     0.000000            2         1.00
    3098.623     0.100000           38         1.11
    3262.463     0.200000           78         1.25
    3493.887     0.300000          115         1.43
    3866.623     0.400000          151         1.67
    4448.255     0.500000          189         2.00
    4907.007     0.550000          208         2.22
    5038.079     0.600000          227         2.50
    5181.439     0.650000          247         2.86
    5341.183     0.700000          265         3.33
    5488.639     0.750000          283         4.00
    5582.847     0.775000          293         4.44
    5623.807     0.800000          303         5.00
    5689.343     0.825000          314         5.71
    5726.207     0.850000          321         6.67
    5763.071     0.875000          331         8.00
    5918.719     0.887500          335         8.89
    5943.295     0.900000          341        10.00
    5955.583     0.912500          349        11.43
    5955.583     0.925000          349        13.33
    6307.839     0.937500          354        16.00
    6434.815     0.943750          357        17.78
    6447.103     0.950000          359        20.00
    6549.503     0.956250          361        22.86
    6606.847     0.962500          363        26.67
    6737.919     0.968750          366        32.00
    6787.071     0.971875          368        35.56
    6787.071     0.975000          368        40.00
    6815.743     0.978125          369        45.71
    6868.991     0.981250          370        53.33
    6930.431     0.984375          372        64.00
    6930.431     0.985938          372        71.11
    6983.679     0.987500          373        80.00
    6983.679     0.989062          373        91.43
    7008.255     0.990625          375       106.67
    7008.255     0.992188          375       128.00
    7008.255     0.992969          375       142.22
    7008.255     0.993750          375       160.00
    7008.255     0.994531          375       182.86
    7053.311     0.995313          376       213.33
    7053.311     0.996094          376       256.00
    7053.311     0.996484          376       284.44
    7053.311     0.996875          376       320.00
    7053.311     0.997266          376       365.71
    7102.463     0.997656          377       426.67
    7102.463     1.000000          377          inf
#[Mean    =     4475.478, StdDeviation   =     1199.358]
#[Max     =     7098.368, Total count    =          377]
#[Buckets =           27, SubBuckets     =         2048]
-----------------------------------------------------------------------
  571 requests in 30.00s, 173.99KB read
Requests/sec:     19.03  
Transfer/sec:      5.80KB
