Running 30s test @ http://10.105.171.73/?loopCount=25&base=6&exp=6
  5 threads and 5 connections

  Thread calibration: mean lat.: 59.331ms, rate sampling interval: 214ms
  Thread calibration: mean lat.: 63.116ms, rate sampling interval: 207ms
  Thread calibration: mean lat.: 86.071ms, rate sampling interval: 345ms
  Thread calibration: mean lat.: 72.127ms, rate sampling interval: 316ms
  Thread calibration: mean lat.: 71.144ms, rate sampling interval: 317ms

-----------------------------------------------------------------------
Test Results @ http://10.105.171.73/?loopCount=25&base=6&exp=6 
  Thread Stats   Avg      Stdev     99%   +/- Stdev
    Latency    45.24ms   13.93ms  92.74ms   86.80%
    Req/Sec     9.49      1.88    14.00     88.17%
  Latency Distribution (HdrHistogram - Recorded Latency)
 50.000%   41.66ms
 75.000%   42.94ms
 90.000%   64.89ms
 99.000%   92.74ms
 99.900%  159.10ms
 99.990%  163.97ms
 99.999%  163.97ms
100.000%  163.97ms

  Detailed Percentile spectrum:
       Value   Percentile   TotalCount 1/(1-Percentile)

      21.775     0.000000            1         1.00
      38.591     0.100000          102         1.11
      40.607     0.200000          208         1.25
      40.959     0.300000          308         1.43
      41.279     0.400000          401         1.67
      41.663     0.500000          506         2.00
      41.919     0.550000          550         2.22
      42.143     0.600000          602         2.50
      42.303     0.650000          654         2.86
      42.559     0.700000          700         3.33
      42.943     0.750000          752         4.00
      43.135     0.775000          778         4.44
      43.359     0.800000          803         5.00
      43.583     0.825000          827         5.71
      43.999     0.850000          851         6.67
      47.647     0.875000          875         8.00
      57.087     0.887500          888         8.89
      64.895     0.900000          900        10.00
      71.807     0.912500          914        11.43
      73.215     0.925000          927        13.33
      73.855     0.937500          938        16.00
      74.175     0.943750          944        17.78
      75.007     0.950000          950        20.00
      77.055     0.956250          958        22.86
      79.231     0.962500          963        26.67
      82.495     0.968750          969        32.00
      83.455     0.971875          972        35.56
      84.735     0.975000          975        40.00
      88.767     0.978125          979        45.71
      89.151     0.981250          982        53.33
      89.471     0.984375          987        64.00
      89.471     0.985938          987        71.11
      89.599     0.987500          988        80.00
      92.735     0.989062          990        91.43
      93.119     0.990625          991       106.67
      95.871     0.992188          993       128.00
      95.871     0.992969          993       142.22
      96.383     0.993750          994       160.00
     101.759     0.994531          995       182.86
     105.215     0.995313          996       213.33
     155.647     0.996094          997       256.00
     155.647     0.996484          997       284.44
     155.647     0.996875          997       320.00
     156.031     0.997266          998       365.71
     156.031     0.997656          998       426.67
     159.103     0.998047          999       512.00
     159.103     0.998242          999       568.89
     159.103     0.998437          999       640.00
     159.103     0.998633          999       731.43
     159.103     0.998828          999       853.33
     163.967     0.999023         1000      1024.00
     163.967     1.000000         1000          inf
#[Mean    =       45.238, StdDeviation   =       13.934]
#[Max     =      163.840, Total count    =         1000]
#[Buckets =           27, SubBuckets     =         2048]
-----------------------------------------------------------------------
  1495 requests in 30.00s, 455.56KB read
Requests/sec:     49.83  
Transfer/sec:     15.18KB
