Running 30s test @ http://10.105.171.73/?loopCount=25&base=6&exp=6
  1 threads and 1 connections

  Thread calibration: mean lat.: 2933.157ms, rate sampling interval: 8495ms

-----------------------------------------------------------------------
Test Results @ http://10.105.171.73/?loopCount=25&base=6&exp=6 
  Thread Stats   Avg      Stdev     99%   +/- Stdev
    Latency     6.78s     1.21s    8.64s    59.34%
    Req/Sec    19.00      1.00    20.00    100.00%
  Latency Distribution (HdrHistogram - Recorded Latency)
 50.000%    6.82s 
 75.000%    7.83s 
 90.000%    8.35s 
 99.000%    8.64s 
 99.900%    8.67s 
 99.990%    8.67s 
 99.999%    8.67s 
100.000%    8.67s 

  Detailed Percentile spectrum:
       Value   Percentile   TotalCount 1/(1-Percentile)

    4485.119     0.000000            2         1.00
    5115.903     0.100000           40         1.11
    5402.623     0.200000           80         1.25
    5959.679     0.300000          119         1.43
    6627.327     0.400000          160         1.67
    6815.743     0.500000          200         2.00
    7184.383     0.550000          219         2.22
    7274.495     0.600000          238         2.50
    7421.951     0.650000          258         2.86
    7741.439     0.700000          278         3.33
    7831.551     0.750000          300         4.00
    7901.183     0.775000          313         4.44
    7921.663     0.800000          320         5.00
    8056.831     0.825000          328         5.71
    8105.983     0.850000          338         6.67
    8220.671     0.875000          348         8.00
    8245.247     0.887500          352         8.89
    8347.647     0.900000          359        10.00
    8413.183     0.912500          362        11.43
    8454.143     0.925000          367        13.33
    8511.487     0.937500          373        16.00
    8519.679     0.943750          377        17.78
    8519.679     0.950000          377        20.00
    8536.063     0.956250          380        22.86
    8552.447     0.962500          384        26.67
    8552.447     0.968750          384        32.00
    8568.831     0.971875          386        35.56
    8601.599     0.975000          388        40.00
    8601.599     0.978125          388        45.71
    8642.559     0.981250          395        53.33
    8642.559     0.984375          395        64.00
    8642.559     0.985938          395        71.11
    8642.559     0.987500          395        80.00
    8642.559     0.989062          395        91.43
    8642.559     0.990625          395       106.67
    8642.559     0.992188          395       128.00
    8642.559     0.992969          395       142.22
    8642.559     0.993750          395       160.00
    8642.559     0.994531          395       182.86
    8642.559     0.995313          395       213.33
    8642.559     0.996094          395       256.00
    8642.559     0.996484          395       284.44
    8642.559     0.996875          395       320.00
    8642.559     0.997266          395       365.71
    8667.135     0.997656          396       426.67
    8667.135     1.000000          396          inf
#[Mean    =     6784.088, StdDeviation   =     1208.193]
#[Max     =     8658.944, Total count    =          396]
#[Buckets =           27, SubBuckets     =         2048]
-----------------------------------------------------------------------
  533 requests in 30.00s, 162.43KB read
Requests/sec:     17.77  
Transfer/sec:      5.41KB
