Running 30s test @ http://10.100.160.80/?loopCount=25&base=6&exp=6
  1 threads and 1 connections

  Thread calibration: mean lat.: 1653.021ms, rate sampling interval: 5926ms

-----------------------------------------------------------------------
Test Results @ http://10.100.160.80/?loopCount=25&base=6&exp=6 
  Thread Stats   Avg      Stdev     99%   +/- Stdev
    Latency     6.53s     1.60s    9.40s    57.59%
    Req/Sec    17.33      0.47    18.00    100.00%
  Latency Distribution (HdrHistogram - Recorded Latency)
 50.000%    6.82s 
 75.000%    7.75s 
 90.000%    8.58s 
 99.000%    9.40s 
 99.900%    9.55s 
 99.990%    9.55s 
 99.999%    9.55s 
100.000%    9.55s 

  Detailed Percentile spectrum:
       Value   Percentile   TotalCount 1/(1-Percentile)

    3522.559     0.000000            1         1.00
    4612.095     0.100000           41         1.11
    4902.911     0.200000           70         1.25
    5230.591     0.300000          106         1.43
    6156.287     0.400000          140         1.67
    6819.839     0.500000          175         2.00
    6901.759     0.550000          196         2.22
    7110.655     0.600000          210         2.50
    7360.511     0.650000          227         2.86
    7507.967     0.700000          245         3.33
    7749.631     0.750000          262         4.00
    7905.279     0.775000          271         4.44
    8237.055     0.800000          281         5.00
    8245.247     0.825000          289         5.71
    8269.823     0.850000          298         6.67
    8298.495     0.875000          309         8.00
    8335.359     0.887500          310         8.89
    8642.559     0.900000          315        10.00
    8880.127     0.912500          319        11.43
    9043.967     0.925000          330        13.33
    9043.967     0.937500          330        16.00
    9043.967     0.943750          330        17.78
    9125.887     0.950000          333        20.00
    9183.231     0.956250          334        22.86
    9281.535     0.962500          337        26.67
    9388.031     0.968750          340        32.00
    9388.031     0.971875          340        35.56
    9396.223     0.975000          346        40.00
    9396.223     0.978125          346        45.71
    9396.223     0.981250          346        53.33
    9396.223     0.984375          346        64.00
    9396.223     0.985938          346        71.11
    9396.223     0.987500          346        80.00
    9396.223     0.989062          346        91.43
    9396.223     0.990625          346       106.67
    9428.991     0.992188          347       128.00
    9428.991     0.992969          347       142.22
    9428.991     0.993750          347       160.00
    9502.719     0.994531          348       182.86
    9502.719     0.995313          348       213.33
    9502.719     0.996094          348       256.00
    9502.719     0.996484          348       284.44
    9502.719     0.996875          348       320.00
    9551.871     0.997266          349       365.71
    9551.871     1.000000          349          inf
#[Mean    =     6533.540, StdDeviation   =     1603.456]
#[Max     =     9543.680, Total count    =          349]
#[Buckets =           27, SubBuckets     =         2048]
-----------------------------------------------------------------------
  511 requests in 30.00s, 155.72KB read
Requests/sec:     17.03  
Transfer/sec:      5.19KB
