Running 30s test @ http://10.100.168.19/?loopCount=25&base=6&exp=6
  5 threads and 5 connections

  Thread calibration: mean lat.: 1648.067ms, rate sampling interval: 5894ms
  Thread calibration: mean lat.: 1257.748ms, rate sampling interval: 4714ms
  Thread calibration: mean lat.: 1219.790ms, rate sampling interval: 4255ms
  Thread calibration: mean lat.: 1510.334ms, rate sampling interval: 5566ms
  Thread calibration: mean lat.: 1360.055ms, rate sampling interval: 5545ms

-----------------------------------------------------------------------
Test Results @ http://10.100.168.19/?loopCount=25&base=6&exp=6 
  Thread Stats   Avg      Stdev     99%   +/- Stdev
    Latency     6.28s     1.92s    9.59s    58.27%
    Req/Sec     9.53      0.50    10.00    100.00%
  Latency Distribution (HdrHistogram - Recorded Latency)
 50.000%    6.31s 
 75.000%    7.96s 
 90.000%    8.83s 
 99.000%    9.59s 
 99.900%    9.75s 
 99.990%    9.79s 
 99.999%    9.79s 
100.000%    9.79s 

  Detailed Percentile spectrum:
       Value   Percentile   TotalCount 1/(1-Percentile)

    2404.351     0.000000            1         1.00
    3616.767     0.100000          101         1.11
    4329.471     0.200000          201         1.25
    4997.119     0.300000          302         1.43
    5656.575     0.400000          402         1.67
    6307.839     0.500000          502         2.00
    6619.135     0.550000          553         2.22
    6955.007     0.600000          603         2.50
    7290.879     0.650000          653         2.86
    7630.847     0.700000          704         3.33
    7958.527     0.750000          753         4.00
    8146.943     0.775000          781         4.44
    8327.167     0.800000          804         5.00
    8462.335     0.825000          830         5.71
    8593.407     0.850000          855         6.67
    8732.671     0.875000          879         8.00
    8781.823     0.887500          892         8.89
    8830.975     0.900000          905        10.00
    8921.087     0.912500          919        11.43
    8994.815     0.925000          933        13.33
    9093.119     0.937500          943        16.00
    9117.695     0.943750          948        17.78
    9224.191     0.950000          956        20.00
    9322.495     0.956250          961        22.86
    9355.263     0.962500          967        26.67
    9388.031     0.968750          973        32.00
    9420.799     0.971875          977        35.56
    9478.143     0.975000          979        40.00
    9494.527     0.978125          984        45.71
    9510.911     0.981250          986        53.33
    9543.679     0.984375          989        64.00
    9551.871     0.985938          991        71.11
    9592.831     0.987500          994        80.00
    9592.831     0.989062          994        91.43
    9617.407     0.990625          996       106.67
    9625.599     0.992188          998       128.00
    9625.599     0.992969          998       142.22
    9625.599     0.993750          998       160.00
    9641.983     0.994531          999       182.86
    9658.367     0.995313         1000       213.33
    9682.943     0.996094         1001       256.00
    9682.943     0.996484         1001       284.44
    9682.943     0.996875         1001       320.00
    9707.519     0.997266         1002       365.71
    9707.519     0.997656         1002       426.67
    9748.479     0.998047         1003       512.00
    9748.479     0.998242         1003       568.89
    9748.479     0.998437         1003       640.00
    9748.479     0.998633         1003       731.43
    9748.479     0.998828         1003       853.33
    9789.439     0.999023         1004      1024.00
    9789.439     1.000000         1004          inf
#[Mean    =     6281.543, StdDeviation   =     1923.146]
#[Max     =     9781.248, Total count    =         1004]
#[Buckets =           27, SubBuckets     =         2048]
-----------------------------------------------------------------------
  1534 requests in 30.00s, 467.98KB read
Requests/sec:     51.13  
Transfer/sec:     15.60KB
