Running 30s test @ http://10.97.105.44/?loopCount=25&base=6&exp=6
  5 threads and 5 connections

  Thread calibration: mean lat.: 810.086ms, rate sampling interval: 2697ms
  Thread calibration: mean lat.: 968.624ms, rate sampling interval: 3162ms
  Thread calibration: mean lat.: 1348.182ms, rate sampling interval: 4481ms
  Thread calibration: mean lat.: 884.664ms, rate sampling interval: 3121ms
  Thread calibration: mean lat.: 1244.699ms, rate sampling interval: 4034ms

-----------------------------------------------------------------------
Test Results @ http://10.97.105.44/?loopCount=25&base=6&exp=6 
  Thread Stats   Avg      Stdev     99%   +/- Stdev
    Latency     3.45s   892.91ms   5.28s    63.39%
    Req/Sec    12.11      0.57    13.00    100.00%
  Latency Distribution (HdrHistogram - Recorded Latency)
 50.000%    3.44s 
 75.000%    4.15s 
 90.000%    4.68s 
 99.000%    5.28s 
 99.900%    5.38s 
 99.990%    5.40s 
 99.999%    5.40s 
100.000%    5.40s 

  Detailed Percentile spectrum:
       Value   Percentile   TotalCount 1/(1-Percentile)

    1410.047     0.000000            1         1.00
    2316.287     0.100000          128         1.11
    2611.199     0.200000          255         1.25
    2883.583     0.300000          381         1.43
    3139.583     0.400000          508         1.67
    3442.687     0.500000          636         2.00
    3610.623     0.550000          699         2.22
    3731.455     0.600000          764         2.50
    3831.807     0.650000          827         2.86
    4005.887     0.700000          890         3.33
    4153.343     0.750000          953         4.00
    4218.879     0.775000          985         4.44
    4308.991     0.800000         1018         5.00
    4407.295     0.825000         1049         5.71
    4489.215     0.850000         1081         6.67
    4587.519     0.875000         1114         8.00
    4640.767     0.887500         1130         8.89
    4677.631     0.900000         1145        10.00
    4743.167     0.912500         1160        11.43
    4788.223     0.925000         1175        13.33
    4866.047     0.937500         1191        16.00
    4902.911     0.943750         1200        17.78
    4911.103     0.950000         1207        20.00
    4943.871     0.956250         1215        22.86
    4984.831     0.962500         1223        26.67
    5017.599     0.968750         1231        32.00
    5042.175     0.971875         1237        35.56
    5050.367     0.975000         1240        40.00
    5074.943     0.978125         1244        45.71
    5132.287     0.981250         1247        53.33
    5234.687     0.984375         1251        64.00
    5246.975     0.985938         1253        71.11
    5263.359     0.987500         1255        80.00
    5275.647     0.989062         1257        91.43
    5296.127     0.990625         1259       106.67
    5312.511     0.992188         1261       128.00
    5316.607     0.992969         1262       142.22
    5324.799     0.993750         1263       160.00
    5337.087     0.994531         1264       182.86
    5341.183     0.995313         1265       213.33
    5345.279     0.996094         1266       256.00
    5345.279     0.996484         1266       284.44
    5361.663     0.996875         1268       320.00
    5361.663     0.997266         1268       365.71
    5361.663     0.997656         1268       426.67
    5361.663     0.998047         1268       512.00
    5361.663     0.998242         1268       568.89
    5378.047     0.998437         1269       640.00
    5378.047     0.998633         1269       731.43
    5378.047     0.998828         1269       853.33
    5378.047     0.999023         1269      1024.00
    5378.047     0.999121         1269      1137.78
    5398.527     0.999219         1270      1280.00
    5398.527     1.000000         1270          inf
#[Mean    =     3454.454, StdDeviation   =      892.913]
#[Max     =     5394.432, Total count    =         1270]
#[Buckets =           27, SubBuckets     =         2048]
-----------------------------------------------------------------------
  1874 requests in 30.00s, 571.15KB read
Requests/sec:     62.46  
Transfer/sec:     19.04KB
