Running 30s test @ http://10.106.228.182/?loopCount=25&base=6&exp=6
  1 threads and 1 connections

  Thread calibration: mean lat.: 990.236ms, rate sampling interval: 3178ms

-----------------------------------------------------------------------
Test Results @ http://10.106.228.182/?loopCount=25&base=6&exp=6 
  Thread Stats   Avg      Stdev     99%   +/- Stdev
    Latency     3.61s     1.04s    5.27s    57.77%
    Req/Sec    20.17      1.07    22.00    100.00%
  Latency Distribution (HdrHistogram - Recorded Latency)
 50.000%    3.64s 
 75.000%    4.62s 
 90.000%    4.90s 
 99.000%    5.27s 
 99.900%    5.33s 
 99.990%    5.33s 
 99.999%    5.33s 
100.000%    5.33s 

  Detailed Percentile spectrum:
       Value   Percentile   TotalCount 1/(1-Percentile)

    1868.799     0.000000            1         1.00
    2230.271     0.100000           47         1.11
    2547.711     0.200000           83         1.25
    2779.135     0.300000          125         1.43
    3096.575     0.400000          166         1.67
    3643.391     0.500000          206         2.00
    3893.247     0.550000          227         2.22
    4202.495     0.600000          254         2.50
    4227.071     0.650000          271         2.86
    4337.663     0.700000          290         3.33
    4616.191     0.750000          315         4.00
    4624.383     0.775000          321         4.44
    4755.455     0.800000          332         5.00
    4763.647     0.825000          340         5.71
    4853.759     0.850000          354         6.67
    4894.719     0.875000          367         8.00
    4894.719     0.887500          367         8.89
    4898.815     0.900000          375        10.00
    4943.871     0.912500          376        11.43
    5050.367     0.925000          383        13.33
    5054.463     0.937500          389        16.00
    5054.463     0.943750          389        17.78
    5115.903     0.950000          396        20.00
    5115.903     0.956250          396        22.86
    5124.095     0.962500          401        26.67
    5124.095     0.968750          401        32.00
    5124.095     0.971875          401        35.56
    5128.191     0.975000          402        40.00
    5173.247     0.978125          403        45.71
    5230.591     0.981250          405        53.33
    5251.071     0.984375          407        64.00
    5251.071     0.985938          407        71.11
    5251.071     0.987500          407        80.00
    5271.551     0.989062          408        91.43
    5324.799     0.990625          411       106.67
    5324.799     0.992188          411       128.00
    5324.799     0.992969          411       142.22
    5324.799     0.993750          411       160.00
    5324.799     0.994531          411       182.86
    5324.799     0.995313          411       213.33
    5324.799     0.996094          411       256.00
    5324.799     0.996484          411       284.44
    5324.799     0.996875          411       320.00
    5324.799     0.997266          411       365.71
    5332.991     0.997656          412       426.67
    5332.991     1.000000          412          inf
#[Mean    =     3612.405, StdDeviation   =     1038.927]
#[Max     =     5328.896, Total count    =          412]
#[Buckets =           27, SubBuckets     =         2048]
-----------------------------------------------------------------------
  615 requests in 30.00s, 187.40KB read
Requests/sec:     20.50  
Transfer/sec:      6.25KB
