Running 30s test @ http://10.105.194.13/?loopCount=25&base=6&exp=6
  5 threads and 5 connections

  Thread calibration: mean lat.: 207.911ms, rate sampling interval: 665ms
  Thread calibration: mean lat.: 222.316ms, rate sampling interval: 657ms
  Thread calibration: mean lat.: 162.514ms, rate sampling interval: 505ms
  Thread calibration: mean lat.: 537.338ms, rate sampling interval: 1407ms
  Thread calibration: mean lat.: 181.769ms, rate sampling interval: 629ms

-----------------------------------------------------------------------
Test Results @ http://10.105.194.13/?loopCount=25&base=6&exp=6 
  Thread Stats   Avg      Stdev     99%   +/- Stdev
    Latency   116.24ms  108.12ms 532.48ms   87.85%
    Req/Sec    14.55      1.64    19.00     93.06%
  Latency Distribution (HdrHistogram - Recorded Latency)
 50.000%   75.26ms
 75.000%  135.29ms
 90.000%  252.29ms
 99.000%  532.48ms
 99.900%  595.97ms
 99.990%  634.37ms
 99.999%  634.37ms
100.000%  634.37ms

  Detailed Percentile spectrum:
       Value   Percentile   TotalCount 1/(1-Percentile)

      22.863     0.000000            1         1.00
      40.575     0.100000          154         1.11
      41.407     0.200000          303         1.25
      50.143     0.300000          455         1.43
      62.559     0.400000          607         1.67
      75.263     0.500000          759         2.00
      84.351     0.550000          834         2.22
      96.127     0.600000          911         2.50
     107.711     0.650000          987         2.86
     120.895     0.700000         1061         3.33
     135.807     0.750000         1138         4.00
     147.455     0.775000         1176         4.44
     153.855     0.800000         1212         5.00
     172.031     0.825000         1250         5.71
     186.751     0.850000         1289         6.67
     220.287     0.875000         1326         8.00
     240.383     0.887500         1345         8.89
     252.287     0.900000         1364        10.00
     273.151     0.912500         1384        11.43
     286.975     0.925000         1402        13.33
     317.951     0.937500         1421        16.00
     346.879     0.943750         1430        17.78
     376.831     0.950000         1440        20.00
     407.039     0.956250         1449        22.86
     429.055     0.962500         1459        26.67
     453.887     0.968750         1468        32.00
     463.359     0.971875         1473        35.56
     484.095     0.975000         1478        40.00
     505.343     0.978125         1482        45.71
     515.839     0.981250         1487        53.33
     516.863     0.984375         1492        64.00
     518.655     0.985938         1494        71.11
     526.335     0.987500         1497        80.00
     531.455     0.989062         1499        91.43
     532.991     0.990625         1501       106.67
     549.375     0.992188         1505       128.00
     549.375     0.992969         1505       142.22
     550.399     0.993750         1506       160.00
     550.911     0.994531         1507       182.86
     552.959     0.995313         1508       213.33
     555.007     0.996094         1510       256.00
     555.007     0.996484         1510       284.44
     573.951     0.996875         1511       320.00
     573.951     0.997266         1511       365.71
     581.631     0.997656         1512       426.67
     595.967     0.998047         1513       512.00
     595.967     0.998242         1513       568.89
     595.967     0.998437         1513       640.00
     595.967     0.998633         1513       731.43
     606.719     0.998828         1514       853.33
     606.719     0.999023         1514      1024.00
     606.719     0.999121         1514      1137.78
     606.719     0.999219         1514      1280.00
     606.719     0.999316         1514      1462.86
     634.367     0.999414         1515      1706.67
     634.367     1.000000         1515          inf
#[Mean    =      116.237, StdDeviation   =      108.122]
#[Max     =      633.856, Total count    =         1515]
#[Buckets =           27, SubBuckets     =         2048]
-----------------------------------------------------------------------
  2245 requests in 30.00s, 684.16KB read
Requests/sec:     74.82  
Transfer/sec:     22.80KB
