Running 30s test @ http://10.102.162.84/?loopCount=25&base=6&exp=6
  1 threads and 1 connections

  Thread calibration: mean lat.: 3153.540ms, rate sampling interval: 11223ms

-----------------------------------------------------------------------
Test Results @ http://10.102.162.84/?loopCount=25&base=6&exp=6 
  Thread Stats   Avg      Stdev     99%   +/- Stdev
    Latency    12.38s     3.51s   18.25s    58.12%
    Req/Sec     9.00      0.00     9.00    100.00%
  Latency Distribution (HdrHistogram - Recorded Latency)
 50.000%   12.44s 
 75.000%   15.37s 
 90.000%   17.22s 
 99.000%   18.25s 
 99.900%   18.37s 
 99.990%   18.37s 
 99.999%   18.37s 
100.000%   18.37s 

  Detailed Percentile spectrum:
       Value   Percentile   TotalCount 1/(1-Percentile)

    6152.191     0.000000            1         1.00
    7507.967     0.100000           20         1.11
    8830.975     0.200000           39         1.25
    9961.471     0.300000           58         1.43
   11198.463     0.400000           77         1.67
   12443.647     0.500000           97         2.00
   13049.855     0.550000          106         2.22
   13582.335     0.600000          115         2.50
   14188.543     0.650000          125         2.86
   14827.519     0.700000          134         3.33
   15368.191     0.750000          144         4.00
   15736.831     0.775000          149         4.44
   16064.511     0.800000          153         5.00
   16367.615     0.825000          158         5.71
   16687.103     0.850000          163         6.67
   16990.207     0.875000          168         8.00
   17104.895     0.887500          170         8.89
   17219.583     0.900000          172        10.00
   17334.271     0.912500          175        11.43
   17416.191     0.925000          177        13.33
   17694.719     0.937500          180        16.00
   17743.871     0.943750          182        17.78
   17743.871     0.950000          182        20.00
   17858.559     0.956250          183        22.86
   17940.479     0.962500          184        26.67
   18071.551     0.968750          186        32.00
   18071.551     0.971875          186        35.56
   18137.087     0.975000          187        40.00
   18137.087     0.978125          187        45.71
   18202.623     0.981250          188        53.33
   18251.775     0.984375          189        64.00
   18251.775     0.985938          189        71.11
   18251.775     0.987500          189        80.00
   18251.775     0.989062          189        91.43
   18300.927     0.990625          190       106.67
   18300.927     0.992188          190       128.00
   18300.927     0.992969          190       142.22
   18300.927     0.993750          190       160.00
   18300.927     0.994531          190       182.86
   18366.463     0.995313          191       213.33
   18366.463     1.000000          191          inf
#[Mean    =    12380.310, StdDeviation   =     3509.740]
#[Max     =    18350.080, Total count    =          191]
#[Buckets =           27, SubBuckets     =         2048]
-----------------------------------------------------------------------
  288 requests in 30.00s, 87.89KB read
Requests/sec:      9.60  
Transfer/sec:      2.93KB
