Running 30s test @ http://10.110.121.181/?loopCount=25&base=6&exp=6
  5 threads and 5 connections

  Thread calibration: mean lat.: 423.051ms, rate sampling interval: 1242ms
  Thread calibration: mean lat.: 137.166ms, rate sampling interval: 413ms
  Thread calibration: mean lat.: 205.438ms, rate sampling interval: 743ms
  Thread calibration: mean lat.: 108.057ms, rate sampling interval: 453ms
  Thread calibration: mean lat.: 513.073ms, rate sampling interval: 1246ms

-----------------------------------------------------------------------
Test Results @ http://10.110.121.181/?loopCount=25&base=6&exp=6 
  Thread Stats   Avg      Stdev     99%   +/- Stdev
    Latency    94.20ms   67.85ms 303.10ms   82.72%
    Req/Sec    14.52      1.56    19.00     96.00%
  Latency Distribution (HdrHistogram - Recorded Latency)
 50.000%   67.20ms
 75.000%  120.51ms
 90.000%  209.15ms
 99.000%  303.10ms
 99.900%  346.37ms
 99.990%  367.36ms
 99.999%  367.36ms
100.000%  367.36ms

  Detailed Percentile spectrum:
       Value   Percentile   TotalCount 1/(1-Percentile)

      21.647     0.000000            1         1.00
      40.543     0.100000          156         1.11
      41.471     0.200000          301         1.25
      45.631     0.300000          452         1.43
      56.927     0.400000          602         1.67
      67.199     0.500000          753         2.00
      74.175     0.550000          831         2.22
      79.999     0.600000          903         2.50
      89.599     0.650000          980         2.86
     100.287     0.700000         1054         3.33
     120.511     0.750000         1129         4.00
     128.255     0.775000         1167         4.44
     141.311     0.800000         1205         5.00
     154.879     0.825000         1242         5.71
     171.775     0.850000         1280         6.67
     189.695     0.875000         1317         8.00
     201.855     0.887500         1336         8.89
     209.151     0.900000         1355        10.00
     221.567     0.912500         1374        11.43
     227.839     0.925000         1393        13.33
     236.031     0.937500         1411        16.00
     239.359     0.943750         1421        17.78
     242.943     0.950000         1430        20.00
     249.599     0.956250         1440        22.86
     254.975     0.962500         1449        26.67
     263.423     0.968750         1458        32.00
     264.447     0.971875         1463        35.56
     268.031     0.975000         1468        40.00
     273.919     0.978125         1473        45.71
     275.455     0.981250         1477        53.33
     281.855     0.984375         1482        64.00
     290.559     0.985938         1484        71.11
     294.655     0.987500         1487        80.00
     302.847     0.989062         1489        91.43
     305.663     0.990625         1491       106.67
     310.527     0.992188         1494       128.00
     312.319     0.992969         1495       142.22
     316.415     0.993750         1496       160.00
     322.303     0.994531         1497       182.86
     329.727     0.995313         1498       213.33
     340.223     0.996094         1500       256.00
     340.223     0.996484         1500       284.44
     345.087     0.996875         1501       320.00
     345.087     0.997266         1501       365.71
     345.855     0.997656         1502       426.67
     346.367     0.998047         1503       512.00
     346.367     0.998242         1503       568.89
     346.367     0.998437         1503       640.00
     346.367     0.998633         1503       731.43
     355.583     0.998828         1504       853.33
     355.583     0.999023         1504      1024.00
     355.583     0.999121         1504      1137.78
     355.583     0.999219         1504      1280.00
     355.583     0.999316         1504      1462.86
     367.359     0.999414         1505      1706.67
     367.359     1.000000         1505          inf
#[Mean    =       94.195, StdDeviation   =       67.853]
#[Max     =      367.104, Total count    =         1505]
#[Buckets =           27, SubBuckets     =         2048]
-----------------------------------------------------------------------
  2245 requests in 30.00s, 684.13KB read
Requests/sec:     74.83  
Transfer/sec:     22.80KB
