Running 30s test @ http://10.109.150.167/?loopCount=25&base=6&exp=6
  5 threads and 5 connections

  Thread calibration: mean lat.: 131.190ms, rate sampling interval: 627ms
  Thread calibration: mean lat.: 82.423ms, rate sampling interval: 286ms
  Thread calibration: mean lat.: 110.838ms, rate sampling interval: 439ms
  Thread calibration: mean lat.: 96.691ms, rate sampling interval: 364ms
  Thread calibration: mean lat.: 96.915ms, rate sampling interval: 307ms

-----------------------------------------------------------------------
Test Results @ http://10.109.150.167/?loopCount=25&base=6&exp=6 
  Thread Stats   Avg      Stdev     99%   +/- Stdev
    Latency   228.56ms  162.11ms 744.96ms   71.77%
    Req/Sec    14.18      2.72    20.00     80.30%
  Latency Distribution (HdrHistogram - Recorded Latency)
 50.000%  193.02ms
 75.000%  300.80ms
 90.000%  457.47ms
 99.000%  744.96ms
 99.900%  858.62ms
 99.990%  870.40ms
 99.999%  870.40ms
100.000%  870.40ms

  Detailed Percentile spectrum:
       Value   Percentile   TotalCount 1/(1-Percentile)

      25.519     0.000000            1         1.00
      58.751     0.100000          148         1.11
      89.727     0.200000          296         1.25
     118.079     0.300000          444         1.43
     158.463     0.400000          592         1.67
     193.023     0.500000          739         2.00
     210.431     0.550000          813         2.22
     230.399     0.600000          888         2.50
     248.959     0.650000          961         2.86
     272.383     0.700000         1034         3.33
     300.799     0.750000         1108         4.00
     319.231     0.775000         1146         4.44
     344.575     0.800000         1183         5.00
     369.919     0.825000         1219         5.71
     399.615     0.850000         1256         6.67
     427.263     0.875000         1293         8.00
     440.319     0.887500         1311         8.89
     459.263     0.900000         1330        10.00
     475.135     0.912500         1348        11.43
     495.615     0.925000         1367        13.33
     520.959     0.937500         1385        16.00
     539.647     0.943750         1394        17.78
     557.567     0.950000         1404        20.00
     585.727     0.956250         1413        22.86
     601.599     0.962500         1422        26.67
     627.199     0.968750         1431        32.00
     642.047     0.971875         1436        35.56
     654.847     0.975000         1441        40.00
     669.183     0.978125         1445        45.71
     678.911     0.981250         1450        53.33
     696.831     0.984375         1454        64.00
     705.023     0.985938         1457        71.11
     728.063     0.987500         1459        80.00
     742.399     0.989062         1461        91.43
     788.991     0.990625         1464       106.67
     797.183     0.992188         1466       128.00
     798.207     0.992969         1467       142.22
     818.687     0.993750         1468       160.00
     822.783     0.994531         1469       182.86
     824.319     0.995313         1471       213.33
     842.751     0.996094         1472       256.00
     842.751     0.996484         1472       284.44
     844.287     0.996875         1473       320.00
     844.287     0.997266         1473       365.71
     845.823     0.997656         1474       426.67
     847.871     0.998047         1475       512.00
     847.871     0.998242         1475       568.89
     847.871     0.998437         1475       640.00
     847.871     0.998633         1475       731.43
     858.623     0.998828         1476       853.33
     858.623     0.999023         1476      1024.00
     858.623     0.999121         1476      1137.78
     858.623     0.999219         1476      1280.00
     858.623     0.999316         1476      1462.86
     870.399     0.999414         1477      1706.67
     870.399     1.000000         1477          inf
#[Mean    =      228.562, StdDeviation   =      162.113]
#[Max     =      869.888, Total count    =         1477]
#[Buckets =           27, SubBuckets     =         2048]
-----------------------------------------------------------------------
  2222 requests in 30.01s, 677.17KB read
Requests/sec:     74.05  
Transfer/sec:     22.57KB
