Running 30s test @ http://10.97.105.44/?loopCount=25&base=6&exp=6
  5 threads and 5 connections

  Thread calibration: mean lat.: 76.468ms, rate sampling interval: 279ms
  Thread calibration: mean lat.: 75.681ms, rate sampling interval: 275ms
  Thread calibration: mean lat.: 78.466ms, rate sampling interval: 275ms
  Thread calibration: mean lat.: 83.392ms, rate sampling interval: 312ms
  Thread calibration: mean lat.: 78.783ms, rate sampling interval: 302ms

-----------------------------------------------------------------------
Test Results @ http://10.97.105.44/?loopCount=25&base=6&exp=6 
  Thread Stats   Avg      Stdev     99%   +/- Stdev
    Latency    59.82ms   24.95ms 146.56ms   90.30%
    Req/Sec     9.28      1.44    14.00     91.88%
  Latency Distribution (HdrHistogram - Recorded Latency)
 50.000%   52.38ms
 75.000%   64.77ms
 90.000%   75.33ms
 99.000%  146.56ms
 99.900%  155.26ms
 99.990%  157.70ms
 99.999%  157.70ms
100.000%  157.70ms

  Detailed Percentile spectrum:
       Value   Percentile   TotalCount 1/(1-Percentile)

      25.359     0.000000            1         1.00
      41.183     0.100000          100         1.11
      43.807     0.200000          200         1.25
      48.735     0.300000          307         1.43
      49.535     0.400000          403         1.67
      52.383     0.500000          500         2.00
      55.103     0.550000          551         2.22
      57.247     0.600000          602         2.50
      58.111     0.650000          650         2.86
      61.567     0.700000          701         3.33
      64.767     0.750000          750         4.00
      65.343     0.775000          775         4.44
      65.791     0.800000          801         5.00
      66.175     0.825000          825         5.71
      67.583     0.850000          852         6.67
      68.991     0.875000          875         8.00
      71.231     0.887500          888         8.89
      75.327     0.900000          900        10.00
      78.399     0.912500          913        11.43
     129.791     0.925000          925        13.33
     130.943     0.937500          938        16.00
     131.839     0.943750          946        17.78
     132.607     0.950000          950        20.00
     135.167     0.956250          958        22.86
     137.087     0.962500          964        26.67
     139.135     0.968750          971        32.00
     139.519     0.971875          972        35.56
     140.415     0.975000          975        40.00
     142.719     0.978125          979        45.71
     144.383     0.981250          982        53.33
     146.303     0.984375          985        64.00
     146.431     0.985938          988        71.11
     146.431     0.987500          988        80.00
     146.559     0.989062          991        91.43
     146.559     0.990625          991       106.67
     147.583     0.992188          993       128.00
     147.583     0.992969          993       142.22
     148.735     0.993750          995       160.00
     148.735     0.994531          995       182.86
     149.631     0.995313          996       213.33
     150.015     0.996094          997       256.00
     150.015     0.996484          997       284.44
     150.015     0.996875          997       320.00
     150.911     0.997266          998       365.71
     150.911     0.997656          998       426.67
     155.263     0.998047          999       512.00
     155.263     0.998242          999       568.89
     155.263     0.998437          999       640.00
     155.263     0.998633          999       731.43
     155.263     0.998828          999       853.33
     157.695     0.999023         1000      1024.00
     157.695     1.000000         1000          inf
#[Mean    =       59.817, StdDeviation   =       24.951]
#[Max     =      157.568, Total count    =         1000]
#[Buckets =           27, SubBuckets     =         2048]
-----------------------------------------------------------------------
  1495 requests in 30.00s, 455.63KB read
Requests/sec:     49.83  
Transfer/sec:     15.19KB
