Running 30s test @ http://10.105.194.13/?loopCount=25&base=6&exp=6
  1 threads and 1 connections

  Thread calibration: mean lat.: 1449.562ms, rate sampling interval: 4673ms

-----------------------------------------------------------------------
Test Results @ http://10.105.194.13/?loopCount=25&base=6&exp=6 
  Thread Stats   Avg      Stdev     99%   +/- Stdev
    Latency     5.02s     1.42s    6.77s    57.25%
    Req/Sec    19.25      2.17    22.00     75.00%
  Latency Distribution (HdrHistogram - Recorded Latency)
 50.000%    5.60s 
 75.000%    6.41s 
 90.000%    6.52s 
 99.000%    6.77s 
 99.900%    6.82s 
 99.990%    6.82s 
 99.999%    6.82s 
100.000%    6.82s 

  Detailed Percentile spectrum:
       Value   Percentile   TotalCount 1/(1-Percentile)

    2529.279     0.000000            3         1.00
    2746.367     0.100000           42         1.11
    3383.295     0.200000           84         1.25
    4116.479     0.300000          119         1.43
    4972.543     0.400000          159         1.67
    5599.231     0.500000          197         2.00
    5648.383     0.550000          217         2.22
    5767.167     0.600000          237         2.50
    5947.391     0.650000          256         2.86
    6238.207     0.700000          277         3.33
    6410.239     0.750000          296         4.00
    6426.623     0.775000          305         4.44
    6443.007     0.800000          321         5.00
    6488.063     0.825000          326         5.71
    6508.543     0.850000          339         6.67
    6512.639     0.875000          352         8.00
    6512.639     0.887500          352         8.89
    6516.735     0.900000          355        10.00
    6520.831     0.912500          362        11.43
    6524.927     0.925000          365        13.33
    6627.327     0.937500          369        16.00
    6631.423     0.943750          378        17.78
    6631.423     0.950000          378        20.00
    6631.423     0.956250          378        22.86
    6635.519     0.962500          380        26.67
    6664.191     0.968750          381        32.00
    6692.863     0.971875          385        35.56
    6692.863     0.975000          385        40.00
    6692.863     0.978125          385        45.71
    6729.727     0.981250          387        53.33
    6729.727     0.984375          387        64.00
    6766.591     0.985938          389        71.11
    6766.591     0.987500          389        80.00
    6766.591     0.989062          389        91.43
    6799.359     0.990625          391       106.67
    6799.359     0.992188          391       128.00
    6799.359     0.992969          391       142.22
    6799.359     0.993750          391       160.00
    6799.359     0.994531          391       182.86
    6811.647     0.995313          392       213.33
    6811.647     0.996094          392       256.00
    6811.647     0.996484          392       284.44
    6811.647     0.996875          392       320.00
    6811.647     0.997266          392       365.71
    6815.743     0.997656          393       426.67
    6815.743     1.000000          393          inf
#[Mean    =     5023.220, StdDeviation   =     1417.257]
#[Max     =     6811.648, Total count    =          393]
#[Buckets =           27, SubBuckets     =         2048]
-----------------------------------------------------------------------
  579 requests in 30.00s, 176.42KB read
Requests/sec:     19.30  
Transfer/sec:      5.88KB
