Running 30s test @ http://10.97.0.135/?loopCount=25&base=6&exp=6
  5 threads and 5 connections

  Thread calibration: mean lat.: 282.524ms, rate sampling interval: 909ms
  Thread calibration: mean lat.: 280.382ms, rate sampling interval: 1062ms
  Thread calibration: mean lat.: 214.908ms, rate sampling interval: 906ms
  Thread calibration: mean lat.: 328.627ms, rate sampling interval: 1216ms
  Thread calibration: mean lat.: 224.124ms, rate sampling interval: 739ms

-----------------------------------------------------------------------
Test Results @ http://10.97.0.135/?loopCount=25&base=6&exp=6 
  Thread Stats   Avg      Stdev     99%   +/- Stdev
    Latency     1.09s   662.31ms   2.66s    73.83%
    Req/Sec    13.45      2.41    18.00     80.00%
  Latency Distribution (HdrHistogram - Recorded Latency)
 50.000%  894.97ms
 75.000%    1.47s 
 90.000%    2.19s 
 99.000%    2.66s 
 99.900%    2.74s 
 99.990%    2.75s 
 99.999%    2.75s 
100.000%    2.75s 

  Detailed Percentile spectrum:
       Value   Percentile   TotalCount 1/(1-Percentile)

     114.495     0.000000            1         1.00
     438.527     0.100000          141         1.11
     519.935     0.200000          280         1.25
     608.767     0.300000          418         1.43
     729.087     0.400000          557         1.67
     894.975     0.500000          696         2.00
    1005.567     0.550000          766         2.22
    1164.287     0.600000          836         2.50
    1229.823     0.650000          905         2.86
    1320.959     0.700000          974         3.33
    1467.391     0.750000         1044         4.00
    1603.583     0.775000         1079         4.44
    1698.815     0.800000         1113         5.00
    1751.039     0.825000         1148         5.71
    1816.575     0.850000         1183         6.67
    1903.615     0.875000         1218         8.00
    1954.815     0.887500         1235         8.89
    2191.359     0.900000         1252        10.00
    2340.863     0.912500         1270        11.43
    2465.791     0.925000         1287        13.33
    2537.471     0.937500         1306        16.00
    2549.759     0.943750         1313        17.78
    2568.191     0.950000         1322        20.00
    2584.575     0.956250         1331        22.86
    2596.863     0.962500         1340        26.67
    2611.199     0.968750         1348        32.00
    2615.295     0.971875         1352        35.56
    2621.439     0.975000         1357        40.00
    2633.727     0.978125         1362        45.71
    2637.823     0.981250         1365        53.33
    2643.967     0.984375         1370        64.00
    2646.015     0.985938         1372        71.11
    2652.159     0.987500         1374        80.00
    2660.351     0.989062         1376        91.43
    2664.447     0.990625         1378       106.67
    2678.783     0.992188         1381       128.00
    2680.831     0.992969         1382       142.22
    2686.975     0.993750         1383       160.00
    2689.023     0.994531         1385       182.86
    2689.023     0.995313         1385       213.33
    2705.407     0.996094         1386       256.00
    2713.599     0.996484         1387       284.44
    2713.599     0.996875         1387       320.00
    2723.839     0.997266         1388       365.71
    2723.839     0.997656         1388       426.67
    2732.031     0.998047         1389       512.00
    2732.031     0.998242         1389       568.89
    2732.031     0.998437         1389       640.00
    2740.223     0.998633         1390       731.43
    2740.223     0.998828         1390       853.33
    2740.223     0.999023         1390      1024.00
    2740.223     0.999121         1390      1137.78
    2740.223     0.999219         1390      1280.00
    2750.463     0.999316         1391      1462.86
    2750.463     1.000000         1391          inf
#[Mean    =     1094.433, StdDeviation   =      662.306]
#[Max     =     2748.416, Total count    =         1391]
#[Buckets =           27, SubBuckets     =         2048]
-----------------------------------------------------------------------
  2109 requests in 30.00s, 642.87KB read
Requests/sec:     70.29  
Transfer/sec:     21.43KB
