Running 30s test @ http://10.107.243.196/?loopCount=25&base=6&exp=6
  5 threads and 5 connections

  Thread calibration: mean lat.: 52.191ms, rate sampling interval: 154ms
  Thread calibration: mean lat.: 50.143ms, rate sampling interval: 169ms
  Thread calibration: mean lat.: 51.748ms, rate sampling interval: 140ms
  Thread calibration: mean lat.: 48.319ms, rate sampling interval: 127ms
  Thread calibration: mean lat.: 53.938ms, rate sampling interval: 134ms

-----------------------------------------------------------------------
Test Results @ http://10.107.243.196/?loopCount=25&base=6&exp=6 
  Thread Stats   Avg      Stdev     99%   +/- Stdev
    Latency    44.73ms   13.45ms 115.07ms   88.80%
    Req/Sec     9.44      3.41    15.00     72.37%
  Latency Distribution (HdrHistogram - Recorded Latency)
 50.000%   41.85ms
 75.000%   43.13ms
 90.000%   52.80ms
 99.000%  115.07ms
 99.900%  162.69ms
 99.990%  168.70ms
 99.999%  168.70ms
100.000%  168.70ms

  Detailed Percentile spectrum:
       Value   Percentile   TotalCount 1/(1-Percentile)

      21.791     0.000000            1         1.00
      38.847     0.100000          101         1.11
      40.831     0.200000          205         1.25
      41.215     0.300000          306         1.43
      41.535     0.400000          400         1.67
      41.855     0.500000          508         2.00
      42.015     0.550000          554         2.22
      42.207     0.600000          602         2.50
      42.399     0.650000          652         2.86
      42.719     0.700000          705         3.33
      43.135     0.750000          751         4.00
      43.423     0.775000          776         4.44
      44.831     0.800000          800         5.00
      46.207     0.825000          826         5.71
      47.551     0.850000          850         6.67
      49.535     0.875000          875         8.00
      50.943     0.887500          888         8.89
      52.799     0.900000          900        10.00
      54.303     0.912500          913        11.43
      57.055     0.925000          925        13.33
      61.119     0.937500          938        16.00
      63.231     0.943750          944        17.78
      65.983     0.950000          951        20.00
      67.199     0.956250          958        22.86
      67.903     0.962500          965        26.67
      70.143     0.968750          969        32.00
      76.863     0.971875          973        35.56
      77.247     0.975000          975        40.00
      78.335     0.978125          979        45.71
      90.687     0.981250          982        53.33
     111.935     0.984375          985        64.00
     112.511     0.985938          986        71.11
     113.919     0.987500          988        80.00
     115.071     0.989062          990        91.43
     115.263     0.990625          991       106.67
     115.903     0.992188          993       128.00
     115.903     0.992969          993       142.22
     117.247     0.993750          994       160.00
     123.391     0.994531          995       182.86
     128.127     0.995313          996       213.33
     134.911     0.996094          997       256.00
     134.911     0.996484          997       284.44
     134.911     0.996875          997       320.00
     160.895     0.997266          998       365.71
     160.895     0.997656          998       426.67
     162.687     0.998047          999       512.00
     162.687     0.998242          999       568.89
     162.687     0.998437          999       640.00
     162.687     0.998633          999       731.43
     162.687     0.998828          999       853.33
     168.703     0.999023         1000      1024.00
     168.703     1.000000         1000          inf
#[Mean    =       44.727, StdDeviation   =       13.446]
#[Max     =      168.576, Total count    =         1000]
#[Buckets =           27, SubBuckets     =         2048]
-----------------------------------------------------------------------
  1495 requests in 30.00s, 455.54KB read
Requests/sec:     49.83  
Transfer/sec:     15.18KB
