Running 30s test @ http://10.107.243.196/?loopCount=25&base=6&exp=6
  5 threads and 5 connections

  Thread calibration: mean lat.: 165.782ms, rate sampling interval: 601ms
  Thread calibration: mean lat.: 109.196ms, rate sampling interval: 388ms
  Thread calibration: mean lat.: 185.441ms, rate sampling interval: 934ms
  Thread calibration: mean lat.: 123.353ms, rate sampling interval: 467ms
  Thread calibration: mean lat.: 92.520ms, rate sampling interval: 337ms

-----------------------------------------------------------------------
Test Results @ http://10.107.243.196/?loopCount=25&base=6&exp=6 
  Thread Stats   Avg      Stdev     99%   +/- Stdev
    Latency    67.45ms   41.21ms 224.38ms   85.67%
    Req/Sec    14.38      1.89    19.00     89.32%
  Latency Distribution (HdrHistogram - Recorded Latency)
 50.000%   50.62ms
 75.000%   78.27ms
 90.000%  118.27ms
 99.000%  224.38ms
 99.900%  324.61ms
 99.990%  350.46ms
 99.999%  350.46ms
100.000%  350.46ms

  Detailed Percentile spectrum:
       Value   Percentile   TotalCount 1/(1-Percentile)

      22.271     0.000000            1         1.00
      39.807     0.100000          152         1.11
      40.895     0.200000          301         1.25
      41.503     0.300000          453         1.43
      42.431     0.400000          600         1.67
      50.623     0.500000          750         2.00
      57.855     0.550000          826         2.22
      61.503     0.600000          900         2.50
      65.791     0.650000          976         2.86
      70.655     0.700000         1050         3.33
      78.271     0.750000         1125         4.00
      84.735     0.775000         1163         4.44
      90.879     0.800000         1200         5.00
      93.887     0.825000         1238         5.71
     100.543     0.850000         1275         6.67
     109.311     0.875000         1313         8.00
     112.895     0.887500         1332         8.89
     118.271     0.900000         1350        10.00
     124.799     0.912500         1369        11.43
     133.247     0.925000         1388        13.33
     138.239     0.937500         1407        16.00
     146.303     0.943750         1416        17.78
     153.983     0.950000         1425        20.00
     159.999     0.956250         1435        22.86
     164.479     0.962500         1444        26.67
     172.543     0.968750         1454        32.00
     176.383     0.971875         1458        35.56
     185.215     0.975000         1463        40.00
     191.487     0.978125         1468        45.71
     197.247     0.981250         1472        53.33
     202.495     0.984375         1477        64.00
     204.287     0.985938         1479        71.11
     216.703     0.987500         1482        80.00
     223.999     0.989062         1484        91.43
     225.151     0.990625         1486       106.67
     241.023     0.992188         1489       128.00
     243.455     0.992969         1490       142.22
     253.311     0.993750         1491       160.00
     258.303     0.994531         1492       182.86
     266.239     0.995313         1493       213.33
     283.135     0.996094         1495       256.00
     283.135     0.996484         1495       284.44
     295.679     0.996875         1496       320.00
     295.679     0.997266         1496       365.71
     300.031     0.997656         1497       426.67
     322.559     0.998047         1498       512.00
     322.559     0.998242         1498       568.89
     322.559     0.998437         1498       640.00
     322.559     0.998633         1498       731.43
     324.607     0.998828         1499       853.33
     324.607     0.999023         1499      1024.00
     324.607     0.999121         1499      1137.78
     324.607     0.999219         1499      1280.00
     324.607     0.999316         1499      1462.86
     350.463     0.999414         1500      1706.67
     350.463     1.000000         1500          inf
#[Mean    =       67.449, StdDeviation   =       41.207]
#[Max     =      350.208, Total count    =         1500]
#[Buckets =           27, SubBuckets     =         2048]
-----------------------------------------------------------------------
  2245 requests in 30.00s, 684.11KB read
Requests/sec:     74.82  
Transfer/sec:     22.80KB
