Running 30s test @ http://10.96.31.118/?loopCount=25&base=6&exp=6
  5 threads and 5 connections

  Thread calibration: mean lat.: 88.148ms, rate sampling interval: 341ms
  Thread calibration: mean lat.: 89.263ms, rate sampling interval: 371ms
  Thread calibration: mean lat.: 73.814ms, rate sampling interval: 297ms
  Thread calibration: mean lat.: 113.024ms, rate sampling interval: 549ms
  Thread calibration: mean lat.: 98.963ms, rate sampling interval: 480ms

-----------------------------------------------------------------------
Test Results @ http://10.96.31.118/?loopCount=25&base=6&exp=6 
  Thread Stats   Avg      Stdev     99%   +/- Stdev
    Latency    80.50ms   65.78ms 352.00ms   84.95%
    Req/Sec     9.50      2.01    14.00     81.96%
  Latency Distribution (HdrHistogram - Recorded Latency)
 50.000%   47.78ms
 75.000%   90.18ms
 90.000%  158.59ms
 99.000%  352.00ms
 99.900%  409.09ms
 99.990%  421.38ms
 99.999%  421.38ms
100.000%  421.38ms

  Detailed Percentile spectrum:
       Value   Percentile   TotalCount 1/(1-Percentile)

      24.431     0.000000            1         1.00
      40.575     0.100000          109         1.11
      40.831     0.200000          205         1.25
      41.343     0.300000          302         1.43
      42.047     0.400000          402         1.67
      47.775     0.500000          502         2.00
      56.927     0.550000          552         2.22
      62.431     0.600000          602         2.50
      69.823     0.650000          652         2.86
      83.007     0.700000          703         3.33
      90.431     0.750000          754         4.00
     104.255     0.775000          779         4.44
     110.015     0.800000          803         5.00
     123.903     0.825000          828         5.71
     149.247     0.850000          855         6.67
     154.495     0.875000          878         8.00
     157.055     0.887500          891         8.89
     158.591     0.900000          904        10.00
     163.327     0.912500          916        11.43
     173.183     0.925000          928        13.33
     188.031     0.937500          941        16.00
     217.087     0.943750          947        17.78
     230.399     0.950000          953        20.00
     249.087     0.956250          960        22.86
     260.607     0.962500          967        26.67
     266.751     0.968750          972        32.00
     278.271     0.971875          975        35.56
     291.583     0.975000          978        40.00
     306.687     0.978125          982        45.71
     312.831     0.981250          986        53.33
     315.135     0.984375          988        64.00
     323.583     0.985938          989        71.11
     349.951     0.987500          991        80.00
     351.999     0.989062          993        91.43
     355.839     0.990625          994       106.67
     360.191     0.992188          996       128.00
     360.191     0.992969          996       142.22
     360.447     0.993750          997       160.00
     364.799     0.994531          998       182.86
     367.871     0.995313          999       213.33
     385.535     0.996094         1000       256.00
     385.535     0.996484         1000       284.44
     385.535     0.996875         1000       320.00
     406.015     0.997266         1001       365.71
     406.015     0.997656         1001       426.67
     409.087     0.998047         1002       512.00
     409.087     0.998242         1002       568.89
     409.087     0.998437         1002       640.00
     409.087     0.998633         1002       731.43
     409.087     0.998828         1002       853.33
     421.375     0.999023         1003      1024.00
     421.375     1.000000         1003          inf
#[Mean    =       80.500, StdDeviation   =       65.782]
#[Max     =      421.120, Total count    =         1003]
#[Buckets =           27, SubBuckets     =         2048]
-----------------------------------------------------------------------
  1495 requests in 30.00s, 455.70KB read
Requests/sec:     49.83  
Transfer/sec:     15.19KB
