Running 30s test @ http://10.100.212.137/?loopCount=25&base=6&exp=6
  5 threads and 5 connections

  Thread calibration: mean lat.: 110.609ms, rate sampling interval: 376ms
  Thread calibration: mean lat.: 166.173ms, rate sampling interval: 749ms
  Thread calibration: mean lat.: 193.284ms, rate sampling interval: 938ms
  Thread calibration: mean lat.: 125.763ms, rate sampling interval: 529ms
  Thread calibration: mean lat.: 102.920ms, rate sampling interval: 347ms

-----------------------------------------------------------------------
Test Results @ http://10.100.212.137/?loopCount=25&base=6&exp=6 
  Thread Stats   Avg      Stdev     99%   +/- Stdev
    Latency   128.61ms   71.93ms 379.14ms   84.72%
    Req/Sec     9.43      1.73    14.00     91.75%
  Latency Distribution (HdrHistogram - Recorded Latency)
 50.000%   90.56ms
 75.000%  168.19ms
 90.000%  241.54ms
 99.000%  379.14ms
 99.900%  394.75ms
 99.990%  456.70ms
 99.999%  456.70ms
100.000%  456.70ms

  Detailed Percentile spectrum:
       Value   Percentile   TotalCount 1/(1-Percentile)

      24.943     0.000000            1         1.00
      64.159     0.100000          100         1.11
      72.895     0.200000          199         1.25
      77.887     0.300000          299         1.43
      84.031     0.400000          398         1.67
      90.559     0.500000          498         2.00
     103.423     0.550000          549         2.22
     155.007     0.600000          598         2.50
     159.487     0.650000          647         2.86
     164.351     0.700000          697         3.33
     168.191     0.750000          748         4.00
     172.159     0.775000          773         4.44
     173.695     0.800000          796         5.00
     177.663     0.825000          821         5.71
     181.119     0.850000          846         6.67
     186.239     0.875000          871         8.00
     189.055     0.887500          884         8.89
     241.535     0.900000          896        10.00
     254.847     0.912500          908        11.43
     258.175     0.925000          921        13.33
     265.215     0.937500          933        16.00
     268.543     0.943750          941        17.78
     270.335     0.950000          946        20.00
     272.383     0.956250          952        22.86
     276.991     0.962500          958        26.67
     285.951     0.968750          964        32.00
     288.767     0.971875          968        35.56
     289.791     0.975000          971        40.00
     340.735     0.978125          974        45.71
     355.071     0.981250          977        53.33
     367.103     0.984375          980        64.00
     372.735     0.985938          982        71.11
     372.991     0.987500          983        80.00
     379.135     0.989062          985        91.43
     380.927     0.990625          986       106.67
     382.719     0.992188          988       128.00
     387.839     0.992969          989       142.22
     387.839     0.993750          989       160.00
     388.863     0.994531          990       182.86
     389.375     0.995313          991       213.33
     390.143     0.996094          992       256.00
     390.143     0.996484          992       284.44
     390.143     0.996875          992       320.00
     391.167     0.997266          993       365.71
     391.167     0.997656          993       426.67
     394.751     0.998047          994       512.00
     394.751     0.998242          994       568.89
     394.751     0.998437          994       640.00
     394.751     0.998633          994       731.43
     394.751     0.998828          994       853.33
     456.703     0.999023          995      1024.00
     456.703     1.000000          995          inf
#[Mean    =      128.606, StdDeviation   =       71.932]
#[Max     =      456.448, Total count    =          995]
#[Buckets =           27, SubBuckets     =         2048]
-----------------------------------------------------------------------
  1490 requests in 30.01s, 454.29KB read
Requests/sec:     49.66  
Transfer/sec:     15.14KB
