Running 30s test @ http://10.109.57.137/?loopCount=25&base=6&exp=6
  5 threads and 5 connections

  Thread calibration: mean lat.: 1187.413ms, rate sampling interval: 3717ms
  Thread calibration: mean lat.: 974.076ms, rate sampling interval: 3002ms
  Thread calibration: mean lat.: 1190.495ms, rate sampling interval: 3786ms
  Thread calibration: mean lat.: 994.819ms, rate sampling interval: 3153ms
  Thread calibration: mean lat.: 700.505ms, rate sampling interval: 2482ms

-----------------------------------------------------------------------
Test Results @ http://10.109.57.137/?loopCount=25&base=6&exp=6 
  Thread Stats   Avg      Stdev     99%   +/- Stdev
    Latency     3.28s   929.24ms   5.12s    60.41%
    Req/Sec    12.03      0.71    13.00     96.67%
  Latency Distribution (HdrHistogram - Recorded Latency)
 50.000%    3.30s 
 75.000%    4.00s 
 90.000%    4.55s 
 99.000%    5.12s 
 99.900%    5.21s 
 99.990%    5.25s 
 99.999%    5.25s 
100.000%    5.25s 

  Detailed Percentile spectrum:
       Value   Percentile   TotalCount 1/(1-Percentile)

    1353.727     0.000000            1         1.00
    2038.783     0.100000          127         1.11
    2338.815     0.200000          253         1.25
    2680.831     0.300000          379         1.43
    2961.407     0.400000          506         1.67
    3297.279     0.500000          632         2.00
    3446.783     0.550000          696         2.22
    3586.047     0.600000          760         2.50
    3733.503     0.650000          821         2.86
    3842.047     0.700000          885         3.33
    4003.839     0.750000          948         4.00
    4122.623     0.775000          979         4.44
    4186.111     0.800000         1012         5.00
    4272.127     0.825000         1043         5.71
    4370.431     0.850000         1074         6.67
    4456.447     0.875000         1106         8.00
    4493.311     0.887500         1123         8.89
    4550.655     0.900000         1137        10.00
    4607.999     0.912500         1154        11.43
    4665.343     0.925000         1171        13.33
    4702.207     0.937500         1185        16.00
    4730.879     0.943750         1192        17.78
    4759.551     0.950000         1202        20.00
    4771.839     0.956250         1208        22.86
    4820.991     0.962500         1217        26.67
    4845.567     0.968750         1224        32.00
    4919.295     0.971875         1228        35.56
    4952.063     0.975000         1232        40.00
    4984.831     0.978125         1236        45.71
    5029.887     0.981250         1240        53.33
    5074.943     0.984375         1244        64.00
    5095.423     0.985938         1248        71.11
    5095.423     0.987500         1248        80.00
    5119.999     0.989062         1250        91.43
    5132.287     0.990625         1252       106.67
    5136.383     0.992188         1254       128.00
    5144.575     0.992969         1255       142.22
    5148.671     0.993750         1256       160.00
    5160.959     0.994531         1257       182.86
    5165.055     0.995313         1259       213.33
    5165.055     0.996094         1259       256.00
    5165.055     0.996484         1259       284.44
    5181.439     0.996875         1260       320.00
    5181.439     0.997266         1260       365.71
    5189.631     0.997656         1261       426.67
    5189.631     0.998047         1261       512.00
    5189.631     0.998242         1261       568.89
    5214.207     0.998437         1262       640.00
    5214.207     0.998633         1262       731.43
    5214.207     0.998828         1262       853.33
    5214.207     0.999023         1262      1024.00
    5214.207     0.999121         1262      1137.78
    5246.975     0.999219         1263      1280.00
    5246.975     1.000000         1263          inf
#[Mean    =     3280.418, StdDeviation   =      929.238]
#[Max     =     5242.880, Total count    =         1263]
#[Buckets =           27, SubBuckets     =         2048]
-----------------------------------------------------------------------
  1882 requests in 30.00s, 573.65KB read
Requests/sec:     62.72  
Transfer/sec:     19.12KB
