Running 30s test @ http://10.101.167.227/?loopCount=25&base=6&exp=6
  5 threads and 5 connections

  Thread calibration: mean lat.: 103.872ms, rate sampling interval: 380ms
  Thread calibration: mean lat.: 145.145ms, rate sampling interval: 590ms
  Thread calibration: mean lat.: 93.954ms, rate sampling interval: 358ms
  Thread calibration: mean lat.: 151.890ms, rate sampling interval: 575ms
  Thread calibration: mean lat.: 161.488ms, rate sampling interval: 561ms

-----------------------------------------------------------------------
Test Results @ http://10.101.167.227/?loopCount=25&base=6&exp=6 
  Thread Stats   Avg      Stdev     99%   +/- Stdev
    Latency   110.50ms   90.34ms 397.05ms   85.73%
    Req/Sec     9.58      2.19    15.00     83.73%
  Latency Distribution (HdrHistogram - Recorded Latency)
 50.000%   79.87ms
 75.000%  162.82ms
 90.000%  264.45ms
 99.000%  397.05ms
 99.900%  468.22ms
 99.990%  476.16ms
 99.999%  476.16ms
100.000%  476.16ms

  Detailed Percentile spectrum:
       Value   Percentile   TotalCount 1/(1-Percentile)

      21.903     0.000000            1         1.00
      40.639     0.100000          105         1.11
      41.087     0.200000          203         1.25
      41.631     0.300000          307         1.43
      49.823     0.400000          401         1.67
      79.871     0.500000          501         2.00
      89.151     0.550000          553         2.22
      98.815     0.600000          602         2.50
     109.631     0.650000          652         2.86
     127.039     0.700000          702         3.33
     162.815     0.750000          752         4.00
     169.343     0.775000          780         4.44
     173.055     0.800000          802         5.00
     180.479     0.825000          827         5.71
     193.023     0.850000          852         6.67
     220.927     0.875000          877         8.00
     233.855     0.887500          890         8.89
     264.447     0.900000          902        10.00
     270.079     0.912500          915        11.43
     277.759     0.925000          927        13.33
     287.999     0.937500          940        16.00
     294.143     0.943750          946        17.78
     300.031     0.950000          952        20.00
     309.247     0.956250          959        22.86
     322.303     0.962500          965        26.67
     343.551     0.968750          971        32.00
     360.959     0.971875          974        35.56
     364.543     0.975000          977        40.00
     374.015     0.978125          981        45.71
     376.575     0.981250          984        53.33
     377.343     0.984375          987        64.00
     377.599     0.985938          988        71.11
     384.511     0.987500          990        80.00
     397.055     0.989062          992        91.43
     397.311     0.990625          993       106.67
     409.087     0.992188          995       128.00
     409.087     0.992969          995       142.22
     413.695     0.993750          996       160.00
     419.583     0.994531          997       182.86
     461.311     0.995313          998       213.33
     463.871     0.996094          999       256.00
     463.871     0.996484          999       284.44
     463.871     0.996875          999       320.00
     467.455     0.997266         1000       365.71
     467.455     0.997656         1000       426.67
     468.223     0.998047         1001       512.00
     468.223     0.998242         1001       568.89
     468.223     0.998437         1001       640.00
     468.223     0.998633         1001       731.43
     468.223     0.998828         1001       853.33
     476.159     0.999023         1002      1024.00
     476.159     1.000000         1002          inf
#[Mean    =      110.501, StdDeviation   =       90.343]
#[Max     =      475.904, Total count    =         1002]
#[Buckets =           27, SubBuckets     =         2048]
-----------------------------------------------------------------------
  1492 requests in 30.00s, 454.90KB read
Requests/sec:     49.73  
Transfer/sec:     15.16KB
