Running 30s test @ http://10.111.214.229/?loopCount=25&base=6&exp=6
  5 threads and 5 connections

  Thread calibration: mean lat.: 435.208ms, rate sampling interval: 1366ms
  Thread calibration: mean lat.: 146.245ms, rate sampling interval: 542ms
  Thread calibration: mean lat.: 350.964ms, rate sampling interval: 1221ms
  Thread calibration: mean lat.: 299.230ms, rate sampling interval: 1177ms
  Thread calibration: mean lat.: 561.092ms, rate sampling interval: 1694ms

-----------------------------------------------------------------------
Test Results @ http://10.111.214.229/?loopCount=25&base=6&exp=6 
  Thread Stats   Avg      Stdev     99%   +/- Stdev
    Latency   812.54ms  365.32ms   1.63s    62.15%
    Req/Sec    14.10      2.11    20.00     90.32%
  Latency Distribution (HdrHistogram - Recorded Latency)
 50.000%  768.51ms
 75.000%    1.08s 
 90.000%    1.35s 
 99.000%    1.63s 
 99.900%    1.73s 
 99.990%    1.75s 
 99.999%    1.75s 
100.000%    1.75s 

  Detailed Percentile spectrum:
       Value   Percentile   TotalCount 1/(1-Percentile)

      76.479     0.000000            1         1.00
     357.375     0.100000          149         1.11
     460.031     0.200000          296         1.25
     570.367     0.300000          444         1.43
     663.551     0.400000          592         1.67
     768.511     0.500000          739         2.00
     826.367     0.550000          814         2.22
     879.103     0.600000          887         2.50
     942.591     0.650000          961         2.86
    1001.471     0.700000         1035         3.33
    1077.247     0.750000         1110         4.00
    1120.255     0.775000         1147         4.44
    1165.311     0.800000         1182         5.00
    1207.295     0.825000         1219         5.71
    1245.183     0.850000         1256         6.67
    1306.623     0.875000         1294         8.00
    1328.127     0.887500         1312         8.89
    1353.727     0.900000         1335        10.00
    1372.159     0.912500         1348        11.43
    1400.831     0.925000         1367        13.33
    1431.551     0.937500         1385        16.00
    1438.719     0.943750         1394        17.78
    1446.911     0.950000         1404        20.00
    1468.415     0.956250         1413        22.86
    1484.799     0.962500         1422        26.67
    1544.191     0.968750         1431        32.00
    1558.527     0.971875         1436        35.56
    1575.935     0.975000         1441        40.00
    1586.175     0.978125         1445        45.71
    1602.559     0.981250         1452        53.33
    1605.631     0.984375         1454        64.00
    1609.727     0.985938         1457        71.11
    1618.943     0.987500         1459        80.00
    1629.183     0.989062         1461        91.43
    1644.543     0.990625         1464       106.67
    1651.711     0.992188         1466       128.00
    1656.831     0.992969         1467       142.22
    1670.143     0.993750         1468       160.00
    1675.263     0.994531         1469       182.86
    1683.455     0.995313         1471       213.33
    1696.767     0.996094         1472       256.00
    1696.767     0.996484         1472       284.44
    1709.055     0.996875         1473       320.00
    1709.055     0.997266         1473       365.71
    1711.103     0.997656         1474       426.67
    1717.247     0.998047         1475       512.00
    1717.247     0.998242         1475       568.89
    1717.247     0.998437         1475       640.00
    1717.247     0.998633         1475       731.43
    1726.463     0.998828         1476       853.33
    1726.463     0.999023         1476      1024.00
    1726.463     0.999121         1476      1137.78
    1726.463     0.999219         1476      1280.00
    1726.463     0.999316         1476      1462.86
    1752.063     0.999414         1477      1706.67
    1752.063     1.000000         1477          inf
#[Mean    =      812.539, StdDeviation   =      365.319]
#[Max     =     1751.040, Total count    =         1477]
#[Buckets =           27, SubBuckets     =         2048]
-----------------------------------------------------------------------
  2182 requests in 30.00s, 665.10KB read
Requests/sec:     72.73  
Transfer/sec:     22.17KB
