Running 30s test @ http://10.101.167.227/?loopCount=25&base=6&exp=6
  5 threads and 5 connections

  Thread calibration: mean lat.: 464.486ms, rate sampling interval: 1379ms
  Thread calibration: mean lat.: 581.849ms, rate sampling interval: 1573ms
  Thread calibration: mean lat.: 646.216ms, rate sampling interval: 2217ms
  Thread calibration: mean lat.: 648.028ms, rate sampling interval: 1776ms
  Thread calibration: mean lat.: 1097.642ms, rate sampling interval: 3141ms

-----------------------------------------------------------------------
Test Results @ http://10.101.167.227/?loopCount=25&base=6&exp=6 
  Thread Stats   Avg      Stdev     99%   +/- Stdev
    Latency     1.20s   328.43ms   1.97s    62.33%
    Req/Sec    14.08      1.16    16.00     96.15%
  Latency Distribution (HdrHistogram - Recorded Latency)
 50.000%    1.16s 
 75.000%    1.37s 
 90.000%    1.71s 
 99.000%    1.97s 
 99.900%    2.07s 
 99.990%    2.09s 
 99.999%    2.09s 
100.000%    2.09s 

  Detailed Percentile spectrum:
       Value   Percentile   TotalCount 1/(1-Percentile)

     564.223     0.000000            1         1.00
     824.319     0.100000          146         1.11
     888.831     0.200000          292         1.25
     952.319     0.300000          438         1.43
    1073.151     0.400000          584         1.67
    1164.287     0.500000          730         2.00
    1206.271     0.550000          803         2.22
    1248.255     0.600000          877         2.50
    1281.023     0.650000          949         2.86
    1321.983     0.700000         1024         3.33
    1367.039     0.750000         1095         4.00
    1443.839     0.775000         1132         4.44
    1551.359     0.800000         1168         5.00
    1612.799     0.825000         1205         5.71
    1639.423     0.850000         1242         6.67
    1675.263     0.875000         1278         8.00
    1690.623     0.887500         1298         8.89
    1705.983     0.900000         1314        10.00
    1727.487     0.912500         1333        11.43
    1753.087     0.925000         1351        13.33
    1774.591     0.937500         1370        16.00
    1796.095     0.943750         1378        17.78
    1802.239     0.950000         1387        20.00
    1816.575     0.956250         1397        22.86
    1827.839     0.962500         1408        26.67
    1840.127     0.968750         1415        32.00
    1846.271     0.971875         1420        35.56
    1856.511     0.975000         1424        40.00
    1869.823     0.978125         1429        45.71
    1890.303     0.981250         1433        53.33
    1919.999     0.984375         1438        64.00
    1947.647     0.985938         1440        71.11
    1959.935     0.987500         1442        80.00
    1973.247     0.989062         1445        91.43
    1979.391     0.990625         1447       106.67
    1988.607     0.992188         1449       128.00
    1991.679     0.992969         1450       142.22
    1995.775     0.993750         1451       160.00
    1999.871     0.994531         1453       182.86
    2000.895     0.995313         1454       213.33
    2016.255     0.996094         1455       256.00
    2016.255     0.996484         1455       284.44
    2029.567     0.996875         1456       320.00
    2054.143     0.997266         1457       365.71
    2054.143     0.997656         1457       426.67
    2056.191     0.998047         1458       512.00
    2056.191     0.998242         1458       568.89
    2056.191     0.998437         1458       640.00
    2072.575     0.998633         1459       731.43
    2072.575     0.998828         1459       853.33
    2072.575     0.999023         1459      1024.00
    2072.575     0.999121         1459      1137.78
    2072.575     0.999219         1459      1280.00
    2087.935     0.999316         1460      1462.86
    2087.935     1.000000         1460          inf
#[Mean    =     1201.467, StdDeviation   =      328.425]
#[Max     =     2086.912, Total count    =         1460]
#[Buckets =           27, SubBuckets     =         2048]
-----------------------------------------------------------------------
  2130 requests in 30.00s, 649.27KB read
Requests/sec:     71.00  
Transfer/sec:     21.64KB
