Running 30s test @ http://10.111.214.229/?loopCount=25&base=6&exp=6
  1 threads and 1 connections

  Thread calibration: mean lat.: 738.413ms, rate sampling interval: 2611ms

-----------------------------------------------------------------------
Test Results @ http://10.111.214.229/?loopCount=25&base=6&exp=6 
  Thread Stats   Avg      Stdev     99%   +/- Stdev
    Latency     3.04s   895.78ms   4.45s    61.14%
    Req/Sec    20.71      1.03    22.00    100.00%
  Latency Distribution (HdrHistogram - Recorded Latency)
 50.000%    3.28s 
 75.000%    3.69s 
 90.000%    4.13s 
 99.000%    4.45s 
 99.900%    4.51s 
 99.990%    4.51s 
 99.999%    4.51s 
100.000%    4.51s 

  Detailed Percentile spectrum:
       Value   Percentile   TotalCount 1/(1-Percentile)

    1387.519     0.000000            1         1.00
    1736.703     0.100000           45         1.11
    2037.759     0.200000           85         1.25
    2412.543     0.300000          127         1.43
    2918.399     0.400000          169         1.67
    3280.895     0.500000          212         2.00
    3352.575     0.550000          234         2.22
    3418.111     0.600000          258         2.50
    3590.143     0.650000          278         2.86
    3655.679     0.700000          298         3.33
    3688.447     0.750000          317         4.00
    3764.223     0.775000          328         4.44
    3829.759     0.800000          339         5.00
    3852.287     0.825000          349         5.71
    4005.887     0.850000          360         6.67
    4085.759     0.875000          370         8.00
    4108.287     0.887500          375         8.89
    4126.719     0.900000          381        10.00
    4173.823     0.912500          388        11.43
    4296.703     0.925000          391        13.33
    4345.855     0.937500          396        16.00
    4407.295     0.943750          401        17.78
    4407.295     0.950000          401        20.00
    4440.063     0.956250          405        22.86
    4444.159     0.962500          409        26.67
    4444.159     0.968750          409        32.00
    4452.351     0.971875          419        35.56
    4452.351     0.975000          419        40.00
    4452.351     0.978125          419        45.71
    4452.351     0.981250          419        53.33
    4452.351     0.984375          419        64.00
    4452.351     0.985938          419        71.11
    4452.351     0.987500          419        80.00
    4452.351     0.989062          419        91.43
    4452.351     0.990625          419       106.67
    4452.351     0.992188          419       128.00
    4456.447     0.992969          420       142.22
    4456.447     0.993750          420       160.00
    4456.447     0.994531          420       182.86
    4505.599     0.995313          422       213.33
    4505.599     1.000000          422          inf
#[Mean    =     3035.838, StdDeviation   =      895.782]
#[Max     =     4501.504, Total count    =          422]
#[Buckets =           27, SubBuckets     =         2048]
-----------------------------------------------------------------------
  637 requests in 30.00s, 194.09KB read
Requests/sec:     21.23  
Transfer/sec:      6.47KB
