Running 30s test @ http://10.109.57.137/?loopCount=25&base=6&exp=6
  5 threads and 5 connections

  Thread calibration: mean lat.: 74.634ms, rate sampling interval: 247ms
  Thread calibration: mean lat.: 90.968ms, rate sampling interval: 334ms
  Thread calibration: mean lat.: 84.009ms, rate sampling interval: 293ms
  Thread calibration: mean lat.: 75.929ms, rate sampling interval: 280ms
  Thread calibration: mean lat.: 83.353ms, rate sampling interval: 267ms

-----------------------------------------------------------------------
Test Results @ http://10.109.57.137/?loopCount=25&base=6&exp=6 
  Thread Stats   Avg      Stdev     99%   +/- Stdev
    Latency    87.77ms   55.75ms 239.36ms   88.30%
    Req/Sec     9.60      2.35    14.00     83.52%
  Latency Distribution (HdrHistogram - Recorded Latency)
 50.000%   51.90ms
 75.000%  126.40ms
 90.000%  147.07ms
 99.000%  239.36ms
 99.900%  248.32ms
 99.990%  252.16ms
 99.999%  252.16ms
100.000%  252.16ms

  Detailed Percentile spectrum:
       Value   Percentile   TotalCount 1/(1-Percentile)

      26.479     0.000000            1         1.00
      40.767     0.100000          101         1.11
      42.111     0.200000          201         1.25
      46.591     0.300000          301         1.43
      49.311     0.400000          403         1.67
      51.903     0.500000          500         2.00
      55.391     0.550000          550         2.22
     114.047     0.600000          601         2.50
     116.799     0.650000          651         2.86
     121.727     0.700000          700         3.33
     126.399     0.750000          750         4.00
     129.855     0.775000          777         4.44
     131.583     0.800000          801         5.00
     135.167     0.825000          825         5.71
     139.263     0.850000          850         6.67
     141.951     0.875000          877         8.00
     143.615     0.887500          888         8.89
     147.071     0.900000          900        10.00
     150.527     0.912500          913        11.43
     212.607     0.925000          925        13.33
     216.959     0.937500          938        16.00
     218.495     0.943750          945        17.78
     219.775     0.950000          950        20.00
     222.335     0.956250          957        22.86
     223.999     0.962500          963        26.67
     224.767     0.968750          970        32.00
     225.791     0.971875          972        35.56
     227.839     0.975000          975        40.00
     231.807     0.978125          979        45.71
     232.575     0.981250          982        53.33
     233.471     0.984375          985        64.00
     234.367     0.985938          986        71.11
     235.135     0.987500          988        80.00
     239.359     0.989062          990        91.43
     239.487     0.990625          991       106.67
     240.767     0.992188          994       128.00
     240.767     0.992969          994       142.22
     240.767     0.993750          994       160.00
     241.023     0.994531          995       182.86
     243.711     0.995313          996       213.33
     244.095     0.996094          997       256.00
     244.095     0.996484          997       284.44
     244.095     0.996875          997       320.00
     246.143     0.997266          998       365.71
     246.143     0.997656          998       426.67
     248.319     0.998047          999       512.00
     248.319     0.998242          999       568.89
     248.319     0.998437          999       640.00
     248.319     0.998633          999       731.43
     248.319     0.998828          999       853.33
     252.159     0.999023         1000      1024.00
     252.159     1.000000         1000          inf
#[Mean    =       87.765, StdDeviation   =       55.746]
#[Max     =      252.032, Total count    =         1000]
#[Buckets =           27, SubBuckets     =         2048]
-----------------------------------------------------------------------
  1495 requests in 30.00s, 455.82KB read
Requests/sec:     49.83  
Transfer/sec:     15.19KB
