Running 30s test @ http://10.106.228.182/?loopCount=25&base=6&exp=6
  5 threads and 5 connections

  Thread calibration: mean lat.: 71.860ms, rate sampling interval: 265ms
  Thread calibration: mean lat.: 69.917ms, rate sampling interval: 246ms
  Thread calibration: mean lat.: 66.657ms, rate sampling interval: 242ms
  Thread calibration: mean lat.: 75.307ms, rate sampling interval: 315ms
  Thread calibration: mean lat.: 68.505ms, rate sampling interval: 236ms

-----------------------------------------------------------------------
Test Results @ http://10.106.228.182/?loopCount=25&base=6&exp=6 
  Thread Stats   Avg      Stdev     99%   +/- Stdev
    Latency    70.12ms   47.49ms 264.70ms   89.10%
    Req/Sec     9.61      2.58    16.00     90.13%
  Latency Distribution (HdrHistogram - Recorded Latency)
 50.000%   42.78ms
 75.000%   87.49ms
 90.000%  127.23ms
 99.000%  264.70ms
 99.900%  368.64ms
 99.990%  370.94ms
 99.999%  370.94ms
100.000%  370.94ms

  Detailed Percentile spectrum:
       Value   Percentile   TotalCount 1/(1-Percentile)

      24.463     0.000000            1         1.00
      40.479     0.100000          104         1.11
      40.863     0.200000          200         1.25
      41.311     0.300000          307         1.43
      41.759     0.400000          402         1.67
      42.783     0.500000          500         2.00
      52.351     0.550000          550         2.22
      61.951     0.600000          600         2.50
      72.575     0.650000          650         2.86
      78.335     0.700000          700         3.33
      87.487     0.750000          750         4.00
      89.599     0.775000          775         4.44
      94.463     0.800000          800         5.00
     101.503     0.825000          827         5.71
     102.783     0.850000          851         6.67
     109.055     0.875000          875         8.00
     113.599     0.887500          888         8.89
     127.231     0.900000          900        10.00
     155.647     0.912500          913        11.43
     158.207     0.925000          925        13.33
     161.279     0.937500          938        16.00
     162.687     0.943750          944        17.78
     165.503     0.950000          950        20.00
     166.527     0.956250          957        22.86
     169.471     0.962500          963        26.67
     178.559     0.968750          969        32.00
     182.271     0.971875          972        35.56
     200.191     0.975000          976        40.00
     202.623     0.978125          979        45.71
     211.583     0.981250          982        53.33
     256.639     0.984375          985        64.00
     259.967     0.985938          986        71.11
     261.759     0.987500          988        80.00
     264.703     0.989062          990        91.43
     265.983     0.990625          991       106.67
     272.895     0.992188          993       128.00
     272.895     0.992969          993       142.22
     300.799     0.993750          995       160.00
     300.799     0.994531          995       182.86
     301.311     0.995313          996       213.33
     308.223     0.996094          997       256.00
     308.223     0.996484          997       284.44
     308.223     0.996875          997       320.00
     312.575     0.997266          998       365.71
     312.575     0.997656          998       426.67
     368.639     0.998047          999       512.00
     368.639     0.998242          999       568.89
     368.639     0.998437          999       640.00
     368.639     0.998633          999       731.43
     368.639     0.998828          999       853.33
     370.943     0.999023         1000      1024.00
     370.943     1.000000         1000          inf
#[Mean    =       70.124, StdDeviation   =       47.490]
#[Max     =      370.688, Total count    =         1000]
#[Buckets =           27, SubBuckets     =         2048]
-----------------------------------------------------------------------
  1495 requests in 30.00s, 455.66KB read
Requests/sec:     49.83  
Transfer/sec:     15.19KB
