Running 30s test @ http://10.98.78.13/?loopCount=25&base=6&exp=6
  5 threads and 5 connections

  Thread calibration: mean lat.: 75.378ms, rate sampling interval: 299ms
  Thread calibration: mean lat.: 74.260ms, rate sampling interval: 299ms
  Thread calibration: mean lat.: 64.253ms, rate sampling interval: 220ms
  Thread calibration: mean lat.: 64.255ms, rate sampling interval: 282ms
  Thread calibration: mean lat.: 85.806ms, rate sampling interval: 397ms

-----------------------------------------------------------------------
Test Results @ http://10.98.78.13/?loopCount=25&base=6&exp=6 
  Thread Stats   Avg      Stdev     99%   +/- Stdev
    Latency    50.75ms   25.11ms 157.44ms   84.50%
    Req/Sec     9.77      1.82    14.00     81.29%
  Latency Distribution (HdrHistogram - Recorded Latency)
 50.000%   42.27ms
 75.000%   43.90ms
 90.000%   84.74ms
 99.000%  157.44ms
 99.900%  248.06ms
 99.990%  256.26ms
 99.999%  256.26ms
100.000%  256.26ms

  Detailed Percentile spectrum:
       Value   Percentile   TotalCount 1/(1-Percentile)

      21.823     0.000000            1         1.00
      38.687     0.100000          100         1.11
      40.639     0.200000          202         1.25
      41.215     0.300000          301         1.43
      41.727     0.400000          401         1.67
      42.271     0.500000          507         2.00
      42.495     0.550000          551         2.22
      42.847     0.600000          602         2.50
      43.103     0.650000          650         2.86
      43.487     0.700000          704         3.33
      43.903     0.750000          751         4.00
      44.671     0.775000          775         4.44
      50.271     0.800000          800         5.00
      63.391     0.825000          825         5.71
      73.535     0.850000          850         6.67
      77.247     0.875000          875         8.00
      81.599     0.887500          888         8.89
      84.735     0.900000          900        10.00
      85.695     0.912500          913        11.43
      87.039     0.925000          925        13.33
      89.087     0.937500          939        16.00
      90.431     0.943750          944        17.78
      94.335     0.950000          950        20.00
      97.343     0.956250          957        22.86
     102.335     0.962500          963        26.67
     105.663     0.968750          969        32.00
     128.319     0.971875          972        35.56
     141.311     0.975000          975        40.00
     143.743     0.978125          979        45.71
     146.047     0.981250          983        53.33
     149.119     0.984375          985        64.00
     150.399     0.985938          986        71.11
     151.679     0.987500          988        80.00
     157.439     0.989062          990        91.43
     158.335     0.990625          991       106.67
     158.847     0.992188          993       128.00
     158.847     0.992969          993       142.22
     159.231     0.993750          994       160.00
     165.247     0.994531          995       182.86
     167.551     0.995313          996       213.33
     188.671     0.996094          997       256.00
     188.671     0.996484          997       284.44
     188.671     0.996875          997       320.00
     196.479     0.997266          998       365.71
     196.479     0.997656          998       426.67
     248.063     0.998047          999       512.00
     248.063     0.998242          999       568.89
     248.063     0.998437          999       640.00
     248.063     0.998633          999       731.43
     248.063     0.998828          999       853.33
     256.255     0.999023         1000      1024.00
     256.255     1.000000         1000          inf
#[Mean    =       50.751, StdDeviation   =       25.114]
#[Max     =      256.128, Total count    =         1000]
#[Buckets =           27, SubBuckets     =         2048]
-----------------------------------------------------------------------
  1495 requests in 30.01s, 455.59KB read
Requests/sec:     49.82  
Transfer/sec:     15.18KB
