Running 30s test @ http://10.110.191.44/?loopCount=25&base=6&exp=6
  5 threads and 5 connections

  Thread calibration: mean lat.: 56.835ms, rate sampling interval: 202ms
  Thread calibration: mean lat.: 50.344ms, rate sampling interval: 139ms
  Thread calibration: mean lat.: 74.541ms, rate sampling interval: 348ms
  Thread calibration: mean lat.: 57.549ms, rate sampling interval: 227ms
  Thread calibration: mean lat.: 52.755ms, rate sampling interval: 186ms

-----------------------------------------------------------------------
Test Results @ http://10.110.191.44/?loopCount=25&base=6&exp=6 
  Thread Stats   Avg      Stdev     99%   +/- Stdev
    Latency    44.17ms   15.69ms 115.52ms   94.10%
    Req/Sec     9.42      2.58    14.00     77.28%
  Latency Distribution (HdrHistogram - Recorded Latency)
 50.000%   41.66ms
 75.000%   42.81ms
 90.000%   43.68ms
 99.000%  115.52ms
 99.900%  178.43ms
 99.990%  191.74ms
 99.999%  191.74ms
100.000%  191.74ms

  Detailed Percentile spectrum:
       Value   Percentile   TotalCount 1/(1-Percentile)

      21.663     0.000000            1         1.00
      39.295     0.100000          101         1.11
      40.607     0.200000          203         1.25
      40.927     0.300000          301         1.43
      41.279     0.400000          401         1.67
      41.663     0.500000          501         2.00
      41.919     0.550000          552         2.22
      42.143     0.600000          605         2.50
      42.335     0.650000          653         2.86
      42.559     0.700000          704         3.33
      42.815     0.750000          750         4.00
      42.943     0.775000          777         4.44
      43.071     0.800000          806         5.00
      43.231     0.825000          830         5.71
      43.359     0.850000          855         6.67
      43.519     0.875000          875         8.00
      43.615     0.887500          894         8.89
      43.679     0.900000          902        10.00
      43.807     0.912500          913        11.43
      43.999     0.925000          927        13.33
      44.671     0.937500          938        16.00
      45.439     0.943750          944        17.78
      50.143     0.950000          951        20.00
      55.551     0.956250          957        22.86
      69.695     0.962500          963        26.67
      84.927     0.968750          969        32.00
      88.831     0.971875          972        35.56
      93.695     0.975000          975        40.00
     100.799     0.978125          979        45.71
     107.455     0.981250          982        53.33
     109.631     0.984375          985        64.00
     110.399     0.985938          986        71.11
     113.023     0.987500          988        80.00
     115.519     0.989062          990        91.43
     115.839     0.990625          991       106.67
     166.015     0.992188          993       128.00
     166.015     0.992969          993       142.22
     168.191     0.993750          994       160.00
     172.927     0.994531          995       182.86
     173.311     0.995313          996       213.33
     175.487     0.996094          997       256.00
     175.487     0.996484          997       284.44
     175.487     0.996875          997       320.00
     176.895     0.997266          998       365.71
     176.895     0.997656          998       426.67
     178.431     0.998047          999       512.00
     178.431     0.998242          999       568.89
     178.431     0.998437          999       640.00
     178.431     0.998633          999       731.43
     178.431     0.998828          999       853.33
     191.743     0.999023         1000      1024.00
     191.743     1.000000         1000          inf
#[Mean    =       44.172, StdDeviation   =       15.686]
#[Max     =      191.616, Total count    =         1000]
#[Buckets =           27, SubBuckets     =         2048]
-----------------------------------------------------------------------
  1495 requests in 30.00s, 455.55KB read
Requests/sec:     49.83  
Transfer/sec:     15.18KB
