Running 30s test @ http://10.96.31.118/?loopCount=25&base=6&exp=6
  1 threads and 1 connections

  Thread calibration: mean lat.: 742.577ms, rate sampling interval: 2516ms

-----------------------------------------------------------------------
Test Results @ http://10.96.31.118/?loopCount=25&base=6&exp=6 
  Thread Stats   Avg      Stdev     99%   +/- Stdev
    Latency     3.10s   925.32ms   4.60s    64.59%
    Req/Sec    20.57      0.73    22.00    100.00%
  Latency Distribution (HdrHistogram - Recorded Latency)
 50.000%    3.18s 
 75.000%    3.90s 
 90.000%    4.38s 
 99.000%    4.60s 
 99.900%    4.64s 
 99.990%    4.64s 
 99.999%    4.64s 
100.000%    4.64s 

  Detailed Percentile spectrum:
       Value   Percentile   TotalCount 1/(1-Percentile)

    1383.423     0.000000            2         1.00
    1677.311     0.100000           42         1.11
    2252.799     0.200000           87         1.25
    2488.319     0.300000          127         1.43
    2705.407     0.400000          169         1.67
    3178.495     0.500000          210         2.00
    3289.087     0.550000          232         2.22
    3428.351     0.600000          252         2.50
    3577.855     0.650000          272         2.86
    3813.375     0.700000          294         3.33
    3897.343     0.750000          314         4.00
    3942.399     0.775000          324         4.44
    3958.783     0.800000          335         5.00
    4040.703     0.825000          345         5.71
    4177.919     0.850000          359         6.67
    4227.071     0.875000          371         8.00
    4227.071     0.887500          371         8.89
    4378.623     0.900000          378        10.00
    4399.103     0.912500          382        11.43
    4444.159     0.925000          387        13.33
    4562.943     0.937500          393        16.00
    4579.327     0.943750          395        17.78
    4595.711     0.950000          401        20.00
    4595.711     0.956250          401        22.86
    4599.807     0.962500          411        26.67
    4599.807     0.968750          411        32.00
    4599.807     0.971875          411        35.56
    4599.807     0.975000          411        40.00
    4599.807     0.978125          411        45.71
    4599.807     0.981250          411        53.33
    4603.903     0.984375          414        64.00
    4603.903     0.985938          414        71.11
    4603.903     0.987500          414        80.00
    4603.903     0.989062          414        91.43
    4607.999     0.990625          416       106.67
    4607.999     0.992188          416       128.00
    4607.999     0.992969          416       142.22
    4607.999     0.993750          416       160.00
    4607.999     0.994531          416       182.86
    4640.767     0.995313          418       213.33
    4640.767     1.000000          418          inf
#[Mean    =     3104.917, StdDeviation   =      925.321]
#[Max     =     4636.672, Total count    =          418]
#[Buckets =           27, SubBuckets     =         2048]
-----------------------------------------------------------------------
  634 requests in 30.00s, 193.18KB read
Requests/sec:     21.13  
Transfer/sec:      6.44KB
