Running 30s test @ http://10.98.78.13/?loopCount=25&base=6&exp=6
  1 threads and 1 connections

  Thread calibration: mean lat.: 2761.749ms, rate sampling interval: 8994ms

-----------------------------------------------------------------------
Test Results @ http://10.98.78.13/?loopCount=25&base=6&exp=6 
  Thread Stats   Avg      Stdev     99%   +/- Stdev
    Latency     9.11s     2.10s   12.26s    57.68%
    Req/Sec    15.00      0.00    15.00    100.00%
  Latency Distribution (HdrHistogram - Recorded Latency)
 50.000%    9.05s 
 75.000%   11.13s 
 90.000%   11.97s 
 99.000%   12.26s 
 99.900%   12.26s 
 99.990%   12.26s 
 99.999%   12.26s 
100.000%   12.26s 

  Detailed Percentile spectrum:
       Value   Percentile   TotalCount 1/(1-Percentile)

    5074.943     0.000000            1         1.00
    6078.463     0.100000           32         1.11
    7090.175     0.200000           64         1.25
    7921.663     0.300000           98         1.43
    8388.607     0.400000          131         1.67
    9052.159     0.500000          160         2.00
    9420.799     0.550000          176         2.22
    9756.671     0.600000          192         2.50
   10207.231     0.650000          209         2.86
   10469.375     0.700000          224         3.33
   11132.927     0.750000          240         4.00
   11370.495     0.775000          249         4.44
   11534.335     0.800000          261         5.00
   11558.911     0.825000          264         5.71
   11870.207     0.850000          272         6.67
   11960.319     0.875000          284         8.00
   11960.319     0.887500          284         8.89
   11976.703     0.900000          292        10.00
   11976.703     0.912500          292        11.43
   12091.391     0.925000          296        13.33
   12189.695     0.937500          302        16.00
   12189.695     0.943750          302        17.78
   12230.655     0.950000          306        20.00
   12230.655     0.956250          306        22.86
   12238.847     0.962500          312        26.67
   12238.847     0.968750          312        32.00
   12238.847     0.971875          312        35.56
   12238.847     0.975000          312        40.00
   12247.039     0.978125          314        45.71
   12247.039     0.981250          314        53.33
   12255.231     0.984375          317        64.00
   12255.231     0.985938          317        71.11
   12255.231     0.987500          317        80.00
   12255.231     0.989062          317        91.43
   12255.231     0.990625          317       106.67
   12255.231     0.992188          317       128.00
   12255.231     0.992969          317       142.22
   12263.423     0.993750          319       160.00
   12263.423     1.000000          319          inf
#[Mean    =     9110.242, StdDeviation   =     2098.650]
#[Max     =    12255.232, Total count    =          319]
#[Buckets =           27, SubBuckets     =         2048]
-----------------------------------------------------------------------
  443 requests in 30.00s, 135.03KB read
Requests/sec:     14.77  
Transfer/sec:      4.50KB
