Running 30s test @ http://10.104.20.163/?loopCount=25&base=6&exp=6
  5 threads and 5 connections

  Thread calibration: mean lat.: 129.088ms, rate sampling interval: 510ms
  Thread calibration: mean lat.: 84.766ms, rate sampling interval: 285ms
  Thread calibration: mean lat.: 73.936ms, rate sampling interval: 238ms
  Thread calibration: mean lat.: 84.837ms, rate sampling interval: 321ms
  Thread calibration: mean lat.: 91.952ms, rate sampling interval: 363ms

-----------------------------------------------------------------------
Test Results @ http://10.104.20.163/?loopCount=25&base=6&exp=6 
  Thread Stats   Avg      Stdev     99%   +/- Stdev
    Latency   117.03ms  108.45ms 511.74ms   87.48%
    Req/Sec    14.46      2.64    21.00     88.67%
  Latency Distribution (HdrHistogram - Recorded Latency)
 50.000%   74.56ms
 75.000%  144.26ms
 90.000%  257.15ms
 99.000%  511.74ms
 99.900%  605.70ms
 99.990%  631.29ms
 99.999%  631.29ms
100.000%  631.29ms

  Detailed Percentile spectrum:
       Value   Percentile   TotalCount 1/(1-Percentile)

      22.447     0.000000            1         1.00
      40.799     0.100000          154         1.11
      41.983     0.200000          303         1.25
      49.151     0.300000          452         1.43
      58.495     0.400000          601         1.67
      74.559     0.500000          751         2.00
      81.919     0.550000          826         2.22
      90.175     0.600000          901         2.50
     105.343     0.650000          976         2.86
     122.431     0.700000         1051         3.33
     144.255     0.750000         1126         4.00
     155.391     0.775000         1164         4.44
     167.295     0.800000         1201         5.00
     179.967     0.825000         1239         5.71
     196.863     0.850000         1276         6.67
     226.175     0.875000         1314         8.00
     243.327     0.887500         1333         8.89
     257.151     0.900000         1351        10.00
     282.879     0.912500         1370        11.43
     324.863     0.925000         1389        13.33
     357.119     0.937500         1409        16.00
     376.831     0.943750         1417        17.78
     379.903     0.950000         1427        20.00
     397.823     0.956250         1436        22.86
     419.327     0.962500         1445        26.67
     430.335     0.968750         1455        32.00
     434.943     0.971875         1459        35.56
     444.927     0.975000         1464        40.00
     456.447     0.978125         1469        45.71
     464.895     0.981250         1473        53.33
     482.047     0.984375         1478        64.00
     491.007     0.985938         1480        71.11
     496.383     0.987500         1483        80.00
     504.575     0.989062         1485        91.43
     513.023     0.990625         1487       106.67
     523.519     0.992188         1490       128.00
     527.871     0.992969         1491       142.22
     537.087     0.993750         1492       160.00
     543.743     0.994531         1493       182.86
     556.031     0.995313         1495       213.33
     569.855     0.996094         1496       256.00
     569.855     0.996484         1496       284.44
     571.391     0.996875         1497       320.00
     571.391     0.997266         1497       365.71
     595.967     0.997656         1498       426.67
     605.695     0.998047         1499       512.00
     605.695     0.998242         1499       568.89
     605.695     0.998437         1499       640.00
     605.695     0.998633         1499       731.43
     613.887     0.998828         1500       853.33
     613.887     0.999023         1500      1024.00
     613.887     0.999121         1500      1137.78
     613.887     0.999219         1500      1280.00
     613.887     0.999316         1500      1462.86
     631.295     0.999414         1501      1706.67
     631.295     1.000000         1501          inf
#[Mean    =      117.028, StdDeviation   =      108.452]
#[Max     =      630.784, Total count    =         1501]
#[Buckets =           27, SubBuckets     =         2048]
-----------------------------------------------------------------------
  2245 requests in 30.00s, 684.12KB read
Requests/sec:     74.83  
Transfer/sec:     22.80KB
