Running 30s test @ http://10.104.20.163/?loopCount=25&base=6&exp=6
  1 threads and 1 connections

  Thread calibration: mean lat.: 1610.288ms, rate sampling interval: 4669ms

-----------------------------------------------------------------------
Test Results @ http://10.104.20.163/?loopCount=25&base=6&exp=6 
  Thread Stats   Avg      Stdev     99%   +/- Stdev
    Latency     3.68s   883.37ms   5.48s    60.43%
    Req/Sec    20.75      1.30    22.00    100.00%
  Latency Distribution (HdrHistogram - Recorded Latency)
 50.000%    3.77s 
 75.000%    4.17s 
 90.000%    5.04s 
 99.000%    5.48s 
 99.900%    5.53s 
 99.990%    5.53s 
 99.999%    5.53s 
100.000%    5.53s 

  Detailed Percentile spectrum:
       Value   Percentile   TotalCount 1/(1-Percentile)

    2410.495     0.000000            1         1.00
    2551.807     0.100000           43         1.11
    2756.607     0.200000           88         1.25
    2979.839     0.300000          129         1.43
    3346.431     0.400000          170         1.67
    3774.463     0.500000          212         2.00
    3977.215     0.550000          234         2.22
    4055.039     0.600000          255         2.50
    4141.055     0.650000          280         2.86
    4147.199     0.700000          302         3.33
    4171.775     0.750000          319         4.00
    4186.111     0.775000          330         4.44
    4190.207     0.800000          339         5.00
    4464.639     0.825000          349         5.71
    4747.263     0.850000          360         6.67
    4947.967     0.875000          370         8.00
    5042.175     0.887500          382         8.89
    5042.175     0.900000          382        10.00
    5091.327     0.912500          386        11.43
    5144.575     0.925000          391        13.33
    5165.055     0.937500          397        16.00
    5185.535     0.943750          399        17.78
    5201.919     0.950000          401        20.00
    5259.263     0.956250          404        22.86
    5361.663     0.962500          407        26.67
    5390.335     0.968750          412        32.00
    5390.335     0.971875          412        35.56
    5390.335     0.975000          412        40.00
    5398.527     0.978125          413        45.71
    5410.815     0.981250          416        53.33
    5410.815     0.984375          416        64.00
    5439.487     0.985938          417        71.11
    5439.487     0.987500          417        80.00
    5476.351     0.989062          418        91.43
    5480.447     0.990625          419       106.67
    5480.447     0.992188          419       128.00
    5513.215     0.992969          420       142.22
    5513.215     0.993750          420       160.00
    5513.215     0.994531          420       182.86
    5517.311     0.995313          421       213.33
    5517.311     0.996094          421       256.00
    5517.311     0.996484          421       284.44
    5517.311     0.996875          421       320.00
    5517.311     0.997266          421       365.71
    5529.599     0.997656          422       426.67
    5529.599     1.000000          422          inf
#[Mean    =     3677.948, StdDeviation   =      883.372]
#[Max     =     5525.504, Total count    =          422]
#[Buckets =           27, SubBuckets     =         2048]
-----------------------------------------------------------------------
  611 requests in 30.00s, 186.17KB read
Requests/sec:     20.36  
Transfer/sec:      6.21KB
