Running 30s test @ http://10.103.252.181/?loopCount=25&base=6&exp=6
  5 threads and 5 connections

  Thread calibration: mean lat.: 297.297ms, rate sampling interval: 1161ms
  Thread calibration: mean lat.: 262.638ms, rate sampling interval: 757ms
  Thread calibration: mean lat.: 483.625ms, rate sampling interval: 1345ms
  Thread calibration: mean lat.: 230.059ms, rate sampling interval: 728ms
  Thread calibration: mean lat.: 261.994ms, rate sampling interval: 809ms

-----------------------------------------------------------------------
Test Results @ http://10.103.252.181/?loopCount=25&base=6&exp=6 
  Thread Stats   Avg      Stdev     99%   +/- Stdev
    Latency   179.60ms  146.14ms 696.83ms   87.18%
    Req/Sec    14.56      1.81    18.00     90.74%
  Latency Distribution (HdrHistogram - Recorded Latency)
 50.000%  138.24ms
 75.000%  234.37ms
 90.000%  364.03ms
 99.000%  696.83ms
 99.900%  728.06ms
 99.990%  745.98ms
 99.999%  745.98ms
100.000%  745.98ms

  Detailed Percentile spectrum:
       Value   Percentile   TotalCount 1/(1-Percentile)

      21.423     0.000000            1         1.00
      42.687     0.100000          152         1.11
      64.223     0.200000          301         1.25
      84.415     0.300000          452         1.43
     106.495     0.400000          602         1.67
     138.239     0.500000          754         2.00
     158.463     0.550000          828         2.22
     173.951     0.600000          903         2.50
     197.375     0.650000          979         2.86
     211.071     0.700000         1055         3.33
     234.367     0.750000         1129         4.00
     244.607     0.775000         1167         4.44
     258.175     0.800000         1204         5.00
     271.359     0.825000         1242         5.71
     289.791     0.850000         1280         6.67
     315.647     0.875000         1317         8.00
     336.895     0.887500         1336         8.89
     364.031     0.900000         1355        10.00
     390.655     0.912500         1374        11.43
     412.415     0.925000         1394        13.33
     436.223     0.937500         1411        16.00
     461.567     0.943750         1421        17.78
     496.127     0.950000         1430        20.00
     542.207     0.956250         1440        22.86
     602.111     0.962500         1449        26.67
     640.511     0.968750         1459        32.00
     651.263     0.971875         1464        35.56
     661.503     0.975000         1468        40.00
     668.671     0.978125         1473        45.71
     672.255     0.981250         1477        53.33
     683.519     0.984375         1482        64.00
     686.591     0.985938         1484        71.11
     692.223     0.987500         1487        80.00
     695.295     0.989062         1489        91.43
     699.903     0.990625         1491       106.67
     707.071     0.992188         1494       128.00
     709.119     0.992969         1495       142.22
     709.631     0.993750         1496       160.00
     712.191     0.994531         1497       182.86
     714.239     0.995313         1498       213.33
     720.383     0.996094         1500       256.00
     720.383     0.996484         1500       284.44
     722.943     0.996875         1501       320.00
     722.943     0.997266         1501       365.71
     726.527     0.997656         1502       426.67
     728.063     0.998047         1503       512.00
     728.063     0.998242         1503       568.89
     728.063     0.998437         1503       640.00
     728.063     0.998633         1503       731.43
     732.671     0.998828         1504       853.33
     732.671     0.999023         1504      1024.00
     732.671     0.999121         1504      1137.78
     732.671     0.999219         1504      1280.00
     732.671     0.999316         1504      1462.86
     745.983     0.999414         1505      1706.67
     745.983     1.000000         1505          inf
#[Mean    =      179.601, StdDeviation   =      146.136]
#[Max     =      745.472, Total count    =         1505]
#[Buckets =           27, SubBuckets     =         2048]
-----------------------------------------------------------------------
  2225 requests in 30.00s, 678.17KB read
Requests/sec:     74.16  
Transfer/sec:     22.60KB
