Running 30s test @ http://10.99.189.79/?loopCount=25&base=6&exp=6
  5 threads and 5 connections

  Thread calibration: mean lat.: 1551.710ms, rate sampling interval: 5750ms
  Thread calibration: mean lat.: 1608.462ms, rate sampling interval: 6000ms
  Thread calibration: mean lat.: 1970.680ms, rate sampling interval: 6905ms
  Thread calibration: mean lat.: 1623.301ms, rate sampling interval: 5484ms
  Thread calibration: mean lat.: 1362.308ms, rate sampling interval: 5234ms

-----------------------------------------------------------------------
Test Results @ http://10.99.189.79/?loopCount=25&base=6&exp=6 
  Thread Stats   Avg      Stdev     99%   +/- Stdev
    Latency     6.22s     1.80s    9.55s    57.86%
    Req/Sec     9.86      0.52    11.00    100.00%
  Latency Distribution (HdrHistogram - Recorded Latency)
 50.000%    6.18s 
 75.000%    7.80s 
 90.000%    8.77s 
 99.000%    9.55s 
 99.900%    9.90s 
 99.990%    9.90s 
 99.999%    9.90s 
100.000%    9.90s 

  Detailed Percentile spectrum:
       Value   Percentile   TotalCount 1/(1-Percentile)

    2979.839     0.000000            1         1.00
    3770.367     0.100000          105         1.11
    4337.663     0.200000          212         1.25
    5033.983     0.300000          316         1.43
    5619.711     0.400000          420         1.67
    6180.863     0.500000          525         2.00
    6508.543     0.550000          577         2.22
    6770.687     0.600000          630         2.50
    7151.615     0.650000          684         2.86
    7454.719     0.700000          735         3.33
    7802.879     0.750000          787         4.00
    7933.951     0.775000          813         4.44
    8056.831     0.800000          841         5.00
    8249.343     0.825000          866         5.71
    8404.991     0.850000          896         6.67
    8527.871     0.875000          918         8.00
    8626.175     0.887500          931         8.89
    8765.439     0.900000          945        10.00
    8830.975     0.912500          960        11.43
    8863.743     0.925000          971        13.33
    8937.471     0.937500          986        16.00
    8986.623     0.943750          991        17.78
    9019.391     0.950000          997        20.00
    9060.351     0.956250         1004        22.86
    9101.311     0.962500         1010        26.67
    9142.271     0.968750         1018        32.00
    9166.847     0.971875         1020        35.56
    9175.039     0.975000         1023        40.00
    9224.191     0.978125         1027        45.71
    9281.535     0.981250         1030        53.33
    9355.263     0.984375         1033        64.00
    9428.991     0.985938         1035        71.11
    9453.567     0.987500         1036        80.00
    9502.719     0.989062         1038        91.43
    9584.639     0.990625         1040       106.67
    9625.599     0.992188         1041       128.00
    9674.751     0.992969         1042       142.22
    9691.135     0.993750         1043       160.00
    9732.095     0.994531         1044       182.86
    9838.591     0.995313         1045       213.33
    9838.591     0.996094         1045       256.00
    9846.783     0.996484         1046       284.44
    9846.783     0.996875         1046       320.00
    9871.359     0.997266         1047       365.71
    9871.359     0.997656         1047       426.67
    9871.359     0.998047         1047       512.00
    9904.127     0.998242         1049       568.89
    9904.127     1.000000         1049          inf
#[Mean    =     6223.799, StdDeviation   =     1803.276]
#[Max     =     9895.936, Total count    =         1049]
#[Buckets =           27, SubBuckets     =         2048]
-----------------------------------------------------------------------
  1556 requests in 30.00s, 474.69KB read
Requests/sec:     51.86  
Transfer/sec:     15.82KB
