Running 30s test @ http://10.109.57.137/?loopCount=25&base=6&exp=6
  1 threads and 1 connections

  Thread calibration: mean lat.: 108.324ms, rate sampling interval: 289ms

-----------------------------------------------------------------------
Test Results @ http://10.109.57.137/?loopCount=25&base=6&exp=6 
  Thread Stats   Avg      Stdev     99%   +/- Stdev
    Latency   239.25ms   37.47ms 303.87ms   61.85%
    Req/Sec    24.58      1.34    27.00     82.61%
  Latency Distribution (HdrHistogram - Recorded Latency)
 50.000%  242.43ms
 75.000%  268.03ms
 90.000%  288.77ms
 99.000%  303.87ms
 99.900%  307.20ms
 99.990%  307.20ms
 99.999%  307.20ms
100.000%  307.20ms

  Detailed Percentile spectrum:
       Value   Percentile   TotalCount 1/(1-Percentile)

     157.311     0.000000            1         1.00
     185.983     0.100000           50         1.11
     201.599     0.200000          100         1.25
     220.543     0.300000          152         1.43
     231.295     0.400000          200         1.67
     242.431     0.500000          249         2.00
     248.063     0.550000          274         2.22
     252.031     0.600000          299         2.50
     255.103     0.650000          326         2.86
     260.735     0.700000          349         3.33
     268.031     0.750000          375         4.00
     271.103     0.775000          387         4.44
     274.943     0.800000          399         5.00
     277.503     0.825000          411         5.71
     280.319     0.850000          425         6.67
     284.927     0.875000          436         8.00
     286.719     0.887500          442         8.89
     290.815     0.900000          449        10.00
     291.839     0.912500          455        11.43
     295.423     0.925000          461        13.33
     297.727     0.937500          467        16.00
     298.495     0.943750          471        17.78
     299.519     0.950000          474        20.00
     300.287     0.956250          477        22.86
     301.823     0.962500          481        26.67
     302.591     0.968750          485        32.00
     302.591     0.971875          485        35.56
     302.847     0.975000          488        40.00
     302.847     0.978125          488        45.71
     303.103     0.981250          489        53.33
     303.615     0.984375          492        64.00
     303.615     0.985938          492        71.11
     303.615     0.987500          492        80.00
     303.871     0.989062          493        91.43
     305.151     0.990625          494       106.67
     306.175     0.992188          495       128.00
     306.175     0.992969          495       142.22
     306.175     0.993750          495       160.00
     306.687     0.994531          496       182.86
     306.687     0.995313          496       213.33
     307.199     0.996094          498       256.00
     307.199     1.000000          498          inf
#[Mean    =      239.253, StdDeviation   =       37.473]
#[Max     =      306.944, Total count    =          498]
#[Buckets =           27, SubBuckets     =         2048]
-----------------------------------------------------------------------
  744 requests in 30.00s, 226.69KB read
Requests/sec:     24.80  
Transfer/sec:      7.56KB
