Running 30s test @ http://10.102.190.143/?loopCount=25&base=6&exp=6
  1 threads and 1 connections

  Thread calibration: mean lat.: 111.761ms, rate sampling interval: 291ms

-----------------------------------------------------------------------
Test Results @ http://10.102.190.143/?loopCount=25&base=6&exp=6 
  Thread Stats   Avg      Stdev     99%   +/- Stdev
    Latency   215.96ms   32.24ms 271.10ms   60.44%
    Req/Sec    24.75      1.30    27.00    100.00%
  Latency Distribution (HdrHistogram - Recorded Latency)
 50.000%  211.84ms
 75.000%  244.74ms
 90.000%  259.58ms
 99.000%  271.10ms
 99.900%  274.17ms
 99.990%  274.17ms
 99.999%  274.17ms
100.000%  274.17ms

  Detailed Percentile spectrum:
       Value   Percentile   TotalCount 1/(1-Percentile)

     157.439     0.000000            1         1.00
     172.671     0.100000           50         1.11
     183.167     0.200000          101         1.25
     194.559     0.300000          150         1.43
     202.239     0.400000          200         1.67
     211.839     0.500000          250         2.00
     222.335     0.550000          276         2.22
     231.295     0.600000          299         2.50
     236.159     0.650000          324         2.86
     241.151     0.700000          350         3.33
     244.735     0.750000          374         4.00
     246.015     0.775000          386         4.44
     247.551     0.800000          399         5.00
     250.367     0.825000          412         5.71
     252.927     0.850000          425         6.67
     256.127     0.875000          436         8.00
     258.303     0.887500          442         8.89
     259.711     0.900000          450        10.00
     261.375     0.912500          456        11.43
     261.631     0.925000          461        13.33
     263.679     0.937500          468        16.00
     264.703     0.943750          470        17.78
     265.471     0.950000          474        20.00
     266.495     0.956250          477        22.86
     267.775     0.962500          481        26.67
     268.543     0.968750          484        32.00
     268.543     0.971875          484        35.56
     269.311     0.975000          488        40.00
     269.311     0.978125          488        45.71
     270.335     0.981250          489        53.33
     270.591     0.984375          492        64.00
     270.591     0.985938          492        71.11
     270.591     0.987500          492        80.00
     271.103     0.989062          493        91.43
     271.359     0.990625          494       106.67
     272.639     0.992188          496       128.00
     272.639     0.992969          496       142.22
     272.639     0.993750          496       160.00
     272.639     0.994531          496       182.86
     272.639     0.995313          496       213.33
     273.151     0.996094          497       256.00
     273.151     0.996484          497       284.44
     273.151     0.996875          497       320.00
     273.151     0.997266          497       365.71
     273.151     0.997656          497       426.67
     274.175     0.998047          498       512.00
     274.175     1.000000          498          inf
#[Mean    =      215.956, StdDeviation   =       32.244]
#[Max     =      273.920, Total count    =          498]
#[Buckets =           27, SubBuckets     =         2048]
-----------------------------------------------------------------------
  743 requests in 30.00s, 226.38KB read
Requests/sec:     24.76  
Transfer/sec:      7.55KB
