Running 30s test @ http://10.96.45.112/?loopCount=25&base=6&exp=6
  5 threads and 5 connections

  Thread calibration: mean lat.: 1746.725ms, rate sampling interval: 6103ms
  Thread calibration: mean lat.: 1542.796ms, rate sampling interval: 5804ms
  Thread calibration: mean lat.: 1733.264ms, rate sampling interval: 5627ms
  Thread calibration: mean lat.: 1652.766ms, rate sampling interval: 5296ms
  Thread calibration: mean lat.: 1741.960ms, rate sampling interval: 5636ms

-----------------------------------------------------------------------
Test Results @ http://10.96.45.112/?loopCount=25&base=6&exp=6 
  Thread Stats   Avg      Stdev     99%   +/- Stdev
    Latency     6.14s     1.76s    9.50s    57.17%
    Req/Sec     9.93      0.57    11.00    100.00%
  Latency Distribution (HdrHistogram - Recorded Latency)
 50.000%    6.16s 
 75.000%    7.70s 
 90.000%    8.53s 
 99.000%    9.50s 
 99.900%    9.74s 
 99.990%    9.75s 
 99.999%    9.75s 
100.000%    9.75s 

  Detailed Percentile spectrum:
       Value   Percentile   TotalCount 1/(1-Percentile)

    2926.591     0.000000            1         1.00
    3772.415     0.100000          106         1.11
    4276.223     0.200000          211         1.25
    4935.679     0.300000          316         1.43
    5599.231     0.400000          422         1.67
    6156.287     0.500000          528         2.00
    6393.855     0.550000          580         2.22
    6692.863     0.600000          633         2.50
    7049.215     0.650000          686         2.86
    7385.087     0.700000          739         3.33
    7704.575     0.750000          790         4.00
    7806.975     0.775000          818         4.44
    7974.911     0.800000          843         5.00
    8093.695     0.825000          869         5.71
    8216.575     0.850000          896         6.67
    8413.183     0.875000          922         8.00
    8462.335     0.887500          938         8.89
    8527.871     0.900000          950        10.00
    8609.791     0.912500          962        11.43
    8683.519     0.925000          977        13.33
    8724.479     0.937500          989        16.00
    8757.247     0.943750          996        17.78
    8773.631     0.950000         1001        20.00
    8830.975     0.956250         1007        22.86
    8896.511     0.962500         1014        26.67
    8970.239     0.968750         1021        32.00
    8994.815     0.971875         1024        35.56
    9035.775     0.975000         1027        40.00
    9158.655     0.978125         1030        45.71
    9240.575     0.981250         1034        53.33
    9371.647     0.984375         1037        64.00
    9388.031     0.985938         1039        71.11
    9469.951     0.987500         1040        80.00
    9502.719     0.989062         1042        91.43
    9527.295     0.990625         1045       106.67
    9527.295     0.992188         1045       128.00
    9551.871     0.992969         1046       142.22
    9609.215     0.993750         1047       160.00
    9617.407     0.994531         1048       182.86
    9650.175     0.995313         1049       213.33
    9650.175     0.996094         1049       256.00
    9707.519     0.996484         1050       284.44
    9707.519     0.996875         1050       320.00
    9732.095     0.997266         1051       365.71
    9732.095     0.997656         1051       426.67
    9732.095     0.998047         1051       512.00
    9740.287     0.998242         1052       568.89
    9740.287     0.998437         1052       640.00
    9740.287     0.998633         1052       731.43
    9740.287     0.998828         1052       853.33
    9740.287     0.999023         1052      1024.00
    9748.479     0.999121         1053      1137.78
    9748.479     1.000000         1053          inf
#[Mean    =     6142.341, StdDeviation   =     1759.579]
#[Max     =     9740.288, Total count    =         1053]
#[Buckets =           27, SubBuckets     =         2048]
-----------------------------------------------------------------------
  1563 requests in 30.00s, 476.76KB read
Requests/sec:     52.09  
Transfer/sec:     15.89KB
