Running 30s test @ http://10.107.243.196/?loopCount=25&base=6&exp=6
  1 threads and 1 connections

  Thread calibration: mean lat.: 1417.292ms, rate sampling interval: 5361ms

-----------------------------------------------------------------------
Test Results @ http://10.107.243.196/?loopCount=25&base=6&exp=6 
  Thread Stats   Avg      Stdev     99%   +/- Stdev
    Latency     4.53s     1.16s    6.51s    55.88%
    Req/Sec    19.67      0.47    20.00    100.00%
  Latency Distribution (HdrHistogram - Recorded Latency)
 50.000%    4.20s 
 75.000%    5.64s 
 90.000%    5.98s 
 99.000%    6.51s 
 99.900%    6.51s 
 99.990%    6.51s 
 99.999%    6.51s 
100.000%    6.51s 

  Detailed Percentile spectrum:
       Value   Percentile   TotalCount 1/(1-Percentile)

    2818.047     0.000000            2         1.00
    2967.551     0.100000           41         1.11
    3401.727     0.200000           82         1.25
    3772.415     0.300000          126         1.43
    3911.679     0.400000          165         1.67
    4198.399     0.500000          205         2.00
    4648.959     0.550000          225         2.22
    4988.927     0.600000          246         2.50
    5251.071     0.650000          268         2.86
    5480.447     0.700000          286         3.33
    5644.287     0.750000          307         4.00
    5853.183     0.775000          324         4.44
    5857.279     0.800000          330         5.00
    5869.567     0.825000          340         5.71
    5906.431     0.850000          347         6.67
    5976.063     0.875000          362         8.00
    5980.159     0.887500          366         8.89
    5984.255     0.900000          372        10.00
    6025.215     0.912500          374        11.43
    6156.287     0.925000          378        13.33
    6377.471     0.937500          383        16.00
    6402.047     0.943750          388        17.78
    6402.047     0.950000          388        20.00
    6430.719     0.956250          394        22.86
    6430.719     0.962500          394        26.67
    6459.391     0.968750          397        32.00
    6459.391     0.971875          397        35.56
    6463.487     0.975000          398        40.00
    6488.063     0.978125          402        45.71
    6488.063     0.981250          402        53.33
    6488.063     0.984375          402        64.00
    6492.159     0.985938          403        71.11
    6492.159     0.987500          403        80.00
    6508.543     0.989062          405        91.43
    6508.543     0.990625          405       106.67
    6508.543     0.992188          405       128.00
    6512.639     0.992969          408       142.22
    6512.639     1.000000          408          inf
#[Mean    =     4525.535, StdDeviation   =     1162.526]
#[Max     =     6508.544, Total count    =          408]
#[Buckets =           27, SubBuckets     =         2048]
-----------------------------------------------------------------------
  587 requests in 30.00s, 178.86KB read
Requests/sec:     19.57  
Transfer/sec:      5.96KB
