Running 30s test @ http://10.110.180.220/?loopCount=25&base=6&exp=6
  5 threads and 5 connections

  Thread calibration: mean lat.: 1777.385ms, rate sampling interval: 6500ms
  Thread calibration: mean lat.: 1463.039ms, rate sampling interval: 5226ms
  Thread calibration: mean lat.: 1715.696ms, rate sampling interval: 5836ms
  Thread calibration: mean lat.: 1671.438ms, rate sampling interval: 6406ms
  Thread calibration: mean lat.: 1643.794ms, rate sampling interval: 5087ms

-----------------------------------------------------------------------
Test Results @ http://10.110.180.220/?loopCount=25&base=6&exp=6 
  Thread Stats   Avg      Stdev     99%   +/- Stdev
    Latency     6.46s     1.95s    9.95s    58.03%
    Req/Sec     9.53      0.62    11.00    100.00%
  Latency Distribution (HdrHistogram - Recorded Latency)
 50.000%    6.36s 
 75.000%    8.18s 
 90.000%    9.00s 
 99.000%    9.95s 
 99.900%   10.22s 
 99.990%   10.26s 
 99.999%   10.26s 
100.000%   10.26s 

  Detailed Percentile spectrum:
       Value   Percentile   TotalCount 1/(1-Percentile)

    2945.023     0.000000            1         1.00
    3786.751     0.100000          103         1.11
    4497.407     0.200000          207         1.25
    5062.655     0.300000          309         1.43
    5672.959     0.400000          411         1.67
    6361.087     0.500000          514         2.00
    6840.319     0.550000          565         2.22
    7196.671     0.600000          617         2.50
    7491.583     0.650000          668         2.86
    7868.415     0.700000          721         3.33
    8183.807     0.750000          771         4.00
    8359.935     0.775000          797         4.44
    8560.639     0.800000          823         5.00
    8642.559     0.825000          848         5.71
    8790.015     0.850000          874         6.67
    8904.703     0.875000          899         8.00
    8978.431     0.887500          920         8.89
    9011.199     0.900000          925        10.00
    9125.887     0.912500          938        11.43
    9240.575     0.925000          950        13.33
    9404.415     0.937500          964        16.00
    9461.759     0.943750          970        17.78
    9576.447     0.950000          976        20.00
    9641.983     0.956250          983        22.86
    9732.095     0.962500          989        26.67
    9764.863     0.968750          995        32.00
    9781.247     0.971875         1000        35.56
    9789.439     0.975000         1003        40.00
    9805.823     0.978125         1006        45.71
    9822.207     0.981250         1010        53.33
    9830.399     0.984375         1011        64.00
    9887.743     0.985938         1013        71.11
    9936.895     0.987500         1015        80.00
    9953.279     0.989062         1017        91.43
    9969.663     0.990625         1018       106.67
    9986.047     0.992188         1019       128.00
   10002.431     0.992969         1020       142.22
   10051.583     0.993750         1021       160.00
   10092.543     0.994531         1022       182.86
   10117.119     0.995313         1023       213.33
   10117.119     0.996094         1023       256.00
   10149.887     0.996484         1024       284.44
   10149.887     0.996875         1024       320.00
   10223.615     0.997266         1026       365.71
   10223.615     0.997656         1026       426.67
   10223.615     0.998047         1026       512.00
   10223.615     0.998242         1026       568.89
   10223.615     0.998437         1026       640.00
   10223.615     0.998633         1026       731.43
   10223.615     0.998828         1026       853.33
   10223.615     0.999023         1026      1024.00
   10264.575     0.999121         1027      1137.78
   10264.575     1.000000         1027          inf
#[Mean    =     6461.278, StdDeviation   =     1952.732]
#[Max     =    10256.384, Total count    =         1027]
#[Buckets =           27, SubBuckets     =         2048]
-----------------------------------------------------------------------
  1535 requests in 30.00s, 468.27KB read
Requests/sec:     51.16  
Transfer/sec:     15.61KB
