Running 30s test @ http://10.102.190.143/?loopCount=25&base=6&exp=6
  5 threads and 5 connections

  Thread calibration: mean lat.: 1008.648ms, rate sampling interval: 3479ms
  Thread calibration: mean lat.: 1070.070ms, rate sampling interval: 3401ms
  Thread calibration: mean lat.: 1308.326ms, rate sampling interval: 3676ms
  Thread calibration: mean lat.: 1254.088ms, rate sampling interval: 3858ms
  Thread calibration: mean lat.: 838.598ms, rate sampling interval: 2672ms

-----------------------------------------------------------------------
Test Results @ http://10.102.190.143/?loopCount=25&base=6&exp=6 
  Thread Stats   Avg      Stdev     99%   +/- Stdev
    Latency     3.36s   817.36ms   4.77s    61.59%
    Req/Sec    12.19      0.61    13.00    100.00%
  Latency Distribution (HdrHistogram - Recorded Latency)
 50.000%    3.44s 
 75.000%    3.99s 
 90.000%    4.39s 
 99.000%    4.77s 
 99.900%    4.82s 
 99.990%    4.83s 
 99.999%    4.83s 
100.000%    4.83s 

  Detailed Percentile spectrum:
       Value   Percentile   TotalCount 1/(1-Percentile)

    1328.127     0.000000            1         1.00
    2191.359     0.100000          129         1.11
    2533.375     0.200000          257         1.25
    2965.503     0.300000          385         1.43
    3235.839     0.400000          514         1.67
    3442.687     0.500000          641         2.00
    3547.135     0.550000          705         2.22
    3663.871     0.600000          769         2.50
    3801.087     0.650000          834         2.86
    3905.535     0.700000          897         3.33
    3991.551     0.750000          961         4.00
    4034.559     0.775000          995         4.44
    4126.719     0.800000         1025         5.00
    4184.063     0.825000         1057         5.71
    4235.263     0.850000         1091         6.67
    4304.895     0.875000         1121         8.00
    4337.663     0.887500         1137         8.89
    4386.815     0.900000         1155        10.00
    4427.775     0.912500         1169        11.43
    4505.599     0.925000         1187        13.33
    4542.463     0.937500         1201        16.00
    4567.039     0.943750         1212        17.78
    4579.327     0.950000         1218        20.00
    4603.903     0.956250         1227        22.86
    4628.479     0.962500         1233        26.67
    4657.151     0.968750         1241        32.00
    4673.535     0.971875         1245        35.56
    4698.111     0.975000         1249        40.00
    4722.687     0.978125         1254        45.71
    4734.975     0.981250         1257        53.33
    4743.167     0.984375         1261        64.00
    4759.551     0.985938         1265        71.11
    4759.551     0.987500         1265        80.00
    4767.743     0.989062         1268        91.43
    4771.839     0.990625         1271       106.67
    4771.839     0.992188         1271       128.00
    4775.935     0.992969         1272       142.22
    4780.031     0.993750         1273       160.00
    4792.319     0.994531         1274       182.86
    4796.415     0.995313         1275       213.33
    4800.511     0.996094         1276       256.00
    4804.607     0.996484         1277       284.44
    4804.607     0.996875         1277       320.00
    4808.703     0.997266         1278       365.71
    4808.703     0.997656         1278       426.67
    4816.895     0.998047         1279       512.00
    4816.895     0.998242         1279       568.89
    4816.895     0.998437         1279       640.00
    4820.991     0.998633         1280       731.43
    4820.991     0.998828         1280       853.33
    4820.991     0.999023         1280      1024.00
    4820.991     0.999121         1280      1137.78
    4820.991     0.999219         1280      1280.00
    4833.279     0.999316         1281      1462.86
    4833.279     1.000000         1281          inf
#[Mean    =     3359.999, StdDeviation   =      817.357]
#[Max     =     4829.184, Total count    =         1281]
#[Buckets =           27, SubBuckets     =         2048]
-----------------------------------------------------------------------
  1896 requests in 30.00s, 577.88KB read
Requests/sec:     63.19  
Transfer/sec:     19.26KB
