Running 30s test @ http://10.96.45.112/?loopCount=25&base=6&exp=6
  1 threads and 1 connections

  Thread calibration: mean lat.: 3008.131ms, rate sampling interval: 9830ms

-----------------------------------------------------------------------
Test Results @ http://10.96.45.112/?loopCount=25&base=6&exp=6 
  Thread Stats   Avg      Stdev     99%   +/- Stdev
    Latency    11.18s     3.13s   16.45s    56.58%
    Req/Sec    11.00      0.00    11.00    100.00%
  Latency Distribution (HdrHistogram - Recorded Latency)
 50.000%   10.95s 
 75.000%   13.86s 
 90.000%   15.52s 
 99.000%   16.45s 
 99.900%   16.51s 
 99.990%   16.51s 
 99.999%   16.51s 
100.000%   16.51s 

  Detailed Percentile spectrum:
       Value   Percentile   TotalCount 1/(1-Percentile)

    5644.287     0.000000            1         1.00
    6717.439     0.100000           23         1.11
    7950.335     0.200000           46         1.25
    9240.575     0.300000           69         1.43
   10239.999     0.400000           93         1.67
   10952.703     0.500000          114         2.00
   11460.607     0.550000          126         2.22
   12099.583     0.600000          137         2.50
   12853.247     0.650000          149         2.86
   13402.111     0.700000          160         3.33
   13860.863     0.750000          171         4.00
   14401.535     0.775000          179         4.44
   14458.879     0.800000          183         5.00
   14811.135     0.825000          189         5.71
   14950.399     0.850000          194         6.67
   15261.695     0.875000          200         8.00
   15458.303     0.887500          203         8.89
   15564.799     0.900000          206        10.00
   15622.143     0.912500          209        11.43
   15654.911     0.925000          211        13.33
   15835.135     0.937500          214        16.00
   15925.247     0.943750          216        17.78
   15990.783     0.950000          218        20.00
   16039.935     0.956250          219        22.86
   16097.279     0.962500          220        26.67
   16130.047     0.968750          221        32.00
   16195.583     0.971875          222        35.56
   16261.119     0.975000          223        40.00
   16326.655     0.978125          224        45.71
   16326.655     0.981250          224        53.33
   16383.999     0.984375          225        64.00
   16383.999     0.985938          225        71.11
   16449.535     0.987500          226        80.00
   16449.535     0.989062          226        91.43
   16449.535     0.990625          226       106.67
   16498.687     0.992188          227       128.00
   16498.687     0.992969          227       142.22
   16498.687     0.993750          227       160.00
   16498.687     0.994531          227       182.86
   16498.687     0.995313          227       213.33
   16506.879     0.996094          228       256.00
   16506.879     1.000000          228          inf
#[Mean    =    11177.292, StdDeviation   =     3128.201]
#[Max     =    16498.688, Total count    =          228]
#[Buckets =           27, SubBuckets     =         2048]
-----------------------------------------------------------------------
  337 requests in 30.00s, 102.78KB read
Requests/sec:     11.23  
Transfer/sec:      3.43KB
