Running 30s test @ http://10.102.162.84/?loopCount=25&base=6&exp=6
  5 threads and 5 connections

  Thread calibration: mean lat.: 1646.491ms, rate sampling interval: 5373ms
  Thread calibration: mean lat.: 1721.356ms, rate sampling interval: 6139ms
  Thread calibration: mean lat.: 1760.402ms, rate sampling interval: 6352ms
  Thread calibration: mean lat.: 1897.331ms, rate sampling interval: 6754ms
  Thread calibration: mean lat.: 1934.147ms, rate sampling interval: 6447ms

-----------------------------------------------------------------------
Test Results @ http://10.102.162.84/?loopCount=25&base=6&exp=6 
  Thread Stats   Avg      Stdev     99%   +/- Stdev
    Latency     6.69s     1.89s   10.23s    59.86%
    Req/Sec     9.64      0.48    10.00    100.00%
  Latency Distribution (HdrHistogram - Recorded Latency)
 50.000%    6.69s 
 75.000%    8.29s 
 90.000%    9.27s 
 99.000%   10.23s 
 99.900%   10.35s 
 99.990%   10.36s 
 99.999%   10.36s 
100.000%   10.36s 

  Detailed Percentile spectrum:
       Value   Percentile   TotalCount 1/(1-Percentile)

    3186.687     0.000000            1         1.00
    4112.383     0.100000          101         1.11
    4804.607     0.200000          202         1.25
    5427.199     0.300000          302         1.43
    6012.927     0.400000          402         1.67
    6688.767     0.500000          502         2.00
    6979.583     0.550000          553         2.22
    7311.359     0.600000          604         2.50
    7634.943     0.650000          654         2.86
    7983.103     0.700000          703         3.33
    8286.207     0.750000          753         4.00
    8454.143     0.775000          779         4.44
    8593.407     0.800000          806         5.00
    8757.247     0.825000          830         5.71
    8970.239     0.850000          855         6.67
    9125.887     0.875000          881         8.00
    9215.999     0.887500          893         8.89
    9265.151     0.900000          905        10.00
    9355.263     0.912500          917        11.43
    9445.375     0.925000          929        13.33
    9551.871     0.937500          943        16.00
    9584.639     0.943750          948        17.78
    9682.943     0.950000          954        20.00
    9756.671     0.956250          961        22.86
    9830.399     0.962500          968        26.67
    9871.359     0.968750          973        32.00
    9912.319     0.971875          976        35.56
    9945.087     0.975000          979        40.00
   10051.583     0.978125          984        45.71
   10117.119     0.981250          987        53.33
   10149.887     0.984375          989        64.00
   10182.655     0.985938          990        71.11
   10215.423     0.987500          992        80.00
   10231.807     0.989062          994        91.43
   10256.383     0.990625          995       106.67
   10289.151     0.992188          997       128.00
   10289.151     0.992969          997       142.22
   10297.343     0.993750          998       160.00
   10321.919     0.994531          999       182.86
   10330.111     0.995313         1000       213.33
   10338.303     0.996094         1001       256.00
   10338.303     0.996484         1001       284.44
   10338.303     0.996875         1001       320.00
   10354.687     0.997266         1003       365.71
   10354.687     0.997656         1003       426.67
   10354.687     0.998047         1003       512.00
   10354.687     0.998242         1003       568.89
   10354.687     0.998437         1003       640.00
   10354.687     0.998633         1003       731.43
   10354.687     0.998828         1003       853.33
   10362.879     0.999023         1004      1024.00
   10362.879     1.000000         1004          inf
#[Mean    =     6692.491, StdDeviation   =     1885.886]
#[Max     =    10354.688, Total count    =         1004]
#[Buckets =           27, SubBuckets     =         2048]
-----------------------------------------------------------------------
  1493 requests in 30.00s, 455.53KB read
Requests/sec:     49.76  
Transfer/sec:     15.18KB
