Running 30s test @ http://10.110.180.220/?loopCount=25&base=6&exp=6
  1 threads and 1 connections

  Thread calibration: mean lat.: 3022.945ms, rate sampling interval: 10764ms

-----------------------------------------------------------------------
Test Results @ http://10.110.180.220/?loopCount=25&base=6&exp=6 
  Thread Stats   Avg      Stdev     99%   +/- Stdev
    Latency    11.12s     2.96s   16.70s    59.82%
    Req/Sec    11.00      0.00    11.00    100.00%
  Latency Distribution (HdrHistogram - Recorded Latency)
 50.000%   11.32s 
 75.000%   13.36s 
 90.000%   15.23s 
 99.000%   16.70s 
 99.900%   16.84s 
 99.990%   16.84s 
 99.999%   16.84s 
100.000%   16.84s 

  Detailed Percentile spectrum:
       Value   Percentile   TotalCount 1/(1-Percentile)

    5849.087     0.000000            1         1.00
    6860.799     0.100000           23         1.11
    8159.231     0.200000           45         1.25
    9289.727     0.300000           68         1.43
   10280.959     0.400000           90         1.67
   11321.343     0.500000          112         2.00
   11608.063     0.550000          124         2.22
   11919.359     0.600000          135         2.50
   12369.919     0.650000          147         2.86
   12722.175     0.700000          157         3.33
   13361.151     0.750000          168         4.00
   13721.599     0.775000          174         4.44
   14090.239     0.800000          180         5.00
   14385.151     0.825000          185         5.71
   14655.487     0.850000          191         6.67
   15024.127     0.875000          197         8.00
   15114.239     0.887500          199         8.89
   15228.927     0.900000          202        10.00
   15368.191     0.912500          206        11.43
   15540.223     0.925000          208        13.33
   15671.295     0.937500          210        16.00
   15810.559     0.943750          212        17.78
   15867.903     0.950000          213        20.00
   16064.511     0.956250          215        22.86
   16130.047     0.962500          216        26.67
   16203.775     0.968750          217        32.00
   16343.039     0.971875          218        35.56
   16416.767     0.975000          219        40.00
   16482.303     0.978125          220        45.71
   16482.303     0.981250          220        53.33
   16621.567     0.984375          221        64.00
   16621.567     0.985938          221        71.11
   16695.295     0.987500          222        80.00
   16695.295     0.989062          222        91.43
   16695.295     0.990625          222       106.67
   16769.023     0.992188          223       128.00
   16769.023     0.992969          223       142.22
   16769.023     0.993750          223       160.00
   16769.023     0.994531          223       182.86
   16769.023     0.995313          223       213.33
   16842.751     0.996094          224       256.00
   16842.751     1.000000          224          inf
#[Mean    =    11115.557, StdDeviation   =     2960.165]
#[Max     =    16826.368, Total count    =          224]
#[Buckets =           27, SubBuckets     =         2048]
-----------------------------------------------------------------------
  329 requests in 30.00s, 100.35KB read
Requests/sec:     10.97  
Transfer/sec:      3.34KB
