Running 30s test @ http://10.102.190.143/?loopCount=25&base=6&exp=6
  5 threads and 5 connections

  Thread calibration: mean lat.: 75.296ms, rate sampling interval: 304ms
  Thread calibration: mean lat.: 74.075ms, rate sampling interval: 289ms
  Thread calibration: mean lat.: 102.086ms, rate sampling interval: 484ms
  Thread calibration: mean lat.: 99.012ms, rate sampling interval: 370ms
  Thread calibration: mean lat.: 88.972ms, rate sampling interval: 312ms

-----------------------------------------------------------------------
Test Results @ http://10.102.190.143/?loopCount=25&base=6&exp=6 
  Thread Stats   Avg      Stdev     99%   +/- Stdev
    Latency   104.18ms   53.44ms 264.45ms   79.62%
    Req/Sec     9.39      1.64    13.00     84.30%
  Latency Distribution (HdrHistogram - Recorded Latency)
 50.000%   78.08ms
 75.000%  149.50ms
 90.000%  169.98ms
 99.000%  264.45ms
 99.900%  346.37ms
 99.990%  347.65ms
 99.999%  347.65ms
100.000%  347.65ms

  Detailed Percentile spectrum:
       Value   Percentile   TotalCount 1/(1-Percentile)

      34.175     0.000000            2         1.00
      57.503     0.100000          100         1.11
      65.663     0.200000          200         1.25
      70.591     0.300000          303         1.43
      75.519     0.400000          399         1.67
      78.079     0.500000          498         2.00
      80.767     0.550000          548         2.22
      82.111     0.600000          598         2.50
      86.911     0.650000          648         2.86
     145.535     0.700000          699         3.33
     149.503     0.750000          747         4.00
     151.935     0.775000          775         4.44
     154.623     0.800000          798         5.00
     157.311     0.825000          822         5.71
     162.303     0.850000          847         6.67
     166.015     0.875000          872         8.00
     168.703     0.887500          884         8.89
     169.983     0.900000          897        10.00
     171.775     0.912500          909        11.43
     175.487     0.925000          922        13.33
     178.687     0.937500          934        16.00
     179.327     0.943750          940        17.78
     180.991     0.950000          947        20.00
     187.391     0.956250          953        22.86
     247.167     0.962500          959        26.67
     250.239     0.968750          966        32.00
     251.135     0.971875          968        35.56
     253.951     0.975000          972        40.00
     256.255     0.978125          975        45.71
     257.663     0.981250          978        53.33
     261.759     0.984375          981        64.00
     261.887     0.985938          982        71.11
     262.911     0.987500          984        80.00
     264.447     0.989062          986        91.43
     265.471     0.990625          987       106.67
     270.335     0.992188          989       128.00
     270.335     0.992969          989       142.22
     271.871     0.993750          992       160.00
     271.871     0.994531          992       182.86
     271.871     0.995313          992       213.33
     345.343     0.996094          994       256.00
     345.343     0.996484          994       284.44
     345.343     0.996875          994       320.00
     345.343     0.997266          994       365.71
     345.343     0.997656          994       426.67
     346.367     0.998047          995       512.00
     346.367     0.998242          995       568.89
     346.367     0.998437          995       640.00
     346.367     0.998633          995       731.43
     346.367     0.998828          995       853.33
     347.647     0.999023          996      1024.00
     347.647     1.000000          996          inf
#[Mean    =      104.182, StdDeviation   =       53.437]
#[Max     =      347.392, Total count    =          996]
#[Buckets =           27, SubBuckets     =         2048]
-----------------------------------------------------------------------
  1491 requests in 30.00s, 454.51KB read
Requests/sec:     49.69  
Transfer/sec:     15.15KB
