Running 30s test @ http://10.96.45.112/?loopCount=25&base=6&exp=6
  5 threads and 5 connections

  Thread calibration: mean lat.: 360.963ms, rate sampling interval: 1362ms
  Thread calibration: mean lat.: 504.494ms, rate sampling interval: 1363ms
  Thread calibration: mean lat.: 336.950ms, rate sampling interval: 953ms
  Thread calibration: mean lat.: 531.422ms, rate sampling interval: 1734ms
  Thread calibration: mean lat.: 382.184ms, rate sampling interval: 981ms

-----------------------------------------------------------------------
Test Results @ http://10.96.45.112/?loopCount=25&base=6&exp=6 
  Thread Stats   Avg      Stdev     99%   +/- Stdev
    Latency     1.19s   513.47ms   2.27s    63.60%
    Req/Sec     8.94      1.11    11.00     97.47%
  Latency Distribution (HdrHistogram - Recorded Latency)
 50.000%    1.07s 
 75.000%    1.64s 
 90.000%    1.88s 
 99.000%    2.27s 
 99.900%    2.29s 
 99.990%    2.29s 
 99.999%    2.29s 
100.000%    2.29s 

  Detailed Percentile spectrum:
       Value   Percentile   TotalCount 1/(1-Percentile)

     194.303     0.000000            1         1.00
     495.103     0.100000           94         1.11
     688.639     0.200000          187         1.25
     867.327     0.300000          281         1.43
     968.191     0.400000          374         1.67
    1072.127     0.500000          468         2.00
    1285.119     0.550000          515         2.22
    1393.663     0.600000          561         2.50
    1494.015     0.650000          608         2.86
    1575.935     0.700000          656         3.33
    1638.399     0.750000          701         4.00
    1675.263     0.775000          724         4.44
    1688.575     0.800000          748         5.00
    1752.063     0.825000          771         5.71
    1785.855     0.850000          794         6.67
    1866.751     0.875000          818         8.00
    1873.919     0.887500          831         8.89
    1879.039     0.900000          842        10.00
    1886.207     0.912500          853        11.43
    1894.399     0.925000          864        13.33
    1967.103     0.937500          876        16.00
    1978.367     0.943750          882        17.78
    1982.463     0.950000          888        20.00
    1998.847     0.956250          894        22.86
    2034.687     0.962500          899        26.67
    2069.503     0.968750          906        32.00
    2073.599     0.971875          911        35.56
    2073.599     0.975000          911        40.00
    2077.695     0.978125          914        45.71
    2084.863     0.981250          917        53.33
    2181.119     0.984375          920        64.00
    2187.263     0.985938          921        71.11
    2269.183     0.987500          923        80.00
    2271.231     0.989062          925        91.43
    2275.327     0.990625          926       106.67
    2283.519     0.992188          930       128.00
    2283.519     0.992969          930       142.22
    2283.519     0.993750          930       160.00
    2283.519     0.994531          930       182.86
    2283.519     0.995313          930       213.33
    2287.615     0.996094          934       256.00
    2287.615     1.000000          934          inf
#[Mean    =     1190.158, StdDeviation   =      513.471]
#[Max     =     2285.568, Total count    =          934]
#[Buckets =           27, SubBuckets     =         2048]
-----------------------------------------------------------------------
  1403 requests in 30.00s, 428.14KB read
Requests/sec:     46.76  
Transfer/sec:     14.27KB
