Running 30s test @ http://10.100.238.229/?loopCount=25&base=6&exp=6
  5 threads and 5 connections

  Thread calibration: mean lat.: 206.225ms, rate sampling interval: 1254ms
  Thread calibration: mean lat.: 140.804ms, rate sampling interval: 665ms
  Thread calibration: mean lat.: 138.064ms, rate sampling interval: 649ms
  Thread calibration: mean lat.: 111.737ms, rate sampling interval: 484ms
  Thread calibration: mean lat.: 102.641ms, rate sampling interval: 448ms

-----------------------------------------------------------------------
Test Results @ http://10.100.238.229/?loopCount=25&base=6&exp=6 
  Thread Stats   Avg      Stdev     99%   +/- Stdev
    Latency   105.41ms  101.58ms 516.86ms   86.63%
    Req/Sec     9.61      1.62    13.00     91.88%
  Latency Distribution (HdrHistogram - Recorded Latency)
 50.000%   60.90ms
 75.000%  125.44ms
 90.000%  237.05ms
 99.000%  516.86ms
 99.900%  543.23ms
 99.990%  550.91ms
 99.999%  550.91ms
100.000%  550.91ms

  Detailed Percentile spectrum:
       Value   Percentile   TotalCount 1/(1-Percentile)

      21.631     0.000000            2         1.00
      40.767     0.100000          105         1.11
      41.503     0.200000          203         1.25
      48.735     0.300000          306         1.43
      53.535     0.400000          404         1.67
      60.895     0.500000          507         2.00
      64.127     0.550000          556         2.22
      66.559     0.600000          606         2.50
      79.807     0.650000          657         2.86
     117.695     0.700000          707         3.33
     125.439     0.750000          758         4.00
     130.687     0.775000          783         4.44
     137.471     0.800000          809         5.00
     148.479     0.825000          834         5.71
     162.943     0.850000          859         6.67
     218.879     0.875000          884         8.00
     228.479     0.887500          898         8.89
     237.055     0.900000          909        10.00
     258.047     0.912500          922        11.43
     277.503     0.925000          935        13.33
     325.887     0.937500          947        16.00
     332.031     0.943750          954        17.78
     338.431     0.950000          960        20.00
     356.863     0.956250          966        22.86
     381.951     0.962500          973        26.67
     421.119     0.968750          979        32.00
     424.959     0.971875          982        35.56
     438.527     0.975000          985        40.00
     446.463     0.978125          988        45.71
     458.495     0.981250          992        53.33
     470.271     0.984375          995        64.00
     472.319     0.985938          996        71.11
     483.839     0.987500          998        80.00
     514.559     0.989062          999        91.43
     522.495     0.990625         1001       106.67
     529.919     0.992188         1003       128.00
     529.919     0.992969         1003       142.22
     530.943     0.993750         1004       160.00
     531.455     0.994531         1005       182.86
     532.479     0.995313         1006       213.33
     534.527     0.996094         1007       256.00
     534.527     0.996484         1007       284.44
     534.527     0.996875         1007       320.00
     541.695     0.997266         1008       365.71
     541.695     0.997656         1008       426.67
     543.231     0.998047         1009       512.00
     543.231     0.998242         1009       568.89
     543.231     0.998437         1009       640.00
     543.231     0.998633         1009       731.43
     543.231     0.998828         1009       853.33
     550.911     0.999023         1010      1024.00
     550.911     1.000000         1010          inf
#[Mean    =      105.413, StdDeviation   =      101.583]
#[Max     =      550.400, Total count    =         1010]
#[Buckets =           27, SubBuckets     =         2048]
-----------------------------------------------------------------------
  1495 requests in 30.00s, 455.83KB read
Requests/sec:     49.83  
Transfer/sec:     15.19KB
