Running 30s test @ http://10.100.160.80/?loopCount=25&base=6&exp=6
  5 threads and 5 connections

  Thread calibration: mean lat.: 53.793ms, rate sampling interval: 155ms
  Thread calibration: mean lat.: 55.027ms, rate sampling interval: 196ms
  Thread calibration: mean lat.: 53.849ms, rate sampling interval: 162ms
  Thread calibration: mean lat.: 48.943ms, rate sampling interval: 158ms
  Thread calibration: mean lat.: 53.210ms, rate sampling interval: 163ms

-----------------------------------------------------------------------
Test Results @ http://10.100.160.80/?loopCount=25&base=6&exp=6 
  Thread Stats   Avg      Stdev     99%   +/- Stdev
    Latency    44.36ms   14.61ms 108.99ms   91.50%
    Req/Sec     9.62      2.91    12.00     97.67%
  Latency Distribution (HdrHistogram - Recorded Latency)
 50.000%   41.31ms
 75.000%   42.17ms
 90.000%   49.06ms
 99.000%  108.99ms
 99.900%  171.65ms
 99.990%  173.18ms
 99.999%  173.18ms
100.000%  173.18ms

  Detailed Percentile spectrum:
       Value   Percentile   TotalCount 1/(1-Percentile)

      23.551     0.000000            1         1.00
      38.943     0.100000          100         1.11
      40.575     0.200000          203         1.25
      40.831     0.300000          302         1.43
      41.087     0.400000          405         1.67
      41.311     0.500000          505         2.00
      41.439     0.550000          569         2.22
      41.535     0.600000          604         2.50
      41.695     0.650000          656         2.86
      41.887     0.700000          706         3.33
      42.175     0.750000          752         4.00
      42.367     0.775000          780         4.44
      42.559     0.800000          802         5.00
      42.943     0.825000          827         5.71
      44.159     0.850000          850         6.67
      45.279     0.875000          875         8.00
      46.527     0.887500          888         8.89
      49.055     0.900000          900        10.00
      50.335     0.912500          913        11.43
      52.607     0.925000          925        13.33
      60.255     0.937500          938        16.00
      64.607     0.943750          944        17.78
      66.367     0.950000          950        20.00
      67.839     0.956250          958        22.86
      68.479     0.962500          963        26.67
      73.599     0.968750          969        32.00
      77.759     0.971875          972        35.56
      88.895     0.975000          975        40.00
      93.503     0.978125          979        45.71
      96.703     0.981250          982        53.33
     100.991     0.984375          985        64.00
     104.511     0.985938          986        71.11
     106.623     0.987500          988        80.00
     108.991     0.989062          990        91.43
     110.207     0.990625          991       106.67
     113.471     0.992188          993       128.00
     113.471     0.992969          993       142.22
     165.503     0.993750          994       160.00
     166.143     0.994531          995       182.86
     166.911     0.995313          996       213.33
     168.959     0.996094          997       256.00
     168.959     0.996484          997       284.44
     168.959     0.996875          997       320.00
     169.215     0.997266          998       365.71
     169.215     0.997656          998       426.67
     171.647     0.998047          999       512.00
     171.647     0.998242          999       568.89
     171.647     0.998437          999       640.00
     171.647     0.998633          999       731.43
     171.647     0.998828          999       853.33
     173.183     0.999023         1000      1024.00
     173.183     1.000000         1000          inf
#[Mean    =       44.363, StdDeviation   =       14.608]
#[Max     =      173.056, Total count    =         1000]
#[Buckets =           27, SubBuckets     =         2048]
-----------------------------------------------------------------------
  1495 requests in 30.01s, 455.53KB read
Requests/sec:     49.82  
Transfer/sec:     15.18KB
