Running 30s test @ http://10.100.168.19/?loopCount=25&base=6&exp=6
  5 threads and 5 connections

  Thread calibration: mean lat.: 489.871ms, rate sampling interval: 1746ms
  Thread calibration: mean lat.: 620.414ms, rate sampling interval: 2032ms
  Thread calibration: mean lat.: 178.458ms, rate sampling interval: 566ms
  Thread calibration: mean lat.: 204.817ms, rate sampling interval: 670ms
  Thread calibration: mean lat.: 682.336ms, rate sampling interval: 3033ms

-----------------------------------------------------------------------
Test Results @ http://10.100.168.19/?loopCount=25&base=6&exp=6 
  Thread Stats   Avg      Stdev     99%   +/- Stdev
    Latency   503.15ms  408.64ms   1.52s    70.86%
    Req/Sec     9.54      1.34    13.00     87.78%
  Latency Distribution (HdrHistogram - Recorded Latency)
 50.000%  431.36ms
 75.000%  749.05ms
 90.000%    1.05s 
 99.000%    1.52s 
 99.900%    1.62s 
 99.990%    1.63s 
 99.999%    1.63s 
100.000%    1.63s 

  Detailed Percentile spectrum:
       Value   Percentile   TotalCount 1/(1-Percentile)

      26.015     0.000000            1         1.00
      51.839     0.100000          104         1.11
     125.695     0.200000          207         1.25
     141.695     0.300000          310         1.43
     225.663     0.400000          414         1.67
     431.359     0.500000          518         2.00
     514.559     0.550000          569         2.22
     544.767     0.600000          620         2.50
     631.807     0.650000          673         2.86
     722.431     0.700000          724         3.33
     749.055     0.750000          775         4.00
     825.855     0.775000          801         4.44
     844.799     0.800000          827         5.00
     919.551     0.825000          853         5.71
     939.007     0.850000          880         6.67
    1021.951     0.875000          904         8.00
    1031.167     0.887500          917         8.89
    1046.527     0.900000          931        10.00
    1120.255     0.912500          943        11.43
    1229.823     0.925000          956        13.33
    1321.983     0.937500          969        16.00
    1346.559     0.943750          975        17.78
    1415.167     0.950000          982        20.00
    1422.335     0.956250          989        22.86
    1426.431     0.962500          995        26.67
    1432.575     0.968750         1002        32.00
    1434.623     0.971875         1004        35.56
    1441.791     0.975000         1008        40.00
    1443.839     0.978125         1011        45.71
    1446.911     0.981250         1015        53.33
    1452.031     0.984375         1017        64.00
    1513.471     0.985938         1021        71.11
    1513.471     0.987500         1021        80.00
    1515.519     0.989062         1022        91.43
    1523.711     0.990625         1024       106.67
    1524.735     0.992188         1025       128.00
    1527.807     0.992969         1026       142.22
    1544.191     0.993750         1027       160.00
    1551.359     0.994531         1028       182.86
    1612.799     0.995313         1029       213.33
    1612.799     0.996094         1029       256.00
    1613.823     0.996484         1030       284.44
    1613.823     0.996875         1030       320.00
    1616.895     0.997266         1031       365.71
    1616.895     0.997656         1031       426.67
    1616.895     0.998047         1031       512.00
    1620.991     0.998242         1032       568.89
    1620.991     0.998437         1032       640.00
    1620.991     0.998633         1032       731.43
    1620.991     0.998828         1032       853.33
    1620.991     0.999023         1032      1024.00
    1629.183     0.999121         1033      1137.78
    1629.183     1.000000         1033          inf
#[Mean    =      503.153, StdDeviation   =      408.637]
#[Max     =     1628.160, Total count    =         1033]
#[Buckets =           27, SubBuckets     =         2048]
-----------------------------------------------------------------------
  1485 requests in 30.01s, 453.06KB read
Requests/sec:     49.49  
Transfer/sec:     15.10KB
