Running 30s test @ http://10.105.171.73/?loopCount=25&base=6&exp=6
  5 threads and 5 connections

  Thread calibration: mean lat.: 607.571ms, rate sampling interval: 1569ms
  Thread calibration: mean lat.: 438.978ms, rate sampling interval: 1142ms
  Thread calibration: mean lat.: 455.580ms, rate sampling interval: 1539ms
  Thread calibration: mean lat.: 370.567ms, rate sampling interval: 1146ms
  Thread calibration: mean lat.: 518.821ms, rate sampling interval: 1380ms

-----------------------------------------------------------------------
Test Results @ http://10.105.171.73/?loopCount=25&base=6&exp=6 
  Thread Stats   Avg      Stdev     99%   +/- Stdev
    Latency   173.96ms  214.55ms   1.06s    85.44%
    Req/Sec    14.79      1.10    18.00     93.06%
  Latency Distribution (HdrHistogram - Recorded Latency)
 50.000%   81.98ms
 75.000%  183.42ms
 90.000%  487.17ms
 99.000%    1.06s 
 99.900%    1.13s 
 99.990%    1.15s 
 99.999%    1.15s 
100.000%    1.15s 

  Detailed Percentile spectrum:
       Value   Percentile   TotalCount 1/(1-Percentile)

      22.207     0.000000            1         1.00
      40.831     0.100000          154         1.11
      42.783     0.200000          308         1.25
      54.111     0.300000          462         1.43
      65.183     0.400000          617         1.67
      81.983     0.500000          769         2.00
      90.047     0.550000          846         2.22
     101.311     0.600000          923         2.50
     119.615     0.650000         1000         2.86
     139.775     0.700000         1077         3.33
     183.423     0.750000         1154         4.00
     216.575     0.775000         1192         4.44
     265.471     0.800000         1231         5.00
     320.255     0.825000         1269         5.71
     369.151     0.850000         1308         6.67
     433.663     0.875000         1346         8.00
     459.007     0.887500         1365         8.89
     489.727     0.900000         1385        10.00
     510.719     0.912500         1404        11.43
     528.383     0.925000         1423        13.33
     557.567     0.937500         1442        16.00
     575.999     0.943750         1452        17.78
     589.311     0.950000         1462        20.00
     651.263     0.956250         1472        22.86
     717.311     0.962500         1481        26.67
     790.527     0.968750         1490        32.00
     835.071     0.971875         1495        35.56
     861.183     0.975000         1500        40.00
     902.143     0.978125         1505        45.71
     977.407     0.981250         1510        53.33
    1019.391     0.984375         1514        64.00
    1037.311     0.985938         1517        71.11
    1053.695     0.987500         1519        80.00
    1059.839     0.989062         1522        91.43
    1063.935     0.990625         1524       106.67
    1086.463     0.992188         1526       128.00
    1095.679     0.992969         1528       142.22
    1096.703     0.993750         1529       160.00
    1102.847     0.994531         1530       182.86
    1118.207     0.995313         1531       213.33
    1119.231     0.996094         1532       256.00
    1120.255     0.996484         1533       284.44
    1121.279     0.996875         1535       320.00
    1121.279     0.997266         1535       365.71
    1121.279     0.997656         1535       426.67
    1121.279     0.998047         1535       512.00
    1127.423     0.998242         1536       568.89
    1127.423     0.998437         1536       640.00
    1127.423     0.998633         1536       731.43
    1132.543     0.998828         1537       853.33
    1132.543     0.999023         1537      1024.00
    1132.543     0.999121         1537      1137.78
    1132.543     0.999219         1537      1280.00
    1132.543     0.999316         1537      1462.86
    1149.951     0.999414         1538      1706.67
    1149.951     1.000000         1538          inf
#[Mean    =      173.961, StdDeviation   =      214.549]
#[Max     =     1148.928, Total count    =         1538]
#[Buckets =           27, SubBuckets     =         2048]
-----------------------------------------------------------------------
  2240 requests in 30.00s, 682.66KB read
Requests/sec:     74.66  
Transfer/sec:     22.75KB
