Running 30s test @ http://10.110.180.220/?loopCount=25&base=6&exp=6
  5 threads and 5 connections

  Thread calibration: mean lat.: 526.543ms, rate sampling interval: 1534ms
  Thread calibration: mean lat.: 377.342ms, rate sampling interval: 1551ms
  Thread calibration: mean lat.: 470.350ms, rate sampling interval: 1150ms
  Thread calibration: mean lat.: 682.230ms, rate sampling interval: 2138ms
  Thread calibration: mean lat.: 426.191ms, rate sampling interval: 1368ms

-----------------------------------------------------------------------
Test Results @ http://10.110.180.220/?loopCount=25&base=6&exp=6 
  Thread Stats   Avg      Stdev     99%   +/- Stdev
    Latency   611.37ms  320.05ms   1.25s    58.19%
    Req/Sec     9.68      1.04    12.00     93.85%
  Latency Distribution (HdrHistogram - Recorded Latency)
 50.000%  572.93ms
 75.000%  853.50ms
 90.000%    1.07s 
 99.000%    1.25s 
 99.900%    1.27s 
 99.990%    1.27s 
 99.999%    1.27s 
100.000%    1.27s 

  Detailed Percentile spectrum:
       Value   Percentile   TotalCount 1/(1-Percentile)

      60.959     0.000000            1         1.00
     162.943     0.100000          102         1.11
     270.335     0.200000          203         1.25
     449.279     0.300000          305         1.43
     543.231     0.400000          408         1.67
     572.927     0.500000          507         2.00
     653.823     0.550000          558         2.22
     672.255     0.600000          609         2.50
     752.127     0.650000          664         2.86
     769.023     0.700000          712         3.33
     853.503     0.750000          761         4.00
     869.887     0.775000          786         4.44
     951.807     0.800000          812         5.00
     965.631     0.825000          837         5.71
     983.039     0.850000          862         6.67
    1054.719     0.875000          888         8.00
    1061.887     0.887500          900         8.89
    1070.079     0.900000          913        10.00
    1074.175     0.912500          926        11.43
    1142.783     0.925000          939        13.33
    1149.951     0.937500          951        16.00
    1154.047     0.943750          959        17.78
    1156.095     0.950000          967        20.00
    1159.167     0.956250          971        22.86
    1161.215     0.962500          976        26.67
    1167.359     0.968750          984        32.00
    1168.383     0.971875          987        35.56
    1170.431     0.975000          990        40.00
    1172.479     0.978125          992        45.71
    1176.575     0.981250          995        53.33
    1244.159     0.984375         1000        64.00
    1244.159     0.985938         1000        71.11
    1247.231     0.987500         1002        80.00
    1248.255     0.989062         1003        91.43
    1252.351     0.990625         1005       106.67
    1254.399     0.992188         1007       128.00
    1254.399     0.992969         1007       142.22
    1257.471     0.993750         1010       160.00
    1257.471     0.994531         1010       182.86
    1257.471     0.995313         1010       213.33
    1261.567     0.996094         1011       256.00
    1261.567     0.996484         1011       284.44
    1261.567     0.996875         1011       320.00
    1263.615     0.997266         1012       365.71
    1263.615     0.997656         1012       426.67
    1271.807     0.998047         1013       512.00
    1271.807     0.998242         1013       568.89
    1271.807     0.998437         1013       640.00
    1271.807     0.998633         1013       731.43
    1271.807     0.998828         1013       853.33
    1272.831     0.999023         1014      1024.00
    1272.831     1.000000         1014          inf
#[Mean    =      611.369, StdDeviation   =      320.047]
#[Max     =     1271.808, Total count    =         1014]
#[Buckets =           27, SubBuckets     =         2048]
-----------------------------------------------------------------------
  1470 requests in 30.00s, 448.50KB read
Requests/sec:     48.99  
Transfer/sec:     14.95KB
