Running 30s test @ http://10.111.214.229/?loopCount=25&base=6&exp=6
  5 threads and 5 connections

  Thread calibration: mean lat.: 91.365ms, rate sampling interval: 310ms
  Thread calibration: mean lat.: 97.714ms, rate sampling interval: 431ms
  Thread calibration: mean lat.: 94.861ms, rate sampling interval: 318ms
  Thread calibration: mean lat.: 81.185ms, rate sampling interval: 293ms
  Thread calibration: mean lat.: 77.680ms, rate sampling interval: 277ms

-----------------------------------------------------------------------
Test Results @ http://10.111.214.229/?loopCount=25&base=6&exp=6 
  Thread Stats   Avg      Stdev     99%   +/- Stdev
    Latency    72.27ms   47.77ms 246.27ms   81.14%
    Req/Sec     9.46      2.02    15.00     83.65%
  Latency Distribution (HdrHistogram - Recorded Latency)
 50.000%   50.43ms
 75.000%   75.14ms
 90.000%  140.67ms
 99.000%  246.27ms
 99.900%  331.26ms
 99.990%  332.29ms
 99.999%  332.29ms
100.000%  332.29ms

  Detailed Percentile spectrum:
       Value   Percentile   TotalCount 1/(1-Percentile)

      21.407     0.000000            1         1.00
      40.735     0.100000          101         1.11
      41.215     0.200000          207         1.25
      41.887     0.300000          303         1.43
      48.351     0.400000          401         1.67
      50.431     0.500000          501         2.00
      53.631     0.550000          552         2.22
      57.983     0.600000          602         2.50
      64.671     0.650000          652         2.86
      67.903     0.700000          702         3.33
      75.135     0.750000          752         4.00
      82.367     0.775000          777         4.44
     117.183     0.800000          802         5.00
     126.335     0.825000          827         5.71
     133.631     0.850000          854         6.67
     136.959     0.875000          877         8.00
     137.983     0.887500          890         8.89
     140.671     0.900000          903        10.00
     142.335     0.912500          915        11.43
     145.535     0.925000          927        13.33
     150.015     0.937500          940        16.00
     152.831     0.943750          946        17.78
     157.183     0.950000          952        20.00
     162.303     0.956250          959        22.86
     171.903     0.962500          965        26.67
     186.495     0.968750          971        32.00
     216.063     0.971875          974        35.56
     230.911     0.975000          977        40.00
     233.471     0.978125          981        45.71
     235.775     0.981250          984        53.33
     238.591     0.984375          987        64.00
     241.279     0.985938          988        71.11
     241.919     0.987500          990        80.00
     246.271     0.989062          992        91.43
     246.399     0.990625          993       106.67
     257.279     0.992188          995       128.00
     257.279     0.992969          995       142.22
     263.935     0.993750          996       160.00
     269.311     0.994531          997       182.86
     271.871     0.995313          998       213.33
     273.407     0.996094          999       256.00
     273.407     0.996484          999       284.44
     273.407     0.996875          999       320.00
     316.415     0.997266         1000       365.71
     316.415     0.997656         1000       426.67
     331.263     0.998047         1001       512.00
     331.263     0.998242         1001       568.89
     331.263     0.998437         1001       640.00
     331.263     0.998633         1001       731.43
     331.263     0.998828         1001       853.33
     332.287     0.999023         1002      1024.00
     332.287     1.000000         1002          inf
#[Mean    =       72.266, StdDeviation   =       47.767]
#[Max     =      332.032, Total count    =         1002]
#[Buckets =           27, SubBuckets     =         2048]
-----------------------------------------------------------------------
  1495 requests in 30.01s, 455.76KB read
Requests/sec:     49.82  
Transfer/sec:     15.19KB
