Running 30s test @ http://10.109.150.167/?loopCount=25&base=6&exp=6
  5 threads and 5 connections

  Thread calibration: mean lat.: 50.836ms, rate sampling interval: 170ms
  Thread calibration: mean lat.: 48.511ms, rate sampling interval: 170ms
  Thread calibration: mean lat.: 47.136ms, rate sampling interval: 146ms
  Thread calibration: mean lat.: 50.175ms, rate sampling interval: 154ms
  Thread calibration: mean lat.: 53.631ms, rate sampling interval: 172ms

-----------------------------------------------------------------------
Test Results @ http://10.109.150.167/?loopCount=25&base=6&exp=6 
  Thread Stats   Avg      Stdev     99%   +/- Stdev
    Latency    45.58ms   17.54ms 137.47ms   87.11%
    Req/Sec     9.32      3.32    17.00     80.16%
  Latency Distribution (HdrHistogram - Recorded Latency)
 50.000%   41.31ms
 75.000%   42.33ms
 90.000%   58.97ms
 99.000%  137.47ms
 99.900%  180.86ms
 99.990%  240.64ms
 99.999%  240.64ms
100.000%  240.64ms

  Detailed Percentile spectrum:
       Value   Percentile   TotalCount 1/(1-Percentile)

      21.759     0.000000            2         1.00
      38.463     0.100000          101         1.11
      40.575     0.200000          207         1.25
      40.831     0.300000          307         1.43
      41.055     0.400000          403         1.67
      41.311     0.500000          503         2.00
      41.471     0.550000          558         2.22
      41.663     0.600000          603         2.50
      41.823     0.650000          653         2.86
      42.047     0.700000          706         3.33
      42.335     0.750000          751         4.00
      42.527     0.775000          784         4.44
      42.687     0.800000          802         5.00
      42.911     0.825000          827         5.71
      43.135     0.850000          852         6.67
      43.775     0.875000          877         8.00
      49.151     0.887500          889         8.89
      58.975     0.900000          901        10.00
      72.895     0.912500          914        11.43
      73.919     0.925000          926        13.33
      83.391     0.937500          939        16.00
      84.415     0.943750          945        17.78
      84.863     0.950000          951        20.00
      85.247     0.956250          958        22.86
      85.567     0.962500          964        26.67
      86.207     0.968750          971        32.00
      86.719     0.971875          973        35.56
      87.743     0.975000          976        40.00
      91.711     0.978125          980        45.71
      98.495     0.981250          983        53.33
     102.207     0.984375          986        64.00
     103.231     0.985938          987        71.11
     113.471     0.987500          989        80.00
     137.471     0.989062          991        91.43
     137.855     0.990625          992       106.67
     139.647     0.992188          994       128.00
     139.647     0.992969          994       142.22
     140.799     0.993750          995       160.00
     141.567     0.994531          996       182.86
     143.359     0.995313          997       213.33
     144.127     0.996094          998       256.00
     144.127     0.996484          998       284.44
     144.127     0.996875          998       320.00
     148.991     0.997266          999       365.71
     148.991     0.997656          999       426.67
     180.863     0.998047         1000       512.00
     180.863     0.998242         1000       568.89
     180.863     0.998437         1000       640.00
     180.863     0.998633         1000       731.43
     180.863     0.998828         1000       853.33
     240.639     0.999023         1001      1024.00
     240.639     1.000000         1001          inf
#[Mean    =       45.577, StdDeviation   =       17.536]
#[Max     =      240.512, Total count    =         1001]
#[Buckets =           27, SubBuckets     =         2048]
-----------------------------------------------------------------------
  1495 requests in 30.00s, 455.53KB read
Requests/sec:     49.83  
Transfer/sec:     15.18KB
